2026-06-20 16:51:57,394 [INFO] === v8 Controlled-Fast AL+SSL Analysis: cifar10 ===
2026-06-20 16:51:57,394 [INFO] Budget: ultra_low, Model: simplecnn, Scheduler: True
2026-06-20 16:51:57,394 [INFO] Strategies: ['class_aware_entropy_ssl', 'gap_aware_entropy_ssl']
2026-06-20 16:51:57,395 [INFO] Seeds: [42, 123, 456]
2026-06-20 16:51:57,395 [INFO] Rounds: 10, Initial: 100, Query: 100
2026-06-20 16:51:57,395 [INFO] SSL: True, Method: pseudo_label, t-SNE: False, Resume: False
2026-06-20 16:51:57,395 [INFO] Imbalance mode: max/min class count ratio = 10
2026-06-20 16:51:57,451 [INFO] Device: cuda
2026-06-20 16:52:11,691 [INFO] Imbalance filter (Exponential): 50000 -> 20431 training samples
2026-06-20 16:52:11,691 [INFO] 
--- Strategy: class_aware_entropy_ssl ---
2026-06-20 16:52:17,242 [INFO]   [class_aware_entropy_ssl] Seed=42 R1/10 F1=0.0807 Acc=0.1469 Labeled=200 QueryTime=0.0s GPU=168MB SSL+0
2026-06-20 16:52:20,607 [INFO]   [class_aware_entropy_ssl] Seed=42 R2/10 F1=0.1471 Acc=0.2117 Labeled=300 QueryTime=0.0s GPU=206MB SSL+0
2026-06-20 16:52:25,316 [INFO]   [class_aware_entropy_ssl] Seed=42 R3/10 F1=0.1587 Acc=0.2232 Labeled=400 QueryTime=0.1s GPU=225MB SSL+0
2026-06-20 16:52:28,756 [INFO]   [class_aware_entropy_ssl] Seed=42 R4/10 F1=0.1930 Acc=0.2585 Labeled=500 QueryTime=0.1s GPU=225MB SSL+1
2026-06-20 16:52:32,756 [INFO]   [class_aware_entropy_ssl] Seed=42 R5/10 F1=0.2293 Acc=0.2870 Labeled=600 QueryTime=0.1s GPU=225MB SSL+0
2026-06-20 16:52:38,048 [INFO]   [class_aware_entropy_ssl] Seed=42 R6/10 F1=0.2829 Acc=0.3275 Labeled=700 QueryTime=0.2s GPU=225MB SSL+0
2026-06-20 16:52:42,664 [INFO]   [class_aware_entropy_ssl] Seed=42 R7/10 F1=0.3012 Acc=0.3496 Labeled=800 QueryTime=0.3s GPU=225MB SSL+0
2026-06-20 16:52:48,057 [INFO]   [class_aware_entropy_ssl] Seed=42 R8/10 F1=0.3528 Acc=0.3829 Labeled=900 QueryTime=0.2s GPU=225MB SSL+7
2026-06-20 16:52:53,101 [INFO]   [class_aware_entropy_ssl] Seed=42 R9/10 F1=0.3669 Acc=0.3861 Labeled=1000 QueryTime=0.2s GPU=225MB SSL+3
2026-06-20 16:53:00,763 [INFO]   [class_aware_entropy_ssl] Seed=123 R1/10 F1=0.0902 Acc=0.1529 Labeled=200 QueryTime=0.0s GPU=169MB SSL+0
2026-06-20 16:53:03,630 [INFO]   [class_aware_entropy_ssl] Seed=123 R2/10 F1=0.1152 Acc=0.1948 Labeled=300 QueryTime=0.0s GPU=204MB SSL+0
2026-06-20 16:53:07,793 [INFO]   [class_aware_entropy_ssl] Seed=123 R3/10 F1=0.1548 Acc=0.2314 Labeled=400 QueryTime=0.1s GPU=225MB SSL+0
2026-06-20 16:53:11,236 [INFO]   [class_aware_entropy_ssl] Seed=123 R4/10 F1=0.1849 Acc=0.2594 Labeled=500 QueryTime=0.1s GPU=225MB SSL+0
2026-06-20 16:53:14,990 [INFO]   [class_aware_entropy_ssl] Seed=123 R5/10 F1=0.1885 Acc=0.2614 Labeled=600 QueryTime=0.1s GPU=225MB SSL+0
2026-06-20 16:53:19,538 [INFO]   [class_aware_entropy_ssl] Seed=123 R6/10 F1=0.2745 Acc=0.3317 Labeled=700 QueryTime=0.2s GPU=225MB SSL+0
2026-06-20 16:53:24,628 [INFO]   [class_aware_entropy_ssl] Seed=123 R7/10 F1=0.3252 Acc=0.3751 Labeled=800 QueryTime=0.2s GPU=225MB SSL+2
2026-06-20 16:53:30,105 [INFO]   [class_aware_entropy_ssl] Seed=123 R8/10 F1=0.3693 Acc=0.3963 Labeled=900 QueryTime=0.2s GPU=225MB SSL+2
2026-06-20 16:53:35,424 [INFO]   [class_aware_entropy_ssl] Seed=123 R9/10 F1=0.3744 Acc=0.4095 Labeled=1000 QueryTime=0.2s GPU=225MB SSL+9
2026-06-20 16:53:44,896 [INFO]   [class_aware_entropy_ssl] Seed=456 R1/10 F1=0.0973 Acc=0.1648 Labeled=200 QueryTime=0.0s GPU=169MB SSL+0
2026-06-20 16:53:48,777 [INFO]   [class_aware_entropy_ssl] Seed=456 R2/10 F1=0.1571 Acc=0.2337 Labeled=300 QueryTime=0.1s GPU=204MB SSL+0
2026-06-20 16:53:52,647 [INFO]   [class_aware_entropy_ssl] Seed=456 R3/10 F1=0.1786 Acc=0.2387 Labeled=400 QueryTime=0.1s GPU=225MB SSL+0
2026-06-20 16:53:56,340 [INFO]   [class_aware_entropy_ssl] Seed=456 R4/10 F1=0.2253 Acc=0.2859 Labeled=500 QueryTime=0.1s GPU=225MB SSL+0
2026-06-20 16:53:59,759 [INFO]   [class_aware_entropy_ssl] Seed=456 R5/10 F1=0.2453 Acc=0.2978 Labeled=600 QueryTime=0.1s GPU=225MB SSL+0
2026-06-20 16:54:03,935 [INFO]   [class_aware_entropy_ssl] Seed=456 R6/10 F1=0.3097 Acc=0.3490 Labeled=700 QueryTime=0.2s GPU=225MB SSL+1
2026-06-20 16:54:09,239 [INFO]   [class_aware_entropy_ssl] Seed=456 R7/10 F1=0.3390 Acc=0.3726 Labeled=800 QueryTime=0.1s GPU=225MB SSL+1
2026-06-20 16:54:13,311 [INFO]   [class_aware_entropy_ssl] Seed=456 R8/10 F1=0.3432 Acc=0.3711 Labeled=900 QueryTime=0.2s GPU=225MB SSL+0
2026-06-20 16:54:18,318 [INFO]   [class_aware_entropy_ssl] Seed=456 R9/10 F1=0.3725 Acc=0.3982 Labeled=1000 QueryTime=0.2s GPU=225MB SSL+4
2026-06-20 16:54:22,132 [INFO] 
--- Strategy: gap_aware_entropy_ssl ---
2026-06-20 16:54:26,145 [INFO]   [gap_aware_entropy_ssl] Seed=42 R1/10 F1=0.0807 Acc=0.1469 Labeled=200 QueryTime=0.0s GPU=169MB SSL+0
2026-06-20 16:54:29,608 [INFO]   [gap_aware_entropy_ssl] Seed=42 R2/10 F1=0.1477 Acc=0.1929 Labeled=300 QueryTime=0.0s GPU=204MB SSL+0
2026-06-20 16:54:32,386 [INFO]   [gap_aware_entropy_ssl] Seed=42 R3/10 F1=0.1753 Acc=0.2250 Labeled=400 QueryTime=0.1s GPU=225MB SSL+0
2026-06-20 16:54:36,217 [INFO]   [gap_aware_entropy_ssl] Seed=42 R4/10 F1=0.1934 Acc=0.2237 Labeled=500 QueryTime=0.1s GPU=225MB SSL+0
2026-06-20 16:54:40,098 [INFO]   [gap_aware_entropy_ssl] Seed=42 R5/10 F1=0.2499 Acc=0.2880 Labeled=600 QueryTime=0.1s GPU=225MB SSL+0
2026-06-20 16:54:44,308 [INFO]   [gap_aware_entropy_ssl] Seed=42 R6/10 F1=0.2744 Acc=0.3189 Labeled=700 QueryTime=0.1s GPU=225MB SSL+0
2026-06-20 16:54:49,265 [INFO]   [gap_aware_entropy_ssl] Seed=42 R7/10 F1=0.3347 Acc=0.3549 Labeled=800 QueryTime=0.1s GPU=225MB SSL+0
2026-06-20 16:54:54,228 [INFO]   [gap_aware_entropy_ssl] Seed=42 R8/10 F1=0.3596 Acc=0.3808 Labeled=900 QueryTime=0.1s GPU=225MB SSL+1
2026-06-20 16:54:58,617 [INFO]   [gap_aware_entropy_ssl] Seed=42 R9/10 F1=0.3778 Acc=0.3909 Labeled=1000 QueryTime=0.2s GPU=225MB SSL+1
2026-06-20 16:55:06,564 [INFO]   [gap_aware_entropy_ssl] Seed=123 R1/10 F1=0.0902 Acc=0.1529 Labeled=200 QueryTime=0.0s GPU=169MB SSL+0
2026-06-20 16:55:10,457 [INFO]   [gap_aware_entropy_ssl] Seed=123 R2/10 F1=0.1829 Acc=0.2526 Labeled=300 QueryTime=0.1s GPU=204MB SSL+0
2026-06-20 16:55:13,744 [INFO]   [gap_aware_entropy_ssl] Seed=123 R3/10 F1=0.2187 Acc=0.2897 Labeled=400 QueryTime=0.1s GPU=225MB SSL+0
2026-06-20 16:55:16,589 [INFO]   [gap_aware_entropy_ssl] Seed=123 R4/10 F1=0.2657 Acc=0.3010 Labeled=500 QueryTime=0.1s GPU=225MB SSL+0
2026-06-20 16:55:18,988 [INFO]   [gap_aware_entropy_ssl] Seed=123 R5/10 F1=0.2570 Acc=0.3040 Labeled=600 QueryTime=0.1s GPU=225MB SSL+0
2026-06-20 16:55:22,800 [INFO]   [gap_aware_entropy_ssl] Seed=123 R6/10 F1=0.2942 Acc=0.3394 Labeled=700 QueryTime=0.2s GPU=225MB SSL+2
2026-06-20 16:55:27,457 [INFO]   [gap_aware_entropy_ssl] Seed=123 R7/10 F1=0.3491 Acc=0.3837 Labeled=800 QueryTime=0.2s GPU=225MB SSL+3
2026-06-20 16:55:32,930 [INFO]   [gap_aware_entropy_ssl] Seed=123 R8/10 F1=0.3836 Acc=0.4006 Labeled=900 QueryTime=0.1s GPU=225MB SSL+4
2026-06-20 16:55:37,014 [INFO]   [gap_aware_entropy_ssl] Seed=123 R9/10 F1=0.4061 Acc=0.4190 Labeled=1000 QueryTime=0.2s GPU=225MB SSL+9
2026-06-20 16:55:43,858 [INFO]   [gap_aware_entropy_ssl] Seed=456 R1/10 F1=0.0973 Acc=0.1648 Labeled=200 QueryTime=0.0s GPU=169MB SSL+0
2026-06-20 16:55:47,653 [INFO]   [gap_aware_entropy_ssl] Seed=456 R2/10 F1=0.1759 Acc=0.2405 Labeled=300 QueryTime=0.0s GPU=204MB SSL+0
2026-06-20 16:55:50,307 [INFO]   [gap_aware_entropy_ssl] Seed=456 R3/10 F1=0.2400 Acc=0.2785 Labeled=400 QueryTime=0.0s GPU=225MB SSL+0
2026-06-20 16:55:53,671 [INFO]   [gap_aware_entropy_ssl] Seed=456 R4/10 F1=0.2825 Acc=0.3194 Labeled=500 QueryTime=0.1s GPU=225MB SSL+1
2026-06-20 16:55:57,407 [INFO]   [gap_aware_entropy_ssl] Seed=456 R5/10 F1=0.2386 Acc=0.2870 Labeled=600 QueryTime=0.1s GPU=225MB SSL+0
2026-06-20 16:56:01,043 [INFO]   [gap_aware_entropy_ssl] Seed=456 R6/10 F1=0.2707 Acc=0.3257 Labeled=700 QueryTime=0.1s GPU=225MB SSL+5
2026-06-20 16:56:05,258 [INFO]   [gap_aware_entropy_ssl] Seed=456 R7/10 F1=0.2924 Acc=0.3419 Labeled=800 QueryTime=0.1s GPU=225MB SSL+2
2026-06-20 16:56:10,769 [INFO]   [gap_aware_entropy_ssl] Seed=456 R8/10 F1=0.3422 Acc=0.3870 Labeled=900 QueryTime=0.1s GPU=225MB SSL+21
2026-06-20 16:56:15,058 [INFO]   [gap_aware_entropy_ssl] Seed=456 R9/10 F1=0.3401 Acc=0.3814 Labeled=1000 QueryTime=0.2s GPU=225MB SSL+20
2026-06-20 16:56:19,381 [INFO] 
--- Full Supervised Baseline ---
