2026-06-16 14:16:10,038 [INFO] === v8 Controlled-Fast AL+SSL Analysis: cifar100 ===
2026-06-16 14:16:10,038 [INFO] Budget: ultra_low, Model: simplecnn, Scheduler: True
2026-06-16 14:16:10,038 [INFO] Strategies: ['class_aware_entropy_ssl', 'gap_aware_entropy_ssl']
2026-06-16 14:16:10,038 [INFO] Seeds: [42]
2026-06-16 14:16:10,038 [INFO] Rounds: 10, Initial: 100, Query: 100
2026-06-16 14:16:10,038 [INFO] SSL: True, Method: flexmatch, t-SNE: False, Resume: False
2026-06-16 14:16:10,038 [INFO] Imbalance mode: max/min class count ratio = 10
2026-06-16 14:16:10,057 [INFO] Device: cuda
2026-06-16 14:16:18,699 [INFO] Imbalance filter (Exponential): 50000 -> 19573 training samples
2026-06-16 14:16:18,699 [INFO] 
--- Strategy: class_aware_entropy_ssl ---
2026-06-16 14:16:22,364 [INFO]   [class_aware_entropy_ssl] Seed=42 R1/10 F1=0.0015 Acc=0.0154 Labeled=200 QueryTime=0.0s GPU=173MB SSL+0
2026-06-16 14:16:25,140 [INFO]   [class_aware_entropy_ssl] Seed=42 R2/10 F1=0.0075 Acc=0.0283 Labeled=300 QueryTime=0.0s GPU=210MB SSL+0
2026-06-16 14:16:28,179 [INFO]   [class_aware_entropy_ssl] Seed=42 R3/10 F1=0.0173 Acc=0.0387 Labeled=400 QueryTime=0.0s GPU=230MB SSL+0
2026-06-16 14:16:31,407 [INFO]   [class_aware_entropy_ssl] Seed=42 R4/10 F1=0.0179 Acc=0.0421 Labeled=500 QueryTime=0.1s GPU=230MB SSL+0
2026-06-16 14:16:34,675 [INFO]   [class_aware_entropy_ssl] Seed=42 R5/10 F1=0.0208 Acc=0.0472 Labeled=600 QueryTime=0.1s GPU=230MB SSL+0
2026-06-16 14:16:39,190 [INFO]   [class_aware_entropy_ssl] Seed=42 R6/10 F1=0.0244 Acc=0.0505 Labeled=700 QueryTime=0.1s GPU=230MB SSL+0
2026-06-16 14:16:43,781 [INFO]   [class_aware_entropy_ssl] Seed=42 R7/10 F1=0.0323 Acc=0.0593 Labeled=800 QueryTime=0.1s GPU=230MB SSL+0
2026-06-16 14:16:49,945 [INFO]   [class_aware_entropy_ssl] Seed=42 R8/10 F1=0.0472 Acc=0.0721 Labeled=900 QueryTime=0.1s GPU=230MB SSL+0
2026-06-16 14:16:56,037 [INFO]   [class_aware_entropy_ssl] Seed=42 R9/10 F1=0.0523 Acc=0.0787 Labeled=1000 QueryTime=0.1s GPU=230MB SSL+8
2026-06-16 14:17:01,485 [INFO] 
--- Strategy: gap_aware_entropy_ssl ---
2026-06-16 14:17:04,534 [INFO]   [gap_aware_entropy_ssl] Seed=42 R1/10 F1=0.0015 Acc=0.0154 Labeled=200 QueryTime=0.0s GPU=172MB SSL+0
2026-06-16 14:17:07,703 [INFO]   [gap_aware_entropy_ssl] Seed=42 R2/10 F1=0.0098 Acc=0.0298 Labeled=300 QueryTime=0.0s GPU=208MB SSL+0
2026-06-16 14:17:10,924 [INFO]   [gap_aware_entropy_ssl] Seed=42 R3/10 F1=0.0145 Acc=0.0372 Labeled=400 QueryTime=0.0s GPU=229MB SSL+0
2026-06-16 14:17:14,161 [INFO]   [gap_aware_entropy_ssl] Seed=42 R4/10 F1=0.0187 Acc=0.0479 Labeled=500 QueryTime=0.1s GPU=229MB SSL+0
2026-06-16 14:17:17,445 [INFO]   [gap_aware_entropy_ssl] Seed=42 R5/10 F1=0.0252 Acc=0.0518 Labeled=600 QueryTime=0.1s GPU=229MB SSL+0
2026-06-16 14:17:22,039 [INFO]   [gap_aware_entropy_ssl] Seed=42 R6/10 F1=0.0346 Acc=0.0595 Labeled=700 QueryTime=0.1s GPU=229MB SSL+0
2026-06-16 14:17:26,690 [INFO]   [gap_aware_entropy_ssl] Seed=42 R7/10 F1=0.0374 Acc=0.0653 Labeled=800 QueryTime=0.1s GPU=229MB SSL+0
2026-06-16 14:17:32,700 [INFO]   [gap_aware_entropy_ssl] Seed=42 R8/10 F1=0.0499 Acc=0.0805 Labeled=900 QueryTime=0.1s GPU=229MB SSL+0
2026-06-16 14:17:38,756 [INFO]   [gap_aware_entropy_ssl] Seed=42 R9/10 F1=0.0623 Acc=0.0897 Labeled=1000 QueryTime=0.1s GPU=229MB SSL+0
2026-06-16 14:17:44,196 [INFO] 
--- Full Supervised Baseline ---
2026-06-16 14:22:09,315 [INFO] Full Supervised: Acc=0.4379, F1=0.4149 (epochs=50, time=264.0s)
2026-06-16 14:22:09,741 [INFO] 
=== Results saved to C:\Users\28414\Desktop\机器学习—图像分类-期末汇报\output\v3_cifar100\rho10 ===
2026-06-16 14:22:09,741 [INFO] 
Summary:
2026-06-16 14:22:09,741 [INFO] Strategy                 Final F1     ±std   p<0.05 vs Random
2026-06-16 14:22:09,741 [INFO] ------------------------------------------------------------
2026-06-16 14:22:09,741 [INFO] class_aware_entropy_ssl       0.0667   0.0000                   
2026-06-16 14:22:09,741 [INFO] gap_aware_entropy_ssl       0.0745   0.0000                   
2026-06-16 14:22:09,741 [INFO] Full Supervised            0.4149
2026-06-16 14:22:14,893 [INFO] === v8 Controlled-Fast AL+SSL Analysis: cifar100 ===
2026-06-16 14:22:14,893 [INFO] Budget: ultra_low, Model: simplecnn, Scheduler: True
2026-06-16 14:22:14,893 [INFO] Strategies: ['class_aware_entropy_ssl', 'gap_aware_entropy_ssl']
2026-06-16 14:22:14,893 [INFO] Seeds: [123]
2026-06-16 14:22:14,893 [INFO] Rounds: 10, Initial: 100, Query: 100
2026-06-16 14:22:14,893 [INFO] SSL: True, Method: flexmatch, t-SNE: False, Resume: False
2026-06-16 14:22:14,893 [INFO] Imbalance mode: max/min class count ratio = 10
2026-06-16 14:22:14,917 [INFO] Device: cuda
2026-06-16 14:22:23,637 [INFO] Imbalance filter (Exponential): 50000 -> 19573 training samples
2026-06-16 14:22:23,638 [INFO] 
--- Strategy: class_aware_entropy_ssl ---
2026-06-16 14:22:27,523 [INFO]   [class_aware_entropy_ssl] Seed=123 R1/10 F1=0.0016 Acc=0.0154 Labeled=200 QueryTime=0.0s GPU=173MB SSL+0
2026-06-16 14:22:30,596 [INFO]   [class_aware_entropy_ssl] Seed=123 R2/10 F1=0.0102 Acc=0.0280 Labeled=300 QueryTime=0.0s GPU=210MB SSL+0
2026-06-16 14:22:33,937 [INFO]   [class_aware_entropy_ssl] Seed=123 R3/10 F1=0.0139 Acc=0.0355 Labeled=400 QueryTime=0.0s GPU=230MB SSL+0
2026-06-16 14:22:37,384 [INFO]   [class_aware_entropy_ssl] Seed=123 R4/10 F1=0.0166 Acc=0.0409 Labeled=500 QueryTime=0.1s GPU=230MB SSL+0
2026-06-16 14:22:40,797 [INFO]   [class_aware_entropy_ssl] Seed=123 R5/10 F1=0.0139 Acc=0.0309 Labeled=600 QueryTime=0.1s GPU=230MB SSL+0
2026-06-16 14:22:45,683 [INFO]   [class_aware_entropy_ssl] Seed=123 R6/10 F1=0.0254 Acc=0.0504 Labeled=700 QueryTime=0.1s GPU=230MB SSL+0
2026-06-16 14:22:50,621 [INFO]   [class_aware_entropy_ssl] Seed=123 R7/10 F1=0.0307 Acc=0.0584 Labeled=800 QueryTime=0.1s GPU=230MB SSL+0
2026-06-16 14:22:56,952 [INFO]   [class_aware_entropy_ssl] Seed=123 R8/10 F1=0.0428 Acc=0.0758 Labeled=900 QueryTime=0.1s GPU=230MB SSL+0
2026-06-16 14:23:03,294 [INFO]   [class_aware_entropy_ssl] Seed=123 R9/10 F1=0.0542 Acc=0.0891 Labeled=1000 QueryTime=0.1s GPU=230MB SSL+0
2026-06-16 14:23:09,130 [INFO] 
--- Strategy: gap_aware_entropy_ssl ---
2026-06-16 14:23:12,372 [INFO]   [gap_aware_entropy_ssl] Seed=123 R1/10 F1=0.0016 Acc=0.0154 Labeled=200 QueryTime=0.0s GPU=172MB SSL+0
2026-06-16 14:23:15,692 [INFO]   [gap_aware_entropy_ssl] Seed=123 R2/10 F1=0.0077 Acc=0.0228 Labeled=300 QueryTime=0.0s GPU=208MB SSL+0
2026-06-16 14:23:19,061 [INFO]   [gap_aware_entropy_ssl] Seed=123 R3/10 F1=0.0164 Acc=0.0372 Labeled=400 QueryTime=0.0s GPU=229MB SSL+0
2026-06-16 14:23:22,475 [INFO]   [gap_aware_entropy_ssl] Seed=123 R4/10 F1=0.0203 Acc=0.0430 Labeled=500 QueryTime=0.1s GPU=229MB SSL+0
2026-06-16 14:23:25,765 [INFO]   [gap_aware_entropy_ssl] Seed=123 R5/10 F1=0.0101 Acc=0.0296 Labeled=600 QueryTime=0.1s GPU=229MB SSL+0
2026-06-16 14:23:30,615 [INFO]   [gap_aware_entropy_ssl] Seed=123 R6/10 F1=0.0278 Acc=0.0534 Labeled=700 QueryTime=0.1s GPU=229MB SSL+0
2026-06-16 14:23:35,582 [INFO]   [gap_aware_entropy_ssl] Seed=123 R7/10 F1=0.0405 Acc=0.0653 Labeled=800 QueryTime=0.1s GPU=229MB SSL+0
2026-06-16 14:23:41,853 [INFO]   [gap_aware_entropy_ssl] Seed=123 R8/10 F1=0.0429 Acc=0.0710 Labeled=900 QueryTime=0.1s GPU=229MB SSL+0
2026-06-16 14:23:48,234 [INFO]   [gap_aware_entropy_ssl] Seed=123 R9/10 F1=0.0547 Acc=0.0867 Labeled=1000 QueryTime=0.1s GPU=229MB SSL+1
2026-06-16 14:23:53,995 [INFO] 
--- Full Supervised Baseline (reused from existing) ---
2026-06-16 14:23:53,995 [INFO] Full Supervised: Acc=0.4379, F1=0.4149
2026-06-16 14:23:54,410 [INFO] 
=== Results saved to C:\Users\28414\Desktop\机器学习—图像分类-期末汇报\output\v3_cifar100\rho10 ===
2026-06-16 14:23:54,410 [INFO] 
Summary:
2026-06-16 14:23:54,410 [INFO] Strategy                 Final F1     ±std   p<0.05 vs Random
2026-06-16 14:23:54,410 [INFO] ------------------------------------------------------------
2026-06-16 14:23:54,410 [INFO] class_aware_entropy_ssl       0.0520   0.0000                   
2026-06-16 14:23:54,410 [INFO] gap_aware_entropy_ssl       0.0574   0.0000                   
2026-06-16 14:23:54,410 [INFO] Full Supervised            0.4149
2026-06-16 14:23:58,998 [INFO] === v8 Controlled-Fast AL+SSL Analysis: cifar100 ===
2026-06-16 14:23:58,998 [INFO] Budget: ultra_low, Model: simplecnn, Scheduler: True
2026-06-16 14:23:58,998 [INFO] Strategies: ['class_aware_entropy_ssl', 'gap_aware_entropy_ssl']
2026-06-16 14:23:58,998 [INFO] Seeds: [456]
2026-06-16 14:23:58,998 [INFO] Rounds: 10, Initial: 100, Query: 100
2026-06-16 14:23:58,998 [INFO] SSL: True, Method: flexmatch, t-SNE: False, Resume: False
2026-06-16 14:23:58,998 [INFO] Imbalance mode: max/min class count ratio = 10
2026-06-16 14:23:59,015 [INFO] Device: cuda
2026-06-16 14:24:07,547 [INFO] Imbalance filter (Exponential): 50000 -> 19573 training samples
2026-06-16 14:24:07,547 [INFO] 
--- Strategy: class_aware_entropy_ssl ---
2026-06-16 14:24:11,209 [INFO]   [class_aware_entropy_ssl] Seed=456 R1/10 F1=0.0029 Acc=0.0204 Labeled=200 QueryTime=0.0s GPU=173MB SSL+0
2026-06-16 14:24:14,034 [INFO]   [class_aware_entropy_ssl] Seed=456 R2/10 F1=0.0106 Acc=0.0309 Labeled=300 QueryTime=0.0s GPU=210MB SSL+0
2026-06-16 14:24:17,137 [INFO]   [class_aware_entropy_ssl] Seed=456 R3/10 F1=0.0106 Acc=0.0328 Labeled=400 QueryTime=0.0s GPU=230MB SSL+0
2026-06-16 14:24:20,451 [INFO]   [class_aware_entropy_ssl] Seed=456 R4/10 F1=0.0149 Acc=0.0368 Labeled=500 QueryTime=0.1s GPU=230MB SSL+0
2026-06-16 14:24:23,834 [INFO]   [class_aware_entropy_ssl] Seed=456 R5/10 F1=0.0186 Acc=0.0451 Labeled=600 QueryTime=0.1s GPU=230MB SSL+0
2026-06-16 14:24:28,585 [INFO]   [class_aware_entropy_ssl] Seed=456 R6/10 F1=0.0213 Acc=0.0447 Labeled=700 QueryTime=0.1s GPU=230MB SSL+0
2026-06-16 14:24:33,403 [INFO]   [class_aware_entropy_ssl] Seed=456 R7/10 F1=0.0312 Acc=0.0560 Labeled=800 QueryTime=0.1s GPU=230MB SSL+2
2026-06-16 14:24:39,613 [INFO]   [class_aware_entropy_ssl] Seed=456 R8/10 F1=0.0378 Acc=0.0641 Labeled=900 QueryTime=0.1s GPU=230MB SSL+6
2026-06-16 14:24:45,965 [INFO]   [class_aware_entropy_ssl] Seed=456 R9/10 F1=0.0475 Acc=0.0810 Labeled=1000 QueryTime=0.1s GPU=230MB SSL+8
2026-06-16 14:24:51,743 [INFO] 
--- Strategy: gap_aware_entropy_ssl ---
2026-06-16 14:24:54,885 [INFO]   [gap_aware_entropy_ssl] Seed=456 R1/10 F1=0.0029 Acc=0.0204 Labeled=200 QueryTime=0.0s GPU=172MB SSL+0
2026-06-16 14:24:58,122 [INFO]   [gap_aware_entropy_ssl] Seed=456 R2/10 F1=0.0114 Acc=0.0298 Labeled=300 QueryTime=0.0s GPU=208MB SSL+0
2026-06-16 14:25:01,345 [INFO]   [gap_aware_entropy_ssl] Seed=456 R3/10 F1=0.0165 Acc=0.0373 Labeled=400 QueryTime=0.0s GPU=229MB SSL+0
2026-06-16 14:25:04,646 [INFO]   [gap_aware_entropy_ssl] Seed=456 R4/10 F1=0.0178 Acc=0.0395 Labeled=500 QueryTime=0.1s GPU=229MB SSL+0
2026-06-16 14:25:08,006 [INFO]   [gap_aware_entropy_ssl] Seed=456 R5/10 F1=0.0222 Acc=0.0455 Labeled=600 QueryTime=0.1s GPU=229MB SSL+0
2026-06-16 14:25:12,745 [INFO]   [gap_aware_entropy_ssl] Seed=456 R6/10 F1=0.0273 Acc=0.0517 Labeled=700 QueryTime=0.1s GPU=229MB SSL+0
2026-06-16 14:25:17,473 [INFO]   [gap_aware_entropy_ssl] Seed=456 R7/10 F1=0.0329 Acc=0.0611 Labeled=800 QueryTime=0.1s GPU=229MB SSL+0
2026-06-16 14:25:23,628 [INFO]   [gap_aware_entropy_ssl] Seed=456 R8/10 F1=0.0383 Acc=0.0723 Labeled=900 QueryTime=0.1s GPU=229MB SSL+0
2026-06-16 14:25:29,798 [INFO]   [gap_aware_entropy_ssl] Seed=456 R9/10 F1=0.0515 Acc=0.0845 Labeled=1000 QueryTime=0.1s GPU=229MB SSL+3
2026-06-16 14:25:35,360 [INFO] 
--- Full Supervised Baseline (reused from existing) ---
2026-06-16 14:25:35,360 [INFO] Full Supervised: Acc=0.4379, F1=0.4149
2026-06-16 14:25:35,772 [INFO] 
=== Results saved to C:\Users\28414\Desktop\机器学习—图像分类-期末汇报\output\v3_cifar100\rho10 ===
2026-06-16 14:25:35,772 [INFO] 
Summary:
2026-06-16 14:25:35,772 [INFO] Strategy                 Final F1     ±std   p<0.05 vs Random
2026-06-16 14:25:35,772 [INFO] ------------------------------------------------------------
2026-06-16 14:25:35,772 [INFO] class_aware_entropy_ssl       0.0518   0.0000                   
2026-06-16 14:25:35,772 [INFO] gap_aware_entropy_ssl       0.0546   0.0000                   
2026-06-16 14:25:35,772 [INFO] Full Supervised            0.4149
