2026-06-15 01:17:02,413 [INFO] === v8 Controlled-Fast AL+SSL Analysis: cifar10 ===
2026-06-15 01:17:02,414 [INFO] Budget: ultra_low, Model: simplecnn, Scheduler: True
2026-06-15 01:17:02,414 [INFO] Strategies: ['entropy', 'class_aware_entropy', 'gap_aware_entropy', 'adaptive_gap_entropy']
2026-06-15 01:17:02,414 [INFO] Seeds: [42]
2026-06-15 01:17:02,414 [INFO] Rounds: 10, Initial: 100, Query: 100
2026-06-15 01:17:02,414 [INFO] SSL: True, Method: flexmatch, t-SNE: False, Resume: False
2026-06-15 01:17:02,414 [INFO] Imbalance mode: max/min class count ratio = 1
2026-06-15 01:17:02,445 [INFO] Device: cuda
2026-06-15 01:17:22,270 [INFO] Imbalance filter (Exponential): 50000 -> 50000 training samples
2026-06-15 01:17:22,270 [INFO] 
--- Strategy: entropy ---
2026-06-15 01:17:22,399 [INFO]   Progressive SSL: Base SSL for rounds 0-2, Innov SSL for round 3+
2026-06-15 01:17:29,980 [INFO]   [entropy] Seed=42 R1/10 F1=0.0825 Acc=0.1387 Labeled=200 QueryTime=0.0s GPU=172MB SSL+0
2026-06-15 01:17:36,926 [INFO]   [entropy] Seed=42 R2/10 F1=0.1706 Acc=0.2133 Labeled=300 QueryTime=0.0s GPU=217MB SSL+0
2026-06-15 01:17:43,784 [INFO]   [entropy] Seed=42 R3/10 F1=0.2257 Acc=0.2568 Labeled=400 QueryTime=0.0s GPU=237MB SSL+0
2026-06-15 01:17:43,918 [INFO]   Progressive SSL: switched to Innov SSL at round 3
2026-06-15 01:17:51,794 [INFO]   [entropy] Seed=42 R4/10 F1=0.2420 Acc=0.2758 Labeled=500 QueryTime=0.0s GPU=237MB SSL+28
2026-06-15 01:18:00,143 [INFO]   [entropy] Seed=42 R5/10 F1=0.2515 Acc=0.2782 Labeled=600 QueryTime=0.0s GPU=237MB SSL+44
2026-06-15 01:19:03,235 [INFO]   [entropy] Seed=42 R6/10 F1=0.2901 Acc=0.3054 Labeled=700 QueryTime=0.0s GPU=237MB SSL+118
2026-06-15 07:55:04,724 [INFO]   [entropy] Seed=42 R7/10 F1=0.3278 Acc=0.3304 Labeled=800 QueryTime=0.0s GPU=237MB SSL+148
2026-06-15 07:55:19,475 [INFO]   [entropy] Seed=42 R8/10 F1=0.3334 Acc=0.3515 Labeled=900 QueryTime=0.0s GPU=237MB SSL+206
2026-06-15 07:55:35,901 [INFO]   [entropy] Seed=42 R9/10 F1=0.3203 Acc=0.3351 Labeled=1000 QueryTime=0.0s GPU=237MB SSL+376
2026-06-15 07:55:51,523 [INFO] 
--- Strategy: class_aware_entropy ---
2026-06-15 07:55:51,535 [INFO]   Progressive SSL: Base SSL for rounds 0-2, Innov SSL for round 3+
2026-06-15 07:55:57,403 [INFO]   [class_aware_entropy] Seed=42 R1/10 F1=0.0825 Acc=0.1387 Labeled=200 QueryTime=0.0s GPU=185MB SSL+0
2026-06-15 07:56:03,717 [INFO]   [class_aware_entropy] Seed=42 R2/10 F1=0.1714 Acc=0.2187 Labeled=300 QueryTime=0.1s GPU=221MB SSL+0
2026-06-15 07:56:09,994 [INFO]   [class_aware_entropy] Seed=42 R3/10 F1=0.2582 Acc=0.2764 Labeled=400 QueryTime=0.1s GPU=241MB SSL+2
2026-06-15 07:56:10,122 [INFO]   Progressive SSL: switched to Innov SSL at round 3
2026-06-15 07:56:17,315 [INFO]   [class_aware_entropy] Seed=42 R4/10 F1=0.2855 Acc=0.3097 Labeled=500 QueryTime=0.1s GPU=241MB SSL+13
2026-06-15 07:56:24,732 [INFO]   [class_aware_entropy] Seed=42 R5/10 F1=0.3023 Acc=0.3118 Labeled=600 QueryTime=0.2s GPU=241MB SSL+47
2026-06-15 07:56:35,454 [INFO]   [class_aware_entropy] Seed=42 R6/10 F1=0.3396 Acc=0.3636 Labeled=700 QueryTime=0.2s GPU=241MB SSL+166
2026-06-15 07:56:47,062 [INFO]   [class_aware_entropy] Seed=42 R7/10 F1=0.3551 Acc=0.3770 Labeled=800 QueryTime=0.2s GPU=241MB SSL+126
2026-06-15 07:57:02,415 [INFO]   [class_aware_entropy] Seed=42 R8/10 F1=0.3748 Acc=0.4006 Labeled=900 QueryTime=0.3s GPU=241MB SSL+290
2026-06-15 07:57:18,649 [INFO]   [class_aware_entropy] Seed=42 R9/10 F1=0.4050 Acc=0.4318 Labeled=1000 QueryTime=0.3s GPU=241MB SSL+331
2026-06-15 07:57:34,181 [INFO] 
--- Strategy: gap_aware_entropy ---
2026-06-15 07:57:34,196 [INFO]   Progressive SSL: Base SSL for rounds 0-2, Innov SSL for round 3+
2026-06-15 07:57:40,078 [INFO]   [gap_aware_entropy] Seed=42 R1/10 F1=0.0825 Acc=0.1387 Labeled=200 QueryTime=0.0s GPU=185MB SSL+0
2026-06-15 07:57:46,282 [INFO]   [gap_aware_entropy] Seed=42 R2/10 F1=0.2012 Acc=0.2278 Labeled=300 QueryTime=0.1s GPU=221MB SSL+0
2026-06-15 07:57:52,844 [INFO]   [gap_aware_entropy] Seed=42 R3/10 F1=0.2365 Acc=0.2604 Labeled=400 QueryTime=0.1s GPU=241MB SSL+0
2026-06-15 07:57:52,979 [INFO]   Progressive SSL: switched to Innov SSL at round 3
2026-06-15 07:58:00,901 [INFO]   [gap_aware_entropy] Seed=42 R4/10 F1=0.3182 Acc=0.3190 Labeled=500 QueryTime=0.1s GPU=241MB SSL+13
2026-06-15 07:58:08,654 [INFO]   [gap_aware_entropy] Seed=42 R5/10 F1=0.2484 Acc=0.3119 Labeled=600 QueryTime=0.2s GPU=241MB SSL+56
2026-06-15 07:58:19,885 [INFO]   [gap_aware_entropy] Seed=42 R6/10 F1=0.3136 Acc=0.3532 Labeled=700 QueryTime=0.2s GPU=241MB SSL+170
2026-06-15 07:58:31,717 [INFO]   [gap_aware_entropy] Seed=42 R7/10 F1=0.3364 Acc=0.3772 Labeled=800 QueryTime=0.2s GPU=241MB SSL+119
2026-06-15 07:58:47,100 [INFO]   [gap_aware_entropy] Seed=42 R8/10 F1=0.4200 Acc=0.4250 Labeled=900 QueryTime=0.3s GPU=241MB SSL+231
2026-06-15 07:59:03,443 [INFO]   [gap_aware_entropy] Seed=42 R9/10 F1=0.3917 Acc=0.4142 Labeled=1000 QueryTime=0.3s GPU=241MB SSL+285
2026-06-15 08:11:30,498 [INFO] 
--- Strategy: adaptive_gap_entropy ---
2026-06-15 08:11:30,510 [INFO]   Progressive SSL: Base SSL for rounds 0-2, Innov SSL for round 3+
2026-06-15 08:11:36,339 [INFO]   [adaptive_gap_entropy] Seed=42 R1/10 F1=0.0825 Acc=0.1387 Labeled=200 QueryTime=0.0s GPU=185MB SSL+0
2026-06-15 08:11:42,479 [INFO]   [adaptive_gap_entropy] Seed=42 R2/10 F1=0.2120 Acc=0.2363 Labeled=300 QueryTime=0.1s GPU=221MB SSL+0
2026-06-15 08:11:48,915 [INFO]   [adaptive_gap_entropy] Seed=42 R3/10 F1=0.2405 Acc=0.2625 Labeled=400 QueryTime=0.1s GPU=241MB SSL+0
2026-06-15 08:11:49,052 [INFO]   Progressive SSL: switched to Innov SSL at round 3
2026-06-15 08:11:56,861 [INFO]   [adaptive_gap_entropy] Seed=42 R4/10 F1=0.3127 Acc=0.3130 Labeled=500 QueryTime=0.1s GPU=241MB SSL+24
2026-06-15 08:12:04,738 [INFO]   [adaptive_gap_entropy] Seed=42 R5/10 F1=0.2739 Acc=0.3023 Labeled=600 QueryTime=0.2s GPU=241MB SSL+61
2026-06-15 08:12:16,113 [INFO]   [adaptive_gap_entropy] Seed=42 R6/10 F1=0.3612 Acc=0.3834 Labeled=700 QueryTime=0.2s GPU=241MB SSL+101
2026-06-15 08:12:26,059 [INFO]   [adaptive_gap_entropy] Seed=42 R7/10 F1=0.3564 Acc=0.3666 Labeled=800 QueryTime=0.1s GPU=241MB SSL+144
2026-06-15 08:12:35,594 [INFO]   [adaptive_gap_entropy] Seed=42 R8/10 F1=0.3790 Acc=0.3950 Labeled=900 QueryTime=0.2s GPU=241MB SSL+191
2026-06-15 08:12:47,516 [INFO]   [adaptive_gap_entropy] Seed=42 R9/10 F1=0.3992 Acc=0.4147 Labeled=1000 QueryTime=0.3s GPU=241MB SSL+241
2026-06-15 08:13:02,286 [INFO] 
--- Full Supervised Baseline ---
2026-06-15 08:32:31,487 [INFO] Full Supervised: Acc=0.8533, F1=0.8530 (epochs=50, time=1166.5s)
2026-06-15 08:32:32,838 [INFO] 
=== Results saved to C:\Users\28414\Desktop\机器学习—图像分类-期末汇报\output\progressive_ssl_full\progressive_r3_rho1 ===
2026-06-15 08:32:32,839 [INFO] 
Summary:
2026-06-15 08:32:32,839 [INFO] Strategy                 Final F1     ±std   p<0.05 vs Random
2026-06-15 08:32:32,839 [INFO] ------------------------------------------------------------
2026-06-15 08:32:32,839 [INFO] adaptive_gap_entropy       0.3841   0.0000                   
2026-06-15 08:32:32,839 [INFO] class_aware_entropy        0.4060   0.0000                   
2026-06-15 08:32:32,839 [INFO] entropy                    0.3555   0.0000                   
2026-06-15 08:32:32,839 [INFO] gap_aware_entropy          0.3742   0.0000                   
2026-06-15 08:32:32,839 [INFO] Full Supervised            0.8530
2026-06-15 10:36:35,647 [INFO] === v8 Controlled-Fast AL+SSL Analysis: cifar10 ===
2026-06-15 10:36:35,655 [INFO] Budget: ultra_low, Model: simplecnn, Scheduler: True
2026-06-15 10:36:35,656 [INFO] Strategies: ['entropy', 'class_aware_entropy', 'gap_aware_entropy', 'adaptive_gap_entropy']
2026-06-15 10:36:35,656 [INFO] Seeds: [123]
2026-06-15 10:36:35,656 [INFO] Rounds: 10, Initial: 100, Query: 100
2026-06-15 10:36:35,656 [INFO] SSL: True, Method: flexmatch, t-SNE: False, Resume: False
2026-06-15 10:36:35,656 [INFO] Imbalance mode: max/min class count ratio = 1
2026-06-15 10:36:35,686 [INFO] Device: cuda
2026-06-15 10:36:54,143 [INFO] Imbalance filter (Exponential): 50000 -> 50000 training samples
2026-06-15 10:36:54,152 [INFO] 
--- Strategy: entropy ---
2026-06-15 10:36:54,287 [INFO]   Progressive SSL: Base SSL for rounds 0-2, Innov SSL for round 3+
2026-06-15 10:37:02,486 [INFO]   [entropy] Seed=123 R1/10 F1=0.1283 Acc=0.1764 Labeled=200 QueryTime=0.0s GPU=172MB SSL+0
2026-06-15 10:37:10,525 [INFO]   [entropy] Seed=123 R2/10 F1=0.2282 Acc=0.2728 Labeled=300 QueryTime=0.0s GPU=217MB SSL+0
2026-06-15 10:37:17,629 [INFO]   [entropy] Seed=123 R3/10 F1=0.2535 Acc=0.2753 Labeled=400 QueryTime=0.0s GPU=237MB SSL+0
2026-06-15 10:37:17,754 [INFO]   Progressive SSL: switched to Innov SSL at round 3
2026-06-15 10:37:26,015 [INFO]   [entropy] Seed=123 R4/10 F1=0.3117 Acc=0.3254 Labeled=500 QueryTime=0.0s GPU=237MB SSL+35
2026-06-15 10:37:34,499 [INFO]   [entropy] Seed=123 R5/10 F1=0.2483 Acc=0.2848 Labeled=600 QueryTime=0.0s GPU=237MB SSL+42
2026-06-15 10:37:46,925 [INFO]   [entropy] Seed=123 R6/10 F1=0.3446 Acc=0.3535 Labeled=700 QueryTime=0.0s GPU=237MB SSL+93
2026-06-15 10:37:59,732 [INFO]   [entropy] Seed=123 R7/10 F1=0.3079 Acc=0.3322 Labeled=800 QueryTime=0.0s GPU=237MB SSL+141
2026-06-15 10:38:17,845 [INFO]   [entropy] Seed=123 R8/10 F1=0.3465 Acc=0.3654 Labeled=900 QueryTime=0.0s GPU=237MB SSL+288
2026-06-15 10:38:37,223 [INFO]   [entropy] Seed=123 R9/10 F1=0.4197 Acc=0.4339 Labeled=1000 QueryTime=0.0s GPU=237MB SSL+245
2026-06-15 10:38:54,123 [INFO] 
--- Strategy: class_aware_entropy ---
2026-06-15 10:38:54,135 [INFO]   Progressive SSL: Base SSL for rounds 0-2, Innov SSL for round 3+
2026-06-15 10:39:00,270 [INFO]   [class_aware_entropy] Seed=123 R1/10 F1=0.1283 Acc=0.1764 Labeled=200 QueryTime=0.0s GPU=185MB SSL+0
2026-06-15 10:39:06,489 [INFO]   [class_aware_entropy] Seed=123 R2/10 F1=0.2180 Acc=0.2518 Labeled=300 QueryTime=0.1s GPU=221MB SSL+0
2026-06-15 10:39:13,282 [INFO]   [class_aware_entropy] Seed=123 R3/10 F1=0.2708 Acc=0.2881 Labeled=400 QueryTime=0.1s GPU=241MB SSL+0
2026-06-15 10:39:13,416 [INFO]   Progressive SSL: switched to Innov SSL at round 3
2026-06-15 10:39:20,798 [INFO]   [class_aware_entropy] Seed=123 R4/10 F1=0.2595 Acc=0.2940 Labeled=500 QueryTime=0.1s GPU=241MB SSL+3
2026-06-15 10:39:28,515 [INFO]   [class_aware_entropy] Seed=123 R5/10 F1=0.2745 Acc=0.3119 Labeled=600 QueryTime=0.1s GPU=241MB SSL+36
2026-06-15 10:39:40,662 [INFO]   [class_aware_entropy] Seed=123 R6/10 F1=0.3307 Acc=0.3480 Labeled=700 QueryTime=0.2s GPU=241MB SSL+72
2026-06-15 10:39:53,793 [INFO]   [class_aware_entropy] Seed=123 R7/10 F1=0.3244 Acc=0.3479 Labeled=800 QueryTime=0.2s GPU=241MB SSL+118
2026-06-15 10:40:11,200 [INFO]   [class_aware_entropy] Seed=123 R8/10 F1=0.3811 Acc=0.4029 Labeled=900 QueryTime=0.3s GPU=241MB SSL+250
2026-06-15 10:40:29,792 [INFO]   [class_aware_entropy] Seed=123 R9/10 F1=0.3940 Acc=0.4090 Labeled=1000 QueryTime=0.3s GPU=241MB SSL+189
2026-06-15 10:40:47,448 [INFO] 
--- Strategy: gap_aware_entropy ---
2026-06-15 10:40:47,464 [INFO]   Progressive SSL: Base SSL for rounds 0-2, Innov SSL for round 3+
2026-06-15 10:40:54,216 [INFO]   [gap_aware_entropy] Seed=123 R1/10 F1=0.1283 Acc=0.1764 Labeled=200 QueryTime=0.0s GPU=185MB SSL+0
2026-06-15 10:41:01,367 [INFO]   [gap_aware_entropy] Seed=123 R2/10 F1=0.1727 Acc=0.2279 Labeled=300 QueryTime=0.1s GPU=221MB SSL+0
2026-06-15 10:41:08,802 [INFO]   [gap_aware_entropy] Seed=123 R3/10 F1=0.2346 Acc=0.2587 Labeled=400 QueryTime=0.1s GPU=241MB SSL+0
2026-06-15 10:41:08,922 [INFO]   Progressive SSL: switched to Innov SSL at round 3
2026-06-15 10:41:16,979 [INFO]   [gap_aware_entropy] Seed=123 R4/10 F1=0.2735 Acc=0.2927 Labeled=500 QueryTime=0.1s GPU=241MB SSL+3
2026-06-15 10:41:25,249 [INFO]   [gap_aware_entropy] Seed=123 R5/10 F1=0.2888 Acc=0.3021 Labeled=600 QueryTime=0.1s GPU=241MB SSL+1
2026-06-15 10:41:37,728 [INFO]   [gap_aware_entropy] Seed=123 R6/10 F1=0.2712 Acc=0.2994 Labeled=700 QueryTime=0.2s GPU=241MB SSL+53
2026-06-15 10:41:50,282 [INFO]   [gap_aware_entropy] Seed=123 R7/10 F1=0.3615 Acc=0.3809 Labeled=800 QueryTime=0.2s GPU=241MB SSL+117
2026-06-15 10:42:07,144 [INFO]   [gap_aware_entropy] Seed=123 R8/10 F1=0.3646 Acc=0.4012 Labeled=900 QueryTime=0.3s GPU=241MB SSL+216
2026-06-15 10:42:24,778 [INFO]   [gap_aware_entropy] Seed=123 R9/10 F1=0.3818 Acc=0.4099 Labeled=1000 QueryTime=0.2s GPU=241MB SSL+195
2026-06-15 10:42:41,666 [INFO] 
--- Strategy: adaptive_gap_entropy ---
2026-06-15 10:42:41,680 [INFO]   Progressive SSL: Base SSL for rounds 0-2, Innov SSL for round 3+
2026-06-15 10:42:48,003 [INFO]   [adaptive_gap_entropy] Seed=123 R1/10 F1=0.1283 Acc=0.1764 Labeled=200 QueryTime=0.0s GPU=185MB SSL+0
2026-06-15 10:42:54,878 [INFO]   [adaptive_gap_entropy] Seed=123 R2/10 F1=0.1793 Acc=0.2302 Labeled=300 QueryTime=0.1s GPU=221MB SSL+0
2026-06-15 10:43:01,664 [INFO]   [adaptive_gap_entropy] Seed=123 R3/10 F1=0.2286 Acc=0.2658 Labeled=400 QueryTime=0.1s GPU=241MB SSL+0
2026-06-15 10:43:01,783 [INFO]   Progressive SSL: switched to Innov SSL at round 3
2026-06-15 10:43:09,696 [INFO]   [adaptive_gap_entropy] Seed=123 R4/10 F1=0.2130 Acc=0.2554 Labeled=500 QueryTime=0.1s GPU=241MB SSL+24
2026-06-15 10:43:17,501 [INFO]   [adaptive_gap_entropy] Seed=123 R5/10 F1=0.3059 Acc=0.3279 Labeled=600 QueryTime=0.2s GPU=241MB SSL+37
2026-06-15 10:43:29,238 [INFO]   [adaptive_gap_entropy] Seed=123 R6/10 F1=0.3152 Acc=0.3359 Labeled=700 QueryTime=0.2s GPU=241MB SSL+115
2026-06-15 10:43:41,545 [INFO]   [adaptive_gap_entropy] Seed=123 R7/10 F1=0.3687 Acc=0.3825 Labeled=800 QueryTime=0.2s GPU=241MB SSL+130
2026-06-15 10:43:57,696 [INFO]   [adaptive_gap_entropy] Seed=123 R8/10 F1=0.3968 Acc=0.4136 Labeled=900 QueryTime=0.2s GPU=241MB SSL+174
2026-06-15 10:44:14,371 [INFO]   [adaptive_gap_entropy] Seed=123 R9/10 F1=0.3911 Acc=0.4103 Labeled=1000 QueryTime=0.3s GPU=241MB SSL+299
2026-06-15 10:44:30,630 [INFO] 
--- Full Supervised Baseline ---
2026-06-15 11:05:18,282 [INFO] Full Supervised: Acc=0.8575, F1=0.8572 (epochs=50, time=1244.8s)
2026-06-15 11:05:19,480 [INFO] 
=== Results saved to C:\Users\28414\Desktop\机器学习—图像分类-期末汇报\output\progressive_ssl_full\progressive_r3_rho1 ===
2026-06-15 11:05:19,481 [INFO] 
Summary:
2026-06-15 11:05:19,481 [INFO] Strategy                 Final F1     ±std   p<0.05 vs Random
2026-06-15 11:05:19,481 [INFO] ------------------------------------------------------------
2026-06-15 11:05:19,481 [INFO] adaptive_gap_entropy       0.4064   0.0000                   
2026-06-15 11:05:19,481 [INFO] class_aware_entropy        0.4178   0.0000                   
2026-06-15 11:05:19,481 [INFO] entropy                    0.4075   0.0000                   
2026-06-15 11:05:19,481 [INFO] gap_aware_entropy          0.4131   0.0000                   
2026-06-15 11:05:19,481 [INFO] Full Supervised            0.8572
2026-06-15 13:31:53,996 [INFO] === v8 Controlled-Fast AL+SSL Analysis: cifar10 ===
2026-06-15 13:31:53,996 [INFO] Budget: ultra_low, Model: simplecnn, Scheduler: True
2026-06-15 13:31:53,996 [INFO] Strategies: ['entropy', 'class_aware_entropy', 'gap_aware_entropy', 'adaptive_gap_entropy']
2026-06-15 13:31:53,996 [INFO] Seeds: [456]
2026-06-15 13:31:53,996 [INFO] Rounds: 10, Initial: 100, Query: 100
2026-06-15 13:31:53,996 [INFO] SSL: True, Method: flexmatch, t-SNE: False, Resume: False
2026-06-15 13:31:53,996 [INFO] Imbalance mode: max/min class count ratio = 1
2026-06-15 13:31:54,026 [INFO] Device: cuda
2026-06-15 13:32:12,434 [INFO] Imbalance filter (Exponential): 50000 -> 50000 training samples
2026-06-15 13:32:12,435 [INFO] 
--- Strategy: entropy ---
2026-06-15 13:32:12,554 [INFO]   Progressive SSL: Base SSL for rounds 0-2, Innov SSL for round 3+
2026-06-15 13:32:20,470 [INFO]   [entropy] Seed=456 R1/10 F1=0.1034 Acc=0.1952 Labeled=200 QueryTime=0.0s GPU=172MB SSL+0
2026-06-15 13:32:28,183 [INFO]   [entropy] Seed=456 R2/10 F1=0.2821 Acc=0.3077 Labeled=300 QueryTime=0.0s GPU=217MB SSL+0
2026-06-15 13:32:35,263 [INFO]   [entropy] Seed=456 R3/10 F1=0.2512 Acc=0.2832 Labeled=400 QueryTime=0.0s GPU=237MB SSL+11
2026-06-15 13:32:35,415 [INFO]   Progressive SSL: switched to Innov SSL at round 3
2026-06-15 13:32:43,646 [INFO]   [entropy] Seed=456 R4/10 F1=0.2271 Acc=0.2844 Labeled=500 QueryTime=0.0s GPU=237MB SSL+62
2026-06-15 13:32:52,109 [INFO]   [entropy] Seed=456 R5/10 F1=0.2393 Acc=0.2801 Labeled=600 QueryTime=0.0s GPU=237MB SSL+50
2026-06-15 13:33:04,251 [INFO]   [entropy] Seed=456 R6/10 F1=0.3406 Acc=0.3679 Labeled=700 QueryTime=0.0s GPU=237MB SSL+114
2026-06-15 13:33:16,844 [INFO]   [entropy] Seed=456 R7/10 F1=0.3325 Acc=0.3578 Labeled=800 QueryTime=0.0s GPU=237MB SSL+172
2026-06-15 13:33:33,630 [INFO]   [entropy] Seed=456 R8/10 F1=0.3579 Acc=0.3722 Labeled=900 QueryTime=0.0s GPU=237MB SSL+285
2026-06-15 13:33:51,174 [INFO]   [entropy] Seed=456 R9/10 F1=0.3538 Acc=0.3866 Labeled=1000 QueryTime=0.0s GPU=237MB SSL+346
2026-06-15 13:34:08,201 [INFO] 
--- Strategy: class_aware_entropy ---
2026-06-15 13:34:08,219 [INFO]   Progressive SSL: Base SSL for rounds 0-2, Innov SSL for round 3+
2026-06-15 13:34:14,780 [INFO]   [class_aware_entropy] Seed=456 R1/10 F1=0.1034 Acc=0.1952 Labeled=200 QueryTime=0.0s GPU=185MB SSL+0
2026-06-15 13:34:21,337 [INFO]   [class_aware_entropy] Seed=456 R2/10 F1=0.2472 Acc=0.2861 Labeled=300 QueryTime=0.1s GPU=221MB SSL+0
2026-06-15 13:34:28,213 [INFO]   [class_aware_entropy] Seed=456 R3/10 F1=0.2854 Acc=0.3099 Labeled=400 QueryTime=0.1s GPU=241MB SSL+3
2026-06-15 13:34:28,328 [INFO]   Progressive SSL: switched to Innov SSL at round 3
2026-06-15 13:34:36,351 [INFO]   [class_aware_entropy] Seed=456 R4/10 F1=0.2639 Acc=0.2963 Labeled=500 QueryTime=0.1s GPU=241MB SSL+41
2026-06-15 13:34:44,476 [INFO]   [class_aware_entropy] Seed=456 R5/10 F1=0.3020 Acc=0.3192 Labeled=600 QueryTime=0.2s GPU=241MB SSL+40
2026-06-15 13:34:56,459 [INFO]   [class_aware_entropy] Seed=456 R6/10 F1=0.3056 Acc=0.3357 Labeled=700 QueryTime=0.2s GPU=241MB SSL+122
2026-06-15 13:35:08,704 [INFO]   [class_aware_entropy] Seed=456 R7/10 F1=0.3693 Acc=0.3937 Labeled=800 QueryTime=0.2s GPU=241MB SSL+135
2026-06-15 13:35:25,425 [INFO]   [class_aware_entropy] Seed=456 R8/10 F1=0.3425 Acc=0.3716 Labeled=900 QueryTime=0.2s GPU=241MB SSL+282
2026-06-15 13:35:42,968 [INFO]   [class_aware_entropy] Seed=456 R9/10 F1=0.3694 Acc=0.3942 Labeled=1000 QueryTime=0.3s GPU=241MB SSL+308
2026-06-15 13:35:59,748 [INFO] 
--- Strategy: gap_aware_entropy ---
2026-06-15 13:35:59,761 [INFO]   Progressive SSL: Base SSL for rounds 0-2, Innov SSL for round 3+
2026-06-15 13:36:06,125 [INFO]   [gap_aware_entropy] Seed=456 R1/10 F1=0.1034 Acc=0.1952 Labeled=200 QueryTime=0.0s GPU=185MB SSL+0
2026-06-15 13:36:12,959 [INFO]   [gap_aware_entropy] Seed=456 R2/10 F1=0.1928 Acc=0.2465 Labeled=300 QueryTime=0.1s GPU=221MB SSL+9
2026-06-15 13:36:20,118 [INFO]   [gap_aware_entropy] Seed=456 R3/10 F1=0.2123 Acc=0.2607 Labeled=400 QueryTime=0.1s GPU=241MB SSL+3
2026-06-15 13:36:20,263 [INFO]   Progressive SSL: switched to Innov SSL at round 3
2026-06-15 13:36:28,095 [INFO]   [gap_aware_entropy] Seed=456 R4/10 F1=0.2470 Acc=0.2873 Labeled=500 QueryTime=0.1s GPU=241MB SSL+46
2026-06-15 13:36:36,290 [INFO]   [gap_aware_entropy] Seed=456 R5/10 F1=0.3098 Acc=0.3357 Labeled=600 QueryTime=0.2s GPU=241MB SSL+21
2026-06-15 13:36:48,360 [INFO]   [gap_aware_entropy] Seed=456 R6/10 F1=0.2944 Acc=0.3267 Labeled=700 QueryTime=0.2s GPU=241MB SSL+109
2026-06-15 13:37:00,764 [INFO]   [gap_aware_entropy] Seed=456 R7/10 F1=0.3369 Acc=0.3634 Labeled=800 QueryTime=0.2s GPU=241MB SSL+176
2026-06-15 13:37:17,531 [INFO]   [gap_aware_entropy] Seed=456 R8/10 F1=0.3739 Acc=0.3894 Labeled=900 QueryTime=0.2s GPU=241MB SSL+262
2026-06-15 13:37:34,717 [INFO]   [gap_aware_entropy] Seed=456 R9/10 F1=0.3856 Acc=0.4002 Labeled=1000 QueryTime=0.3s GPU=241MB SSL+292
2026-06-15 13:37:51,182 [INFO] 
--- Strategy: adaptive_gap_entropy ---
2026-06-15 13:37:51,195 [INFO]   Progressive SSL: Base SSL for rounds 0-2, Innov SSL for round 3+
2026-06-15 13:37:57,763 [INFO]   [adaptive_gap_entropy] Seed=456 R1/10 F1=0.1034 Acc=0.1952 Labeled=200 QueryTime=0.0s GPU=185MB SSL+0
2026-06-15 13:38:04,523 [INFO]   [adaptive_gap_entropy] Seed=456 R2/10 F1=0.2367 Acc=0.2604 Labeled=300 QueryTime=0.1s GPU=221MB SSL+2
2026-06-15 13:38:11,418 [INFO]   [adaptive_gap_entropy] Seed=456 R3/10 F1=0.2331 Acc=0.2744 Labeled=400 QueryTime=0.1s GPU=241MB SSL+1
2026-06-15 13:38:11,540 [INFO]   Progressive SSL: switched to Innov SSL at round 3
2026-06-15 13:38:19,422 [INFO]   [adaptive_gap_entropy] Seed=456 R4/10 F1=0.2960 Acc=0.3242 Labeled=500 QueryTime=0.1s GPU=241MB SSL+49
2026-06-15 13:38:27,570 [INFO]   [adaptive_gap_entropy] Seed=456 R5/10 F1=0.3049 Acc=0.3354 Labeled=600 QueryTime=0.2s GPU=241MB SSL+22
2026-06-15 13:38:39,813 [INFO]   [adaptive_gap_entropy] Seed=456 R6/10 F1=0.3027 Acc=0.3277 Labeled=700 QueryTime=0.2s GPU=241MB SSL+106
2026-06-15 13:38:52,521 [INFO]   [adaptive_gap_entropy] Seed=456 R7/10 F1=0.3863 Acc=0.3972 Labeled=800 QueryTime=0.2s GPU=241MB SSL+155
2026-06-15 13:39:09,193 [INFO]   [adaptive_gap_entropy] Seed=456 R8/10 F1=0.4193 Acc=0.4219 Labeled=900 QueryTime=0.2s GPU=241MB SSL+213
2026-06-15 13:39:26,280 [INFO]   [adaptive_gap_entropy] Seed=456 R9/10 F1=0.4111 Acc=0.4362 Labeled=1000 QueryTime=0.3s GPU=241MB SSL+157
2026-06-15 13:39:42,695 [INFO] 
--- Full Supervised Baseline ---
2026-06-15 14:00:34,816 [INFO] Full Supervised: Acc=0.8511, F1=0.8505 (epochs=50, time=1249.3s)
2026-06-15 14:00:36,008 [INFO] 
=== Results saved to C:\Users\28414\Desktop\机器学习—图像分类-期末汇报\output\progressive_ssl_full\progressive_r3_rho1 ===
2026-06-15 14:00:36,008 [INFO] 
Summary:
2026-06-15 14:00:36,009 [INFO] Strategy                 Final F1     ±std   p<0.05 vs Random
2026-06-15 14:00:36,009 [INFO] ------------------------------------------------------------
2026-06-15 14:00:36,009 [INFO] adaptive_gap_entropy       0.4422   0.0000                   
2026-06-15 14:00:36,009 [INFO] class_aware_entropy        0.4039   0.0000                   
2026-06-15 14:00:36,009 [INFO] entropy                    0.3446   0.0000                   
2026-06-15 14:00:36,009 [INFO] gap_aware_entropy          0.4011   0.0000                   
2026-06-15 14:00:36,009 [INFO] Full Supervised            0.8505
