2026-06-11 19:06:07,869 [INFO] === v8 Controlled-Fast AL+SSL Analysis: cifar10 ===
2026-06-11 19:06:07,869 [INFO] Budget: ultra_low, Model: simplecnn, Scheduler: True
2026-06-11 19:06:07,869 [INFO] Strategies: ['random', 'entropy', 'margin', 'coreset', 'badge', 'qbc']
2026-06-11 19:06:07,870 [INFO] Seeds: [42, 123, 456, 789, 1024]
2026-06-11 19:06:07,870 [INFO] Rounds: 10, Initial: 100, Query: 100
2026-06-11 19:06:07,870 [INFO] SSL: False, Method: flexmatch, t-SNE: False, Resume: False
2026-06-11 19:06:07,870 [INFO] Imbalance mode: max/min class count ratio = 1
2026-06-11 19:06:07,927 [INFO] Device: cuda
2026-06-11 19:18:00,887 [INFO] Imbalance filter (Exponential): 50000 -> 50000 training samples
2026-06-11 19:18:00,887 [INFO] 
--- Strategy: random ---
2026-06-11 19:18:06,846 [INFO]   [random] Seed=42 R1/10 F1=0.1210 Acc=0.1755 Labeled=200 QueryTime=0.0s GPU=74MB
2026-06-11 19:18:11,116 [INFO]   [random] Seed=42 R2/10 F1=0.0991 Acc=0.1618 Labeled=300 QueryTime=0.0s GPU=111MB
2026-06-11 19:18:16,016 [INFO]   [random] Seed=42 R3/10 F1=0.1313 Acc=0.1923 Labeled=400 QueryTime=0.0s GPU=131MB
2026-06-11 19:18:19,934 [INFO]   [random] Seed=42 R4/10 F1=0.1433 Acc=0.2122 Labeled=500 QueryTime=0.0s GPU=131MB
2026-06-11 19:18:23,985 [INFO]   [random] Seed=42 R5/10 F1=0.1579 Acc=0.2198 Labeled=600 QueryTime=0.0s GPU=131MB
2026-06-11 19:18:28,636 [INFO]   [random] Seed=42 R6/10 F1=0.3125 Acc=0.3130 Labeled=700 QueryTime=0.0s GPU=131MB
2026-06-11 19:18:33,217 [INFO]   [random] Seed=42 R7/10 F1=0.3400 Acc=0.3624 Labeled=800 QueryTime=0.0s GPU=131MB
2026-06-11 19:18:38,660 [INFO]   [random] Seed=42 R8/10 F1=0.4101 Acc=0.4147 Labeled=900 QueryTime=0.0s GPU=131MB
2026-06-11 19:18:44,020 [INFO]   [random] Seed=42 R9/10 F1=0.4486 Acc=0.4515 Labeled=1000 QueryTime=0.0s GPU=131MB
2026-06-11 19:18:53,052 [INFO]   [random] Seed=123 R1/10 F1=0.1933 Acc=0.2288 Labeled=200 QueryTime=0.0s GPU=74MB
2026-06-11 19:18:56,918 [INFO]   [random] Seed=123 R2/10 F1=0.2318 Acc=0.2413 Labeled=300 QueryTime=0.0s GPU=112MB
2026-06-11 19:19:00,830 [INFO]   [random] Seed=123 R3/10 F1=0.2500 Acc=0.2629 Labeled=400 QueryTime=0.0s GPU=131MB
2026-06-11 19:19:04,796 [INFO]   [random] Seed=123 R4/10 F1=0.2155 Acc=0.2421 Labeled=500 QueryTime=0.0s GPU=131MB
2026-06-11 19:19:08,945 [INFO]   [random] Seed=123 R5/10 F1=0.2701 Acc=0.2963 Labeled=600 QueryTime=0.0s GPU=131MB
2026-06-11 19:19:13,799 [INFO]   [random] Seed=123 R6/10 F1=0.3213 Acc=0.3294 Labeled=700 QueryTime=0.0s GPU=131MB
2026-06-11 19:19:18,479 [INFO]   [random] Seed=123 R7/10 F1=0.3645 Acc=0.3687 Labeled=800 QueryTime=0.0s GPU=131MB
2026-06-11 19:19:23,987 [INFO]   [random] Seed=123 R8/10 F1=0.4023 Acc=0.4071 Labeled=900 QueryTime=0.0s GPU=131MB
2026-06-11 19:19:29,420 [INFO]   [random] Seed=123 R9/10 F1=0.4242 Acc=0.4303 Labeled=1000 QueryTime=0.0s GPU=131MB
2026-06-11 19:19:38,627 [INFO]   [random] Seed=456 R1/10 F1=0.1595 Acc=0.2272 Labeled=200 QueryTime=0.0s GPU=74MB
2026-06-11 19:19:42,702 [INFO]   [random] Seed=456 R2/10 F1=0.1075 Acc=0.1949 Labeled=300 QueryTime=0.0s GPU=112MB
2026-06-11 19:19:46,621 [INFO]   [random] Seed=456 R3/10 F1=0.1330 Acc=0.2107 Labeled=400 QueryTime=0.0s GPU=131MB
2026-06-11 19:19:50,546 [INFO]   [random] Seed=456 R4/10 F1=0.2212 Acc=0.2618 Labeled=500 QueryTime=0.0s GPU=131MB
2026-06-11 19:19:54,035 [INFO]   [random] Seed=456 R5/10 F1=0.1879 Acc=0.2412 Labeled=600 QueryTime=0.0s GPU=131MB
2026-06-11 19:19:55,696 [INFO]   [random] Seed=456 R6/10 F1=0.2905 Acc=0.3123 Labeled=700 QueryTime=0.0s GPU=131MB
2026-06-11 19:19:57,135 [INFO]   [random] Seed=456 R7/10 F1=0.3645 Acc=0.3726 Labeled=800 QueryTime=0.0s GPU=131MB
2026-06-11 19:19:58,989 [INFO]   [random] Seed=456 R8/10 F1=0.4062 Acc=0.4100 Labeled=900 QueryTime=0.0s GPU=131MB
2026-06-11 19:20:00,776 [INFO]   [random] Seed=456 R9/10 F1=0.4147 Acc=0.4257 Labeled=1000 QueryTime=0.0s GPU=131MB
2026-06-11 19:20:03,662 [INFO]   [random] Seed=789 R1/10 F1=0.1528 Acc=0.2139 Labeled=200 QueryTime=0.0s GPU=74MB
2026-06-11 19:20:05,039 [INFO]   [random] Seed=789 R2/10 F1=0.0838 Acc=0.1755 Labeled=300 QueryTime=0.0s GPU=112MB
2026-06-11 19:20:06,507 [INFO]   [random] Seed=789 R3/10 F1=0.1402 Acc=0.1986 Labeled=400 QueryTime=0.0s GPU=131MB
2026-06-11 19:20:08,185 [INFO]   [random] Seed=789 R4/10 F1=0.1722 Acc=0.2364 Labeled=500 QueryTime=0.0s GPU=131MB
2026-06-11 19:20:11,662 [INFO]   [random] Seed=789 R5/10 F1=0.1831 Acc=0.2441 Labeled=600 QueryTime=0.0s GPU=131MB
2026-06-11 19:20:16,417 [INFO]   [random] Seed=789 R6/10 F1=0.2925 Acc=0.3083 Labeled=700 QueryTime=0.0s GPU=131MB
2026-06-11 19:20:21,175 [INFO]   [random] Seed=789 R7/10 F1=0.3694 Acc=0.3675 Labeled=800 QueryTime=0.0s GPU=131MB
2026-06-11 19:20:26,679 [INFO]   [random] Seed=789 R8/10 F1=0.4091 Acc=0.4134 Labeled=900 QueryTime=0.0s GPU=131MB
2026-06-11 19:20:32,181 [INFO]   [random] Seed=789 R9/10 F1=0.4372 Acc=0.4367 Labeled=1000 QueryTime=0.0s GPU=131MB
2026-06-11 19:20:41,381 [INFO]   [random] Seed=1024 R1/10 F1=0.1587 Acc=0.2111 Labeled=200 QueryTime=0.0s GPU=74MB
2026-06-11 19:20:45,473 [INFO]   [random] Seed=1024 R2/10 F1=0.1610 Acc=0.2089 Labeled=300 QueryTime=0.0s GPU=112MB
2026-06-11 19:20:49,424 [INFO]   [random] Seed=1024 R3/10 F1=0.2147 Acc=0.2449 Labeled=400 QueryTime=0.0s GPU=131MB
2026-06-11 19:20:53,394 [INFO]   [random] Seed=1024 R4/10 F1=0.2082 Acc=0.2415 Labeled=500 QueryTime=0.0s GPU=131MB
2026-06-11 19:20:57,730 [INFO]   [random] Seed=1024 R5/10 F1=0.2280 Acc=0.2663 Labeled=600 QueryTime=0.0s GPU=131MB
2026-06-11 19:21:02,448 [INFO]   [random] Seed=1024 R6/10 F1=0.3365 Acc=0.3440 Labeled=700 QueryTime=0.0s GPU=131MB
2026-06-11 19:21:07,175 [INFO]   [random] Seed=1024 R7/10 F1=0.3916 Acc=0.3956 Labeled=800 QueryTime=0.0s GPU=131MB
2026-06-11 19:21:12,664 [INFO]   [random] Seed=1024 R8/10 F1=0.4188 Acc=0.4149 Labeled=900 QueryTime=0.0s GPU=131MB
2026-06-11 19:21:17,957 [INFO]   [random] Seed=1024 R9/10 F1=0.4412 Acc=0.4478 Labeled=1000 QueryTime=0.0s GPU=131MB
2026-06-11 19:21:23,133 [INFO] 
--- Strategy: entropy ---
2026-06-11 19:21:28,693 [INFO]   [entropy] Seed=42 R1/10 F1=0.1210 Acc=0.1755 Labeled=200 QueryTime=0.0s GPU=74MB
2026-06-11 19:21:34,143 [INFO]   [entropy] Seed=42 R2/10 F1=0.1195 Acc=0.1729 Labeled=300 QueryTime=0.0s GPU=118MB
2026-06-11 19:21:39,363 [INFO]   [entropy] Seed=42 R3/10 F1=0.1064 Acc=0.1793 Labeled=400 QueryTime=0.0s GPU=139MB
2026-06-11 19:21:44,524 [INFO]   [entropy] Seed=42 R4/10 F1=0.1914 Acc=0.2219 Labeled=500 QueryTime=0.0s GPU=139MB
2026-06-11 19:21:49,715 [INFO]   [entropy] Seed=42 R5/10 F1=0.1595 Acc=0.1981 Labeled=600 QueryTime=0.0s GPU=139MB
2026-06-11 19:21:55,689 [INFO]   [entropy] Seed=42 R6/10 F1=0.2774 Acc=0.2886 Labeled=700 QueryTime=0.0s GPU=139MB
2026-06-11 19:22:01,592 [INFO]   [entropy] Seed=42 R7/10 F1=0.3689 Acc=0.3673 Labeled=800 QueryTime=0.0s GPU=139MB
2026-06-11 19:22:07,888 [INFO]   [entropy] Seed=42 R8/10 F1=0.3902 Acc=0.3892 Labeled=900 QueryTime=0.0s GPU=139MB
2026-06-11 19:22:14,687 [INFO]   [entropy] Seed=42 R9/10 F1=0.4262 Acc=0.4284 Labeled=1000 QueryTime=0.0s GPU=139MB
2026-06-11 19:22:25,261 [INFO]   [entropy] Seed=123 R1/10 F1=0.1933 Acc=0.2288 Labeled=200 QueryTime=0.0s GPU=87MB
2026-06-11 19:22:30,696 [INFO]   [entropy] Seed=123 R2/10 F1=0.2380 Acc=0.2606 Labeled=300 QueryTime=0.0s GPU=132MB
2026-06-11 19:22:36,266 [INFO]   [entropy] Seed=123 R3/10 F1=0.2076 Acc=0.2447 Labeled=400 QueryTime=0.0s GPU=151MB
2026-06-11 19:22:41,471 [INFO]   [entropy] Seed=123 R4/10 F1=0.2546 Acc=0.2732 Labeled=500 QueryTime=0.0s GPU=151MB
2026-06-11 19:22:47,057 [INFO]   [entropy] Seed=123 R5/10 F1=0.2640 Acc=0.2781 Labeled=600 QueryTime=0.0s GPU=151MB
2026-06-11 19:22:53,046 [INFO]   [entropy] Seed=123 R6/10 F1=0.2880 Acc=0.2996 Labeled=700 QueryTime=0.0s GPU=151MB
2026-06-11 19:22:59,042 [INFO]   [entropy] Seed=123 R7/10 F1=0.3750 Acc=0.3760 Labeled=800 QueryTime=0.0s GPU=151MB
2026-06-11 19:23:05,817 [INFO]   [entropy] Seed=123 R8/10 F1=0.3896 Acc=0.3931 Labeled=900 QueryTime=0.0s GPU=151MB
2026-06-11 19:23:12,280 [INFO]   [entropy] Seed=123 R9/10 F1=0.4087 Acc=0.4100 Labeled=1000 QueryTime=0.0s GPU=151MB
2026-06-11 19:23:22,726 [INFO]   [entropy] Seed=456 R1/10 F1=0.1595 Acc=0.2272 Labeled=200 QueryTime=0.0s GPU=87MB
2026-06-11 19:23:28,057 [INFO]   [entropy] Seed=456 R2/10 F1=0.1894 Acc=0.2436 Labeled=300 QueryTime=0.0s GPU=132MB
2026-06-11 19:23:33,287 [INFO]   [entropy] Seed=456 R3/10 F1=0.1318 Acc=0.1920 Labeled=400 QueryTime=0.0s GPU=153MB
2026-06-11 19:23:38,764 [INFO]   [entropy] Seed=456 R4/10 F1=0.2630 Acc=0.2922 Labeled=500 QueryTime=0.0s GPU=153MB
2026-06-11 19:23:43,654 [INFO]   [entropy] Seed=456 R5/10 F1=0.1986 Acc=0.2552 Labeled=600 QueryTime=0.0s GPU=153MB
2026-06-11 19:23:49,609 [INFO]   [entropy] Seed=456 R6/10 F1=0.2622 Acc=0.2990 Labeled=700 QueryTime=0.0s GPU=153MB
2026-06-11 19:23:55,154 [INFO]   [entropy] Seed=456 R7/10 F1=0.2894 Acc=0.3151 Labeled=800 QueryTime=0.0s GPU=153MB
2026-06-11 19:24:01,542 [INFO]   [entropy] Seed=456 R8/10 F1=0.3462 Acc=0.3606 Labeled=900 QueryTime=0.0s GPU=153MB
2026-06-11 19:24:07,673 [INFO]   [entropy] Seed=456 R9/10 F1=0.3805 Acc=0.3942 Labeled=1000 QueryTime=0.0s GPU=153MB
2026-06-11 19:24:17,785 [INFO]   [entropy] Seed=789 R1/10 F1=0.1528 Acc=0.2139 Labeled=200 QueryTime=0.0s GPU=100MB
2026-06-11 19:24:22,978 [INFO]   [entropy] Seed=789 R2/10 F1=0.1691 Acc=0.2226 Labeled=300 QueryTime=0.0s GPU=143MB
2026-06-11 19:24:28,009 [INFO]   [entropy] Seed=789 R3/10 F1=0.1381 Acc=0.2089 Labeled=400 QueryTime=0.0s GPU=165MB
2026-06-11 19:24:33,223 [INFO]   [entropy] Seed=789 R4/10 F1=0.1670 Acc=0.2260 Labeled=500 QueryTime=0.0s GPU=165MB
2026-06-11 19:24:35,599 [INFO]   [entropy] Seed=789 R5/10 F1=0.1745 Acc=0.2362 Labeled=600 QueryTime=0.0s GPU=165MB
2026-06-11 19:24:38,047 [INFO]   [entropy] Seed=789 R6/10 F1=0.2828 Acc=0.3026 Labeled=700 QueryTime=0.0s GPU=165MB
2026-06-11 19:24:40,440 [INFO]   [entropy] Seed=789 R7/10 F1=0.3216 Acc=0.3341 Labeled=800 QueryTime=0.0s GPU=165MB
2026-06-11 19:24:43,889 [INFO]   [entropy] Seed=789 R8/10 F1=0.3892 Acc=0.3968 Labeled=900 QueryTime=0.0s GPU=165MB
2026-06-11 19:24:50,743 [INFO]   [entropy] Seed=789 R9/10 F1=0.4060 Acc=0.4173 Labeled=1000 QueryTime=0.0s GPU=165MB
2026-06-11 19:25:01,367 [INFO]   [entropy] Seed=1024 R1/10 F1=0.1587 Acc=0.2111 Labeled=200 QueryTime=0.0s GPU=112MB
2026-06-11 19:25:06,385 [INFO]   [entropy] Seed=1024 R2/10 F1=0.1419 Acc=0.2033 Labeled=300 QueryTime=0.0s GPU=157MB
2026-06-11 19:25:11,655 [INFO]   [entropy] Seed=1024 R3/10 F1=0.0959 Acc=0.1714 Labeled=400 QueryTime=0.0s GPU=178MB
2026-06-11 19:25:17,218 [INFO]   [entropy] Seed=1024 R4/10 F1=0.2091 Acc=0.2557 Labeled=500 QueryTime=0.0s GPU=178MB
2026-06-11 19:25:22,361 [INFO]   [entropy] Seed=1024 R5/10 F1=0.2371 Acc=0.2614 Labeled=600 QueryTime=0.0s GPU=178MB
2026-06-11 19:25:27,952 [INFO]   [entropy] Seed=1024 R6/10 F1=0.3044 Acc=0.3305 Labeled=700 QueryTime=0.0s GPU=178MB
2026-06-11 19:25:32,916 [INFO]   [entropy] Seed=1024 R7/10 F1=0.3656 Acc=0.3738 Labeled=800 QueryTime=0.0s GPU=178MB
2026-06-11 19:25:39,654 [INFO]   [entropy] Seed=1024 R8/10 F1=0.3952 Acc=0.4060 Labeled=900 QueryTime=0.0s GPU=178MB
2026-06-11 19:25:46,400 [INFO]   [entropy] Seed=1024 R9/10 F1=0.4214 Acc=0.4261 Labeled=1000 QueryTime=0.0s GPU=178MB
2026-06-11 19:25:51,824 [INFO] 
--- Strategy: margin ---
2026-06-11 19:25:56,945 [INFO]   [margin] Seed=42 R1/10 F1=0.1210 Acc=0.1755 Labeled=200 QueryTime=0.0s GPU=125MB
2026-06-11 19:26:02,429 [INFO]   [margin] Seed=42 R2/10 F1=0.1064 Acc=0.1645 Labeled=300 QueryTime=0.0s GPU=171MB
2026-06-11 19:26:08,069 [INFO]   [margin] Seed=42 R3/10 F1=0.0981 Acc=0.1795 Labeled=400 QueryTime=0.0s GPU=192MB
2026-06-11 19:26:13,295 [INFO]   [margin] Seed=42 R4/10 F1=0.0752 Acc=0.1308 Labeled=500 QueryTime=0.0s GPU=192MB
2026-06-11 19:26:18,523 [INFO]   [margin] Seed=42 R5/10 F1=0.0937 Acc=0.1584 Labeled=600 QueryTime=0.0s GPU=192MB
2026-06-11 19:26:24,531 [INFO]   [margin] Seed=42 R6/10 F1=0.2254 Acc=0.2617 Labeled=700 QueryTime=0.0s GPU=192MB
2026-06-11 19:26:30,514 [INFO]   [margin] Seed=42 R7/10 F1=0.3821 Acc=0.3854 Labeled=800 QueryTime=0.0s GPU=192MB
2026-06-11 19:26:37,074 [INFO]   [margin] Seed=42 R8/10 F1=0.4271 Acc=0.4220 Labeled=900 QueryTime=0.0s GPU=192MB
2026-06-11 19:26:43,778 [INFO]   [margin] Seed=42 R9/10 F1=0.4456 Acc=0.4414 Labeled=1000 QueryTime=0.0s GPU=192MB
2026-06-11 19:26:54,313 [INFO]   [margin] Seed=123 R1/10 F1=0.1933 Acc=0.2288 Labeled=200 QueryTime=0.0s GPU=139MB
2026-06-11 19:26:59,799 [INFO]   [margin] Seed=123 R2/10 F1=0.2261 Acc=0.2360 Labeled=300 QueryTime=0.0s GPU=184MB
2026-06-11 19:27:05,576 [INFO]   [margin] Seed=123 R3/10 F1=0.1426 Acc=0.1620 Labeled=400 QueryTime=0.0s GPU=205MB
2026-06-11 19:27:11,169 [INFO]   [margin] Seed=123 R4/10 F1=0.2168 Acc=0.2355 Labeled=500 QueryTime=0.0s GPU=178MB
2026-06-11 19:27:16,713 [INFO]   [margin] Seed=123 R5/10 F1=0.3192 Acc=0.3309 Labeled=600 QueryTime=0.0s GPU=178MB
2026-06-11 19:27:22,660 [INFO]   [margin] Seed=123 R6/10 F1=0.3198 Acc=0.3313 Labeled=700 QueryTime=0.0s GPU=178MB
2026-06-11 19:27:28,580 [INFO]   [margin] Seed=123 R7/10 F1=0.3583 Acc=0.3614 Labeled=800 QueryTime=0.0s GPU=178MB
2026-06-11 19:27:35,275 [INFO]   [margin] Seed=123 R8/10 F1=0.4107 Acc=0.4109 Labeled=900 QueryTime=0.0s GPU=178MB
2026-06-11 19:27:41,941 [INFO]   [margin] Seed=123 R9/10 F1=0.4234 Acc=0.4237 Labeled=1000 QueryTime=0.0s GPU=178MB
2026-06-11 19:27:52,164 [INFO]   [margin] Seed=456 R1/10 F1=0.1595 Acc=0.2272 Labeled=200 QueryTime=0.0s GPU=126MB
2026-06-11 19:27:57,641 [INFO]   [margin] Seed=456 R2/10 F1=0.1222 Acc=0.2019 Labeled=300 QueryTime=0.0s GPU=170MB
2026-06-11 19:28:03,275 [INFO]   [margin] Seed=456 R3/10 F1=0.0867 Acc=0.1687 Labeled=400 QueryTime=0.0s GPU=191MB
2026-06-11 19:28:08,902 [INFO]   [margin] Seed=456 R4/10 F1=0.1460 Acc=0.2219 Labeled=500 QueryTime=0.0s GPU=191MB
2026-06-11 19:28:14,135 [INFO]   [margin] Seed=456 R5/10 F1=0.2560 Acc=0.2939 Labeled=600 QueryTime=0.0s GPU=191MB
2026-06-11 19:28:20,140 [INFO]   [margin] Seed=456 R6/10 F1=0.2974 Acc=0.3288 Labeled=700 QueryTime=0.0s GPU=178MB
2026-06-11 19:28:26,133 [INFO]   [margin] Seed=456 R7/10 F1=0.3228 Acc=0.3474 Labeled=800 QueryTime=0.0s GPU=165MB
2026-06-11 19:28:32,831 [INFO]   [margin] Seed=456 R8/10 F1=0.4000 Acc=0.4138 Labeled=900 QueryTime=0.0s GPU=165MB
2026-06-11 19:28:39,522 [INFO]   [margin] Seed=456 R9/10 F1=0.4109 Acc=0.4099 Labeled=1000 QueryTime=0.0s GPU=165MB
2026-06-11 19:28:49,977 [INFO]   [margin] Seed=789 R1/10 F1=0.1528 Acc=0.2139 Labeled=200 QueryTime=0.0s GPU=112MB
2026-06-11 19:28:55,390 [INFO]   [margin] Seed=789 R2/10 F1=0.1514 Acc=0.2115 Labeled=300 QueryTime=0.0s GPU=157MB
2026-06-11 19:29:00,984 [INFO]   [margin] Seed=789 R3/10 F1=0.1030 Acc=0.1617 Labeled=400 QueryTime=0.0s GPU=178MB
2026-06-11 19:29:06,537 [INFO]   [margin] Seed=789 R4/10 F1=0.1276 Acc=0.2087 Labeled=500 QueryTime=0.0s GPU=178MB
2026-06-11 19:29:11,744 [INFO]   [margin] Seed=789 R5/10 F1=0.1962 Acc=0.2505 Labeled=600 QueryTime=0.0s GPU=178MB
2026-06-11 19:29:17,732 [INFO]   [margin] Seed=789 R6/10 F1=0.2852 Acc=0.3107 Labeled=700 QueryTime=0.0s GPU=178MB
2026-06-11 19:29:23,724 [INFO]   [margin] Seed=789 R7/10 F1=0.3534 Acc=0.3667 Labeled=800 QueryTime=0.0s GPU=178MB
2026-06-11 19:29:30,497 [INFO]   [margin] Seed=789 R8/10 F1=0.4025 Acc=0.4158 Labeled=900 QueryTime=0.0s GPU=178MB
2026-06-11 19:29:37,161 [INFO]   [margin] Seed=789 R9/10 F1=0.4441 Acc=0.4447 Labeled=1000 QueryTime=0.0s GPU=178MB
2026-06-11 19:29:47,370 [INFO]   [margin] Seed=1024 R1/10 F1=0.1587 Acc=0.2111 Labeled=200 QueryTime=0.0s GPU=127MB
2026-06-11 19:29:52,832 [INFO]   [margin] Seed=1024 R2/10 F1=0.2207 Acc=0.2551 Labeled=300 QueryTime=0.0s GPU=170MB
2026-06-11 19:29:58,460 [INFO]   [margin] Seed=1024 R3/10 F1=0.1451 Acc=0.2007 Labeled=400 QueryTime=0.0s GPU=191MB
2026-06-11 19:30:03,705 [INFO]   [margin] Seed=1024 R4/10 F1=0.2294 Acc=0.2602 Labeled=500 QueryTime=0.0s GPU=191MB
2026-06-11 19:30:09,311 [INFO]   [margin] Seed=1024 R5/10 F1=0.2572 Acc=0.2847 Labeled=600 QueryTime=0.0s GPU=191MB
2026-06-11 19:30:15,726 [INFO]   [margin] Seed=1024 R6/10 F1=0.3683 Acc=0.3805 Labeled=700 QueryTime=0.0s GPU=191MB
2026-06-11 19:30:21,734 [INFO]   [margin] Seed=1024 R7/10 F1=0.3525 Acc=0.3670 Labeled=800 QueryTime=0.0s GPU=191MB
2026-06-11 19:30:28,862 [INFO]   [margin] Seed=1024 R8/10 F1=0.4158 Acc=0.4207 Labeled=900 QueryTime=0.0s GPU=191MB
2026-06-11 19:30:35,610 [INFO]   [margin] Seed=1024 R9/10 F1=0.4377 Acc=0.4428 Labeled=1000 QueryTime=0.0s GPU=191MB
2026-06-11 19:30:41,025 [INFO] 
--- Strategy: coreset ---
2026-06-11 19:30:50,801 [INFO]   [coreset] Seed=42 R1/10 F1=0.1210 Acc=0.1755 Labeled=200 QueryTime=4.8s GPU=138MB
2026-06-11 19:31:03,205 [INFO]   [coreset] Seed=42 R2/10 F1=0.1056 Acc=0.1547 Labeled=300 QueryTime=7.0s GPU=176MB
2026-06-11 19:31:18,558 [INFO]   [coreset] Seed=42 R3/10 F1=0.1081 Acc=0.1494 Labeled=400 QueryTime=9.8s GPU=197MB
2026-06-11 19:31:36,523 [INFO]   [coreset] Seed=42 R4/10 F1=0.1046 Acc=0.1660 Labeled=500 QueryTime=12.5s GPU=197MB
2026-06-11 19:31:57,156 [INFO]   [coreset] Seed=42 R5/10 F1=0.1367 Acc=0.1825 Labeled=600 QueryTime=15.1s GPU=197MB
2026-06-11 19:32:20,841 [INFO]   [coreset] Seed=42 R6/10 F1=0.3005 Acc=0.3039 Labeled=700 QueryTime=17.6s GPU=197MB
2026-06-11 19:32:46,599 [INFO]   [coreset] Seed=42 R7/10 F1=0.3149 Acc=0.3283 Labeled=800 QueryTime=19.7s GPU=197MB
2026-06-11 19:33:15,251 [INFO]   [coreset] Seed=42 R8/10 F1=0.3791 Acc=0.3883 Labeled=900 QueryTime=21.8s GPU=197MB
2026-06-11 19:33:39,101 [INFO]   [coreset] Seed=42 R9/10 F1=0.3844 Acc=0.3977 Labeled=1000 QueryTime=20.0s GPU=197MB
2026-06-11 19:33:54,072 [INFO]   [coreset] Seed=123 R1/10 F1=0.1933 Acc=0.2288 Labeled=200 QueryTime=4.6s GPU=138MB
2026-06-11 19:34:06,191 [INFO]   [coreset] Seed=123 R2/10 F1=0.2407 Acc=0.2420 Labeled=300 QueryTime=6.8s GPU=176MB
2026-06-11 19:34:20,912 [INFO]   [coreset] Seed=123 R3/10 F1=0.2181 Acc=0.2303 Labeled=400 QueryTime=9.2s GPU=197MB
2026-06-11 19:34:38,233 [INFO]   [coreset] Seed=123 R4/10 F1=0.1716 Acc=0.2058 Labeled=500 QueryTime=11.6s GPU=197MB
2026-06-11 19:34:57,847 [INFO]   [coreset] Seed=123 R5/10 F1=0.2360 Acc=0.2545 Labeled=600 QueryTime=14.0s GPU=197MB
2026-06-11 19:35:19,835 [INFO]   [coreset] Seed=123 R6/10 F1=0.3521 Acc=0.3515 Labeled=700 QueryTime=15.6s GPU=197MB
2026-06-11 19:35:44,065 [INFO]   [coreset] Seed=123 R7/10 F1=0.3732 Acc=0.3686 Labeled=800 QueryTime=18.2s GPU=197MB
2026-06-11 19:36:11,272 [INFO]   [coreset] Seed=123 R8/10 F1=0.4067 Acc=0.4042 Labeled=900 QueryTime=20.4s GPU=197MB
2026-06-11 19:36:40,856 [INFO]   [coreset] Seed=123 R9/10 F1=0.3856 Acc=0.3924 Labeled=1000 QueryTime=22.7s GPU=197MB
2026-06-11 19:36:55,878 [INFO]   [coreset] Seed=456 R1/10 F1=0.1595 Acc=0.2272 Labeled=200 QueryTime=4.5s GPU=138MB
2026-06-11 19:37:07,922 [INFO]   [coreset] Seed=456 R2/10 F1=0.1307 Acc=0.2047 Labeled=300 QueryTime=6.6s GPU=176MB
2026-06-11 19:37:22,333 [INFO]   [coreset] Seed=456 R3/10 F1=0.1509 Acc=0.2044 Labeled=400 QueryTime=8.9s GPU=197MB
2026-06-11 19:37:39,079 [INFO]   [coreset] Seed=456 R4/10 F1=0.1528 Acc=0.2086 Labeled=500 QueryTime=11.3s GPU=197MB
2026-06-11 19:37:59,485 [INFO]   [coreset] Seed=456 R5/10 F1=0.1366 Acc=0.1905 Labeled=600 QueryTime=14.8s GPU=197MB
2026-06-11 19:38:22,855 [INFO]   [coreset] Seed=456 R6/10 F1=0.2707 Acc=0.2924 Labeled=700 QueryTime=17.6s GPU=197MB
2026-06-11 19:38:47,478 [INFO]   [coreset] Seed=456 R7/10 F1=0.3470 Acc=0.3567 Labeled=800 QueryTime=18.6s GPU=197MB
2026-06-11 19:39:14,963 [INFO]   [coreset] Seed=456 R8/10 F1=0.3725 Acc=0.3860 Labeled=900 QueryTime=20.7s GPU=197MB
2026-06-11 19:39:45,121 [INFO]   [coreset] Seed=456 R9/10 F1=0.3994 Acc=0.3912 Labeled=1000 QueryTime=23.3s GPU=197MB
2026-06-11 19:40:00,262 [INFO]   [coreset] Seed=789 R1/10 F1=0.1528 Acc=0.2139 Labeled=200 QueryTime=4.8s GPU=138MB
2026-06-11 19:40:12,977 [INFO]   [coreset] Seed=789 R2/10 F1=0.1775 Acc=0.2451 Labeled=300 QueryTime=7.4s GPU=176MB
2026-06-11 19:40:21,229 [INFO]   [coreset] Seed=789 R3/10 F1=0.1080 Acc=0.1980 Labeled=400 QueryTime=5.0s GPU=197MB
2026-06-11 19:40:29,628 [INFO]   [coreset] Seed=789 R4/10 F1=0.1682 Acc=0.2332 Labeled=500 QueryTime=6.0s GPU=197MB
2026-06-11 19:40:47,273 [INFO]   [coreset] Seed=789 R5/10 F1=0.2006 Acc=0.2581 Labeled=600 QueryTime=14.1s GPU=197MB
2026-06-11 19:41:09,823 [INFO]   [coreset] Seed=789 R6/10 F1=0.2982 Acc=0.3193 Labeled=700 QueryTime=16.5s GPU=197MB
2026-06-11 19:41:34,303 [INFO]   [coreset] Seed=789 R7/10 F1=0.3358 Acc=0.3557 Labeled=800 QueryTime=18.4s GPU=197MB
2026-06-11 19:42:02,395 [INFO]   [coreset] Seed=789 R8/10 F1=0.3683 Acc=0.3862 Labeled=900 QueryTime=21.2s GPU=197MB
2026-06-11 19:42:32,915 [INFO]   [coreset] Seed=789 R9/10 F1=0.3863 Acc=0.3960 Labeled=1000 QueryTime=24.0s GPU=197MB
2026-06-11 19:42:48,087 [INFO]   [coreset] Seed=1024 R1/10 F1=0.1587 Acc=0.2111 Labeled=200 QueryTime=4.8s GPU=138MB
2026-06-11 19:43:00,570 [INFO]   [coreset] Seed=1024 R2/10 F1=0.1415 Acc=0.1820 Labeled=300 QueryTime=7.1s GPU=176MB
2026-06-11 19:43:15,581 [INFO]   [coreset] Seed=1024 R3/10 F1=0.1510 Acc=0.2123 Labeled=400 QueryTime=9.4s GPU=197MB
2026-06-11 19:43:33,408 [INFO]   [coreset] Seed=1024 R4/10 F1=0.2305 Acc=0.2679 Labeled=500 QueryTime=12.2s GPU=197MB
2026-06-11 19:43:52,771 [INFO]   [coreset] Seed=1024 R5/10 F1=0.1406 Acc=0.2208 Labeled=600 QueryTime=13.8s GPU=197MB
2026-06-11 19:44:15,147 [INFO]   [coreset] Seed=1024 R6/10 F1=0.2977 Acc=0.3354 Labeled=700 QueryTime=16.4s GPU=197MB
2026-06-11 19:44:40,127 [INFO]   [coreset] Seed=1024 R7/10 F1=0.3125 Acc=0.3529 Labeled=800 QueryTime=18.9s GPU=197MB
2026-06-11 19:45:08,861 [INFO]   [coreset] Seed=1024 R8/10 F1=0.3619 Acc=0.3809 Labeled=900 QueryTime=21.9s GPU=197MB
2026-06-11 19:45:38,879 [INFO]   [coreset] Seed=1024 R9/10 F1=0.3480 Acc=0.3732 Labeled=1000 QueryTime=23.2s GPU=197MB
2026-06-11 19:45:44,329 [INFO] 
--- Strategy: badge ---
2026-06-11 19:46:16,305 [INFO]   [badge] Seed=42 R1/10 F1=0.1210 Acc=0.1755 Labeled=200 QueryTime=27.0s GPU=138MB
2026-06-11 19:46:47,111 [INFO]   [badge] Seed=42 R2/10 F1=0.1680 Acc=0.1921 Labeled=300 QueryTime=25.5s GPU=176MB
2026-06-11 19:47:18,361 [INFO]   [badge] Seed=42 R3/10 F1=0.1368 Acc=0.1827 Labeled=400 QueryTime=25.7s GPU=197MB
2026-06-11 19:47:51,704 [INFO]   [badge] Seed=42 R4/10 F1=0.1579 Acc=0.2057 Labeled=500 QueryTime=27.9s GPU=197MB
2026-06-11 19:48:24,474 [INFO]   [badge] Seed=42 R5/10 F1=0.2250 Acc=0.2415 Labeled=600 QueryTime=27.3s GPU=197MB
2026-06-11 19:49:00,472 [INFO]   [badge] Seed=42 R6/10 F1=0.3399 Acc=0.3362 Labeled=700 QueryTime=30.2s GPU=197MB
2026-06-11 19:49:30,693 [INFO]   [badge] Seed=42 R7/10 F1=0.3657 Acc=0.3620 Labeled=800 QueryTime=25.0s GPU=197MB
2026-06-11 19:50:02,332 [INFO]   [badge] Seed=42 R8/10 F1=0.3907 Acc=0.3876 Labeled=900 QueryTime=25.1s GPU=197MB
2026-06-11 19:50:34,185 [INFO]   [badge] Seed=42 R9/10 F1=0.3982 Acc=0.4021 Labeled=1000 QueryTime=25.4s GPU=197MB
2026-06-11 19:51:12,845 [INFO]   [badge] Seed=123 R1/10 F1=0.1933 Acc=0.2288 Labeled=200 QueryTime=28.1s GPU=138MB
2026-06-11 19:51:46,467 [INFO]   [badge] Seed=123 R2/10 F1=0.2675 Acc=0.2788 Labeled=300 QueryTime=28.4s GPU=176MB
2026-06-11 19:52:17,748 [INFO]   [badge] Seed=123 R3/10 F1=0.2613 Acc=0.2677 Labeled=400 QueryTime=25.9s GPU=197MB
2026-06-11 19:52:52,098 [INFO]   [badge] Seed=123 R4/10 F1=0.2104 Acc=0.2360 Labeled=500 QueryTime=28.9s GPU=197MB
2026-06-11 19:53:22,222 [INFO]   [badge] Seed=123 R5/10 F1=0.3007 Acc=0.2995 Labeled=600 QueryTime=25.1s GPU=197MB
2026-06-11 19:53:52,875 [INFO]   [badge] Seed=123 R6/10 F1=0.3332 Acc=0.3393 Labeled=700 QueryTime=24.9s GPU=197MB
2026-06-11 19:54:24,673 [INFO]   [badge] Seed=123 R7/10 F1=0.3992 Acc=0.3994 Labeled=800 QueryTime=25.7s GPU=197MB
2026-06-11 19:54:55,611 [INFO]   [badge] Seed=123 R8/10 F1=0.4040 Acc=0.3995 Labeled=900 QueryTime=24.6s GPU=197MB
2026-06-11 19:55:32,378 [INFO]   [badge] Seed=123 R9/10 F1=0.4140 Acc=0.4175 Labeled=1000 QueryTime=30.2s GPU=197MB
2026-06-11 19:56:08,793 [INFO]   [badge] Seed=456 R1/10 F1=0.1595 Acc=0.2272 Labeled=200 QueryTime=25.8s GPU=138MB
2026-06-11 19:56:40,893 [INFO]   [badge] Seed=456 R2/10 F1=0.1482 Acc=0.2156 Labeled=300 QueryTime=26.8s GPU=176MB
2026-06-11 19:57:15,587 [INFO]   [badge] Seed=456 R3/10 F1=0.1194 Acc=0.2006 Labeled=400 QueryTime=29.2s GPU=197MB
2026-06-11 19:57:47,106 [INFO]   [badge] Seed=456 R4/10 F1=0.1447 Acc=0.2148 Labeled=500 QueryTime=26.0s GPU=197MB
2026-06-11 19:58:22,147 [INFO]   [badge] Seed=456 R5/10 F1=0.1537 Acc=0.2148 Labeled=600 QueryTime=29.5s GPU=197MB
2026-06-11 19:58:53,228 [INFO]   [badge] Seed=456 R6/10 F1=0.3169 Acc=0.3336 Labeled=700 QueryTime=25.2s GPU=197MB
2026-06-11 19:59:24,507 [INFO]   [badge] Seed=456 R7/10 F1=0.3572 Acc=0.3694 Labeled=800 QueryTime=25.1s GPU=197MB
2026-06-11 19:59:56,097 [INFO]   [badge] Seed=456 R8/10 F1=0.3619 Acc=0.3898 Labeled=900 QueryTime=25.1s GPU=197MB
2026-06-11 20:00:31,731 [INFO]   [badge] Seed=456 R9/10 F1=0.3835 Acc=0.3841 Labeled=1000 QueryTime=29.1s GPU=197MB
2026-06-11 20:01:06,944 [INFO]   [badge] Seed=789 R1/10 F1=0.1528 Acc=0.2139 Labeled=200 QueryTime=24.9s GPU=138MB
2026-06-11 20:01:20,990 [INFO]   [badge] Seed=789 R2/10 F1=0.1610 Acc=0.2098 Labeled=300 QueryTime=11.8s GPU=176MB
2026-06-11 20:01:34,912 [INFO]   [badge] Seed=789 R3/10 F1=0.1557 Acc=0.2277 Labeled=400 QueryTime=11.6s GPU=197MB
2026-06-11 20:01:48,797 [INFO]   [badge] Seed=789 R4/10 F1=0.1543 Acc=0.2387 Labeled=500 QueryTime=11.6s GPU=197MB
2026-06-11 20:02:02,947 [INFO]   [badge] Seed=789 R5/10 F1=0.2127 Acc=0.2604 Labeled=600 QueryTime=11.8s GPU=197MB
2026-06-11 20:02:17,212 [INFO]   [badge] Seed=789 R6/10 F1=0.2689 Acc=0.3000 Labeled=700 QueryTime=11.7s GPU=197MB
2026-06-11 20:02:31,347 [INFO]   [badge] Seed=789 R7/10 F1=0.3709 Acc=0.3848 Labeled=800 QueryTime=11.5s GPU=197MB
2026-06-11 20:02:46,268 [INFO]   [badge] Seed=789 R8/10 F1=0.4022 Acc=0.4060 Labeled=900 QueryTime=12.0s GPU=197MB
2026-06-11 20:03:00,777 [INFO]   [badge] Seed=789 R9/10 F1=0.4040 Acc=0.4230 Labeled=1000 QueryTime=11.6s GPU=197MB
2026-06-11 20:03:17,116 [INFO]   [badge] Seed=1024 R1/10 F1=0.1587 Acc=0.2111 Labeled=200 QueryTime=11.9s GPU=138MB
2026-06-11 20:03:31,234 [INFO]   [badge] Seed=1024 R2/10 F1=0.1437 Acc=0.1963 Labeled=300 QueryTime=11.9s GPU=176MB
2026-06-11 20:03:45,233 [INFO]   [badge] Seed=1024 R3/10 F1=0.1990 Acc=0.2333 Labeled=400 QueryTime=11.6s GPU=197MB
2026-06-11 20:03:59,966 [INFO]   [badge] Seed=1024 R4/10 F1=0.2209 Acc=0.2556 Labeled=500 QueryTime=12.3s GPU=197MB
2026-06-11 20:04:16,897 [INFO]   [badge] Seed=1024 R5/10 F1=0.2363 Acc=0.2805 Labeled=600 QueryTime=14.5s GPU=197MB
2026-06-11 20:04:31,881 [INFO]   [badge] Seed=1024 R6/10 F1=0.3122 Acc=0.3373 Labeled=700 QueryTime=12.3s GPU=197MB
2026-06-11 20:04:59,599 [INFO]   [badge] Seed=1024 R7/10 F1=0.3637 Acc=0.3767 Labeled=800 QueryTime=24.6s GPU=197MB
2026-06-11 20:05:33,840 [INFO]   [badge] Seed=1024 R8/10 F1=0.4077 Acc=0.4144 Labeled=900 QueryTime=27.8s GPU=197MB
2026-06-11 20:06:06,971 [INFO]   [badge] Seed=1024 R9/10 F1=0.4034 Acc=0.4041 Labeled=1000 QueryTime=26.6s GPU=197MB
2026-06-11 20:06:12,213 [INFO] 
--- Strategy: qbc ---
2026-06-11 20:06:19,628 [INFO]   [qbc] Seed=42 R1/10 F1=0.1210 Acc=0.1755 Labeled=200 QueryTime=3.7s GPU=138MB
2026-06-11 20:06:26,842 [INFO]   [qbc] Seed=42 R2/10 F1=0.1137 Acc=0.1666 Labeled=300 QueryTime=3.4s GPU=189MB
2026-06-11 20:06:34,306 [INFO]   [qbc] Seed=42 R3/10 F1=0.1264 Acc=0.1845 Labeled=400 QueryTime=3.5s GPU=210MB
2026-06-11 20:06:41,386 [INFO]   [qbc] Seed=42 R4/10 F1=0.1574 Acc=0.2119 Labeled=500 QueryTime=3.2s GPU=208MB
2026-06-11 20:06:48,779 [INFO]   [qbc] Seed=42 R5/10 F1=0.2486 Acc=0.2808 Labeled=600 QueryTime=3.5s GPU=210MB
2026-06-11 20:06:56,921 [INFO]   [qbc] Seed=42 R6/10 F1=0.3234 Acc=0.3285 Labeled=700 QueryTime=3.5s GPU=210MB
2026-06-11 20:07:05,085 [INFO]   [qbc] Seed=42 R7/10 F1=0.3517 Acc=0.3636 Labeled=800 QueryTime=3.5s GPU=209MB
2026-06-11 20:07:14,256 [INFO]   [qbc] Seed=42 R8/10 F1=0.4192 Acc=0.4174 Labeled=900 QueryTime=4.0s GPU=209MB
2026-06-11 20:07:23,525 [INFO]   [qbc] Seed=42 R9/10 F1=0.4351 Acc=0.4457 Labeled=1000 QueryTime=4.2s GPU=209MB
2026-06-11 20:07:35,820 [INFO]   [qbc] Seed=123 R1/10 F1=0.1933 Acc=0.2288 Labeled=200 QueryTime=3.2s GPU=138MB
2026-06-11 20:07:42,482 [INFO]   [qbc] Seed=123 R2/10 F1=0.1873 Acc=0.2228 Labeled=300 QueryTime=3.0s GPU=189MB
2026-06-11 20:07:49,464 [INFO]   [qbc] Seed=123 R3/10 F1=0.1543 Acc=0.1954 Labeled=400 QueryTime=3.2s GPU=210MB
2026-06-11 20:07:56,454 [INFO]   [qbc] Seed=123 R4/10 F1=0.1962 Acc=0.2294 Labeled=500 QueryTime=3.1s GPU=208MB
2026-06-11 20:08:04,034 [INFO]   [qbc] Seed=123 R5/10 F1=0.2813 Acc=0.2838 Labeled=600 QueryTime=3.6s GPU=210MB
2026-06-11 20:08:12,016 [INFO]   [qbc] Seed=123 R6/10 F1=0.2748 Acc=0.2942 Labeled=700 QueryTime=3.6s GPU=210MB
2026-06-11 20:08:20,395 [INFO]   [qbc] Seed=123 R7/10 F1=0.3637 Acc=0.3664 Labeled=800 QueryTime=3.8s GPU=209MB
2026-06-11 20:08:29,355 [INFO]   [qbc] Seed=123 R8/10 F1=0.4230 Acc=0.4206 Labeled=900 QueryTime=4.1s GPU=209MB
2026-06-11 20:08:38,769 [INFO]   [qbc] Seed=123 R9/10 F1=0.4309 Acc=0.4325 Labeled=1000 QueryTime=4.0s GPU=209MB
2026-06-11 20:08:51,625 [INFO]   [qbc] Seed=456 R1/10 F1=0.1595 Acc=0.2272 Labeled=200 QueryTime=3.6s GPU=138MB
2026-06-11 20:08:58,876 [INFO]   [qbc] Seed=456 R2/10 F1=0.1297 Acc=0.2116 Labeled=300 QueryTime=3.1s GPU=189MB
2026-06-11 20:09:05,712 [INFO]   [qbc] Seed=456 R3/10 F1=0.1148 Acc=0.1822 Labeled=400 QueryTime=3.1s GPU=210MB
2026-06-11 20:09:13,081 [INFO]   [qbc] Seed=456 R4/10 F1=0.1469 Acc=0.2008 Labeled=500 QueryTime=3.6s GPU=208MB
2026-06-11 20:09:20,242 [INFO]   [qbc] Seed=456 R5/10 F1=0.1894 Acc=0.2484 Labeled=600 QueryTime=3.3s GPU=210MB
2026-06-11 20:09:28,391 [INFO]   [qbc] Seed=456 R6/10 F1=0.3446 Acc=0.3474 Labeled=700 QueryTime=3.6s GPU=210MB
2026-06-11 20:09:36,797 [INFO]   [qbc] Seed=456 R7/10 F1=0.3794 Acc=0.3787 Labeled=800 QueryTime=3.8s GPU=209MB
2026-06-11 20:09:46,117 [INFO]   [qbc] Seed=456 R8/10 F1=0.4043 Acc=0.4131 Labeled=900 QueryTime=4.1s GPU=209MB
2026-06-11 20:09:55,232 [INFO]   [qbc] Seed=456 R9/10 F1=0.4351 Acc=0.4357 Labeled=1000 QueryTime=4.0s GPU=209MB
2026-06-11 20:10:07,144 [INFO]   [qbc] Seed=789 R1/10 F1=0.1528 Acc=0.2139 Labeled=200 QueryTime=3.2s GPU=138MB
2026-06-11 20:10:14,140 [INFO]   [qbc] Seed=789 R2/10 F1=0.1383 Acc=0.1964 Labeled=300 QueryTime=3.1s GPU=189MB
2026-06-11 20:10:21,162 [INFO]   [qbc] Seed=789 R3/10 F1=0.1532 Acc=0.2087 Labeled=400 QueryTime=3.2s GPU=210MB
2026-06-11 20:10:28,580 [INFO]   [qbc] Seed=789 R4/10 F1=0.1827 Acc=0.2339 Labeled=500 QueryTime=3.3s GPU=208MB
2026-06-11 20:10:35,461 [INFO]   [qbc] Seed=789 R5/10 F1=0.1941 Acc=0.2340 Labeled=600 QueryTime=3.1s GPU=210MB
2026-06-11 20:10:43,908 [INFO]   [qbc] Seed=789 R6/10 F1=0.2814 Acc=0.2969 Labeled=700 QueryTime=3.5s GPU=210MB
2026-06-11 20:10:51,922 [INFO]   [qbc] Seed=789 R7/10 F1=0.3033 Acc=0.3221 Labeled=800 QueryTime=3.5s GPU=209MB
2026-06-11 20:11:00,626 [INFO]   [qbc] Seed=789 R8/10 F1=0.3958 Acc=0.3977 Labeled=900 QueryTime=3.8s GPU=209MB
2026-06-11 20:11:09,130 [INFO]   [qbc] Seed=789 R9/10 F1=0.3903 Acc=0.4004 Labeled=1000 QueryTime=3.8s GPU=209MB
2026-06-11 20:11:21,323 [INFO]   [qbc] Seed=1024 R1/10 F1=0.1587 Acc=0.2111 Labeled=200 QueryTime=3.4s GPU=138MB
2026-06-11 20:11:27,859 [INFO]   [qbc] Seed=1024 R2/10 F1=0.1097 Acc=0.1721 Labeled=300 QueryTime=3.2s GPU=189MB
2026-06-11 20:11:34,951 [INFO]   [qbc] Seed=1024 R3/10 F1=0.2103 Acc=0.2430 Labeled=400 QueryTime=3.3s GPU=210MB
2026-06-11 20:11:41,947 [INFO]   [qbc] Seed=1024 R4/10 F1=0.2345 Acc=0.2638 Labeled=500 QueryTime=3.3s GPU=208MB
2026-06-11 20:11:48,914 [INFO]   [qbc] Seed=1024 R5/10 F1=0.2835 Acc=0.3053 Labeled=600 QueryTime=3.4s GPU=210MB
2026-06-11 20:11:56,543 [INFO]   [qbc] Seed=1024 R6/10 F1=0.3815 Acc=0.3736 Labeled=700 QueryTime=3.6s GPU=210MB
2026-06-11 20:12:04,489 [INFO]   [qbc] Seed=1024 R7/10 F1=0.4226 Acc=0.4215 Labeled=800 QueryTime=3.4s GPU=209MB
2026-06-11 20:12:13,350 [INFO]   [qbc] Seed=1024 R8/10 F1=0.4480 Acc=0.4473 Labeled=900 QueryTime=3.9s GPU=209MB
2026-06-11 20:12:22,471 [INFO]   [qbc] Seed=1024 R9/10 F1=0.4355 Acc=0.4460 Labeled=1000 QueryTime=3.9s GPU=209MB
2026-06-11 20:12:27,528 [INFO] 
--- Full Supervised Baseline ---
2026-06-11 20:34:00,004 [INFO] Full Supervised: Acc=0.8550, F1=0.8548 (epochs=50, time=1291.0s)
2026-06-11 20:34:00,915 [INFO] 
=== Results saved to C:\Users\28414\Desktop\机器学习—图像分类-期末汇报\output\std_al\rho1 ===
2026-06-11 20:34:00,916 [INFO] 
Summary:
2026-06-11 20:34:00,916 [INFO] Strategy                 Final F1     ±std   p<0.05 vs Random
2026-06-11 20:34:00,918 [INFO] ------------------------------------------------------------
2026-06-11 20:34:00,918 [INFO] badge                      0.4202   0.0211                   
2026-06-11 20:34:00,919 [INFO] coreset                    0.4011   0.0103                  x
2026-06-11 20:34:00,919 [INFO] entropy                    0.4247   0.0133                   
2026-06-11 20:34:00,919 [INFO] margin                     0.4488   0.0125                   
2026-06-11 20:34:00,920 [INFO] qbc                        0.4514   0.0096                   
2026-06-11 20:34:00,920 [INFO] random                     0.4427   0.0051                   
2026-06-11 20:34:00,920 [INFO] Full Supervised            0.8548
2026-06-11 20:34:00,921 [INFO] 
Statistical Tests (selected):
2026-06-11 20:34:00,921 [INFO]   coreset vs margin: diff=-0.0477, p=0.0021**, d=-4.156 (large)
2026-06-11 20:34:00,922 [INFO]   coreset vs qbc: diff=-0.0503, p=0.0018**, d=-5.048 (large)
2026-06-11 20:34:00,922 [INFO]   coreset vs random: diff=-0.0416, p=0.0005***, d=-5.111 (large)
2026-06-11 20:34:00,922 [INFO]   entropy vs margin: diff=-0.0241, p=0.0320*, d=-1.866 (large)
2026-06-11 20:34:00,922 [INFO]   entropy vs qbc: diff=-0.0267, p=0.0339*, d=-2.304 (large)
