2026-06-13 18:50:57,721 [INFO] === v8 Controlled-Fast AL+SSL Analysis: cifar10 ===
2026-06-13 18:50:57,723 [INFO] Budget: ultra_low, Model: simplecnn, Scheduler: True
2026-06-13 18:50:57,723 [INFO] Strategies: ['class_aware_entropy', 'gap_aware_entropy', 'adaptive_gap_entropy']
2026-06-13 18:50:57,723 [INFO] Seeds: [42, 123, 456]
2026-06-13 18:50:57,723 [INFO] Rounds: 10, Initial: 100, Query: 100
2026-06-13 18:50:57,723 [INFO] SSL: True, Method: flexmatch, t-SNE: False, Resume: False
2026-06-13 18:50:57,723 [INFO] Imbalance mode: max/min class count ratio = 20
2026-06-13 18:50:57,915 [INFO] Device: cuda
2026-06-13 18:51:12,945 [INFO] Imbalance filter (Exponential): 50000 -> 17023 training samples
2026-06-13 18:51:12,997 [INFO] 
--- Strategy: class_aware_entropy ---
2026-06-13 18:51:44,513 [INFO]   [class_aware_entropy] Seed=42 R1/10 F1=0.0648 Acc=0.1451 Labeled=200 QueryTime=0.4s GPU=172MB SSL+0
2026-06-13 18:51:54,120 [INFO]   [class_aware_entropy] Seed=42 R2/10 F1=0.1212 Acc=0.2048 Labeled=300 QueryTime=0.1s GPU=210MB SSL+0
2026-06-13 18:52:16,280 [INFO]   [class_aware_entropy] Seed=42 R3/10 F1=0.1916 Acc=0.2719 Labeled=400 QueryTime=0.3s GPU=229MB SSL+0
2026-06-13 18:52:24,917 [INFO]   [class_aware_entropy] Seed=42 R4/10 F1=0.2181 Acc=0.2887 Labeled=500 QueryTime=0.2s GPU=229MB SSL+0
2026-06-13 18:52:32,728 [INFO]   [class_aware_entropy] Seed=42 R5/10 F1=0.2589 Acc=0.3093 Labeled=600 QueryTime=0.3s GPU=229MB SSL+0
2026-06-13 18:52:49,528 [INFO]   [class_aware_entropy] Seed=42 R6/10 F1=0.2466 Acc=0.3022 Labeled=700 QueryTime=0.7s GPU=229MB SSL+0
2026-06-13 18:53:07,287 [INFO]   [class_aware_entropy] Seed=42 R7/10 F1=0.3067 Acc=0.3421 Labeled=800 QueryTime=0.7s GPU=229MB SSL+0
2026-06-13 18:53:19,452 [INFO]   [class_aware_entropy] Seed=42 R8/10 F1=0.3186 Acc=0.3589 Labeled=900 QueryTime=0.1s GPU=229MB SSL+32
2026-06-13 18:53:29,874 [INFO]   [class_aware_entropy] Seed=42 R9/10 F1=0.3297 Acc=0.3794 Labeled=1000 QueryTime=0.4s GPU=229MB SSL+152
2026-06-13 18:54:09,581 [INFO]   [class_aware_entropy] Seed=123 R1/10 F1=0.0656 Acc=0.1416 Labeled=200 QueryTime=0.2s GPU=171MB SSL+0
2026-06-13 18:54:19,563 [INFO]   [class_aware_entropy] Seed=123 R2/10 F1=0.1238 Acc=0.2122 Labeled=300 QueryTime=0.1s GPU=208MB SSL+24
2026-06-13 18:54:25,531 [INFO]   [class_aware_entropy] Seed=123 R3/10 F1=0.1428 Acc=0.2231 Labeled=400 QueryTime=0.1s GPU=229MB SSL+20
2026-06-13 18:54:45,343 [INFO]   [class_aware_entropy] Seed=123 R4/10 F1=0.1734 Acc=0.2433 Labeled=500 QueryTime=0.4s GPU=229MB SSL+2
2026-06-13 18:54:58,426 [INFO]   [class_aware_entropy] Seed=123 R5/10 F1=0.1904 Acc=0.2635 Labeled=600 QueryTime=0.8s GPU=229MB SSL+13
2026-06-13 18:55:08,262 [INFO]   [class_aware_entropy] Seed=123 R6/10 F1=0.2147 Acc=0.2909 Labeled=700 QueryTime=0.1s GPU=229MB SSL+29
2026-06-13 18:55:15,906 [INFO]   [class_aware_entropy] Seed=123 R7/10 F1=0.2294 Acc=0.3028 Labeled=800 QueryTime=0.1s GPU=229MB SSL+48
2026-06-13 18:55:37,960 [INFO]   [class_aware_entropy] Seed=123 R8/10 F1=0.2967 Acc=0.3515 Labeled=900 QueryTime=0.4s GPU=229MB SSL+48
2026-06-13 18:56:01,822 [INFO]   [class_aware_entropy] Seed=123 R9/10 F1=0.3416 Acc=0.3788 Labeled=1000 QueryTime=0.5s GPU=229MB SSL+66
2026-06-13 18:56:42,430 [INFO]   [class_aware_entropy] Seed=456 R1/10 F1=0.1046 Acc=0.1712 Labeled=200 QueryTime=0.2s GPU=171MB SSL+0
2026-06-13 18:56:49,364 [INFO]   [class_aware_entropy] Seed=456 R2/10 F1=0.1308 Acc=0.2121 Labeled=300 QueryTime=0.0s GPU=208MB SSL+7
2026-06-13 18:56:55,173 [INFO]   [class_aware_entropy] Seed=456 R3/10 F1=0.1715 Acc=0.2553 Labeled=400 QueryTime=0.1s GPU=229MB SSL+19
2026-06-13 18:57:01,488 [INFO]   [class_aware_entropy] Seed=456 R4/10 F1=0.2072 Acc=0.2812 Labeled=500 QueryTime=0.1s GPU=229MB SSL+11
2026-06-13 18:57:07,749 [INFO]   [class_aware_entropy] Seed=456 R5/10 F1=0.2116 Acc=0.2889 Labeled=600 QueryTime=0.1s GPU=229MB SSL+12
2026-06-13 18:57:22,900 [INFO]   [class_aware_entropy] Seed=456 R6/10 F1=0.2382 Acc=0.3085 Labeled=700 QueryTime=0.8s GPU=229MB SSL+34
2026-06-13 18:57:51,381 [INFO]   [class_aware_entropy] Seed=456 R7/10 F1=0.2703 Acc=0.3316 Labeled=800 QueryTime=0.6s GPU=229MB SSL+43
2026-06-13 18:58:03,890 [INFO]   [class_aware_entropy] Seed=456 R8/10 F1=0.3268 Acc=0.3680 Labeled=900 QueryTime=0.1s GPU=229MB SSL+109
2026-06-13 18:58:29,324 [INFO]   [class_aware_entropy] Seed=456 R9/10 F1=0.3544 Acc=0.3904 Labeled=1000 QueryTime=1.2s GPU=229MB SSL+99
2026-06-13 18:58:49,010 [INFO] 
--- Strategy: gap_aware_entropy ---
2026-06-13 18:58:54,936 [INFO]   [gap_aware_entropy] Seed=42 R1/10 F1=0.0648 Acc=0.1451 Labeled=200 QueryTime=0.1s GPU=171MB SSL+0
2026-06-13 18:59:04,141 [INFO]   [gap_aware_entropy] Seed=42 R2/10 F1=0.1286 Acc=0.2074 Labeled=300 QueryTime=0.3s GPU=208MB SSL+2
2026-06-13 18:59:16,279 [INFO]   [gap_aware_entropy] Seed=42 R3/10 F1=0.1336 Acc=0.2217 Labeled=400 QueryTime=0.2s GPU=229MB SSL+2
2026-06-13 18:59:33,254 [INFO]   [gap_aware_entropy] Seed=42 R4/10 F1=0.1754 Acc=0.2421 Labeled=500 QueryTime=0.3s GPU=229MB SSL+0
2026-06-13 19:00:00,805 [INFO]   [gap_aware_entropy] Seed=42 R5/10 F1=0.1754 Acc=0.2578 Labeled=600 QueryTime=0.4s GPU=229MB SSL+10
2026-06-13 19:00:12,398 [INFO]   [gap_aware_entropy] Seed=42 R6/10 F1=0.2228 Acc=0.2906 Labeled=700 QueryTime=0.1s GPU=229MB SSL+14
2026-06-13 19:00:22,165 [INFO]   [gap_aware_entropy] Seed=42 R7/10 F1=0.2659 Acc=0.3279 Labeled=800 QueryTime=0.1s GPU=229MB SSL+23
2026-06-13 19:00:54,413 [INFO]   [gap_aware_entropy] Seed=42 R8/10 F1=0.2788 Acc=0.3417 Labeled=900 QueryTime=0.8s GPU=229MB SSL+96
2026-06-13 19:01:06,473 [INFO]   [gap_aware_entropy] Seed=42 R9/10 F1=0.3237 Acc=0.3737 Labeled=1000 QueryTime=0.3s GPU=229MB SSL+46
2026-06-13 19:01:47,487 [INFO]   [gap_aware_entropy] Seed=123 R1/10 F1=0.0656 Acc=0.1416 Labeled=200 QueryTime=0.2s GPU=171MB SSL+0
2026-06-13 19:01:54,827 [INFO]   [gap_aware_entropy] Seed=123 R2/10 F1=0.1253 Acc=0.2055 Labeled=300 QueryTime=0.0s GPU=208MB SSL+41
2026-06-13 19:02:02,294 [INFO]   [gap_aware_entropy] Seed=123 R3/10 F1=0.1509 Acc=0.2393 Labeled=400 QueryTime=0.1s GPU=229MB SSL+17
2026-06-13 19:02:16,217 [INFO]   [gap_aware_entropy] Seed=123 R4/10 F1=0.1572 Acc=0.2433 Labeled=500 QueryTime=0.3s GPU=229MB SSL+5
2026-06-13 19:02:37,541 [INFO]   [gap_aware_entropy] Seed=123 R5/10 F1=0.1703 Acc=0.2633 Labeled=600 QueryTime=0.6s GPU=229MB SSL+8
2026-06-13 19:02:50,970 [INFO]   [gap_aware_entropy] Seed=123 R6/10 F1=0.2021 Acc=0.2908 Labeled=700 QueryTime=0.1s GPU=229MB SSL+13
2026-06-13 19:03:09,291 [INFO]   [gap_aware_entropy] Seed=123 R7/10 F1=0.2450 Acc=0.3176 Labeled=800 QueryTime=0.4s GPU=229MB SSL+40
2026-06-13 19:03:45,791 [INFO]   [gap_aware_entropy] Seed=123 R8/10 F1=0.2730 Acc=0.3362 Labeled=900 QueryTime=2.1s GPU=229MB SSL+90
2026-06-13 19:04:12,987 [INFO]   [gap_aware_entropy] Seed=123 R9/10 F1=0.3077 Acc=0.3627 Labeled=1000 QueryTime=0.6s GPU=229MB SSL+78
2026-06-13 19:04:48,507 [INFO]   [gap_aware_entropy] Seed=456 R1/10 F1=0.1046 Acc=0.1712 Labeled=200 QueryTime=0.2s GPU=171MB SSL+0
2026-06-13 19:04:58,700 [INFO]   [gap_aware_entropy] Seed=456 R2/10 F1=0.1273 Acc=0.2213 Labeled=300 QueryTime=0.0s GPU=208MB SSL+11
2026-06-13 19:05:06,461 [INFO]   [gap_aware_entropy] Seed=456 R3/10 F1=0.1514 Acc=0.2442 Labeled=400 QueryTime=0.1s GPU=229MB SSL+25
2026-06-13 19:05:12,169 [INFO]   [gap_aware_entropy] Seed=456 R4/10 F1=0.1855 Acc=0.2692 Labeled=500 QueryTime=0.1s GPU=229MB SSL+9
2026-06-13 19:05:17,852 [INFO]   [gap_aware_entropy] Seed=456 R5/10 F1=0.1895 Acc=0.2686 Labeled=600 QueryTime=0.1s GPU=229MB SSL+24
2026-06-13 19:05:28,986 [INFO]   [gap_aware_entropy] Seed=456 R6/10 F1=0.2232 Acc=0.3006 Labeled=700 QueryTime=1.0s GPU=229MB SSL+31
2026-06-13 19:06:01,340 [INFO]   [gap_aware_entropy] Seed=456 R7/10 F1=0.2757 Acc=0.3239 Labeled=800 QueryTime=0.6s GPU=229MB SSL+76
2026-06-13 19:06:16,759 [INFO]   [gap_aware_entropy] Seed=456 R8/10 F1=0.2896 Acc=0.3387 Labeled=900 QueryTime=0.2s GPU=229MB SSL+140
2026-06-13 19:06:46,572 [INFO]   [gap_aware_entropy] Seed=456 R9/10 F1=0.3447 Acc=0.3797 Labeled=1000 QueryTime=2.1s GPU=229MB SSL+99
2026-06-13 19:06:58,022 [INFO] 
--- Strategy: adaptive_gap_entropy ---
2026-06-13 19:07:03,724 [INFO]   [adaptive_gap_entropy] Seed=42 R1/10 F1=0.0648 Acc=0.1451 Labeled=200 QueryTime=0.0s GPU=171MB SSL+0
2026-06-13 19:07:09,097 [INFO]   [adaptive_gap_entropy] Seed=42 R2/10 F1=0.1284 Acc=0.2079 Labeled=300 QueryTime=0.1s GPU=208MB SSL+7
2026-06-13 19:07:16,081 [INFO]   [adaptive_gap_entropy] Seed=42 R3/10 F1=0.1723 Acc=0.2519 Labeled=400 QueryTime=0.1s GPU=229MB SSL+6
2026-06-13 19:07:30,624 [INFO]   [adaptive_gap_entropy] Seed=42 R4/10 F1=0.2044 Acc=0.2625 Labeled=500 QueryTime=0.3s GPU=229MB SSL+6
2026-06-13 19:07:41,643 [INFO]   [adaptive_gap_entropy] Seed=42 R5/10 F1=0.2093 Acc=0.2631 Labeled=600 QueryTime=0.2s GPU=229MB SSL+14
2026-06-13 19:07:57,599 [INFO]   [adaptive_gap_entropy] Seed=42 R6/10 F1=0.2229 Acc=0.2902 Labeled=700 QueryTime=0.7s GPU=229MB SSL+19
2026-06-13 19:08:11,990 [INFO]   [adaptive_gap_entropy] Seed=42 R7/10 F1=0.2456 Acc=0.3170 Labeled=800 QueryTime=0.4s GPU=229MB SSL+48
2026-06-13 19:08:44,033 [INFO]   [adaptive_gap_entropy] Seed=42 R8/10 F1=0.3089 Acc=0.3613 Labeled=900 QueryTime=1.1s GPU=229MB SSL+86
2026-06-13 19:08:58,313 [INFO]   [adaptive_gap_entropy] Seed=42 R9/10 F1=0.3272 Acc=0.3671 Labeled=1000 QueryTime=0.2s GPU=229MB SSL+50
2026-06-13 19:09:26,293 [INFO]   [adaptive_gap_entropy] Seed=123 R1/10 F1=0.0656 Acc=0.1416 Labeled=200 QueryTime=0.2s GPU=171MB SSL+0
2026-06-13 19:09:40,587 [INFO]   [adaptive_gap_entropy] Seed=123 R2/10 F1=0.1249 Acc=0.2045 Labeled=300 QueryTime=0.1s GPU=208MB SSL+41
2026-06-13 19:09:47,664 [INFO]   [adaptive_gap_entropy] Seed=123 R3/10 F1=0.1452 Acc=0.2313 Labeled=400 QueryTime=0.1s GPU=229MB SSL+32
2026-06-13 19:09:53,574 [INFO]   [adaptive_gap_entropy] Seed=123 R4/10 F1=0.1634 Acc=0.2452 Labeled=500 QueryTime=0.1s GPU=229MB SSL+25
2026-06-13 19:10:00,132 [INFO]   [adaptive_gap_entropy] Seed=123 R5/10 F1=0.1798 Acc=0.2713 Labeled=600 QueryTime=0.1s GPU=229MB SSL+24
2026-06-13 19:10:18,721 [INFO]   [adaptive_gap_entropy] Seed=123 R6/10 F1=0.2064 Acc=0.2898 Labeled=700 QueryTime=0.5s GPU=229MB SSL+54
2026-06-13 19:10:30,857 [INFO]   [adaptive_gap_entropy] Seed=123 R7/10 F1=0.2224 Acc=0.3030 Labeled=800 QueryTime=0.1s GPU=229MB SSL+18
2026-06-13 19:10:52,931 [INFO]   [adaptive_gap_entropy] Seed=123 R8/10 F1=0.2732 Acc=0.3405 Labeled=900 QueryTime=1.2s GPU=229MB SSL+68
2026-06-13 19:11:14,378 [INFO]   [adaptive_gap_entropy] Seed=123 R9/10 F1=0.3142 Acc=0.3653 Labeled=1000 QueryTime=0.3s GPU=229MB SSL+36
2026-06-13 19:11:29,927 [INFO]   [adaptive_gap_entropy] Seed=456 R1/10 F1=0.1046 Acc=0.1712 Labeled=200 QueryTime=0.0s GPU=171MB SSL+0
2026-06-13 19:11:38,842 [INFO]   [adaptive_gap_entropy] Seed=456 R2/10 F1=0.1158 Acc=0.2102 Labeled=300 QueryTime=0.2s GPU=208MB SSL+18
2026-06-13 19:12:10,007 [INFO]   [adaptive_gap_entropy] Seed=456 R3/10 F1=0.1552 Acc=0.2502 Labeled=400 QueryTime=0.3s GPU=229MB SSL+12
2026-06-13 19:12:18,011 [INFO]   [adaptive_gap_entropy] Seed=456 R4/10 F1=0.1726 Acc=0.2465 Labeled=500 QueryTime=0.1s GPU=229MB SSL+14
2026-06-13 19:12:23,460 [INFO]   [adaptive_gap_entropy] Seed=456 R5/10 F1=0.1965 Acc=0.2809 Labeled=600 QueryTime=0.1s GPU=229MB SSL+24
2026-06-13 19:12:31,614 [INFO]   [adaptive_gap_entropy] Seed=456 R6/10 F1=0.2677 Acc=0.3286 Labeled=700 QueryTime=0.1s GPU=229MB SSL+32
2026-06-13 19:12:59,288 [INFO]   [adaptive_gap_entropy] Seed=456 R7/10 F1=0.2722 Acc=0.3263 Labeled=800 QueryTime=0.8s GPU=229MB SSL+69
2026-06-13 19:13:16,962 [INFO]   [adaptive_gap_entropy] Seed=456 R8/10 F1=0.3455 Acc=0.3833 Labeled=900 QueryTime=0.1s GPU=229MB SSL+79
2026-06-13 19:13:36,534 [INFO]   [adaptive_gap_entropy] Seed=456 R9/10 F1=0.3485 Acc=0.3868 Labeled=1000 QueryTime=3.7s GPU=229MB SSL+95
2026-06-13 19:13:59,406 [INFO] 
--- Full Supervised Baseline ---
2026-06-13 19:30:25,113 [INFO] Full Supervised: Acc=0.7319, F1=0.7212 (epochs=50, time=983.9s)
2026-06-13 19:30:26,500 [INFO] 
=== Results saved to C:\Users\28414\Desktop\机器学习—图像分类-期末汇报\output\innovative_al_ssl_basic\rho20 ===
2026-06-13 19:30:26,501 [INFO] 
Summary:
2026-06-13 19:30:26,501 [INFO] Strategy                 Final F1     ±std   p<0.05 vs Random
2026-06-13 19:30:26,502 [INFO] ------------------------------------------------------------
2026-06-13 19:30:26,502 [INFO] adaptive_gap_entropy       0.3410   0.0348                   
2026-06-13 19:30:26,502 [INFO] class_aware_entropy        0.3639   0.0052                   
2026-06-13 19:30:26,502 [INFO] gap_aware_entropy          0.3382   0.0106                   
2026-06-13 19:30:26,502 [INFO] Full Supervised            0.7212
2026-06-13 19:30:26,502 [INFO] 
Statistical Tests (selected):
