2026-06-19 20:14:04,840 [INFO] === v8 Controlled-Fast AL+SSL Analysis: cifar10 ===
2026-06-19 20:14:04,841 [INFO] Budget: ultra_low, Model: simplecnn, Scheduler: True
2026-06-19 20:14:04,841 [INFO] Strategies: ['entropy']
2026-06-19 20:14:04,841 [INFO] Seeds: [42]
2026-06-19 20:14:04,841 [INFO] Rounds: 10, Initial: 100, Query: 100
2026-06-19 20:14:04,841 [INFO] SSL: False, Method: flexmatch, t-SNE: False, Resume: False
2026-06-19 20:14:04,841 [INFO] Imbalance mode: max/min class count ratio = 1
2026-06-19 20:14:04,914 [INFO] Device: cuda
2026-06-19 20:14:14,563 [INFO] Imbalance filter (Exponential): 50000 -> 50000 training samples
2026-06-19 20:14:14,563 [INFO] 
--- Strategy: entropy ---
2026-06-19 20:14:18,198 [INFO]   [entropy] Seed=42 R1/10 F1=0.1210 Acc=0.1755 Labeled=200 QueryTime=0.0s GPU=74MB
2026-06-19 20:14:20,327 [INFO]   [entropy] Seed=42 R2/10 F1=0.1195 Acc=0.1729 Labeled=300 QueryTime=0.0s GPU=118MB
2026-06-19 20:14:22,632 [INFO]   [entropy] Seed=42 R3/10 F1=0.1064 Acc=0.1793 Labeled=400 QueryTime=0.0s GPU=139MB
2026-06-19 20:14:24,673 [INFO]   [entropy] Seed=42 R4/10 F1=0.1914 Acc=0.2219 Labeled=500 QueryTime=0.0s GPU=139MB
2026-06-19 20:14:26,867 [INFO]   [entropy] Seed=42 R5/10 F1=0.1595 Acc=0.1981 Labeled=600 QueryTime=0.0s GPU=139MB
2026-06-19 20:14:29,077 [INFO]   [entropy] Seed=42 R6/10 F1=0.2774 Acc=0.2886 Labeled=700 QueryTime=0.0s GPU=139MB
2026-06-19 20:14:31,462 [INFO]   [entropy] Seed=42 R7/10 F1=0.3689 Acc=0.3673 Labeled=800 QueryTime=0.0s GPU=139MB
2026-06-19 20:14:34,089 [INFO]   [entropy] Seed=42 R8/10 F1=0.3902 Acc=0.3892 Labeled=900 QueryTime=0.0s GPU=139MB
2026-06-19 20:14:36,753 [INFO]   [entropy] Seed=42 R9/10 F1=0.4262 Acc=0.4284 Labeled=1000 QueryTime=0.0s GPU=139MB
2026-06-19 20:14:38,883 [INFO] 
--- Full Supervised Baseline ---
2026-06-19 20:37:23,873 [INFO] Full Supervised: Acc=0.8517, F1=0.8513 (epochs=50, time=1362.0s)
2026-06-19 20:37:24,756 [INFO] 
=== Results saved to C:\Users\28414\Desktop\机器学习—图像分类-期末汇报\output\ssl_comparison\no_ssl\rho1 ===
2026-06-19 20:37:24,756 [INFO] 
Summary:
2026-06-19 20:37:24,757 [INFO] Strategy                 Final F1     ±std   p<0.05 vs Random
2026-06-19 20:37:24,757 [INFO] ------------------------------------------------------------
2026-06-19 20:37:24,757 [INFO] entropy                    0.4215   0.0000                   
2026-06-19 20:37:24,757 [INFO] Full Supervised            0.8513
2026-06-19 20:37:33,369 [INFO] === v8 Controlled-Fast AL+SSL Analysis: cifar10 ===
2026-06-19 20:37:33,370 [INFO] Budget: ultra_low, Model: simplecnn, Scheduler: True
2026-06-19 20:37:33,370 [INFO] Strategies: ['entropy']
2026-06-19 20:37:33,370 [INFO] Seeds: [123]
2026-06-19 20:37:33,370 [INFO] Rounds: 10, Initial: 100, Query: 100
2026-06-19 20:37:33,370 [INFO] SSL: False, Method: flexmatch, t-SNE: False, Resume: False
2026-06-19 20:37:33,370 [INFO] Imbalance mode: max/min class count ratio = 1
2026-06-19 20:37:33,406 [INFO] Device: cuda
2026-06-19 20:37:56,420 [INFO] Imbalance filter (Exponential): 50000 -> 50000 training samples
2026-06-19 20:37:56,421 [INFO] 
--- Strategy: entropy ---
2026-06-19 20:38:02,758 [INFO]   [entropy] Seed=123 R1/10 F1=0.1933 Acc=0.2288 Labeled=200 QueryTime=0.0s GPU=74MB
2026-06-19 20:38:08,436 [INFO]   [entropy] Seed=123 R2/10 F1=0.2380 Acc=0.2606 Labeled=300 QueryTime=0.0s GPU=118MB
2026-06-19 20:38:13,526 [INFO]   [entropy] Seed=123 R3/10 F1=0.2076 Acc=0.2447 Labeled=400 QueryTime=0.0s GPU=139MB
2026-06-19 20:38:17,977 [INFO]   [entropy] Seed=123 R4/10 F1=0.2546 Acc=0.2732 Labeled=500 QueryTime=0.0s GPU=139MB
2026-06-19 20:38:22,159 [INFO]   [entropy] Seed=123 R5/10 F1=0.2640 Acc=0.2781 Labeled=600 QueryTime=0.0s GPU=139MB
2026-06-19 20:38:26,861 [INFO]   [entropy] Seed=123 R6/10 F1=0.2880 Acc=0.2996 Labeled=700 QueryTime=0.0s GPU=139MB
2026-06-19 20:38:31,973 [INFO]   [entropy] Seed=123 R7/10 F1=0.3750 Acc=0.3760 Labeled=800 QueryTime=0.0s GPU=139MB
2026-06-19 20:38:37,462 [INFO]   [entropy] Seed=123 R8/10 F1=0.3896 Acc=0.3931 Labeled=900 QueryTime=0.0s GPU=139MB
2026-06-19 20:38:42,914 [INFO]   [entropy] Seed=123 R9/10 F1=0.4087 Acc=0.4100 Labeled=1000 QueryTime=0.0s GPU=139MB
2026-06-19 20:38:47,780 [INFO] 
--- Full Supervised Baseline (reused from existing) ---
2026-06-19 20:38:47,780 [INFO] Full Supervised: Acc=0.8517, F1=0.8513
2026-06-19 20:38:48,609 [INFO] 
=== Results saved to C:\Users\28414\Desktop\机器学习—图像分类-期末汇报\output\ssl_comparison\no_ssl\rho1 ===
2026-06-19 20:38:48,611 [INFO] 
Summary:
2026-06-19 20:38:48,611 [INFO] Strategy                 Final F1     ±std   p<0.05 vs Random
2026-06-19 20:38:48,611 [INFO] ------------------------------------------------------------
2026-06-19 20:38:48,611 [INFO] entropy                    0.4436   0.0000                   
2026-06-19 20:38:48,611 [INFO] Full Supervised            0.8513
2026-06-19 20:38:56,043 [INFO] === v8 Controlled-Fast AL+SSL Analysis: cifar10 ===
2026-06-19 20:38:56,044 [INFO] Budget: ultra_low, Model: simplecnn, Scheduler: True
2026-06-19 20:38:56,044 [INFO] Strategies: ['entropy']
2026-06-19 20:38:56,044 [INFO] Seeds: [456]
2026-06-19 20:38:56,044 [INFO] Rounds: 10, Initial: 100, Query: 100
2026-06-19 20:38:56,044 [INFO] SSL: False, Method: flexmatch, t-SNE: False, Resume: False
2026-06-19 20:38:56,044 [INFO] Imbalance mode: max/min class count ratio = 1
2026-06-19 20:38:56,075 [INFO] Device: cuda
2026-06-19 20:39:16,964 [INFO] Imbalance filter (Exponential): 50000 -> 50000 training samples
2026-06-19 20:39:16,964 [INFO] 
--- Strategy: entropy ---
2026-06-19 20:39:22,501 [INFO]   [entropy] Seed=456 R1/10 F1=0.1595 Acc=0.2272 Labeled=200 QueryTime=0.0s GPU=74MB
2026-06-19 20:39:27,287 [INFO]   [entropy] Seed=456 R2/10 F1=0.1894 Acc=0.2436 Labeled=300 QueryTime=0.0s GPU=118MB
2026-06-19 20:39:32,448 [INFO]   [entropy] Seed=456 R3/10 F1=0.1318 Acc=0.1920 Labeled=400 QueryTime=0.0s GPU=139MB
2026-06-19 20:39:36,879 [INFO]   [entropy] Seed=456 R4/10 F1=0.2630 Acc=0.2922 Labeled=500 QueryTime=0.0s GPU=139MB
2026-06-19 20:39:41,758 [INFO]   [entropy] Seed=456 R5/10 F1=0.1986 Acc=0.2552 Labeled=600 QueryTime=0.0s GPU=139MB
2026-06-19 20:39:47,161 [INFO]   [entropy] Seed=456 R6/10 F1=0.2622 Acc=0.2990 Labeled=700 QueryTime=0.0s GPU=139MB
2026-06-19 20:39:52,745 [INFO]   [entropy] Seed=456 R7/10 F1=0.2894 Acc=0.3151 Labeled=800 QueryTime=0.0s GPU=139MB
2026-06-19 20:39:59,500 [INFO]   [entropy] Seed=456 R8/10 F1=0.3462 Acc=0.3606 Labeled=900 QueryTime=0.0s GPU=139MB
2026-06-19 20:40:06,986 [INFO]   [entropy] Seed=456 R9/10 F1=0.3805 Acc=0.3942 Labeled=1000 QueryTime=0.0s GPU=139MB
2026-06-19 20:40:12,528 [INFO] 
--- Full Supervised Baseline (reused from existing) ---
2026-06-19 20:40:12,528 [INFO] Full Supervised: Acc=0.8517, F1=0.8513
2026-06-19 20:40:13,481 [INFO] 
=== Results saved to C:\Users\28414\Desktop\机器学习—图像分类-期末汇报\output\ssl_comparison\no_ssl\rho1 ===
2026-06-19 20:40:13,481 [INFO] 
Summary:
2026-06-19 20:40:13,481 [INFO] Strategy                 Final F1     ±std   p<0.05 vs Random
2026-06-19 20:40:13,481 [INFO] ------------------------------------------------------------
2026-06-19 20:40:13,482 [INFO] entropy                    0.4025   0.0000                   
2026-06-19 20:40:13,482 [INFO] Full Supervised            0.8513
