2026-06-14 02:16:33,629 [INFO] === v8 Controlled-Fast AL+SSL Analysis: cifar10 ===
2026-06-14 02:16:33,630 [INFO] Budget: ultra_low, Model: simplecnn, Scheduler: True
2026-06-14 02:16:33,630 [INFO] Strategies: ['entropy']
2026-06-14 02:16:33,630 [INFO] Seeds: [42, 123, 456]
2026-06-14 02:16:33,630 [INFO] Rounds: 10, Initial: 100, Query: 100
2026-06-14 02:16:33,630 [INFO] SSL: False, Method: flexmatch, t-SNE: False, Resume: False
2026-06-14 02:16:33,630 [INFO] Imbalance mode: max/min class count ratio = 20
2026-06-14 02:16:33,659 [INFO] Device: cuda
2026-06-14 02:16:42,398 [INFO] Imbalance filter (Exponential): 50000 -> 17023 training samples
2026-06-14 02:16:42,407 [INFO] 
--- Strategy: entropy ---
2026-06-14 02:16:42,501 [INFO]   Using Focal Loss (γ=2.0)
2026-06-14 02:16:45,021 [INFO]   [entropy] Seed=42 R1/10 F1=0.0877 Acc=0.1817 Labeled=200 QueryTime=0.0s GPU=74MB
2026-06-14 02:16:45,021 [INFO]   Using Focal Loss (γ=2.0)
2026-06-14 02:16:46,984 [INFO]   [entropy] Seed=42 R2/10 F1=0.1162 Acc=0.1823 Labeled=300 QueryTime=0.0s GPU=118MB
2026-06-14 02:16:46,984 [INFO]   Using Focal Loss (γ=2.0)
2026-06-14 02:16:48,943 [INFO]   [entropy] Seed=42 R3/10 F1=0.1282 Acc=0.1977 Labeled=400 QueryTime=0.0s GPU=139MB
2026-06-14 02:16:48,944 [INFO]   Using Focal Loss (γ=2.0)
2026-06-14 02:16:50,991 [INFO]   [entropy] Seed=42 R4/10 F1=0.1397 Acc=0.2073 Labeled=500 QueryTime=0.0s GPU=139MB
2026-06-14 02:16:50,992 [INFO]   Using Focal Loss (γ=2.0)
2026-06-14 02:16:53,425 [INFO]   [entropy] Seed=42 R5/10 F1=0.1195 Acc=0.1890 Labeled=600 QueryTime=0.0s GPU=139MB
2026-06-14 02:16:53,426 [INFO]   Using Focal Loss (γ=2.0)
2026-06-14 02:16:56,157 [INFO]   [entropy] Seed=42 R6/10 F1=0.1895 Acc=0.2401 Labeled=700 QueryTime=0.0s GPU=139MB
2026-06-14 02:16:56,158 [INFO]   Using Focal Loss (γ=2.0)
2026-06-14 02:16:58,788 [INFO]   [entropy] Seed=42 R7/10 F1=0.2290 Acc=0.2845 Labeled=800 QueryTime=0.0s GPU=139MB
2026-06-14 02:16:58,788 [INFO]   Using Focal Loss (γ=2.0)
2026-06-14 02:17:01,922 [INFO]   [entropy] Seed=42 R8/10 F1=0.2881 Acc=0.3219 Labeled=900 QueryTime=0.0s GPU=139MB
2026-06-14 02:17:01,922 [INFO]   Using Focal Loss (γ=2.0)
2026-06-14 02:17:04,911 [INFO]   [entropy] Seed=42 R9/10 F1=0.3215 Acc=0.3494 Labeled=1000 QueryTime=0.0s GPU=139MB
2026-06-14 02:17:04,912 [INFO]   Using Focal Loss (γ=2.0)
2026-06-14 02:17:07,300 [INFO]   Using Focal Loss (γ=2.0)
2026-06-14 02:17:09,491 [INFO]   [entropy] Seed=123 R1/10 F1=0.0763 Acc=0.1647 Labeled=200 QueryTime=0.0s GPU=87MB
2026-06-14 02:17:09,492 [INFO]   Using Focal Loss (γ=2.0)
2026-06-14 02:17:11,857 [INFO]   [entropy] Seed=123 R2/10 F1=0.1212 Acc=0.2029 Labeled=300 QueryTime=0.0s GPU=131MB
2026-06-14 02:17:11,857 [INFO]   Using Focal Loss (γ=2.0)
2026-06-14 02:17:14,289 [INFO]   [entropy] Seed=123 R3/10 F1=0.1273 Acc=0.1674 Labeled=400 QueryTime=0.0s GPU=151MB
2026-06-14 02:17:14,289 [INFO]   Using Focal Loss (γ=2.0)
2026-06-14 02:17:16,602 [INFO]   [entropy] Seed=123 R4/10 F1=0.1859 Acc=0.2448 Labeled=500 QueryTime=0.0s GPU=151MB
2026-06-14 02:17:16,602 [INFO]   Using Focal Loss (γ=2.0)
2026-06-14 02:17:18,950 [INFO]   [entropy] Seed=123 R5/10 F1=0.1671 Acc=0.2220 Labeled=600 QueryTime=0.0s GPU=151MB
2026-06-14 02:17:18,950 [INFO]   Using Focal Loss (γ=2.0)
2026-06-14 02:17:21,649 [INFO]   [entropy] Seed=123 R6/10 F1=0.1991 Acc=0.2628 Labeled=700 QueryTime=0.0s GPU=151MB
2026-06-14 02:17:21,649 [INFO]   Using Focal Loss (γ=2.0)
2026-06-14 02:17:24,469 [INFO]   [entropy] Seed=123 R7/10 F1=0.2217 Acc=0.2906 Labeled=800 QueryTime=0.0s GPU=151MB
2026-06-14 02:17:24,469 [INFO]   Using Focal Loss (γ=2.0)
2026-06-14 02:17:27,462 [INFO]   [entropy] Seed=123 R8/10 F1=0.2653 Acc=0.3292 Labeled=900 QueryTime=0.0s GPU=151MB
2026-06-14 02:17:27,463 [INFO]   Using Focal Loss (γ=2.0)
2026-06-14 02:17:30,464 [INFO]   [entropy] Seed=123 R9/10 F1=0.3025 Acc=0.3551 Labeled=1000 QueryTime=0.0s GPU=151MB
2026-06-14 02:17:30,465 [INFO]   Using Focal Loss (γ=2.0)
2026-06-14 02:17:32,878 [INFO]   Using Focal Loss (γ=2.0)
2026-06-14 02:17:35,122 [INFO]   [entropy] Seed=456 R1/10 F1=0.1071 Acc=0.1894 Labeled=200 QueryTime=0.0s GPU=100MB
2026-06-14 02:17:35,123 [INFO]   Using Focal Loss (γ=2.0)
2026-06-14 02:17:37,404 [INFO]   [entropy] Seed=456 R2/10 F1=0.1124 Acc=0.1713 Labeled=300 QueryTime=0.0s GPU=118MB
2026-06-14 02:17:37,405 [INFO]   Using Focal Loss (γ=2.0)
2026-06-14 02:17:39,925 [INFO]   [entropy] Seed=456 R3/10 F1=0.1484 Acc=0.2264 Labeled=400 QueryTime=0.0s GPU=139MB
2026-06-14 02:17:39,926 [INFO]   Using Focal Loss (γ=2.0)
2026-06-14 02:17:42,406 [INFO]   [entropy] Seed=456 R4/10 F1=0.1592 Acc=0.2151 Labeled=500 QueryTime=0.0s GPU=139MB
2026-06-14 02:17:42,406 [INFO]   Using Focal Loss (γ=2.0)
2026-06-14 02:17:44,850 [INFO]   [entropy] Seed=456 R5/10 F1=0.1764 Acc=0.2237 Labeled=600 QueryTime=0.0s GPU=139MB
2026-06-14 02:17:44,850 [INFO]   Using Focal Loss (γ=2.0)
2026-06-14 02:17:47,538 [INFO]   [entropy] Seed=456 R6/10 F1=0.2174 Acc=0.2773 Labeled=700 QueryTime=0.0s GPU=139MB
2026-06-14 02:17:47,538 [INFO]   Using Focal Loss (γ=2.0)
2026-06-14 02:17:50,356 [INFO]   [entropy] Seed=456 R7/10 F1=0.2693 Acc=0.3249 Labeled=800 QueryTime=0.0s GPU=139MB
2026-06-14 02:17:50,357 [INFO]   Using Focal Loss (γ=2.0)
2026-06-14 02:17:53,372 [INFO]   [entropy] Seed=456 R8/10 F1=0.2705 Acc=0.3318 Labeled=900 QueryTime=0.0s GPU=139MB
2026-06-14 02:17:53,372 [INFO]   Using Focal Loss (γ=2.0)
2026-06-14 02:17:56,457 [INFO]   [entropy] Seed=456 R9/10 F1=0.3171 Acc=0.3666 Labeled=1000 QueryTime=0.0s GPU=139MB
2026-06-14 02:17:56,458 [INFO]   Using Focal Loss (γ=2.0)
2026-06-14 02:17:58,882 [INFO] 
--- Full Supervised Baseline ---
2026-06-14 02:17:58,888 [INFO]   Using Focal Loss (γ=2.0)
2026-06-14 02:20:40,283 [INFO] Full Supervised: Acc=0.7065, F1=0.6993 (epochs=50, time=160.2s)
2026-06-14 02:20:40,672 [INFO] 
=== Results saved to C:\Users\28414\Desktop\机器学习—图像分类-期末汇报\output\cb_focal_baseline\cifar10\rho20\focal ===
2026-06-14 02:20:40,673 [INFO] 
Summary:
2026-06-14 02:20:40,673 [INFO] Strategy                 Final F1     ±std   p<0.05 vs Random
2026-06-14 02:20:40,673 [INFO] ------------------------------------------------------------
2026-06-14 02:20:40,673 [INFO] entropy                    0.3051   0.0124                   
2026-06-14 02:20:40,673 [INFO] Full Supervised            0.6993
2026-06-14 02:20:45,341 [INFO] === v8 Controlled-Fast AL+SSL Analysis: cifar10 ===
2026-06-14 02:20:45,341 [INFO] Budget: ultra_low, Model: simplecnn, Scheduler: True
2026-06-14 02:20:45,341 [INFO] Strategies: ['entropy']
2026-06-14 02:20:45,341 [INFO] Seeds: [42, 123, 456]
2026-06-14 02:20:45,341 [INFO] Rounds: 10, Initial: 100, Query: 100
2026-06-14 02:20:45,341 [INFO] SSL: True, Method: flexmatch, t-SNE: False, Resume: False
2026-06-14 02:20:45,341 [INFO] Imbalance mode: max/min class count ratio = 20
2026-06-14 02:20:45,366 [INFO] Device: cuda
2026-06-14 02:20:54,497 [INFO] Imbalance filter (Exponential): 50000 -> 17023 training samples
2026-06-14 02:20:54,497 [INFO] 
--- Strategy: entropy ---
2026-06-14 02:20:54,595 [INFO]   Using Focal Loss (γ=2.0)
2026-06-14 02:20:58,714 [INFO]   [entropy] Seed=42 R1/10 F1=0.0632 Acc=0.1336 Labeled=200 QueryTime=0.0s GPU=172MB SSL+0
2026-06-14 02:20:58,714 [INFO]   Using Focal Loss (γ=2.0)
2026-06-14 02:21:02,037 [INFO]   [entropy] Seed=42 R2/10 F1=0.1456 Acc=0.2170 Labeled=300 QueryTime=0.0s GPU=217MB SSL+0
2026-06-14 02:21:02,037 [INFO]   Using Focal Loss (γ=2.0)
2026-06-14 02:21:05,728 [INFO]   [entropy] Seed=42 R3/10 F1=0.1501 Acc=0.2264 Labeled=400 QueryTime=0.0s GPU=237MB SSL+0
2026-06-14 02:21:05,729 [INFO]   Using Focal Loss (γ=2.0)
2026-06-14 02:21:09,738 [INFO]   [entropy] Seed=42 R4/10 F1=0.1646 Acc=0.2407 Labeled=500 QueryTime=0.0s GPU=237MB SSL+19
2026-06-14 02:21:09,738 [INFO]   Using Focal Loss (γ=2.0)
2026-06-14 02:21:13,627 [INFO]   [entropy] Seed=42 R5/10 F1=0.1916 Acc=0.2602 Labeled=600 QueryTime=0.0s GPU=237MB SSL+1
2026-06-14 02:21:13,628 [INFO]   Using Focal Loss (γ=2.0)
2026-06-14 02:21:19,728 [INFO]   [entropy] Seed=42 R6/10 F1=0.2222 Acc=0.2886 Labeled=700 QueryTime=0.0s GPU=237MB SSL+10
2026-06-14 02:21:19,729 [INFO]   Using Focal Loss (γ=2.0)
2026-06-14 02:21:25,682 [INFO]   [entropy] Seed=42 R7/10 F1=0.2613 Acc=0.3145 Labeled=800 QueryTime=0.0s GPU=237MB SSL+22
2026-06-14 02:21:25,682 [INFO]   Using Focal Loss (γ=2.0)
2026-06-14 02:21:33,700 [INFO]   [entropy] Seed=42 R8/10 F1=0.2960 Acc=0.3479 Labeled=900 QueryTime=0.0s GPU=237MB SSL+36
2026-06-14 02:21:33,700 [INFO]   Using Focal Loss (γ=2.0)
2026-06-14 02:21:41,493 [INFO]   [entropy] Seed=42 R9/10 F1=0.3349 Acc=0.3785 Labeled=1000 QueryTime=0.0s GPU=237MB SSL+79
2026-06-14 02:21:41,493 [INFO]   Using Focal Loss (γ=2.0)
2026-06-14 02:21:48,505 [INFO]   Using Focal Loss (γ=2.0)
2026-06-14 02:21:52,196 [INFO]   [entropy] Seed=123 R1/10 F1=0.0639 Acc=0.1284 Labeled=200 QueryTime=0.0s GPU=185MB SSL+0
2026-06-14 02:21:52,197 [INFO]   Using Focal Loss (γ=2.0)
2026-06-14 02:21:56,012 [INFO]   [entropy] Seed=123 R2/10 F1=0.1222 Acc=0.2083 Labeled=300 QueryTime=0.0s GPU=230MB SSL+0
2026-06-14 02:21:56,013 [INFO]   Using Focal Loss (γ=2.0)
2026-06-14 02:21:59,908 [INFO]   [entropy] Seed=123 R3/10 F1=0.1777 Acc=0.2296 Labeled=400 QueryTime=0.0s GPU=250MB SSL+5
2026-06-14 02:21:59,909 [INFO]   Using Focal Loss (γ=2.0)
2026-06-14 02:22:03,962 [INFO]   [entropy] Seed=123 R4/10 F1=0.2001 Acc=0.2635 Labeled=500 QueryTime=0.0s GPU=249MB SSL+0
2026-06-14 02:22:03,963 [INFO]   Using Focal Loss (γ=2.0)
2026-06-14 02:22:07,954 [INFO]   [entropy] Seed=123 R5/10 F1=0.1894 Acc=0.2565 Labeled=600 QueryTime=0.0s GPU=249MB SSL+0
2026-06-14 02:22:07,955 [INFO]   Using Focal Loss (γ=2.0)
2026-06-14 02:22:13,877 [INFO]   [entropy] Seed=123 R6/10 F1=0.2131 Acc=0.2851 Labeled=700 QueryTime=0.0s GPU=249MB SSL+0
2026-06-14 02:22:13,877 [INFO]   Using Focal Loss (γ=2.0)
2026-06-14 02:22:19,726 [INFO]   [entropy] Seed=123 R7/10 F1=0.2333 Acc=0.3060 Labeled=800 QueryTime=0.0s GPU=249MB SSL+8
2026-06-14 02:22:19,727 [INFO]   Using Focal Loss (γ=2.0)
2026-06-14 02:22:27,438 [INFO]   [entropy] Seed=123 R8/10 F1=0.2803 Acc=0.3302 Labeled=900 QueryTime=0.0s GPU=249MB SSL+39
2026-06-14 02:22:27,438 [INFO]   Using Focal Loss (γ=2.0)
2026-06-14 02:22:35,342 [INFO]   [entropy] Seed=123 R9/10 F1=0.3098 Acc=0.3605 Labeled=1000 QueryTime=0.0s GPU=249MB SSL+71
2026-06-14 02:22:35,343 [INFO]   Using Focal Loss (γ=2.0)
2026-06-14 02:22:42,594 [INFO]   Using Focal Loss (γ=2.0)
2026-06-14 02:22:46,265 [INFO]   [entropy] Seed=456 R1/10 F1=0.0968 Acc=0.1582 Labeled=200 QueryTime=0.0s GPU=199MB SSL+0
2026-06-14 02:22:46,266 [INFO]   Using Focal Loss (γ=2.0)
2026-06-14 02:22:50,106 [INFO]   [entropy] Seed=456 R2/10 F1=0.1373 Acc=0.2255 Labeled=300 QueryTime=0.0s GPU=217MB SSL+6
2026-06-14 02:22:50,108 [INFO]   Using Focal Loss (γ=2.0)
2026-06-14 02:22:53,943 [INFO]   [entropy] Seed=456 R3/10 F1=0.1451 Acc=0.2298 Labeled=400 QueryTime=0.0s GPU=237MB SSL+7
2026-06-14 02:22:53,944 [INFO]   Using Focal Loss (γ=2.0)
2026-06-14 02:22:57,976 [INFO]   [entropy] Seed=456 R4/10 F1=0.1650 Acc=0.2459 Labeled=500 QueryTime=0.0s GPU=237MB SSL+8
2026-06-14 02:22:57,977 [INFO]   Using Focal Loss (γ=2.0)
2026-06-14 02:23:02,058 [INFO]   [entropy] Seed=456 R5/10 F1=0.1747 Acc=0.2589 Labeled=600 QueryTime=0.0s GPU=237MB SSL+0
2026-06-14 02:23:02,059 [INFO]   Using Focal Loss (γ=2.0)
2026-06-14 02:23:08,062 [INFO]   [entropy] Seed=456 R6/10 F1=0.2224 Acc=0.2918 Labeled=700 QueryTime=0.0s GPU=237MB SSL+12
2026-06-14 02:23:08,063 [INFO]   Using Focal Loss (γ=2.0)
2026-06-14 02:23:13,751 [INFO]   [entropy] Seed=456 R7/10 F1=0.2479 Acc=0.3080 Labeled=800 QueryTime=0.0s GPU=237MB SSL+18
2026-06-14 02:23:13,752 [INFO]   Using Focal Loss (γ=2.0)
2026-06-14 02:23:21,443 [INFO]   [entropy] Seed=456 R8/10 F1=0.3302 Acc=0.3657 Labeled=900 QueryTime=0.0s GPU=237MB SSL+33
2026-06-14 02:23:21,444 [INFO]   Using Focal Loss (γ=2.0)
2026-06-14 02:23:28,757 [INFO]   [entropy] Seed=456 R9/10 F1=0.3381 Acc=0.3763 Labeled=1000 QueryTime=0.0s GPU=237MB SSL+71
2026-06-14 02:23:28,757 [INFO]   Using Focal Loss (γ=2.0)
2026-06-14 02:23:35,454 [INFO] 
--- Full Supervised Baseline ---
2026-06-14 02:23:35,461 [INFO]   Using Focal Loss (γ=2.0)
2026-06-14 02:26:16,288 [INFO] Full Supervised: Acc=0.7124, F1=0.7059 (epochs=50, time=159.4s)
2026-06-14 02:26:16,665 [INFO] 
=== Results saved to C:\Users\28414\Desktop\机器学习—图像分类-期末汇报\output\cb_focal_baseline\cifar10\rho20\focal ===
2026-06-14 02:26:16,666 [INFO] 
Summary:
2026-06-14 02:26:16,666 [INFO] Strategy                 Final F1     ±std   p<0.05 vs Random
2026-06-14 02:26:16,666 [INFO] ------------------------------------------------------------
2026-06-14 02:26:16,666 [INFO] entropy                    0.3386   0.0116                   
2026-06-14 02:26:16,666 [INFO] Full Supervised            0.7059
