2026-06-20 17:27:53,076 [INFO] === v8 Controlled-Fast AL+SSL Analysis: cifar10 ===
2026-06-20 17:27:53,076 [INFO] Budget: ultra_low, Model: simplecnn, Scheduler: True
2026-06-20 17:27:53,076 [INFO] Strategies: ['class_aware_entropy_ssl', 'gap_aware_entropy_ssl']
2026-06-20 17:27:53,076 [INFO] Seeds: [42, 123, 456]
2026-06-20 17:27:53,076 [INFO] Rounds: 10, Initial: 100, Query: 100
2026-06-20 17:27:53,077 [INFO] SSL: True, Method: pseudo_label, t-SNE: False, Resume: False
2026-06-20 17:27:53,077 [INFO] Imbalance mode: max/min class count ratio = 50
2026-06-20 17:27:53,119 [INFO] Device: cuda
2026-06-20 17:28:06,218 [INFO] Imbalance filter (Exponential): 50000 -> 13996 training samples
2026-06-20 17:28:06,219 [INFO] 
--- Strategy: class_aware_entropy_ssl ---
2026-06-20 17:28:10,810 [INFO]   [class_aware_entropy_ssl] Seed=42 R1/10 F1=0.0754 Acc=0.1632 Labeled=200 QueryTime=0.0s GPU=168MB SSL+0
2026-06-20 17:28:13,771 [INFO]   [class_aware_entropy_ssl] Seed=42 R2/10 F1=0.1001 Acc=0.1923 Labeled=300 QueryTime=0.0s GPU=206MB SSL+0
2026-06-20 17:28:16,186 [INFO]   [class_aware_entropy_ssl] Seed=42 R3/10 F1=0.1468 Acc=0.2381 Labeled=400 QueryTime=0.1s GPU=225MB SSL+0
2026-06-20 17:28:18,612 [INFO]   [class_aware_entropy_ssl] Seed=42 R4/10 F1=0.1528 Acc=0.2334 Labeled=500 QueryTime=0.1s GPU=225MB SSL+1
2026-06-20 17:28:21,024 [INFO]   [class_aware_entropy_ssl] Seed=42 R5/10 F1=0.1914 Acc=0.2561 Labeled=600 QueryTime=0.1s GPU=225MB SSL+2
2026-06-20 17:28:24,101 [INFO]   [class_aware_entropy_ssl] Seed=42 R6/10 F1=0.2204 Acc=0.2883 Labeled=700 QueryTime=0.1s GPU=225MB SSL+2
2026-06-20 17:28:27,083 [INFO]   [class_aware_entropy_ssl] Seed=42 R7/10 F1=0.2375 Acc=0.3125 Labeled=800 QueryTime=0.1s GPU=225MB SSL+1
2026-06-20 17:28:30,665 [INFO]   [class_aware_entropy_ssl] Seed=42 R8/10 F1=0.2650 Acc=0.3351 Labeled=900 QueryTime=0.1s GPU=225MB SSL+8
2026-06-20 17:28:34,509 [INFO]   [class_aware_entropy_ssl] Seed=42 R9/10 F1=0.2984 Acc=0.3573 Labeled=1000 QueryTime=0.2s GPU=225MB SSL+8
2026-06-20 17:28:40,705 [INFO]   [class_aware_entropy_ssl] Seed=123 R1/10 F1=0.0603 Acc=0.1618 Labeled=200 QueryTime=0.0s GPU=169MB SSL+0
2026-06-20 17:28:43,231 [INFO]   [class_aware_entropy_ssl] Seed=123 R2/10 F1=0.0929 Acc=0.1757 Labeled=300 QueryTime=0.0s GPU=204MB SSL+7
2026-06-20 17:28:45,918 [INFO]   [class_aware_entropy_ssl] Seed=123 R3/10 F1=0.1048 Acc=0.2122 Labeled=400 QueryTime=0.1s GPU=225MB SSL+13
2026-06-20 17:28:48,497 [INFO]   [class_aware_entropy_ssl] Seed=123 R4/10 F1=0.0985 Acc=0.2094 Labeled=500 QueryTime=0.1s GPU=225MB SSL+16
2026-06-20 17:28:50,956 [INFO]   [class_aware_entropy_ssl] Seed=123 R5/10 F1=0.1230 Acc=0.2215 Labeled=600 QueryTime=0.1s GPU=225MB SSL+10
2026-06-20 17:28:54,125 [INFO]   [class_aware_entropy_ssl] Seed=123 R6/10 F1=0.1618 Acc=0.2485 Labeled=700 QueryTime=0.1s GPU=225MB SSL+5
2026-06-20 17:28:57,259 [INFO]   [class_aware_entropy_ssl] Seed=123 R7/10 F1=0.1991 Acc=0.2795 Labeled=800 QueryTime=0.1s GPU=225MB SSL+25
2026-06-20 17:29:01,015 [INFO]   [class_aware_entropy_ssl] Seed=123 R8/10 F1=0.2535 Acc=0.3223 Labeled=900 QueryTime=0.2s GPU=225MB SSL+19
2026-06-20 17:29:04,801 [INFO]   [class_aware_entropy_ssl] Seed=123 R9/10 F1=0.2669 Acc=0.3426 Labeled=1000 QueryTime=0.2s GPU=225MB SSL+32
2026-06-20 17:29:10,421 [INFO]   [class_aware_entropy_ssl] Seed=456 R1/10 F1=0.0718 Acc=0.1489 Labeled=200 QueryTime=0.0s GPU=169MB SSL+1
2026-06-20 17:29:12,911 [INFO]   [class_aware_entropy_ssl] Seed=456 R2/10 F1=0.0908 Acc=0.1969 Labeled=300 QueryTime=0.0s GPU=204MB SSL+5
2026-06-20 17:29:15,436 [INFO]   [class_aware_entropy_ssl] Seed=456 R3/10 F1=0.1062 Acc=0.2060 Labeled=400 QueryTime=0.1s GPU=225MB SSL+10
2026-06-20 17:29:18,046 [INFO]   [class_aware_entropy_ssl] Seed=456 R4/10 F1=0.1263 Acc=0.2185 Labeled=500 QueryTime=0.1s GPU=225MB SSL+1
2026-06-20 17:29:20,627 [INFO]   [class_aware_entropy_ssl] Seed=456 R5/10 F1=0.1530 Acc=0.2386 Labeled=600 QueryTime=0.1s GPU=225MB SSL+1
2026-06-20 17:29:23,941 [INFO]   [class_aware_entropy_ssl] Seed=456 R6/10 F1=0.2035 Acc=0.2879 Labeled=700 QueryTime=0.1s GPU=225MB SSL+0
2026-06-20 17:29:27,105 [INFO]   [class_aware_entropy_ssl] Seed=456 R7/10 F1=0.2347 Acc=0.3045 Labeled=800 QueryTime=0.1s GPU=225MB SSL+2
2026-06-20 17:29:30,982 [INFO]   [class_aware_entropy_ssl] Seed=456 R8/10 F1=0.2872 Acc=0.3447 Labeled=900 QueryTime=0.2s GPU=225MB SSL+5
2026-06-20 17:29:34,762 [INFO]   [class_aware_entropy_ssl] Seed=456 R9/10 F1=0.2947 Acc=0.3517 Labeled=1000 QueryTime=0.2s GPU=225MB SSL+19
2026-06-20 17:29:37,983 [INFO] 
--- Strategy: gap_aware_entropy_ssl ---
2026-06-20 17:29:40,305 [INFO]   [gap_aware_entropy_ssl] Seed=42 R1/10 F1=0.0754 Acc=0.1632 Labeled=200 QueryTime=0.0s GPU=169MB SSL+0
2026-06-20 17:29:42,960 [INFO]   [gap_aware_entropy_ssl] Seed=42 R2/10 F1=0.1187 Acc=0.2170 Labeled=300 QueryTime=0.0s GPU=204MB SSL+0
2026-06-20 17:29:45,491 [INFO]   [gap_aware_entropy_ssl] Seed=42 R3/10 F1=0.1177 Acc=0.2206 Labeled=400 QueryTime=0.1s GPU=225MB SSL+2
2026-06-20 17:29:47,965 [INFO]   [gap_aware_entropy_ssl] Seed=42 R4/10 F1=0.1381 Acc=0.2370 Labeled=500 QueryTime=0.1s GPU=225MB SSL+1
2026-06-20 17:29:50,468 [INFO]   [gap_aware_entropy_ssl] Seed=42 R5/10 F1=0.1260 Acc=0.2245 Labeled=600 QueryTime=0.1s GPU=225MB SSL+4
2026-06-20 17:29:53,711 [INFO]   [gap_aware_entropy_ssl] Seed=42 R6/10 F1=0.1577 Acc=0.2587 Labeled=700 QueryTime=0.1s GPU=225MB SSL+12
2026-06-20 17:29:56,842 [INFO]   [gap_aware_entropy_ssl] Seed=42 R7/10 F1=0.2229 Acc=0.3012 Labeled=800 QueryTime=0.1s GPU=225MB SSL+12
2026-06-20 17:30:00,692 [INFO]   [gap_aware_entropy_ssl] Seed=42 R8/10 F1=0.2660 Acc=0.3370 Labeled=900 QueryTime=0.2s GPU=225MB SSL+2
2026-06-20 17:30:04,333 [INFO]   [gap_aware_entropy_ssl] Seed=42 R9/10 F1=0.2848 Acc=0.3530 Labeled=1000 QueryTime=0.2s GPU=225MB SSL+39
2026-06-20 17:30:09,619 [INFO]   [gap_aware_entropy_ssl] Seed=123 R1/10 F1=0.0603 Acc=0.1618 Labeled=200 QueryTime=0.0s GPU=169MB SSL+0
2026-06-20 17:30:11,898 [INFO]   [gap_aware_entropy_ssl] Seed=123 R2/10 F1=0.0776 Acc=0.1860 Labeled=300 QueryTime=0.0s GPU=204MB SSL+4
2026-06-20 17:30:14,262 [INFO]   [gap_aware_entropy_ssl] Seed=123 R3/10 F1=0.1019 Acc=0.2025 Labeled=400 QueryTime=0.1s GPU=225MB SSL+6
2026-06-20 17:30:16,756 [INFO]   [gap_aware_entropy_ssl] Seed=123 R4/10 F1=0.1202 Acc=0.2117 Labeled=500 QueryTime=0.1s GPU=225MB SSL+3
2026-06-20 17:30:19,114 [INFO]   [gap_aware_entropy_ssl] Seed=123 R5/10 F1=0.1791 Acc=0.2553 Labeled=600 QueryTime=0.1s GPU=225MB SSL+1
2026-06-20 17:30:22,168 [INFO]   [gap_aware_entropy_ssl] Seed=123 R6/10 F1=0.1747 Acc=0.2499 Labeled=700 QueryTime=0.1s GPU=225MB SSL+4
2026-06-20 17:30:25,244 [INFO]   [gap_aware_entropy_ssl] Seed=123 R7/10 F1=0.2211 Acc=0.2862 Labeled=800 QueryTime=0.1s GPU=225MB SSL+7
2026-06-20 17:30:28,807 [INFO]   [gap_aware_entropy_ssl] Seed=123 R8/10 F1=0.2512 Acc=0.3231 Labeled=900 QueryTime=0.1s GPU=225MB SSL+15
2026-06-20 17:30:32,388 [INFO]   [gap_aware_entropy_ssl] Seed=123 R9/10 F1=0.2675 Acc=0.3313 Labeled=1000 QueryTime=0.2s GPU=225MB SSL+43
2026-06-20 17:30:37,411 [INFO]   [gap_aware_entropy_ssl] Seed=456 R1/10 F1=0.0718 Acc=0.1489 Labeled=200 QueryTime=0.0s GPU=169MB SSL+1
2026-06-20 17:30:39,709 [INFO]   [gap_aware_entropy_ssl] Seed=456 R2/10 F1=0.0985 Acc=0.1985 Labeled=300 QueryTime=0.0s GPU=204MB SSL+0
2026-06-20 17:30:42,047 [INFO]   [gap_aware_entropy_ssl] Seed=456 R3/10 F1=0.1103 Acc=0.2032 Labeled=400 QueryTime=0.1s GPU=225MB SSL+1
2026-06-20 17:30:44,440 [INFO]   [gap_aware_entropy_ssl] Seed=456 R4/10 F1=0.1252 Acc=0.2141 Labeled=500 QueryTime=0.1s GPU=225MB SSL+1
2026-06-20 17:30:46,793 [INFO]   [gap_aware_entropy_ssl] Seed=456 R5/10 F1=0.1532 Acc=0.2407 Labeled=600 QueryTime=0.1s GPU=225MB SSL+0
2026-06-20 17:30:49,674 [INFO]   [gap_aware_entropy_ssl] Seed=456 R6/10 F1=0.1673 Acc=0.2540 Labeled=700 QueryTime=0.1s GPU=225MB SSL+2
2026-06-20 17:30:52,706 [INFO]   [gap_aware_entropy_ssl] Seed=456 R7/10 F1=0.1691 Acc=0.2533 Labeled=800 QueryTime=0.1s GPU=225MB SSL+2
2026-06-20 17:30:56,215 [INFO]   [gap_aware_entropy_ssl] Seed=456 R8/10 F1=0.2576 Acc=0.3227 Labeled=900 QueryTime=0.1s GPU=225MB SSL+18
2026-06-20 17:30:59,784 [INFO]   [gap_aware_entropy_ssl] Seed=456 R9/10 F1=0.2880 Acc=0.3505 Labeled=1000 QueryTime=0.2s GPU=225MB SSL+15
2026-06-20 17:31:02,941 [INFO] 
--- Full Supervised Baseline ---
