2026-06-22 20:54:49,276 [INFO] === v8 Controlled-Fast AL+SSL Analysis: cifar10 ===
2026-06-22 20:54:49,277 [INFO] Budget: ultra_low, Model: simplecnn, Scheduler: True
2026-06-22 20:54:49,277 [INFO] Strategies: ['class_aware_entropy']
2026-06-22 20:54:49,277 [INFO] Seeds: [42]
2026-06-22 20:54:49,277 [INFO] Rounds: 10, Initial: 100, Query: 100
2026-06-22 20:54:49,277 [INFO] SSL: False, Method: flexmatch, t-SNE: False, Resume: False
2026-06-22 20:54:49,277 [INFO] Imbalance mode: max/min class count ratio = 50
2026-06-22 20:54:49,315 [INFO] Device: cuda
2026-06-22 20:55:02,122 [INFO] Imbalance filter (Exponential): 50000 -> 13996 training samples
2026-06-22 20:55:02,131 [INFO] 
--- Strategy: class_aware_entropy ---
2026-06-22 20:55:05,701 [INFO]   [class_aware_entropy] Seed=42 R1/10 F1=0.0773 Acc=0.1768 Labeled=200 QueryTime=0.0s GPU=74MB
2026-06-22 20:55:08,330 [INFO]   [class_aware_entropy] Seed=42 R2/10 F1=0.0942 Acc=0.1756 Labeled=300 QueryTime=0.0s GPU=111MB
2026-06-22 20:55:12,210 [INFO]   [class_aware_entropy] Seed=42 R3/10 F1=0.0949 Acc=0.1666 Labeled=400 QueryTime=0.1s GPU=131MB
2026-06-22 20:55:15,040 [INFO]   [class_aware_entropy] Seed=42 R4/10 F1=0.0916 Acc=0.1505 Labeled=500 QueryTime=0.1s GPU=131MB
2026-06-22 20:55:17,767 [INFO]   [class_aware_entropy] Seed=42 R5/10 F1=0.1421 Acc=0.1960 Labeled=600 QueryTime=0.1s GPU=131MB
2026-06-22 20:55:20,921 [INFO]   [class_aware_entropy] Seed=42 R6/10 F1=0.1811 Acc=0.2510 Labeled=700 QueryTime=0.1s GPU=131MB
2026-06-22 20:55:24,202 [INFO]   [class_aware_entropy] Seed=42 R7/10 F1=0.2278 Acc=0.3040 Labeled=800 QueryTime=0.1s GPU=131MB
2026-06-22 20:55:26,613 [INFO]   [class_aware_entropy] Seed=42 R8/10 F1=0.2461 Acc=0.3165 Labeled=900 QueryTime=0.1s GPU=131MB
2026-06-22 20:55:29,106 [INFO]   [class_aware_entropy] Seed=42 R9/10 F1=0.2313 Acc=0.3019 Labeled=1000 QueryTime=0.1s GPU=131MB
2026-06-22 20:55:31,424 [INFO] 
--- Full Supervised Baseline ---
