2026-06-16 17:39:26,292 [INFO] === v8 Controlled-Fast AL+SSL Analysis: cifar10 ===
2026-06-16 17:39:26,292 [INFO] Budget: ultra_low, Model: simplecnn, Scheduler: True
2026-06-16 17:39:26,292 [INFO] Strategies: ['class_aware_entropy']
2026-06-16 17:39:26,292 [INFO] Seeds: [42]
2026-06-16 17:39:26,292 [INFO] Rounds: 10, Initial: 100, Query: 100
2026-06-16 17:39:26,292 [INFO] SSL: True, Method: flexmatch, t-SNE: False, Resume: False
2026-06-16 17:39:26,292 [INFO] Imbalance mode: max/min class count ratio = 1
2026-06-16 17:39:26,320 [INFO] Device: cuda
2026-06-16 17:39:35,304 [INFO] Imbalance filter (Exponential): 50000 -> 50000 training samples
2026-06-16 17:39:35,312 [INFO] 
--- Strategy: class_aware_entropy ---
2026-06-16 17:39:40,295 [INFO]   [class_aware_entropy] Seed=42 R1/10 F1=0.0825 Acc=0.1387 Labeled=200 QueryTime=0.0s GPU=172MB SSL+0
2026-06-16 17:39:45,145 [INFO]   [class_aware_entropy] Seed=42 R2/10 F1=0.1714 Acc=0.2187 Labeled=300 QueryTime=0.0s GPU=210MB SSL+0
2026-06-16 17:39:49,721 [INFO]   [class_aware_entropy] Seed=42 R3/10 F1=0.2582 Acc=0.2764 Labeled=400 QueryTime=0.0s GPU=229MB SSL+2
2026-06-16 17:39:54,425 [INFO]   [class_aware_entropy] Seed=42 R4/10 F1=0.2773 Acc=0.3026 Labeled=500 QueryTime=0.1s GPU=229MB SSL+3
2026-06-16 17:39:59,132 [INFO]   [class_aware_entropy] Seed=42 R5/10 F1=0.3234 Acc=0.3317 Labeled=600 QueryTime=0.1s GPU=229MB SSL+4
2026-06-16 17:40:05,861 [INFO]   [class_aware_entropy] Seed=42 R6/10 F1=0.3545 Acc=0.3706 Labeled=700 QueryTime=0.1s GPU=229MB SSL+23
2026-06-16 17:40:12,363 [INFO]   [class_aware_entropy] Seed=42 R7/10 F1=0.3621 Acc=0.3912 Labeled=800 QueryTime=0.1s GPU=229MB SSL+21
2026-06-16 17:40:20,830 [INFO]   [class_aware_entropy] Seed=42 R8/10 F1=0.4104 Acc=0.4238 Labeled=900 QueryTime=0.1s GPU=229MB SSL+51
2026-06-16 17:40:29,252 [INFO]   [class_aware_entropy] Seed=42 R9/10 F1=0.4136 Acc=0.4336 Labeled=1000 QueryTime=0.1s GPU=229MB SSL+59
2026-06-16 17:40:36,767 [INFO] 
--- Full Supervised Baseline ---
2026-06-16 17:44:17,378 [INFO] Full Supervised: Acc=0.7887, F1=0.7901 (epochs=50, time=219.1s)
2026-06-16 17:44:17,773 [INFO] 
=== Results saved to C:\Users\28414\Desktop\机器学习—图像分类-期末汇报\output\joint_distribution\v2_class_aware\rho1 ===
2026-06-16 17:44:17,773 [INFO] 
Summary:
2026-06-16 17:44:17,773 [INFO] Strategy                 Final F1     ±std   p<0.05 vs Random
2026-06-16 17:44:17,773 [INFO] ------------------------------------------------------------
2026-06-16 17:44:17,773 [INFO] class_aware_entropy        0.4251   0.0000                   
2026-06-16 17:44:17,773 [INFO] Full Supervised            0.7901
2026-06-16 17:44:22,913 [INFO] === v8 Controlled-Fast AL+SSL Analysis: cifar10 ===
2026-06-16 17:44:22,914 [INFO] Budget: ultra_low, Model: simplecnn, Scheduler: True
2026-06-16 17:44:22,914 [INFO] Strategies: ['class_aware_entropy']
2026-06-16 17:44:22,914 [INFO] Seeds: [123]
2026-06-16 17:44:22,914 [INFO] Rounds: 10, Initial: 100, Query: 100
2026-06-16 17:44:22,914 [INFO] SSL: True, Method: flexmatch, t-SNE: False, Resume: False
2026-06-16 17:44:22,914 [INFO] Imbalance mode: max/min class count ratio = 1
2026-06-16 17:44:22,934 [INFO] Device: cuda
2026-06-16 17:44:31,953 [INFO] Imbalance filter (Exponential): 50000 -> 50000 training samples
2026-06-16 17:44:31,954 [INFO] 
--- Strategy: class_aware_entropy ---
2026-06-16 17:44:36,824 [INFO]   [class_aware_entropy] Seed=123 R1/10 F1=0.1283 Acc=0.1764 Labeled=200 QueryTime=0.0s GPU=172MB SSL+0
2026-06-16 17:44:41,610 [INFO]   [class_aware_entropy] Seed=123 R2/10 F1=0.2180 Acc=0.2518 Labeled=300 QueryTime=0.0s GPU=210MB SSL+0
2026-06-16 17:44:46,114 [INFO]   [class_aware_entropy] Seed=123 R3/10 F1=0.2708 Acc=0.2881 Labeled=400 QueryTime=0.0s GPU=229MB SSL+0
2026-06-16 17:44:50,652 [INFO]   [class_aware_entropy] Seed=123 R4/10 F1=0.2865 Acc=0.3035 Labeled=500 QueryTime=0.1s GPU=229MB SSL+0
2026-06-16 17:44:55,141 [INFO]   [class_aware_entropy] Seed=123 R5/10 F1=0.3053 Acc=0.3190 Labeled=600 QueryTime=0.1s GPU=229MB SSL+3
2026-06-16 17:45:01,616 [INFO]   [class_aware_entropy] Seed=123 R6/10 F1=0.3818 Acc=0.3834 Labeled=700 QueryTime=0.1s GPU=229MB SSL+15
2026-06-16 17:45:07,947 [INFO]   [class_aware_entropy] Seed=123 R7/10 F1=0.3785 Acc=0.3837 Labeled=800 QueryTime=0.1s GPU=229MB SSL+16
2026-06-16 17:45:16,198 [INFO]   [class_aware_entropy] Seed=123 R8/10 F1=0.3908 Acc=0.3996 Labeled=900 QueryTime=0.1s GPU=229MB SSL+32
2026-06-16 17:45:24,405 [INFO]   [class_aware_entropy] Seed=123 R9/10 F1=0.4453 Acc=0.4425 Labeled=1000 QueryTime=0.1s GPU=229MB SSL+51
2026-06-16 17:45:32,001 [INFO] 
--- Full Supervised Baseline ---
2026-06-16 17:54:52,136 [INFO] Full Supervised: Acc=0.8530, F1=0.8525 (epochs=50, time=558.7s)
2026-06-16 17:54:52,563 [INFO] 
=== Results saved to C:\Users\28414\Desktop\机器学习—图像分类-期末汇报\output\joint_distribution\v2_class_aware\rho1 ===
2026-06-16 17:54:52,563 [INFO] 
Summary:
2026-06-16 17:54:52,563 [INFO] Strategy                 Final F1     ±std   p<0.05 vs Random
2026-06-16 17:54:52,563 [INFO] ------------------------------------------------------------
2026-06-16 17:54:52,563 [INFO] class_aware_entropy        0.4461   0.0000                   
2026-06-16 17:54:52,563 [INFO] Full Supervised            0.8525
2026-06-16 17:54:57,335 [INFO] === v8 Controlled-Fast AL+SSL Analysis: cifar10 ===
2026-06-16 17:54:57,336 [INFO] Budget: ultra_low, Model: simplecnn, Scheduler: True
2026-06-16 17:54:57,336 [INFO] Strategies: ['class_aware_entropy']
2026-06-16 17:54:57,336 [INFO] Seeds: [456]
2026-06-16 17:54:57,336 [INFO] Rounds: 10, Initial: 100, Query: 100
2026-06-16 17:54:57,336 [INFO] SSL: True, Method: flexmatch, t-SNE: False, Resume: False
2026-06-16 17:54:57,336 [INFO] Imbalance mode: max/min class count ratio = 1
2026-06-16 17:54:57,353 [INFO] Device: cuda
2026-06-16 17:55:06,381 [INFO] Imbalance filter (Exponential): 50000 -> 50000 training samples
2026-06-16 17:55:06,382 [INFO] 
--- Strategy: class_aware_entropy ---
2026-06-16 17:55:11,020 [INFO]   [class_aware_entropy] Seed=456 R1/10 F1=0.1034 Acc=0.1952 Labeled=200 QueryTime=0.0s GPU=172MB SSL+0
2026-06-16 17:55:15,579 [INFO]   [class_aware_entropy] Seed=456 R2/10 F1=0.2551 Acc=0.2890 Labeled=300 QueryTime=0.0s GPU=210MB SSL+0
2026-06-16 17:55:19,926 [INFO]   [class_aware_entropy] Seed=456 R3/10 F1=0.2878 Acc=0.3137 Labeled=400 QueryTime=0.0s GPU=229MB SSL+0
2026-06-16 17:55:24,392 [INFO]   [class_aware_entropy] Seed=456 R4/10 F1=0.2804 Acc=0.3205 Labeled=500 QueryTime=0.1s GPU=229MB SSL+9
2026-06-16 17:55:28,847 [INFO]   [class_aware_entropy] Seed=456 R5/10 F1=0.3522 Acc=0.3706 Labeled=600 QueryTime=0.1s GPU=229MB SSL+9
2026-06-16 17:55:35,137 [INFO]   [class_aware_entropy] Seed=456 R6/10 F1=0.3673 Acc=0.3812 Labeled=700 QueryTime=0.1s GPU=229MB SSL+24
2026-06-16 17:55:41,366 [INFO]   [class_aware_entropy] Seed=456 R7/10 F1=0.3856 Acc=0.4028 Labeled=800 QueryTime=0.1s GPU=229MB SSL+24
2026-06-16 17:55:49,663 [INFO]   [class_aware_entropy] Seed=456 R8/10 F1=0.3946 Acc=0.4106 Labeled=900 QueryTime=0.1s GPU=229MB SSL+39
2026-06-16 17:55:57,827 [INFO]   [class_aware_entropy] Seed=456 R9/10 F1=0.4331 Acc=0.4453 Labeled=1000 QueryTime=0.1s GPU=229MB SSL+77
2026-06-16 17:56:05,637 [INFO] 
--- Full Supervised Baseline ---
2026-06-16 18:18:19,578 [INFO] Full Supervised: Acc=0.8591, F1=0.8586 (epochs=50, time=1330.4s)
2026-06-16 18:18:20,437 [INFO] 
=== Results saved to C:\Users\28414\Desktop\机器学习—图像分类-期末汇报\output\joint_distribution\v2_class_aware\rho1 ===
2026-06-16 18:18:20,437 [INFO] 
Summary:
2026-06-16 18:18:20,437 [INFO] Strategy                 Final F1     ±std   p<0.05 vs Random
2026-06-16 18:18:20,437 [INFO] ------------------------------------------------------------
2026-06-16 18:18:20,437 [INFO] class_aware_entropy        0.4013   0.0000                   
2026-06-16 18:18:20,437 [INFO] Full Supervised            0.8586
