2026-06-21 16:41:36,715 [INFO] === v8 Controlled-Fast AL+SSL Analysis: fashion_mnist ===
2026-06-21 16:41:36,715 [INFO] Budget: ultra_low, Model: simplecnn, Scheduler: True
2026-06-21 16:41:36,715 [INFO] Strategies: ['random', 'entropy', 'margin', 'class_aware_entropy', 'gap_aware_entropy', 'adaptive_gap_entropy']
2026-06-21 16:41:36,715 [INFO] Seeds: [42, 123, 456]
2026-06-21 16:41:36,715 [INFO] Rounds: 10, Initial: 100, Query: 100
2026-06-21 16:41:36,715 [INFO] SSL: False, Method: flexmatch, t-SNE: False, Resume: False
2026-06-21 16:41:36,716 [INFO] Imbalance mode: max/min class count ratio = 5
2026-06-21 16:41:36,764 [INFO] Device: cuda
2026-06-21 16:41:55,981 [INFO] Imbalance filter (Exponential): 60000 -> 30507 training samples
2026-06-21 16:41:55,981 [INFO] 
--- Strategy: random ---
2026-06-21 16:42:00,000 [INFO]   [random] Seed=42 R1/10 F1=0.1311 Acc=0.2372 Labeled=200 QueryTime=0.0s GPU=63MB
2026-06-21 16:42:03,312 [INFO]   [random] Seed=42 R2/10 F1=0.1618 Acc=0.2541 Labeled=300 QueryTime=0.0s GPU=91MB
2026-06-21 16:42:07,029 [INFO]   [random] Seed=42 R3/10 F1=0.3313 Acc=0.4206 Labeled=400 QueryTime=0.0s GPU=107MB
2026-06-21 16:42:10,148 [INFO]   [random] Seed=42 R4/10 F1=0.3020 Acc=0.3907 Labeled=500 QueryTime=0.0s GPU=107MB
2026-06-21 16:42:13,136 [INFO]   [random] Seed=42 R5/10 F1=0.3587 Acc=0.4151 Labeled=600 QueryTime=0.0s GPU=107MB
2026-06-21 16:42:16,338 [INFO]   [random] Seed=42 R6/10 F1=0.5885 Acc=0.6380 Labeled=700 QueryTime=0.0s GPU=107MB
2026-06-21 16:42:19,981 [INFO]   [random] Seed=42 R7/10 F1=0.5878 Acc=0.6412 Labeled=800 QueryTime=0.0s GPU=107MB
2026-06-21 16:42:24,211 [INFO]   [random] Seed=42 R8/10 F1=0.6667 Acc=0.7105 Labeled=900 QueryTime=0.0s GPU=107MB
2026-06-21 16:42:28,475 [INFO]   [random] Seed=42 R9/10 F1=0.6629 Acc=0.6971 Labeled=1000 QueryTime=0.0s GPU=107MB
2026-06-21 16:42:35,444 [INFO]   [random] Seed=123 R1/10 F1=0.2563 Acc=0.3720 Labeled=200 QueryTime=0.0s GPU=64MB
2026-06-21 16:42:38,315 [INFO]   [random] Seed=123 R2/10 F1=0.1558 Acc=0.2530 Labeled=300 QueryTime=0.0s GPU=93MB
2026-06-21 16:42:41,196 [INFO]   [random] Seed=123 R3/10 F1=0.2412 Acc=0.3131 Labeled=400 QueryTime=0.0s GPU=106MB
2026-06-21 16:42:44,389 [INFO]   [random] Seed=123 R4/10 F1=0.3287 Acc=0.3915 Labeled=500 QueryTime=0.0s GPU=106MB
2026-06-21 16:42:47,479 [INFO]   [random] Seed=123 R5/10 F1=0.4534 Acc=0.5186 Labeled=600 QueryTime=0.0s GPU=106MB
2026-06-21 16:42:51,119 [INFO]   [random] Seed=123 R6/10 F1=0.5794 Acc=0.6210 Labeled=700 QueryTime=0.0s GPU=106MB
2026-06-21 16:42:54,815 [INFO]   [random] Seed=123 R7/10 F1=0.6529 Acc=0.6884 Labeled=800 QueryTime=0.0s GPU=106MB
2026-06-21 16:42:58,510 [INFO]   [random] Seed=123 R8/10 F1=0.6723 Acc=0.7033 Labeled=900 QueryTime=0.0s GPU=106MB
2026-06-21 16:43:02,157 [INFO]   [random] Seed=123 R9/10 F1=0.6901 Acc=0.7155 Labeled=1000 QueryTime=0.0s GPU=106MB
2026-06-21 16:43:08,198 [INFO]   [random] Seed=456 R1/10 F1=0.1718 Acc=0.2863 Labeled=200 QueryTime=0.0s GPU=64MB
2026-06-21 16:43:09,509 [INFO]   [random] Seed=456 R2/10 F1=0.1613 Acc=0.2683 Labeled=300 QueryTime=0.0s GPU=93MB
2026-06-21 16:43:10,712 [INFO]   [random] Seed=456 R3/10 F1=0.3290 Acc=0.4233 Labeled=400 QueryTime=0.0s GPU=106MB
2026-06-21 16:43:11,880 [INFO]   [random] Seed=456 R4/10 F1=0.4466 Acc=0.5124 Labeled=500 QueryTime=0.0s GPU=106MB
2026-06-21 16:43:13,025 [INFO]   [random] Seed=456 R5/10 F1=0.5409 Acc=0.5925 Labeled=600 QueryTime=0.0s GPU=106MB
2026-06-21 16:43:14,393 [INFO]   [random] Seed=456 R6/10 F1=0.6302 Acc=0.6679 Labeled=700 QueryTime=0.0s GPU=106MB
2026-06-21 16:43:15,776 [INFO]   [random] Seed=456 R7/10 F1=0.6469 Acc=0.6809 Labeled=800 QueryTime=0.0s GPU=106MB
2026-06-21 16:43:17,376 [INFO]   [random] Seed=456 R8/10 F1=0.6767 Acc=0.7112 Labeled=900 QueryTime=0.0s GPU=106MB
2026-06-21 16:43:18,997 [INFO]   [random] Seed=456 R9/10 F1=0.7087 Acc=0.7269 Labeled=1000 QueryTime=0.0s GPU=106MB
2026-06-21 16:43:20,600 [INFO] 
--- Strategy: entropy ---
2026-06-21 16:43:22,145 [INFO]   [entropy] Seed=42 R1/10 F1=0.1311 Acc=0.2372 Labeled=200 QueryTime=0.0s GPU=64MB
2026-06-21 16:43:23,708 [INFO]   [entropy] Seed=42 R2/10 F1=0.2661 Acc=0.3385 Labeled=300 QueryTime=0.0s GPU=97MB
2026-06-21 16:43:25,312 [INFO]   [entropy] Seed=42 R3/10 F1=0.2366 Acc=0.3100 Labeled=400 QueryTime=0.0s GPU=113MB
2026-06-21 16:43:27,002 [INFO]   [entropy] Seed=42 R4/10 F1=0.4728 Acc=0.5087 Labeled=500 QueryTime=0.0s GPU=113MB
2026-06-21 16:43:30,505 [INFO]   [entropy] Seed=42 R5/10 F1=0.5387 Acc=0.5465 Labeled=600 QueryTime=0.0s GPU=113MB
2026-06-21 16:43:34,583 [INFO]   [entropy] Seed=42 R6/10 F1=0.6379 Acc=0.6494 Labeled=700 QueryTime=0.0s GPU=113MB
2026-06-21 16:43:37,967 [INFO]   [entropy] Seed=42 R7/10 F1=0.6507 Acc=0.6819 Labeled=800 QueryTime=0.0s GPU=113MB
2026-06-21 16:43:40,130 [INFO]   [entropy] Seed=42 R8/10 F1=0.6940 Acc=0.7088 Labeled=900 QueryTime=0.0s GPU=113MB
2026-06-21 16:43:44,430 [INFO]   [entropy] Seed=42 R9/10 F1=0.7229 Acc=0.7389 Labeled=1000 QueryTime=0.0s GPU=113MB
2026-06-21 16:43:52,313 [INFO]   [entropy] Seed=123 R1/10 F1=0.2563 Acc=0.3720 Labeled=200 QueryTime=0.0s GPU=75MB
2026-06-21 16:43:56,328 [INFO]   [entropy] Seed=123 R2/10 F1=0.3223 Acc=0.3813 Labeled=300 QueryTime=0.0s GPU=109MB
2026-06-21 16:44:00,475 [INFO]   [entropy] Seed=123 R3/10 F1=0.3169 Acc=0.4232 Labeled=400 QueryTime=0.0s GPU=125MB
2026-06-21 16:44:04,463 [INFO]   [entropy] Seed=123 R4/10 F1=0.3926 Acc=0.4790 Labeled=500 QueryTime=0.0s GPU=125MB
2026-06-21 16:44:08,582 [INFO]   [entropy] Seed=123 R5/10 F1=0.5770 Acc=0.6241 Labeled=600 QueryTime=0.0s GPU=125MB
2026-06-21 16:44:13,218 [INFO]   [entropy] Seed=123 R6/10 F1=0.4984 Acc=0.5719 Labeled=700 QueryTime=0.0s GPU=125MB
2026-06-21 16:44:17,829 [INFO]   [entropy] Seed=123 R7/10 F1=0.6556 Acc=0.6827 Labeled=800 QueryTime=0.0s GPU=125MB
2026-06-21 16:44:22,995 [INFO]   [entropy] Seed=123 R8/10 F1=0.6656 Acc=0.6915 Labeled=900 QueryTime=0.0s GPU=125MB
2026-06-21 16:44:28,163 [INFO]   [entropy] Seed=123 R9/10 F1=0.6617 Acc=0.6949 Labeled=1000 QueryTime=0.0s GPU=125MB
2026-06-21 16:44:36,292 [INFO]   [entropy] Seed=456 R1/10 F1=0.1718 Acc=0.2863 Labeled=200 QueryTime=0.0s GPU=76MB
2026-06-21 16:44:40,238 [INFO]   [entropy] Seed=456 R2/10 F1=0.1115 Acc=0.2238 Labeled=300 QueryTime=0.0s GPU=110MB
2026-06-21 16:44:44,279 [INFO]   [entropy] Seed=456 R3/10 F1=0.3157 Acc=0.4087 Labeled=400 QueryTime=0.0s GPU=125MB
2026-06-21 16:44:48,406 [INFO]   [entropy] Seed=456 R4/10 F1=0.4136 Acc=0.4858 Labeled=500 QueryTime=0.0s GPU=125MB
2026-06-21 16:44:52,517 [INFO]   [entropy] Seed=456 R5/10 F1=0.3947 Acc=0.4765 Labeled=600 QueryTime=0.0s GPU=125MB
2026-06-21 16:44:57,145 [INFO]   [entropy] Seed=456 R6/10 F1=0.4851 Acc=0.5648 Labeled=700 QueryTime=0.0s GPU=125MB
2026-06-21 16:45:01,847 [INFO]   [entropy] Seed=456 R7/10 F1=0.4898 Acc=0.5629 Labeled=800 QueryTime=0.0s GPU=125MB
2026-06-21 16:45:06,931 [INFO]   [entropy] Seed=456 R8/10 F1=0.5677 Acc=0.6182 Labeled=900 QueryTime=0.0s GPU=125MB
2026-06-21 16:45:11,832 [INFO]   [entropy] Seed=456 R9/10 F1=0.5643 Acc=0.6226 Labeled=1000 QueryTime=0.0s GPU=125MB
2026-06-21 16:45:15,850 [INFO] 
--- Strategy: margin ---
2026-06-21 16:45:19,535 [INFO]   [margin] Seed=42 R1/10 F1=0.1311 Acc=0.2372 Labeled=200 QueryTime=0.0s GPU=87MB
2026-06-21 16:45:23,121 [INFO]   [margin] Seed=42 R2/10 F1=0.1840 Acc=0.3144 Labeled=300 QueryTime=0.0s GPU=120MB
2026-06-21 16:45:27,081 [INFO]   [margin] Seed=42 R3/10 F1=0.3159 Acc=0.3923 Labeled=400 QueryTime=0.0s GPU=136MB
2026-06-21 16:45:30,725 [INFO]   [margin] Seed=42 R4/10 F1=0.4424 Acc=0.4978 Labeled=500 QueryTime=0.0s GPU=136MB
2026-06-21 16:45:34,745 [INFO]   [margin] Seed=42 R5/10 F1=0.5392 Acc=0.5796 Labeled=600 QueryTime=0.0s GPU=136MB
2026-06-21 16:45:39,437 [INFO]   [margin] Seed=42 R6/10 F1=0.6092 Acc=0.6524 Labeled=700 QueryTime=0.0s GPU=136MB
2026-06-21 16:45:44,090 [INFO]   [margin] Seed=42 R7/10 F1=0.6744 Acc=0.7063 Labeled=800 QueryTime=0.0s GPU=136MB
2026-06-21 16:45:49,308 [INFO]   [margin] Seed=42 R8/10 F1=0.7008 Acc=0.7267 Labeled=900 QueryTime=0.0s GPU=136MB
2026-06-21 16:45:54,566 [INFO]   [margin] Seed=42 R9/10 F1=0.6953 Acc=0.7243 Labeled=1000 QueryTime=0.0s GPU=136MB
2026-06-21 16:46:02,602 [INFO]   [margin] Seed=123 R1/10 F1=0.2563 Acc=0.3720 Labeled=200 QueryTime=0.0s GPU=99MB
2026-06-21 16:46:06,580 [INFO]   [margin] Seed=123 R2/10 F1=0.1461 Acc=0.2614 Labeled=300 QueryTime=0.0s GPU=132MB
2026-06-21 16:46:09,287 [INFO]   [margin] Seed=123 R3/10 F1=0.1735 Acc=0.2915 Labeled=400 QueryTime=0.0s GPU=147MB
2026-06-21 16:46:13,177 [INFO]   [margin] Seed=123 R4/10 F1=0.2956 Acc=0.3703 Labeled=500 QueryTime=0.0s GPU=147MB
2026-06-21 16:46:16,628 [INFO]   [margin] Seed=123 R5/10 F1=0.4142 Acc=0.4614 Labeled=600 QueryTime=0.0s GPU=147MB
2026-06-21 16:46:20,938 [INFO]   [margin] Seed=123 R6/10 F1=0.5550 Acc=0.6065 Labeled=700 QueryTime=0.0s GPU=147MB
2026-06-21 16:46:25,603 [INFO]   [margin] Seed=123 R7/10 F1=0.6267 Acc=0.6691 Labeled=800 QueryTime=0.0s GPU=147MB
2026-06-21 16:46:30,800 [INFO]   [margin] Seed=123 R8/10 F1=0.6863 Acc=0.7097 Labeled=900 QueryTime=0.0s GPU=147MB
2026-06-21 16:46:36,044 [INFO]   [margin] Seed=123 R9/10 F1=0.6743 Acc=0.7015 Labeled=1000 QueryTime=0.0s GPU=147MB
2026-06-21 16:46:43,989 [INFO]   [margin] Seed=456 R1/10 F1=0.1718 Acc=0.2863 Labeled=200 QueryTime=0.0s GPU=110MB
2026-06-21 16:46:47,640 [INFO]   [margin] Seed=456 R2/10 F1=0.2289 Acc=0.3429 Labeled=300 QueryTime=0.0s GPU=145MB
2026-06-21 16:46:51,765 [INFO]   [margin] Seed=456 R3/10 F1=0.2816 Acc=0.3751 Labeled=400 QueryTime=0.0s GPU=159MB
2026-06-21 16:46:55,623 [INFO]   [margin] Seed=456 R4/10 F1=0.3137 Acc=0.3982 Labeled=500 QueryTime=0.0s GPU=159MB
2026-06-21 16:46:59,194 [INFO]   [margin] Seed=456 R5/10 F1=0.4725 Acc=0.5250 Labeled=600 QueryTime=0.0s GPU=159MB
2026-06-21 16:47:03,418 [INFO]   [margin] Seed=456 R6/10 F1=0.6124 Acc=0.6527 Labeled=700 QueryTime=0.0s GPU=159MB
2026-06-21 16:47:07,521 [INFO]   [margin] Seed=456 R7/10 F1=0.6835 Acc=0.7132 Labeled=800 QueryTime=0.0s GPU=159MB
2026-06-21 16:47:12,047 [INFO]   [margin] Seed=456 R8/10 F1=0.6908 Acc=0.7265 Labeled=900 QueryTime=0.0s GPU=159MB
2026-06-21 16:47:16,558 [INFO]   [margin] Seed=456 R9/10 F1=0.6522 Acc=0.6947 Labeled=1000 QueryTime=0.0s GPU=159MB
2026-06-21 16:47:20,348 [INFO] 
--- Strategy: class_aware_entropy ---
2026-06-21 16:47:23,912 [INFO]   [class_aware_entropy] Seed=42 R1/10 F1=0.1311 Acc=0.2372 Labeled=200 QueryTime=0.0s GPU=122MB
2026-06-21 16:47:27,805 [INFO]   [class_aware_entropy] Seed=42 R2/10 F1=0.1837 Acc=0.3034 Labeled=300 QueryTime=0.1s GPU=149MB
2026-06-21 16:47:31,804 [INFO]   [class_aware_entropy] Seed=42 R3/10 F1=0.3633 Acc=0.4580 Labeled=400 QueryTime=0.1s GPU=164MB
2026-06-21 16:47:35,798 [INFO]   [class_aware_entropy] Seed=42 R4/10 F1=0.5057 Acc=0.5642 Labeled=500 QueryTime=0.1s GPU=164MB
2026-06-21 16:47:39,393 [INFO]   [class_aware_entropy] Seed=42 R5/10 F1=0.5434 Acc=0.5981 Labeled=600 QueryTime=0.2s GPU=164MB
2026-06-21 16:47:43,517 [INFO]   [class_aware_entropy] Seed=42 R6/10 F1=0.5476 Acc=0.6042 Labeled=700 QueryTime=0.2s GPU=164MB
2026-06-21 16:47:47,668 [INFO]   [class_aware_entropy] Seed=42 R7/10 F1=0.6347 Acc=0.6663 Labeled=800 QueryTime=0.2s GPU=164MB
2026-06-21 16:47:52,247 [INFO]   [class_aware_entropy] Seed=42 R8/10 F1=0.6569 Acc=0.6881 Labeled=900 QueryTime=0.3s GPU=164MB
2026-06-21 16:47:56,838 [INFO]   [class_aware_entropy] Seed=42 R9/10 F1=0.7117 Acc=0.7319 Labeled=1000 QueryTime=0.3s GPU=164MB
2026-06-21 16:48:03,787 [INFO]   [class_aware_entropy] Seed=123 R1/10 F1=0.2563 Acc=0.3720 Labeled=200 QueryTime=0.0s GPU=122MB
2026-06-21 16:48:07,219 [INFO]   [class_aware_entropy] Seed=123 R2/10 F1=0.1856 Acc=0.2820 Labeled=300 QueryTime=0.1s GPU=149MB
2026-06-21 16:48:10,774 [INFO]   [class_aware_entropy] Seed=123 R3/10 F1=0.2173 Acc=0.3201 Labeled=400 QueryTime=0.1s GPU=164MB
2026-06-21 16:48:14,306 [INFO]   [class_aware_entropy] Seed=123 R4/10 F1=0.2388 Acc=0.3641 Labeled=500 QueryTime=0.1s GPU=164MB
2026-06-21 16:48:17,909 [INFO]   [class_aware_entropy] Seed=123 R5/10 F1=0.2216 Acc=0.3156 Labeled=600 QueryTime=0.2s GPU=164MB
2026-06-21 16:48:22,105 [INFO]   [class_aware_entropy] Seed=123 R6/10 F1=0.5769 Acc=0.6109 Labeled=700 QueryTime=0.2s GPU=164MB
2026-06-21 16:48:26,405 [INFO]   [class_aware_entropy] Seed=123 R7/10 F1=0.6339 Acc=0.6642 Labeled=800 QueryTime=0.2s GPU=164MB
2026-06-21 16:48:31,626 [INFO]   [class_aware_entropy] Seed=123 R8/10 F1=0.6772 Acc=0.7044 Labeled=900 QueryTime=0.3s GPU=164MB
2026-06-21 16:48:36,861 [INFO]   [class_aware_entropy] Seed=123 R9/10 F1=0.7006 Acc=0.7297 Labeled=1000 QueryTime=0.3s GPU=164MB
2026-06-21 16:48:44,711 [INFO]   [class_aware_entropy] Seed=456 R1/10 F1=0.1718 Acc=0.2863 Labeled=200 QueryTime=0.0s GPU=122MB
2026-06-21 16:48:48,620 [INFO]   [class_aware_entropy] Seed=456 R2/10 F1=0.1473 Acc=0.2494 Labeled=300 QueryTime=0.1s GPU=149MB
2026-06-21 16:48:52,609 [INFO]   [class_aware_entropy] Seed=456 R3/10 F1=0.2289 Acc=0.3253 Labeled=400 QueryTime=0.1s GPU=164MB
2026-06-21 16:48:56,702 [INFO]   [class_aware_entropy] Seed=456 R4/10 F1=0.3335 Acc=0.4186 Labeled=500 QueryTime=0.1s GPU=164MB
2026-06-21 16:49:00,762 [INFO]   [class_aware_entropy] Seed=456 R5/10 F1=0.5276 Acc=0.5770 Labeled=600 QueryTime=0.2s GPU=164MB
2026-06-21 16:49:05,403 [INFO]   [class_aware_entropy] Seed=456 R6/10 F1=0.6219 Acc=0.6618 Labeled=700 QueryTime=0.2s GPU=164MB
2026-06-21 16:49:09,758 [INFO]   [class_aware_entropy] Seed=456 R7/10 F1=0.6832 Acc=0.7111 Labeled=800 QueryTime=0.2s GPU=164MB
2026-06-21 16:49:14,377 [INFO]   [class_aware_entropy] Seed=456 R8/10 F1=0.6914 Acc=0.7163 Labeled=900 QueryTime=0.3s GPU=164MB
2026-06-21 16:49:19,462 [INFO]   [class_aware_entropy] Seed=456 R9/10 F1=0.6841 Acc=0.7200 Labeled=1000 QueryTime=0.3s GPU=164MB
2026-06-21 16:49:23,668 [INFO] 
--- Strategy: gap_aware_entropy ---
2026-06-21 16:49:27,361 [INFO]   [gap_aware_entropy] Seed=42 R1/10 F1=0.1311 Acc=0.2372 Labeled=200 QueryTime=0.0s GPU=122MB
2026-06-21 16:49:31,156 [INFO]   [gap_aware_entropy] Seed=42 R2/10 F1=0.2352 Acc=0.3145 Labeled=300 QueryTime=0.1s GPU=149MB
2026-06-21 16:49:34,757 [INFO]   [gap_aware_entropy] Seed=42 R3/10 F1=0.2968 Acc=0.3612 Labeled=400 QueryTime=0.1s GPU=164MB
2026-06-21 16:49:38,662 [INFO]   [gap_aware_entropy] Seed=42 R4/10 F1=0.4957 Acc=0.5213 Labeled=500 QueryTime=0.1s GPU=164MB
2026-06-21 16:49:42,624 [INFO]   [gap_aware_entropy] Seed=42 R5/10 F1=0.4929 Acc=0.5550 Labeled=600 QueryTime=0.2s GPU=164MB
2026-06-21 16:49:47,218 [INFO]   [gap_aware_entropy] Seed=42 R6/10 F1=0.5867 Acc=0.6102 Labeled=700 QueryTime=0.2s GPU=164MB
2026-06-21 16:49:51,923 [INFO]   [gap_aware_entropy] Seed=42 R7/10 F1=0.5970 Acc=0.6377 Labeled=800 QueryTime=0.2s GPU=164MB
2026-06-21 16:49:57,133 [INFO]   [gap_aware_entropy] Seed=42 R8/10 F1=0.6902 Acc=0.7213 Labeled=900 QueryTime=0.3s GPU=164MB
2026-06-21 16:50:02,443 [INFO]   [gap_aware_entropy] Seed=42 R9/10 F1=0.7025 Acc=0.7303 Labeled=1000 QueryTime=0.3s GPU=164MB
2026-06-21 16:50:10,172 [INFO]   [gap_aware_entropy] Seed=123 R1/10 F1=0.2563 Acc=0.3720 Labeled=200 QueryTime=0.0s GPU=122MB
2026-06-21 16:50:14,002 [INFO]   [gap_aware_entropy] Seed=123 R2/10 F1=0.2539 Acc=0.3370 Labeled=300 QueryTime=0.1s GPU=149MB
2026-06-21 16:50:17,951 [INFO]   [gap_aware_entropy] Seed=123 R3/10 F1=0.2910 Acc=0.4120 Labeled=400 QueryTime=0.1s GPU=164MB
2026-06-21 16:50:21,840 [INFO]   [gap_aware_entropy] Seed=123 R4/10 F1=0.3880 Acc=0.4985 Labeled=500 QueryTime=0.1s GPU=164MB
2026-06-21 16:50:25,374 [INFO]   [gap_aware_entropy] Seed=123 R5/10 F1=0.5255 Acc=0.5763 Labeled=600 QueryTime=0.2s GPU=164MB
2026-06-21 16:50:29,759 [INFO]   [gap_aware_entropy] Seed=123 R6/10 F1=0.6218 Acc=0.6616 Labeled=700 QueryTime=0.2s GPU=164MB
2026-06-21 16:50:33,848 [INFO]   [gap_aware_entropy] Seed=123 R7/10 F1=0.6359 Acc=0.6681 Labeled=800 QueryTime=0.2s GPU=164MB
2026-06-21 16:50:38,546 [INFO]   [gap_aware_entropy] Seed=123 R8/10 F1=0.6688 Acc=0.6967 Labeled=900 QueryTime=0.3s GPU=164MB
2026-06-21 16:50:43,305 [INFO]   [gap_aware_entropy] Seed=123 R9/10 F1=0.6818 Acc=0.7112 Labeled=1000 QueryTime=0.3s GPU=164MB
2026-06-21 16:50:50,156 [INFO]   [gap_aware_entropy] Seed=456 R1/10 F1=0.1718 Acc=0.2863 Labeled=200 QueryTime=0.0s GPU=122MB
2026-06-21 16:50:53,496 [INFO]   [gap_aware_entropy] Seed=456 R2/10 F1=0.1193 Acc=0.2420 Labeled=300 QueryTime=0.1s GPU=149MB
2026-06-21 16:50:57,194 [INFO]   [gap_aware_entropy] Seed=456 R3/10 F1=0.1827 Acc=0.3089 Labeled=400 QueryTime=0.1s GPU=164MB
2026-06-21 16:51:00,967 [INFO]   [gap_aware_entropy] Seed=456 R4/10 F1=0.2449 Acc=0.3092 Labeled=500 QueryTime=0.1s GPU=164MB
2026-06-21 16:51:04,741 [INFO]   [gap_aware_entropy] Seed=456 R5/10 F1=0.4327 Acc=0.5050 Labeled=600 QueryTime=0.2s GPU=164MB
2026-06-21 16:51:08,823 [INFO]   [gap_aware_entropy] Seed=456 R6/10 F1=0.6275 Acc=0.6601 Labeled=700 QueryTime=0.2s GPU=164MB
2026-06-21 16:51:12,979 [INFO]   [gap_aware_entropy] Seed=456 R7/10 F1=0.6462 Acc=0.6824 Labeled=800 QueryTime=0.2s GPU=164MB
2026-06-21 16:51:17,605 [INFO]   [gap_aware_entropy] Seed=456 R8/10 F1=0.6936 Acc=0.7205 Labeled=900 QueryTime=0.3s GPU=164MB
2026-06-21 16:51:22,268 [INFO]   [gap_aware_entropy] Seed=456 R9/10 F1=0.6853 Acc=0.7186 Labeled=1000 QueryTime=0.3s GPU=164MB
2026-06-21 16:51:25,797 [INFO] 
--- Strategy: adaptive_gap_entropy ---
2026-06-21 16:51:29,253 [INFO]   [adaptive_gap_entropy] Seed=42 R1/10 F1=0.1311 Acc=0.2372 Labeled=200 QueryTime=0.0s GPU=122MB
2026-06-21 16:51:33,016 [INFO]   [adaptive_gap_entropy] Seed=42 R2/10 F1=0.2609 Acc=0.3428 Labeled=300 QueryTime=0.1s GPU=149MB
2026-06-21 16:51:36,795 [INFO]   [adaptive_gap_entropy] Seed=42 R3/10 F1=0.3066 Acc=0.3742 Labeled=400 QueryTime=0.1s GPU=164MB
2026-06-21 16:51:40,698 [INFO]   [adaptive_gap_entropy] Seed=42 R4/10 F1=0.4207 Acc=0.4584 Labeled=500 QueryTime=0.1s GPU=164MB
2026-06-21 16:51:44,777 [INFO]   [adaptive_gap_entropy] Seed=42 R5/10 F1=0.5198 Acc=0.5771 Labeled=600 QueryTime=0.2s GPU=164MB
2026-06-21 16:51:49,336 [INFO]   [adaptive_gap_entropy] Seed=42 R6/10 F1=0.6046 Acc=0.6402 Labeled=700 QueryTime=0.2s GPU=164MB
2026-06-21 16:51:53,698 [INFO]   [adaptive_gap_entropy] Seed=42 R7/10 F1=0.6231 Acc=0.6492 Labeled=800 QueryTime=0.2s GPU=164MB
2026-06-21 16:51:58,693 [INFO]   [adaptive_gap_entropy] Seed=42 R8/10 F1=0.6606 Acc=0.6967 Labeled=900 QueryTime=0.3s GPU=164MB
2026-06-21 16:52:03,302 [INFO]   [adaptive_gap_entropy] Seed=42 R9/10 F1=0.7229 Acc=0.7392 Labeled=1000 QueryTime=0.3s GPU=164MB
2026-06-21 16:52:10,181 [INFO]   [adaptive_gap_entropy] Seed=123 R1/10 F1=0.2563 Acc=0.3720 Labeled=200 QueryTime=0.0s GPU=122MB
2026-06-21 16:52:13,925 [INFO]   [adaptive_gap_entropy] Seed=123 R2/10 F1=0.2658 Acc=0.3479 Labeled=300 QueryTime=0.1s GPU=149MB
2026-06-21 16:52:17,819 [INFO]   [adaptive_gap_entropy] Seed=123 R3/10 F1=0.2914 Acc=0.4072 Labeled=400 QueryTime=0.1s GPU=164MB
2026-06-21 16:52:21,813 [INFO]   [adaptive_gap_entropy] Seed=123 R4/10 F1=0.3672 Acc=0.4796 Labeled=500 QueryTime=0.1s GPU=164MB
2026-06-21 16:52:25,890 [INFO]   [adaptive_gap_entropy] Seed=123 R5/10 F1=0.4892 Acc=0.5429 Labeled=600 QueryTime=0.2s GPU=164MB
2026-06-21 16:52:30,461 [INFO]   [adaptive_gap_entropy] Seed=123 R6/10 F1=0.6021 Acc=0.6409 Labeled=700 QueryTime=0.2s GPU=164MB
2026-06-21 16:52:34,890 [INFO]   [adaptive_gap_entropy] Seed=123 R7/10 F1=0.6579 Acc=0.6885 Labeled=800 QueryTime=0.2s GPU=164MB
2026-06-21 16:52:39,506 [INFO]   [adaptive_gap_entropy] Seed=123 R8/10 F1=0.6863 Acc=0.7078 Labeled=900 QueryTime=0.3s GPU=164MB
2026-06-21 16:52:44,155 [INFO]   [adaptive_gap_entropy] Seed=123 R9/10 F1=0.7096 Acc=0.7369 Labeled=1000 QueryTime=0.3s GPU=164MB
2026-06-21 16:52:51,388 [INFO]   [adaptive_gap_entropy] Seed=456 R1/10 F1=0.1718 Acc=0.2863 Labeled=200 QueryTime=0.0s GPU=122MB
2026-06-21 16:52:54,774 [INFO]   [adaptive_gap_entropy] Seed=456 R2/10 F1=0.1100 Acc=0.2254 Labeled=300 QueryTime=0.1s GPU=149MB
2026-06-21 16:52:58,255 [INFO]   [adaptive_gap_entropy] Seed=456 R3/10 F1=0.1842 Acc=0.3075 Labeled=400 QueryTime=0.1s GPU=164MB
2026-06-21 16:53:01,793 [INFO]   [adaptive_gap_entropy] Seed=456 R4/10 F1=0.2579 Acc=0.3313 Labeled=500 QueryTime=0.1s GPU=164MB
2026-06-21 16:53:05,371 [INFO]   [adaptive_gap_entropy] Seed=456 R5/10 F1=0.4787 Acc=0.5439 Labeled=600 QueryTime=0.2s GPU=164MB
2026-06-21 16:53:09,829 [INFO]   [adaptive_gap_entropy] Seed=456 R6/10 F1=0.6234 Acc=0.6536 Labeled=700 QueryTime=0.2s GPU=164MB
2026-06-21 16:53:14,181 [INFO]   [adaptive_gap_entropy] Seed=456 R7/10 F1=0.6756 Acc=0.6872 Labeled=800 QueryTime=0.2s GPU=164MB
2026-06-21 16:53:18,697 [INFO]   [adaptive_gap_entropy] Seed=456 R8/10 F1=0.6785 Acc=0.7135 Labeled=900 QueryTime=0.3s GPU=164MB
2026-06-21 16:53:23,277 [INFO]   [adaptive_gap_entropy] Seed=456 R9/10 F1=0.7080 Acc=0.7284 Labeled=1000 QueryTime=0.3s GPU=164MB
2026-06-21 16:53:26,884 [INFO] 
--- Full Supervised Baseline ---
