2026-06-20 09:49:39,049 [INFO] === v8 Controlled-Fast AL+SSL Analysis: cifar10 ===
2026-06-20 09:49:39,049 [INFO] Budget: ultra_low, Model: simplecnn, Scheduler: True
2026-06-20 09:49:39,050 [INFO] Strategies: ['entropy']
2026-06-20 09:49:39,050 [INFO] Seeds: [42, 123, 456]
2026-06-20 09:49:39,050 [INFO] Rounds: 10, Initial: 100, Query: 100
2026-06-20 09:49:39,050 [INFO] SSL: True, Method: pseudo_label, t-SNE: False, Resume: False
2026-06-20 09:49:39,050 [INFO] Imbalance mode: max/min class count ratio = 5
2026-06-20 09:49:39,142 [INFO] Device: cuda
2026-06-20 09:49:58,402 [INFO] Imbalance filter (Exponential): 50000 -> 25423 training samples
2026-06-20 09:49:58,403 [INFO] 
--- Strategy: entropy ---
2026-06-20 09:50:06,679 [INFO]   [entropy] Seed=42 R1/10 F1=0.0735 Acc=0.1381 Labeled=200 QueryTime=0.0s GPU=168MB SSL+0
2026-06-20 09:50:12,248 [INFO]   [entropy] Seed=42 R2/10 F1=0.1922 Acc=0.2402 Labeled=300 QueryTime=0.0s GPU=212MB SSL+0
2026-06-20 09:50:17,299 [INFO]   [entropy] Seed=42 R3/10 F1=0.2095 Acc=0.2630 Labeled=400 QueryTime=0.0s GPU=233MB SSL+0
2026-06-20 09:50:21,705 [INFO]   [entropy] Seed=42 R4/10 F1=0.2578 Acc=0.2793 Labeled=500 QueryTime=0.0s GPU=233MB SSL+0
2026-06-20 09:50:26,572 [INFO]   [entropy] Seed=42 R5/10 F1=0.2951 Acc=0.3174 Labeled=600 QueryTime=0.0s GPU=233MB SSL+0
2026-06-20 09:50:33,025 [INFO]   [entropy] Seed=42 R6/10 F1=0.2977 Acc=0.3366 Labeled=700 QueryTime=0.0s GPU=233MB SSL+0
2026-06-20 09:50:39,677 [INFO]   [entropy] Seed=42 R7/10 F1=0.3650 Acc=0.3877 Labeled=800 QueryTime=0.0s GPU=233MB SSL+0
2026-06-20 09:50:47,092 [INFO]   [entropy] Seed=42 R8/10 F1=0.3739 Acc=0.4042 Labeled=900 QueryTime=0.0s GPU=233MB SSL+5
2026-06-20 09:50:52,587 [INFO]   [entropy] Seed=42 R9/10 F1=0.3967 Acc=0.4226 Labeled=1000 QueryTime=0.0s GPU=233MB SSL+8
2026-06-20 09:51:03,984 [INFO]   [entropy] Seed=123 R1/10 F1=0.0945 Acc=0.1653 Labeled=200 QueryTime=0.0s GPU=185MB SSL+0
2026-06-20 09:51:09,124 [INFO]   [entropy] Seed=123 R2/10 F1=0.1865 Acc=0.2528 Labeled=300 QueryTime=0.0s GPU=226MB SSL+0
2026-06-20 09:51:14,300 [INFO]   [entropy] Seed=123 R3/10 F1=0.2334 Acc=0.2896 Labeled=400 QueryTime=0.0s GPU=248MB SSL+0
2026-06-20 09:51:19,986 [INFO]   [entropy] Seed=123 R4/10 F1=0.2617 Acc=0.2975 Labeled=500 QueryTime=0.0s GPU=248MB SSL+0
2026-06-20 09:51:25,281 [INFO]   [entropy] Seed=123 R5/10 F1=0.2886 Acc=0.3365 Labeled=600 QueryTime=0.0s GPU=248MB SSL+0
2026-06-20 09:51:31,503 [INFO]   [entropy] Seed=123 R6/10 F1=0.3256 Acc=0.3658 Labeled=700 QueryTime=0.0s GPU=248MB SSL+0
2026-06-20 09:51:36,845 [INFO]   [entropy] Seed=123 R7/10 F1=0.3642 Acc=0.3915 Labeled=800 QueryTime=0.0s GPU=248MB SSL+2
2026-06-20 09:51:40,279 [INFO]   [entropy] Seed=123 R8/10 F1=0.3854 Acc=0.4100 Labeled=900 QueryTime=0.0s GPU=249MB SSL+2
2026-06-20 09:51:43,693 [INFO]   [entropy] Seed=123 R9/10 F1=0.4133 Acc=0.4295 Labeled=1000 QueryTime=0.0s GPU=249MB SSL+8
2026-06-20 09:51:48,758 [INFO]   [entropy] Seed=456 R1/10 F1=0.0981 Acc=0.1639 Labeled=200 QueryTime=0.0s GPU=200MB SSL+0
2026-06-20 09:51:51,035 [INFO]   [entropy] Seed=456 R2/10 F1=0.1689 Acc=0.2382 Labeled=300 QueryTime=0.0s GPU=214MB SSL+0
2026-06-20 09:51:53,578 [INFO]   [entropy] Seed=456 R3/10 F1=0.2142 Acc=0.2650 Labeled=400 QueryTime=0.0s GPU=235MB SSL+0
2026-06-20 09:51:56,341 [INFO]   [entropy] Seed=456 R4/10 F1=0.2435 Acc=0.2938 Labeled=500 QueryTime=0.0s GPU=235MB SSL+0
2026-06-20 09:51:58,605 [INFO]   [entropy] Seed=456 R5/10 F1=0.2764 Acc=0.3190 Labeled=600 QueryTime=0.0s GPU=235MB SSL+0
2026-06-20 09:52:01,375 [INFO]   [entropy] Seed=456 R6/10 F1=0.3517 Acc=0.3733 Labeled=700 QueryTime=0.0s GPU=235MB SSL+0
2026-06-20 09:52:04,366 [INFO]   [entropy] Seed=456 R7/10 F1=0.3510 Acc=0.3750 Labeled=800 QueryTime=0.0s GPU=235MB SSL+2
2026-06-20 09:52:09,180 [INFO]   [entropy] Seed=456 R8/10 F1=0.3841 Acc=0.4064 Labeled=900 QueryTime=0.0s GPU=235MB SSL+2
2026-06-20 09:52:12,598 [INFO]   [entropy] Seed=456 R9/10 F1=0.4119 Acc=0.4312 Labeled=1000 QueryTime=0.0s GPU=235MB SSL+8
2026-06-20 09:52:15,595 [INFO] 
--- Full Supervised Baseline ---
