2026-06-20 11:21:19,854 [INFO] === v8 Controlled-Fast AL+SSL Analysis: cifar10 ===
2026-06-20 11:21:19,854 [INFO] Budget: ultra_low, Model: simplecnn, Scheduler: True
2026-06-20 11:21:19,855 [INFO] Strategies: ['class_aware_entropy_ssl', 'gap_aware_entropy_ssl']
2026-06-20 11:21:19,855 [INFO] Seeds: [42, 123, 456]
2026-06-20 11:21:19,855 [INFO] Rounds: 10, Initial: 100, Query: 100
2026-06-20 11:21:19,855 [INFO] SSL: True, Method: pseudo_label, t-SNE: False, Resume: False
2026-06-20 11:21:19,855 [INFO] Imbalance mode: max/min class count ratio = 10
2026-06-20 11:21:19,952 [INFO] Device: cuda
2026-06-20 11:21:40,892 [INFO] Imbalance filter (Exponential): 50000 -> 20431 training samples
2026-06-20 11:21:40,892 [INFO] 
--- Strategy: class_aware_entropy_ssl ---
2026-06-20 11:21:48,915 [INFO]   [class_aware_entropy_ssl] Seed=42 R1/10 F1=0.0807 Acc=0.1469 Labeled=200 QueryTime=0.0s GPU=168MB SSL+0
2026-06-20 11:21:54,347 [INFO]   [class_aware_entropy_ssl] Seed=42 R2/10 F1=0.1695 Acc=0.2353 Labeled=300 QueryTime=0.1s GPU=206MB SSL+0
2026-06-20 11:21:59,099 [INFO]   [class_aware_entropy_ssl] Seed=42 R3/10 F1=0.2256 Acc=0.2754 Labeled=400 QueryTime=0.1s GPU=225MB SSL+0
2026-06-20 11:22:03,892 [INFO]   [class_aware_entropy_ssl] Seed=42 R4/10 F1=0.2557 Acc=0.3009 Labeled=500 QueryTime=0.1s GPU=225MB SSL+0
2026-06-20 11:22:08,445 [INFO]   [class_aware_entropy_ssl] Seed=42 R5/10 F1=0.2646 Acc=0.3137 Labeled=600 QueryTime=0.2s GPU=225MB SSL+0
2026-06-20 11:22:14,453 [INFO]   [class_aware_entropy_ssl] Seed=42 R6/10 F1=0.2755 Acc=0.3281 Labeled=700 QueryTime=0.2s GPU=225MB SSL+0
2026-06-20 11:22:20,723 [INFO]   [class_aware_entropy_ssl] Seed=42 R7/10 F1=0.3280 Acc=0.3594 Labeled=800 QueryTime=0.3s GPU=225MB SSL+0
2026-06-20 11:22:28,104 [INFO]   [class_aware_entropy_ssl] Seed=42 R8/10 F1=0.3933 Acc=0.4065 Labeled=900 QueryTime=0.3s GPU=225MB SSL+1
2026-06-20 11:22:35,708 [INFO]   [class_aware_entropy_ssl] Seed=42 R9/10 F1=0.3722 Acc=0.3990 Labeled=1000 QueryTime=0.3s GPU=225MB SSL+8
2026-06-20 11:22:46,081 [INFO]   [class_aware_entropy_ssl] Seed=123 R1/10 F1=0.0902 Acc=0.1529 Labeled=200 QueryTime=0.0s GPU=169MB SSL+0
2026-06-20 11:22:50,689 [INFO]   [class_aware_entropy_ssl] Seed=123 R2/10 F1=0.1391 Acc=0.2129 Labeled=300 QueryTime=0.1s GPU=204MB SSL+0
2026-06-20 11:22:55,733 [INFO]   [class_aware_entropy_ssl] Seed=123 R3/10 F1=0.1690 Acc=0.2464 Labeled=400 QueryTime=0.1s GPU=225MB SSL+0
2026-06-20 11:23:00,477 [INFO]   [class_aware_entropy_ssl] Seed=123 R4/10 F1=0.1995 Acc=0.2708 Labeled=500 QueryTime=0.1s GPU=225MB SSL+0
2026-06-20 11:23:05,384 [INFO]   [class_aware_entropy_ssl] Seed=123 R5/10 F1=0.2286 Acc=0.2918 Labeled=600 QueryTime=0.2s GPU=225MB SSL+0
2026-06-20 11:23:11,258 [INFO]   [class_aware_entropy_ssl] Seed=123 R6/10 F1=0.2980 Acc=0.3487 Labeled=700 QueryTime=0.2s GPU=225MB SSL+0
2026-06-20 11:23:17,605 [INFO]   [class_aware_entropy_ssl] Seed=123 R7/10 F1=0.3262 Acc=0.3649 Labeled=800 QueryTime=0.2s GPU=225MB SSL+0
2026-06-20 11:23:24,971 [INFO]   [class_aware_entropy_ssl] Seed=123 R8/10 F1=0.3735 Acc=0.4065 Labeled=900 QueryTime=0.3s GPU=225MB SSL+1
2026-06-20 11:23:32,276 [INFO]   [class_aware_entropy_ssl] Seed=123 R9/10 F1=0.4084 Acc=0.4331 Labeled=1000 QueryTime=0.3s GPU=225MB SSL+7
2026-06-20 11:23:42,851 [INFO]   [class_aware_entropy_ssl] Seed=456 R1/10 F1=0.0973 Acc=0.1648 Labeled=200 QueryTime=0.0s GPU=169MB SSL+0
2026-06-20 11:23:47,703 [INFO]   [class_aware_entropy_ssl] Seed=456 R2/10 F1=0.1365 Acc=0.2165 Labeled=300 QueryTime=0.1s GPU=204MB SSL+0
2026-06-20 11:23:52,824 [INFO]   [class_aware_entropy_ssl] Seed=456 R3/10 F1=0.1633 Acc=0.2392 Labeled=400 QueryTime=0.1s GPU=225MB SSL+0
2026-06-20 11:23:58,026 [INFO]   [class_aware_entropy_ssl] Seed=456 R4/10 F1=0.2338 Acc=0.2887 Labeled=500 QueryTime=0.1s GPU=225MB SSL+0
2026-06-20 11:24:03,066 [INFO]   [class_aware_entropy_ssl] Seed=456 R5/10 F1=0.2907 Acc=0.3293 Labeled=600 QueryTime=0.2s GPU=225MB SSL+0
2026-06-20 11:24:09,462 [INFO]   [class_aware_entropy_ssl] Seed=456 R6/10 F1=0.3099 Acc=0.3530 Labeled=700 QueryTime=0.2s GPU=225MB SSL+0
2026-06-20 11:24:15,714 [INFO]   [class_aware_entropy_ssl] Seed=456 R7/10 F1=0.3175 Acc=0.3623 Labeled=800 QueryTime=0.2s GPU=225MB SSL+2
2026-06-20 11:24:23,212 [INFO]   [class_aware_entropy_ssl] Seed=456 R8/10 F1=0.3554 Acc=0.3857 Labeled=900 QueryTime=0.3s GPU=225MB SSL+3
2026-06-20 11:24:30,652 [INFO]   [class_aware_entropy_ssl] Seed=456 R9/10 F1=0.3915 Acc=0.4232 Labeled=1000 QueryTime=0.3s GPU=225MB SSL+15
2026-06-20 11:24:36,737 [INFO] 
--- Strategy: gap_aware_entropy_ssl ---
2026-06-20 11:24:41,039 [INFO]   [gap_aware_entropy_ssl] Seed=42 R1/10 F1=0.0807 Acc=0.1469 Labeled=200 QueryTime=0.0s GPU=169MB SSL+0
2026-06-20 11:24:45,778 [INFO]   [gap_aware_entropy_ssl] Seed=42 R2/10 F1=0.1724 Acc=0.2214 Labeled=300 QueryTime=0.1s GPU=204MB SSL+0
2026-06-20 11:24:50,274 [INFO]   [gap_aware_entropy_ssl] Seed=42 R3/10 F1=0.2318 Acc=0.2660 Labeled=400 QueryTime=0.1s GPU=225MB SSL+0
2026-06-20 11:24:54,774 [INFO]   [gap_aware_entropy_ssl] Seed=42 R4/10 F1=0.2366 Acc=0.2815 Labeled=500 QueryTime=0.1s GPU=225MB SSL+0
2026-06-20 11:24:59,488 [INFO]   [gap_aware_entropy_ssl] Seed=42 R5/10 F1=0.2566 Acc=0.2965 Labeled=600 QueryTime=0.2s GPU=225MB SSL+0
2026-06-20 11:25:05,368 [INFO]   [gap_aware_entropy_ssl] Seed=42 R6/10 F1=0.2915 Acc=0.3275 Labeled=700 QueryTime=0.2s GPU=225MB SSL+0
2026-06-20 11:25:11,144 [INFO]   [gap_aware_entropy_ssl] Seed=42 R7/10 F1=0.3210 Acc=0.3446 Labeled=800 QueryTime=0.2s GPU=225MB SSL+2
2026-06-20 11:25:18,210 [INFO]   [gap_aware_entropy_ssl] Seed=42 R8/10 F1=0.3632 Acc=0.3868 Labeled=900 QueryTime=0.3s GPU=225MB SSL+4
2026-06-20 11:25:25,054 [INFO]   [gap_aware_entropy_ssl] Seed=42 R9/10 F1=0.3645 Acc=0.3818 Labeled=1000 QueryTime=0.3s GPU=225MB SSL+5
2026-06-20 11:25:35,398 [INFO]   [gap_aware_entropy_ssl] Seed=123 R1/10 F1=0.0902 Acc=0.1529 Labeled=200 QueryTime=0.0s GPU=169MB SSL+0
2026-06-20 11:25:39,928 [INFO]   [gap_aware_entropy_ssl] Seed=123 R2/10 F1=0.1580 Acc=0.2381 Labeled=300 QueryTime=0.1s GPU=204MB SSL+0
2026-06-20 11:25:44,845 [INFO]   [gap_aware_entropy_ssl] Seed=123 R3/10 F1=0.2406 Acc=0.2955 Labeled=400 QueryTime=0.1s GPU=225MB SSL+0
2026-06-20 11:25:49,981 [INFO]   [gap_aware_entropy_ssl] Seed=123 R4/10 F1=0.2555 Acc=0.3042 Labeled=500 QueryTime=0.1s GPU=225MB SSL+0
2026-06-20 11:25:54,824 [INFO]   [gap_aware_entropy_ssl] Seed=123 R5/10 F1=0.2931 Acc=0.3160 Labeled=600 QueryTime=0.2s GPU=225MB SSL+0
2026-06-20 11:26:00,626 [INFO]   [gap_aware_entropy_ssl] Seed=123 R6/10 F1=0.3350 Acc=0.3672 Labeled=700 QueryTime=0.2s GPU=225MB SSL+1
2026-06-20 11:26:06,388 [INFO]   [gap_aware_entropy_ssl] Seed=123 R7/10 F1=0.3669 Acc=0.3784 Labeled=800 QueryTime=0.2s GPU=225MB SSL+2
2026-06-20 11:26:13,770 [INFO]   [gap_aware_entropy_ssl] Seed=123 R8/10 F1=0.4001 Acc=0.4054 Labeled=900 QueryTime=0.3s GPU=225MB SSL+2
2026-06-20 11:26:21,210 [INFO]   [gap_aware_entropy_ssl] Seed=123 R9/10 F1=0.4001 Acc=0.4015 Labeled=1000 QueryTime=0.3s GPU=225MB SSL+6
2026-06-20 11:26:31,941 [INFO]   [gap_aware_entropy_ssl] Seed=456 R1/10 F1=0.0973 Acc=0.1648 Labeled=200 QueryTime=0.0s GPU=169MB SSL+0
2026-06-20 11:26:36,836 [INFO]   [gap_aware_entropy_ssl] Seed=456 R2/10 F1=0.2049 Acc=0.2574 Labeled=300 QueryTime=0.1s GPU=204MB SSL+0
2026-06-20 11:26:42,271 [INFO]   [gap_aware_entropy_ssl] Seed=456 R3/10 F1=0.1980 Acc=0.2457 Labeled=400 QueryTime=0.1s GPU=225MB SSL+0
2026-06-20 11:26:47,616 [INFO]   [gap_aware_entropy_ssl] Seed=456 R4/10 F1=0.2270 Acc=0.2901 Labeled=500 QueryTime=0.1s GPU=225MB SSL+0
2026-06-20 11:26:52,335 [INFO]   [gap_aware_entropy_ssl] Seed=456 R5/10 F1=0.2315 Acc=0.2829 Labeled=600 QueryTime=0.1s GPU=225MB SSL+0
2026-06-20 11:26:58,688 [INFO]   [gap_aware_entropy_ssl] Seed=456 R6/10 F1=0.2677 Acc=0.3137 Labeled=700 QueryTime=0.2s GPU=225MB SSL+0
2026-06-20 11:27:04,778 [INFO]   [gap_aware_entropy_ssl] Seed=456 R7/10 F1=0.3056 Acc=0.3444 Labeled=800 QueryTime=0.2s GPU=225MB SSL+4
2026-06-20 11:27:11,816 [INFO]   [gap_aware_entropy_ssl] Seed=456 R8/10 F1=0.3319 Acc=0.3663 Labeled=900 QueryTime=0.3s GPU=225MB SSL+5
2026-06-20 11:27:19,779 [INFO]   [gap_aware_entropy_ssl] Seed=456 R9/10 F1=0.3724 Acc=0.4006 Labeled=1000 QueryTime=0.4s GPU=225MB SSL+45
2026-06-20 11:27:26,868 [INFO] 
--- Full Supervised Baseline ---
