2026-06-12 23:53:52,398 [INFO] === v8 Controlled-Fast AL+SSL Analysis: cifar10 ===
2026-06-12 23:53:52,399 [INFO] Budget: ultra_low, Model: simplecnn, Scheduler: True
2026-06-12 23:53:52,399 [INFO] Strategies: ['adaptive_gap_entropy', 'class_aware_entropy', 'gap_aware_entropy']
2026-06-12 23:53:52,399 [INFO] Seeds: [42, 123, 456, 789, 1024]
2026-06-12 23:53:52,399 [INFO] Rounds: 10, Initial: 100, Query: 100
2026-06-12 23:53:52,400 [INFO] SSL: True, Method: flexmatch, t-SNE: False, Resume: False
2026-06-12 23:53:52,400 [INFO] Imbalance mode: max/min class count ratio = 1
2026-06-12 23:53:52,462 [INFO] Device: cuda
2026-06-12 23:54:12,962 [INFO] Imbalance filter (Exponential): 50000 -> 50000 training samples
2026-06-12 23:54:12,963 [INFO] 
--- Strategy: adaptive_gap_entropy ---
2026-06-12 23:54:25,757 [INFO]   [adaptive_gap_entropy] Seed=42 R1/10 F1=0.0777 Acc=0.1315 Labeled=200 QueryTime=0.1s GPU=172MB SSL+0
2026-06-12 23:54:35,748 [INFO]   [adaptive_gap_entropy] Seed=42 R2/10 F1=0.2033 Acc=0.2237 Labeled=300 QueryTime=0.1s GPU=210MB SSL+0
2026-06-12 23:54:44,603 [INFO]   [adaptive_gap_entropy] Seed=42 R3/10 F1=0.2346 Acc=0.2471 Labeled=400 QueryTime=0.2s GPU=229MB SSL+0
2026-06-12 23:54:52,459 [INFO]   [adaptive_gap_entropy] Seed=42 R4/10 F1=0.2511 Acc=0.2696 Labeled=500 QueryTime=0.2s GPU=229MB SSL+0
2026-06-12 23:55:02,465 [INFO]   [adaptive_gap_entropy] Seed=42 R5/10 F1=0.2648 Acc=0.2840 Labeled=600 QueryTime=0.2s GPU=229MB SSL+22
2026-06-12 23:55:15,979 [INFO]   [adaptive_gap_entropy] Seed=42 R6/10 F1=0.3160 Acc=0.3316 Labeled=700 QueryTime=0.3s GPU=229MB SSL+88
2026-06-12 23:55:30,111 [INFO]   [adaptive_gap_entropy] Seed=42 R7/10 F1=0.3483 Acc=0.3734 Labeled=800 QueryTime=0.3s GPU=229MB SSL+134
2026-06-12 23:55:49,767 [INFO]   [adaptive_gap_entropy] Seed=42 R8/10 F1=0.3701 Acc=0.3960 Labeled=900 QueryTime=0.4s GPU=229MB SSL+213
2026-06-12 23:56:12,759 [INFO]   [adaptive_gap_entropy] Seed=42 R9/10 F1=0.3982 Acc=0.4215 Labeled=1000 QueryTime=0.5s GPU=229MB SSL+268
2026-06-12 23:56:41,728 [INFO]   [adaptive_gap_entropy] Seed=123 R1/10 F1=0.1335 Acc=0.1793 Labeled=200 QueryTime=0.0s GPU=171MB SSL+0
2026-06-12 23:56:49,193 [INFO]   [adaptive_gap_entropy] Seed=123 R2/10 F1=0.1767 Acc=0.2281 Labeled=300 QueryTime=0.1s GPU=208MB SSL+0
2026-06-12 23:56:58,465 [INFO]   [adaptive_gap_entropy] Seed=123 R3/10 F1=0.2468 Acc=0.2684 Labeled=400 QueryTime=0.2s GPU=229MB SSL+14
2026-06-12 23:57:08,199 [INFO]   [adaptive_gap_entropy] Seed=123 R4/10 F1=0.2571 Acc=0.2928 Labeled=500 QueryTime=0.2s GPU=229MB SSL+16
2026-06-12 23:57:18,216 [INFO]   [adaptive_gap_entropy] Seed=123 R5/10 F1=0.1804 Acc=0.2392 Labeled=600 QueryTime=0.2s GPU=229MB SSL+60
2026-06-12 23:57:32,931 [INFO]   [adaptive_gap_entropy] Seed=123 R6/10 F1=0.2804 Acc=0.3196 Labeled=700 QueryTime=0.3s GPU=229MB SSL+139
2026-06-12 23:57:47,494 [INFO]   [adaptive_gap_entropy] Seed=123 R7/10 F1=0.3669 Acc=0.3822 Labeled=800 QueryTime=0.4s GPU=229MB SSL+106
2026-06-12 23:58:07,535 [INFO]   [adaptive_gap_entropy] Seed=123 R8/10 F1=0.3961 Acc=0.4172 Labeled=900 QueryTime=0.3s GPU=229MB SSL+256
2026-06-12 23:58:27,313 [INFO]   [adaptive_gap_entropy] Seed=123 R9/10 F1=0.4146 Acc=0.4379 Labeled=1000 QueryTime=0.4s GPU=229MB SSL+246
2026-06-12 23:58:57,212 [INFO]   [adaptive_gap_entropy] Seed=456 R1/10 F1=0.1068 Acc=0.1911 Labeled=200 QueryTime=0.0s GPU=171MB SSL+0
2026-06-12 23:59:05,928 [INFO]   [adaptive_gap_entropy] Seed=456 R2/10 F1=0.2872 Acc=0.3153 Labeled=300 QueryTime=0.1s GPU=208MB SSL+0
2026-06-12 23:59:14,293 [INFO]   [adaptive_gap_entropy] Seed=456 R3/10 F1=0.2877 Acc=0.3107 Labeled=400 QueryTime=0.2s GPU=229MB SSL+0
2026-06-12 23:59:24,313 [INFO]   [adaptive_gap_entropy] Seed=456 R4/10 F1=0.2816 Acc=0.3152 Labeled=500 QueryTime=0.2s GPU=229MB SSL+1
2026-06-12 23:59:34,309 [INFO]   [adaptive_gap_entropy] Seed=456 R5/10 F1=0.3390 Acc=0.3593 Labeled=600 QueryTime=0.3s GPU=229MB SSL+50
2026-06-12 23:59:49,497 [INFO]   [adaptive_gap_entropy] Seed=456 R6/10 F1=0.3574 Acc=0.3687 Labeled=700 QueryTime=0.3s GPU=229MB SSL+104
2026-06-12 23:59:59,248 [INFO]   [adaptive_gap_entropy] Seed=456 R7/10 F1=0.3680 Acc=0.3815 Labeled=800 QueryTime=0.1s GPU=229MB SSL+128
2026-06-13 00:00:17,535 [INFO]   [adaptive_gap_entropy] Seed=456 R8/10 F1=0.3818 Acc=0.4007 Labeled=900 QueryTime=0.4s GPU=229MB SSL+242
2026-06-13 00:00:38,362 [INFO]   [adaptive_gap_entropy] Seed=456 R9/10 F1=0.4076 Acc=0.4227 Labeled=1000 QueryTime=0.4s GPU=229MB SSL+325
2026-06-13 00:01:05,938 [INFO]   [adaptive_gap_entropy] Seed=789 R1/10 F1=0.1175 Acc=0.1895 Labeled=200 QueryTime=0.1s GPU=171MB SSL+0
2026-06-13 00:01:14,257 [INFO]   [adaptive_gap_entropy] Seed=789 R2/10 F1=0.1805 Acc=0.2261 Labeled=300 QueryTime=0.1s GPU=208MB SSL+0
2026-06-13 00:01:22,538 [INFO]   [adaptive_gap_entropy] Seed=789 R3/10 F1=0.2018 Acc=0.2454 Labeled=400 QueryTime=0.1s GPU=229MB SSL+29
2026-06-13 00:01:30,286 [INFO]   [adaptive_gap_entropy] Seed=789 R4/10 F1=0.2580 Acc=0.2774 Labeled=500 QueryTime=0.2s GPU=229MB SSL+43
2026-06-13 00:01:40,312 [INFO]   [adaptive_gap_entropy] Seed=789 R5/10 F1=0.2544 Acc=0.2909 Labeled=600 QueryTime=0.2s GPU=229MB SSL+47
2026-06-13 00:01:54,495 [INFO]   [adaptive_gap_entropy] Seed=789 R6/10 F1=0.2527 Acc=0.3110 Labeled=700 QueryTime=0.3s GPU=229MB SSL+157
2026-06-13 00:02:08,820 [INFO]   [adaptive_gap_entropy] Seed=789 R7/10 F1=0.3178 Acc=0.3499 Labeled=800 QueryTime=0.3s GPU=229MB SSL+142
2026-06-13 00:02:27,856 [INFO]   [adaptive_gap_entropy] Seed=789 R8/10 F1=0.3800 Acc=0.4033 Labeled=900 QueryTime=0.4s GPU=229MB SSL+144
2026-06-13 00:02:54,949 [INFO]   [adaptive_gap_entropy] Seed=789 R9/10 F1=0.3658 Acc=0.3995 Labeled=1000 QueryTime=0.5s GPU=229MB SSL+257
2026-06-13 00:03:29,484 [INFO]   [adaptive_gap_entropy] Seed=1024 R1/10 F1=0.0865 Acc=0.1669 Labeled=200 QueryTime=0.1s GPU=171MB SSL+0
2026-06-13 00:03:40,543 [INFO]   [adaptive_gap_entropy] Seed=1024 R2/10 F1=0.2286 Acc=0.2509 Labeled=300 QueryTime=0.1s GPU=208MB SSL+0
2026-06-13 00:03:51,934 [INFO]   [adaptive_gap_entropy] Seed=1024 R3/10 F1=0.2320 Acc=0.2709 Labeled=400 QueryTime=0.1s GPU=229MB SSL+25
2026-06-13 00:04:03,687 [INFO]   [adaptive_gap_entropy] Seed=1024 R4/10 F1=0.3211 Acc=0.3465 Labeled=500 QueryTime=0.2s GPU=229MB SSL+33
2026-06-13 00:04:15,604 [INFO]   [adaptive_gap_entropy] Seed=1024 R5/10 F1=0.3469 Acc=0.3698 Labeled=600 QueryTime=0.3s GPU=229MB SSL+44
2026-06-13 00:04:32,829 [INFO]   [adaptive_gap_entropy] Seed=1024 R6/10 F1=0.3636 Acc=0.3803 Labeled=700 QueryTime=0.3s GPU=229MB SSL+148
2026-06-13 00:04:51,807 [INFO]   [adaptive_gap_entropy] Seed=1024 R7/10 F1=0.3612 Acc=0.3909 Labeled=800 QueryTime=0.4s GPU=229MB SSL+157
2026-06-13 00:05:18,108 [INFO]   [adaptive_gap_entropy] Seed=1024 R8/10 F1=0.4163 Acc=0.4285 Labeled=900 QueryTime=0.5s GPU=229MB SSL+164
2026-06-13 00:05:44,438 [INFO]   [adaptive_gap_entropy] Seed=1024 R9/10 F1=0.3948 Acc=0.4241 Labeled=1000 QueryTime=0.5s GPU=229MB SSL+258
2026-06-13 00:06:10,451 [INFO] 
--- Strategy: class_aware_entropy ---
2026-06-13 00:06:16,488 [INFO]   [class_aware_entropy] Seed=42 R1/10 F1=0.0777 Acc=0.1315 Labeled=200 QueryTime=0.0s GPU=171MB SSL+0
2026-06-13 00:06:24,634 [INFO]   [class_aware_entropy] Seed=42 R2/10 F1=0.1633 Acc=0.2128 Labeled=300 QueryTime=0.1s GPU=208MB SSL+0
2026-06-13 00:06:35,823 [INFO]   [class_aware_entropy] Seed=42 R3/10 F1=0.2250 Acc=0.2475 Labeled=400 QueryTime=0.2s GPU=229MB SSL+24
2026-06-13 00:06:46,515 [INFO]   [class_aware_entropy] Seed=42 R4/10 F1=0.2200 Acc=0.2721 Labeled=500 QueryTime=0.2s GPU=229MB SSL+42
2026-06-13 00:07:00,428 [INFO]   [class_aware_entropy] Seed=42 R5/10 F1=0.3130 Acc=0.3330 Labeled=600 QueryTime=0.4s GPU=229MB SSL+38
2026-06-13 00:07:22,217 [INFO]   [class_aware_entropy] Seed=42 R6/10 F1=0.3044 Acc=0.3468 Labeled=700 QueryTime=0.5s GPU=229MB SSL+98
2026-06-13 00:07:46,184 [INFO]   [class_aware_entropy] Seed=42 R7/10 F1=0.3230 Acc=0.3532 Labeled=800 QueryTime=0.5s GPU=229MB SSL+117
2026-06-13 00:08:16,687 [INFO]   [class_aware_entropy] Seed=42 R8/10 F1=0.3900 Acc=0.4077 Labeled=900 QueryTime=0.6s GPU=229MB SSL+188
2026-06-13 00:08:47,866 [INFO]   [class_aware_entropy] Seed=42 R9/10 F1=0.4051 Acc=0.4227 Labeled=1000 QueryTime=0.6s GPU=229MB SSL+207
2026-06-13 00:09:26,353 [INFO]   [class_aware_entropy] Seed=123 R1/10 F1=0.1335 Acc=0.1793 Labeled=200 QueryTime=0.1s GPU=171MB SSL+0
2026-06-13 00:09:37,627 [INFO]   [class_aware_entropy] Seed=123 R2/10 F1=0.2057 Acc=0.2444 Labeled=300 QueryTime=0.1s GPU=208MB SSL+1
2026-06-13 00:09:49,952 [INFO]   [class_aware_entropy] Seed=123 R3/10 F1=0.2181 Acc=0.2581 Labeled=400 QueryTime=0.2s GPU=229MB SSL+19
2026-06-13 00:10:02,556 [INFO]   [class_aware_entropy] Seed=123 R4/10 F1=0.2594 Acc=0.2880 Labeled=500 QueryTime=0.2s GPU=229MB SSL+39
2026-06-13 00:10:15,485 [INFO]   [class_aware_entropy] Seed=123 R5/10 F1=0.2666 Acc=0.2941 Labeled=600 QueryTime=0.3s GPU=229MB SSL+48
2026-06-13 00:10:34,360 [INFO]   [class_aware_entropy] Seed=123 R6/10 F1=0.2803 Acc=0.3243 Labeled=700 QueryTime=0.4s GPU=229MB SSL+130
2026-06-13 00:10:53,508 [INFO]   [class_aware_entropy] Seed=123 R7/10 F1=0.3771 Acc=0.3939 Labeled=800 QueryTime=0.4s GPU=229MB SSL+140
2026-06-13 00:11:21,255 [INFO]   [class_aware_entropy] Seed=123 R8/10 F1=0.3669 Acc=0.3924 Labeled=900 QueryTime=0.5s GPU=229MB SSL+261
2026-06-13 00:11:50,682 [INFO]   [class_aware_entropy] Seed=123 R9/10 F1=0.4212 Acc=0.4349 Labeled=1000 QueryTime=0.6s GPU=229MB SSL+274
2026-06-13 00:12:30,598 [INFO]   [class_aware_entropy] Seed=456 R1/10 F1=0.1068 Acc=0.1911 Labeled=200 QueryTime=0.1s GPU=171MB SSL+0
2026-06-13 00:12:40,978 [INFO]   [class_aware_entropy] Seed=456 R2/10 F1=0.2451 Acc=0.2945 Labeled=300 QueryTime=0.1s GPU=208MB SSL+0
2026-06-13 00:12:53,374 [INFO]   [class_aware_entropy] Seed=456 R3/10 F1=0.2800 Acc=0.3054 Labeled=400 QueryTime=0.2s GPU=229MB SSL+0
2026-06-13 00:13:06,010 [INFO]   [class_aware_entropy] Seed=456 R4/10 F1=0.3279 Acc=0.3485 Labeled=500 QueryTime=0.2s GPU=229MB SSL+38
2026-06-13 00:13:19,402 [INFO]   [class_aware_entropy] Seed=456 R5/10 F1=0.3016 Acc=0.3346 Labeled=600 QueryTime=0.3s GPU=229MB SSL+52
2026-06-13 00:13:37,373 [INFO]   [class_aware_entropy] Seed=456 R6/10 F1=0.3284 Acc=0.3532 Labeled=700 QueryTime=0.3s GPU=229MB SSL+138
2026-06-13 00:13:57,538 [INFO]   [class_aware_entropy] Seed=456 R7/10 F1=0.3412 Acc=0.3790 Labeled=800 QueryTime=0.4s GPU=229MB SSL+171
2026-06-13 00:14:22,710 [INFO]   [class_aware_entropy] Seed=456 R8/10 F1=0.3631 Acc=0.3897 Labeled=900 QueryTime=0.3s GPU=229MB SSL+276
2026-06-13 00:14:45,148 [INFO]   [class_aware_entropy] Seed=456 R9/10 F1=0.3849 Acc=0.4163 Labeled=1000 QueryTime=0.6s GPU=229MB SSL+296
2026-06-13 00:15:22,103 [INFO]   [class_aware_entropy] Seed=789 R1/10 F1=0.1175 Acc=0.1895 Labeled=200 QueryTime=0.1s GPU=171MB SSL+0
2026-06-13 00:15:32,943 [INFO]   [class_aware_entropy] Seed=789 R2/10 F1=0.1652 Acc=0.2212 Labeled=300 QueryTime=0.1s GPU=208MB SSL+0
2026-06-13 00:15:44,740 [INFO]   [class_aware_entropy] Seed=789 R3/10 F1=0.2504 Acc=0.2841 Labeled=400 QueryTime=0.2s GPU=229MB SSL+0
2026-06-13 00:15:55,537 [INFO]   [class_aware_entropy] Seed=789 R4/10 F1=0.2302 Acc=0.2889 Labeled=500 QueryTime=0.3s GPU=229MB SSL+30
2026-06-13 00:16:08,260 [INFO]   [class_aware_entropy] Seed=789 R5/10 F1=0.2806 Acc=0.3316 Labeled=600 QueryTime=0.3s GPU=229MB SSL+60
2026-06-13 00:16:26,820 [INFO]   [class_aware_entropy] Seed=789 R6/10 F1=0.2975 Acc=0.3515 Labeled=700 QueryTime=0.4s GPU=229MB SSL+117
2026-06-13 00:16:45,906 [INFO]   [class_aware_entropy] Seed=789 R7/10 F1=0.3291 Acc=0.3636 Labeled=800 QueryTime=0.4s GPU=229MB SSL+153
2026-06-13 00:17:11,347 [INFO]   [class_aware_entropy] Seed=789 R8/10 F1=0.3730 Acc=0.4002 Labeled=900 QueryTime=0.5s GPU=229MB SSL+248
2026-06-13 00:17:37,593 [INFO]   [class_aware_entropy] Seed=789 R9/10 F1=0.3416 Acc=0.3780 Labeled=1000 QueryTime=0.5s GPU=229MB SSL+317
2026-06-13 00:18:12,907 [INFO]   [class_aware_entropy] Seed=1024 R1/10 F1=0.0865 Acc=0.1669 Labeled=200 QueryTime=0.1s GPU=171MB SSL+0
2026-06-13 00:18:24,249 [INFO]   [class_aware_entropy] Seed=1024 R2/10 F1=0.2463 Acc=0.2872 Labeled=300 QueryTime=0.1s GPU=208MB SSL+0
2026-06-13 00:18:36,262 [INFO]   [class_aware_entropy] Seed=1024 R3/10 F1=0.2861 Acc=0.3168 Labeled=400 QueryTime=0.2s GPU=229MB SSL+0
2026-06-13 00:18:48,283 [INFO]   [class_aware_entropy] Seed=1024 R4/10 F1=0.3187 Acc=0.3235 Labeled=500 QueryTime=0.3s GPU=229MB SSL+0
2026-06-13 00:19:00,813 [INFO]   [class_aware_entropy] Seed=1024 R5/10 F1=0.3256 Acc=0.3322 Labeled=600 QueryTime=0.3s GPU=229MB SSL+0
2026-06-13 00:19:18,173 [INFO]   [class_aware_entropy] Seed=1024 R6/10 F1=0.3586 Acc=0.3753 Labeled=700 QueryTime=0.4s GPU=229MB SSL+83
2026-06-13 00:19:38,079 [INFO]   [class_aware_entropy] Seed=1024 R7/10 F1=0.3117 Acc=0.3657 Labeled=800 QueryTime=0.4s GPU=229MB SSL+121
2026-06-13 00:20:03,861 [INFO]   [class_aware_entropy] Seed=1024 R8/10 F1=0.3750 Acc=0.4035 Labeled=900 QueryTime=0.4s GPU=229MB SSL+227
2026-06-13 00:20:30,219 [INFO]   [class_aware_entropy] Seed=1024 R9/10 F1=0.3656 Acc=0.4055 Labeled=1000 QueryTime=0.5s GPU=229MB SSL+284
2026-06-13 00:20:56,156 [INFO] 
--- Strategy: gap_aware_entropy ---
2026-06-13 00:21:04,818 [INFO]   [gap_aware_entropy] Seed=42 R1/10 F1=0.0777 Acc=0.1315 Labeled=200 QueryTime=0.0s GPU=171MB SSL+0
2026-06-13 00:21:15,598 [INFO]   [gap_aware_entropy] Seed=42 R2/10 F1=0.2132 Acc=0.2283 Labeled=300 QueryTime=0.1s GPU=208MB SSL+0
2026-06-13 00:21:26,678 [INFO]   [gap_aware_entropy] Seed=42 R3/10 F1=0.2142 Acc=0.2268 Labeled=400 QueryTime=0.2s GPU=229MB SSL+0
2026-06-13 00:21:38,372 [INFO]   [gap_aware_entropy] Seed=42 R4/10 F1=0.1817 Acc=0.2300 Labeled=500 QueryTime=0.2s GPU=229MB SSL+2
2026-06-13 00:21:50,354 [INFO]   [gap_aware_entropy] Seed=42 R5/10 F1=0.3142 Acc=0.3229 Labeled=600 QueryTime=0.3s GPU=229MB SSL+41
2026-06-13 00:22:02,956 [INFO]   [gap_aware_entropy] Seed=42 R6/10 F1=0.3528 Acc=0.3763 Labeled=700 QueryTime=0.2s GPU=229MB SSL+110
2026-06-13 00:22:17,034 [INFO]   [gap_aware_entropy] Seed=42 R7/10 F1=0.3649 Acc=0.3890 Labeled=800 QueryTime=0.3s GPU=229MB SSL+150
2026-06-13 00:22:42,201 [INFO]   [gap_aware_entropy] Seed=42 R8/10 F1=0.3916 Acc=0.4068 Labeled=900 QueryTime=0.5s GPU=229MB SSL+208
2026-06-13 00:23:08,425 [INFO]   [gap_aware_entropy] Seed=42 R9/10 F1=0.4110 Acc=0.4266 Labeled=1000 QueryTime=0.6s GPU=229MB SSL+305
2026-06-13 00:23:44,181 [INFO]   [gap_aware_entropy] Seed=123 R1/10 F1=0.1335 Acc=0.1793 Labeled=200 QueryTime=0.0s GPU=171MB SSL+0
2026-06-13 00:23:54,406 [INFO]   [gap_aware_entropy] Seed=123 R2/10 F1=0.1763 Acc=0.2240 Labeled=300 QueryTime=0.1s GPU=208MB SSL+0
2026-06-13 00:24:05,811 [INFO]   [gap_aware_entropy] Seed=123 R3/10 F1=0.2470 Acc=0.2742 Labeled=400 QueryTime=0.2s GPU=229MB SSL+0
2026-06-13 00:24:17,811 [INFO]   [gap_aware_entropy] Seed=123 R4/10 F1=0.2687 Acc=0.2891 Labeled=500 QueryTime=0.2s GPU=229MB SSL+3
2026-06-13 00:24:29,998 [INFO]   [gap_aware_entropy] Seed=123 R5/10 F1=0.3219 Acc=0.3354 Labeled=600 QueryTime=0.3s GPU=229MB SSL+2
2026-06-13 00:24:46,753 [INFO]   [gap_aware_entropy] Seed=123 R6/10 F1=0.3476 Acc=0.3615 Labeled=700 QueryTime=0.3s GPU=229MB SSL+82
2026-06-13 00:25:06,933 [INFO]   [gap_aware_entropy] Seed=123 R7/10 F1=0.3887 Acc=0.3966 Labeled=800 QueryTime=0.4s GPU=229MB SSL+82
2026-06-13 00:25:35,896 [INFO]   [gap_aware_entropy] Seed=123 R8/10 F1=0.3754 Acc=0.3888 Labeled=900 QueryTime=0.6s GPU=229MB SSL+190
2026-06-13 00:26:06,795 [INFO]   [gap_aware_entropy] Seed=123 R9/10 F1=0.3893 Acc=0.3985 Labeled=1000 QueryTime=0.6s GPU=229MB SSL+207
2026-06-13 00:26:45,771 [INFO]   [gap_aware_entropy] Seed=456 R1/10 F1=0.1068 Acc=0.1911 Labeled=200 QueryTime=0.1s GPU=171MB SSL+0
2026-06-13 00:26:57,525 [INFO]   [gap_aware_entropy] Seed=456 R2/10 F1=0.2752 Acc=0.3031 Labeled=300 QueryTime=0.1s GPU=208MB SSL+0
2026-06-13 00:27:09,921 [INFO]   [gap_aware_entropy] Seed=456 R3/10 F1=0.2644 Acc=0.2971 Labeled=400 QueryTime=0.2s GPU=229MB SSL+28
2026-06-13 00:27:22,817 [INFO]   [gap_aware_entropy] Seed=456 R4/10 F1=0.2851 Acc=0.3192 Labeled=500 QueryTime=0.3s GPU=229MB SSL+44
2026-06-13 00:27:35,179 [INFO]   [gap_aware_entropy] Seed=456 R5/10 F1=0.3389 Acc=0.3551 Labeled=600 QueryTime=0.2s GPU=229MB SSL+32
2026-06-13 00:27:54,011 [INFO]   [gap_aware_entropy] Seed=456 R6/10 F1=0.3214 Acc=0.3509 Labeled=700 QueryTime=0.3s GPU=229MB SSL+147
2026-06-13 00:28:14,323 [INFO]   [gap_aware_entropy] Seed=456 R7/10 F1=0.3876 Acc=0.4006 Labeled=800 QueryTime=0.4s GPU=229MB SSL+91
2026-06-13 00:28:34,110 [INFO]   [gap_aware_entropy] Seed=456 R8/10 F1=0.3999 Acc=0.4219 Labeled=900 QueryTime=0.4s GPU=229MB SSL+232
2026-06-13 00:28:58,904 [INFO]   [gap_aware_entropy] Seed=456 R9/10 F1=0.3908 Acc=0.4054 Labeled=1000 QueryTime=0.5s GPU=229MB SSL+260
2026-06-13 00:29:35,066 [INFO]   [gap_aware_entropy] Seed=789 R1/10 F1=0.1175 Acc=0.1895 Labeled=200 QueryTime=0.1s GPU=171MB SSL+0
2026-06-13 00:29:45,269 [INFO]   [gap_aware_entropy] Seed=789 R2/10 F1=0.1852 Acc=0.2326 Labeled=300 QueryTime=0.1s GPU=208MB SSL+0
2026-06-13 00:29:56,540 [INFO]   [gap_aware_entropy] Seed=789 R3/10 F1=0.1956 Acc=0.2443 Labeled=400 QueryTime=0.2s GPU=229MB SSL+47
2026-06-13 00:30:08,895 [INFO]   [gap_aware_entropy] Seed=789 R4/10 F1=0.2760 Acc=0.2854 Labeled=500 QueryTime=0.3s GPU=229MB SSL+26
2026-06-13 00:30:22,614 [INFO]   [gap_aware_entropy] Seed=789 R5/10 F1=0.2862 Acc=0.3157 Labeled=600 QueryTime=0.3s GPU=229MB SSL+35
2026-06-13 00:30:41,916 [INFO]   [gap_aware_entropy] Seed=789 R6/10 F1=0.3222 Acc=0.3381 Labeled=700 QueryTime=0.3s GPU=229MB SSL+109
2026-06-13 00:31:01,844 [INFO]   [gap_aware_entropy] Seed=789 R7/10 F1=0.3437 Acc=0.3746 Labeled=800 QueryTime=0.4s GPU=229MB SSL+167
2026-06-13 00:31:28,216 [INFO]   [gap_aware_entropy] Seed=789 R8/10 F1=0.3354 Acc=0.3518 Labeled=900 QueryTime=0.4s GPU=229MB SSL+207
2026-06-13 00:31:55,426 [INFO]   [gap_aware_entropy] Seed=789 R9/10 F1=0.3921 Acc=0.4179 Labeled=1000 QueryTime=0.5s GPU=229MB SSL+222
2026-06-13 00:32:32,615 [INFO]   [gap_aware_entropy] Seed=1024 R1/10 F1=0.0865 Acc=0.1669 Labeled=200 QueryTime=0.1s GPU=171MB SSL+0
2026-06-13 00:32:43,487 [INFO]   [gap_aware_entropy] Seed=1024 R2/10 F1=0.2137 Acc=0.2405 Labeled=300 QueryTime=0.1s GPU=208MB SSL+0
2026-06-13 00:32:55,361 [INFO]   [gap_aware_entropy] Seed=1024 R3/10 F1=0.2077 Acc=0.2596 Labeled=400 QueryTime=0.2s GPU=229MB SSL+38
2026-06-13 00:33:08,182 [INFO]   [gap_aware_entropy] Seed=1024 R4/10 F1=0.2881 Acc=0.3197 Labeled=500 QueryTime=0.2s GPU=229MB SSL+57
2026-06-13 00:33:21,130 [INFO]   [gap_aware_entropy] Seed=1024 R5/10 F1=0.2887 Acc=0.3147 Labeled=600 QueryTime=0.3s GPU=229MB SSL+80
2026-06-13 00:33:40,013 [INFO]   [gap_aware_entropy] Seed=1024 R6/10 F1=0.3274 Acc=0.3651 Labeled=700 QueryTime=0.4s GPU=229MB SSL+151
2026-06-13 00:33:59,313 [INFO]   [gap_aware_entropy] Seed=1024 R7/10 F1=0.3659 Acc=0.3945 Labeled=800 QueryTime=0.4s GPU=229MB SSL+161
2026-06-13 00:34:25,783 [INFO]   [gap_aware_entropy] Seed=1024 R8/10 F1=0.4054 Acc=0.4283 Labeled=900 QueryTime=0.5s GPU=229MB SSL+270
2026-06-13 00:34:53,348 [INFO]   [gap_aware_entropy] Seed=1024 R9/10 F1=0.4286 Acc=0.4419 Labeled=1000 QueryTime=0.4s GPU=229MB SSL+254
2026-06-13 00:35:19,242 [INFO] 
--- Full Supervised Baseline ---
2026-06-13 01:13:56,815 [INFO] Full Supervised: Acc=0.8553, F1=0.8549 (epochs=50, time=2312.5s)
2026-06-13 01:13:59,145 [INFO] 
=== Results saved to C:\Users\28414\Desktop\机器学习—图像分类-期末汇报\output\innovative_al_ssl\rho1 ===
2026-06-13 01:13:59,146 [INFO] 
Summary:
2026-06-13 01:13:59,146 [INFO] Strategy                 Final F1     ±std   p<0.05 vs Random
2026-06-13 01:13:59,146 [INFO] ------------------------------------------------------------
2026-06-13 01:13:59,147 [INFO] adaptive_gap_entropy       0.4010   0.0166                   
2026-06-13 01:13:59,147 [INFO] class_aware_entropy        0.3826   0.0265                   
2026-06-13 01:13:59,148 [INFO] gap_aware_entropy          0.4129   0.0245                   
2026-06-13 01:13:59,148 [INFO] Full Supervised            0.8549
2026-06-13 01:13:59,149 [INFO] 
Statistical Tests (selected):
