2026-06-11 21:21:22,164 [INFO] === v8 Controlled-Fast AL+SSL Analysis: cifar10 ===
2026-06-11 21:21:22,165 [INFO] Budget: ultra_low, Model: simplecnn, Scheduler: True
2026-06-11 21:21:22,165 [INFO] Strategies: ['random', 'entropy', 'margin', 'coreset', 'badge', 'qbc']
2026-06-11 21:21:22,165 [INFO] Seeds: [42, 123, 456, 789, 1024]
2026-06-11 21:21:22,165 [INFO] Rounds: 10, Initial: 100, Query: 100
2026-06-11 21:21:22,165 [INFO] SSL: False, Method: flexmatch, t-SNE: False, Resume: False
2026-06-11 21:21:22,165 [INFO] Imbalance mode: max/min class count ratio = 10
2026-06-11 21:21:22,190 [INFO] Device: cuda
2026-06-11 21:21:44,877 [INFO] Imbalance filter (Exponential): 50000 -> 20431 training samples
2026-06-11 21:21:44,877 [INFO] 
--- Strategy: random ---
2026-06-11 21:21:50,089 [INFO]   [random] Seed=42 R1/10 F1=0.1080 Acc=0.1866 Labeled=200 QueryTime=0.0s GPU=74MB
2026-06-11 21:21:54,421 [INFO]   [random] Seed=42 R2/10 F1=0.1625 Acc=0.1984 Labeled=300 QueryTime=0.0s GPU=111MB
2026-06-11 21:21:59,178 [INFO]   [random] Seed=42 R3/10 F1=0.1202 Acc=0.1560 Labeled=400 QueryTime=0.0s GPU=131MB
2026-06-11 21:22:02,439 [INFO]   [random] Seed=42 R4/10 F1=0.1535 Acc=0.1907 Labeled=500 QueryTime=0.0s GPU=131MB
2026-06-11 21:22:06,067 [INFO]   [random] Seed=42 R5/10 F1=0.1268 Acc=0.1671 Labeled=600 QueryTime=0.0s GPU=131MB
2026-06-11 21:22:10,286 [INFO]   [random] Seed=42 R6/10 F1=0.2485 Acc=0.2883 Labeled=700 QueryTime=0.0s GPU=131MB
2026-06-11 21:22:14,515 [INFO]   [random] Seed=42 R7/10 F1=0.2433 Acc=0.2893 Labeled=800 QueryTime=0.0s GPU=131MB
2026-06-11 21:22:19,588 [INFO]   [random] Seed=42 R8/10 F1=0.2699 Acc=0.3385 Labeled=900 QueryTime=0.0s GPU=131MB
2026-06-11 21:22:24,361 [INFO]   [random] Seed=42 R9/10 F1=0.3126 Acc=0.3761 Labeled=1000 QueryTime=0.0s GPU=131MB
2026-06-11 21:22:32,765 [INFO]   [random] Seed=123 R1/10 F1=0.0829 Acc=0.1564 Labeled=200 QueryTime=0.0s GPU=74MB
2026-06-11 21:22:36,344 [INFO]   [random] Seed=123 R2/10 F1=0.1159 Acc=0.1956 Labeled=300 QueryTime=0.0s GPU=112MB
2026-06-11 21:22:39,698 [INFO]   [random] Seed=123 R3/10 F1=0.1087 Acc=0.1804 Labeled=400 QueryTime=0.0s GPU=131MB
2026-06-11 21:22:43,282 [INFO]   [random] Seed=123 R4/10 F1=0.1592 Acc=0.2134 Labeled=500 QueryTime=0.0s GPU=131MB
2026-06-11 21:22:47,280 [INFO]   [random] Seed=123 R5/10 F1=0.1542 Acc=0.2228 Labeled=600 QueryTime=0.0s GPU=131MB
2026-06-11 21:22:51,276 [INFO]   [random] Seed=123 R6/10 F1=0.2557 Acc=0.3024 Labeled=700 QueryTime=0.0s GPU=131MB
2026-06-11 21:22:55,528 [INFO]   [random] Seed=123 R7/10 F1=0.2939 Acc=0.3483 Labeled=800 QueryTime=0.0s GPU=131MB
2026-06-11 21:23:00,411 [INFO]   [random] Seed=123 R8/10 F1=0.3367 Acc=0.3796 Labeled=900 QueryTime=0.0s GPU=131MB
2026-06-11 21:23:05,781 [INFO]   [random] Seed=123 R9/10 F1=0.3613 Acc=0.3947 Labeled=1000 QueryTime=0.0s GPU=131MB
2026-06-11 21:23:14,362 [INFO]   [random] Seed=456 R1/10 F1=0.1179 Acc=0.1926 Labeled=200 QueryTime=0.0s GPU=74MB
2026-06-11 21:23:17,723 [INFO]   [random] Seed=456 R2/10 F1=0.1745 Acc=0.2316 Labeled=300 QueryTime=0.0s GPU=112MB
2026-06-11 21:23:21,651 [INFO]   [random] Seed=456 R3/10 F1=0.1400 Acc=0.1801 Labeled=400 QueryTime=0.0s GPU=131MB
2026-06-11 21:23:25,186 [INFO]   [random] Seed=456 R4/10 F1=0.1799 Acc=0.2296 Labeled=500 QueryTime=0.0s GPU=131MB
2026-06-11 21:23:28,565 [INFO]   [random] Seed=456 R5/10 F1=0.2106 Acc=0.2309 Labeled=600 QueryTime=0.0s GPU=131MB
2026-06-11 21:23:33,144 [INFO]   [random] Seed=456 R6/10 F1=0.2751 Acc=0.3188 Labeled=700 QueryTime=0.0s GPU=131MB
2026-06-11 21:23:36,929 [INFO]   [random] Seed=456 R7/10 F1=0.3035 Acc=0.3542 Labeled=800 QueryTime=0.0s GPU=131MB
2026-06-11 21:23:41,829 [INFO]   [random] Seed=456 R8/10 F1=0.2926 Acc=0.3436 Labeled=900 QueryTime=0.0s GPU=131MB
2026-06-11 21:23:46,236 [INFO]   [random] Seed=456 R9/10 F1=0.3435 Acc=0.3899 Labeled=1000 QueryTime=0.0s GPU=131MB
2026-06-11 21:23:54,357 [INFO]   [random] Seed=789 R1/10 F1=0.1005 Acc=0.1769 Labeled=200 QueryTime=0.0s GPU=74MB
2026-06-11 21:23:57,773 [INFO]   [random] Seed=789 R2/10 F1=0.0952 Acc=0.1591 Labeled=300 QueryTime=0.0s GPU=112MB
2026-06-11 21:24:01,401 [INFO]   [random] Seed=789 R3/10 F1=0.0948 Acc=0.1517 Labeled=400 QueryTime=0.0s GPU=131MB
2026-06-11 21:24:05,065 [INFO]   [random] Seed=789 R4/10 F1=0.1808 Acc=0.2389 Labeled=500 QueryTime=0.0s GPU=131MB
2026-06-11 21:24:08,866 [INFO]   [random] Seed=789 R5/10 F1=0.1618 Acc=0.2177 Labeled=600 QueryTime=0.0s GPU=131MB
2026-06-11 21:24:12,957 [INFO]   [random] Seed=789 R6/10 F1=0.2426 Acc=0.2853 Labeled=700 QueryTime=0.0s GPU=131MB
2026-06-11 21:24:17,383 [INFO]   [random] Seed=789 R7/10 F1=0.2998 Acc=0.3404 Labeled=800 QueryTime=0.0s GPU=131MB
2026-06-11 21:24:22,601 [INFO]   [random] Seed=789 R8/10 F1=0.3646 Acc=0.3871 Labeled=900 QueryTime=0.0s GPU=131MB
2026-06-11 21:24:27,235 [INFO]   [random] Seed=789 R9/10 F1=0.3749 Acc=0.4055 Labeled=1000 QueryTime=0.0s GPU=131MB
2026-06-11 21:24:35,068 [INFO]   [random] Seed=1024 R1/10 F1=0.1000 Acc=0.1921 Labeled=200 QueryTime=0.0s GPU=74MB
2026-06-11 21:24:38,496 [INFO]   [random] Seed=1024 R2/10 F1=0.1140 Acc=0.1847 Labeled=300 QueryTime=0.0s GPU=112MB
2026-06-11 21:24:42,272 [INFO]   [random] Seed=1024 R3/10 F1=0.0849 Acc=0.1638 Labeled=400 QueryTime=0.0s GPU=131MB
2026-06-11 21:24:46,044 [INFO]   [random] Seed=1024 R4/10 F1=0.1493 Acc=0.2065 Labeled=500 QueryTime=0.0s GPU=131MB
2026-06-11 21:24:49,640 [INFO]   [random] Seed=1024 R5/10 F1=0.1827 Acc=0.2425 Labeled=600 QueryTime=0.0s GPU=131MB
2026-06-11 21:24:54,189 [INFO]   [random] Seed=1024 R6/10 F1=0.2373 Acc=0.2968 Labeled=700 QueryTime=0.0s GPU=131MB
2026-06-11 21:24:58,539 [INFO]   [random] Seed=1024 R7/10 F1=0.2752 Acc=0.3438 Labeled=800 QueryTime=0.0s GPU=131MB
2026-06-11 21:25:04,142 [INFO]   [random] Seed=1024 R8/10 F1=0.3062 Acc=0.3540 Labeled=900 QueryTime=0.0s GPU=131MB
2026-06-11 21:25:09,646 [INFO]   [random] Seed=1024 R9/10 F1=0.3166 Acc=0.3786 Labeled=1000 QueryTime=0.0s GPU=131MB
2026-06-11 21:25:13,966 [INFO] 
--- Strategy: entropy ---
2026-06-11 21:25:18,196 [INFO]   [entropy] Seed=42 R1/10 F1=0.1080 Acc=0.1866 Labeled=200 QueryTime=0.0s GPU=74MB
2026-06-11 21:25:22,456 [INFO]   [entropy] Seed=42 R2/10 F1=0.1326 Acc=0.1741 Labeled=300 QueryTime=0.0s GPU=118MB
2026-06-11 21:25:26,879 [INFO]   [entropy] Seed=42 R3/10 F1=0.1094 Acc=0.1634 Labeled=400 QueryTime=0.0s GPU=139MB
2026-06-11 21:25:31,378 [INFO]   [entropy] Seed=42 R4/10 F1=0.1010 Acc=0.1457 Labeled=500 QueryTime=0.0s GPU=139MB
2026-06-11 21:25:35,926 [INFO]   [entropy] Seed=42 R5/10 F1=0.1850 Acc=0.2299 Labeled=600 QueryTime=0.0s GPU=139MB
2026-06-11 21:25:40,864 [INFO]   [entropy] Seed=42 R6/10 F1=0.2323 Acc=0.2751 Labeled=700 QueryTime=0.0s GPU=139MB
2026-06-11 21:25:45,815 [INFO]   [entropy] Seed=42 R7/10 F1=0.2434 Acc=0.2917 Labeled=800 QueryTime=0.0s GPU=139MB
2026-06-11 21:25:51,202 [INFO]   [entropy] Seed=42 R8/10 F1=0.2965 Acc=0.3460 Labeled=900 QueryTime=0.0s GPU=139MB
2026-06-11 21:25:57,395 [INFO]   [entropy] Seed=42 R9/10 F1=0.2998 Acc=0.3385 Labeled=1000 QueryTime=0.0s GPU=139MB
2026-06-11 21:26:06,077 [INFO]   [entropy] Seed=123 R1/10 F1=0.0829 Acc=0.1564 Labeled=200 QueryTime=0.0s GPU=87MB
2026-06-11 22:12:24,670 [INFO]   [entropy] Seed=123 R2/10 F1=0.1342 Acc=0.2011 Labeled=300 QueryTime=0.0s GPU=132MB
2026-06-11 22:12:40,629 [INFO]   [entropy] Seed=123 R3/10 F1=0.1552 Acc=0.2314 Labeled=400 QueryTime=0.0s GPU=151MB
2026-06-11 22:12:49,619 [INFO]   [entropy] Seed=123 R4/10 F1=0.1789 Acc=0.2244 Labeled=500 QueryTime=0.0s GPU=151MB
2026-06-11 22:12:56,099 [INFO]   [entropy] Seed=123 R5/10 F1=0.1524 Acc=0.2019 Labeled=600 QueryTime=0.0s GPU=151MB
2026-06-11 22:13:00,854 [INFO]   [entropy] Seed=123 R6/10 F1=0.1703 Acc=0.2213 Labeled=700 QueryTime=0.0s GPU=151MB
2026-06-11 22:13:05,926 [INFO]   [entropy] Seed=123 R7/10 F1=0.2400 Acc=0.2996 Labeled=800 QueryTime=0.0s GPU=151MB
2026-06-11 22:13:11,838 [INFO]   [entropy] Seed=123 R8/10 F1=0.3060 Acc=0.3390 Labeled=900 QueryTime=0.0s GPU=151MB
2026-06-11 22:13:16,839 [INFO]   [entropy] Seed=123 R9/10 F1=0.3300 Acc=0.3588 Labeled=1000 QueryTime=0.0s GPU=151MB
2026-06-11 22:13:25,380 [INFO]   [entropy] Seed=456 R1/10 F1=0.1179 Acc=0.1926 Labeled=200 QueryTime=0.0s GPU=87MB
2026-06-11 22:13:29,480 [INFO]   [entropy] Seed=456 R2/10 F1=0.1536 Acc=0.2328 Labeled=300 QueryTime=0.0s GPU=132MB
2026-06-11 22:13:33,355 [INFO]   [entropy] Seed=456 R3/10 F1=0.1497 Acc=0.2104 Labeled=400 QueryTime=0.0s GPU=153MB
2026-06-11 22:13:37,660 [INFO]   [entropy] Seed=456 R4/10 F1=0.1939 Acc=0.2587 Labeled=500 QueryTime=0.0s GPU=153MB
2026-06-11 22:13:41,892 [INFO]   [entropy] Seed=456 R5/10 F1=0.1937 Acc=0.2388 Labeled=600 QueryTime=0.0s GPU=153MB
2026-06-11 22:13:44,806 [INFO]   [entropy] Seed=456 R6/10 F1=0.2474 Acc=0.2944 Labeled=700 QueryTime=0.0s GPU=153MB
2026-06-11 22:13:46,955 [INFO]   [entropy] Seed=456 R7/10 F1=0.2604 Acc=0.3104 Labeled=800 QueryTime=0.0s GPU=153MB
2026-06-11 22:13:49,523 [INFO]   [entropy] Seed=456 R8/10 F1=0.2879 Acc=0.3305 Labeled=900 QueryTime=0.0s GPU=153MB
2026-06-11 22:13:53,324 [INFO]   [entropy] Seed=456 R9/10 F1=0.3151 Acc=0.3600 Labeled=1000 QueryTime=0.0s GPU=153MB
2026-06-11 22:14:01,682 [INFO]   [entropy] Seed=789 R1/10 F1=0.1005 Acc=0.1769 Labeled=200 QueryTime=0.0s GPU=100MB
2026-06-11 22:14:06,005 [INFO]   [entropy] Seed=789 R2/10 F1=0.0929 Acc=0.1450 Labeled=300 QueryTime=0.0s GPU=143MB
2026-06-11 22:14:10,600 [INFO]   [entropy] Seed=789 R3/10 F1=0.0729 Acc=0.1357 Labeled=400 QueryTime=0.0s GPU=165MB
2026-06-11 22:14:14,951 [INFO]   [entropy] Seed=789 R4/10 F1=0.1908 Acc=0.2473 Labeled=500 QueryTime=0.0s GPU=165MB
2026-06-11 22:14:19,287 [INFO]   [entropy] Seed=789 R5/10 F1=0.1626 Acc=0.2162 Labeled=600 QueryTime=0.0s GPU=165MB
2026-06-11 22:14:24,037 [INFO]   [entropy] Seed=789 R6/10 F1=0.2283 Acc=0.2897 Labeled=700 QueryTime=0.0s GPU=165MB
2026-06-11 22:14:28,955 [INFO]   [entropy] Seed=789 R7/10 F1=0.2931 Acc=0.3307 Labeled=800 QueryTime=0.0s GPU=165MB
2026-06-11 22:14:34,563 [INFO]   [entropy] Seed=789 R8/10 F1=0.2887 Acc=0.3328 Labeled=900 QueryTime=0.0s GPU=165MB
2026-06-11 22:14:40,030 [INFO]   [entropy] Seed=789 R9/10 F1=0.3595 Acc=0.3962 Labeled=1000 QueryTime=0.0s GPU=165MB
2026-06-11 22:14:48,449 [INFO]   [entropy] Seed=1024 R1/10 F1=0.1000 Acc=0.1921 Labeled=200 QueryTime=0.0s GPU=112MB
2026-06-11 22:14:52,638 [INFO]   [entropy] Seed=1024 R2/10 F1=0.1057 Acc=0.1852 Labeled=300 QueryTime=0.0s GPU=157MB
2026-06-11 22:14:57,168 [INFO]   [entropy] Seed=1024 R3/10 F1=0.0851 Acc=0.1427 Labeled=400 QueryTime=0.0s GPU=178MB
2026-06-11 22:15:01,553 [INFO]   [entropy] Seed=1024 R4/10 F1=0.1223 Acc=0.1775 Labeled=500 QueryTime=0.0s GPU=178MB
2026-06-11 22:15:05,436 [INFO]   [entropy] Seed=1024 R5/10 F1=0.1681 Acc=0.2310 Labeled=600 QueryTime=0.0s GPU=178MB
2026-06-11 22:15:09,883 [INFO]   [entropy] Seed=1024 R6/10 F1=0.1973 Acc=0.2544 Labeled=700 QueryTime=0.0s GPU=178MB
2026-06-11 22:15:14,804 [INFO]   [entropy] Seed=1024 R7/10 F1=0.2541 Acc=0.3035 Labeled=800 QueryTime=0.0s GPU=178MB
2026-06-11 22:15:20,293 [INFO]   [entropy] Seed=1024 R8/10 F1=0.2976 Acc=0.3516 Labeled=900 QueryTime=0.0s GPU=178MB
2026-06-11 22:15:25,926 [INFO]   [entropy] Seed=1024 R9/10 F1=0.2948 Acc=0.3391 Labeled=1000 QueryTime=0.0s GPU=178MB
2026-06-11 22:15:30,283 [INFO] 
--- Strategy: margin ---
2026-06-11 22:15:34,336 [INFO]   [margin] Seed=42 R1/10 F1=0.1080 Acc=0.1866 Labeled=200 QueryTime=0.0s GPU=125MB
2026-06-11 22:15:38,652 [INFO]   [margin] Seed=42 R2/10 F1=0.1242 Acc=0.1702 Labeled=300 QueryTime=0.0s GPU=171MB
2026-06-11 22:15:42,933 [INFO]   [margin] Seed=42 R3/10 F1=0.1280 Acc=0.1749 Labeled=400 QueryTime=0.0s GPU=192MB
2026-06-11 22:15:47,379 [INFO]   [margin] Seed=42 R4/10 F1=0.1196 Acc=0.1613 Labeled=500 QueryTime=0.0s GPU=192MB
2026-06-11 22:15:51,673 [INFO]   [margin] Seed=42 R5/10 F1=0.1317 Acc=0.1770 Labeled=600 QueryTime=0.0s GPU=192MB
2026-06-11 22:15:56,647 [INFO]   [margin] Seed=42 R6/10 F1=0.2253 Acc=0.2480 Labeled=700 QueryTime=0.0s GPU=192MB
2026-06-11 22:16:01,639 [INFO]   [margin] Seed=42 R7/10 F1=0.2714 Acc=0.3160 Labeled=800 QueryTime=0.0s GPU=192MB
2026-06-11 22:16:07,187 [INFO]   [margin] Seed=42 R8/10 F1=0.2990 Acc=0.3467 Labeled=900 QueryTime=0.0s GPU=192MB
2026-06-11 22:16:12,771 [INFO]   [margin] Seed=42 R9/10 F1=0.3188 Acc=0.3644 Labeled=1000 QueryTime=0.0s GPU=192MB
2026-06-11 22:16:21,505 [INFO]   [margin] Seed=123 R1/10 F1=0.0829 Acc=0.1564 Labeled=200 QueryTime=0.0s GPU=139MB
2026-06-11 22:16:26,033 [INFO]   [margin] Seed=123 R2/10 F1=0.1726 Acc=0.2428 Labeled=300 QueryTime=0.0s GPU=184MB
2026-06-11 22:16:30,865 [INFO]   [margin] Seed=123 R3/10 F1=0.1570 Acc=0.2021 Labeled=400 QueryTime=0.0s GPU=205MB
2026-06-11 22:16:35,311 [INFO]   [margin] Seed=123 R4/10 F1=0.1557 Acc=0.1999 Labeled=500 QueryTime=0.0s GPU=178MB
2026-06-11 22:16:39,987 [INFO]   [margin] Seed=123 R5/10 F1=0.2084 Acc=0.2479 Labeled=600 QueryTime=0.0s GPU=178MB
2026-06-11 22:16:44,678 [INFO]   [margin] Seed=123 R6/10 F1=0.2398 Acc=0.2847 Labeled=700 QueryTime=0.0s GPU=178MB
2026-06-11 22:16:49,775 [INFO]   [margin] Seed=123 R7/10 F1=0.2844 Acc=0.3365 Labeled=800 QueryTime=0.0s GPU=178MB
2026-06-11 22:16:55,522 [INFO]   [margin] Seed=123 R8/10 F1=0.3192 Acc=0.3801 Labeled=900 QueryTime=0.0s GPU=178MB
2026-06-11 22:17:01,045 [INFO]   [margin] Seed=123 R9/10 F1=0.3251 Acc=0.3744 Labeled=1000 QueryTime=0.0s GPU=178MB
2026-06-11 22:17:10,016 [INFO]   [margin] Seed=456 R1/10 F1=0.1179 Acc=0.1926 Labeled=200 QueryTime=0.0s GPU=126MB
2026-06-11 22:17:14,469 [INFO]   [margin] Seed=456 R2/10 F1=0.1617 Acc=0.2166 Labeled=300 QueryTime=0.0s GPU=170MB
2026-06-11 22:17:18,944 [INFO]   [margin] Seed=456 R3/10 F1=0.1025 Acc=0.1754 Labeled=400 QueryTime=0.0s GPU=191MB
2026-06-11 22:17:23,597 [INFO]   [margin] Seed=456 R4/10 F1=0.1391 Acc=0.1919 Labeled=500 QueryTime=0.0s GPU=191MB
2026-06-11 22:17:28,050 [INFO]   [margin] Seed=456 R5/10 F1=0.1557 Acc=0.2224 Labeled=600 QueryTime=0.0s GPU=191MB
2026-06-11 22:17:33,295 [INFO]   [margin] Seed=456 R6/10 F1=0.2473 Acc=0.2946 Labeled=700 QueryTime=0.0s GPU=178MB
2026-06-11 22:17:38,349 [INFO]   [margin] Seed=456 R7/10 F1=0.2379 Acc=0.2950 Labeled=800 QueryTime=0.0s GPU=165MB
2026-06-11 22:17:44,155 [INFO]   [margin] Seed=456 R8/10 F1=0.3068 Acc=0.3537 Labeled=900 QueryTime=0.0s GPU=165MB
2026-06-11 22:17:50,130 [INFO]   [margin] Seed=456 R9/10 F1=0.3033 Acc=0.3577 Labeled=1000 QueryTime=0.0s GPU=165MB
2026-06-11 22:17:58,894 [INFO]   [margin] Seed=789 R1/10 F1=0.1005 Acc=0.1769 Labeled=200 QueryTime=0.0s GPU=112MB
2026-06-11 22:18:03,350 [INFO]   [margin] Seed=789 R2/10 F1=0.1262 Acc=0.1931 Labeled=300 QueryTime=0.0s GPU=157MB
2026-06-11 22:18:08,005 [INFO]   [margin] Seed=789 R3/10 F1=0.1218 Acc=0.1690 Labeled=400 QueryTime=0.0s GPU=178MB
2026-06-11 22:18:12,576 [INFO]   [margin] Seed=789 R4/10 F1=0.2080 Acc=0.2481 Labeled=500 QueryTime=0.0s GPU=178MB
2026-06-11 22:18:17,267 [INFO]   [margin] Seed=789 R5/10 F1=0.2032 Acc=0.2329 Labeled=600 QueryTime=0.0s GPU=178MB
2026-06-11 22:18:22,402 [INFO]   [margin] Seed=789 R6/10 F1=0.2546 Acc=0.3099 Labeled=700 QueryTime=0.0s GPU=178MB
2026-06-11 22:18:27,498 [INFO]   [margin] Seed=789 R7/10 F1=0.2863 Acc=0.3327 Labeled=800 QueryTime=0.0s GPU=178MB
2026-06-11 22:18:33,526 [INFO]   [margin] Seed=789 R8/10 F1=0.2915 Acc=0.3534 Labeled=900 QueryTime=0.0s GPU=178MB
2026-06-11 22:18:39,528 [INFO]   [margin] Seed=789 R9/10 F1=0.3299 Acc=0.3919 Labeled=1000 QueryTime=0.0s GPU=178MB
2026-06-11 22:18:48,650 [INFO]   [margin] Seed=1024 R1/10 F1=0.1000 Acc=0.1921 Labeled=200 QueryTime=0.0s GPU=127MB
2026-06-11 22:18:52,779 [INFO]   [margin] Seed=1024 R2/10 F1=0.1175 Acc=0.1937 Labeled=300 QueryTime=0.0s GPU=170MB
2026-06-11 22:18:57,055 [INFO]   [margin] Seed=1024 R3/10 F1=0.1106 Acc=0.1726 Labeled=400 QueryTime=0.0s GPU=191MB
2026-06-11 22:19:01,579 [INFO]   [margin] Seed=1024 R4/10 F1=0.1767 Acc=0.2444 Labeled=500 QueryTime=0.0s GPU=191MB
2026-06-11 22:19:05,822 [INFO]   [margin] Seed=1024 R5/10 F1=0.2086 Acc=0.2683 Labeled=600 QueryTime=0.0s GPU=191MB
2026-06-11 22:19:10,969 [INFO]   [margin] Seed=1024 R6/10 F1=0.2640 Acc=0.3047 Labeled=700 QueryTime=0.0s GPU=191MB
2026-06-11 22:19:15,913 [INFO]   [margin] Seed=1024 R7/10 F1=0.2992 Acc=0.3351 Labeled=800 QueryTime=0.0s GPU=191MB
2026-06-11 22:19:21,850 [INFO]   [margin] Seed=1024 R8/10 F1=0.3496 Acc=0.3818 Labeled=900 QueryTime=0.0s GPU=191MB
2026-06-11 22:19:27,525 [INFO]   [margin] Seed=1024 R9/10 F1=0.3742 Acc=0.4142 Labeled=1000 QueryTime=0.0s GPU=191MB
2026-06-11 22:19:32,219 [INFO] 
--- Strategy: coreset ---
2026-06-11 22:19:40,991 [INFO]   [coreset] Seed=42 R1/10 F1=0.1080 Acc=0.1866 Labeled=200 QueryTime=4.6s GPU=138MB
2026-06-11 22:19:52,695 [INFO]   [coreset] Seed=42 R2/10 F1=0.1216 Acc=0.1659 Labeled=300 QueryTime=7.5s GPU=176MB
2026-06-11 22:20:06,251 [INFO]   [coreset] Seed=42 R3/10 F1=0.0987 Acc=0.1558 Labeled=400 QueryTime=9.3s GPU=197MB
2026-06-11 22:20:23,069 [INFO]   [coreset] Seed=42 R4/10 F1=0.1466 Acc=0.1852 Labeled=500 QueryTime=12.3s GPU=197MB
2026-06-11 22:20:42,897 [INFO]   [coreset] Seed=42 R5/10 F1=0.1520 Acc=0.1918 Labeled=600 QueryTime=15.4s GPU=197MB
2026-06-11 22:21:04,846 [INFO]   [coreset] Seed=42 R6/10 F1=0.2231 Acc=0.2504 Labeled=700 QueryTime=17.4s GPU=197MB
2026-06-11 22:21:28,810 [INFO]   [coreset] Seed=42 R7/10 F1=0.2707 Acc=0.2905 Labeled=800 QueryTime=19.1s GPU=197MB
2026-06-11 22:21:55,391 [INFO]   [coreset] Seed=42 R8/10 F1=0.3216 Acc=0.3506 Labeled=900 QueryTime=20.9s GPU=197MB
2026-06-11 22:22:24,415 [INFO]   [coreset] Seed=42 R9/10 F1=0.3302 Acc=0.3668 Labeled=1000 QueryTime=23.9s GPU=197MB
2026-06-11 22:22:37,845 [INFO]   [coreset] Seed=123 R1/10 F1=0.0829 Acc=0.1564 Labeled=200 QueryTime=4.5s GPU=138MB
2026-06-11 22:22:49,781 [INFO]   [coreset] Seed=123 R2/10 F1=0.1326 Acc=0.1997 Labeled=300 QueryTime=7.7s GPU=176MB
2026-06-11 22:23:03,100 [INFO]   [coreset] Seed=123 R3/10 F1=0.1394 Acc=0.1992 Labeled=400 QueryTime=8.8s GPU=197MB
2026-06-11 22:23:19,324 [INFO]   [coreset] Seed=123 R4/10 F1=0.1639 Acc=0.2335 Labeled=500 QueryTime=12.0s GPU=197MB
2026-06-11 22:23:38,701 [INFO]   [coreset] Seed=123 R5/10 F1=0.1512 Acc=0.2075 Labeled=600 QueryTime=14.9s GPU=197MB
2026-06-11 22:24:00,809 [INFO]   [coreset] Seed=123 R6/10 F1=0.2060 Acc=0.2636 Labeled=700 QueryTime=17.5s GPU=197MB
2026-06-11 22:24:24,580 [INFO]   [coreset] Seed=123 R7/10 F1=0.2518 Acc=0.2998 Labeled=800 QueryTime=18.9s GPU=197MB
2026-06-11 22:24:50,761 [INFO]   [coreset] Seed=123 R8/10 F1=0.2691 Acc=0.3205 Labeled=900 QueryTime=20.7s GPU=197MB
2026-06-11 22:25:19,309 [INFO]   [coreset] Seed=123 R9/10 F1=0.3251 Acc=0.3643 Labeled=1000 QueryTime=23.3s GPU=197MB
2026-06-11 22:25:32,784 [INFO]   [coreset] Seed=456 R1/10 F1=0.1179 Acc=0.1926 Labeled=200 QueryTime=4.6s GPU=138MB
2026-06-11 22:25:44,347 [INFO]   [coreset] Seed=456 R2/10 F1=0.1182 Acc=0.2055 Labeled=300 QueryTime=7.4s GPU=176MB
2026-06-11 22:25:57,608 [INFO]   [coreset] Seed=456 R3/10 F1=0.1312 Acc=0.1832 Labeled=400 QueryTime=9.0s GPU=197MB
2026-06-11 22:26:13,479 [INFO]   [coreset] Seed=456 R4/10 F1=0.1864 Acc=0.2436 Labeled=500 QueryTime=11.7s GPU=197MB
2026-06-11 22:26:32,906 [INFO]   [coreset] Seed=456 R5/10 F1=0.1812 Acc=0.2371 Labeled=600 QueryTime=15.0s GPU=197MB
2026-06-11 22:26:55,282 [INFO]   [coreset] Seed=456 R6/10 F1=0.2089 Acc=0.2757 Labeled=700 QueryTime=17.4s GPU=197MB
2026-06-11 22:27:19,246 [INFO]   [coreset] Seed=456 R7/10 F1=0.2174 Acc=0.2700 Labeled=800 QueryTime=19.1s GPU=197MB
2026-06-11 22:27:46,025 [INFO]   [coreset] Seed=456 R8/10 F1=0.2997 Acc=0.3305 Labeled=900 QueryTime=21.5s GPU=197MB
2026-06-11 22:28:14,981 [INFO]   [coreset] Seed=456 R9/10 F1=0.3307 Acc=0.3566 Labeled=1000 QueryTime=23.9s GPU=197MB
2026-06-11 22:28:28,445 [INFO]   [coreset] Seed=789 R1/10 F1=0.1005 Acc=0.1769 Labeled=200 QueryTime=4.7s GPU=138MB
2026-06-11 22:28:40,236 [INFO]   [coreset] Seed=789 R2/10 F1=0.0898 Acc=0.1549 Labeled=300 QueryTime=7.5s GPU=176MB
2026-06-11 22:28:53,425 [INFO]   [coreset] Seed=789 R3/10 F1=0.0923 Acc=0.1525 Labeled=400 QueryTime=9.1s GPU=197MB
2026-06-11 22:29:09,809 [INFO]   [coreset] Seed=789 R4/10 F1=0.2247 Acc=0.2601 Labeled=500 QueryTime=12.3s GPU=197MB
2026-06-11 22:29:28,969 [INFO]   [coreset] Seed=789 R5/10 F1=0.0908 Acc=0.1448 Labeled=600 QueryTime=14.8s GPU=197MB
2026-06-11 22:29:50,853 [INFO]   [coreset] Seed=789 R6/10 F1=0.2560 Acc=0.2972 Labeled=700 QueryTime=17.0s GPU=197MB
2026-06-11 22:30:14,863 [INFO]   [coreset] Seed=789 R7/10 F1=0.2892 Acc=0.3258 Labeled=800 QueryTime=18.9s GPU=197MB
2026-06-11 22:30:41,576 [INFO]   [coreset] Seed=789 R8/10 F1=0.3072 Acc=0.3479 Labeled=900 QueryTime=20.9s GPU=197MB
2026-06-11 22:31:02,456 [INFO]   [coreset] Seed=789 R9/10 F1=0.3245 Acc=0.3654 Labeled=1000 QueryTime=15.6s GPU=197MB
2026-06-11 22:31:09,479 [INFO]   [coreset] Seed=1024 R1/10 F1=0.1000 Acc=0.1921 Labeled=200 QueryTime=2.8s GPU=138MB
2026-06-11 22:31:15,611 [INFO]   [coreset] Seed=1024 R2/10 F1=0.0854 Acc=0.1549 Labeled=300 QueryTime=4.0s GPU=176MB
2026-06-11 22:31:23,456 [INFO]   [coreset] Seed=1024 R3/10 F1=0.1205 Acc=0.1856 Labeled=400 QueryTime=5.7s GPU=197MB
2026-06-11 22:31:32,546 [INFO]   [coreset] Seed=1024 R4/10 F1=0.0801 Acc=0.1423 Labeled=500 QueryTime=6.9s GPU=197MB
2026-06-11 22:31:43,163 [INFO]   [coreset] Seed=1024 R5/10 F1=0.1277 Acc=0.2000 Labeled=600 QueryTime=8.5s GPU=197MB
2026-06-11 22:31:55,138 [INFO]   [coreset] Seed=1024 R6/10 F1=0.1735 Acc=0.2480 Labeled=700 QueryTime=9.8s GPU=197MB
2026-06-11 22:32:08,573 [INFO]   [coreset] Seed=1024 R7/10 F1=0.2157 Acc=0.2737 Labeled=800 QueryTime=11.2s GPU=197MB
2026-06-11 22:32:23,601 [INFO]   [coreset] Seed=1024 R8/10 F1=0.2550 Acc=0.3145 Labeled=900 QueryTime=12.6s GPU=197MB
2026-06-11 22:32:40,527 [INFO]   [coreset] Seed=1024 R9/10 F1=0.3101 Acc=0.3501 Labeled=1000 QueryTime=14.1s GPU=197MB
2026-06-11 22:32:42,810 [INFO] 
--- Strategy: badge ---
2026-06-11 22:32:58,797 [INFO]   [badge] Seed=42 R1/10 F1=0.1080 Acc=0.1866 Labeled=200 QueryTime=14.1s GPU=138MB
2026-06-11 22:33:14,771 [INFO]   [badge] Seed=42 R2/10 F1=0.1568 Acc=0.1961 Labeled=300 QueryTime=14.1s GPU=176MB
2026-06-11 22:33:31,247 [INFO]   [badge] Seed=42 R3/10 F1=0.1275 Acc=0.1676 Labeled=400 QueryTime=14.6s GPU=197MB
2026-06-11 22:34:02,651 [INFO]   [badge] Seed=42 R4/10 F1=0.1756 Acc=0.2137 Labeled=500 QueryTime=28.9s GPU=197MB
2026-06-11 22:34:35,479 [INFO]   [badge] Seed=42 R5/10 F1=0.2089 Acc=0.2426 Labeled=600 QueryTime=28.7s GPU=197MB
2026-06-11 22:35:08,715 [INFO]   [badge] Seed=42 R6/10 F1=0.2547 Acc=0.2863 Labeled=700 QueryTime=28.5s GPU=197MB
2026-06-11 22:35:42,260 [INFO]   [badge] Seed=42 R7/10 F1=0.3151 Acc=0.3451 Labeled=800 QueryTime=28.9s GPU=197MB
2026-06-11 22:36:16,349 [INFO]   [badge] Seed=42 R8/10 F1=0.3322 Acc=0.3587 Labeled=900 QueryTime=28.8s GPU=197MB
2026-06-11 22:36:50,176 [INFO]   [badge] Seed=42 R9/10 F1=0.3545 Acc=0.3781 Labeled=1000 QueryTime=28.6s GPU=197MB
2026-06-11 22:37:26,828 [INFO]   [badge] Seed=123 R1/10 F1=0.0829 Acc=0.1564 Labeled=200 QueryTime=28.2s GPU=138MB
2026-06-11 22:38:00,839 [INFO]   [badge] Seed=123 R2/10 F1=0.1511 Acc=0.2187 Labeled=300 QueryTime=30.1s GPU=176MB
2026-06-11 22:38:33,240 [INFO]   [badge] Seed=123 R3/10 F1=0.1598 Acc=0.2242 Labeled=400 QueryTime=28.3s GPU=197MB
2026-06-11 22:39:07,069 [INFO]   [badge] Seed=123 R4/10 F1=0.1161 Acc=0.1732 Labeled=500 QueryTime=29.8s GPU=197MB
2026-06-11 22:39:40,121 [INFO]   [badge] Seed=123 R5/10 F1=0.2132 Acc=0.2654 Labeled=600 QueryTime=28.8s GPU=197MB
2026-06-11 22:40:13,502 [INFO]   [badge] Seed=123 R6/10 F1=0.2451 Acc=0.2929 Labeled=700 QueryTime=28.8s GPU=197MB
2026-06-11 22:40:46,876 [INFO]   [badge] Seed=123 R7/10 F1=0.2763 Acc=0.3223 Labeled=800 QueryTime=28.6s GPU=197MB
2026-06-11 22:41:20,690 [INFO]   [badge] Seed=123 R8/10 F1=0.2687 Acc=0.3206 Labeled=900 QueryTime=28.3s GPU=197MB
2026-06-11 22:41:54,212 [INFO]   [badge] Seed=123 R9/10 F1=0.3353 Acc=0.3841 Labeled=1000 QueryTime=28.2s GPU=197MB
2026-06-11 22:42:32,877 [INFO]   [badge] Seed=456 R1/10 F1=0.1179 Acc=0.1926 Labeled=200 QueryTime=30.1s GPU=138MB
2026-06-11 22:43:04,633 [INFO]   [badge] Seed=456 R2/10 F1=0.1721 Acc=0.2443 Labeled=300 QueryTime=27.6s GPU=176MB
2026-06-11 22:43:38,287 [INFO]   [badge] Seed=456 R3/10 F1=0.1301 Acc=0.1856 Labeled=400 QueryTime=29.4s GPU=197MB
2026-06-11 22:44:12,507 [INFO]   [badge] Seed=456 R4/10 F1=0.1693 Acc=0.2307 Labeled=500 QueryTime=30.0s GPU=197MB
2026-06-11 22:44:45,740 [INFO]   [badge] Seed=456 R5/10 F1=0.2125 Acc=0.2477 Labeled=600 QueryTime=29.1s GPU=197MB
2026-06-11 22:45:19,312 [INFO]   [badge] Seed=456 R6/10 F1=0.2513 Acc=0.3024 Labeled=700 QueryTime=28.9s GPU=197MB
2026-06-11 22:45:52,804 [INFO]   [badge] Seed=456 R7/10 F1=0.2865 Acc=0.3374 Labeled=800 QueryTime=28.8s GPU=197MB
2026-06-11 22:46:26,921 [INFO]   [badge] Seed=456 R8/10 F1=0.3455 Acc=0.3723 Labeled=900 QueryTime=28.6s GPU=197MB
2026-06-11 22:47:00,768 [INFO]   [badge] Seed=456 R9/10 F1=0.3402 Acc=0.3839 Labeled=1000 QueryTime=28.5s GPU=197MB
2026-06-11 22:47:37,996 [INFO]   [badge] Seed=789 R1/10 F1=0.1005 Acc=0.1769 Labeled=200 QueryTime=28.8s GPU=138MB
2026-06-11 22:48:10,367 [INFO]   [badge] Seed=789 R2/10 F1=0.0918 Acc=0.1622 Labeled=300 QueryTime=28.3s GPU=176MB
2026-06-11 22:48:45,125 [INFO]   [badge] Seed=789 R3/10 F1=0.1053 Acc=0.1652 Labeled=400 QueryTime=30.6s GPU=197MB
2026-06-11 22:49:19,764 [INFO]   [badge] Seed=789 R4/10 F1=0.1332 Acc=0.1902 Labeled=500 QueryTime=30.2s GPU=197MB
2026-06-11 22:49:53,975 [INFO]   [badge] Seed=789 R5/10 F1=0.1893 Acc=0.2284 Labeled=600 QueryTime=30.0s GPU=197MB
2026-06-11 22:50:29,681 [INFO]   [badge] Seed=789 R6/10 F1=0.2350 Acc=0.2860 Labeled=700 QueryTime=31.0s GPU=197MB
2026-06-11 22:51:03,406 [INFO]   [badge] Seed=789 R7/10 F1=0.2593 Acc=0.3024 Labeled=800 QueryTime=29.0s GPU=197MB
2026-06-11 22:51:37,790 [INFO]   [badge] Seed=789 R8/10 F1=0.3010 Acc=0.3401 Labeled=900 QueryTime=29.1s GPU=197MB
2026-06-11 22:52:11,853 [INFO]   [badge] Seed=789 R9/10 F1=0.3089 Acc=0.3515 Labeled=1000 QueryTime=28.9s GPU=197MB
2026-06-11 22:52:50,321 [INFO]   [badge] Seed=1024 R1/10 F1=0.1000 Acc=0.1921 Labeled=200 QueryTime=29.9s GPU=138MB
2026-06-11 22:53:20,650 [INFO]   [badge] Seed=1024 R2/10 F1=0.0873 Acc=0.1663 Labeled=300 QueryTime=26.3s GPU=176MB
2026-06-11 22:53:48,375 [INFO]   [badge] Seed=1024 R3/10 F1=0.0544 Acc=0.1223 Labeled=400 QueryTime=23.4s GPU=197MB
2026-06-11 22:54:16,310 [INFO]   [badge] Seed=1024 R4/10 F1=0.1424 Acc=0.2078 Labeled=500 QueryTime=23.6s GPU=197MB
2026-06-11 22:54:43,574 [INFO]   [badge] Seed=1024 R5/10 F1=0.1452 Acc=0.2005 Labeled=600 QueryTime=23.0s GPU=197MB
2026-06-11 22:55:11,385 [INFO]   [badge] Seed=1024 R6/10 F1=0.2195 Acc=0.2815 Labeled=700 QueryTime=23.0s GPU=197MB
2026-06-11 22:55:39,781 [INFO]   [badge] Seed=1024 R7/10 F1=0.2503 Acc=0.2887 Labeled=800 QueryTime=23.6s GPU=197MB
2026-06-11 22:56:08,513 [INFO]   [badge] Seed=1024 R8/10 F1=0.2964 Acc=0.3466 Labeled=900 QueryTime=23.4s GPU=197MB
2026-06-11 22:56:36,978 [INFO]   [badge] Seed=1024 R9/10 F1=0.3324 Acc=0.3660 Labeled=1000 QueryTime=23.2s GPU=197MB
2026-06-11 22:56:41,452 [INFO] 
--- Strategy: qbc ---
2026-06-11 22:56:47,339 [INFO]   [qbc] Seed=42 R1/10 F1=0.1080 Acc=0.1866 Labeled=200 QueryTime=2.9s GPU=138MB
2026-06-11 22:56:53,172 [INFO]   [qbc] Seed=42 R2/10 F1=0.1554 Acc=0.1980 Labeled=300 QueryTime=2.7s GPU=189MB
2026-06-11 22:56:59,386 [INFO]   [qbc] Seed=42 R3/10 F1=0.0916 Acc=0.1451 Labeled=400 QueryTime=2.7s GPU=210MB
2026-06-11 22:57:05,581 [INFO]   [qbc] Seed=42 R4/10 F1=0.0989 Acc=0.1625 Labeled=500 QueryTime=2.8s GPU=208MB
2026-06-11 22:57:11,676 [INFO]   [qbc] Seed=42 R5/10 F1=0.1552 Acc=0.1892 Labeled=600 QueryTime=2.7s GPU=210MB
2026-06-11 22:57:18,588 [INFO]   [qbc] Seed=42 R6/10 F1=0.2582 Acc=0.2878 Labeled=700 QueryTime=3.0s GPU=210MB
2026-06-11 22:57:25,647 [INFO]   [qbc] Seed=42 R7/10 F1=0.3211 Acc=0.3425 Labeled=800 QueryTime=3.1s GPU=209MB
2026-06-11 22:57:33,403 [INFO]   [qbc] Seed=42 R8/10 F1=0.3582 Acc=0.3896 Labeled=900 QueryTime=3.4s GPU=209MB
2026-06-11 22:57:41,252 [INFO]   [qbc] Seed=42 R9/10 F1=0.3587 Acc=0.3827 Labeled=1000 QueryTime=3.4s GPU=209MB
2026-06-11 22:57:51,724 [INFO]   [qbc] Seed=123 R1/10 F1=0.0829 Acc=0.1564 Labeled=200 QueryTime=3.0s GPU=138MB
2026-06-11 22:57:57,608 [INFO]   [qbc] Seed=123 R2/10 F1=0.1273 Acc=0.2132 Labeled=300 QueryTime=2.7s GPU=189MB
2026-06-11 22:58:03,799 [INFO]   [qbc] Seed=123 R3/10 F1=0.1283 Acc=0.1933 Labeled=400 QueryTime=2.9s GPU=210MB
2026-06-11 22:58:09,826 [INFO]   [qbc] Seed=123 R4/10 F1=0.1103 Acc=0.1644 Labeled=500 QueryTime=2.7s GPU=208MB
2026-06-11 22:58:16,003 [INFO]   [qbc] Seed=123 R5/10 F1=0.1661 Acc=0.2196 Labeled=600 QueryTime=2.8s GPU=210MB
2026-06-11 22:58:23,274 [INFO]   [qbc] Seed=123 R6/10 F1=0.2801 Acc=0.3206 Labeled=700 QueryTime=3.2s GPU=210MB
2026-06-11 22:58:30,224 [INFO]   [qbc] Seed=123 R7/10 F1=0.2484 Acc=0.2834 Labeled=800 QueryTime=3.0s GPU=209MB
2026-06-11 22:58:38,289 [INFO]   [qbc] Seed=123 R8/10 F1=0.3428 Acc=0.3634 Labeled=900 QueryTime=3.5s GPU=209MB
2026-06-11 22:58:46,145 [INFO]   [qbc] Seed=123 R9/10 F1=0.3587 Acc=0.3956 Labeled=1000 QueryTime=3.4s GPU=209MB
2026-06-11 22:58:56,275 [INFO]   [qbc] Seed=456 R1/10 F1=0.1179 Acc=0.1926 Labeled=200 QueryTime=2.8s GPU=138MB
2026-06-11 22:59:02,114 [INFO]   [qbc] Seed=456 R2/10 F1=0.1832 Acc=0.2310 Labeled=300 QueryTime=2.6s GPU=189MB
2026-06-11 22:59:08,190 [INFO]   [qbc] Seed=456 R3/10 F1=0.1367 Acc=0.1923 Labeled=400 QueryTime=2.7s GPU=210MB
2026-06-11 22:59:14,191 [INFO]   [qbc] Seed=456 R4/10 F1=0.1238 Acc=0.2015 Labeled=500 QueryTime=2.8s GPU=208MB
2026-06-11 22:59:20,154 [INFO]   [qbc] Seed=456 R5/10 F1=0.2604 Acc=0.3137 Labeled=600 QueryTime=2.7s GPU=210MB
2026-06-11 22:59:27,116 [INFO]   [qbc] Seed=456 R6/10 F1=0.2836 Acc=0.3248 Labeled=700 QueryTime=3.0s GPU=210MB
2026-06-11 22:59:33,993 [INFO]   [qbc] Seed=456 R7/10 F1=0.2988 Acc=0.3518 Labeled=800 QueryTime=3.0s GPU=209MB
2026-06-11 22:59:41,787 [INFO]   [qbc] Seed=456 R8/10 F1=0.3224 Acc=0.3670 Labeled=900 QueryTime=3.5s GPU=209MB
2026-06-11 22:59:49,649 [INFO]   [qbc] Seed=456 R9/10 F1=0.3269 Acc=0.3770 Labeled=1000 QueryTime=3.5s GPU=209MB
2026-06-11 22:59:59,874 [INFO]   [qbc] Seed=789 R1/10 F1=0.1005 Acc=0.1769 Labeled=200 QueryTime=2.9s GPU=138MB
2026-06-11 23:00:05,787 [INFO]   [qbc] Seed=789 R2/10 F1=0.0708 Acc=0.1411 Labeled=300 QueryTime=2.7s GPU=189MB
2026-06-11 23:00:11,793 [INFO]   [qbc] Seed=789 R3/10 F1=0.1110 Acc=0.1720 Labeled=400 QueryTime=2.7s GPU=210MB
2026-06-11 23:00:18,030 [INFO]   [qbc] Seed=789 R4/10 F1=0.0977 Acc=0.1619 Labeled=500 QueryTime=2.7s GPU=208MB
2026-06-11 23:00:24,038 [INFO]   [qbc] Seed=789 R5/10 F1=0.1780 Acc=0.2259 Labeled=600 QueryTime=2.7s GPU=210MB
2026-06-11 23:00:30,926 [INFO]   [qbc] Seed=789 R6/10 F1=0.2380 Acc=0.2984 Labeled=700 QueryTime=3.1s GPU=210MB
2026-06-11 23:00:37,915 [INFO]   [qbc] Seed=789 R7/10 F1=0.2862 Acc=0.3326 Labeled=800 QueryTime=3.1s GPU=209MB
2026-06-11 23:00:45,792 [INFO]   [qbc] Seed=789 R8/10 F1=0.3226 Acc=0.3584 Labeled=900 QueryTime=3.4s GPU=209MB
2026-06-11 23:00:53,605 [INFO]   [qbc] Seed=789 R9/10 F1=0.3452 Acc=0.3791 Labeled=1000 QueryTime=3.3s GPU=209MB
2026-06-11 23:01:03,828 [INFO]   [qbc] Seed=1024 R1/10 F1=0.1000 Acc=0.1921 Labeled=200 QueryTime=2.9s GPU=138MB
2026-06-11 23:01:09,695 [INFO]   [qbc] Seed=1024 R2/10 F1=0.1297 Acc=0.1957 Labeled=300 QueryTime=2.7s GPU=189MB
2026-06-11 23:01:15,968 [INFO]   [qbc] Seed=1024 R3/10 F1=0.1100 Acc=0.1689 Labeled=400 QueryTime=3.0s GPU=210MB
2026-06-11 23:01:22,082 [INFO]   [qbc] Seed=1024 R4/10 F1=0.1379 Acc=0.1834 Labeled=500 QueryTime=2.8s GPU=208MB
2026-06-11 23:01:27,972 [INFO]   [qbc] Seed=1024 R5/10 F1=0.1478 Acc=0.2004 Labeled=600 QueryTime=2.6s GPU=210MB
2026-06-11 23:01:35,042 [INFO]   [qbc] Seed=1024 R6/10 F1=0.2768 Acc=0.3100 Labeled=700 QueryTime=3.1s GPU=210MB
2026-06-11 23:01:42,130 [INFO]   [qbc] Seed=1024 R7/10 F1=0.3130 Acc=0.3430 Labeled=800 QueryTime=3.1s GPU=209MB
2026-06-11 23:01:49,871 [INFO]   [qbc] Seed=1024 R8/10 F1=0.3320 Acc=0.3783 Labeled=900 QueryTime=3.3s GPU=209MB
2026-06-11 23:01:57,666 [INFO]   [qbc] Seed=1024 R9/10 F1=0.3341 Acc=0.3708 Labeled=1000 QueryTime=3.3s GPU=209MB
2026-06-11 23:02:02,126 [INFO] 
--- Full Supervised Baseline ---
2026-06-11 23:11:39,072 [INFO] Full Supervised: Acc=0.7740, F1=0.7682 (epochs=50, time=574.3s)
2026-06-11 23:11:40,476 [INFO] 
=== Results saved to C:\Users\28414\Desktop\机器学习—图像分类-期末汇报\output\std_al\rho10 ===
2026-06-11 23:11:40,477 [INFO] 
Summary:
2026-06-11 23:11:40,477 [INFO] Strategy                 Final F1     ±std   p<0.05 vs Random
2026-06-11 23:11:40,477 [INFO] ------------------------------------------------------------
2026-06-11 23:11:40,478 [INFO] badge                      0.3361   0.0165                   
2026-06-11 23:11:40,478 [INFO] coreset                    0.3299   0.0166                   
2026-06-11 23:11:40,478 [INFO] entropy                    0.3438   0.0120                   
2026-06-11 23:11:40,479 [INFO] margin                     0.3445   0.0234                   
2026-06-11 23:11:40,479 [INFO] qbc                        0.3769   0.0161                   
2026-06-11 23:11:40,479 [INFO] random                     0.3559   0.0178                   
2026-06-11 23:11:40,480 [INFO] Full Supervised            0.7682
2026-06-11 23:11:40,480 [INFO] 
Statistical Tests (selected):
2026-06-11 23:11:40,480 [INFO]   badge vs qbc: diff=-0.0408, p=0.0024**, d=-2.500 (large)
2026-06-11 23:11:40,480 [INFO]   coreset vs qbc: diff=-0.0470, p=0.0041**, d=-2.870 (large)
2026-06-11 23:11:40,481 [INFO]   entropy vs qbc: diff=-0.0332, p=0.0475*, d=-2.335 (large)
