2026-06-20 15:51:17,046 [INFO] === v8 Controlled-Fast AL+SSL Analysis: cifar10 ===
2026-06-20 15:51:17,046 [INFO] Budget: ultra_low, Model: simplecnn, Scheduler: True
2026-06-20 15:51:17,047 [INFO] Strategies: ['class_aware_entropy_ssl', 'gap_aware_entropy_ssl']
2026-06-20 15:51:17,047 [INFO] Seeds: [42, 123, 456]
2026-06-20 15:51:17,047 [INFO] Rounds: 10, Initial: 100, Query: 100
2026-06-20 15:51:17,047 [INFO] SSL: True, Method: flexmatch, t-SNE: False, Resume: False
2026-06-20 15:51:17,047 [INFO] Imbalance mode: max/min class count ratio = 20
2026-06-20 15:51:17,118 [INFO] Device: cuda
2026-06-20 15:51:37,286 [INFO] Imbalance filter (Exponential): 50000 -> 17023 training samples
2026-06-20 15:51:37,286 [INFO] 
--- Strategy: class_aware_entropy_ssl ---
2026-06-20 15:51:46,431 [INFO]   [class_aware_entropy_ssl] Seed=42 R1/10 F1=0.0648 Acc=0.1451 Labeled=200 QueryTime=0.1s GPU=172MB SSL+0
2026-06-20 15:51:53,286 [INFO]   [class_aware_entropy_ssl] Seed=42 R2/10 F1=0.1341 Acc=0.2081 Labeled=300 QueryTime=0.1s GPU=210MB SSL+4
2026-06-20 15:51:59,713 [INFO]   [class_aware_entropy_ssl] Seed=42 R3/10 F1=0.1570 Acc=0.2284 Labeled=400 QueryTime=0.1s GPU=229MB SSL+3
2026-06-20 15:52:06,000 [INFO]   [class_aware_entropy_ssl] Seed=42 R4/10 F1=0.2000 Acc=0.2733 Labeled=500 QueryTime=0.1s GPU=229MB SSL+1
2026-06-20 15:52:12,556 [INFO]   [class_aware_entropy_ssl] Seed=42 R5/10 F1=0.2245 Acc=0.2931 Labeled=600 QueryTime=0.2s GPU=229MB SSL+6
2026-06-20 15:52:21,712 [INFO]   [class_aware_entropy_ssl] Seed=42 R6/10 F1=0.2271 Acc=0.2917 Labeled=700 QueryTime=0.2s GPU=229MB SSL+27
2026-06-20 15:52:31,716 [INFO]   [class_aware_entropy_ssl] Seed=42 R7/10 F1=0.2740 Acc=0.3280 Labeled=800 QueryTime=0.3s GPU=229MB SSL+43
2026-06-20 15:52:44,018 [INFO]   [class_aware_entropy_ssl] Seed=42 R8/10 F1=0.2846 Acc=0.3498 Labeled=900 QueryTime=0.3s GPU=229MB SSL+47
2026-06-20 15:52:56,381 [INFO]   [class_aware_entropy_ssl] Seed=42 R9/10 F1=0.3207 Acc=0.3700 Labeled=1000 QueryTime=0.3s GPU=229MB SSL+60
2026-06-20 15:53:12,687 [INFO]   [class_aware_entropy_ssl] Seed=123 R1/10 F1=0.0656 Acc=0.1416 Labeled=200 QueryTime=0.0s GPU=171MB SSL+0
2026-06-20 15:53:21,228 [INFO]   [class_aware_entropy_ssl] Seed=123 R2/10 F1=0.1258 Acc=0.2162 Labeled=300 QueryTime=0.2s GPU=208MB SSL+22
2026-06-20 15:53:30,599 [INFO]   [class_aware_entropy_ssl] Seed=123 R3/10 F1=0.1496 Acc=0.2226 Labeled=400 QueryTime=0.1s GPU=229MB SSL+16
2026-06-20 15:53:38,428 [INFO]   [class_aware_entropy_ssl] Seed=123 R4/10 F1=0.1833 Acc=0.2404 Labeled=500 QueryTime=0.2s GPU=229MB SSL+13
2026-06-20 15:53:45,334 [INFO]   [class_aware_entropy_ssl] Seed=123 R5/10 F1=0.1959 Acc=0.2725 Labeled=600 QueryTime=0.2s GPU=229MB SSL+29
2026-06-20 15:53:55,896 [INFO]   [class_aware_entropy_ssl] Seed=123 R6/10 F1=0.1928 Acc=0.2786 Labeled=700 QueryTime=0.4s GPU=229MB SSL+52
2026-06-20 15:54:07,431 [INFO]   [class_aware_entropy_ssl] Seed=123 R7/10 F1=0.2384 Acc=0.3105 Labeled=800 QueryTime=0.3s GPU=229MB SSL+47
2026-06-20 15:54:22,456 [INFO]   [class_aware_entropy_ssl] Seed=123 R8/10 F1=0.3081 Acc=0.3607 Labeled=900 QueryTime=0.4s GPU=229MB SSL+67
2026-06-20 15:54:35,098 [INFO]   [class_aware_entropy_ssl] Seed=123 R9/10 F1=0.3397 Acc=0.3777 Labeled=1000 QueryTime=0.3s GPU=229MB SSL+44
2026-06-20 15:54:52,585 [INFO]   [class_aware_entropy_ssl] Seed=456 R1/10 F1=0.1046 Acc=0.1712 Labeled=200 QueryTime=0.0s GPU=171MB SSL+0
2026-06-20 15:54:59,054 [INFO]   [class_aware_entropy_ssl] Seed=456 R2/10 F1=0.1523 Acc=0.2357 Labeled=300 QueryTime=0.1s GPU=208MB SSL+0
2026-06-20 15:55:05,421 [INFO]   [class_aware_entropy_ssl] Seed=456 R3/10 F1=0.1768 Acc=0.2515 Labeled=400 QueryTime=0.1s GPU=229MB SSL+9
2026-06-20 15:55:12,006 [INFO]   [class_aware_entropy_ssl] Seed=456 R4/10 F1=0.1926 Acc=0.2702 Labeled=500 QueryTime=0.1s GPU=229MB SSL+9
2026-06-20 15:55:18,498 [INFO]   [class_aware_entropy_ssl] Seed=456 R5/10 F1=0.1972 Acc=0.2791 Labeled=600 QueryTime=0.2s GPU=229MB SSL+26
2026-06-20 15:55:27,562 [INFO]   [class_aware_entropy_ssl] Seed=456 R6/10 F1=0.2176 Acc=0.3010 Labeled=700 QueryTime=0.2s GPU=229MB SSL+71
2026-06-20 15:55:36,429 [INFO]   [class_aware_entropy_ssl] Seed=456 R7/10 F1=0.2538 Acc=0.3097 Labeled=800 QueryTime=0.2s GPU=229MB SSL+53
2026-06-20 15:55:49,100 [INFO]   [class_aware_entropy_ssl] Seed=456 R8/10 F1=0.3384 Acc=0.3704 Labeled=900 QueryTime=0.3s GPU=229MB SSL+97
2026-06-20 15:56:00,998 [INFO]   [class_aware_entropy_ssl] Seed=456 R9/10 F1=0.3548 Acc=0.3918 Labeled=1000 QueryTime=0.3s GPU=229MB SSL+123
2026-06-20 15:56:11,728 [INFO] 
--- Strategy: gap_aware_entropy_ssl ---
2026-06-20 15:56:17,523 [INFO]   [gap_aware_entropy_ssl] Seed=42 R1/10 F1=0.0648 Acc=0.1451 Labeled=200 QueryTime=0.0s GPU=171MB SSL+0
2026-06-20 15:56:23,744 [INFO]   [gap_aware_entropy_ssl] Seed=42 R2/10 F1=0.1286 Acc=0.2074 Labeled=300 QueryTime=0.1s GPU=208MB SSL+2
2026-06-20 15:56:30,541 [INFO]   [gap_aware_entropy_ssl] Seed=42 R3/10 F1=0.1336 Acc=0.2217 Labeled=400 QueryTime=0.1s GPU=229MB SSL+2
2026-06-20 15:56:37,454 [INFO]   [gap_aware_entropy_ssl] Seed=42 R4/10 F1=0.1754 Acc=0.2421 Labeled=500 QueryTime=0.1s GPU=229MB SSL+0
2026-06-20 15:56:43,885 [INFO]   [gap_aware_entropy_ssl] Seed=42 R5/10 F1=0.1754 Acc=0.2578 Labeled=600 QueryTime=0.2s GPU=229MB SSL+10
2026-06-20 15:56:53,211 [INFO]   [gap_aware_entropy_ssl] Seed=42 R6/10 F1=0.2228 Acc=0.2906 Labeled=700 QueryTime=0.2s GPU=229MB SSL+14
2026-06-20 15:57:02,879 [INFO]   [gap_aware_entropy_ssl] Seed=42 R7/10 F1=0.2659 Acc=0.3279 Labeled=800 QueryTime=0.2s GPU=229MB SSL+23
2026-06-20 15:57:16,637 [INFO]   [gap_aware_entropy_ssl] Seed=42 R8/10 F1=0.2788 Acc=0.3417 Labeled=900 QueryTime=0.4s GPU=229MB SSL+96
2026-06-20 15:57:29,846 [INFO]   [gap_aware_entropy_ssl] Seed=42 R9/10 F1=0.3445 Acc=0.3907 Labeled=1000 QueryTime=0.3s GPU=229MB SSL+70
2026-06-20 15:57:47,102 [INFO]   [gap_aware_entropy_ssl] Seed=123 R1/10 F1=0.0656 Acc=0.1416 Labeled=200 QueryTime=0.0s GPU=171MB SSL+0
2026-06-20 15:57:53,562 [INFO]   [gap_aware_entropy_ssl] Seed=123 R2/10 F1=0.1253 Acc=0.2055 Labeled=300 QueryTime=0.1s GPU=208MB SSL+41
2026-06-20 15:57:59,806 [INFO]   [gap_aware_entropy_ssl] Seed=123 R3/10 F1=0.1509 Acc=0.2393 Labeled=400 QueryTime=0.1s GPU=229MB SSL+17
2026-06-20 15:58:06,269 [INFO]   [gap_aware_entropy_ssl] Seed=123 R4/10 F1=0.1572 Acc=0.2433 Labeled=500 QueryTime=0.2s GPU=229MB SSL+5
2026-06-20 15:58:12,456 [INFO]   [gap_aware_entropy_ssl] Seed=123 R5/10 F1=0.1703 Acc=0.2633 Labeled=600 QueryTime=0.2s GPU=229MB SSL+8
2026-06-20 15:58:21,818 [INFO]   [gap_aware_entropy_ssl] Seed=123 R6/10 F1=0.2021 Acc=0.2908 Labeled=700 QueryTime=0.2s GPU=229MB SSL+13
2026-06-20 15:58:31,268 [INFO]   [gap_aware_entropy_ssl] Seed=123 R7/10 F1=0.2450 Acc=0.3176 Labeled=800 QueryTime=0.3s GPU=229MB SSL+40
2026-06-20 15:58:43,837 [INFO]   [gap_aware_entropy_ssl] Seed=123 R8/10 F1=0.2730 Acc=0.3362 Labeled=900 QueryTime=0.3s GPU=229MB SSL+90
2026-06-20 15:58:55,867 [INFO]   [gap_aware_entropy_ssl] Seed=123 R9/10 F1=0.2978 Acc=0.3547 Labeled=1000 QueryTime=0.4s GPU=229MB SSL+119
2026-06-20 15:59:14,118 [INFO]   [gap_aware_entropy_ssl] Seed=456 R1/10 F1=0.1046 Acc=0.1712 Labeled=200 QueryTime=0.0s GPU=171MB SSL+0
2026-06-20 15:59:20,722 [INFO]   [gap_aware_entropy_ssl] Seed=456 R2/10 F1=0.1273 Acc=0.2213 Labeled=300 QueryTime=0.1s GPU=208MB SSL+11
2026-06-20 15:59:27,224 [INFO]   [gap_aware_entropy_ssl] Seed=456 R3/10 F1=0.1514 Acc=0.2442 Labeled=400 QueryTime=0.1s GPU=229MB SSL+25
2026-06-20 15:59:33,561 [INFO]   [gap_aware_entropy_ssl] Seed=456 R4/10 F1=0.1855 Acc=0.2692 Labeled=500 QueryTime=0.1s GPU=229MB SSL+9
2026-06-20 15:59:39,831 [INFO]   [gap_aware_entropy_ssl] Seed=456 R5/10 F1=0.1895 Acc=0.2686 Labeled=600 QueryTime=0.2s GPU=229MB SSL+24
2026-06-20 15:59:48,771 [INFO]   [gap_aware_entropy_ssl] Seed=456 R6/10 F1=0.2232 Acc=0.3006 Labeled=700 QueryTime=0.2s GPU=229MB SSL+31
2026-06-20 15:59:57,794 [INFO]   [gap_aware_entropy_ssl] Seed=456 R7/10 F1=0.2757 Acc=0.3239 Labeled=800 QueryTime=0.2s GPU=229MB SSL+76
2026-06-20 16:00:09,486 [INFO]   [gap_aware_entropy_ssl] Seed=456 R8/10 F1=0.2896 Acc=0.3387 Labeled=900 QueryTime=0.3s GPU=229MB SSL+140
2026-06-20 16:00:21,796 [INFO]   [gap_aware_entropy_ssl] Seed=456 R9/10 F1=0.3278 Acc=0.3674 Labeled=1000 QueryTime=0.3s GPU=229MB SSL+81
2026-06-20 16:00:33,021 [INFO] 
--- Full Supervised Baseline ---
