2026-06-13 16:28:03,987 [INFO] === v8 Controlled-Fast AL+SSL Analysis: cifar10 ===
2026-06-13 16:28:03,988 [INFO] Budget: ultra_low, Model: simplecnn, Scheduler: True
2026-06-13 16:28:03,988 [INFO] Strategies: ['class_aware_entropy', 'gap_aware_entropy', 'adaptive_gap_entropy']
2026-06-13 16:28:03,988 [INFO] Seeds: [42, 123, 456]
2026-06-13 16:28:03,988 [INFO] Rounds: 10, Initial: 100, Query: 100
2026-06-13 16:28:03,988 [INFO] SSL: True, Method: flexmatch, t-SNE: False, Resume: False
2026-06-13 16:28:03,988 [INFO] Imbalance mode: max/min class count ratio = 1
2026-06-13 16:28:04,111 [INFO] Device: cuda
2026-06-13 16:28:29,075 [INFO] Imbalance filter (Exponential): 50000 -> 50000 training samples
2026-06-13 16:28:29,075 [INFO] 
--- Strategy: class_aware_entropy ---
2026-06-13 16:28:41,680 [INFO]   [class_aware_entropy] Seed=42 R1/10 F1=0.0825 Acc=0.1387 Labeled=200 QueryTime=0.1s GPU=172MB SSL+0
2026-06-13 16:28:53,228 [INFO]   [class_aware_entropy] Seed=42 R2/10 F1=0.1714 Acc=0.2187 Labeled=300 QueryTime=0.1s GPU=210MB SSL+0
2026-06-13 16:29:02,372 [INFO]   [class_aware_entropy] Seed=42 R3/10 F1=0.2582 Acc=0.2764 Labeled=400 QueryTime=0.2s GPU=229MB SSL+2
2026-06-13 16:29:11,052 [INFO]   [class_aware_entropy] Seed=42 R4/10 F1=0.2773 Acc=0.3026 Labeled=500 QueryTime=0.2s GPU=229MB SSL+3
2026-06-13 16:29:18,666 [INFO]   [class_aware_entropy] Seed=42 R5/10 F1=0.3234 Acc=0.3317 Labeled=600 QueryTime=0.2s GPU=229MB SSL+4
2026-06-13 16:29:28,875 [INFO]   [class_aware_entropy] Seed=42 R6/10 F1=0.3545 Acc=0.3706 Labeled=700 QueryTime=0.4s GPU=229MB SSL+23
2026-06-13 16:29:39,715 [INFO]   [class_aware_entropy] Seed=42 R7/10 F1=0.3621 Acc=0.3912 Labeled=800 QueryTime=0.4s GPU=229MB SSL+21
2026-06-13 16:29:53,044 [INFO]   [class_aware_entropy] Seed=42 R8/10 F1=0.4104 Acc=0.4238 Labeled=900 QueryTime=0.4s GPU=229MB SSL+51
2026-06-13 16:30:07,071 [INFO]   [class_aware_entropy] Seed=42 R9/10 F1=0.4136 Acc=0.4336 Labeled=1000 QueryTime=0.4s GPU=229MB SSL+59
2026-06-13 16:30:26,342 [INFO]   [class_aware_entropy] Seed=123 R1/10 F1=0.1283 Acc=0.1764 Labeled=200 QueryTime=0.0s GPU=171MB SSL+0
2026-06-13 16:30:33,941 [INFO]   [class_aware_entropy] Seed=123 R2/10 F1=0.2180 Acc=0.2518 Labeled=300 QueryTime=0.1s GPU=208MB SSL+0
2026-06-13 16:30:41,317 [INFO]   [class_aware_entropy] Seed=123 R3/10 F1=0.2708 Acc=0.2881 Labeled=400 QueryTime=0.1s GPU=229MB SSL+0
2026-06-13 16:30:48,570 [INFO]   [class_aware_entropy] Seed=123 R4/10 F1=0.2865 Acc=0.3035 Labeled=500 QueryTime=0.1s GPU=229MB SSL+0
2026-06-13 16:30:56,592 [INFO]   [class_aware_entropy] Seed=123 R5/10 F1=0.3053 Acc=0.3190 Labeled=600 QueryTime=0.2s GPU=229MB SSL+3
2026-06-13 16:31:07,826 [INFO]   [class_aware_entropy] Seed=123 R6/10 F1=0.3818 Acc=0.3834 Labeled=700 QueryTime=0.3s GPU=229MB SSL+15
2026-06-13 16:31:18,653 [INFO]   [class_aware_entropy] Seed=123 R7/10 F1=0.3785 Acc=0.3837 Labeled=800 QueryTime=0.3s GPU=229MB SSL+16
2026-06-13 16:31:32,125 [INFO]   [class_aware_entropy] Seed=123 R8/10 F1=0.3908 Acc=0.3996 Labeled=900 QueryTime=0.3s GPU=229MB SSL+32
2026-06-13 16:31:45,515 [INFO]   [class_aware_entropy] Seed=123 R9/10 F1=0.4453 Acc=0.4425 Labeled=1000 QueryTime=0.3s GPU=229MB SSL+51
2026-06-13 16:32:04,769 [INFO]   [class_aware_entropy] Seed=456 R1/10 F1=0.1034 Acc=0.1952 Labeled=200 QueryTime=0.0s GPU=171MB SSL+0
2026-06-13 16:32:12,241 [INFO]   [class_aware_entropy] Seed=456 R2/10 F1=0.2472 Acc=0.2861 Labeled=300 QueryTime=0.1s GPU=208MB SSL+0
2026-06-13 16:32:19,291 [INFO]   [class_aware_entropy] Seed=456 R3/10 F1=0.2854 Acc=0.3099 Labeled=400 QueryTime=0.1s GPU=229MB SSL+3
2026-06-13 16:32:26,754 [INFO]   [class_aware_entropy] Seed=456 R4/10 F1=0.2950 Acc=0.3118 Labeled=500 QueryTime=0.2s GPU=229MB SSL+4
2026-06-13 16:32:33,828 [INFO]   [class_aware_entropy] Seed=456 R5/10 F1=0.3315 Acc=0.3502 Labeled=600 QueryTime=0.2s GPU=229MB SSL+6
2026-06-13 16:32:45,082 [INFO]   [class_aware_entropy] Seed=456 R6/10 F1=0.3420 Acc=0.3713 Labeled=700 QueryTime=0.2s GPU=229MB SSL+10
2026-06-13 16:32:55,852 [INFO]   [class_aware_entropy] Seed=456 R7/10 F1=0.3959 Acc=0.4110 Labeled=800 QueryTime=0.4s GPU=229MB SSL+20
2026-06-13 16:33:10,757 [INFO]   [class_aware_entropy] Seed=456 R8/10 F1=0.4096 Acc=0.4188 Labeled=900 QueryTime=0.4s GPU=229MB SSL+75
2026-06-13 16:33:25,542 [INFO]   [class_aware_entropy] Seed=456 R9/10 F1=0.4058 Acc=0.4278 Labeled=1000 QueryTime=0.4s GPU=229MB SSL+83
2026-06-13 16:33:37,932 [INFO] 
--- Strategy: gap_aware_entropy ---
2026-06-13 16:33:44,504 [INFO]   [gap_aware_entropy] Seed=42 R1/10 F1=0.0825 Acc=0.1387 Labeled=200 QueryTime=0.0s GPU=171MB SSL+0
2026-06-13 16:33:51,778 [INFO]   [gap_aware_entropy] Seed=42 R2/10 F1=0.2012 Acc=0.2278 Labeled=300 QueryTime=0.0s GPU=208MB SSL+0
2026-06-13 16:34:00,456 [INFO]   [gap_aware_entropy] Seed=42 R3/10 F1=0.2365 Acc=0.2604 Labeled=400 QueryTime=0.1s GPU=229MB SSL+0
2026-06-13 16:34:08,738 [INFO]   [gap_aware_entropy] Seed=42 R4/10 F1=0.3039 Acc=0.3154 Labeled=500 QueryTime=0.2s GPU=229MB SSL+0
2026-06-13 16:34:16,093 [INFO]   [gap_aware_entropy] Seed=42 R5/10 F1=0.3582 Acc=0.3652 Labeled=600 QueryTime=0.2s GPU=229MB SSL+0
2026-06-13 16:34:27,935 [INFO]   [gap_aware_entropy] Seed=42 R6/10 F1=0.3890 Acc=0.3857 Labeled=700 QueryTime=0.3s GPU=229MB SSL+18
2026-06-13 16:34:40,597 [INFO]   [gap_aware_entropy] Seed=42 R7/10 F1=0.3948 Acc=0.4023 Labeled=800 QueryTime=0.4s GPU=229MB SSL+31
2026-06-13 16:34:55,751 [INFO]   [gap_aware_entropy] Seed=42 R8/10 F1=0.4009 Acc=0.4092 Labeled=900 QueryTime=0.4s GPU=229MB SSL+34
2026-06-13 16:35:11,674 [INFO]   [gap_aware_entropy] Seed=42 R9/10 F1=0.4349 Acc=0.4319 Labeled=1000 QueryTime=0.5s GPU=229MB SSL+78
2026-06-13 16:35:33,399 [INFO]   [gap_aware_entropy] Seed=123 R1/10 F1=0.1283 Acc=0.1764 Labeled=200 QueryTime=0.1s GPU=171MB SSL+0
2026-06-13 16:35:41,393 [INFO]   [gap_aware_entropy] Seed=123 R2/10 F1=0.1727 Acc=0.2279 Labeled=300 QueryTime=0.1s GPU=208MB SSL+0
2026-06-13 16:35:49,536 [INFO]   [gap_aware_entropy] Seed=123 R3/10 F1=0.2346 Acc=0.2587 Labeled=400 QueryTime=0.1s GPU=229MB SSL+0
2026-06-13 16:35:57,811 [INFO]   [gap_aware_entropy] Seed=123 R4/10 F1=0.2817 Acc=0.3049 Labeled=500 QueryTime=0.1s GPU=229MB SSL+0
2026-06-13 16:36:06,326 [INFO]   [gap_aware_entropy] Seed=123 R5/10 F1=0.3022 Acc=0.3134 Labeled=600 QueryTime=0.2s GPU=229MB SSL+1
2026-06-13 16:36:17,735 [INFO]   [gap_aware_entropy] Seed=123 R6/10 F1=0.3233 Acc=0.3430 Labeled=700 QueryTime=0.3s GPU=229MB SSL+4
2026-06-13 16:36:28,874 [INFO]   [gap_aware_entropy] Seed=123 R7/10 F1=0.3824 Acc=0.3817 Labeled=800 QueryTime=0.4s GPU=229MB SSL+9
2026-06-13 16:36:42,370 [INFO]   [gap_aware_entropy] Seed=123 R8/10 F1=0.3553 Acc=0.3679 Labeled=900 QueryTime=0.3s GPU=229MB SSL+51
2026-06-13 16:36:57,586 [INFO]   [gap_aware_entropy] Seed=123 R9/10 F1=0.4339 Acc=0.4332 Labeled=1000 QueryTime=0.4s GPU=229MB SSL+35
2026-06-13 16:37:18,311 [INFO]   [gap_aware_entropy] Seed=456 R1/10 F1=0.1034 Acc=0.1952 Labeled=200 QueryTime=0.0s GPU=171MB SSL+0
2026-06-13 16:37:26,052 [INFO]   [gap_aware_entropy] Seed=456 R2/10 F1=0.1928 Acc=0.2465 Labeled=300 QueryTime=0.1s GPU=208MB SSL+9
2026-06-13 16:37:33,181 [INFO]   [gap_aware_entropy] Seed=456 R3/10 F1=0.2123 Acc=0.2607 Labeled=400 QueryTime=0.1s GPU=229MB SSL+3
2026-06-13 16:37:40,356 [INFO]   [gap_aware_entropy] Seed=456 R4/10 F1=0.2431 Acc=0.2849 Labeled=500 QueryTime=0.2s GPU=229MB SSL+5
2026-06-13 16:37:47,342 [INFO]   [gap_aware_entropy] Seed=456 R5/10 F1=0.2844 Acc=0.3177 Labeled=600 QueryTime=0.1s GPU=229MB SSL+14
2026-06-13 16:37:58,115 [INFO]   [gap_aware_entropy] Seed=456 R6/10 F1=0.3560 Acc=0.3680 Labeled=700 QueryTime=0.2s GPU=229MB SSL+23
2026-06-13 16:38:08,815 [INFO]   [gap_aware_entropy] Seed=456 R7/10 F1=0.3677 Acc=0.3831 Labeled=800 QueryTime=0.4s GPU=229MB SSL+34
2026-06-13 16:38:22,506 [INFO]   [gap_aware_entropy] Seed=456 R8/10 F1=0.3925 Acc=0.3998 Labeled=900 QueryTime=0.3s GPU=229MB SSL+54
2026-06-13 16:38:37,335 [INFO]   [gap_aware_entropy] Seed=456 R9/10 F1=0.3948 Acc=0.4070 Labeled=1000 QueryTime=0.3s GPU=229MB SSL+72
2026-06-13 16:38:50,378 [INFO] 
--- Strategy: adaptive_gap_entropy ---
2026-06-13 16:38:57,176 [INFO]   [adaptive_gap_entropy] Seed=42 R1/10 F1=0.0825 Acc=0.1387 Labeled=200 QueryTime=0.0s GPU=171MB SSL+0
2026-06-13 16:39:04,567 [INFO]   [adaptive_gap_entropy] Seed=42 R2/10 F1=0.2120 Acc=0.2363 Labeled=300 QueryTime=0.1s GPU=208MB SSL+0
2026-06-13 16:39:12,275 [INFO]   [adaptive_gap_entropy] Seed=42 R3/10 F1=0.2405 Acc=0.2625 Labeled=400 QueryTime=0.1s GPU=229MB SSL+0
2026-06-13 16:39:19,261 [INFO]   [adaptive_gap_entropy] Seed=42 R4/10 F1=0.3345 Acc=0.3340 Labeled=500 QueryTime=0.2s GPU=229MB SSL+0
2026-06-13 16:39:26,581 [INFO]   [adaptive_gap_entropy] Seed=42 R5/10 F1=0.3347 Acc=0.3471 Labeled=600 QueryTime=0.2s GPU=229MB SSL+6
2026-06-13 16:39:38,609 [INFO]   [adaptive_gap_entropy] Seed=42 R6/10 F1=0.3657 Acc=0.3802 Labeled=700 QueryTime=0.4s GPU=229MB SSL+13
2026-06-13 16:39:49,811 [INFO]   [adaptive_gap_entropy] Seed=42 R7/10 F1=0.3904 Acc=0.4090 Labeled=800 QueryTime=0.4s GPU=229MB SSL+27
2026-06-13 16:40:03,823 [INFO]   [adaptive_gap_entropy] Seed=42 R8/10 F1=0.4254 Acc=0.4335 Labeled=900 QueryTime=0.3s GPU=229MB SSL+47
2026-06-13 16:40:17,819 [INFO]   [adaptive_gap_entropy] Seed=42 R9/10 F1=0.4511 Acc=0.4606 Labeled=1000 QueryTime=0.4s GPU=229MB SSL+58
2026-06-13 16:40:38,736 [INFO]   [adaptive_gap_entropy] Seed=123 R1/10 F1=0.1283 Acc=0.1764 Labeled=200 QueryTime=0.1s GPU=171MB SSL+0
2026-06-13 16:40:46,438 [INFO]   [adaptive_gap_entropy] Seed=123 R2/10 F1=0.1793 Acc=0.2302 Labeled=300 QueryTime=0.1s GPU=208MB SSL+0
2026-06-13 16:40:54,480 [INFO]   [adaptive_gap_entropy] Seed=123 R3/10 F1=0.2286 Acc=0.2658 Labeled=400 QueryTime=0.1s GPU=229MB SSL+0
2026-06-13 16:41:02,536 [INFO]   [adaptive_gap_entropy] Seed=123 R4/10 F1=0.2826 Acc=0.2975 Labeled=500 QueryTime=0.1s GPU=229MB SSL+0
2026-06-13 16:41:10,713 [INFO]   [adaptive_gap_entropy] Seed=123 R5/10 F1=0.2734 Acc=0.2993 Labeled=600 QueryTime=0.2s GPU=229MB SSL+0
2026-06-13 16:41:21,461 [INFO]   [adaptive_gap_entropy] Seed=123 R6/10 F1=0.3419 Acc=0.3505 Labeled=700 QueryTime=0.2s GPU=229MB SSL+4
2026-06-13 16:41:34,121 [INFO]   [adaptive_gap_entropy] Seed=123 R7/10 F1=0.4086 Acc=0.4087 Labeled=800 QueryTime=0.3s GPU=229MB SSL+20
2026-06-13 16:41:49,859 [INFO]   [adaptive_gap_entropy] Seed=123 R8/10 F1=0.3938 Acc=0.4002 Labeled=900 QueryTime=0.2s GPU=229MB SSL+23
2026-06-13 16:42:06,097 [INFO]   [adaptive_gap_entropy] Seed=123 R9/10 F1=0.4152 Acc=0.4176 Labeled=1000 QueryTime=0.4s GPU=229MB SSL+46
2026-06-13 16:42:28,150 [INFO]   [adaptive_gap_entropy] Seed=456 R1/10 F1=0.1034 Acc=0.1952 Labeled=200 QueryTime=0.1s GPU=171MB SSL+0
2026-06-13 16:42:36,818 [INFO]   [adaptive_gap_entropy] Seed=456 R2/10 F1=0.2367 Acc=0.2604 Labeled=300 QueryTime=0.1s GPU=208MB SSL+2
2026-06-13 16:42:46,378 [INFO]   [adaptive_gap_entropy] Seed=456 R3/10 F1=0.2331 Acc=0.2744 Labeled=400 QueryTime=0.2s GPU=229MB SSL+1
2026-06-13 16:42:54,398 [INFO]   [adaptive_gap_entropy] Seed=456 R4/10 F1=0.2676 Acc=0.3002 Labeled=500 QueryTime=0.1s GPU=229MB SSL+8
2026-06-13 16:43:03,387 [INFO]   [adaptive_gap_entropy] Seed=456 R5/10 F1=0.3322 Acc=0.3497 Labeled=600 QueryTime=0.3s GPU=229MB SSL+8
2026-06-13 16:43:16,638 [INFO]   [adaptive_gap_entropy] Seed=456 R6/10 F1=0.3539 Acc=0.3739 Labeled=700 QueryTime=0.2s GPU=229MB SSL+17
2026-06-13 16:43:30,985 [INFO]   [adaptive_gap_entropy] Seed=456 R7/10 F1=0.3755 Acc=0.3920 Labeled=800 QueryTime=0.4s GPU=229MB SSL+39
2026-06-13 16:43:48,010 [INFO]   [adaptive_gap_entropy] Seed=456 R8/10 F1=0.4022 Acc=0.4080 Labeled=900 QueryTime=0.4s GPU=229MB SSL+50
2026-06-13 16:44:05,412 [INFO]   [adaptive_gap_entropy] Seed=456 R9/10 F1=0.4037 Acc=0.4114 Labeled=1000 QueryTime=0.3s GPU=229MB SSL+69
2026-06-13 16:44:21,815 [INFO] 
--- Full Supervised Baseline ---
2026-06-13 17:30:50,309 [INFO] Full Supervised: Acc=0.8591, F1=0.8586 (epochs=50, time=2785.3s)
2026-06-13 17:30:54,030 [INFO] 
=== Results saved to C:\Users\28414\Desktop\机器学习—图像分类-期末汇报\output\innovative_al_ssl_basic\rho1 ===
2026-06-13 17:30:54,033 [INFO] 
Summary:
2026-06-13 17:30:54,033 [INFO] Strategy                 Final F1     ±std   p<0.05 vs Random
2026-06-13 17:30:54,034 [INFO] ------------------------------------------------------------
2026-06-13 17:30:54,035 [INFO] adaptive_gap_entropy       0.4419   0.0058                   
2026-06-13 17:30:54,035 [INFO] class_aware_entropy        0.4246   0.0177                   
2026-06-13 17:30:54,035 [INFO] gap_aware_entropy          0.4348   0.0130                   
2026-06-13 17:30:54,035 [INFO] Full Supervised            0.8586
2026-06-13 17:30:54,035 [INFO] 
Statistical Tests (selected):
