2026-06-12 09:03:30,322 [INFO] === v8 Controlled-Fast AL+SSL Analysis: cifar10 ===
2026-06-12 09:03:30,322 [INFO] Budget: ultra_low, Model: simplecnn, Scheduler: True
2026-06-12 09:03:30,323 [INFO] Strategies: ['random', 'entropy', 'margin', 'coreset', 'badge', 'qbc']
2026-06-12 09:03:30,323 [INFO] Seeds: [42, 123, 456, 789, 1024]
2026-06-12 09:03:30,323 [INFO] Rounds: 10, Initial: 100, Query: 100
2026-06-12 09:03:30,323 [INFO] SSL: False, Method: flexmatch, t-SNE: False, Resume: False
2026-06-12 09:03:30,324 [INFO] Imbalance mode: max/min class count ratio = 20
2026-06-12 09:03:30,411 [INFO] Device: cuda
2026-06-12 09:03:50,929 [INFO] Imbalance filter (Exponential): 50000 -> 17023 training samples
2026-06-12 09:03:50,930 [INFO] 
--- Strategy: random ---
2026-06-12 09:03:56,220 [INFO]   [random] Seed=42 R1/10 F1=0.0750 Acc=0.1748 Labeled=200 QueryTime=0.0s GPU=74MB
2026-06-12 09:04:00,310 [INFO]   [random] Seed=42 R2/10 F1=0.1037 Acc=0.1812 Labeled=300 QueryTime=0.0s GPU=111MB
2026-06-12 09:04:05,232 [INFO]   [random] Seed=42 R3/10 F1=0.1265 Acc=0.1997 Labeled=400 QueryTime=0.0s GPU=131MB
2026-06-12 09:04:09,196 [INFO]   [random] Seed=42 R4/10 F1=0.1279 Acc=0.2137 Labeled=500 QueryTime=0.0s GPU=131MB
2026-06-12 09:04:13,190 [INFO]   [random] Seed=42 R5/10 F1=0.1296 Acc=0.1854 Labeled=600 QueryTime=0.0s GPU=131MB
2026-06-12 09:04:17,584 [INFO]   [random] Seed=42 R6/10 F1=0.1730 Acc=0.2466 Labeled=700 QueryTime=0.0s GPU=131MB
2026-06-12 09:04:21,955 [INFO]   [random] Seed=42 R7/10 F1=0.2087 Acc=0.2714 Labeled=800 QueryTime=0.0s GPU=131MB
2026-06-12 09:04:25,975 [INFO]   [random] Seed=42 R8/10 F1=0.2465 Acc=0.3119 Labeled=900 QueryTime=0.0s GPU=131MB
2026-06-12 09:04:30,184 [INFO]   [random] Seed=42 R9/10 F1=0.2814 Acc=0.3425 Labeled=1000 QueryTime=0.0s GPU=131MB
2026-06-12 09:04:37,483 [INFO]   [random] Seed=123 R1/10 F1=0.0717 Acc=0.1695 Labeled=200 QueryTime=0.0s GPU=74MB
2026-06-12 09:04:41,050 [INFO]   [random] Seed=123 R2/10 F1=0.1103 Acc=0.1838 Labeled=300 QueryTime=0.0s GPU=112MB
2026-06-12 09:04:44,285 [INFO]   [random] Seed=123 R3/10 F1=0.1270 Acc=0.1951 Labeled=400 QueryTime=0.0s GPU=131MB
2026-06-12 09:04:47,998 [INFO]   [random] Seed=123 R4/10 F1=0.1323 Acc=0.1873 Labeled=500 QueryTime=0.0s GPU=131MB
2026-06-12 09:04:51,434 [INFO]   [random] Seed=123 R5/10 F1=0.1783 Acc=0.2394 Labeled=600 QueryTime=0.0s GPU=131MB
2026-06-12 09:04:55,461 [INFO]   [random] Seed=123 R6/10 F1=0.2206 Acc=0.2857 Labeled=700 QueryTime=0.0s GPU=131MB
2026-06-12 09:04:59,707 [INFO]   [random] Seed=123 R7/10 F1=0.2300 Acc=0.2955 Labeled=800 QueryTime=0.0s GPU=131MB
2026-06-12 09:05:04,095 [INFO]   [random] Seed=123 R8/10 F1=0.2667 Acc=0.3387 Labeled=900 QueryTime=0.0s GPU=131MB
2026-06-12 09:05:08,692 [INFO]   [random] Seed=123 R9/10 F1=0.2550 Acc=0.3237 Labeled=1000 QueryTime=0.0s GPU=131MB
2026-06-12 09:05:16,417 [INFO]   [random] Seed=456 R1/10 F1=0.0999 Acc=0.1811 Labeled=200 QueryTime=0.0s GPU=74MB
2026-06-12 09:05:20,570 [INFO]   [random] Seed=456 R2/10 F1=0.1154 Acc=0.1808 Labeled=300 QueryTime=0.0s GPU=112MB
2026-06-12 09:05:24,724 [INFO]   [random] Seed=456 R3/10 F1=0.1183 Acc=0.1700 Labeled=400 QueryTime=0.0s GPU=131MB
2026-06-12 09:05:28,675 [INFO]   [random] Seed=456 R4/10 F1=0.1174 Acc=0.1654 Labeled=500 QueryTime=0.0s GPU=131MB
2026-06-12 09:05:32,600 [INFO]   [random] Seed=456 R5/10 F1=0.2160 Acc=0.2691 Labeled=600 QueryTime=0.0s GPU=131MB
2026-06-12 09:05:36,437 [INFO]   [random] Seed=456 R6/10 F1=0.2469 Acc=0.2970 Labeled=700 QueryTime=0.0s GPU=131MB
2026-06-12 09:05:40,530 [INFO]   [random] Seed=456 R7/10 F1=0.2342 Acc=0.3093 Labeled=800 QueryTime=0.0s GPU=131MB
2026-06-12 09:05:45,161 [INFO]   [random] Seed=456 R8/10 F1=0.2975 Acc=0.3515 Labeled=900 QueryTime=0.0s GPU=131MB
2026-06-12 09:05:49,600 [INFO]   [random] Seed=456 R9/10 F1=0.2795 Acc=0.3447 Labeled=1000 QueryTime=0.0s GPU=131MB
2026-06-12 09:05:57,408 [INFO]   [random] Seed=789 R1/10 F1=0.0785 Acc=0.1767 Labeled=200 QueryTime=0.0s GPU=74MB
2026-06-12 09:06:00,689 [INFO]   [random] Seed=789 R2/10 F1=0.0906 Acc=0.1833 Labeled=300 QueryTime=0.0s GPU=112MB
2026-06-12 09:06:04,413 [INFO]   [random] Seed=789 R3/10 F1=0.0710 Acc=0.1450 Labeled=400 QueryTime=0.0s GPU=131MB
2026-06-12 09:06:07,829 [INFO]   [random] Seed=789 R4/10 F1=0.1225 Acc=0.2119 Labeled=500 QueryTime=0.0s GPU=131MB
2026-06-12 09:06:10,916 [INFO]   [random] Seed=789 R5/10 F1=0.1443 Acc=0.2102 Labeled=600 QueryTime=0.0s GPU=131MB
2026-06-12 09:06:15,113 [INFO]   [random] Seed=789 R6/10 F1=0.2030 Acc=0.2702 Labeled=700 QueryTime=0.0s GPU=131MB
2026-06-12 09:06:19,064 [INFO]   [random] Seed=789 R7/10 F1=0.2560 Acc=0.3088 Labeled=800 QueryTime=0.0s GPU=131MB
2026-06-12 09:06:23,661 [INFO]   [random] Seed=789 R8/10 F1=0.3047 Acc=0.3488 Labeled=900 QueryTime=0.0s GPU=131MB
2026-06-12 09:06:29,180 [INFO]   [random] Seed=789 R9/10 F1=0.2808 Acc=0.3312 Labeled=1000 QueryTime=0.0s GPU=131MB
2026-06-12 09:06:38,634 [INFO]   [random] Seed=1024 R1/10 F1=0.1118 Acc=0.2022 Labeled=200 QueryTime=0.0s GPU=74MB
2026-06-12 09:06:42,811 [INFO]   [random] Seed=1024 R2/10 F1=0.1268 Acc=0.2082 Labeled=300 QueryTime=0.0s GPU=112MB
2026-06-12 09:06:46,250 [INFO]   [random] Seed=1024 R3/10 F1=0.1397 Acc=0.2028 Labeled=400 QueryTime=0.0s GPU=131MB
2026-06-12 09:06:49,369 [INFO]   [random] Seed=1024 R4/10 F1=0.1791 Acc=0.2361 Labeled=500 QueryTime=0.0s GPU=131MB
2026-06-12 09:06:52,520 [INFO]   [random] Seed=1024 R5/10 F1=0.1792 Acc=0.2451 Labeled=600 QueryTime=0.0s GPU=131MB
2026-06-12 09:06:56,888 [INFO]   [random] Seed=1024 R6/10 F1=0.2361 Acc=0.3053 Labeled=700 QueryTime=0.0s GPU=131MB
2026-06-12 09:07:00,287 [INFO]   [random] Seed=1024 R7/10 F1=0.2694 Acc=0.3279 Labeled=800 QueryTime=0.0s GPU=131MB
2026-06-12 09:07:05,122 [INFO]   [random] Seed=1024 R8/10 F1=0.2950 Acc=0.3525 Labeled=900 QueryTime=0.0s GPU=131MB
2026-06-12 09:07:09,594 [INFO]   [random] Seed=1024 R9/10 F1=0.3052 Acc=0.3607 Labeled=1000 QueryTime=0.0s GPU=131MB
2026-06-12 09:07:14,309 [INFO] 
--- Strategy: entropy ---
2026-06-12 09:07:18,570 [INFO]   [entropy] Seed=42 R1/10 F1=0.0750 Acc=0.1748 Labeled=200 QueryTime=0.0s GPU=74MB
2026-06-12 09:07:23,061 [INFO]   [entropy] Seed=42 R2/10 F1=0.1173 Acc=0.1967 Labeled=300 QueryTime=0.0s GPU=118MB
2026-06-12 09:07:28,402 [INFO]   [entropy] Seed=42 R3/10 F1=0.1381 Acc=0.1989 Labeled=400 QueryTime=0.0s GPU=139MB
2026-06-12 09:07:33,234 [INFO]   [entropy] Seed=42 R4/10 F1=0.1208 Acc=0.1789 Labeled=500 QueryTime=0.0s GPU=139MB
2026-06-12 09:07:38,682 [INFO]   [entropy] Seed=42 R5/10 F1=0.1246 Acc=0.1777 Labeled=600 QueryTime=0.0s GPU=139MB
2026-06-12 09:07:45,116 [INFO]   [entropy] Seed=42 R6/10 F1=0.1759 Acc=0.2335 Labeled=700 QueryTime=0.0s GPU=139MB
2026-06-12 09:07:47,981 [INFO]   [entropy] Seed=42 R7/10 F1=0.2090 Acc=0.2803 Labeled=800 QueryTime=0.0s GPU=139MB
2026-06-12 09:07:50,466 [INFO]   [entropy] Seed=42 R8/10 F1=0.2446 Acc=0.3037 Labeled=900 QueryTime=0.0s GPU=139MB
2026-06-12 09:07:52,821 [INFO]   [entropy] Seed=42 R9/10 F1=0.2809 Acc=0.3330 Labeled=1000 QueryTime=0.0s GPU=139MB
2026-06-12 09:07:56,439 [INFO]   [entropy] Seed=123 R1/10 F1=0.0717 Acc=0.1695 Labeled=200 QueryTime=0.0s GPU=87MB
2026-06-12 09:07:58,295 [INFO]   [entropy] Seed=123 R2/10 F1=0.1173 Acc=0.2048 Labeled=300 QueryTime=0.0s GPU=132MB
2026-06-12 09:08:00,141 [INFO]   [entropy] Seed=123 R3/10 F1=0.1433 Acc=0.2119 Labeled=400 QueryTime=0.0s GPU=151MB
2026-06-12 09:08:01,966 [INFO]   [entropy] Seed=123 R4/10 F1=0.1482 Acc=0.2212 Labeled=500 QueryTime=0.0s GPU=151MB
2026-06-12 09:08:03,864 [INFO]   [entropy] Seed=123 R5/10 F1=0.1437 Acc=0.2035 Labeled=600 QueryTime=0.0s GPU=151MB
2026-06-12 09:08:05,905 [INFO]   [entropy] Seed=123 R6/10 F1=0.2237 Acc=0.2820 Labeled=700 QueryTime=0.0s GPU=151MB
2026-06-12 09:08:07,948 [INFO]   [entropy] Seed=123 R7/10 F1=0.2330 Acc=0.3080 Labeled=800 QueryTime=0.0s GPU=151MB
2026-06-12 09:08:10,235 [INFO]   [entropy] Seed=123 R8/10 F1=0.2746 Acc=0.3375 Labeled=900 QueryTime=0.0s GPU=151MB
2026-06-12 09:08:12,863 [INFO]   [entropy] Seed=123 R9/10 F1=0.2967 Acc=0.3612 Labeled=1000 QueryTime=0.0s GPU=151MB
2026-06-12 09:08:17,001 [INFO]   [entropy] Seed=456 R1/10 F1=0.0999 Acc=0.1811 Labeled=200 QueryTime=0.0s GPU=87MB
2026-06-12 09:08:19,264 [INFO]   [entropy] Seed=456 R2/10 F1=0.1552 Acc=0.2284 Labeled=300 QueryTime=0.0s GPU=132MB
2026-06-12 09:08:21,012 [INFO]   [entropy] Seed=456 R3/10 F1=0.1128 Acc=0.1672 Labeled=400 QueryTime=0.0s GPU=153MB
2026-06-12 09:08:22,955 [INFO]   [entropy] Seed=456 R4/10 F1=0.1801 Acc=0.2392 Labeled=500 QueryTime=0.0s GPU=153MB
2026-06-12 09:08:24,884 [INFO]   [entropy] Seed=456 R5/10 F1=0.1306 Acc=0.1807 Labeled=600 QueryTime=0.0s GPU=153MB
2026-06-12 09:08:26,937 [INFO]   [entropy] Seed=456 R6/10 F1=0.2242 Acc=0.2914 Labeled=700 QueryTime=0.0s GPU=153MB
2026-06-12 09:08:29,021 [INFO]   [entropy] Seed=456 R7/10 F1=0.2366 Acc=0.2993 Labeled=800 QueryTime=0.0s GPU=153MB
2026-06-12 09:08:31,305 [INFO]   [entropy] Seed=456 R8/10 F1=0.2724 Acc=0.3302 Labeled=900 QueryTime=0.0s GPU=153MB
2026-06-12 09:08:33,644 [INFO]   [entropy] Seed=456 R9/10 F1=0.2926 Acc=0.3481 Labeled=1000 QueryTime=0.0s GPU=153MB
2026-06-12 09:08:37,358 [INFO]   [entropy] Seed=789 R1/10 F1=0.0785 Acc=0.1767 Labeled=200 QueryTime=0.0s GPU=100MB
2026-06-12 09:08:39,171 [INFO]   [entropy] Seed=789 R2/10 F1=0.0792 Acc=0.1551 Labeled=300 QueryTime=0.0s GPU=143MB
2026-06-12 09:08:41,233 [INFO]   [entropy] Seed=789 R3/10 F1=0.0931 Acc=0.1713 Labeled=400 QueryTime=0.0s GPU=165MB
2026-06-12 09:08:43,337 [INFO]   [entropy] Seed=789 R4/10 F1=0.1265 Acc=0.2040 Labeled=500 QueryTime=0.0s GPU=165MB
2026-06-12 09:08:45,676 [INFO]   [entropy] Seed=789 R5/10 F1=0.1344 Acc=0.1968 Labeled=600 QueryTime=0.0s GPU=165MB
2026-06-12 09:08:48,323 [INFO]   [entropy] Seed=789 R6/10 F1=0.1970 Acc=0.2663 Labeled=700 QueryTime=0.0s GPU=165MB
2026-06-12 09:08:50,521 [INFO]   [entropy] Seed=789 R7/10 F1=0.2186 Acc=0.2766 Labeled=800 QueryTime=0.0s GPU=165MB
2026-06-12 09:08:52,969 [INFO]   [entropy] Seed=789 R8/10 F1=0.2374 Acc=0.3045 Labeled=900 QueryTime=0.0s GPU=165MB
2026-06-12 09:08:55,355 [INFO]   [entropy] Seed=789 R9/10 F1=0.2586 Acc=0.3178 Labeled=1000 QueryTime=0.0s GPU=165MB
2026-06-12 09:08:59,123 [INFO]   [entropy] Seed=1024 R1/10 F1=0.1118 Acc=0.2022 Labeled=200 QueryTime=0.0s GPU=112MB
2026-06-12 09:09:00,972 [INFO]   [entropy] Seed=1024 R2/10 F1=0.1187 Acc=0.1985 Labeled=300 QueryTime=0.0s GPU=157MB
2026-06-12 09:09:02,809 [INFO]   [entropy] Seed=1024 R3/10 F1=0.1115 Acc=0.1999 Labeled=400 QueryTime=0.0s GPU=178MB
2026-06-12 09:09:04,683 [INFO]   [entropy] Seed=1024 R4/10 F1=0.1150 Acc=0.2046 Labeled=500 QueryTime=0.0s GPU=178MB
2026-06-12 09:09:06,572 [INFO]   [entropy] Seed=1024 R5/10 F1=0.1599 Acc=0.2137 Labeled=600 QueryTime=0.0s GPU=178MB
2026-06-12 09:09:08,636 [INFO]   [entropy] Seed=1024 R6/10 F1=0.1916 Acc=0.2626 Labeled=700 QueryTime=0.0s GPU=178MB
2026-06-12 09:09:10,744 [INFO]   [entropy] Seed=1024 R7/10 F1=0.2109 Acc=0.2875 Labeled=800 QueryTime=0.0s GPU=178MB
2026-06-12 09:09:13,360 [INFO]   [entropy] Seed=1024 R8/10 F1=0.2167 Acc=0.2955 Labeled=900 QueryTime=0.0s GPU=178MB
2026-06-12 09:09:16,114 [INFO]   [entropy] Seed=1024 R9/10 F1=0.2697 Acc=0.3305 Labeled=1000 QueryTime=0.0s GPU=178MB
2026-06-12 09:09:18,649 [INFO] 
--- Strategy: margin ---
2026-06-12 09:09:20,387 [INFO]   [margin] Seed=42 R1/10 F1=0.0750 Acc=0.1748 Labeled=200 QueryTime=0.0s GPU=125MB
2026-06-12 09:09:22,439 [INFO]   [margin] Seed=42 R2/10 F1=0.1171 Acc=0.1887 Labeled=300 QueryTime=0.0s GPU=171MB
2026-06-12 09:09:24,404 [INFO]   [margin] Seed=42 R3/10 F1=0.1184 Acc=0.1652 Labeled=400 QueryTime=0.0s GPU=192MB
2026-06-12 09:09:26,377 [INFO]   [margin] Seed=42 R4/10 F1=0.1593 Acc=0.2157 Labeled=500 QueryTime=0.0s GPU=192MB
2026-06-12 09:09:28,283 [INFO]   [margin] Seed=42 R5/10 F1=0.1965 Acc=0.2598 Labeled=600 QueryTime=0.0s GPU=192MB
2026-06-12 09:09:30,501 [INFO]   [margin] Seed=42 R6/10 F1=0.1952 Acc=0.2779 Labeled=700 QueryTime=0.0s GPU=192MB
2026-06-12 09:09:32,661 [INFO]   [margin] Seed=42 R7/10 F1=0.2284 Acc=0.2978 Labeled=800 QueryTime=0.0s GPU=192MB
2026-06-12 09:09:35,069 [INFO]   [margin] Seed=42 R8/10 F1=0.2746 Acc=0.3406 Labeled=900 QueryTime=0.0s GPU=192MB
2026-06-12 09:09:37,549 [INFO]   [margin] Seed=42 R9/10 F1=0.2936 Acc=0.3665 Labeled=1000 QueryTime=0.0s GPU=192MB
2026-06-12 09:09:41,220 [INFO]   [margin] Seed=123 R1/10 F1=0.0717 Acc=0.1695 Labeled=200 QueryTime=0.0s GPU=139MB
2026-06-12 09:09:43,196 [INFO]   [margin] Seed=123 R2/10 F1=0.1191 Acc=0.1946 Labeled=300 QueryTime=0.0s GPU=184MB
2026-06-12 09:09:45,444 [INFO]   [margin] Seed=123 R3/10 F1=0.1279 Acc=0.1879 Labeled=400 QueryTime=0.0s GPU=205MB
2026-06-12 09:09:47,959 [INFO]   [margin] Seed=123 R4/10 F1=0.1317 Acc=0.2100 Labeled=500 QueryTime=0.0s GPU=178MB
2026-06-12 09:09:50,133 [INFO]   [margin] Seed=123 R5/10 F1=0.2138 Acc=0.2763 Labeled=600 QueryTime=0.0s GPU=178MB
2026-06-12 09:09:52,127 [INFO]   [margin] Seed=123 R6/10 F1=0.2119 Acc=0.2910 Labeled=700 QueryTime=0.0s GPU=178MB
2026-06-12 09:09:54,219 [INFO]   [margin] Seed=123 R7/10 F1=0.2362 Acc=0.3025 Labeled=800 QueryTime=0.0s GPU=178MB
2026-06-12 09:09:56,632 [INFO]   [margin] Seed=123 R8/10 F1=0.2627 Acc=0.3347 Labeled=900 QueryTime=0.0s GPU=178MB
2026-06-12 09:09:59,003 [INFO]   [margin] Seed=123 R9/10 F1=0.2726 Acc=0.3441 Labeled=1000 QueryTime=0.0s GPU=178MB
2026-06-12 09:10:02,696 [INFO]   [margin] Seed=456 R1/10 F1=0.0999 Acc=0.1811 Labeled=200 QueryTime=0.0s GPU=126MB
2026-06-12 09:10:04,606 [INFO]   [margin] Seed=456 R2/10 F1=0.1465 Acc=0.2236 Labeled=300 QueryTime=0.0s GPU=170MB
2026-06-12 09:10:06,782 [INFO]   [margin] Seed=456 R3/10 F1=0.1172 Acc=0.1905 Labeled=400 QueryTime=0.0s GPU=191MB
2026-06-12 09:10:08,985 [INFO]   [margin] Seed=456 R4/10 F1=0.1680 Acc=0.2453 Labeled=500 QueryTime=0.0s GPU=191MB
2026-06-12 09:10:11,184 [INFO]   [margin] Seed=456 R5/10 F1=0.1516 Acc=0.2211 Labeled=600 QueryTime=0.0s GPU=191MB
2026-06-12 09:10:13,729 [INFO]   [margin] Seed=456 R6/10 F1=0.2202 Acc=0.2982 Labeled=700 QueryTime=0.0s GPU=178MB
2026-06-12 09:10:16,616 [INFO]   [margin] Seed=456 R7/10 F1=0.2382 Acc=0.3129 Labeled=800 QueryTime=0.0s GPU=165MB
2026-06-12 09:10:19,854 [INFO]   [margin] Seed=456 R8/10 F1=0.2670 Acc=0.3360 Labeled=900 QueryTime=0.0s GPU=165MB
2026-06-12 09:10:22,505 [INFO]   [margin] Seed=456 R9/10 F1=0.2824 Acc=0.3448 Labeled=1000 QueryTime=0.0s GPU=165MB
2026-06-12 09:10:26,744 [INFO]   [margin] Seed=789 R1/10 F1=0.0785 Acc=0.1767 Labeled=200 QueryTime=0.0s GPU=112MB
2026-06-12 09:10:28,787 [INFO]   [margin] Seed=789 R2/10 F1=0.0877 Acc=0.1805 Labeled=300 QueryTime=0.0s GPU=157MB
2026-06-12 09:10:30,866 [INFO]   [margin] Seed=789 R3/10 F1=0.0932 Acc=0.1693 Labeled=400 QueryTime=0.0s GPU=178MB
2026-06-12 09:10:32,926 [INFO]   [margin] Seed=789 R4/10 F1=0.1227 Acc=0.2073 Labeled=500 QueryTime=0.0s GPU=178MB
2026-06-12 09:10:35,058 [INFO]   [margin] Seed=789 R5/10 F1=0.1445 Acc=0.2191 Labeled=600 QueryTime=0.0s GPU=178MB
2026-06-12 09:10:37,454 [INFO]   [margin] Seed=789 R6/10 F1=0.2139 Acc=0.2762 Labeled=700 QueryTime=0.0s GPU=178MB
2026-06-12 09:10:39,864 [INFO]   [margin] Seed=789 R7/10 F1=0.2334 Acc=0.3090 Labeled=800 QueryTime=0.0s GPU=178MB
2026-06-12 09:10:42,552 [INFO]   [margin] Seed=789 R8/10 F1=0.2603 Acc=0.3353 Labeled=900 QueryTime=0.0s GPU=178MB
2026-06-12 09:10:45,210 [INFO]   [margin] Seed=789 R9/10 F1=0.2404 Acc=0.3188 Labeled=1000 QueryTime=0.0s GPU=178MB
2026-06-12 09:10:49,466 [INFO]   [margin] Seed=1024 R1/10 F1=0.1118 Acc=0.2022 Labeled=200 QueryTime=0.0s GPU=127MB
2026-06-12 09:10:52,000 [INFO]   [margin] Seed=1024 R2/10 F1=0.1205 Acc=0.2005 Labeled=300 QueryTime=0.0s GPU=170MB
2026-06-12 09:10:54,532 [INFO]   [margin] Seed=1024 R3/10 F1=0.1175 Acc=0.2003 Labeled=400 QueryTime=0.0s GPU=191MB
2026-06-12 09:10:56,773 [INFO]   [margin] Seed=1024 R4/10 F1=0.1035 Acc=0.1876 Labeled=500 QueryTime=0.0s GPU=191MB
2026-06-12 09:10:59,219 [INFO]   [margin] Seed=1024 R5/10 F1=0.1895 Acc=0.2492 Labeled=600 QueryTime=0.0s GPU=191MB
2026-06-12 09:11:01,638 [INFO]   [margin] Seed=1024 R6/10 F1=0.2710 Acc=0.3250 Labeled=700 QueryTime=0.0s GPU=191MB
2026-06-12 09:11:04,021 [INFO]   [margin] Seed=1024 R7/10 F1=0.2797 Acc=0.3334 Labeled=800 QueryTime=0.0s GPU=191MB
2026-06-12 09:11:06,650 [INFO]   [margin] Seed=1024 R8/10 F1=0.2954 Acc=0.3455 Labeled=900 QueryTime=0.0s GPU=191MB
2026-06-12 09:11:09,241 [INFO]   [margin] Seed=1024 R9/10 F1=0.3433 Acc=0.3868 Labeled=1000 QueryTime=0.0s GPU=191MB
2026-06-12 09:11:11,279 [INFO] 
--- Strategy: coreset ---
2026-06-12 09:11:16,093 [INFO]   [coreset] Seed=42 R1/10 F1=0.0750 Acc=0.1748 Labeled=200 QueryTime=3.0s GPU=138MB
2026-06-12 09:11:22,666 [INFO]   [coreset] Seed=42 R2/10 F1=0.1060 Acc=0.1828 Labeled=300 QueryTime=4.5s GPU=176MB
2026-06-12 09:11:31,123 [INFO]   [coreset] Seed=42 R3/10 F1=0.0795 Acc=0.1608 Labeled=400 QueryTime=5.9s GPU=197MB
2026-06-12 09:11:40,727 [INFO]   [coreset] Seed=42 R4/10 F1=0.1264 Acc=0.2038 Labeled=500 QueryTime=7.5s GPU=197MB
2026-06-12 09:11:51,892 [INFO]   [coreset] Seed=42 R5/10 F1=0.1431 Acc=0.2073 Labeled=600 QueryTime=8.9s GPU=197MB
2026-06-12 09:12:04,483 [INFO]   [coreset] Seed=42 R6/10 F1=0.1818 Acc=0.2468 Labeled=700 QueryTime=10.2s GPU=197MB
2026-06-12 09:12:19,088 [INFO]   [coreset] Seed=42 R7/10 F1=0.2187 Acc=0.2876 Labeled=800 QueryTime=12.2s GPU=197MB
2026-06-12 09:12:35,227 [INFO]   [coreset] Seed=42 R8/10 F1=0.2322 Acc=0.2992 Labeled=900 QueryTime=13.4s GPU=197MB
2026-06-12 09:12:53,478 [INFO]   [coreset] Seed=42 R9/10 F1=0.2592 Acc=0.3216 Labeled=1000 QueryTime=14.8s GPU=197MB
2026-06-12 09:13:00,496 [INFO]   [coreset] Seed=123 R1/10 F1=0.0717 Acc=0.1695 Labeled=200 QueryTime=2.9s GPU=138MB
2026-06-12 09:13:06,951 [INFO]   [coreset] Seed=123 R2/10 F1=0.1132 Acc=0.1966 Labeled=300 QueryTime=4.4s GPU=176MB
2026-06-12 09:13:15,471 [INFO]   [coreset] Seed=123 R3/10 F1=0.0988 Acc=0.1509 Labeled=400 QueryTime=5.9s GPU=197MB
2026-06-12 09:13:24,887 [INFO]   [coreset] Seed=123 R4/10 F1=0.1257 Acc=0.1717 Labeled=500 QueryTime=7.3s GPU=197MB
2026-06-12 09:13:35,774 [INFO]   [coreset] Seed=123 R5/10 F1=0.1477 Acc=0.1919 Labeled=600 QueryTime=8.7s GPU=197MB
2026-06-12 09:13:47,929 [INFO]   [coreset] Seed=123 R6/10 F1=0.1858 Acc=0.2650 Labeled=700 QueryTime=9.9s GPU=197MB
2026-06-12 09:14:01,850 [INFO]   [coreset] Seed=123 R7/10 F1=0.2341 Acc=0.2986 Labeled=800 QueryTime=11.7s GPU=197MB
2026-06-12 09:14:17,609 [INFO]   [coreset] Seed=123 R8/10 F1=0.2622 Acc=0.3327 Labeled=900 QueryTime=13.2s GPU=197MB
2026-06-12 09:14:35,444 [INFO]   [coreset] Seed=123 R9/10 F1=0.2790 Acc=0.3407 Labeled=1000 QueryTime=15.0s GPU=197MB
2026-06-12 09:14:42,624 [INFO]   [coreset] Seed=456 R1/10 F1=0.0999 Acc=0.1811 Labeled=200 QueryTime=3.0s GPU=138MB
2026-06-12 09:14:49,051 [INFO]   [coreset] Seed=456 R2/10 F1=0.1188 Acc=0.1975 Labeled=300 QueryTime=4.4s GPU=176MB
2026-06-12 09:14:57,479 [INFO]   [coreset] Seed=456 R3/10 F1=0.0826 Acc=0.1550 Labeled=400 QueryTime=5.9s GPU=197MB
2026-06-12 09:15:06,585 [INFO]   [coreset] Seed=456 R4/10 F1=0.1841 Acc=0.2484 Labeled=500 QueryTime=7.2s GPU=197MB
2026-06-12 09:15:19,277 [INFO]   [coreset] Seed=456 R5/10 F1=0.1679 Acc=0.2113 Labeled=600 QueryTime=10.6s GPU=197MB
2026-06-12 09:15:35,201 [INFO]   [coreset] Seed=456 R6/10 F1=0.2393 Acc=0.2904 Labeled=700 QueryTime=13.0s GPU=197MB
2026-06-12 09:15:57,591 [INFO]   [coreset] Seed=456 R7/10 F1=0.2573 Acc=0.3192 Labeled=800 QueryTime=18.2s GPU=197MB
2026-06-12 09:16:21,182 [INFO]   [coreset] Seed=456 R8/10 F1=0.2854 Acc=0.3294 Labeled=900 QueryTime=19.8s GPU=197MB
2026-06-12 09:16:47,549 [INFO]   [coreset] Seed=456 R9/10 F1=0.3069 Acc=0.3518 Labeled=1000 QueryTime=21.8s GPU=197MB
2026-06-12 09:16:58,977 [INFO]   [coreset] Seed=789 R1/10 F1=0.0785 Acc=0.1767 Labeled=200 QueryTime=4.8s GPU=138MB
2026-06-12 09:17:09,014 [INFO]   [coreset] Seed=789 R2/10 F1=0.0889 Acc=0.1747 Labeled=300 QueryTime=7.1s GPU=176MB
2026-06-12 09:17:22,674 [INFO]   [coreset] Seed=789 R3/10 F1=0.0934 Acc=0.1741 Labeled=400 QueryTime=9.7s GPU=197MB
2026-06-12 09:17:36,971 [INFO]   [coreset] Seed=789 R4/10 F1=0.1058 Acc=0.1777 Labeled=500 QueryTime=11.1s GPU=197MB
2026-06-12 09:18:00,032 [INFO]   [coreset] Seed=789 R5/10 F1=0.1326 Acc=0.2053 Labeled=600 QueryTime=18.0s GPU=197MB
2026-06-12 09:18:21,627 [INFO]   [coreset] Seed=789 R6/10 F1=0.1524 Acc=0.2389 Labeled=700 QueryTime=16.5s GPU=197MB
2026-06-12 09:18:45,077 [INFO]   [coreset] Seed=789 R7/10 F1=0.2025 Acc=0.2637 Labeled=800 QueryTime=18.9s GPU=197MB
2026-06-12 09:19:11,677 [INFO]   [coreset] Seed=789 R8/10 F1=0.2341 Acc=0.2991 Labeled=900 QueryTime=21.1s GPU=197MB
2026-06-12 09:19:41,501 [INFO]   [coreset] Seed=789 R9/10 F1=0.2331 Acc=0.3043 Labeled=1000 QueryTime=24.6s GPU=197MB
2026-06-12 09:19:54,346 [INFO]   [coreset] Seed=1024 R1/10 F1=0.1118 Acc=0.2022 Labeled=200 QueryTime=4.8s GPU=138MB
2026-06-12 09:20:05,260 [INFO]   [coreset] Seed=1024 R2/10 F1=0.1081 Acc=0.1816 Labeled=300 QueryTime=6.9s GPU=176MB
2026-06-12 09:20:18,373 [INFO]   [coreset] Seed=1024 R3/10 F1=0.1348 Acc=0.1983 Labeled=400 QueryTime=9.1s GPU=197MB
2026-06-12 09:20:34,920 [INFO]   [coreset] Seed=1024 R4/10 F1=0.1544 Acc=0.2268 Labeled=500 QueryTime=12.4s GPU=197MB
2026-06-12 09:20:53,807 [INFO]   [coreset] Seed=1024 R5/10 F1=0.1249 Acc=0.1867 Labeled=600 QueryTime=15.0s GPU=197MB
2026-06-12 09:21:13,235 [INFO]   [coreset] Seed=1024 R6/10 F1=0.1800 Acc=0.2586 Labeled=700 QueryTime=15.4s GPU=197MB
2026-06-12 09:21:36,534 [INFO]   [coreset] Seed=1024 R7/10 F1=0.2202 Acc=0.2887 Labeled=800 QueryTime=18.7s GPU=197MB
2026-06-12 09:22:01,689 [INFO]   [coreset] Seed=1024 R8/10 F1=0.2535 Acc=0.3003 Labeled=900 QueryTime=20.6s GPU=197MB
2026-06-12 09:22:27,746 [INFO]   [coreset] Seed=1024 R9/10 F1=0.2377 Acc=0.3008 Labeled=1000 QueryTime=21.9s GPU=197MB
2026-06-12 09:22:31,605 [INFO] 
--- Strategy: badge ---
2026-06-12 09:22:58,654 [INFO]   [badge] Seed=42 R1/10 F1=0.0750 Acc=0.1748 Labeled=200 QueryTime=23.3s GPU=138MB
2026-06-12 09:23:24,923 [INFO]   [badge] Seed=42 R2/10 F1=0.0737 Acc=0.1566 Labeled=300 QueryTime=22.2s GPU=176MB
2026-06-12 09:23:52,943 [INFO]   [badge] Seed=42 R3/10 F1=0.0947 Acc=0.1711 Labeled=400 QueryTime=24.5s GPU=197MB
2026-06-12 09:24:24,371 [INFO]   [badge] Seed=42 R4/10 F1=0.1653 Acc=0.2312 Labeled=500 QueryTime=27.5s GPU=197MB
2026-06-12 09:24:59,285 [INFO]   [badge] Seed=42 R5/10 F1=0.1180 Acc=0.1683 Labeled=600 QueryTime=29.4s GPU=197MB
2026-06-12 09:25:32,160 [INFO]   [badge] Seed=42 R6/10 F1=0.1811 Acc=0.2420 Labeled=700 QueryTime=28.0s GPU=197MB
2026-06-12 09:26:03,435 [INFO]   [badge] Seed=42 R7/10 F1=0.2121 Acc=0.2752 Labeled=800 QueryTime=26.5s GPU=197MB
2026-06-12 09:26:35,172 [INFO]   [badge] Seed=42 R8/10 F1=0.2624 Acc=0.3172 Labeled=900 QueryTime=26.5s GPU=197MB
2026-06-12 09:27:05,751 [INFO]   [badge] Seed=42 R9/10 F1=0.2783 Acc=0.3352 Labeled=1000 QueryTime=24.7s GPU=197MB
2026-06-12 09:27:36,878 [INFO]   [badge] Seed=123 R1/10 F1=0.0717 Acc=0.1695 Labeled=200 QueryTime=24.2s GPU=138MB
2026-06-12 09:28:11,043 [INFO]   [badge] Seed=123 R2/10 F1=0.1010 Acc=0.1965 Labeled=300 QueryTime=30.1s GPU=176MB
2026-06-12 09:28:38,370 [INFO]   [badge] Seed=123 R3/10 F1=0.1278 Acc=0.1911 Labeled=400 QueryTime=23.0s GPU=197MB
2026-06-12 09:29:04,888 [INFO]   [badge] Seed=123 R4/10 F1=0.1738 Acc=0.2350 Labeled=500 QueryTime=22.9s GPU=197MB
2026-06-12 09:29:32,941 [INFO]   [badge] Seed=123 R5/10 F1=0.1754 Acc=0.2331 Labeled=600 QueryTime=23.7s GPU=197MB
2026-06-12 09:30:01,947 [INFO]   [badge] Seed=123 R6/10 F1=0.1973 Acc=0.2546 Labeled=700 QueryTime=24.8s GPU=197MB
2026-06-12 09:30:30,985 [INFO]   [badge] Seed=123 R7/10 F1=0.2497 Acc=0.3068 Labeled=800 QueryTime=24.9s GPU=197MB
2026-06-12 09:31:00,688 [INFO]   [badge] Seed=123 R8/10 F1=0.2996 Acc=0.3410 Labeled=900 QueryTime=24.8s GPU=197MB
2026-06-12 09:31:27,730 [INFO]   [badge] Seed=123 R9/10 F1=0.3133 Acc=0.3578 Labeled=1000 QueryTime=22.0s GPU=197MB
2026-06-12 09:31:58,863 [INFO]   [badge] Seed=456 R1/10 F1=0.0999 Acc=0.1811 Labeled=200 QueryTime=23.0s GPU=138MB
2026-06-12 09:32:24,293 [INFO]   [badge] Seed=456 R2/10 F1=0.0882 Acc=0.1731 Labeled=300 QueryTime=21.9s GPU=176MB
2026-06-12 09:32:51,052 [INFO]   [badge] Seed=456 R3/10 F1=0.0938 Acc=0.1739 Labeled=400 QueryTime=23.0s GPU=197MB
2026-06-12 09:33:17,938 [INFO]   [badge] Seed=456 R4/10 F1=0.1140 Acc=0.1673 Labeled=500 QueryTime=23.6s GPU=197MB
2026-06-12 09:33:42,634 [INFO]   [badge] Seed=456 R5/10 F1=0.1558 Acc=0.2186 Labeled=600 QueryTime=21.3s GPU=197MB
2026-06-12 09:34:09,852 [INFO]   [badge] Seed=456 R6/10 F1=0.2322 Acc=0.2941 Labeled=700 QueryTime=23.2s GPU=197MB
2026-06-12 09:34:39,658 [INFO]   [badge] Seed=456 R7/10 F1=0.2361 Acc=0.2970 Labeled=800 QueryTime=25.4s GPU=197MB
2026-06-12 09:35:10,384 [INFO]   [badge] Seed=456 R8/10 F1=0.2840 Acc=0.3282 Labeled=900 QueryTime=25.3s GPU=197MB
2026-06-12 09:35:41,017 [INFO]   [badge] Seed=456 R9/10 F1=0.3176 Acc=0.3524 Labeled=1000 QueryTime=25.5s GPU=197MB
2026-06-12 09:36:14,437 [INFO]   [badge] Seed=789 R1/10 F1=0.0785 Acc=0.1767 Labeled=200 QueryTime=25.1s GPU=138MB
2026-06-12 09:36:45,918 [INFO]   [badge] Seed=789 R2/10 F1=0.0963 Acc=0.1787 Labeled=300 QueryTime=26.7s GPU=176MB
2026-06-12 09:37:16,190 [INFO]   [badge] Seed=789 R3/10 F1=0.1142 Acc=0.2003 Labeled=400 QueryTime=25.6s GPU=197MB
2026-06-12 09:37:45,481 [INFO]   [badge] Seed=789 R4/10 F1=0.1274 Acc=0.1875 Labeled=500 QueryTime=25.1s GPU=197MB
2026-06-12 09:38:18,431 [INFO]   [badge] Seed=789 R5/10 F1=0.1353 Acc=0.2117 Labeled=600 QueryTime=28.7s GPU=197MB
2026-06-12 09:38:45,409 [INFO]   [badge] Seed=789 R6/10 F1=0.1894 Acc=0.2407 Labeled=700 QueryTime=22.1s GPU=197MB
2026-06-12 09:39:11,157 [INFO]   [badge] Seed=789 R7/10 F1=0.2260 Acc=0.2870 Labeled=800 QueryTime=21.8s GPU=197MB
2026-06-12 09:39:37,338 [INFO]   [badge] Seed=789 R8/10 F1=0.2688 Acc=0.3209 Labeled=900 QueryTime=21.7s GPU=197MB
2026-06-12 09:40:03,741 [INFO]   [badge] Seed=789 R9/10 F1=0.2671 Acc=0.3226 Labeled=1000 QueryTime=22.0s GPU=197MB
2026-06-12 09:40:32,148 [INFO]   [badge] Seed=1024 R1/10 F1=0.1118 Acc=0.2022 Labeled=200 QueryTime=21.2s GPU=138MB
2026-06-12 09:40:57,435 [INFO]   [badge] Seed=1024 R2/10 F1=0.1045 Acc=0.1805 Labeled=300 QueryTime=21.6s GPU=176MB
2026-06-12 09:41:22,180 [INFO]   [badge] Seed=1024 R3/10 F1=0.1120 Acc=0.1747 Labeled=400 QueryTime=21.4s GPU=197MB
2026-06-12 09:41:47,156 [INFO]   [badge] Seed=1024 R4/10 F1=0.1434 Acc=0.2179 Labeled=500 QueryTime=21.5s GPU=197MB
2026-06-12 09:42:12,143 [INFO]   [badge] Seed=1024 R5/10 F1=0.1326 Acc=0.2193 Labeled=600 QueryTime=21.8s GPU=197MB
2026-06-12 09:42:38,005 [INFO]   [badge] Seed=1024 R6/10 F1=0.2127 Acc=0.2829 Labeled=700 QueryTime=21.9s GPU=197MB
2026-06-12 09:43:03,864 [INFO]   [badge] Seed=1024 R7/10 F1=0.2253 Acc=0.2913 Labeled=800 QueryTime=22.2s GPU=197MB
2026-06-12 09:43:34,275 [INFO]   [badge] Seed=1024 R8/10 F1=0.2372 Acc=0.2928 Labeled=900 QueryTime=24.4s GPU=197MB
2026-06-12 09:44:05,901 [INFO]   [badge] Seed=1024 R9/10 F1=0.2927 Acc=0.3444 Labeled=1000 QueryTime=26.6s GPU=197MB
2026-06-12 09:44:10,141 [INFO] 
--- Strategy: qbc ---
2026-06-12 09:44:16,069 [INFO]   [qbc] Seed=42 R1/10 F1=0.0750 Acc=0.1748 Labeled=200 QueryTime=2.8s GPU=138MB
2026-06-12 09:44:22,575 [INFO]   [qbc] Seed=42 R2/10 F1=0.1141 Acc=0.1935 Labeled=300 QueryTime=3.4s GPU=189MB
2026-06-12 09:44:27,720 [INFO]   [qbc] Seed=42 R3/10 F1=0.1408 Acc=0.2204 Labeled=400 QueryTime=2.4s GPU=210MB
2026-06-12 09:44:34,461 [INFO]   [qbc] Seed=42 R4/10 F1=0.1262 Acc=0.1854 Labeled=500 QueryTime=3.5s GPU=208MB
2026-06-12 09:44:40,222 [INFO]   [qbc] Seed=42 R5/10 F1=0.1908 Acc=0.2601 Labeled=600 QueryTime=2.3s GPU=210MB
2026-06-12 09:44:46,883 [INFO]   [qbc] Seed=42 R6/10 F1=0.1941 Acc=0.2709 Labeled=700 QueryTime=3.5s GPU=210MB
2026-06-12 09:44:53,907 [INFO]   [qbc] Seed=42 R7/10 F1=0.2134 Acc=0.2739 Labeled=800 QueryTime=2.6s GPU=209MB
2026-06-12 09:45:02,542 [INFO]   [qbc] Seed=42 R8/10 F1=0.2606 Acc=0.3307 Labeled=900 QueryTime=4.0s GPU=209MB
2026-06-12 09:45:10,338 [INFO]   [qbc] Seed=42 R9/10 F1=0.3071 Acc=0.3643 Labeled=1000 QueryTime=3.3s GPU=209MB
2026-06-12 09:45:21,195 [INFO]   [qbc] Seed=123 R1/10 F1=0.0717 Acc=0.1695 Labeled=200 QueryTime=3.6s GPU=138MB
2026-06-12 09:45:27,012 [INFO]   [qbc] Seed=123 R2/10 F1=0.1006 Acc=0.1836 Labeled=300 QueryTime=2.8s GPU=189MB
2026-06-12 09:45:34,164 [INFO]   [qbc] Seed=123 R3/10 F1=0.1319 Acc=0.1984 Labeled=400 QueryTime=3.5s GPU=210MB
2026-06-12 09:45:39,538 [INFO]   [qbc] Seed=123 R4/10 F1=0.1493 Acc=0.1979 Labeled=500 QueryTime=2.1s GPU=208MB
2026-06-12 09:45:45,963 [INFO]   [qbc] Seed=123 R5/10 F1=0.1536 Acc=0.2157 Labeled=600 QueryTime=3.0s GPU=210MB
2026-06-12 09:45:53,128 [INFO]   [qbc] Seed=123 R6/10 F1=0.1668 Acc=0.2320 Labeled=700 QueryTime=2.9s GPU=210MB
2026-06-12 09:45:59,783 [INFO]   [qbc] Seed=123 R7/10 F1=0.2276 Acc=0.2952 Labeled=800 QueryTime=3.1s GPU=210MB
2026-06-12 09:46:08,683 [INFO]   [qbc] Seed=123 R8/10 F1=0.2281 Acc=0.3048 Labeled=900 QueryTime=3.8s GPU=209MB
2026-06-12 09:46:15,692 [INFO]   [qbc] Seed=123 R9/10 F1=0.2411 Acc=0.3197 Labeled=1000 QueryTime=3.3s GPU=209MB
2026-06-12 09:46:25,713 [INFO]   [qbc] Seed=456 R1/10 F1=0.0999 Acc=0.1811 Labeled=200 QueryTime=2.5s GPU=138MB
2026-06-12 09:46:31,638 [INFO]   [qbc] Seed=456 R2/10 F1=0.1293 Acc=0.1900 Labeled=300 QueryTime=2.8s GPU=189MB
2026-06-12 09:46:38,237 [INFO]   [qbc] Seed=456 R3/10 F1=0.0706 Acc=0.1431 Labeled=400 QueryTime=2.7s GPU=210MB
2026-06-12 09:46:44,634 [INFO]   [qbc] Seed=456 R4/10 F1=0.0918 Acc=0.1551 Labeled=500 QueryTime=2.9s GPU=208MB
2026-06-12 09:46:51,077 [INFO]   [qbc] Seed=456 R5/10 F1=0.1435 Acc=0.2127 Labeled=600 QueryTime=2.6s GPU=210MB
2026-06-12 09:46:55,856 [INFO]   [qbc] Seed=456 R6/10 F1=0.1560 Acc=0.2429 Labeled=700 QueryTime=2.4s GPU=210MB
2026-06-12 09:47:01,665 [INFO]   [qbc] Seed=456 R7/10 F1=0.2366 Acc=0.2971 Labeled=800 QueryTime=2.5s GPU=209MB
2026-06-12 09:47:06,907 [INFO]   [qbc] Seed=456 R8/10 F1=0.2596 Acc=0.3346 Labeled=900 QueryTime=2.4s GPU=209MB
2026-06-12 09:47:13,042 [INFO]   [qbc] Seed=456 R9/10 F1=0.2952 Acc=0.3592 Labeled=1000 QueryTime=2.8s GPU=209MB
2026-06-12 09:47:19,857 [INFO]   [qbc] Seed=789 R1/10 F1=0.0785 Acc=0.1767 Labeled=200 QueryTime=2.3s GPU=138MB
2026-06-12 09:47:24,323 [INFO]   [qbc] Seed=789 R2/10 F1=0.0848 Acc=0.1659 Labeled=300 QueryTime=2.3s GPU=189MB
2026-06-12 09:47:29,341 [INFO]   [qbc] Seed=789 R3/10 F1=0.0836 Acc=0.1631 Labeled=400 QueryTime=2.5s GPU=210MB
2026-06-12 09:47:34,651 [INFO]   [qbc] Seed=789 R4/10 F1=0.1426 Acc=0.2191 Labeled=500 QueryTime=2.1s GPU=208MB
2026-06-12 09:47:39,906 [INFO]   [qbc] Seed=789 R5/10 F1=0.1443 Acc=0.2332 Labeled=600 QueryTime=2.4s GPU=210MB
2026-06-12 09:47:46,964 [INFO]   [qbc] Seed=789 R6/10 F1=0.1836 Acc=0.2727 Labeled=700 QueryTime=3.3s GPU=210MB
2026-06-12 09:47:53,744 [INFO]   [qbc] Seed=789 R7/10 F1=0.2145 Acc=0.2908 Labeled=800 QueryTime=3.1s GPU=209MB
2026-06-12 09:48:00,224 [INFO]   [qbc] Seed=789 R8/10 F1=0.2460 Acc=0.3169 Labeled=900 QueryTime=2.9s GPU=209MB
2026-06-12 09:48:06,714 [INFO]   [qbc] Seed=789 R9/10 F1=0.2668 Acc=0.3393 Labeled=1000 QueryTime=2.8s GPU=209MB
2026-06-12 09:48:16,493 [INFO]   [qbc] Seed=1024 R1/10 F1=0.1118 Acc=0.2022 Labeled=200 QueryTime=2.5s GPU=138MB
2026-06-12 09:48:21,192 [INFO]   [qbc] Seed=1024 R2/10 F1=0.1030 Acc=0.1853 Labeled=300 QueryTime=2.1s GPU=189MB
2026-06-12 09:48:26,794 [INFO]   [qbc] Seed=1024 R3/10 F1=0.1208 Acc=0.1787 Labeled=400 QueryTime=2.1s GPU=210MB
2026-06-12 09:48:33,875 [INFO]   [qbc] Seed=1024 R4/10 F1=0.1557 Acc=0.2059 Labeled=500 QueryTime=3.2s GPU=208MB
2026-06-12 09:48:41,646 [INFO]   [qbc] Seed=1024 R5/10 F1=0.1730 Acc=0.2192 Labeled=600 QueryTime=3.1s GPU=210MB
2026-06-12 09:48:48,393 [INFO]   [qbc] Seed=1024 R6/10 F1=0.2201 Acc=0.2951 Labeled=700 QueryTime=3.1s GPU=210MB
2026-06-12 09:48:54,387 [INFO]   [qbc] Seed=1024 R7/10 F1=0.2257 Acc=0.3013 Labeled=800 QueryTime=2.4s GPU=209MB
2026-06-12 09:48:59,053 [INFO]   [qbc] Seed=1024 R8/10 F1=0.2750 Acc=0.3476 Labeled=900 QueryTime=2.1s GPU=209MB
2026-06-12 09:49:05,130 [INFO]   [qbc] Seed=1024 R9/10 F1=0.3097 Acc=0.3503 Labeled=1000 QueryTime=3.1s GPU=209MB
2026-06-12 09:49:09,378 [INFO] 
--- Full Supervised Baseline ---
2026-06-12 09:52:42,503 [INFO] Full Supervised: Acc=0.7252, F1=0.7189 (epochs=50, time=211.8s)
2026-06-12 09:52:43,542 [INFO] 
=== Results saved to C:\Users\28414\Desktop\机器学习—图像分类-期末汇报\output\std_al\rho20 ===
2026-06-12 09:52:43,543 [INFO] 
Summary:
2026-06-12 09:52:43,543 [INFO] Strategy                 Final F1     ±std   p<0.05 vs Random
2026-06-12 09:52:43,544 [INFO] ------------------------------------------------------------
2026-06-12 09:52:43,544 [INFO] badge                      0.3195   0.0180                   
2026-06-12 09:52:43,545 [INFO] coreset                    0.2930   0.0096                   
2026-06-12 09:52:43,545 [INFO] entropy                    0.3124   0.0066                   
2026-06-12 09:52:43,545 [INFO] margin                     0.3042   0.0210                   
2026-06-12 09:52:43,546 [INFO] qbc                        0.2980   0.0154                   
2026-06-12 09:52:43,546 [INFO] random                     0.2976   0.0187                   
2026-06-12 09:52:43,546 [INFO] Full Supervised            0.7189
2026-06-12 09:52:43,546 [INFO] 
Statistical Tests (selected):
2026-06-12 09:52:43,546 [INFO]   badge vs coreset: diff=+0.0265, p=0.0154*, d=1.832 (large)
2026-06-12 09:52:43,547 [INFO]   coreset vs entropy: diff=-0.0194, p=0.0457*, d=-2.358 (large)
