2026-06-12 09:15:18,057 [INFO] === v8 Controlled-Fast AL+SSL Analysis: cifar10 ===
2026-06-12 09:15:18,057 [INFO] Budget: ultra_low, Model: simplecnn, Scheduler: True
2026-06-12 09:15:18,057 [INFO] Strategies: ['random', 'entropy', 'margin', 'coreset', 'badge', 'qbc']
2026-06-12 09:15:18,058 [INFO] Seeds: [42, 123, 456, 789, 1024]
2026-06-12 09:15:18,058 [INFO] Rounds: 10, Initial: 100, Query: 100
2026-06-12 09:15:18,058 [INFO] SSL: True, Method: flexmatch, t-SNE: False, Resume: False
2026-06-12 09:15:18,058 [INFO] Imbalance mode: max/min class count ratio = 100
2026-06-12 09:15:18,075 [INFO] Device: cuda
2026-06-12 09:15:30,873 [INFO] Imbalance filter (Exponential): 50000 -> 12406 training samples
2026-06-12 09:15:30,874 [INFO] 
--- Strategy: random ---
2026-06-12 09:15:37,107 [INFO]   [random] Seed=42 R1/10 F1=0.0643 Acc=0.1328 Labeled=200 QueryTime=0.0s GPU=172MB SSL+0
2026-06-12 09:15:41,985 [INFO]   [random] Seed=42 R2/10 F1=0.0881 Acc=0.1783 Labeled=300 QueryTime=0.0s GPU=210MB SSL+1
2026-06-12 09:15:46,478 [INFO]   [random] Seed=42 R3/10 F1=0.1027 Acc=0.2125 Labeled=400 QueryTime=0.0s GPU=229MB SSL+16
2026-06-12 09:15:50,488 [INFO]   [random] Seed=42 R4/10 F1=0.0889 Acc=0.1843 Labeled=500 QueryTime=0.0s GPU=229MB SSL+60
2026-06-12 09:15:54,830 [INFO]   [random] Seed=42 R5/10 F1=0.0748 Acc=0.1695 Labeled=600 QueryTime=0.0s GPU=229MB SSL+35
2026-06-12 09:16:00,203 [INFO]   [random] Seed=42 R6/10 F1=0.1041 Acc=0.2215 Labeled=700 QueryTime=0.0s GPU=229MB SSL+145
2026-06-12 09:16:05,760 [INFO]   [random] Seed=42 R7/10 F1=0.1294 Acc=0.2080 Labeled=800 QueryTime=0.0s GPU=229MB SSL+96
2026-06-12 09:16:13,701 [INFO]   [random] Seed=42 R8/10 F1=0.1419 Acc=0.2519 Labeled=900 QueryTime=0.0s GPU=229MB SSL+295
2026-06-12 09:16:21,655 [INFO]   [random] Seed=42 R9/10 F1=0.1539 Acc=0.2575 Labeled=1000 QueryTime=0.0s GPU=229MB SSL+242
2026-06-12 09:16:33,027 [INFO]   [random] Seed=123 R1/10 F1=0.0556 Acc=0.1622 Labeled=200 QueryTime=0.0s GPU=171MB SSL+18
2026-06-12 09:16:36,874 [INFO]   [random] Seed=123 R2/10 F1=0.0575 Acc=0.1693 Labeled=300 QueryTime=0.0s GPU=208MB SSL+84
2026-06-12 09:16:40,755 [INFO]   [random] Seed=123 R3/10 F1=0.0928 Acc=0.1928 Labeled=400 QueryTime=0.0s GPU=229MB SSL+33
2026-06-12 09:16:44,704 [INFO]   [random] Seed=123 R4/10 F1=0.0818 Acc=0.1920 Labeled=500 QueryTime=0.0s GPU=229MB SSL+26
2026-06-12 09:16:48,647 [INFO]   [random] Seed=123 R5/10 F1=0.1004 Acc=0.2132 Labeled=600 QueryTime=0.0s GPU=229MB SSL+34
2026-06-12 09:16:54,671 [INFO]   [random] Seed=123 R6/10 F1=0.1122 Acc=0.2251 Labeled=700 QueryTime=0.0s GPU=229MB SSL+131
2026-06-12 09:17:00,764 [INFO]   [random] Seed=123 R7/10 F1=0.1033 Acc=0.2147 Labeled=800 QueryTime=0.0s GPU=229MB SSL+158
2026-06-12 09:17:09,169 [INFO]   [random] Seed=123 R8/10 F1=0.1453 Acc=0.2477 Labeled=900 QueryTime=0.0s GPU=229MB SSL+190
2026-06-12 09:17:17,480 [INFO]   [random] Seed=123 R9/10 F1=0.1544 Acc=0.2573 Labeled=1000 QueryTime=0.0s GPU=229MB SSL+217
2026-06-12 09:17:29,498 [INFO]   [random] Seed=456 R1/10 F1=0.0882 Acc=0.1856 Labeled=200 QueryTime=0.0s GPU=171MB SSL+7
2026-06-12 09:17:33,356 [INFO]   [random] Seed=456 R2/10 F1=0.0951 Acc=0.2057 Labeled=300 QueryTime=0.0s GPU=208MB SSL+41
2026-06-12 09:17:37,313 [INFO]   [random] Seed=456 R3/10 F1=0.1046 Acc=0.2143 Labeled=400 QueryTime=0.0s GPU=229MB SSL+57
2026-06-12 09:17:44,320 [INFO]   [random] Seed=456 R4/10 F1=0.1210 Acc=0.2223 Labeled=500 QueryTime=0.0s GPU=229MB SSL+31
2026-06-12 09:17:51,335 [INFO]   [random] Seed=456 R5/10 F1=0.1162 Acc=0.2250 Labeled=600 QueryTime=0.0s GPU=229MB SSL+76
2026-06-12 09:17:59,091 [INFO]   [random] Seed=456 R6/10 F1=0.1481 Acc=0.2451 Labeled=700 QueryTime=0.0s GPU=229MB SSL+86
2026-06-12 09:18:06,076 [INFO]   [random] Seed=456 R7/10 F1=0.1630 Acc=0.2597 Labeled=800 QueryTime=0.0s GPU=229MB SSL+111
2026-06-12 09:18:15,771 [INFO]   [random] Seed=456 R8/10 F1=0.1835 Acc=0.2747 Labeled=900 QueryTime=0.0s GPU=229MB SSL+199
2026-06-12 09:18:25,601 [INFO]   [random] Seed=456 R9/10 F1=0.1481 Acc=0.2555 Labeled=1000 QueryTime=0.0s GPU=229MB SSL+243
2026-06-12 09:18:39,603 [INFO]   [random] Seed=789 R1/10 F1=0.0457 Acc=0.1265 Labeled=200 QueryTime=0.0s GPU=171MB SSL+9
2026-06-12 09:18:44,914 [INFO]   [random] Seed=789 R2/10 F1=0.0580 Acc=0.1611 Labeled=300 QueryTime=0.0s GPU=208MB SSL+61
2026-06-12 09:18:49,777 [INFO]   [random] Seed=789 R3/10 F1=0.0800 Acc=0.1746 Labeled=400 QueryTime=0.0s GPU=229MB SSL+46
2026-06-12 09:18:54,257 [INFO]   [random] Seed=789 R4/10 F1=0.0858 Acc=0.1838 Labeled=500 QueryTime=0.0s GPU=229MB SSL+17
2026-06-12 09:18:58,885 [INFO]   [random] Seed=789 R5/10 F1=0.1145 Acc=0.2006 Labeled=600 QueryTime=0.0s GPU=229MB SSL+14
2026-06-12 09:19:06,142 [INFO]   [random] Seed=789 R6/10 F1=0.1336 Acc=0.2343 Labeled=700 QueryTime=0.0s GPU=229MB SSL+32
2026-06-12 09:19:13,636 [INFO]   [random] Seed=789 R7/10 F1=0.1267 Acc=0.2363 Labeled=800 QueryTime=0.0s GPU=229MB SSL+140
2026-06-12 09:19:23,155 [INFO]   [random] Seed=789 R8/10 F1=0.1442 Acc=0.2515 Labeled=900 QueryTime=0.0s GPU=229MB SSL+218
2026-06-12 09:19:32,907 [INFO]   [random] Seed=789 R9/10 F1=0.1436 Acc=0.2500 Labeled=1000 QueryTime=0.0s GPU=229MB SSL+327
2026-06-12 09:19:47,496 [INFO]   [random] Seed=1024 R1/10 F1=0.0488 Acc=0.1400 Labeled=200 QueryTime=0.0s GPU=171MB SSL+27
2026-06-12 09:19:51,434 [INFO]   [random] Seed=1024 R2/10 F1=0.0849 Acc=0.1870 Labeled=300 QueryTime=0.0s GPU=208MB SSL+39
2026-06-12 09:19:55,946 [INFO]   [random] Seed=1024 R3/10 F1=0.1166 Acc=0.2077 Labeled=400 QueryTime=0.0s GPU=229MB SSL+67
2026-06-12 09:20:00,857 [INFO]   [random] Seed=1024 R4/10 F1=0.1407 Acc=0.2324 Labeled=500 QueryTime=0.0s GPU=229MB SSL+30
2026-06-12 09:20:05,147 [INFO]   [random] Seed=1024 R5/10 F1=0.1416 Acc=0.2469 Labeled=600 QueryTime=0.0s GPU=229MB SSL+26
2026-06-12 09:20:11,437 [INFO]   [random] Seed=1024 R6/10 F1=0.1583 Acc=0.2566 Labeled=700 QueryTime=0.0s GPU=229MB SSL+63
2026-06-12 09:20:18,233 [INFO]   [random] Seed=1024 R7/10 F1=0.1809 Acc=0.2738 Labeled=800 QueryTime=0.0s GPU=229MB SSL+71
2026-06-12 09:20:27,045 [INFO]   [random] Seed=1024 R8/10 F1=0.1734 Acc=0.2676 Labeled=900 QueryTime=0.0s GPU=229MB SSL+205
2026-06-12 09:20:37,677 [INFO]   [random] Seed=1024 R9/10 F1=0.1659 Acc=0.2652 Labeled=1000 QueryTime=0.0s GPU=229MB SSL+291
2026-06-12 09:20:48,047 [INFO] 
--- Strategy: entropy ---
2026-06-12 09:20:54,158 [INFO]   [entropy] Seed=42 R1/10 F1=0.0643 Acc=0.1328 Labeled=200 QueryTime=0.0s GPU=171MB SSL+0
2026-06-12 09:20:58,867 [INFO]   [entropy] Seed=42 R2/10 F1=0.0844 Acc=0.1754 Labeled=300 QueryTime=0.0s GPU=217MB SSL+26
2026-06-12 09:21:04,477 [INFO]   [entropy] Seed=42 R3/10 F1=0.1449 Acc=0.2309 Labeled=400 QueryTime=0.0s GPU=237MB SSL+5
2026-06-12 09:21:10,317 [INFO]   [entropy] Seed=42 R4/10 F1=0.1456 Acc=0.2213 Labeled=500 QueryTime=0.0s GPU=237MB SSL+5
2026-06-12 09:21:16,645 [INFO]   [entropy] Seed=42 R5/10 F1=0.1826 Acc=0.2764 Labeled=600 QueryTime=0.0s GPU=237MB SSL+15
2026-06-12 09:21:24,845 [INFO]   [entropy] Seed=42 R6/10 F1=0.1696 Acc=0.2630 Labeled=700 QueryTime=0.0s GPU=237MB SSL+24
2026-06-12 09:21:32,329 [INFO]   [entropy] Seed=42 R7/10 F1=0.2095 Acc=0.2971 Labeled=800 QueryTime=0.0s GPU=237MB SSL+3
2026-06-12 09:21:41,623 [INFO]   [entropy] Seed=42 R8/10 F1=0.2160 Acc=0.2979 Labeled=900 QueryTime=0.0s GPU=237MB SSL+84
2026-06-12 09:21:50,936 [INFO]   [entropy] Seed=42 R9/10 F1=0.2574 Acc=0.3427 Labeled=1000 QueryTime=0.0s GPU=237MB SSL+78
2026-06-12 09:22:04,260 [INFO]   [entropy] Seed=123 R1/10 F1=0.0556 Acc=0.1622 Labeled=200 QueryTime=0.0s GPU=185MB SSL+18
2026-06-12 09:22:08,987 [INFO]   [entropy] Seed=123 R2/10 F1=0.0652 Acc=0.1696 Labeled=300 QueryTime=0.0s GPU=231MB SSL+37
2026-06-12 09:22:13,982 [INFO]   [entropy] Seed=123 R3/10 F1=0.0879 Acc=0.1832 Labeled=400 QueryTime=0.0s GPU=250MB SSL+27
2026-06-12 09:22:18,738 [INFO]   [entropy] Seed=123 R4/10 F1=0.1045 Acc=0.1989 Labeled=500 QueryTime=0.0s GPU=249MB SSL+9
2026-06-12 09:22:23,740 [INFO]   [entropy] Seed=123 R5/10 F1=0.0864 Acc=0.1946 Labeled=600 QueryTime=0.0s GPU=249MB SSL+49
2026-06-12 09:22:31,403 [INFO]   [entropy] Seed=123 R6/10 F1=0.1061 Acc=0.2066 Labeled=700 QueryTime=0.0s GPU=250MB SSL+101
2026-06-12 09:22:38,639 [INFO]   [entropy] Seed=123 R7/10 F1=0.1629 Acc=0.2530 Labeled=800 QueryTime=0.0s GPU=250MB SSL+82
2026-06-12 09:22:48,183 [INFO]   [entropy] Seed=123 R8/10 F1=0.2049 Acc=0.2833 Labeled=900 QueryTime=0.0s GPU=250MB SSL+60
2026-06-12 09:22:57,883 [INFO]   [entropy] Seed=123 R9/10 F1=0.1809 Acc=0.2621 Labeled=1000 QueryTime=0.0s GPU=250MB SSL+207
2026-06-12 09:23:11,135 [INFO]   [entropy] Seed=456 R1/10 F1=0.0882 Acc=0.1856 Labeled=200 QueryTime=0.0s GPU=185MB SSL+7
2026-06-12 09:23:15,967 [INFO]   [entropy] Seed=456 R2/10 F1=0.0983 Acc=0.2026 Labeled=300 QueryTime=0.0s GPU=231MB SSL+55
2026-06-12 09:23:20,791 [INFO]   [entropy] Seed=456 R3/10 F1=0.1003 Acc=0.2081 Labeled=400 QueryTime=0.0s GPU=249MB SSL+46
2026-06-12 09:23:25,643 [INFO]   [entropy] Seed=456 R4/10 F1=0.1401 Acc=0.2325 Labeled=500 QueryTime=0.0s GPU=249MB SSL+38
2026-06-12 09:23:30,233 [INFO]   [entropy] Seed=456 R5/10 F1=0.1607 Acc=0.2427 Labeled=600 QueryTime=0.0s GPU=249MB SSL+61
2026-06-12 09:23:37,279 [INFO]   [entropy] Seed=456 R6/10 F1=0.1629 Acc=0.2515 Labeled=700 QueryTime=0.0s GPU=249MB SSL+78
2026-06-12 09:23:45,552 [INFO]   [entropy] Seed=456 R7/10 F1=0.1844 Acc=0.2699 Labeled=800 QueryTime=0.0s GPU=249MB SSL+67
2026-06-12 09:23:57,259 [INFO]   [entropy] Seed=456 R8/10 F1=0.2176 Acc=0.2923 Labeled=900 QueryTime=0.0s GPU=249MB SSL+89
2026-06-12 09:24:08,786 [INFO]   [entropy] Seed=456 R9/10 F1=0.2387 Acc=0.3084 Labeled=1000 QueryTime=0.0s GPU=249MB SSL+130
2026-06-12 09:24:26,763 [INFO]   [entropy] Seed=789 R1/10 F1=0.0457 Acc=0.1265 Labeled=200 QueryTime=0.0s GPU=201MB SSL+9
2026-06-12 09:24:33,804 [INFO]   [entropy] Seed=789 R2/10 F1=0.0855 Acc=0.1913 Labeled=300 QueryTime=0.0s GPU=243MB SSL+21
2026-06-12 09:24:41,231 [INFO]   [entropy] Seed=789 R3/10 F1=0.1203 Acc=0.2161 Labeled=400 QueryTime=0.0s GPU=263MB SSL+26
2026-06-12 09:24:48,391 [INFO]   [entropy] Seed=789 R4/10 F1=0.1792 Acc=0.2665 Labeled=500 QueryTime=0.0s GPU=263MB SSL+5
2026-06-12 09:24:56,771 [INFO]   [entropy] Seed=789 R5/10 F1=0.1816 Acc=0.2542 Labeled=600 QueryTime=0.0s GPU=263MB SSL+4
2026-06-12 09:25:05,949 [INFO]   [entropy] Seed=789 R6/10 F1=0.1855 Acc=0.2566 Labeled=700 QueryTime=0.0s GPU=263MB SSL+35
2026-06-12 09:25:15,237 [INFO]   [entropy] Seed=789 R7/10 F1=0.1814 Acc=0.2605 Labeled=800 QueryTime=0.0s GPU=263MB SSL+34
2026-06-12 09:25:27,539 [INFO]   [entropy] Seed=789 R8/10 F1=0.2352 Acc=0.3075 Labeled=900 QueryTime=0.0s GPU=263MB SSL+93
2026-06-12 09:25:38,397 [INFO]   [entropy] Seed=789 R9/10 F1=0.2221 Acc=0.2969 Labeled=1000 QueryTime=0.0s GPU=263MB SSL+219
2026-06-12 09:25:54,738 [INFO]   [entropy] Seed=1024 R1/10 F1=0.0488 Acc=0.1400 Labeled=200 QueryTime=0.0s GPU=213MB SSL+27
2026-06-12 09:26:00,346 [INFO]   [entropy] Seed=1024 R2/10 F1=0.0879 Acc=0.1803 Labeled=300 QueryTime=0.0s GPU=255MB SSL+1
2026-06-12 09:26:06,384 [INFO]   [entropy] Seed=1024 R3/10 F1=0.0847 Acc=0.1906 Labeled=400 QueryTime=0.0s GPU=275MB SSL+52
2026-06-12 09:26:12,135 [INFO]   [entropy] Seed=1024 R4/10 F1=0.1158 Acc=0.2063 Labeled=500 QueryTime=0.0s GPU=275MB SSL+42
2026-06-12 09:26:18,303 [INFO]   [entropy] Seed=1024 R5/10 F1=0.1302 Acc=0.2317 Labeled=600 QueryTime=0.0s GPU=275MB SSL+35
2026-06-12 09:26:26,874 [INFO]   [entropy] Seed=1024 R6/10 F1=0.1574 Acc=0.2433 Labeled=700 QueryTime=0.0s GPU=276MB SSL+61
2026-06-12 09:26:36,228 [INFO]   [entropy] Seed=1024 R7/10 F1=0.1822 Acc=0.2682 Labeled=800 QueryTime=0.0s GPU=276MB SSL+22
2026-06-12 09:26:47,166 [INFO]   [entropy] Seed=1024 R8/10 F1=0.2069 Acc=0.2900 Labeled=900 QueryTime=0.0s GPU=276MB SSL+83
2026-06-12 09:26:57,533 [INFO]   [entropy] Seed=1024 R9/10 F1=0.1707 Acc=0.2640 Labeled=1000 QueryTime=0.0s GPU=276MB SSL+87
2026-06-12 09:27:06,888 [INFO] 
--- Strategy: margin ---
2026-06-12 09:27:11,903 [INFO]   [margin] Seed=42 R1/10 F1=0.0643 Acc=0.1328 Labeled=200 QueryTime=0.0s GPU=226MB SSL+0
2026-06-12 09:27:17,440 [INFO]   [margin] Seed=42 R2/10 F1=0.0883 Acc=0.1777 Labeled=300 QueryTime=0.0s GPU=268MB SSL+0
2026-06-12 09:27:22,933 [INFO]   [margin] Seed=42 R3/10 F1=0.1016 Acc=0.2034 Labeled=400 QueryTime=0.0s GPU=288MB SSL+37
2026-06-12 09:27:28,843 [INFO]   [margin] Seed=42 R4/10 F1=0.1008 Acc=0.2104 Labeled=500 QueryTime=0.0s GPU=288MB SSL+64
2026-06-12 09:27:34,703 [INFO]   [margin] Seed=42 R5/10 F1=0.1119 Acc=0.2218 Labeled=600 QueryTime=0.0s GPU=288MB SSL+57
2026-06-12 09:27:43,107 [INFO]   [margin] Seed=42 R6/10 F1=0.1071 Acc=0.2184 Labeled=700 QueryTime=0.0s GPU=289MB SSL+114
2026-06-12 09:27:51,592 [INFO]   [margin] Seed=42 R7/10 F1=0.1402 Acc=0.2457 Labeled=800 QueryTime=0.0s GPU=289MB SSL+89
2026-06-12 09:28:03,952 [INFO]   [margin] Seed=42 R8/10 F1=0.1641 Acc=0.2662 Labeled=900 QueryTime=0.0s GPU=290MB SSL+266
2026-06-12 09:28:14,720 [INFO]   [margin] Seed=42 R9/10 F1=0.1873 Acc=0.2824 Labeled=1000 QueryTime=0.0s GPU=290MB SSL+234
2026-06-12 09:28:29,566 [INFO]   [margin] Seed=123 R1/10 F1=0.0556 Acc=0.1622 Labeled=200 QueryTime=0.0s GPU=241MB SSL+18
2026-06-12 09:28:34,627 [INFO]   [margin] Seed=123 R2/10 F1=0.0635 Acc=0.1762 Labeled=300 QueryTime=0.0s GPU=282MB SSL+67
2026-06-12 09:28:39,496 [INFO]   [margin] Seed=123 R3/10 F1=0.0734 Acc=0.1691 Labeled=400 QueryTime=0.0s GPU=303MB SSL+105
2026-06-12 09:28:44,330 [INFO]   [margin] Seed=123 R4/10 F1=0.1361 Acc=0.2131 Labeled=500 QueryTime=0.0s GPU=277MB SSL+2
2026-06-12 09:28:49,299 [INFO]   [margin] Seed=123 R5/10 F1=0.0790 Acc=0.1900 Labeled=600 QueryTime=0.0s GPU=277MB SSL+53
2026-06-12 09:28:57,602 [INFO]   [margin] Seed=123 R6/10 F1=0.1067 Acc=0.2120 Labeled=700 QueryTime=0.0s GPU=277MB SSL+53
2026-06-12 09:29:06,312 [INFO]   [margin] Seed=123 R7/10 F1=0.1521 Acc=0.2480 Labeled=800 QueryTime=0.0s GPU=277MB SSL+25
2026-06-12 09:29:17,907 [INFO]   [margin] Seed=123 R8/10 F1=0.1950 Acc=0.2791 Labeled=900 QueryTime=0.0s GPU=277MB SSL+115
2026-06-12 09:29:28,015 [INFO]   [margin] Seed=123 R9/10 F1=0.2277 Acc=0.3051 Labeled=1000 QueryTime=0.0s GPU=277MB SSL+142
2026-06-12 09:29:42,113 [INFO]   [margin] Seed=456 R1/10 F1=0.0882 Acc=0.1856 Labeled=200 QueryTime=0.0s GPU=225MB SSL+7
2026-06-12 09:29:48,230 [INFO]   [margin] Seed=456 R2/10 F1=0.0960 Acc=0.2004 Labeled=300 QueryTime=0.0s GPU=267MB SSL+17
2026-06-12 09:29:53,782 [INFO]   [margin] Seed=456 R3/10 F1=0.1049 Acc=0.2163 Labeled=400 QueryTime=0.0s GPU=287MB SSL+33
2026-06-12 09:29:59,151 [INFO]   [margin] Seed=456 R4/10 F1=0.1253 Acc=0.2303 Labeled=500 QueryTime=0.0s GPU=287MB SSL+15
2026-06-12 09:30:04,656 [INFO]   [margin] Seed=456 R5/10 F1=0.1142 Acc=0.2295 Labeled=600 QueryTime=0.0s GPU=287MB SSL+39
2026-06-12 09:30:12,821 [INFO]   [margin] Seed=456 R6/10 F1=0.1376 Acc=0.2437 Labeled=700 QueryTime=0.0s GPU=279MB SSL+45
2026-06-12 09:30:20,466 [INFO]   [margin] Seed=456 R7/10 F1=0.1312 Acc=0.2423 Labeled=800 QueryTime=0.0s GPU=264MB SSL+151
2026-06-12 09:30:31,362 [INFO]   [margin] Seed=456 R8/10 F1=0.1660 Acc=0.2708 Labeled=900 QueryTime=0.0s GPU=264MB SSL+198
2026-06-12 09:30:40,979 [INFO]   [margin] Seed=456 R9/10 F1=0.1961 Acc=0.2873 Labeled=1000 QueryTime=0.0s GPU=264MB SSL+274
2026-06-12 09:30:56,270 [INFO]   [margin] Seed=789 R1/10 F1=0.0457 Acc=0.1265 Labeled=200 QueryTime=0.0s GPU=213MB SSL+9
2026-06-12 09:31:01,694 [INFO]   [margin] Seed=789 R2/10 F1=0.0908 Acc=0.1934 Labeled=300 QueryTime=0.0s GPU=255MB SSL+13
2026-06-12 09:31:07,110 [INFO]   [margin] Seed=789 R3/10 F1=0.0953 Acc=0.1999 Labeled=400 QueryTime=0.0s GPU=275MB SSL+50
2026-06-12 09:31:11,802 [INFO]   [margin] Seed=789 R4/10 F1=0.0842 Acc=0.1919 Labeled=500 QueryTime=0.0s GPU=275MB SSL+71
2026-06-12 09:31:16,425 [INFO]   [margin] Seed=789 R5/10 F1=0.1183 Acc=0.2116 Labeled=600 QueryTime=0.0s GPU=275MB SSL+55
2026-06-12 09:31:23,556 [INFO]   [margin] Seed=789 R6/10 F1=0.1524 Acc=0.2475 Labeled=700 QueryTime=0.0s GPU=275MB SSL+53
2026-06-12 09:31:31,554 [INFO]   [margin] Seed=789 R7/10 F1=0.1533 Acc=0.2548 Labeled=800 QueryTime=0.0s GPU=275MB SSL+136
2026-06-12 09:31:42,100 [INFO]   [margin] Seed=789 R8/10 F1=0.2249 Acc=0.2983 Labeled=900 QueryTime=0.0s GPU=275MB SSL+95
2026-06-12 09:31:52,965 [INFO]   [margin] Seed=789 R9/10 F1=0.2181 Acc=0.2961 Labeled=1000 QueryTime=0.0s GPU=275MB SSL+190
2026-06-12 09:32:06,828 [INFO]   [margin] Seed=1024 R1/10 F1=0.0488 Acc=0.1400 Labeled=200 QueryTime=0.0s GPU=224MB SSL+27
2026-06-12 09:32:11,946 [INFO]   [margin] Seed=1024 R2/10 F1=0.0935 Acc=0.1913 Labeled=300 QueryTime=0.0s GPU=269MB SSL+6
2026-06-12 09:32:17,443 [INFO]   [margin] Seed=1024 R3/10 F1=0.0806 Acc=0.1875 Labeled=400 QueryTime=0.0s GPU=290MB SSL+28
2026-06-12 09:32:23,029 [INFO]   [margin] Seed=1024 R4/10 F1=0.1017 Acc=0.1982 Labeled=500 QueryTime=0.0s GPU=290MB SSL+3
2026-06-12 09:32:28,729 [INFO]   [margin] Seed=1024 R5/10 F1=0.1496 Acc=0.2273 Labeled=600 QueryTime=0.0s GPU=290MB SSL+30
2026-06-12 09:32:36,984 [INFO]   [margin] Seed=1024 R6/10 F1=0.1091 Acc=0.2196 Labeled=700 QueryTime=0.0s GPU=290MB SSL+33
2026-06-12 09:32:44,850 [INFO]   [margin] Seed=1024 R7/10 F1=0.1383 Acc=0.2438 Labeled=800 QueryTime=0.0s GPU=290MB SSL+101
2026-06-12 09:32:54,421 [INFO]   [margin] Seed=1024 R8/10 F1=0.1739 Acc=0.2710 Labeled=900 QueryTime=0.0s GPU=290MB SSL+153
2026-06-12 09:33:05,088 [INFO]   [margin] Seed=1024 R9/10 F1=0.2247 Acc=0.3091 Labeled=1000 QueryTime=0.0s GPU=290MB SSL+108
2026-06-12 09:33:14,982 [INFO] 
--- Strategy: coreset ---
2026-06-12 09:33:24,800 [INFO]   [coreset] Seed=42 R1/10 F1=0.0643 Acc=0.1328 Labeled=200 QueryTime=4.3s GPU=236MB SSL+0
2026-06-12 09:33:35,882 [INFO]   [coreset] Seed=42 R2/10 F1=0.0832 Acc=0.1821 Labeled=300 QueryTime=6.3s GPU=272MB SSL+0
2026-06-12 09:33:49,341 [INFO]   [coreset] Seed=42 R3/10 F1=0.0877 Acc=0.1815 Labeled=400 QueryTime=8.2s GPU=295MB SSL+16
2026-06-12 09:34:07,027 [INFO]   [coreset] Seed=42 R4/10 F1=0.1086 Acc=0.2135 Labeled=500 QueryTime=11.8s GPU=295MB SSL+54
2026-06-12 09:34:27,944 [INFO]   [coreset] Seed=42 R5/10 F1=0.1142 Acc=0.2172 Labeled=600 QueryTime=14.9s GPU=295MB SSL+29
2026-06-12 09:34:54,303 [INFO]   [coreset] Seed=42 R6/10 F1=0.1630 Acc=0.2549 Labeled=700 QueryTime=16.9s GPU=295MB SSL+65
2026-06-12 09:35:21,780 [INFO]   [coreset] Seed=42 R7/10 F1=0.1712 Acc=0.2627 Labeled=800 QueryTime=18.9s GPU=295MB SSL+122
2026-06-12 09:35:55,293 [INFO]   [coreset] Seed=42 R8/10 F1=0.1631 Acc=0.2511 Labeled=900 QueryTime=21.4s GPU=295MB SSL+123
2026-06-12 09:36:31,786 [INFO]   [coreset] Seed=42 R9/10 F1=0.1943 Acc=0.2792 Labeled=1000 QueryTime=25.0s GPU=295MB SSL+246
2026-06-12 09:36:54,808 [INFO]   [coreset] Seed=123 R1/10 F1=0.0556 Acc=0.1622 Labeled=200 QueryTime=4.9s GPU=236MB SSL+18
2026-06-12 09:37:08,479 [INFO]   [coreset] Seed=123 R2/10 F1=0.0583 Acc=0.1649 Labeled=300 QueryTime=7.5s GPU=272MB SSL+65
2026-06-12 09:37:25,242 [INFO]   [coreset] Seed=123 R3/10 F1=0.0627 Acc=0.1724 Labeled=400 QueryTime=10.0s GPU=295MB SSL+86
2026-06-12 09:37:44,143 [INFO]   [coreset] Seed=123 R4/10 F1=0.1169 Acc=0.2150 Labeled=500 QueryTime=12.1s GPU=295MB SSL+33
2026-06-12 09:38:03,984 [INFO]   [coreset] Seed=123 R5/10 F1=0.1367 Acc=0.2232 Labeled=600 QueryTime=14.0s GPU=295MB SSL+4
2026-06-12 09:38:31,754 [INFO]   [coreset] Seed=123 R6/10 F1=0.1362 Acc=0.2251 Labeled=700 QueryTime=17.8s GPU=295MB SSL+47
2026-06-12 09:38:56,107 [INFO]   [coreset] Seed=123 R7/10 F1=0.1356 Acc=0.2327 Labeled=800 QueryTime=16.5s GPU=295MB SSL+86
2026-06-12 09:39:25,616 [INFO]   [coreset] Seed=123 R8/10 F1=0.1814 Acc=0.2636 Labeled=900 QueryTime=18.5s GPU=295MB SSL+217
2026-06-12 09:39:56,266 [INFO]   [coreset] Seed=123 R9/10 F1=0.1827 Acc=0.2701 Labeled=1000 QueryTime=20.5s GPU=295MB SSL+228
2026-06-12 09:40:15,241 [INFO]   [coreset] Seed=456 R1/10 F1=0.0882 Acc=0.1856 Labeled=200 QueryTime=4.2s GPU=236MB SSL+7
2026-06-12 09:40:26,559 [INFO]   [coreset] Seed=456 R2/10 F1=0.0601 Acc=0.1776 Labeled=300 QueryTime=6.3s GPU=272MB SSL+16
2026-06-12 09:40:40,921 [INFO]   [coreset] Seed=456 R3/10 F1=0.0890 Acc=0.1970 Labeled=400 QueryTime=8.7s GPU=295MB SSL+35
2026-06-12 09:40:56,940 [INFO]   [coreset] Seed=456 R4/10 F1=0.1252 Acc=0.2223 Labeled=500 QueryTime=10.5s GPU=295MB SSL+34
2026-06-12 09:41:13,922 [INFO]   [coreset] Seed=456 R5/10 F1=0.1445 Acc=0.2349 Labeled=600 QueryTime=12.5s GPU=295MB SSL+73
2026-06-12 09:41:36,278 [INFO]   [coreset] Seed=456 R6/10 F1=0.1389 Acc=0.2330 Labeled=700 QueryTime=14.4s GPU=295MB SSL+109
2026-06-12 09:41:59,863 [INFO]   [coreset] Seed=456 R7/10 F1=0.1656 Acc=0.2519 Labeled=800 QueryTime=16.3s GPU=295MB SSL+120
2026-06-12 09:42:29,170 [INFO]   [coreset] Seed=456 R8/10 F1=0.2124 Acc=0.2914 Labeled=900 QueryTime=18.5s GPU=295MB SSL+148
2026-06-12 09:42:59,656 [INFO]   [coreset] Seed=456 R9/10 F1=0.1992 Acc=0.2879 Labeled=1000 QueryTime=20.7s GPU=295MB SSL+157
2026-06-12 09:43:21,750 [INFO]   [coreset] Seed=789 R1/10 F1=0.0457 Acc=0.1265 Labeled=200 QueryTime=4.8s GPU=236MB SSL+9
2026-06-12 09:43:34,560 [INFO]   [coreset] Seed=789 R2/10 F1=0.0769 Acc=0.1838 Labeled=300 QueryTime=6.9s GPU=272MB SSL+25
2026-06-12 09:43:50,518 [INFO]   [coreset] Seed=789 R3/10 F1=0.0892 Acc=0.1940 Labeled=400 QueryTime=10.7s GPU=295MB SSL+58
2026-06-12 09:44:09,599 [INFO]   [coreset] Seed=789 R4/10 F1=0.1305 Acc=0.2056 Labeled=500 QueryTime=12.8s GPU=295MB SSL+3
2026-06-12 09:44:29,620 [INFO]   [coreset] Seed=789 R5/10 F1=0.1116 Acc=0.2112 Labeled=600 QueryTime=14.6s GPU=295MB SSL+31
2026-06-12 09:44:55,661 [INFO]   [coreset] Seed=789 R6/10 F1=0.1453 Acc=0.2446 Labeled=700 QueryTime=16.7s GPU=295MB SSL+15
2026-06-12 09:45:24,415 [INFO]   [coreset] Seed=789 R7/10 F1=0.1552 Acc=0.2481 Labeled=800 QueryTime=19.6s GPU=295MB SSL+103
2026-06-12 09:45:58,447 [INFO]   [coreset] Seed=789 R8/10 F1=0.1654 Acc=0.2612 Labeled=900 QueryTime=21.8s GPU=295MB SSL+150
2026-06-12 09:46:34,692 [INFO]   [coreset] Seed=789 R9/10 F1=0.2126 Acc=0.2969 Labeled=1000 QueryTime=24.5s GPU=295MB SSL+148
2026-06-12 09:46:54,436 [INFO]   [coreset] Seed=1024 R1/10 F1=0.0488 Acc=0.1400 Labeled=200 QueryTime=4.0s GPU=236MB SSL+27
2026-06-12 09:47:05,203 [INFO]   [coreset] Seed=1024 R2/10 F1=0.1095 Acc=0.2071 Labeled=300 QueryTime=5.9s GPU=272MB SSL+8
2026-06-12 09:47:17,348 [INFO]   [coreset] Seed=1024 R3/10 F1=0.0920 Acc=0.1940 Labeled=400 QueryTime=7.6s GPU=295MB SSL+1
2026-06-12 09:47:30,677 [INFO]   [coreset] Seed=1024 R4/10 F1=0.0925 Acc=0.1947 Labeled=500 QueryTime=9.0s GPU=295MB SSL+30
2026-06-12 09:47:46,955 [INFO]   [coreset] Seed=1024 R5/10 F1=0.0984 Acc=0.2047 Labeled=600 QueryTime=11.2s GPU=295MB SSL+4
2026-06-12 09:48:08,212 [INFO]   [coreset] Seed=1024 R6/10 F1=0.0986 Acc=0.2035 Labeled=700 QueryTime=13.1s GPU=295MB SSL+103
2026-06-12 09:48:34,434 [INFO]   [coreset] Seed=1024 R7/10 F1=0.1217 Acc=0.2117 Labeled=800 QueryTime=18.3s GPU=295MB SSL+21
2026-06-12 09:49:01,885 [INFO]   [coreset] Seed=1024 R8/10 F1=0.1559 Acc=0.2587 Labeled=900 QueryTime=15.4s GPU=295MB SSL+159
2026-06-12 09:49:30,478 [INFO]   [coreset] Seed=1024 R9/10 F1=0.1787 Acc=0.2711 Labeled=1000 QueryTime=19.0s GPU=295MB SSL+181
2026-06-12 09:49:39,237 [INFO] 
--- Strategy: badge ---
2026-06-12 09:50:03,184 [INFO]   [badge] Seed=42 R1/10 F1=0.0643 Acc=0.1328 Labeled=200 QueryTime=19.5s GPU=236MB SSL+0
2026-06-12 09:50:26,720 [INFO]   [badge] Seed=42 R2/10 F1=0.0788 Acc=0.1720 Labeled=300 QueryTime=18.9s GPU=272MB SSL+0
2026-06-12 09:50:46,478 [INFO]   [badge] Seed=42 R3/10 F1=0.1075 Acc=0.1867 Labeled=400 QueryTime=14.9s GPU=295MB SSL+32
2026-06-12 09:51:04,797 [INFO]   [badge] Seed=42 R4/10 F1=0.1244 Acc=0.2142 Labeled=500 QueryTime=14.7s GPU=295MB SSL+41
2026-06-12 09:51:22,837 [INFO]   [badge] Seed=42 R5/10 F1=0.1566 Acc=0.2401 Labeled=600 QueryTime=14.4s GPU=295MB SSL+47
2026-06-12 09:51:43,011 [INFO]   [badge] Seed=42 R6/10 F1=0.1452 Acc=0.2446 Labeled=700 QueryTime=14.6s GPU=295MB SSL+28
2026-06-12 09:52:03,524 [INFO]   [badge] Seed=42 R7/10 F1=0.1714 Acc=0.2616 Labeled=800 QueryTime=14.6s GPU=295MB SSL+65
2026-06-12 09:52:25,684 [INFO]   [badge] Seed=42 R8/10 F1=0.1960 Acc=0.2801 Labeled=900 QueryTime=14.6s GPU=295MB SSL+158
2026-06-12 09:52:47,725 [INFO]   [badge] Seed=42 R9/10 F1=0.1830 Acc=0.2720 Labeled=1000 QueryTime=14.5s GPU=295MB SSL+142
2026-06-12 09:53:11,412 [INFO]   [badge] Seed=123 R1/10 F1=0.0556 Acc=0.1622 Labeled=200 QueryTime=13.6s GPU=236MB SSL+18
2026-06-12 09:53:29,004 [INFO]   [badge] Seed=123 R2/10 F1=0.0585 Acc=0.1635 Labeled=300 QueryTime=13.7s GPU=272MB SSL+88
2026-06-12 09:53:45,902 [INFO]   [badge] Seed=123 R3/10 F1=0.0808 Acc=0.1753 Labeled=400 QueryTime=13.4s GPU=295MB SSL+65
2026-06-12 09:54:04,061 [INFO]   [badge] Seed=123 R4/10 F1=0.0792 Acc=0.1837 Labeled=500 QueryTime=13.9s GPU=295MB SSL+30
2026-06-12 09:54:20,623 [INFO]   [badge] Seed=123 R5/10 F1=0.0922 Acc=0.1968 Labeled=600 QueryTime=13.1s GPU=295MB SSL+58
2026-06-12 09:54:38,997 [INFO]   [badge] Seed=123 R6/10 F1=0.1255 Acc=0.2203 Labeled=700 QueryTime=13.0s GPU=295MB SSL+131
2026-06-12 09:54:56,898 [INFO]   [badge] Seed=123 R7/10 F1=0.1276 Acc=0.2216 Labeled=800 QueryTime=12.7s GPU=295MB SSL+117
2026-06-12 09:55:16,738 [INFO]   [badge] Seed=123 R8/10 F1=0.1876 Acc=0.2615 Labeled=900 QueryTime=13.1s GPU=295MB SSL+115
2026-06-12 09:55:36,578 [INFO]   [badge] Seed=123 R9/10 F1=0.1443 Acc=0.2362 Labeled=1000 QueryTime=13.0s GPU=295MB SSL+231
2026-06-12 09:55:59,340 [INFO]   [badge] Seed=456 R1/10 F1=0.0882 Acc=0.1856 Labeled=200 QueryTime=13.1s GPU=236MB SSL+7
2026-06-12 09:56:15,929 [INFO]   [badge] Seed=456 R2/10 F1=0.0817 Acc=0.1917 Labeled=300 QueryTime=12.9s GPU=272MB SSL+30
2026-06-12 09:56:32,650 [INFO]   [badge] Seed=456 R3/10 F1=0.1062 Acc=0.2052 Labeled=400 QueryTime=13.4s GPU=295MB SSL+9
2026-06-12 09:56:49,525 [INFO]   [badge] Seed=456 R4/10 F1=0.1448 Acc=0.2358 Labeled=500 QueryTime=13.0s GPU=295MB SSL+19
2026-06-12 09:57:06,187 [INFO]   [badge] Seed=456 R5/10 F1=0.1835 Acc=0.2709 Labeled=600 QueryTime=13.4s GPU=295MB SSL+12
2026-06-12 09:57:25,229 [INFO]   [badge] Seed=456 R6/10 F1=0.1368 Acc=0.2380 Labeled=700 QueryTime=13.6s GPU=295MB SSL+90
2026-06-12 09:57:50,291 [INFO]   [badge] Seed=456 R7/10 F1=0.1479 Acc=0.2387 Labeled=800 QueryTime=19.2s GPU=295MB SSL+95
2026-06-12 09:58:37,061 [INFO]   [badge] Seed=456 R8/10 F1=0.1965 Acc=0.2809 Labeled=900 QueryTime=30.4s GPU=295MB SSL+185
2026-06-12 09:59:27,839 [INFO]   [badge] Seed=456 R9/10 F1=0.1985 Acc=0.2859 Labeled=1000 QueryTime=32.3s GPU=295MB SSL+143
2026-06-12 10:00:25,685 [INFO]   [badge] Seed=789 R1/10 F1=0.0457 Acc=0.1265 Labeled=200 QueryTime=30.7s GPU=236MB SSL+9
2026-06-12 10:01:04,225 [INFO]   [badge] Seed=789 R2/10 F1=0.0828 Acc=0.1892 Labeled=300 QueryTime=29.1s GPU=272MB SSL+61
2026-06-12 10:01:44,457 [INFO]   [badge] Seed=789 R3/10 F1=0.1201 Acc=0.2081 Labeled=400 QueryTime=31.1s GPU=295MB SSL+3
2026-06-12 10:02:22,788 [INFO]   [badge] Seed=789 R4/10 F1=0.0759 Acc=0.1840 Labeled=500 QueryTime=29.2s GPU=295MB SSL+54
2026-06-12 10:03:01,716 [INFO]   [badge] Seed=789 R5/10 F1=0.1513 Acc=0.2354 Labeled=600 QueryTime=29.4s GPU=295MB SSL+3
2026-06-12 10:03:46,524 [INFO]   [badge] Seed=789 R6/10 F1=0.1774 Acc=0.2714 Labeled=700 QueryTime=32.0s GPU=295MB SSL+32
2026-06-12 10:04:31,034 [INFO]   [badge] Seed=789 R7/10 F1=0.1781 Acc=0.2684 Labeled=800 QueryTime=32.0s GPU=295MB SSL+98
2026-06-12 10:05:13,034 [INFO]   [badge] Seed=789 R8/10 F1=0.1979 Acc=0.2826 Labeled=900 QueryTime=26.2s GPU=295MB SSL+196
2026-06-12 10:05:57,490 [INFO]   [badge] Seed=789 R9/10 F1=0.2198 Acc=0.3039 Labeled=1000 QueryTime=28.3s GPU=295MB SSL+222
2026-06-12 10:06:48,062 [INFO]   [badge] Seed=1024 R1/10 F1=0.0488 Acc=0.1400 Labeled=200 QueryTime=27.0s GPU=236MB SSL+27
2026-06-12 10:07:26,509 [INFO]   [badge] Seed=1024 R2/10 F1=0.1093 Acc=0.2014 Labeled=300 QueryTime=30.0s GPU=272MB SSL+5
2026-06-12 10:08:04,785 [INFO]   [badge] Seed=1024 R3/10 F1=0.0938 Acc=0.1992 Labeled=400 QueryTime=30.0s GPU=295MB SSL+25
2026-06-12 10:08:40,648 [INFO]   [badge] Seed=1024 R4/10 F1=0.1158 Acc=0.2151 Labeled=500 QueryTime=27.3s GPU=295MB SSL+13
2026-06-12 10:09:19,141 [INFO]   [badge] Seed=1024 R5/10 F1=0.1160 Acc=0.2138 Labeled=600 QueryTime=30.2s GPU=295MB SSL+3
2026-06-12 10:10:01,514 [INFO]   [badge] Seed=1024 R6/10 F1=0.1498 Acc=0.2496 Labeled=700 QueryTime=31.0s GPU=295MB SSL+21
2026-06-12 10:10:45,548 [INFO]   [badge] Seed=1024 R7/10 F1=0.1199 Acc=0.2202 Labeled=800 QueryTime=31.7s GPU=295MB SSL+131
2026-06-12 10:11:27,175 [INFO]   [badge] Seed=1024 R8/10 F1=0.1389 Acc=0.2374 Labeled=900 QueryTime=26.3s GPU=295MB SSL+210
2026-06-12 10:12:09,771 [INFO]   [badge] Seed=1024 R9/10 F1=0.1522 Acc=0.2499 Labeled=1000 QueryTime=28.1s GPU=295MB SSL+107
2026-06-12 10:12:22,268 [INFO] 
--- Strategy: qbc ---
2026-06-12 10:12:32,228 [INFO]   [qbc] Seed=42 R1/10 F1=0.0643 Acc=0.1328 Labeled=200 QueryTime=3.8s GPU=236MB SSL+0
2026-06-12 10:12:44,291 [INFO]   [qbc] Seed=42 R2/10 F1=0.1168 Acc=0.2001 Labeled=300 QueryTime=4.3s GPU=286MB SSL+1
2026-06-12 10:12:55,002 [INFO]   [qbc] Seed=42 R3/10 F1=0.0841 Acc=0.1825 Labeled=400 QueryTime=3.7s GPU=306MB SSL+50
2026-06-12 10:13:06,000 [INFO]   [qbc] Seed=42 R4/10 F1=0.0681 Acc=0.1772 Labeled=500 QueryTime=3.6s GPU=308MB SSL+41
2026-06-12 10:13:17,875 [INFO]   [qbc] Seed=42 R5/10 F1=0.1398 Acc=0.2441 Labeled=600 QueryTime=4.4s GPU=308MB SSL+43
2026-06-12 10:13:33,049 [INFO]   [qbc] Seed=42 R6/10 F1=0.1637 Acc=0.2678 Labeled=700 QueryTime=4.5s GPU=307MB SSL+17
2026-06-12 10:13:48,432 [INFO]   [qbc] Seed=42 R7/10 F1=0.1723 Acc=0.2754 Labeled=800 QueryTime=4.8s GPU=308MB SSL+45
2026-06-12 10:14:08,129 [INFO]   [qbc] Seed=42 R8/10 F1=0.1658 Acc=0.2658 Labeled=900 QueryTime=5.0s GPU=306MB SSL+143
2026-06-12 10:14:28,148 [INFO]   [qbc] Seed=42 R9/10 F1=0.1689 Acc=0.2728 Labeled=1000 QueryTime=5.6s GPU=307MB SSL+233
2026-06-12 10:14:57,496 [INFO]   [qbc] Seed=123 R1/10 F1=0.0556 Acc=0.1622 Labeled=200 QueryTime=6.0s GPU=236MB SSL+18
2026-06-12 10:15:12,305 [INFO]   [qbc] Seed=123 R2/10 F1=0.0557 Acc=0.1632 Labeled=300 QueryTime=5.3s GPU=286MB SSL+83
2026-06-12 10:15:27,306 [INFO]   [qbc] Seed=123 R3/10 F1=0.0633 Acc=0.1706 Labeled=400 QueryTime=5.5s GPU=306MB SSL+61
2026-06-12 10:15:40,807 [INFO]   [qbc] Seed=123 R4/10 F1=0.0990 Acc=0.2008 Labeled=500 QueryTime=4.2s GPU=308MB SSL+1
2026-06-12 10:15:57,132 [INFO]   [qbc] Seed=123 R5/10 F1=0.1274 Acc=0.2274 Labeled=600 QueryTime=5.7s GPU=308MB SSL+60
2026-06-12 10:16:17,195 [INFO]   [qbc] Seed=123 R6/10 F1=0.1083 Acc=0.2195 Labeled=700 QueryTime=5.6s GPU=307MB SSL+151
2026-06-12 10:16:37,577 [INFO]   [qbc] Seed=123 R7/10 F1=0.1364 Acc=0.2388 Labeled=800 QueryTime=5.9s GPU=308MB SSL+94
2026-06-12 10:17:03,296 [INFO]   [qbc] Seed=123 R8/10 F1=0.1347 Acc=0.2378 Labeled=900 QueryTime=6.6s GPU=306MB SSL+264
2026-06-12 10:17:27,418 [INFO]   [qbc] Seed=123 R9/10 F1=0.1690 Acc=0.2651 Labeled=1000 QueryTime=6.7s GPU=307MB SSL+235
2026-06-12 10:17:57,289 [INFO]   [qbc] Seed=456 R1/10 F1=0.0882 Acc=0.1856 Labeled=200 QueryTime=5.1s GPU=236MB SSL+7
2026-06-12 10:18:09,846 [INFO]   [qbc] Seed=456 R2/10 F1=0.1011 Acc=0.2099 Labeled=300 QueryTime=4.1s GPU=286MB SSL+22
2026-06-12 10:18:24,643 [INFO]   [qbc] Seed=456 R3/10 F1=0.1091 Acc=0.2167 Labeled=400 QueryTime=5.3s GPU=306MB SSL+56
2026-06-12 10:18:38,025 [INFO]   [qbc] Seed=456 R4/10 F1=0.0980 Acc=0.1891 Labeled=500 QueryTime=4.8s GPU=308MB SSL+26
2026-06-12 10:18:52,261 [INFO]   [qbc] Seed=456 R5/10 F1=0.1043 Acc=0.2034 Labeled=600 QueryTime=5.4s GPU=308MB SSL+39
2026-06-12 10:19:10,275 [INFO]   [qbc] Seed=456 R6/10 F1=0.1325 Acc=0.2345 Labeled=700 QueryTime=5.8s GPU=307MB SSL+131
2026-06-12 10:19:27,082 [INFO]   [qbc] Seed=456 R7/10 F1=0.1293 Acc=0.2290 Labeled=800 QueryTime=4.6s GPU=308MB SSL+99
2026-06-12 10:19:46,512 [INFO]   [qbc] Seed=456 R8/10 F1=0.1635 Acc=0.2512 Labeled=900 QueryTime=5.7s GPU=306MB SSL+254
2026-06-12 10:20:06,568 [INFO]   [qbc] Seed=456 R9/10 F1=0.1812 Acc=0.2702 Labeled=1000 QueryTime=5.1s GPU=307MB SSL+230
2026-06-12 10:20:34,122 [INFO]   [qbc] Seed=789 R1/10 F1=0.0457 Acc=0.1265 Labeled=200 QueryTime=5.0s GPU=236MB SSL+9
2026-06-12 10:20:47,314 [INFO]   [qbc] Seed=789 R2/10 F1=0.0929 Acc=0.1799 Labeled=300 QueryTime=5.1s GPU=286MB SSL+0
2026-06-12 10:21:01,104 [INFO]   [qbc] Seed=789 R3/10 F1=0.0981 Acc=0.2090 Labeled=400 QueryTime=5.0s GPU=306MB SSL+55
2026-06-12 10:21:15,123 [INFO]   [qbc] Seed=789 R4/10 F1=0.0992 Acc=0.2060 Labeled=500 QueryTime=5.3s GPU=308MB SSL+59
2026-06-12 10:21:29,259 [INFO]   [qbc] Seed=789 R5/10 F1=0.1158 Acc=0.2178 Labeled=600 QueryTime=4.9s GPU=308MB SSL+44
2026-06-12 10:21:49,862 [INFO]   [qbc] Seed=789 R6/10 F1=0.1300 Acc=0.2370 Labeled=700 QueryTime=6.3s GPU=307MB SSL+110
2026-06-12 10:22:08,870 [INFO]   [qbc] Seed=789 R7/10 F1=0.1424 Acc=0.2443 Labeled=800 QueryTime=5.8s GPU=308MB SSL+129
2026-06-12 10:22:33,762 [INFO]   [qbc] Seed=789 R8/10 F1=0.1723 Acc=0.2696 Labeled=900 QueryTime=7.2s GPU=306MB SSL+235
2026-06-12 10:22:58,625 [INFO]   [qbc] Seed=789 R9/10 F1=0.1902 Acc=0.2815 Labeled=1000 QueryTime=6.9s GPU=307MB SSL+260
2026-06-12 10:23:30,872 [INFO]   [qbc] Seed=1024 R1/10 F1=0.0488 Acc=0.1400 Labeled=200 QueryTime=5.9s GPU=236MB SSL+27
2026-06-12 10:23:45,300 [INFO]   [qbc] Seed=1024 R2/10 F1=0.0824 Acc=0.1885 Labeled=300 QueryTime=5.5s GPU=286MB SSL+49
2026-06-12 10:24:00,300 [INFO]   [qbc] Seed=1024 R3/10 F1=0.0920 Acc=0.2017 Labeled=400 QueryTime=5.3s GPU=306MB SSL+66
2026-06-12 10:24:14,444 [INFO]   [qbc] Seed=1024 R4/10 F1=0.1159 Acc=0.2157 Labeled=500 QueryTime=5.1s GPU=308MB SSL+32
2026-06-12 10:24:28,815 [INFO]   [qbc] Seed=1024 R5/10 F1=0.1039 Acc=0.2131 Labeled=600 QueryTime=5.2s GPU=308MB SSL+41
2026-06-12 10:24:46,526 [INFO]   [qbc] Seed=1024 R6/10 F1=0.1237 Acc=0.2234 Labeled=700 QueryTime=5.4s GPU=307MB SSL+111
2026-06-12 10:25:06,415 [INFO]   [qbc] Seed=1024 R7/10 F1=0.1586 Acc=0.2430 Labeled=800 QueryTime=6.8s GPU=308MB SSL+87
2026-06-12 10:25:30,249 [INFO]   [qbc] Seed=1024 R8/10 F1=0.1898 Acc=0.2779 Labeled=900 QueryTime=6.2s GPU=306MB SSL+99
2026-06-12 10:25:51,638 [INFO]   [qbc] Seed=1024 R9/10 F1=0.1731 Acc=0.2626 Labeled=1000 QueryTime=6.2s GPU=307MB SSL+137
2026-06-12 10:26:08,133 [INFO] 
--- Full Supervised Baseline ---
2026-06-12 10:35:38,461 [INFO] Full Supervised: Acc=0.6008, F1=0.5590 (epochs=50, time=564.0s)
2026-06-12 10:35:42,720 [INFO] 
=== Results saved to C:\Users\28414\Desktop\机器学习—图像分类-期末汇报\output\al_ssl\rho100 ===
2026-06-12 10:35:42,722 [INFO] 
Summary:
2026-06-12 10:35:42,723 [INFO] Strategy                 Final F1     ±std   p<0.05 vs Random
2026-06-12 10:35:42,724 [INFO] ------------------------------------------------------------
2026-06-12 10:35:42,724 [INFO] badge                      0.2204   0.0159                  *
2026-06-12 10:35:42,725 [INFO] coreset                    0.2066   0.0166                   
2026-06-12 10:35:42,725 [INFO] entropy                    0.2480   0.0262                  *
2026-06-12 10:35:42,726 [INFO] margin                     0.2267   0.0146                  *
2026-06-12 10:35:42,726 [INFO] qbc                        0.2043   0.0170                   
2026-06-12 10:35:42,726 [INFO] random                     0.1886   0.0122                   
2026-06-12 10:35:42,727 [INFO] Full Supervised            0.5590
2026-06-12 10:35:42,727 [INFO] 
Statistical Tests (selected):
2026-06-12 10:35:42,727 [INFO]   badge vs coreset: diff=+0.0138, p=0.0203*, d=0.848 (large)
2026-06-12 10:35:42,728 [INFO]   badge vs entropy: diff=-0.0276, p=0.0313*, d=-1.276 (large)
2026-06-12 10:35:42,728 [INFO]   badge vs random: diff=+0.0318, p=0.0100**, d=2.244 (large)
2026-06-12 10:35:42,729 [INFO]   coreset vs entropy: diff=-0.0414, p=0.0035**, d=-1.890 (large)
2026-06-12 10:35:42,729 [INFO]   entropy vs qbc: diff=+0.0437, p=0.0338*, d=1.982 (large)
2026-06-12 10:35:42,730 [INFO]   entropy vs random: diff=+0.0594, p=0.0112*, d=2.910 (large)
2026-06-12 10:35:42,730 [INFO]   margin vs random: diff=+0.0382, p=0.0101*, d=2.837 (large)
