2026-06-12 12:50:48,715 [INFO] === v8 Controlled-Fast AL+SSL Analysis: cifar10 ===
2026-06-12 12:50:48,719 [INFO] Budget: ultra_low, Model: simplecnn, Scheduler: True
2026-06-12 12:50:48,719 [INFO] Strategies: ['random', 'entropy', 'margin', 'coreset', 'badge', 'qbc']
2026-06-12 12:50:48,719 [INFO] Seeds: [42, 123, 456, 789, 1024]
2026-06-12 12:50:48,719 [INFO] Rounds: 10, Initial: 100, Query: 100
2026-06-12 12:50:48,720 [INFO] SSL: True, Method: flexmatch, t-SNE: False, Resume: False
2026-06-12 12:50:48,720 [INFO] Imbalance mode: max/min class count ratio = 1
2026-06-12 12:50:48,875 [INFO] Device: cuda
2026-06-12 12:51:06,792 [INFO] Imbalance filter (Exponential): 50000 -> 50000 training samples
2026-06-12 12:51:06,805 [INFO] 
--- Strategy: random ---
2026-06-12 12:51:40,775 [INFO]   [random] Seed=42 R1/10 F1=0.0825 Acc=0.1387 Labeled=200 QueryTime=0.0s GPU=172MB SSL+0
2026-06-12 12:51:48,059 [INFO]   [random] Seed=42 R2/10 F1=0.1756 Acc=0.2081 Labeled=300 QueryTime=0.0s GPU=210MB SSL+0
2026-06-12 12:51:54,160 [INFO]   [random] Seed=42 R3/10 F1=0.2712 Acc=0.2779 Labeled=400 QueryTime=0.0s GPU=229MB SSL+2
2026-06-12 12:52:03,481 [INFO]   [random] Seed=42 R4/10 F1=0.2960 Acc=0.3244 Labeled=500 QueryTime=0.0s GPU=229MB SSL+4
2026-06-12 12:52:17,525 [INFO]   [random] Seed=42 R5/10 F1=0.3560 Acc=0.3592 Labeled=600 QueryTime=0.0s GPU=229MB SSL+6
2026-06-12 12:52:47,738 [INFO]   [random] Seed=42 R6/10 F1=0.3624 Acc=0.3734 Labeled=700 QueryTime=0.0s GPU=229MB SSL+25
2026-06-12 12:53:01,040 [INFO]   [random] Seed=42 R7/10 F1=0.4174 Acc=0.4229 Labeled=800 QueryTime=0.0s GPU=229MB SSL+29
2026-06-12 12:53:16,583 [INFO]   [random] Seed=42 R8/10 F1=0.4448 Acc=0.4485 Labeled=900 QueryTime=0.0s GPU=229MB SSL+62
2026-06-12 12:53:44,718 [INFO]   [random] Seed=42 R9/10 F1=0.4358 Acc=0.4452 Labeled=1000 QueryTime=0.0s GPU=229MB SSL+91
2026-06-12 12:54:23,123 [INFO]   [random] Seed=123 R1/10 F1=0.1283 Acc=0.1764 Labeled=200 QueryTime=0.0s GPU=171MB SSL+0
2026-06-12 12:54:31,666 [INFO]   [random] Seed=123 R2/10 F1=0.2032 Acc=0.2309 Labeled=300 QueryTime=0.0s GPU=208MB SSL+0
2026-06-12 12:54:39,640 [INFO]   [random] Seed=123 R3/10 F1=0.2901 Acc=0.2915 Labeled=400 QueryTime=0.0s GPU=229MB SSL+0
2026-06-12 12:54:58,360 [INFO]   [random] Seed=123 R4/10 F1=0.2599 Acc=0.2911 Labeled=500 QueryTime=0.0s GPU=229MB SSL+0
2026-06-12 12:55:08,409 [INFO]   [random] Seed=123 R5/10 F1=0.3104 Acc=0.3324 Labeled=600 QueryTime=0.0s GPU=229MB SSL+12
2026-06-12 12:55:26,078 [INFO]   [random] Seed=123 R6/10 F1=0.3692 Acc=0.3709 Labeled=700 QueryTime=0.0s GPU=229MB SSL+16
2026-06-12 12:55:42,303 [INFO]   [random] Seed=123 R7/10 F1=0.3949 Acc=0.4051 Labeled=800 QueryTime=0.0s GPU=229MB SSL+18
2026-06-12 12:56:16,624 [INFO]   [random] Seed=123 R8/10 F1=0.3931 Acc=0.4013 Labeled=900 QueryTime=0.0s GPU=229MB SSL+73
2026-06-12 12:56:46,727 [INFO]   [random] Seed=123 R9/10 F1=0.4499 Acc=0.4552 Labeled=1000 QueryTime=0.0s GPU=229MB SSL+75
2026-06-12 12:57:15,859 [INFO]   [random] Seed=456 R1/10 F1=0.1034 Acc=0.1952 Labeled=200 QueryTime=0.0s GPU=171MB SSL+0
2026-06-12 12:57:31,135 [INFO]   [random] Seed=456 R2/10 F1=0.1743 Acc=0.2369 Labeled=300 QueryTime=0.0s GPU=208MB SSL+0
2026-06-12 12:57:39,174 [INFO]   [random] Seed=456 R3/10 F1=0.2185 Acc=0.2689 Labeled=400 QueryTime=0.0s GPU=229MB SSL+0
2026-06-12 12:57:48,247 [INFO]   [random] Seed=456 R4/10 F1=0.2578 Acc=0.3023 Labeled=500 QueryTime=0.0s GPU=229MB SSL+7
2026-06-12 12:57:59,273 [INFO]   [random] Seed=456 R5/10 F1=0.2892 Acc=0.3142 Labeled=600 QueryTime=0.0s GPU=229MB SSL+13
2026-06-12 12:58:14,289 [INFO]   [random] Seed=456 R6/10 F1=0.3318 Acc=0.3478 Labeled=700 QueryTime=0.0s GPU=229MB SSL+25
2026-06-12 12:58:26,386 [INFO]   [random] Seed=456 R7/10 F1=0.3647 Acc=0.3776 Labeled=800 QueryTime=0.0s GPU=229MB SSL+42
2026-06-12 12:58:48,777 [INFO]   [random] Seed=456 R8/10 F1=0.4226 Acc=0.4295 Labeled=900 QueryTime=0.1s GPU=229MB SSL+61
2026-06-12 12:59:14,897 [INFO]   [random] Seed=456 R9/10 F1=0.4165 Acc=0.4290 Labeled=1000 QueryTime=0.0s GPU=229MB SSL+63
2026-06-12 12:59:50,665 [INFO]   [random] Seed=789 R1/10 F1=0.1070 Acc=0.1796 Labeled=200 QueryTime=0.0s GPU=171MB SSL+0
2026-06-12 13:00:13,497 [INFO]   [random] Seed=789 R2/10 F1=0.1598 Acc=0.2022 Labeled=300 QueryTime=0.0s GPU=208MB SSL+0
2026-06-12 13:00:22,080 [INFO]   [random] Seed=789 R3/10 F1=0.2157 Acc=0.2483 Labeled=400 QueryTime=0.0s GPU=229MB SSL+9
2026-06-12 13:00:29,246 [INFO]   [random] Seed=789 R4/10 F1=0.3421 Acc=0.3537 Labeled=500 QueryTime=0.0s GPU=229MB SSL+7
2026-06-12 13:00:35,691 [INFO]   [random] Seed=789 R5/10 F1=0.3296 Acc=0.3298 Labeled=600 QueryTime=0.0s GPU=229MB SSL+6
2026-06-12 13:01:01,548 [INFO]   [random] Seed=789 R6/10 F1=0.3698 Acc=0.3731 Labeled=700 QueryTime=0.0s GPU=229MB SSL+12
2026-06-12 13:01:16,009 [INFO]   [random] Seed=789 R7/10 F1=0.3927 Acc=0.3917 Labeled=800 QueryTime=0.0s GPU=229MB SSL+24
2026-06-12 13:01:31,217 [INFO]   [random] Seed=789 R8/10 F1=0.4009 Acc=0.3991 Labeled=900 QueryTime=0.0s GPU=229MB SSL+31
2026-06-12 13:01:53,995 [INFO]   [random] Seed=789 R9/10 F1=0.3984 Acc=0.4110 Labeled=1000 QueryTime=0.0s GPU=229MB SSL+79
2026-06-12 13:02:23,994 [INFO]   [random] Seed=1024 R1/10 F1=0.0894 Acc=0.1620 Labeled=200 QueryTime=0.0s GPU=171MB SSL+0
2026-06-12 13:02:31,854 [INFO]   [random] Seed=1024 R2/10 F1=0.2224 Acc=0.2591 Labeled=300 QueryTime=0.0s GPU=208MB SSL+0
2026-06-12 13:02:38,315 [INFO]   [random] Seed=1024 R3/10 F1=0.2898 Acc=0.3063 Labeled=400 QueryTime=0.0s GPU=229MB SSL+6
2026-06-12 13:02:51,346 [INFO]   [random] Seed=1024 R4/10 F1=0.2764 Acc=0.2894 Labeled=500 QueryTime=0.0s GPU=229MB SSL+14
2026-06-12 13:03:01,253 [INFO]   [random] Seed=1024 R5/10 F1=0.3608 Acc=0.3580 Labeled=600 QueryTime=0.0s GPU=229MB SSL+2
2026-06-12 13:03:15,273 [INFO]   [random] Seed=1024 R6/10 F1=0.3651 Acc=0.3805 Labeled=700 QueryTime=0.0s GPU=229MB SSL+38
2026-06-12 13:03:27,246 [INFO]   [random] Seed=1024 R7/10 F1=0.3994 Acc=0.4062 Labeled=800 QueryTime=0.0s GPU=229MB SSL+34
2026-06-12 13:03:41,115 [INFO]   [random] Seed=1024 R8/10 F1=0.4008 Acc=0.4145 Labeled=900 QueryTime=0.0s GPU=229MB SSL+103
2026-06-12 13:04:00,562 [INFO]   [random] Seed=1024 R9/10 F1=0.4523 Acc=0.4572 Labeled=1000 QueryTime=0.0s GPU=229MB SSL+91
2026-06-12 13:04:20,327 [INFO] 
--- Strategy: entropy ---
2026-06-12 13:04:35,267 [INFO]   [entropy] Seed=42 R1/10 F1=0.0825 Acc=0.1387 Labeled=200 QueryTime=0.0s GPU=171MB SSL+0
2026-06-12 13:04:58,496 [INFO]   [entropy] Seed=42 R2/10 F1=0.1706 Acc=0.2133 Labeled=300 QueryTime=0.0s GPU=217MB SSL+0
2026-06-12 13:05:10,573 [INFO]   [entropy] Seed=42 R3/10 F1=0.2257 Acc=0.2568 Labeled=400 QueryTime=0.0s GPU=237MB SSL+0
2026-06-12 13:05:26,170 [INFO]   [entropy] Seed=42 R4/10 F1=0.2740 Acc=0.2958 Labeled=500 QueryTime=0.0s GPU=237MB SSL+0
2026-06-12 13:05:37,668 [INFO]   [entropy] Seed=42 R5/10 F1=0.2644 Acc=0.3038 Labeled=600 QueryTime=0.0s GPU=237MB SSL+0
2026-06-12 13:05:53,444 [INFO]   [entropy] Seed=42 R6/10 F1=0.3252 Acc=0.3560 Labeled=700 QueryTime=0.0s GPU=237MB SSL+6
2026-06-12 13:06:10,681 [INFO]   [entropy] Seed=42 R7/10 F1=0.3482 Acc=0.3692 Labeled=800 QueryTime=0.1s GPU=237MB SSL+15
2026-06-12 13:06:48,547 [INFO]   [entropy] Seed=42 R8/10 F1=0.3499 Acc=0.3769 Labeled=900 QueryTime=0.0s GPU=237MB SSL+46
2026-06-12 13:07:24,531 [INFO]   [entropy] Seed=42 R9/10 F1=0.3949 Acc=0.4088 Labeled=1000 QueryTime=0.0s GPU=237MB SSL+24
2026-06-12 13:07:53,133 [INFO]   [entropy] Seed=123 R1/10 F1=0.1283 Acc=0.1764 Labeled=200 QueryTime=0.0s GPU=185MB SSL+0
2026-06-12 13:08:02,515 [INFO]   [entropy] Seed=123 R2/10 F1=0.2282 Acc=0.2728 Labeled=300 QueryTime=0.0s GPU=231MB SSL+0
2026-06-12 13:08:17,737 [INFO]   [entropy] Seed=123 R3/10 F1=0.2535 Acc=0.2753 Labeled=400 QueryTime=0.0s GPU=250MB SSL+0
2026-06-12 13:08:38,396 [INFO]   [entropy] Seed=123 R4/10 F1=0.2926 Acc=0.3195 Labeled=500 QueryTime=0.0s GPU=249MB SSL+5
2026-06-12 13:08:49,705 [INFO]   [entropy] Seed=123 R5/10 F1=0.3178 Acc=0.3348 Labeled=600 QueryTime=0.0s GPU=249MB SSL+8
2026-06-12 13:09:10,947 [INFO]   [entropy] Seed=123 R6/10 F1=0.3261 Acc=0.3342 Labeled=700 QueryTime=0.1s GPU=250MB SSL+9
2026-06-12 13:09:35,277 [INFO]   [entropy] Seed=123 R7/10 F1=0.3421 Acc=0.3647 Labeled=800 QueryTime=0.0s GPU=250MB SSL+32
2026-06-12 13:09:54,060 [INFO]   [entropy] Seed=123 R8/10 F1=0.4032 Acc=0.4034 Labeled=900 QueryTime=0.0s GPU=250MB SSL+44
2026-06-12 13:10:30,844 [INFO]   [entropy] Seed=123 R9/10 F1=0.4381 Acc=0.4394 Labeled=1000 QueryTime=0.0s GPU=250MB SSL+62
2026-06-12 13:10:59,679 [INFO]   [entropy] Seed=456 R1/10 F1=0.1034 Acc=0.1952 Labeled=200 QueryTime=0.0s GPU=185MB SSL+0
2026-06-12 13:11:08,882 [INFO]   [entropy] Seed=456 R2/10 F1=0.2821 Acc=0.3077 Labeled=300 QueryTime=0.0s GPU=231MB SSL+0
2026-06-12 13:11:32,437 [INFO]   [entropy] Seed=456 R3/10 F1=0.2512 Acc=0.2832 Labeled=400 QueryTime=0.0s GPU=249MB SSL+11
2026-06-12 13:11:54,017 [INFO]   [entropy] Seed=456 R4/10 F1=0.2938 Acc=0.3287 Labeled=500 QueryTime=0.0s GPU=249MB SSL+14
2026-06-12 13:12:09,948 [INFO]   [entropy] Seed=456 R5/10 F1=0.3007 Acc=0.3365 Labeled=600 QueryTime=0.0s GPU=249MB SSL+1
2026-06-12 13:12:27,607 [INFO]   [entropy] Seed=456 R6/10 F1=0.3515 Acc=0.3656 Labeled=700 QueryTime=0.0s GPU=249MB SSL+15
2026-06-12 13:12:58,629 [INFO]   [entropy] Seed=456 R7/10 F1=0.3602 Acc=0.3796 Labeled=800 QueryTime=0.0s GPU=249MB SSL+50
2026-06-12 13:13:32,112 [INFO]   [entropy] Seed=456 R8/10 F1=0.4182 Acc=0.4295 Labeled=900 QueryTime=0.0s GPU=249MB SSL+44
2026-06-12 13:14:00,539 [INFO]   [entropy] Seed=456 R9/10 F1=0.4293 Acc=0.4356 Labeled=1000 QueryTime=0.0s GPU=249MB SSL+79
2026-06-12 13:14:45,378 [INFO]   [entropy] Seed=789 R1/10 F1=0.1070 Acc=0.1796 Labeled=200 QueryTime=0.0s GPU=201MB SSL+0
2026-06-12 13:15:04,467 [INFO]   [entropy] Seed=789 R2/10 F1=0.1755 Acc=0.2274 Labeled=300 QueryTime=0.0s GPU=243MB SSL+0
2026-06-12 13:15:26,800 [INFO]   [entropy] Seed=789 R3/10 F1=0.2303 Acc=0.2767 Labeled=400 QueryTime=0.0s GPU=263MB SSL+0
2026-06-12 13:15:53,406 [INFO]   [entropy] Seed=789 R4/10 F1=0.2766 Acc=0.2998 Labeled=500 QueryTime=0.0s GPU=263MB SSL+1
2026-06-12 13:16:05,056 [INFO]   [entropy] Seed=789 R5/10 F1=0.3036 Acc=0.3347 Labeled=600 QueryTime=0.0s GPU=263MB SSL+7
2026-06-12 13:16:22,003 [INFO]   [entropy] Seed=789 R6/10 F1=0.3344 Acc=0.3606 Labeled=700 QueryTime=0.0s GPU=263MB SSL+29
2026-06-12 13:16:47,926 [INFO]   [entropy] Seed=789 R7/10 F1=0.3472 Acc=0.3810 Labeled=800 QueryTime=0.0s GPU=263MB SSL+21
2026-06-12 13:17:15,539 [INFO]   [entropy] Seed=789 R8/10 F1=0.3757 Acc=0.3888 Labeled=900 QueryTime=0.0s GPU=263MB SSL+47
2026-06-12 13:17:33,485 [INFO]   [entropy] Seed=789 R9/10 F1=0.4074 Acc=0.4183 Labeled=1000 QueryTime=0.0s GPU=263MB SSL+69
2026-06-12 13:18:17,375 [INFO]   [entropy] Seed=1024 R1/10 F1=0.0894 Acc=0.1620 Labeled=200 QueryTime=0.0s GPU=213MB SSL+0
2026-06-12 13:18:41,311 [INFO]   [entropy] Seed=1024 R2/10 F1=0.2489 Acc=0.2923 Labeled=300 QueryTime=0.0s GPU=255MB SSL+0
2026-06-12 13:18:55,769 [INFO]   [entropy] Seed=1024 R3/10 F1=0.2528 Acc=0.2893 Labeled=400 QueryTime=0.0s GPU=275MB SSL+3
2026-06-12 13:19:13,126 [INFO]   [entropy] Seed=1024 R4/10 F1=0.2727 Acc=0.3146 Labeled=500 QueryTime=0.0s GPU=275MB SSL+3
2026-06-12 13:19:25,296 [INFO]   [entropy] Seed=1024 R5/10 F1=0.3265 Acc=0.3504 Labeled=600 QueryTime=0.0s GPU=275MB SSL+8
2026-06-12 13:20:08,389 [INFO]   [entropy] Seed=1024 R6/10 F1=0.3705 Acc=0.3975 Labeled=700 QueryTime=0.0s GPU=276MB SSL+18
2026-06-12 13:20:29,306 [INFO]   [entropy] Seed=1024 R7/10 F1=0.3994 Acc=0.4161 Labeled=800 QueryTime=0.0s GPU=276MB SSL+47
2026-06-12 13:20:59,922 [INFO]   [entropy] Seed=1024 R8/10 F1=0.3892 Acc=0.4235 Labeled=900 QueryTime=0.0s GPU=276MB SSL+55
2026-06-12 13:21:22,417 [INFO]   [entropy] Seed=1024 R9/10 F1=0.4173 Acc=0.4422 Labeled=1000 QueryTime=0.0s GPU=276MB SSL+60
2026-06-12 13:21:44,548 [INFO] 
--- Strategy: margin ---
2026-06-12 13:22:03,371 [INFO]   [margin] Seed=42 R1/10 F1=0.0825 Acc=0.1387 Labeled=200 QueryTime=0.0s GPU=226MB SSL+0
2026-06-12 13:22:16,952 [INFO]   [margin] Seed=42 R2/10 F1=0.1975 Acc=0.2363 Labeled=300 QueryTime=0.0s GPU=268MB SSL+0
2026-06-12 13:22:29,182 [INFO]   [margin] Seed=42 R3/10 F1=0.2239 Acc=0.2598 Labeled=400 QueryTime=0.0s GPU=288MB SSL+0
2026-06-12 13:22:41,642 [INFO]   [margin] Seed=42 R4/10 F1=0.3332 Acc=0.3394 Labeled=500 QueryTime=0.0s GPU=288MB SSL+0
2026-06-12 13:22:51,043 [INFO]   [margin] Seed=42 R5/10 F1=0.3266 Acc=0.3314 Labeled=600 QueryTime=0.0s GPU=288MB SSL+5
2026-06-12 13:23:28,700 [INFO]   [margin] Seed=42 R6/10 F1=0.3673 Acc=0.3768 Labeled=700 QueryTime=0.0s GPU=289MB SSL+27
2026-06-12 13:23:43,371 [INFO]   [margin] Seed=42 R7/10 F1=0.4117 Acc=0.4195 Labeled=800 QueryTime=0.0s GPU=289MB SSL+46
2026-06-12 13:24:01,986 [INFO]   [margin] Seed=42 R8/10 F1=0.4171 Acc=0.4177 Labeled=900 QueryTime=0.0s GPU=290MB SSL+62
2026-06-12 13:24:33,764 [INFO]   [margin] Seed=42 R9/10 F1=0.4320 Acc=0.4310 Labeled=1000 QueryTime=0.0s GPU=290MB SSL+116
2026-06-12 13:24:59,322 [INFO]   [margin] Seed=123 R1/10 F1=0.1283 Acc=0.1764 Labeled=200 QueryTime=0.0s GPU=241MB SSL+0
2026-06-12 13:25:13,723 [INFO]   [margin] Seed=123 R2/10 F1=0.2109 Acc=0.2476 Labeled=300 QueryTime=0.0s GPU=282MB SSL+0
2026-06-12 13:25:31,880 [INFO]   [margin] Seed=123 R3/10 F1=0.2610 Acc=0.2834 Labeled=400 QueryTime=0.0s GPU=303MB SSL+1
2026-06-12 13:25:43,062 [INFO]   [margin] Seed=123 R4/10 F1=0.2633 Acc=0.3057 Labeled=500 QueryTime=0.0s GPU=277MB SSL+0
2026-06-12 13:26:05,027 [INFO]   [margin] Seed=123 R5/10 F1=0.2955 Acc=0.3226 Labeled=600 QueryTime=0.2s GPU=277MB SSL+10
2026-06-12 13:26:20,916 [INFO]   [margin] Seed=123 R6/10 F1=0.3727 Acc=0.3786 Labeled=700 QueryTime=0.0s GPU=277MB SSL+16
2026-06-12 13:26:58,047 [INFO]   [margin] Seed=123 R7/10 F1=0.3648 Acc=0.3827 Labeled=800 QueryTime=0.0s GPU=277MB SSL+19
2026-06-12 13:27:20,305 [INFO]   [margin] Seed=123 R8/10 F1=0.4193 Acc=0.4184 Labeled=900 QueryTime=0.0s GPU=277MB SSL+30
2026-06-12 13:27:45,826 [INFO]   [margin] Seed=123 R9/10 F1=0.4505 Acc=0.4518 Labeled=1000 QueryTime=0.0s GPU=277MB SSL+55
2026-06-12 13:32:58,654 [INFO] === v8 Controlled-Fast AL+SSL Analysis: cifar10 ===
2026-06-12 13:32:58,654 [INFO] Budget: ultra_low, Model: simplecnn, Scheduler: True
2026-06-12 13:32:58,654 [INFO] Strategies: ['random', 'entropy', 'margin', 'coreset', 'badge', 'qbc']
2026-06-12 13:32:58,655 [INFO] Seeds: [42, 123, 456, 789, 1024]
2026-06-12 13:32:58,655 [INFO] Rounds: 10, Initial: 100, Query: 100
2026-06-12 13:32:58,655 [INFO] SSL: True, Method: flexmatch, t-SNE: False, Resume: False
2026-06-12 13:32:58,655 [INFO] Imbalance mode: max/min class count ratio = 1
2026-06-12 13:32:58,712 [INFO] Device: cuda
2026-06-12 13:33:07,411 [INFO] Imbalance filter (Exponential): 50000 -> 50000 training samples
2026-06-12 13:33:07,411 [INFO] 
--- Strategy: random ---
2026-06-12 13:33:12,217 [INFO]   [random] Seed=42 R1/10 F1=0.0825 Acc=0.1387 Labeled=200 QueryTime=0.0s GPU=172MB SSL+0
2026-06-12 13:33:15,665 [INFO]   [random] Seed=42 R2/10 F1=0.1756 Acc=0.2081 Labeled=300 QueryTime=0.0s GPU=210MB SSL+0
2026-06-12 13:33:18,818 [INFO]   [random] Seed=42 R3/10 F1=0.2712 Acc=0.2779 Labeled=400 QueryTime=0.0s GPU=229MB SSL+2
2026-06-12 13:33:21,783 [INFO]   [random] Seed=42 R4/10 F1=0.2960 Acc=0.3244 Labeled=500 QueryTime=0.0s GPU=229MB SSL+4
2026-06-12 13:33:25,210 [INFO]   [random] Seed=42 R5/10 F1=0.3560 Acc=0.3592 Labeled=600 QueryTime=0.0s GPU=229MB SSL+6
2026-06-12 13:33:30,554 [INFO]   [random] Seed=42 R6/10 F1=0.3624 Acc=0.3734 Labeled=700 QueryTime=0.0s GPU=229MB SSL+25
2026-06-12 13:33:35,373 [INFO]   [random] Seed=42 R7/10 F1=0.4174 Acc=0.4229 Labeled=800 QueryTime=0.0s GPU=229MB SSL+29
2026-06-12 13:33:41,794 [INFO]   [random] Seed=42 R8/10 F1=0.4448 Acc=0.4485 Labeled=900 QueryTime=0.0s GPU=229MB SSL+62
2026-06-12 13:33:48,931 [INFO]   [random] Seed=42 R9/10 F1=0.4358 Acc=0.4452 Labeled=1000 QueryTime=0.0s GPU=229MB SSL+91
2026-06-12 13:33:59,217 [INFO]   [random] Seed=123 R1/10 F1=0.1283 Acc=0.1764 Labeled=200 QueryTime=0.0s GPU=171MB SSL+0
2026-06-12 13:34:03,009 [INFO]   [random] Seed=123 R2/10 F1=0.2032 Acc=0.2309 Labeled=300 QueryTime=0.0s GPU=208MB SSL+0
2026-06-12 13:34:06,873 [INFO]   [random] Seed=123 R3/10 F1=0.2901 Acc=0.2915 Labeled=400 QueryTime=0.0s GPU=229MB SSL+0
2026-06-12 13:34:10,277 [INFO]   [random] Seed=123 R4/10 F1=0.2599 Acc=0.2911 Labeled=500 QueryTime=0.0s GPU=229MB SSL+0
2026-06-12 13:34:13,930 [INFO]   [random] Seed=123 R5/10 F1=0.3104 Acc=0.3324 Labeled=600 QueryTime=0.0s GPU=229MB SSL+12
2026-06-12 13:34:19,145 [INFO]   [random] Seed=123 R6/10 F1=0.3692 Acc=0.3709 Labeled=700 QueryTime=0.0s GPU=229MB SSL+16
2026-06-12 13:34:24,621 [INFO]   [random] Seed=123 R7/10 F1=0.3949 Acc=0.4051 Labeled=800 QueryTime=0.0s GPU=229MB SSL+18
2026-06-12 13:34:35,798 [INFO]   [random] Seed=123 R8/10 F1=0.3931 Acc=0.4013 Labeled=900 QueryTime=0.0s GPU=229MB SSL+73
2026-06-12 13:34:47,644 [INFO]   [random] Seed=123 R9/10 F1=0.4499 Acc=0.4552 Labeled=1000 QueryTime=0.0s GPU=229MB SSL+75
2026-06-12 13:35:06,424 [INFO]   [random] Seed=456 R1/10 F1=0.1034 Acc=0.1952 Labeled=200 QueryTime=0.0s GPU=171MB SSL+0
2026-06-12 13:35:11,993 [INFO]   [random] Seed=456 R2/10 F1=0.1743 Acc=0.2369 Labeled=300 QueryTime=0.0s GPU=208MB SSL+0
2026-06-12 13:35:16,035 [INFO]   [random] Seed=456 R3/10 F1=0.2185 Acc=0.2689 Labeled=400 QueryTime=0.0s GPU=229MB SSL+0
2026-06-12 13:35:19,776 [INFO]   [random] Seed=456 R4/10 F1=0.2578 Acc=0.3023 Labeled=500 QueryTime=0.0s GPU=229MB SSL+7
2026-06-12 13:35:23,206 [INFO]   [random] Seed=456 R5/10 F1=0.2892 Acc=0.3142 Labeled=600 QueryTime=0.0s GPU=229MB SSL+13
2026-06-12 13:35:29,206 [INFO]   [random] Seed=456 R6/10 F1=0.3318 Acc=0.3478 Labeled=700 QueryTime=0.0s GPU=229MB SSL+25
2026-06-12 13:35:35,048 [INFO]   [random] Seed=456 R7/10 F1=0.3647 Acc=0.3776 Labeled=800 QueryTime=0.0s GPU=229MB SSL+42
2026-06-12 13:35:42,824 [INFO]   [random] Seed=456 R8/10 F1=0.4226 Acc=0.4295 Labeled=900 QueryTime=0.0s GPU=229MB SSL+61
2026-06-12 13:35:50,444 [INFO]   [random] Seed=456 R9/10 F1=0.4165 Acc=0.4290 Labeled=1000 QueryTime=0.0s GPU=229MB SSL+63
2026-06-12 13:36:01,432 [INFO]   [random] Seed=789 R1/10 F1=0.1070 Acc=0.1796 Labeled=200 QueryTime=0.0s GPU=171MB SSL+0
2026-06-12 13:36:04,936 [INFO]   [random] Seed=789 R2/10 F1=0.1598 Acc=0.2022 Labeled=300 QueryTime=0.0s GPU=208MB SSL+0
2026-06-12 13:36:09,026 [INFO]   [random] Seed=789 R3/10 F1=0.2157 Acc=0.2483 Labeled=400 QueryTime=0.0s GPU=229MB SSL+9
2026-06-12 13:36:12,914 [INFO]   [random] Seed=789 R4/10 F1=0.3421 Acc=0.3537 Labeled=500 QueryTime=0.0s GPU=229MB SSL+7
2026-06-12 13:36:16,706 [INFO]   [random] Seed=789 R5/10 F1=0.3296 Acc=0.3298 Labeled=600 QueryTime=0.0s GPU=229MB SSL+6
2026-06-12 13:36:22,450 [INFO]   [random] Seed=789 R6/10 F1=0.3698 Acc=0.3731 Labeled=700 QueryTime=0.0s GPU=229MB SSL+12
2026-06-12 13:36:28,452 [INFO]   [random] Seed=789 R7/10 F1=0.3927 Acc=0.3917 Labeled=800 QueryTime=0.0s GPU=229MB SSL+24
2026-06-12 13:36:36,386 [INFO]   [random] Seed=789 R8/10 F1=0.4009 Acc=0.3991 Labeled=900 QueryTime=0.0s GPU=229MB SSL+31
2026-06-12 13:36:44,333 [INFO]   [random] Seed=789 R9/10 F1=0.3984 Acc=0.4110 Labeled=1000 QueryTime=0.0s GPU=229MB SSL+79
2026-06-12 13:36:55,928 [INFO]   [random] Seed=1024 R1/10 F1=0.0894 Acc=0.1620 Labeled=200 QueryTime=0.0s GPU=171MB SSL+0
2026-06-12 13:36:59,733 [INFO]   [random] Seed=1024 R2/10 F1=0.2224 Acc=0.2591 Labeled=300 QueryTime=0.0s GPU=208MB SSL+0
2026-06-12 13:37:03,874 [INFO]   [random] Seed=1024 R3/10 F1=0.2898 Acc=0.3063 Labeled=400 QueryTime=0.0s GPU=229MB SSL+6
2026-06-12 13:37:08,438 [INFO]   [random] Seed=1024 R4/10 F1=0.2764 Acc=0.2894 Labeled=500 QueryTime=0.0s GPU=229MB SSL+14
2026-06-12 13:37:15,082 [INFO]   [random] Seed=1024 R5/10 F1=0.3608 Acc=0.3580 Labeled=600 QueryTime=0.0s GPU=229MB SSL+2
2026-06-12 13:37:23,648 [INFO]   [random] Seed=1024 R6/10 F1=0.3651 Acc=0.3805 Labeled=700 QueryTime=0.0s GPU=229MB SSL+38
2026-06-12 13:37:29,435 [INFO]   [random] Seed=1024 R7/10 F1=0.3994 Acc=0.4062 Labeled=800 QueryTime=0.0s GPU=229MB SSL+34
2026-06-12 13:37:36,873 [INFO]   [random] Seed=1024 R8/10 F1=0.4008 Acc=0.4145 Labeled=900 QueryTime=0.0s GPU=229MB SSL+103
2026-06-12 13:37:44,417 [INFO]   [random] Seed=1024 R9/10 F1=0.4523 Acc=0.4572 Labeled=1000 QueryTime=0.0s GPU=229MB SSL+91
2026-06-12 13:37:52,021 [INFO] 
--- Strategy: entropy ---
2026-06-12 13:37:56,197 [INFO]   [entropy] Seed=42 R1/10 F1=0.0825 Acc=0.1387 Labeled=200 QueryTime=0.0s GPU=171MB SSL+0
2026-06-12 13:38:00,875 [INFO]   [entropy] Seed=42 R2/10 F1=0.1706 Acc=0.2133 Labeled=300 QueryTime=0.0s GPU=217MB SSL+0
2026-06-12 13:38:05,534 [INFO]   [entropy] Seed=42 R3/10 F1=0.2257 Acc=0.2568 Labeled=400 QueryTime=0.0s GPU=237MB SSL+0
2026-06-12 13:38:10,148 [INFO]   [entropy] Seed=42 R4/10 F1=0.2740 Acc=0.2958 Labeled=500 QueryTime=0.0s GPU=237MB SSL+0
2026-06-12 13:38:14,632 [INFO]   [entropy] Seed=42 R5/10 F1=0.2644 Acc=0.3038 Labeled=600 QueryTime=0.0s GPU=237MB SSL+0
2026-06-12 13:38:21,230 [INFO]   [entropy] Seed=42 R6/10 F1=0.3252 Acc=0.3560 Labeled=700 QueryTime=0.0s GPU=237MB SSL+6
2026-06-12 13:38:28,093 [INFO]   [entropy] Seed=42 R7/10 F1=0.3482 Acc=0.3692 Labeled=800 QueryTime=0.0s GPU=237MB SSL+15
2026-06-12 13:38:36,917 [INFO]   [entropy] Seed=42 R8/10 F1=0.3499 Acc=0.3769 Labeled=900 QueryTime=0.0s GPU=237MB SSL+46
2026-06-12 13:38:45,895 [INFO]   [entropy] Seed=42 R9/10 F1=0.3949 Acc=0.4088 Labeled=1000 QueryTime=0.0s GPU=237MB SSL+24
2026-06-12 13:38:58,410 [INFO]   [entropy] Seed=123 R1/10 F1=0.1283 Acc=0.1764 Labeled=200 QueryTime=0.0s GPU=185MB SSL+0
2026-06-12 13:39:03,005 [INFO]   [entropy] Seed=123 R2/10 F1=0.2282 Acc=0.2728 Labeled=300 QueryTime=0.0s GPU=231MB SSL+0
2026-06-12 13:39:07,485 [INFO]   [entropy] Seed=123 R3/10 F1=0.2535 Acc=0.2753 Labeled=400 QueryTime=0.0s GPU=250MB SSL+0
2026-06-12 13:39:12,155 [INFO]   [entropy] Seed=123 R4/10 F1=0.2926 Acc=0.3195 Labeled=500 QueryTime=0.0s GPU=249MB SSL+5
2026-06-12 13:39:17,087 [INFO]   [entropy] Seed=123 R5/10 F1=0.3178 Acc=0.3348 Labeled=600 QueryTime=0.0s GPU=249MB SSL+8
2026-06-12 13:39:23,507 [INFO]   [entropy] Seed=123 R6/10 F1=0.3261 Acc=0.3342 Labeled=700 QueryTime=0.0s GPU=250MB SSL+9
2026-06-12 13:39:29,893 [INFO]   [entropy] Seed=123 R7/10 F1=0.3421 Acc=0.3647 Labeled=800 QueryTime=0.0s GPU=250MB SSL+32
2026-06-12 13:39:38,164 [INFO]   [entropy] Seed=123 R8/10 F1=0.4032 Acc=0.4034 Labeled=900 QueryTime=0.0s GPU=250MB SSL+44
2026-06-12 13:39:46,542 [INFO]   [entropy] Seed=123 R9/10 F1=0.4381 Acc=0.4394 Labeled=1000 QueryTime=0.0s GPU=250MB SSL+62
2026-06-12 13:39:58,210 [INFO]   [entropy] Seed=456 R1/10 F1=0.1034 Acc=0.1952 Labeled=200 QueryTime=0.0s GPU=185MB SSL+0
2026-06-12 13:40:02,428 [INFO]   [entropy] Seed=456 R2/10 F1=0.2821 Acc=0.3077 Labeled=300 QueryTime=0.0s GPU=231MB SSL+0
2026-06-12 13:40:06,770 [INFO]   [entropy] Seed=456 R3/10 F1=0.2512 Acc=0.2832 Labeled=400 QueryTime=0.0s GPU=249MB SSL+11
2026-06-12 13:40:11,229 [INFO]   [entropy] Seed=456 R4/10 F1=0.2938 Acc=0.3287 Labeled=500 QueryTime=0.0s GPU=249MB SSL+14
2026-06-12 13:40:15,611 [INFO]   [entropy] Seed=456 R5/10 F1=0.3007 Acc=0.3365 Labeled=600 QueryTime=0.0s GPU=249MB SSL+1
2026-06-12 13:40:21,929 [INFO]   [entropy] Seed=456 R6/10 F1=0.3515 Acc=0.3656 Labeled=700 QueryTime=0.0s GPU=249MB SSL+15
2026-06-12 13:40:28,213 [INFO]   [entropy] Seed=456 R7/10 F1=0.3602 Acc=0.3796 Labeled=800 QueryTime=0.0s GPU=249MB SSL+50
2026-06-12 13:40:36,344 [INFO]   [entropy] Seed=456 R8/10 F1=0.4182 Acc=0.4295 Labeled=900 QueryTime=0.0s GPU=249MB SSL+44
2026-06-12 13:40:44,136 [INFO]   [entropy] Seed=456 R9/10 F1=0.4293 Acc=0.4356 Labeled=1000 QueryTime=0.0s GPU=249MB SSL+79
2026-06-12 13:40:55,962 [INFO]   [entropy] Seed=789 R1/10 F1=0.1070 Acc=0.1796 Labeled=200 QueryTime=0.0s GPU=201MB SSL+0
2026-06-12 13:41:01,242 [INFO]   [entropy] Seed=789 R2/10 F1=0.1755 Acc=0.2274 Labeled=300 QueryTime=0.0s GPU=243MB SSL+0
2026-06-12 13:41:09,641 [INFO]   [entropy] Seed=789 R3/10 F1=0.2303 Acc=0.2767 Labeled=400 QueryTime=0.0s GPU=263MB SSL+0
2026-06-12 13:41:17,979 [INFO]   [entropy] Seed=789 R4/10 F1=0.2766 Acc=0.2998 Labeled=500 QueryTime=0.0s GPU=263MB SSL+1
2026-06-12 13:41:27,451 [INFO]   [entropy] Seed=789 R5/10 F1=0.3036 Acc=0.3347 Labeled=600 QueryTime=0.0s GPU=263MB SSL+7
2026-06-12 13:41:39,189 [INFO]   [entropy] Seed=789 R6/10 F1=0.3344 Acc=0.3606 Labeled=700 QueryTime=0.0s GPU=263MB SSL+29
2026-06-12 13:41:50,652 [INFO]   [entropy] Seed=789 R7/10 F1=0.3472 Acc=0.3810 Labeled=800 QueryTime=0.0s GPU=263MB SSL+21
2026-06-12 13:42:03,457 [INFO]   [entropy] Seed=789 R8/10 F1=0.3757 Acc=0.3888 Labeled=900 QueryTime=0.0s GPU=263MB SSL+47
2026-06-12 13:42:15,777 [INFO]   [entropy] Seed=789 R9/10 F1=0.4074 Acc=0.4183 Labeled=1000 QueryTime=0.0s GPU=263MB SSL+69
2026-06-12 13:42:34,257 [INFO]   [entropy] Seed=1024 R1/10 F1=0.0894 Acc=0.1620 Labeled=200 QueryTime=0.0s GPU=213MB SSL+0
2026-06-12 13:42:41,633 [INFO]   [entropy] Seed=1024 R2/10 F1=0.2489 Acc=0.2923 Labeled=300 QueryTime=0.0s GPU=255MB SSL+0
2026-06-12 13:42:48,689 [INFO]   [entropy] Seed=1024 R3/10 F1=0.2528 Acc=0.2893 Labeled=400 QueryTime=0.0s GPU=275MB SSL+3
2026-06-12 13:42:56,209 [INFO]   [entropy] Seed=1024 R4/10 F1=0.2727 Acc=0.3146 Labeled=500 QueryTime=0.0s GPU=275MB SSL+3
2026-06-12 13:43:03,598 [INFO]   [entropy] Seed=1024 R5/10 F1=0.3265 Acc=0.3504 Labeled=600 QueryTime=0.0s GPU=275MB SSL+8
2026-06-12 13:43:12,652 [INFO]   [entropy] Seed=1024 R6/10 F1=0.3705 Acc=0.3975 Labeled=700 QueryTime=0.0s GPU=276MB SSL+18
2026-06-12 13:43:22,907 [INFO]   [entropy] Seed=1024 R7/10 F1=0.3994 Acc=0.4161 Labeled=800 QueryTime=0.0s GPU=276MB SSL+47
2026-06-12 13:43:34,906 [INFO]   [entropy] Seed=1024 R8/10 F1=0.3892 Acc=0.4235 Labeled=900 QueryTime=0.0s GPU=276MB SSL+55
2026-06-12 13:43:47,156 [INFO]   [entropy] Seed=1024 R9/10 F1=0.4173 Acc=0.4422 Labeled=1000 QueryTime=0.0s GPU=276MB SSL+60
2026-06-12 13:43:57,604 [INFO] 
--- Strategy: margin ---
2026-06-12 13:44:04,589 [INFO]   [margin] Seed=42 R1/10 F1=0.0825 Acc=0.1387 Labeled=200 QueryTime=0.0s GPU=226MB SSL+0
2026-06-12 13:44:11,911 [INFO]   [margin] Seed=42 R2/10 F1=0.1975 Acc=0.2363 Labeled=300 QueryTime=0.0s GPU=268MB SSL+0
2026-06-12 13:44:19,560 [INFO]   [margin] Seed=42 R3/10 F1=0.2239 Acc=0.2598 Labeled=400 QueryTime=0.0s GPU=288MB SSL+0
2026-06-12 13:44:24,000 [INFO]   [margin] Seed=42 R4/10 F1=0.3332 Acc=0.3394 Labeled=500 QueryTime=0.0s GPU=288MB SSL+0
2026-06-12 13:44:27,513 [INFO]   [margin] Seed=42 R5/10 F1=0.3266 Acc=0.3314 Labeled=600 QueryTime=0.0s GPU=288MB SSL+5
2026-06-12 13:44:33,722 [INFO]   [margin] Seed=42 R6/10 F1=0.3673 Acc=0.3768 Labeled=700 QueryTime=0.0s GPU=289MB SSL+27
2026-06-12 13:44:40,250 [INFO]   [margin] Seed=42 R7/10 F1=0.4117 Acc=0.4195 Labeled=800 QueryTime=0.0s GPU=289MB SSL+46
2026-06-12 13:44:50,554 [INFO]   [margin] Seed=42 R8/10 F1=0.4171 Acc=0.4177 Labeled=900 QueryTime=0.0s GPU=290MB SSL+62
2026-06-12 13:44:59,473 [INFO]   [margin] Seed=42 R9/10 F1=0.4320 Acc=0.4310 Labeled=1000 QueryTime=0.0s GPU=290MB SSL+116
2026-06-12 13:45:12,809 [INFO]   [margin] Seed=123 R1/10 F1=0.1283 Acc=0.1764 Labeled=200 QueryTime=0.0s GPU=241MB SSL+0
2026-06-12 13:45:17,642 [INFO]   [margin] Seed=123 R2/10 F1=0.2109 Acc=0.2476 Labeled=300 QueryTime=0.0s GPU=282MB SSL+0
2026-06-12 13:45:25,564 [INFO]   [margin] Seed=123 R3/10 F1=0.2610 Acc=0.2834 Labeled=400 QueryTime=0.0s GPU=303MB SSL+1
2026-06-12 13:45:32,881 [INFO]   [margin] Seed=123 R4/10 F1=0.2633 Acc=0.3057 Labeled=500 QueryTime=0.0s GPU=277MB SSL+0
2026-06-12 13:45:40,303 [INFO]   [margin] Seed=123 R5/10 F1=0.2955 Acc=0.3226 Labeled=600 QueryTime=0.0s GPU=277MB SSL+10
2026-06-12 13:45:50,003 [INFO]   [margin] Seed=123 R6/10 F1=0.3727 Acc=0.3786 Labeled=700 QueryTime=0.0s GPU=277MB SSL+16
2026-06-12 13:45:59,622 [INFO]   [margin] Seed=123 R7/10 F1=0.3648 Acc=0.3827 Labeled=800 QueryTime=0.0s GPU=277MB SSL+19
2026-06-12 13:46:11,615 [INFO]   [margin] Seed=123 R8/10 F1=0.4193 Acc=0.4184 Labeled=900 QueryTime=0.0s GPU=277MB SSL+30
2026-06-12 13:46:23,857 [INFO]   [margin] Seed=123 R9/10 F1=0.4505 Acc=0.4518 Labeled=1000 QueryTime=0.0s GPU=277MB SSL+55
2026-06-12 13:46:41,954 [INFO]   [margin] Seed=456 R1/10 F1=0.1034 Acc=0.1952 Labeled=200 QueryTime=0.0s GPU=225MB SSL+0
2026-06-12 13:46:49,162 [INFO]   [margin] Seed=456 R2/10 F1=0.2120 Acc=0.2626 Labeled=300 QueryTime=0.0s GPU=267MB SSL+1
2026-06-12 13:46:56,582 [INFO]   [margin] Seed=456 R3/10 F1=0.2365 Acc=0.2819 Labeled=400 QueryTime=0.0s GPU=287MB SSL+3
2026-06-12 13:47:04,036 [INFO]   [margin] Seed=456 R4/10 F1=0.3297 Acc=0.3465 Labeled=500 QueryTime=0.0s GPU=287MB SSL+6
2026-06-12 13:47:11,510 [INFO]   [margin] Seed=456 R5/10 F1=0.3251 Acc=0.3553 Labeled=600 QueryTime=0.0s GPU=287MB SSL+14
2026-06-12 13:47:21,007 [INFO]   [margin] Seed=456 R6/10 F1=0.3588 Acc=0.3751 Labeled=700 QueryTime=0.0s GPU=279MB SSL+28
2026-06-12 13:47:30,406 [INFO]   [margin] Seed=456 R7/10 F1=0.4048 Acc=0.4172 Labeled=800 QueryTime=0.0s GPU=264MB SSL+44
2026-06-12 13:47:42,581 [INFO]   [margin] Seed=456 R8/10 F1=0.4245 Acc=0.4364 Labeled=900 QueryTime=0.0s GPU=264MB SSL+60
2026-06-12 13:47:54,384 [INFO]   [margin] Seed=456 R9/10 F1=0.4333 Acc=0.4389 Labeled=1000 QueryTime=0.0s GPU=264MB SSL+91
2026-06-12 13:48:12,315 [INFO]   [margin] Seed=789 R1/10 F1=0.1070 Acc=0.1796 Labeled=200 QueryTime=0.0s GPU=213MB SSL+0
2026-06-12 13:48:19,489 [INFO]   [margin] Seed=789 R2/10 F1=0.1583 Acc=0.2085 Labeled=300 QueryTime=0.0s GPU=255MB SSL+0
2026-06-12 13:48:26,874 [INFO]   [margin] Seed=789 R3/10 F1=0.2569 Acc=0.2764 Labeled=400 QueryTime=0.0s GPU=275MB SSL+0
2026-06-12 13:48:34,235 [INFO]   [margin] Seed=789 R4/10 F1=0.2852 Acc=0.3086 Labeled=500 QueryTime=0.0s GPU=275MB SSL+4
2026-06-12 13:48:41,588 [INFO]   [margin] Seed=789 R5/10 F1=0.2969 Acc=0.3174 Labeled=600 QueryTime=0.0s GPU=275MB SSL+4
2026-06-12 13:48:51,510 [INFO]   [margin] Seed=789 R6/10 F1=0.3330 Acc=0.3492 Labeled=700 QueryTime=0.0s GPU=275MB SSL+21
2026-06-12 13:49:01,205 [INFO]   [margin] Seed=789 R7/10 F1=0.3826 Acc=0.3933 Labeled=800 QueryTime=0.0s GPU=275MB SSL+13
2026-06-12 13:49:13,167 [INFO]   [margin] Seed=789 R8/10 F1=0.4316 Acc=0.4295 Labeled=900 QueryTime=0.0s GPU=275MB SSL+62
2026-06-12 13:49:25,318 [INFO]   [margin] Seed=789 R9/10 F1=0.4343 Acc=0.4422 Labeled=1000 QueryTime=0.0s GPU=275MB SSL+41
2026-06-12 13:49:42,912 [INFO]   [margin] Seed=1024 R1/10 F1=0.0894 Acc=0.1620 Labeled=200 QueryTime=0.0s GPU=224MB SSL+0
2026-06-12 13:49:50,146 [INFO]   [margin] Seed=1024 R2/10 F1=0.2455 Acc=0.2747 Labeled=300 QueryTime=0.0s GPU=269MB SSL+0
2026-06-12 13:49:57,525 [INFO]   [margin] Seed=1024 R3/10 F1=0.2787 Acc=0.2996 Labeled=400 QueryTime=0.0s GPU=290MB SSL+0
2026-06-12 13:50:04,520 [INFO]   [margin] Seed=1024 R4/10 F1=0.3199 Acc=0.3252 Labeled=500 QueryTime=0.0s GPU=290MB SSL+6
2026-06-12 13:50:12,034 [INFO]   [margin] Seed=1024 R5/10 F1=0.3394 Acc=0.3426 Labeled=600 QueryTime=0.0s GPU=290MB SSL+11
2026-06-12 13:50:21,809 [INFO]   [margin] Seed=1024 R6/10 F1=0.3989 Acc=0.4076 Labeled=700 QueryTime=0.0s GPU=290MB SSL+14
2026-06-12 13:50:31,731 [INFO]   [margin] Seed=1024 R7/10 F1=0.3900 Acc=0.3981 Labeled=800 QueryTime=0.0s GPU=290MB SSL+21
2026-06-12 13:50:43,757 [INFO]   [margin] Seed=1024 R8/10 F1=0.4222 Acc=0.4355 Labeled=900 QueryTime=0.0s GPU=290MB SSL+57
2026-06-12 13:50:55,331 [INFO]   [margin] Seed=1024 R9/10 F1=0.4492 Acc=0.4590 Labeled=1000 QueryTime=0.0s GPU=290MB SSL+88
2026-06-12 13:51:05,868 [INFO] 
--- Strategy: coreset ---
2026-06-12 13:51:17,923 [INFO]   [coreset] Seed=42 R1/10 F1=0.0825 Acc=0.1387 Labeled=200 QueryTime=5.0s GPU=236MB SSL+0
2026-06-12 13:51:26,632 [INFO]   [coreset] Seed=42 R2/10 F1=0.1500 Acc=0.1980 Labeled=300 QueryTime=5.2s GPU=272MB SSL+0
2026-06-12 13:51:36,352 [INFO]   [coreset] Seed=42 R3/10 F1=0.1905 Acc=0.2237 Labeled=400 QueryTime=6.0s GPU=295MB SSL+0
2026-06-12 13:51:47,656 [INFO]   [coreset] Seed=42 R4/10 F1=0.1951 Acc=0.2384 Labeled=500 QueryTime=7.0s GPU=295MB SSL+0
2026-06-12 13:52:00,150 [INFO]   [coreset] Seed=42 R5/10 F1=0.2883 Acc=0.2980 Labeled=600 QueryTime=8.3s GPU=295MB SSL+0
2026-06-12 13:52:15,753 [INFO]   [coreset] Seed=42 R6/10 F1=0.3514 Acc=0.3674 Labeled=700 QueryTime=9.7s GPU=295MB SSL+0
2026-06-12 13:52:32,788 [INFO]   [coreset] Seed=42 R7/10 F1=0.3556 Acc=0.3811 Labeled=800 QueryTime=11.0s GPU=295MB SSL+0
2026-06-12 13:52:52,536 [INFO]   [coreset] Seed=42 R8/10 F1=0.3903 Acc=0.4042 Labeled=900 QueryTime=12.7s GPU=295MB SSL+0
2026-06-12 13:53:14,064 [INFO]   [coreset] Seed=42 R9/10 F1=0.4084 Acc=0.4307 Labeled=1000 QueryTime=13.9s GPU=295MB SSL+56
2026-06-12 13:53:27,778 [INFO]   [coreset] Seed=123 R1/10 F1=0.1283 Acc=0.1764 Labeled=200 QueryTime=2.9s GPU=236MB SSL+0
2026-06-12 13:53:36,454 [INFO]   [coreset] Seed=123 R2/10 F1=0.2120 Acc=0.2545 Labeled=300 QueryTime=4.5s GPU=272MB SSL+0
2026-06-12 13:53:45,922 [INFO]   [coreset] Seed=123 R3/10 F1=0.2319 Acc=0.2641 Labeled=400 QueryTime=5.9s GPU=295MB SSL+0
2026-06-12 13:53:57,465 [INFO]   [coreset] Seed=123 R4/10 F1=0.2888 Acc=0.3157 Labeled=500 QueryTime=7.2s GPU=295MB SSL+12
2026-06-12 13:54:10,304 [INFO]   [coreset] Seed=123 R5/10 F1=0.2892 Acc=0.3158 Labeled=600 QueryTime=8.5s GPU=295MB SSL+10
2026-06-12 13:54:26,385 [INFO]   [coreset] Seed=123 R6/10 F1=0.3683 Acc=0.3899 Labeled=700 QueryTime=9.8s GPU=295MB SSL+4
2026-06-12 13:54:43,862 [INFO]   [coreset] Seed=123 R7/10 F1=0.3737 Acc=0.3842 Labeled=800 QueryTime=11.1s GPU=295MB SSL+15
2026-06-12 13:55:10,904 [INFO]   [coreset] Seed=123 R8/10 F1=0.4035 Acc=0.4096 Labeled=900 QueryTime=17.1s GPU=295MB SSL+51
2026-06-12 13:55:37,579 [INFO]   [coreset] Seed=123 R9/10 F1=0.4205 Acc=0.4274 Labeled=1000 QueryTime=16.5s GPU=295MB SSL+50
2026-06-12 13:55:53,257 [INFO]   [coreset] Seed=456 R1/10 F1=0.1034 Acc=0.1952 Labeled=200 QueryTime=2.8s GPU=236MB SSL+0
2026-06-12 13:56:01,862 [INFO]   [coreset] Seed=456 R2/10 F1=0.2188 Acc=0.2618 Labeled=300 QueryTime=4.2s GPU=272MB SSL+0
2026-06-12 13:56:12,311 [INFO]   [coreset] Seed=456 R3/10 F1=0.2489 Acc=0.2783 Labeled=400 QueryTime=6.0s GPU=295MB SSL+0
2026-06-12 13:56:23,776 [INFO]   [coreset] Seed=456 R4/10 F1=0.3015 Acc=0.3202 Labeled=500 QueryTime=6.9s GPU=295MB SSL+10
2026-06-12 13:56:36,419 [INFO]   [coreset] Seed=456 R5/10 F1=0.3519 Acc=0.3715 Labeled=600 QueryTime=8.1s GPU=295MB SSL+13
2026-06-12 13:56:54,570 [INFO]   [coreset] Seed=456 R6/10 F1=0.3503 Acc=0.3635 Labeled=700 QueryTime=12.1s GPU=295MB SSL+33
2026-06-12 13:57:16,391 [INFO]   [coreset] Seed=456 R7/10 F1=0.3840 Acc=0.3999 Labeled=800 QueryTime=14.1s GPU=295MB SSL+29
2026-06-12 13:57:43,282 [INFO]   [coreset] Seed=456 R8/10 F1=0.4163 Acc=0.4237 Labeled=900 QueryTime=16.5s GPU=295MB SSL+72
2026-06-12 13:58:12,183 [INFO]   [coreset] Seed=456 R9/10 F1=0.4096 Acc=0.4224 Labeled=1000 QueryTime=18.8s GPU=295MB SSL+70
2026-06-12 13:58:31,147 [INFO]   [coreset] Seed=789 R1/10 F1=0.1070 Acc=0.1796 Labeled=200 QueryTime=4.1s GPU=236MB SSL+0
2026-06-12 13:58:42,517 [INFO]   [coreset] Seed=789 R2/10 F1=0.1758 Acc=0.2333 Labeled=300 QueryTime=5.7s GPU=272MB SSL+0
2026-06-12 13:58:55,424 [INFO]   [coreset] Seed=789 R3/10 F1=0.2290 Acc=0.2753 Labeled=400 QueryTime=7.4s GPU=295MB SSL+0
2026-06-12 13:59:10,440 [INFO]   [coreset] Seed=789 R4/10 F1=0.2916 Acc=0.3039 Labeled=500 QueryTime=9.9s GPU=295MB SSL+0
2026-06-12 13:59:29,046 [INFO]   [coreset] Seed=789 R5/10 F1=0.3103 Acc=0.3335 Labeled=600 QueryTime=11.7s GPU=295MB SSL+2
2026-06-12 13:59:51,449 [INFO]   [coreset] Seed=789 R6/10 F1=0.3589 Acc=0.3830 Labeled=700 QueryTime=13.7s GPU=295MB SSL+17
2026-06-12 14:00:14,179 [INFO]   [coreset] Seed=789 R7/10 F1=0.3785 Acc=0.3933 Labeled=800 QueryTime=14.8s GPU=295MB SSL+14
2026-06-12 14:00:42,959 [INFO]   [coreset] Seed=789 R8/10 F1=0.4021 Acc=0.4116 Labeled=900 QueryTime=17.2s GPU=295MB SSL+20
2026-06-12 14:01:11,644 [INFO]   [coreset] Seed=789 R9/10 F1=0.4123 Acc=0.4220 Labeled=1000 QueryTime=18.2s GPU=295MB SSL+74
2026-06-12 14:01:30,053 [INFO]   [coreset] Seed=1024 R1/10 F1=0.0894 Acc=0.1620 Labeled=200 QueryTime=4.0s GPU=236MB SSL+0
2026-06-12 14:01:41,242 [INFO]   [coreset] Seed=1024 R2/10 F1=0.2905 Acc=0.3245 Labeled=300 QueryTime=5.7s GPU=272MB SSL+0
2026-06-12 14:01:54,351 [INFO]   [coreset] Seed=1024 R3/10 F1=0.3037 Acc=0.3235 Labeled=400 QueryTime=7.2s GPU=295MB SSL+0
2026-06-12 14:02:08,626 [INFO]   [coreset] Seed=1024 R4/10 F1=0.3177 Acc=0.3471 Labeled=500 QueryTime=8.8s GPU=295MB SSL+8
2026-06-12 14:02:24,640 [INFO]   [coreset] Seed=1024 R5/10 F1=0.3034 Acc=0.3408 Labeled=600 QueryTime=10.7s GPU=295MB SSL+5
2026-06-12 14:02:45,903 [INFO]   [coreset] Seed=1024 R6/10 F1=0.3624 Acc=0.3817 Labeled=700 QueryTime=13.0s GPU=295MB SSL+17
2026-06-12 14:03:07,706 [INFO]   [coreset] Seed=1024 R7/10 F1=0.3808 Acc=0.4032 Labeled=800 QueryTime=13.9s GPU=295MB SSL+27
2026-06-12 14:03:33,465 [INFO]   [coreset] Seed=1024 R8/10 F1=0.4035 Acc=0.4221 Labeled=900 QueryTime=16.2s GPU=295MB SSL+75
2026-06-12 14:04:01,872 [INFO]   [coreset] Seed=1024 R9/10 F1=0.3883 Acc=0.4092 Labeled=1000 QueryTime=18.1s GPU=295MB SSL+71
2026-06-12 14:04:10,429 [INFO] 
--- Strategy: badge ---
2026-06-12 14:04:34,073 [INFO]   [badge] Seed=42 R1/10 F1=0.0825 Acc=0.1387 Labeled=200 QueryTime=18.8s GPU=236MB SSL+0
2026-06-12 14:04:59,578 [INFO]   [badge] Seed=42 R2/10 F1=0.1464 Acc=0.2010 Labeled=300 QueryTime=20.3s GPU=272MB SSL+0
2026-06-12 14:05:25,647 [INFO]   [badge] Seed=42 R3/10 F1=0.2630 Acc=0.2866 Labeled=400 QueryTime=19.4s GPU=295MB SSL+0
2026-06-12 14:05:52,650 [INFO]   [badge] Seed=42 R4/10 F1=0.2399 Acc=0.2703 Labeled=500 QueryTime=21.2s GPU=295MB SSL+0
2026-06-12 14:06:21,374 [INFO]   [badge] Seed=42 R5/10 F1=0.3093 Acc=0.3219 Labeled=600 QueryTime=21.8s GPU=295MB SSL+0
2026-06-12 14:06:50,768 [INFO]   [badge] Seed=42 R6/10 F1=0.3766 Acc=0.3901 Labeled=700 QueryTime=20.0s GPU=295MB SSL+0
2026-06-12 14:07:19,299 [INFO]   [badge] Seed=42 R7/10 F1=0.3843 Acc=0.3952 Labeled=800 QueryTime=20.7s GPU=295MB SSL+27
2026-06-12 14:07:51,135 [INFO]   [badge] Seed=42 R8/10 F1=0.3938 Acc=0.4103 Labeled=900 QueryTime=20.2s GPU=295MB SSL+45
2026-06-12 14:08:21,919 [INFO]   [badge] Seed=42 R9/10 F1=0.4218 Acc=0.4376 Labeled=1000 QueryTime=19.8s GPU=295MB SSL+80
2026-06-12 14:09:01,645 [INFO]   [badge] Seed=123 R1/10 F1=0.1283 Acc=0.1764 Labeled=200 QueryTime=23.1s GPU=236MB SSL+0
2026-06-12 14:09:31,330 [INFO]   [badge] Seed=123 R2/10 F1=0.2095 Acc=0.2480 Labeled=300 QueryTime=23.8s GPU=272MB SSL+0
2026-06-12 14:10:12,125 [INFO]   [badge] Seed=123 R3/10 F1=0.2160 Acc=0.2425 Labeled=400 QueryTime=31.8s GPU=295MB SSL+4
2026-06-12 14:10:51,718 [INFO]   [badge] Seed=123 R4/10 F1=0.3126 Acc=0.3188 Labeled=500 QueryTime=30.5s GPU=295MB SSL+10
2026-06-12 14:11:31,961 [INFO]   [badge] Seed=123 R5/10 F1=0.3337 Acc=0.3477 Labeled=600 QueryTime=32.2s GPU=295MB SSL+7
2026-06-12 14:12:16,114 [INFO]   [badge] Seed=123 R6/10 F1=0.3680 Acc=0.3798 Labeled=700 QueryTime=32.7s GPU=295MB SSL+22
2026-06-12 14:13:00,284 [INFO]   [badge] Seed=123 R7/10 F1=0.4113 Acc=0.4184 Labeled=800 QueryTime=32.4s GPU=295MB SSL+29
2026-06-12 14:13:47,030 [INFO]   [badge] Seed=123 R8/10 F1=0.4244 Acc=0.4281 Labeled=900 QueryTime=31.8s GPU=295MB SSL+40
2026-06-12 14:14:31,405 [INFO]   [badge] Seed=123 R9/10 F1=0.4302 Acc=0.4356 Labeled=1000 QueryTime=30.2s GPU=295MB SSL+92
2026-06-12 14:15:25,431 [INFO]   [badge] Seed=456 R1/10 F1=0.1034 Acc=0.1952 Labeled=200 QueryTime=31.3s GPU=236MB SSL+0
2026-06-12 14:16:05,487 [INFO]   [badge] Seed=456 R2/10 F1=0.2446 Acc=0.2893 Labeled=300 QueryTime=31.7s GPU=272MB SSL+0
2026-06-12 14:16:43,720 [INFO]   [badge] Seed=456 R3/10 F1=0.2646 Acc=0.2928 Labeled=400 QueryTime=31.4s GPU=295MB SSL+0
2026-06-12 14:17:21,810 [INFO]   [badge] Seed=456 R4/10 F1=0.2980 Acc=0.3231 Labeled=500 QueryTime=31.2s GPU=295MB SSL+8
2026-06-12 14:18:01,254 [INFO]   [badge] Seed=456 R5/10 F1=0.2694 Acc=0.2971 Labeled=600 QueryTime=32.5s GPU=295MB SSL+1
2026-06-12 14:18:43,722 [INFO]   [badge] Seed=456 R6/10 F1=0.3642 Acc=0.3858 Labeled=700 QueryTime=33.0s GPU=295MB SSL+3
2026-06-12 14:19:26,812 [INFO]   [badge] Seed=456 R7/10 F1=0.3841 Acc=0.4013 Labeled=800 QueryTime=33.2s GPU=295MB SSL+27
2026-06-12 14:20:14,921 [INFO]   [badge] Seed=456 R8/10 F1=0.4195 Acc=0.4301 Labeled=900 QueryTime=33.2s GPU=295MB SSL+63
2026-06-12 14:21:01,582 [INFO]   [badge] Seed=456 R9/10 F1=0.4249 Acc=0.4341 Labeled=1000 QueryTime=32.3s GPU=295MB SSL+62
2026-06-12 14:21:52,893 [INFO]   [badge] Seed=789 R1/10 F1=0.1070 Acc=0.1796 Labeled=200 QueryTime=32.0s GPU=236MB SSL+0
2026-06-12 14:22:31,167 [INFO]   [badge] Seed=789 R2/10 F1=0.1877 Acc=0.2462 Labeled=300 QueryTime=31.2s GPU=272MB SSL+0
2026-06-12 14:23:10,083 [INFO]   [badge] Seed=789 R3/10 F1=0.2160 Acc=0.2744 Labeled=400 QueryTime=32.0s GPU=295MB SSL+7
2026-06-12 14:23:48,787 [INFO]   [badge] Seed=789 R4/10 F1=0.2646 Acc=0.2974 Labeled=500 QueryTime=30.3s GPU=295MB SSL+3
2026-06-12 14:24:29,610 [INFO]   [badge] Seed=789 R5/10 F1=0.2939 Acc=0.3262 Labeled=600 QueryTime=32.3s GPU=295MB SSL+11
2026-06-12 14:25:15,405 [INFO]   [badge] Seed=789 R6/10 F1=0.3637 Acc=0.3778 Labeled=700 QueryTime=33.8s GPU=295MB SSL+16
2026-06-12 14:25:58,307 [INFO]   [badge] Seed=789 R7/10 F1=0.3912 Acc=0.3975 Labeled=800 QueryTime=32.0s GPU=295MB SSL+21
2026-06-12 14:26:44,614 [INFO]   [badge] Seed=789 R8/10 F1=0.4096 Acc=0.4247 Labeled=900 QueryTime=32.3s GPU=295MB SSL+26
2026-06-12 14:27:33,857 [INFO]   [badge] Seed=789 R9/10 F1=0.4201 Acc=0.4226 Labeled=1000 QueryTime=34.2s GPU=295MB SSL+44
2026-06-12 14:28:28,954 [INFO]   [badge] Seed=1024 R1/10 F1=0.0894 Acc=0.1620 Labeled=200 QueryTime=34.0s GPU=236MB SSL+0
2026-06-12 14:29:11,633 [INFO]   [badge] Seed=1024 R2/10 F1=0.2540 Acc=0.2777 Labeled=300 QueryTime=33.2s GPU=272MB SSL+0
2026-06-12 14:29:52,326 [INFO]   [badge] Seed=1024 R3/10 F1=0.2849 Acc=0.3107 Labeled=400 QueryTime=32.0s GPU=295MB SSL+0
2026-06-12 14:30:31,903 [INFO]   [badge] Seed=1024 R4/10 F1=0.3235 Acc=0.3303 Labeled=500 QueryTime=30.9s GPU=295MB SSL+0
2026-06-12 14:31:12,478 [INFO]   [badge] Seed=1024 R5/10 F1=0.3314 Acc=0.3465 Labeled=600 QueryTime=33.2s GPU=295MB SSL+20
2026-06-12 14:31:57,055 [INFO]   [badge] Seed=1024 R6/10 F1=0.3574 Acc=0.3797 Labeled=700 QueryTime=33.1s GPU=295MB SSL+26
2026-06-12 14:32:44,063 [INFO]   [badge] Seed=1024 R7/10 F1=0.3898 Acc=0.4051 Labeled=800 QueryTime=33.8s GPU=295MB SSL+28
2026-06-12 14:33:31,975 [INFO]   [badge] Seed=1024 R8/10 F1=0.4350 Acc=0.4368 Labeled=900 QueryTime=32.7s GPU=295MB SSL+72
2026-06-12 14:34:19,487 [INFO]   [badge] Seed=1024 R9/10 F1=0.4694 Acc=0.4675 Labeled=1000 QueryTime=32.6s GPU=295MB SSL+95
2026-06-12 14:34:31,234 [INFO] 
--- Strategy: qbc ---
2026-06-12 14:34:41,013 [INFO]   [qbc] Seed=42 R1/10 F1=0.0825 Acc=0.1387 Labeled=200 QueryTime=4.6s GPU=236MB SSL+0
2026-06-12 14:34:50,902 [INFO]   [qbc] Seed=42 R2/10 F1=0.1298 Acc=0.1879 Labeled=300 QueryTime=3.7s GPU=286MB SSL+0
2026-06-12 14:35:01,117 [INFO]   [qbc] Seed=42 R3/10 F1=0.1958 Acc=0.2232 Labeled=400 QueryTime=4.3s GPU=306MB SSL+0
2026-06-12 14:35:11,090 [INFO]   [qbc] Seed=42 R4/10 F1=0.2672 Acc=0.2861 Labeled=500 QueryTime=3.8s GPU=308MB SSL+0
2026-06-12 14:35:20,604 [INFO]   [qbc] Seed=42 R5/10 F1=0.3266 Acc=0.3382 Labeled=600 QueryTime=4.2s GPU=308MB SSL+0
2026-06-12 14:35:34,554 [INFO]   [qbc] Seed=42 R6/10 F1=0.3371 Acc=0.3438 Labeled=700 QueryTime=4.6s GPU=307MB SSL+9
2026-06-12 14:35:46,797 [INFO]   [qbc] Seed=42 R7/10 F1=0.4019 Acc=0.4036 Labeled=800 QueryTime=4.0s GPU=308MB SSL+30
2026-06-12 14:36:03,404 [INFO]   [qbc] Seed=42 R8/10 F1=0.4251 Acc=0.4212 Labeled=900 QueryTime=4.7s GPU=306MB SSL+48
2026-06-12 14:36:21,810 [INFO]   [qbc] Seed=42 R9/10 F1=0.4224 Acc=0.4340 Labeled=1000 QueryTime=5.8s GPU=307MB SSL+79
2026-06-12 14:36:47,751 [INFO]   [qbc] Seed=123 R1/10 F1=0.1283 Acc=0.1764 Labeled=200 QueryTime=4.5s GPU=236MB SSL+0
2026-06-12 14:36:59,532 [INFO]   [qbc] Seed=123 R2/10 F1=0.2067 Acc=0.2419 Labeled=300 QueryTime=4.7s GPU=286MB SSL+0
2026-06-12 14:37:12,275 [INFO]   [qbc] Seed=123 R3/10 F1=0.2184 Acc=0.2432 Labeled=400 QueryTime=4.5s GPU=306MB SSL+0
2026-06-12 14:37:26,935 [INFO]   [qbc] Seed=123 R4/10 F1=0.3025 Acc=0.3116 Labeled=500 QueryTime=5.7s GPU=308MB SSL+0
2026-06-12 14:37:40,201 [INFO]   [qbc] Seed=123 R5/10 F1=0.3249 Acc=0.3310 Labeled=600 QueryTime=4.4s GPU=308MB SSL+0
2026-06-12 14:37:58,245 [INFO]   [qbc] Seed=123 R6/10 F1=0.3734 Acc=0.3823 Labeled=700 QueryTime=5.5s GPU=307MB SSL+22
2026-06-12 14:38:19,057 [INFO]   [qbc] Seed=123 R7/10 F1=0.3824 Acc=0.3907 Labeled=800 QueryTime=6.6s GPU=308MB SSL+21
2026-06-12 14:38:40,894 [INFO]   [qbc] Seed=123 R8/10 F1=0.4462 Acc=0.4439 Labeled=900 QueryTime=4.6s GPU=306MB SSL+57
2026-06-12 14:39:06,742 [INFO]   [qbc] Seed=123 R9/10 F1=0.4509 Acc=0.4491 Labeled=1000 QueryTime=7.5s GPU=307MB SSL+52
2026-06-12 14:39:36,275 [INFO]   [qbc] Seed=456 R1/10 F1=0.1034 Acc=0.1952 Labeled=200 QueryTime=5.1s GPU=236MB SSL+0
2026-06-12 14:39:48,713 [INFO]   [qbc] Seed=456 R2/10 F1=0.2269 Acc=0.2637 Labeled=300 QueryTime=4.7s GPU=286MB SSL+0
2026-06-12 14:40:00,642 [INFO]   [qbc] Seed=456 R3/10 F1=0.2883 Acc=0.3057 Labeled=400 QueryTime=4.5s GPU=306MB SSL+6
2026-06-12 14:40:12,609 [INFO]   [qbc] Seed=456 R4/10 F1=0.3333 Acc=0.3394 Labeled=500 QueryTime=4.7s GPU=308MB SSL+5
2026-06-12 14:40:27,605 [INFO]   [qbc] Seed=456 R5/10 F1=0.3559 Acc=0.3604 Labeled=600 QueryTime=5.2s GPU=308MB SSL+4
2026-06-12 14:40:50,257 [INFO]   [qbc] Seed=456 R6/10 F1=0.3807 Acc=0.3834 Labeled=700 QueryTime=7.8s GPU=307MB SSL+27
2026-06-12 14:41:10,909 [INFO]   [qbc] Seed=456 R7/10 F1=0.4161 Acc=0.4141 Labeled=800 QueryTime=7.0s GPU=308MB SSL+23
2026-06-12 14:41:35,679 [INFO]   [qbc] Seed=456 R8/10 F1=0.4181 Acc=0.4333 Labeled=900 QueryTime=7.9s GPU=306MB SSL+66
2026-06-12 14:42:01,334 [INFO]   [qbc] Seed=456 R9/10 F1=0.4464 Acc=0.4468 Labeled=1000 QueryTime=7.4s GPU=307MB SSL+58
2026-06-12 14:42:33,018 [INFO]   [qbc] Seed=789 R1/10 F1=0.1070 Acc=0.1796 Labeled=200 QueryTime=5.6s GPU=236MB SSL+0
2026-06-12 14:42:48,005 [INFO]   [qbc] Seed=789 R2/10 F1=0.1502 Acc=0.1944 Labeled=300 QueryTime=5.6s GPU=286MB SSL+0
2026-06-12 14:43:01,456 [INFO]   [qbc] Seed=789 R3/10 F1=0.2230 Acc=0.2554 Labeled=400 QueryTime=4.8s GPU=306MB SSL+0
2026-06-12 14:43:14,412 [INFO]   [qbc] Seed=789 R4/10 F1=0.2711 Acc=0.2986 Labeled=500 QueryTime=4.4s GPU=308MB SSL+9
2026-06-12 14:43:30,185 [INFO]   [qbc] Seed=789 R5/10 F1=0.2999 Acc=0.3149 Labeled=600 QueryTime=6.2s GPU=308MB SSL+8
2026-06-12 14:43:50,003 [INFO]   [qbc] Seed=789 R6/10 F1=0.3599 Acc=0.3711 Labeled=700 QueryTime=7.1s GPU=307MB SSL+36
2026-06-12 14:44:09,967 [INFO]   [qbc] Seed=789 R7/10 F1=0.3773 Acc=0.3822 Labeled=800 QueryTime=5.7s GPU=308MB SSL+28
2026-06-12 14:44:35,304 [INFO]   [qbc] Seed=789 R8/10 F1=0.4147 Acc=0.4271 Labeled=900 QueryTime=5.9s GPU=306MB SSL+59
2026-06-12 14:45:00,493 [INFO]   [qbc] Seed=789 R9/10 F1=0.4492 Acc=0.4541 Labeled=1000 QueryTime=7.3s GPU=307MB SSL+71
2026-06-12 14:45:32,277 [INFO]   [qbc] Seed=1024 R1/10 F1=0.0894 Acc=0.1620 Labeled=200 QueryTime=6.4s GPU=236MB SSL+0
2026-06-12 14:45:47,349 [INFO]   [qbc] Seed=1024 R2/10 F1=0.2119 Acc=0.2508 Labeled=300 QueryTime=6.1s GPU=286MB SSL+0
2026-06-12 14:45:58,065 [INFO]   [qbc] Seed=1024 R3/10 F1=0.2541 Acc=0.3008 Labeled=400 QueryTime=3.9s GPU=306MB SSL+0
2026-06-12 14:46:12,177 [INFO]   [qbc] Seed=1024 R4/10 F1=0.2886 Acc=0.3199 Labeled=500 QueryTime=4.7s GPU=308MB SSL+0
2026-06-12 14:46:23,553 [INFO]   [qbc] Seed=1024 R5/10 F1=0.2867 Acc=0.3054 Labeled=600 QueryTime=5.8s GPU=308MB SSL+0
2026-06-12 14:46:37,672 [INFO]   [qbc] Seed=1024 R6/10 F1=0.3822 Acc=0.3890 Labeled=700 QueryTime=4.3s GPU=307MB SSL+0
2026-06-12 14:46:57,471 [INFO]   [qbc] Seed=1024 R7/10 F1=0.4238 Acc=0.4243 Labeled=800 QueryTime=6.6s GPU=308MB SSL+16
2026-06-12 14:47:14,913 [INFO]   [qbc] Seed=1024 R8/10 F1=0.4272 Acc=0.4389 Labeled=900 QueryTime=4.5s GPU=306MB SSL+44
2026-06-12 14:47:28,900 [INFO]   [qbc] Seed=1024 R9/10 F1=0.4493 Acc=0.4590 Labeled=1000 QueryTime=3.1s GPU=307MB SSL+98
2026-06-12 14:47:39,941 [INFO] 
--- Full Supervised Baseline ---
2026-06-12 15:49:45,903 [INFO] Full Supervised: Acc=0.8559, F1=0.8553 (epochs=50, time=3722.1s)
2026-06-12 15:49:48,003 [INFO] 
=== Results saved to C:\Users\28414\Desktop\机器学习—图像分类-期末汇报\output\al_ssl\rho1 ===
2026-06-12 15:49:48,004 [INFO] 
Summary:
2026-06-12 15:49:48,005 [INFO] Strategy                 Final F1     ±std   p<0.05 vs Random
2026-06-12 15:49:48,006 [INFO] ------------------------------------------------------------
2026-06-12 15:49:48,006 [INFO] badge                      0.4484   0.0157                   
2026-06-12 15:49:48,007 [INFO] coreset                    0.4087   0.0127                  x
2026-06-12 15:49:48,007 [INFO] entropy                    0.4152   0.0172                   
2026-06-12 15:49:48,007 [INFO] margin                     0.4627   0.0074                  *
2026-06-12 15:49:48,008 [INFO] qbc                        0.4602   0.0056                  *
2026-06-12 15:49:48,008 [INFO] random                     0.4393   0.0047                   
2026-06-12 15:49:48,009 [INFO] Full Supervised            0.8553
2026-06-12 15:49:48,009 [INFO] 
Statistical Tests (selected):
2026-06-12 15:49:48,009 [INFO]   badge vs coreset: diff=+0.0397, p=0.0066**, d=2.779 (large)
2026-06-12 15:49:48,010 [INFO]   badge vs entropy: diff=+0.0332, p=0.0316*, d=2.016 (large)
2026-06-12 15:49:48,010 [INFO]   coreset vs margin: diff=-0.0540, p=0.0001***, d=-5.191 (large)
2026-06-12 15:49:48,010 [INFO]   coreset vs qbc: diff=-0.0515, p=0.0014**, d=-5.232 (large)
2026-06-12 15:49:48,010 [INFO]   coreset vs random: diff=-0.0306, p=0.0087**, d=-3.187 (large)
2026-06-12 15:49:48,010 [INFO]   entropy vs margin: diff=-0.0475, p=0.0050**, d=-3.590 (large)
2026-06-12 15:49:48,011 [INFO]   entropy vs qbc: diff=-0.0450, p=0.0042**, d=-3.516 (large)
2026-06-12 15:49:48,011 [INFO]   margin vs random: diff=+0.0234, p=0.0093**, d=3.786 (large)
2026-06-12 15:49:48,011 [INFO]   qbc vs random: diff=+0.0209, p=0.0031**, d=4.038 (large)
