2026-06-20 17:18:05,555 [INFO] === v8 Controlled-Fast AL+SSL Analysis: cifar10 ===
2026-06-20 17:18:05,555 [INFO] Budget: ultra_low, Model: simplecnn, Scheduler: True
2026-06-20 17:18:05,555 [INFO] Strategies: ['class_aware_entropy_ssl', 'gap_aware_entropy_ssl']
2026-06-20 17:18:05,555 [INFO] Seeds: [42, 123, 456]
2026-06-20 17:18:05,555 [INFO] Rounds: 10, Initial: 100, Query: 100
2026-06-20 17:18:05,555 [INFO] SSL: True, Method: pseudo_label, t-SNE: False, Resume: False
2026-06-20 17:18:05,555 [INFO] Imbalance mode: max/min class count ratio = 50
2026-06-20 17:18:05,578 [INFO] Device: cuda
2026-06-20 17:18:15,097 [INFO] Imbalance filter (Exponential): 50000 -> 13996 training samples
2026-06-20 17:18:15,097 [INFO] 
--- Strategy: class_aware_entropy_ssl ---
2026-06-20 17:18:18,402 [INFO]   [class_aware_entropy_ssl] Seed=42 R1/10 F1=0.0754 Acc=0.1632 Labeled=200 QueryTime=0.0s GPU=168MB SSL+0
2026-06-20 17:18:20,988 [INFO]   [class_aware_entropy_ssl] Seed=42 R2/10 F1=0.1001 Acc=0.1923 Labeled=300 QueryTime=0.0s GPU=206MB SSL+0
2026-06-20 17:18:22,975 [INFO]   [class_aware_entropy_ssl] Seed=42 R3/10 F1=0.1468 Acc=0.2381 Labeled=400 QueryTime=0.0s GPU=225MB SSL+0
2026-06-20 17:18:25,212 [INFO]   [class_aware_entropy_ssl] Seed=42 R4/10 F1=0.1528 Acc=0.2334 Labeled=500 QueryTime=0.1s GPU=225MB SSL+1
2026-06-20 17:18:27,412 [INFO]   [class_aware_entropy_ssl] Seed=42 R5/10 F1=0.1898 Acc=0.2557 Labeled=600 QueryTime=0.1s GPU=225MB SSL+1
2026-06-20 17:18:30,072 [INFO]   [class_aware_entropy_ssl] Seed=42 R6/10 F1=0.2242 Acc=0.2995 Labeled=700 QueryTime=0.1s GPU=225MB SSL+2
2026-06-20 17:18:32,815 [INFO]   [class_aware_entropy_ssl] Seed=42 R7/10 F1=0.2239 Acc=0.2972 Labeled=800 QueryTime=0.1s GPU=225MB SSL+0
2026-06-20 17:18:36,175 [INFO]   [class_aware_entropy_ssl] Seed=42 R8/10 F1=0.2663 Acc=0.3380 Labeled=900 QueryTime=0.1s GPU=225MB SSL+4
2026-06-20 17:18:39,702 [INFO]   [class_aware_entropy_ssl] Seed=42 R9/10 F1=0.2923 Acc=0.3552 Labeled=1000 QueryTime=0.1s GPU=225MB SSL+4
2026-06-20 17:18:44,755 [INFO]   [class_aware_entropy_ssl] Seed=123 R1/10 F1=0.0603 Acc=0.1618 Labeled=200 QueryTime=0.0s GPU=169MB SSL+0
2026-06-20 17:18:47,036 [INFO]   [class_aware_entropy_ssl] Seed=123 R2/10 F1=0.0929 Acc=0.1757 Labeled=300 QueryTime=0.0s GPU=204MB SSL+7
2026-06-20 17:18:49,338 [INFO]   [class_aware_entropy_ssl] Seed=123 R3/10 F1=0.1048 Acc=0.2122 Labeled=400 QueryTime=0.0s GPU=225MB SSL+13
2026-06-20 17:18:51,986 [INFO]   [class_aware_entropy_ssl] Seed=123 R4/10 F1=0.0985 Acc=0.2094 Labeled=500 QueryTime=0.1s GPU=225MB SSL+16
2026-06-20 17:18:54,204 [INFO]   [class_aware_entropy_ssl] Seed=123 R5/10 F1=0.1182 Acc=0.2199 Labeled=600 QueryTime=0.1s GPU=225MB SSL+5
2026-06-20 17:18:56,997 [INFO]   [class_aware_entropy_ssl] Seed=123 R6/10 F1=0.1600 Acc=0.2461 Labeled=700 QueryTime=0.1s GPU=225MB SSL+18
2026-06-20 17:18:59,803 [INFO]   [class_aware_entropy_ssl] Seed=123 R7/10 F1=0.1841 Acc=0.2667 Labeled=800 QueryTime=0.1s GPU=225MB SSL+27
2026-06-20 17:19:03,258 [INFO]   [class_aware_entropy_ssl] Seed=123 R8/10 F1=0.2300 Acc=0.3061 Labeled=900 QueryTime=0.1s GPU=225MB SSL+24
2026-06-20 17:19:06,574 [INFO]   [class_aware_entropy_ssl] Seed=123 R9/10 F1=0.2450 Acc=0.3296 Labeled=1000 QueryTime=0.1s GPU=225MB SSL+53
2026-06-20 17:19:11,616 [INFO]   [class_aware_entropy_ssl] Seed=456 R1/10 F1=0.0718 Acc=0.1489 Labeled=200 QueryTime=0.0s GPU=169MB SSL+1
2026-06-20 17:19:14,117 [INFO]   [class_aware_entropy_ssl] Seed=456 R2/10 F1=0.0908 Acc=0.1969 Labeled=300 QueryTime=0.0s GPU=204MB SSL+5
2026-06-20 17:19:16,409 [INFO]   [class_aware_entropy_ssl] Seed=456 R3/10 F1=0.1062 Acc=0.2060 Labeled=400 QueryTime=0.0s GPU=225MB SSL+10
2026-06-20 17:19:18,598 [INFO]   [class_aware_entropy_ssl] Seed=456 R4/10 F1=0.1263 Acc=0.2185 Labeled=500 QueryTime=0.1s GPU=225MB SSL+1
2026-06-20 17:19:20,886 [INFO]   [class_aware_entropy_ssl] Seed=456 R5/10 F1=0.1570 Acc=0.2463 Labeled=600 QueryTime=0.1s GPU=225MB SSL+2
2026-06-20 17:19:23,858 [INFO]   [class_aware_entropy_ssl] Seed=456 R6/10 F1=0.1939 Acc=0.2776 Labeled=700 QueryTime=0.1s GPU=225MB SSL+5
2026-06-20 17:19:26,569 [INFO]   [class_aware_entropy_ssl] Seed=456 R7/10 F1=0.2360 Acc=0.3044 Labeled=800 QueryTime=0.1s GPU=225MB SSL+4
2026-06-20 17:19:29,890 [INFO]   [class_aware_entropy_ssl] Seed=456 R8/10 F1=0.2772 Acc=0.3337 Labeled=900 QueryTime=0.1s GPU=225MB SSL+13
2026-06-20 17:19:33,169 [INFO]   [class_aware_entropy_ssl] Seed=456 R9/10 F1=0.2778 Acc=0.3364 Labeled=1000 QueryTime=0.1s GPU=225MB SSL+29
2026-06-20 17:19:36,090 [INFO] 
--- Strategy: gap_aware_entropy_ssl ---
2026-06-20 17:19:38,170 [INFO]   [gap_aware_entropy_ssl] Seed=42 R1/10 F1=0.0754 Acc=0.1632 Labeled=200 QueryTime=0.0s GPU=169MB SSL+0
2026-06-20 17:19:40,683 [INFO]   [gap_aware_entropy_ssl] Seed=42 R2/10 F1=0.1187 Acc=0.2170 Labeled=300 QueryTime=0.0s GPU=204MB SSL+0
2026-06-20 17:19:43,096 [INFO]   [gap_aware_entropy_ssl] Seed=42 R3/10 F1=0.1177 Acc=0.2206 Labeled=400 QueryTime=0.1s GPU=225MB SSL+2
2026-06-20 17:19:45,689 [INFO]   [gap_aware_entropy_ssl] Seed=42 R4/10 F1=0.1381 Acc=0.2370 Labeled=500 QueryTime=0.1s GPU=225MB SSL+1
2026-06-20 17:19:48,302 [INFO]   [gap_aware_entropy_ssl] Seed=42 R5/10 F1=0.1394 Acc=0.2322 Labeled=600 QueryTime=0.1s GPU=225MB SSL+0
2026-06-20 17:19:51,212 [INFO]   [gap_aware_entropy_ssl] Seed=42 R6/10 F1=0.1634 Acc=0.2566 Labeled=700 QueryTime=0.1s GPU=225MB SSL+13
2026-06-20 17:19:54,397 [INFO]   [gap_aware_entropy_ssl] Seed=42 R7/10 F1=0.2349 Acc=0.3047 Labeled=800 QueryTime=0.1s GPU=225MB SSL+9
2026-06-20 17:19:57,890 [INFO]   [gap_aware_entropy_ssl] Seed=42 R8/10 F1=0.2661 Acc=0.3365 Labeled=900 QueryTime=0.1s GPU=225MB SSL+15
2026-06-20 17:20:01,979 [INFO]   [gap_aware_entropy_ssl] Seed=42 R9/10 F1=0.2964 Acc=0.3618 Labeled=1000 QueryTime=0.1s GPU=225MB SSL+30
2026-06-20 17:20:07,911 [INFO]   [gap_aware_entropy_ssl] Seed=123 R1/10 F1=0.0603 Acc=0.1618 Labeled=200 QueryTime=0.0s GPU=169MB SSL+0
2026-06-20 17:20:10,316 [INFO]   [gap_aware_entropy_ssl] Seed=123 R2/10 F1=0.0776 Acc=0.1860 Labeled=300 QueryTime=0.0s GPU=204MB SSL+4
2026-06-20 17:20:12,756 [INFO]   [gap_aware_entropy_ssl] Seed=123 R3/10 F1=0.1019 Acc=0.2025 Labeled=400 QueryTime=0.1s GPU=225MB SSL+6
2026-06-20 17:20:15,526 [INFO]   [gap_aware_entropy_ssl] Seed=123 R4/10 F1=0.1202 Acc=0.2117 Labeled=500 QueryTime=0.1s GPU=225MB SSL+3
2026-06-20 17:20:17,805 [INFO]   [gap_aware_entropy_ssl] Seed=123 R5/10 F1=0.1873 Acc=0.2600 Labeled=600 QueryTime=0.1s GPU=225MB SSL+1
2026-06-20 17:20:20,962 [INFO]   [gap_aware_entropy_ssl] Seed=123 R6/10 F1=0.1976 Acc=0.2643 Labeled=700 QueryTime=0.1s GPU=225MB SSL+3
2026-06-20 17:20:23,966 [INFO]   [gap_aware_entropy_ssl] Seed=123 R7/10 F1=0.2345 Acc=0.2993 Labeled=800 QueryTime=0.1s GPU=225MB SSL+5
2026-06-20 17:20:27,920 [INFO]   [gap_aware_entropy_ssl] Seed=123 R8/10 F1=0.2375 Acc=0.3184 Labeled=900 QueryTime=0.2s GPU=225MB SSL+31
2026-06-20 17:20:31,500 [INFO]   [gap_aware_entropy_ssl] Seed=123 R9/10 F1=0.2881 Acc=0.3482 Labeled=1000 QueryTime=0.2s GPU=225MB SSL+26
2026-06-20 17:20:36,789 [INFO]   [gap_aware_entropy_ssl] Seed=456 R1/10 F1=0.0718 Acc=0.1489 Labeled=200 QueryTime=0.0s GPU=169MB SSL+1
2026-06-20 17:20:39,289 [INFO]   [gap_aware_entropy_ssl] Seed=456 R2/10 F1=0.0985 Acc=0.1985 Labeled=300 QueryTime=0.0s GPU=204MB SSL+0
2026-06-20 17:20:41,723 [INFO]   [gap_aware_entropy_ssl] Seed=456 R3/10 F1=0.1103 Acc=0.2032 Labeled=400 QueryTime=0.1s GPU=225MB SSL+1
2026-06-20 17:20:44,286 [INFO]   [gap_aware_entropy_ssl] Seed=456 R4/10 F1=0.1252 Acc=0.2141 Labeled=500 QueryTime=0.1s GPU=225MB SSL+1
2026-06-20 17:20:46,759 [INFO]   [gap_aware_entropy_ssl] Seed=456 R5/10 F1=0.1689 Acc=0.2514 Labeled=600 QueryTime=0.1s GPU=225MB SSL+0
2026-06-20 17:20:49,862 [INFO]   [gap_aware_entropy_ssl] Seed=456 R6/10 F1=0.1904 Acc=0.2696 Labeled=700 QueryTime=0.1s GPU=225MB SSL+0
2026-06-20 17:20:52,952 [INFO]   [gap_aware_entropy_ssl] Seed=456 R7/10 F1=0.2020 Acc=0.2754 Labeled=800 QueryTime=0.1s GPU=225MB SSL+6
2026-06-20 17:20:56,350 [INFO]   [gap_aware_entropy_ssl] Seed=456 R8/10 F1=0.2486 Acc=0.3177 Labeled=900 QueryTime=0.1s GPU=225MB SSL+10
2026-06-20 17:20:59,721 [INFO]   [gap_aware_entropy_ssl] Seed=456 R9/10 F1=0.2589 Acc=0.3226 Labeled=1000 QueryTime=0.2s GPU=225MB SSL+14
2026-06-20 17:21:02,777 [INFO] 
--- Full Supervised Baseline ---
