2026-06-17 13:55:47,774 [INFO] === v8 Controlled-Fast AL+SSL Analysis: cifar10 ===
2026-06-17 13:55:47,774 [INFO] Budget: ultra_low, Model: simplecnn, Scheduler: True
2026-06-17 13:55:47,774 [INFO] Strategies: ['class_aware_entropy_ssl', 'gap_aware_entropy_ssl']
2026-06-17 13:55:47,774 [INFO] Seeds: [42]
2026-06-17 13:55:47,774 [INFO] Rounds: 10, Initial: 100, Query: 100
2026-06-17 13:55:47,774 [INFO] SSL: True, Method: flexmatch, t-SNE: False, Resume: False
2026-06-17 13:55:47,774 [INFO] Imbalance mode: max/min class count ratio = 10
2026-06-17 13:55:47,793 [INFO] Device: cuda
2026-06-17 13:55:56,505 [INFO] Imbalance filter (Exponential): 50000 -> 20431 training samples
2026-06-17 13:55:56,506 [INFO] 
--- Strategy: class_aware_entropy_ssl ---
2026-06-17 13:56:00,446 [INFO]   [class_aware_entropy_ssl] Seed=42 R1/10 F1=0.0799 Acc=0.1441 Labeled=200 QueryTime=0.0s GPU=172MB SSL+0
2026-06-17 13:56:03,547 [INFO]   [class_aware_entropy_ssl] Seed=42 R2/10 F1=0.1766 Acc=0.2468 Labeled=300 QueryTime=0.0s GPU=210MB SSL+0
2026-06-17 13:56:06,805 [INFO]   [class_aware_entropy_ssl] Seed=42 R3/10 F1=0.1903 Acc=0.2334 Labeled=400 QueryTime=0.0s GPU=229MB SSL+0
2026-06-17 13:56:09,871 [INFO]   [class_aware_entropy_ssl] Seed=42 R4/10 F1=0.2383 Acc=0.2705 Labeled=500 QueryTime=0.1s GPU=229MB SSL+0
2026-06-17 13:56:13,259 [INFO]   [class_aware_entropy_ssl] Seed=42 R5/10 F1=0.2876 Acc=0.3294 Labeled=600 QueryTime=0.1s GPU=229MB SSL+4
2026-06-17 13:56:17,975 [INFO]   [class_aware_entropy_ssl] Seed=42 R6/10 F1=0.3048 Acc=0.3407 Labeled=700 QueryTime=0.1s GPU=229MB SSL+18
2026-06-17 13:56:23,053 [INFO]   [class_aware_entropy_ssl] Seed=42 R7/10 F1=0.3286 Acc=0.3520 Labeled=800 QueryTime=0.1s GPU=229MB SSL+42
2026-06-17 13:56:29,476 [INFO]   [class_aware_entropy_ssl] Seed=42 R8/10 F1=0.3808 Acc=0.3977 Labeled=900 QueryTime=0.1s GPU=229MB SSL+69
2026-06-17 13:56:36,113 [INFO]   [class_aware_entropy_ssl] Seed=42 R9/10 F1=0.3898 Acc=0.4164 Labeled=1000 QueryTime=0.1s GPU=229MB SSL+75
2026-06-17 13:56:42,170 [INFO] 
--- Strategy: gap_aware_entropy_ssl ---
2026-06-17 13:56:45,096 [INFO]   [gap_aware_entropy_ssl] Seed=42 R1/10 F1=0.0799 Acc=0.1441 Labeled=200 QueryTime=0.0s GPU=171MB SSL+0
2026-06-17 13:56:48,575 [INFO]   [gap_aware_entropy_ssl] Seed=42 R2/10 F1=0.1915 Acc=0.2257 Labeled=300 QueryTime=0.0s GPU=208MB SSL+0
2026-06-17 13:56:51,625 [INFO]   [gap_aware_entropy_ssl] Seed=42 R3/10 F1=0.1962 Acc=0.2456 Labeled=400 QueryTime=0.0s GPU=229MB SSL+0
2026-06-17 13:56:55,155 [INFO]   [gap_aware_entropy_ssl] Seed=42 R4/10 F1=0.2259 Acc=0.2552 Labeled=500 QueryTime=0.1s GPU=229MB SSL+0
2026-06-17 13:56:58,217 [INFO]   [gap_aware_entropy_ssl] Seed=42 R5/10 F1=0.2711 Acc=0.3034 Labeled=600 QueryTime=0.1s GPU=229MB SSL+0
2026-06-17 13:57:03,325 [INFO]   [gap_aware_entropy_ssl] Seed=42 R6/10 F1=0.3066 Acc=0.3256 Labeled=700 QueryTime=0.1s GPU=229MB SSL+21
2026-06-17 13:57:08,463 [INFO]   [gap_aware_entropy_ssl] Seed=42 R7/10 F1=0.3200 Acc=0.3463 Labeled=800 QueryTime=0.1s GPU=229MB SSL+43
2026-06-17 13:57:14,792 [INFO]   [gap_aware_entropy_ssl] Seed=42 R8/10 F1=0.3834 Acc=0.3986 Labeled=900 QueryTime=0.1s GPU=229MB SSL+68
2026-06-17 13:57:21,662 [INFO]   [gap_aware_entropy_ssl] Seed=42 R9/10 F1=0.4147 Acc=0.4272 Labeled=1000 QueryTime=0.1s GPU=229MB SSL+83
2026-06-17 13:57:27,947 [INFO] 
--- Full Supervised Baseline ---
2026-06-17 14:02:02,503 [INFO] Full Supervised: Acc=0.7699, F1=0.7639 (epochs=50, time=273.4s)
2026-06-17 14:02:02,942 [INFO] 
=== Results saved to C:\Users\28414\Desktop\机器学习—图像分类-期末汇报\output\progressive_joint\joint_r5\rho10 ===
2026-06-17 14:02:02,942 [INFO] 
Summary:
2026-06-17 14:02:02,942 [INFO] Strategy                 Final F1     ±std   p<0.05 vs Random
2026-06-17 14:02:02,942 [INFO] ------------------------------------------------------------
2026-06-17 14:02:02,942 [INFO] class_aware_entropy_ssl       0.4024   0.0000                   
2026-06-17 14:02:02,942 [INFO] gap_aware_entropy_ssl       0.4325   0.0000                   
2026-06-17 14:02:02,943 [INFO] Full Supervised            0.7639
2026-06-17 14:02:07,557 [INFO] === v8 Controlled-Fast AL+SSL Analysis: cifar10 ===
2026-06-17 14:02:07,557 [INFO] Budget: ultra_low, Model: simplecnn, Scheduler: True
2026-06-17 14:02:07,557 [INFO] Strategies: ['class_aware_entropy_ssl', 'gap_aware_entropy_ssl']
2026-06-17 14:02:07,557 [INFO] Seeds: [123]
2026-06-17 14:02:07,557 [INFO] Rounds: 10, Initial: 100, Query: 100
2026-06-17 14:02:07,557 [INFO] SSL: True, Method: flexmatch, t-SNE: False, Resume: False
2026-06-17 14:02:07,557 [INFO] Imbalance mode: max/min class count ratio = 10
2026-06-17 14:02:07,574 [INFO] Device: cuda
2026-06-17 14:02:16,338 [INFO] Imbalance filter (Exponential): 50000 -> 20431 training samples
2026-06-17 14:02:16,338 [INFO] 
--- Strategy: class_aware_entropy_ssl ---
2026-06-17 14:02:20,797 [INFO]   [class_aware_entropy_ssl] Seed=123 R1/10 F1=0.0827 Acc=0.1561 Labeled=200 QueryTime=0.0s GPU=172MB SSL+0
2026-06-17 14:02:24,348 [INFO]   [class_aware_entropy_ssl] Seed=123 R2/10 F1=0.1478 Acc=0.2296 Labeled=300 QueryTime=0.0s GPU=210MB SSL+0
2026-06-17 14:02:28,331 [INFO]   [class_aware_entropy_ssl] Seed=123 R3/10 F1=0.1709 Acc=0.2315 Labeled=400 QueryTime=0.0s GPU=229MB SSL+1
2026-06-17 14:02:31,773 [INFO]   [class_aware_entropy_ssl] Seed=123 R4/10 F1=0.1733 Acc=0.2215 Labeled=500 QueryTime=0.1s GPU=229MB SSL+11
2026-06-17 14:02:35,358 [INFO]   [class_aware_entropy_ssl] Seed=123 R5/10 F1=0.2406 Acc=0.2994 Labeled=600 QueryTime=0.1s GPU=229MB SSL+5
2026-06-17 14:02:41,058 [INFO]   [class_aware_entropy_ssl] Seed=123 R6/10 F1=0.2543 Acc=0.3127 Labeled=700 QueryTime=0.1s GPU=229MB SSL+19
2026-06-17 14:02:46,454 [INFO]   [class_aware_entropy_ssl] Seed=123 R7/10 F1=0.2688 Acc=0.3216 Labeled=800 QueryTime=0.1s GPU=229MB SSL+42
2026-06-17 14:02:53,900 [INFO]   [class_aware_entropy_ssl] Seed=123 R8/10 F1=0.3216 Acc=0.3628 Labeled=900 QueryTime=0.1s GPU=229MB SSL+64
2026-06-17 14:03:01,534 [INFO]   [class_aware_entropy_ssl] Seed=123 R9/10 F1=0.3693 Acc=0.4018 Labeled=1000 QueryTime=0.1s GPU=229MB SSL+102
2026-06-17 14:03:08,610 [INFO] 
--- Strategy: gap_aware_entropy_ssl ---
2026-06-17 14:03:11,871 [INFO]   [gap_aware_entropy_ssl] Seed=123 R1/10 F1=0.0827 Acc=0.1561 Labeled=200 QueryTime=0.0s GPU=171MB SSL+0
2026-06-17 14:03:15,163 [INFO]   [gap_aware_entropy_ssl] Seed=123 R2/10 F1=0.1612 Acc=0.2210 Labeled=300 QueryTime=0.0s GPU=208MB SSL+0
2026-06-17 14:03:18,748 [INFO]   [gap_aware_entropy_ssl] Seed=123 R3/10 F1=0.2076 Acc=0.2546 Labeled=400 QueryTime=0.0s GPU=229MB SSL+0
2026-06-17 14:03:22,132 [INFO]   [gap_aware_entropy_ssl] Seed=123 R4/10 F1=0.2431 Acc=0.2748 Labeled=500 QueryTime=0.1s GPU=229MB SSL+1
2026-06-17 14:03:25,725 [INFO]   [gap_aware_entropy_ssl] Seed=123 R5/10 F1=0.2827 Acc=0.3128 Labeled=600 QueryTime=0.1s GPU=229MB SSL+1
2026-06-17 14:03:31,124 [INFO]   [gap_aware_entropy_ssl] Seed=123 R6/10 F1=0.2884 Acc=0.3209 Labeled=700 QueryTime=0.1s GPU=229MB SSL+5
2026-06-17 14:03:36,469 [INFO]   [gap_aware_entropy_ssl] Seed=123 R7/10 F1=0.3457 Acc=0.3686 Labeled=800 QueryTime=0.1s GPU=229MB SSL+11
2026-06-17 14:03:43,613 [INFO]   [gap_aware_entropy_ssl] Seed=123 R8/10 F1=0.3400 Acc=0.3670 Labeled=900 QueryTime=0.1s GPU=229MB SSL+49
2026-06-17 14:03:50,978 [INFO]   [gap_aware_entropy_ssl] Seed=123 R9/10 F1=0.3776 Acc=0.3999 Labeled=1000 QueryTime=0.1s GPU=229MB SSL+76
2026-06-17 14:03:57,677 [INFO] 
--- Full Supervised Baseline ---
2026-06-17 14:08:52,376 [INFO] Full Supervised: Acc=0.7198, F1=0.7128 (epochs=50, time=291.9s)
2026-06-17 14:08:53,464 [INFO] 
=== Results saved to C:\Users\28414\Desktop\机器学习—图像分类-期末汇报\output\progressive_joint\joint_r5\rho10 ===
2026-06-17 14:08:53,464 [INFO] 
Summary:
2026-06-17 14:08:53,464 [INFO] Strategy                 Final F1     ±std   p<0.05 vs Random
2026-06-17 14:08:53,464 [INFO] ------------------------------------------------------------
2026-06-17 14:08:53,465 [INFO] class_aware_entropy_ssl       0.3887   0.0000                   
2026-06-17 14:08:53,465 [INFO] gap_aware_entropy_ssl       0.4322   0.0000                   
2026-06-17 14:08:53,465 [INFO] Full Supervised            0.7128
2026-06-17 14:09:02,528 [INFO] === v8 Controlled-Fast AL+SSL Analysis: cifar10 ===
2026-06-17 14:09:02,528 [INFO] Budget: ultra_low, Model: simplecnn, Scheduler: True
2026-06-17 14:09:02,528 [INFO] Strategies: ['class_aware_entropy_ssl', 'gap_aware_entropy_ssl']
2026-06-17 14:09:02,528 [INFO] Seeds: [456]
2026-06-17 14:09:02,528 [INFO] Rounds: 10, Initial: 100, Query: 100
2026-06-17 14:09:02,529 [INFO] SSL: True, Method: flexmatch, t-SNE: False, Resume: False
2026-06-17 14:09:02,529 [INFO] Imbalance mode: max/min class count ratio = 10
2026-06-17 14:09:02,567 [INFO] Device: cuda
2026-06-17 14:09:22,252 [INFO] Imbalance filter (Exponential): 50000 -> 20431 training samples
2026-06-17 14:09:22,252 [INFO] 
--- Strategy: class_aware_entropy_ssl ---
2026-06-17 14:09:29,339 [INFO]   [class_aware_entropy_ssl] Seed=456 R1/10 F1=0.0808 Acc=0.1476 Labeled=200 QueryTime=0.0s GPU=172MB SSL+0
2026-06-17 14:09:35,909 [INFO]   [class_aware_entropy_ssl] Seed=456 R2/10 F1=0.1419 Acc=0.2153 Labeled=300 QueryTime=0.1s GPU=210MB SSL+17
2026-06-17 14:09:41,875 [INFO]   [class_aware_entropy_ssl] Seed=456 R3/10 F1=0.2116 Acc=0.2548 Labeled=400 QueryTime=0.1s GPU=229MB SSL+0
2026-06-17 14:09:48,025 [INFO]   [class_aware_entropy_ssl] Seed=456 R4/10 F1=0.2526 Acc=0.3016 Labeled=500 QueryTime=0.1s GPU=229MB SSL+4
2026-06-17 14:09:54,124 [INFO]   [class_aware_entropy_ssl] Seed=456 R5/10 F1=0.2758 Acc=0.3170 Labeled=600 QueryTime=0.2s GPU=229MB SSL+13
2026-06-17 14:10:02,583 [INFO]   [class_aware_entropy_ssl] Seed=456 R6/10 F1=0.3066 Acc=0.3411 Labeled=700 QueryTime=0.2s GPU=229MB SSL+23
2026-06-17 14:10:11,095 [INFO]   [class_aware_entropy_ssl] Seed=456 R7/10 F1=0.3046 Acc=0.3459 Labeled=800 QueryTime=0.2s GPU=229MB SSL+39
2026-06-17 14:10:21,869 [INFO]   [class_aware_entropy_ssl] Seed=456 R8/10 F1=0.3331 Acc=0.3662 Labeled=900 QueryTime=0.3s GPU=229MB SSL+79
2026-06-17 14:10:32,483 [INFO]   [class_aware_entropy_ssl] Seed=456 R9/10 F1=0.3839 Acc=0.4051 Labeled=1000 QueryTime=0.3s GPU=229MB SSL+82
2026-06-17 14:10:42,003 [INFO] 
--- Strategy: gap_aware_entropy_ssl ---
2026-06-17 14:10:47,758 [INFO]   [gap_aware_entropy_ssl] Seed=456 R1/10 F1=0.0808 Acc=0.1476 Labeled=200 QueryTime=0.0s GPU=171MB SSL+0
2026-06-17 14:10:53,771 [INFO]   [gap_aware_entropy_ssl] Seed=456 R2/10 F1=0.1936 Acc=0.2650 Labeled=300 QueryTime=0.1s GPU=208MB SSL+0
2026-06-17 14:10:59,856 [INFO]   [gap_aware_entropy_ssl] Seed=456 R3/10 F1=0.2223 Acc=0.2709 Labeled=400 QueryTime=0.1s GPU=229MB SSL+0
2026-06-17 14:11:05,976 [INFO]   [gap_aware_entropy_ssl] Seed=456 R4/10 F1=0.2213 Acc=0.2691 Labeled=500 QueryTime=0.1s GPU=229MB SSL+17
2026-06-17 14:11:12,076 [INFO]   [gap_aware_entropy_ssl] Seed=456 R5/10 F1=0.2422 Acc=0.2986 Labeled=600 QueryTime=0.2s GPU=229MB SSL+9
2026-06-17 14:11:20,477 [INFO]   [gap_aware_entropy_ssl] Seed=456 R6/10 F1=0.2731 Acc=0.3220 Labeled=700 QueryTime=0.2s GPU=229MB SSL+39
2026-06-17 14:11:28,549 [INFO]   [gap_aware_entropy_ssl] Seed=456 R7/10 F1=0.2975 Acc=0.3361 Labeled=800 QueryTime=0.2s GPU=229MB SSL+65
2026-06-17 14:11:39,821 [INFO]   [gap_aware_entropy_ssl] Seed=456 R8/10 F1=0.3222 Acc=0.3503 Labeled=900 QueryTime=0.3s GPU=229MB SSL+104
2026-06-17 14:11:50,904 [INFO]   [gap_aware_entropy_ssl] Seed=456 R9/10 F1=0.3320 Acc=0.3620 Labeled=1000 QueryTime=0.3s GPU=229MB SSL+134
2026-06-17 14:12:01,519 [INFO] 
--- Full Supervised Baseline ---
2026-06-17 14:21:27,707 [INFO] Full Supervised: Acc=0.7734, F1=0.7675 (epochs=50, time=563.6s)
2026-06-17 14:21:28,827 [INFO] 
=== Results saved to C:\Users\28414\Desktop\机器学习—图像分类-期末汇报\output\progressive_joint\joint_r5\rho10 ===
2026-06-17 14:21:28,827 [INFO] 
Summary:
2026-06-17 14:21:28,827 [INFO] Strategy                 Final F1     ±std   p<0.05 vs Random
2026-06-17 14:21:28,828 [INFO] ------------------------------------------------------------
2026-06-17 14:21:28,828 [INFO] class_aware_entropy_ssl       0.3876   0.0000                   
2026-06-17 14:21:28,828 [INFO] gap_aware_entropy_ssl       0.3713   0.0000                   
2026-06-17 14:21:28,828 [INFO] Full Supervised            0.7675
