2026-06-12 19:21:54,207 [INFO] === v8 Controlled-Fast AL+SSL Analysis: cifar10 ===
2026-06-12 19:21:54,211 [INFO] Budget: ultra_low, Model: simplecnn, Scheduler: True
2026-06-12 19:21:54,211 [INFO] Strategies: ['random', 'entropy', 'margin', 'coreset', 'badge', 'qbc']
2026-06-12 19:21:54,211 [INFO] Seeds: [42, 123, 456, 789, 1024]
2026-06-12 19:21:54,211 [INFO] Rounds: 10, Initial: 100, Query: 100
2026-06-12 19:21:54,211 [INFO] SSL: True, Method: flexmatch, t-SNE: False, Resume: False
2026-06-12 19:21:54,212 [INFO] Imbalance mode: max/min class count ratio = 20
2026-06-12 19:21:54,318 [INFO] Device: cuda
2026-06-12 19:22:23,459 [INFO] Imbalance filter (Exponential): 50000 -> 17023 training samples
2026-06-12 19:22:23,485 [INFO] 
--- Strategy: random ---
2026-06-12 19:22:45,971 [INFO]   [random] Seed=42 R1/10 F1=0.0648 Acc=0.1451 Labeled=200 QueryTime=0.0s GPU=172MB SSL+0
2026-06-12 19:22:53,579 [INFO]   [random] Seed=42 R2/10 F1=0.0957 Acc=0.1851 Labeled=300 QueryTime=0.0s GPU=210MB SSL+0
2026-06-12 19:22:59,422 [INFO]   [random] Seed=42 R3/10 F1=0.1006 Acc=0.2018 Labeled=400 QueryTime=0.0s GPU=229MB SSL+29
2026-06-12 21:15:32,798 [INFO] === v8 Controlled-Fast AL+SSL Analysis: cifar10 ===
2026-06-12 21:15:32,798 [INFO] Budget: ultra_low, Model: simplecnn, Scheduler: True
2026-06-12 21:15:32,798 [INFO] Strategies: ['random', 'entropy', 'margin', 'coreset', 'badge', 'qbc']
2026-06-12 21:15:32,798 [INFO] Seeds: [42, 123, 456, 789, 1024]
2026-06-12 21:15:32,799 [INFO] Rounds: 10, Initial: 100, Query: 100
2026-06-12 21:15:32,799 [INFO] SSL: True, Method: flexmatch, t-SNE: False, Resume: False
2026-06-12 21:15:32,799 [INFO] Imbalance mode: max/min class count ratio = 20
2026-06-12 21:15:32,864 [INFO] Device: cuda
2026-06-12 21:15:42,208 [INFO] Imbalance filter (Exponential): 50000 -> 17023 training samples
2026-06-12 21:15:42,209 [INFO] 
--- Strategy: random ---
2026-06-12 21:15:46,891 [INFO]   [random] Seed=42 R1/10 F1=0.0648 Acc=0.1451 Labeled=200 QueryTime=0.0s GPU=172MB SSL+0
2026-06-12 21:15:49,921 [INFO]   [random] Seed=42 R2/10 F1=0.0957 Acc=0.1851 Labeled=300 QueryTime=0.0s GPU=210MB SSL+0
2026-06-12 21:15:52,707 [INFO]   [random] Seed=42 R3/10 F1=0.1006 Acc=0.2018 Labeled=400 QueryTime=0.0s GPU=229MB SSL+29
2026-06-12 21:15:55,627 [INFO]   [random] Seed=42 R4/10 F1=0.1145 Acc=0.2068 Labeled=500 QueryTime=0.0s GPU=229MB SSL+33
2026-06-12 21:15:58,541 [INFO]   [random] Seed=42 R5/10 F1=0.1149 Acc=0.2183 Labeled=600 QueryTime=0.0s GPU=229MB SSL+45
2026-06-12 21:16:03,079 [INFO]   [random] Seed=42 R6/10 F1=0.2102 Acc=0.2823 Labeled=700 QueryTime=0.0s GPU=229MB SSL+59
2026-06-12 21:16:07,647 [INFO]   [random] Seed=42 R7/10 F1=0.2169 Acc=0.2862 Labeled=800 QueryTime=0.0s GPU=229MB SSL+39
2026-06-12 21:16:13,809 [INFO]   [random] Seed=42 R8/10 F1=0.2053 Acc=0.2841 Labeled=900 QueryTime=0.0s GPU=229MB SSL+111
2026-06-12 21:16:20,012 [INFO]   [random] Seed=42 R9/10 F1=0.2436 Acc=0.3151 Labeled=1000 QueryTime=0.0s GPU=229MB SSL+189
2026-06-12 21:16:29,072 [INFO]   [random] Seed=123 R1/10 F1=0.0656 Acc=0.1416 Labeled=200 QueryTime=0.0s GPU=171MB SSL+0
2026-06-12 21:16:31,946 [INFO]   [random] Seed=123 R2/10 F1=0.1148 Acc=0.1884 Labeled=300 QueryTime=0.0s GPU=208MB SSL+30
2026-06-12 21:16:34,930 [INFO]   [random] Seed=123 R3/10 F1=0.1336 Acc=0.2176 Labeled=400 QueryTime=0.0s GPU=229MB SSL+12
2026-06-12 21:16:37,915 [INFO]   [random] Seed=123 R4/10 F1=0.1787 Acc=0.2559 Labeled=500 QueryTime=0.0s GPU=229MB SSL+11
2026-06-12 21:16:40,955 [INFO]   [random] Seed=123 R5/10 F1=0.1956 Acc=0.2613 Labeled=600 QueryTime=0.0s GPU=229MB SSL+8
2026-06-12 21:16:45,718 [INFO]   [random] Seed=123 R6/10 F1=0.2134 Acc=0.2891 Labeled=700 QueryTime=0.0s GPU=229MB SSL+53
2026-06-12 21:16:50,564 [INFO]   [random] Seed=123 R7/10 F1=0.2402 Acc=0.3141 Labeled=800 QueryTime=0.0s GPU=229MB SSL+37
2026-06-12 21:16:57,091 [INFO]   [random] Seed=123 R8/10 F1=0.2204 Acc=0.3037 Labeled=900 QueryTime=0.0s GPU=229MB SSL+182
2026-06-12 21:17:03,682 [INFO]   [random] Seed=123 R9/10 F1=0.2520 Acc=0.3348 Labeled=1000 QueryTime=0.0s GPU=229MB SSL+147
2026-06-12 21:17:13,072 [INFO]   [random] Seed=456 R1/10 F1=0.1046 Acc=0.1712 Labeled=200 QueryTime=0.0s GPU=171MB SSL+0
2026-06-12 21:17:15,992 [INFO]   [random] Seed=456 R2/10 F1=0.1372 Acc=0.2164 Labeled=300 QueryTime=0.0s GPU=208MB SSL+14
2026-06-12 21:17:19,032 [INFO]   [random] Seed=456 R3/10 F1=0.1478 Acc=0.2328 Labeled=400 QueryTime=0.0s GPU=229MB SSL+20
2026-06-12 21:17:22,077 [INFO]   [random] Seed=456 R4/10 F1=0.1902 Acc=0.2645 Labeled=500 QueryTime=0.0s GPU=229MB SSL+9
2026-06-12 21:17:25,131 [INFO]   [random] Seed=456 R5/10 F1=0.1552 Acc=0.2462 Labeled=600 QueryTime=0.0s GPU=229MB SSL+50
2026-06-12 21:17:29,890 [INFO]   [random] Seed=456 R6/10 F1=0.2523 Acc=0.3109 Labeled=700 QueryTime=0.0s GPU=229MB SSL+26
2026-06-12 21:17:34,799 [INFO]   [random] Seed=456 R7/10 F1=0.2269 Acc=0.2938 Labeled=800 QueryTime=0.0s GPU=229MB SSL+108
2026-06-12 21:17:41,664 [INFO]   [random] Seed=456 R8/10 F1=0.2431 Acc=0.3129 Labeled=900 QueryTime=0.0s GPU=229MB SSL+204
2026-06-12 21:17:48,494 [INFO]   [random] Seed=456 R9/10 F1=0.2519 Acc=0.3089 Labeled=1000 QueryTime=0.0s GPU=229MB SSL+176
2026-06-12 21:17:58,308 [INFO]   [random] Seed=789 R1/10 F1=0.0769 Acc=0.1591 Labeled=200 QueryTime=0.0s GPU=171MB SSL+0
2026-06-12 21:18:01,374 [INFO]   [random] Seed=789 R2/10 F1=0.0890 Acc=0.1833 Labeled=300 QueryTime=0.0s GPU=208MB SSL+8
2026-06-12 21:18:04,643 [INFO]   [random] Seed=789 R3/10 F1=0.0946 Acc=0.1925 Labeled=400 QueryTime=0.0s GPU=229MB SSL+22
2026-06-12 21:18:07,831 [INFO]   [random] Seed=789 R4/10 F1=0.1345 Acc=0.2260 Labeled=500 QueryTime=0.0s GPU=229MB SSL+25
2026-06-12 21:18:11,134 [INFO]   [random] Seed=789 R5/10 F1=0.1621 Acc=0.2449 Labeled=600 QueryTime=0.0s GPU=229MB SSL+15
2026-06-12 21:18:16,332 [INFO]   [random] Seed=789 R6/10 F1=0.1843 Acc=0.2605 Labeled=700 QueryTime=0.0s GPU=229MB SSL+36
2026-06-12 21:18:21,535 [INFO]   [random] Seed=789 R7/10 F1=0.2069 Acc=0.2803 Labeled=800 QueryTime=0.0s GPU=229MB SSL+89
2026-06-12 21:18:29,479 [INFO]   [random] Seed=789 R8/10 F1=0.2546 Acc=0.3063 Labeled=900 QueryTime=0.0s GPU=229MB SSL+80
2026-06-12 21:18:36,614 [INFO]   [random] Seed=789 R9/10 F1=0.2587 Acc=0.3193 Labeled=1000 QueryTime=0.0s GPU=229MB SSL+192
2026-06-12 21:18:46,619 [INFO]   [random] Seed=1024 R1/10 F1=0.0980 Acc=0.1800 Labeled=200 QueryTime=0.0s GPU=171MB SSL+0
2026-06-12 21:18:49,785 [INFO]   [random] Seed=1024 R2/10 F1=0.1310 Acc=0.2158 Labeled=300 QueryTime=0.0s GPU=208MB SSL+0
2026-06-12 21:18:53,041 [INFO]   [random] Seed=1024 R3/10 F1=0.1303 Acc=0.2153 Labeled=400 QueryTime=0.0s GPU=229MB SSL+17
2026-06-12 21:18:56,250 [INFO]   [random] Seed=1024 R4/10 F1=0.1396 Acc=0.2272 Labeled=500 QueryTime=0.0s GPU=229MB SSL+14
2026-06-12 21:18:59,475 [INFO]   [random] Seed=1024 R5/10 F1=0.1512 Acc=0.2286 Labeled=600 QueryTime=0.0s GPU=229MB SSL+23
2026-06-12 21:19:04,570 [INFO]   [random] Seed=1024 R6/10 F1=0.2155 Acc=0.2792 Labeled=700 QueryTime=0.0s GPU=229MB SSL+29
2026-06-12 21:19:09,584 [INFO]   [random] Seed=1024 R7/10 F1=0.2472 Acc=0.3133 Labeled=800 QueryTime=0.0s GPU=229MB SSL+68
2026-06-12 21:19:16,477 [INFO]   [random] Seed=1024 R8/10 F1=0.2675 Acc=0.3243 Labeled=900 QueryTime=0.0s GPU=229MB SSL+127
2026-06-12 21:19:23,356 [INFO]   [random] Seed=1024 R9/10 F1=0.2876 Acc=0.3397 Labeled=1000 QueryTime=0.0s GPU=229MB SSL+162
2026-06-12 21:19:30,265 [INFO] 
--- Strategy: entropy ---
2026-06-12 21:19:34,335 [INFO]   [entropy] Seed=42 R1/10 F1=0.0648 Acc=0.1451 Labeled=200 QueryTime=0.0s GPU=171MB SSL+0
2026-06-12 21:19:38,275 [INFO]   [entropy] Seed=42 R2/10 F1=0.1089 Acc=0.1964 Labeled=300 QueryTime=0.0s GPU=217MB SSL+0
2026-06-12 21:19:42,522 [INFO]   [entropy] Seed=42 R3/10 F1=0.1624 Acc=0.2513 Labeled=400 QueryTime=0.0s GPU=237MB SSL+0
2026-06-12 21:19:46,593 [INFO]   [entropy] Seed=42 R4/10 F1=0.1872 Acc=0.2649 Labeled=500 QueryTime=0.0s GPU=237MB SSL+25
2026-06-12 21:19:50,561 [INFO]   [entropy] Seed=42 R5/10 F1=0.2009 Acc=0.2696 Labeled=600 QueryTime=0.0s GPU=237MB SSL+19
2026-06-12 21:19:56,562 [INFO]   [entropy] Seed=42 R6/10 F1=0.2221 Acc=0.2916 Labeled=700 QueryTime=0.0s GPU=237MB SSL+61
2026-06-12 21:20:02,564 [INFO]   [entropy] Seed=42 R7/10 F1=0.2671 Acc=0.3310 Labeled=800 QueryTime=0.0s GPU=237MB SSL+45
2026-06-12 21:20:10,332 [INFO]   [entropy] Seed=42 R8/10 F1=0.2920 Acc=0.3500 Labeled=900 QueryTime=0.0s GPU=237MB SSL+94
2026-06-12 21:20:18,064 [INFO]   [entropy] Seed=42 R9/10 F1=0.3116 Acc=0.3584 Labeled=1000 QueryTime=0.0s GPU=237MB SSL+81
2026-06-12 21:20:28,945 [INFO]   [entropy] Seed=123 R1/10 F1=0.0656 Acc=0.1416 Labeled=200 QueryTime=0.0s GPU=185MB SSL+0
2026-06-12 21:20:32,831 [INFO]   [entropy] Seed=123 R2/10 F1=0.1222 Acc=0.1980 Labeled=300 QueryTime=0.0s GPU=231MB SSL+10
2026-06-12 21:20:36,701 [INFO]   [entropy] Seed=123 R3/10 F1=0.1668 Acc=0.2381 Labeled=400 QueryTime=0.0s GPU=250MB SSL+25
2026-06-12 21:20:40,584 [INFO]   [entropy] Seed=123 R4/10 F1=0.2035 Acc=0.2607 Labeled=500 QueryTime=0.0s GPU=249MB SSL+12
2026-06-12 21:20:44,504 [INFO]   [entropy] Seed=123 R5/10 F1=0.2068 Acc=0.2824 Labeled=600 QueryTime=0.0s GPU=249MB SSL+26
2026-06-12 21:20:50,253 [INFO]   [entropy] Seed=123 R6/10 F1=0.2252 Acc=0.2988 Labeled=700 QueryTime=0.0s GPU=250MB SSL+34
2026-06-12 21:20:56,001 [INFO]   [entropy] Seed=123 R7/10 F1=0.2375 Acc=0.3143 Labeled=800 QueryTime=0.0s GPU=250MB SSL+69
2026-06-12 21:21:03,824 [INFO]   [entropy] Seed=123 R8/10 F1=0.2615 Acc=0.3358 Labeled=900 QueryTime=0.0s GPU=250MB SSL+104
2026-06-12 21:21:11,721 [INFO]   [entropy] Seed=123 R9/10 F1=0.2731 Acc=0.3461 Labeled=1000 QueryTime=0.0s GPU=250MB SSL+174
2026-06-12 21:21:22,533 [INFO]   [entropy] Seed=456 R1/10 F1=0.1046 Acc=0.1712 Labeled=200 QueryTime=0.0s GPU=185MB SSL+0
2026-06-12 21:21:26,349 [INFO]   [entropy] Seed=456 R2/10 F1=0.1357 Acc=0.2321 Labeled=300 QueryTime=0.0s GPU=231MB SSL+0
2026-06-12 21:21:30,289 [INFO]   [entropy] Seed=456 R3/10 F1=0.1276 Acc=0.2171 Labeled=400 QueryTime=0.0s GPU=249MB SSL+5
2026-06-12 21:21:34,082 [INFO]   [entropy] Seed=456 R4/10 F1=0.1856 Acc=0.2649 Labeled=500 QueryTime=0.0s GPU=249MB SSL+6
2026-06-12 21:21:37,879 [INFO]   [entropy] Seed=456 R5/10 F1=0.2398 Acc=0.3087 Labeled=600 QueryTime=0.0s GPU=249MB SSL+13
2026-06-12 21:21:43,515 [INFO]   [entropy] Seed=456 R6/10 F1=0.2207 Acc=0.2994 Labeled=700 QueryTime=0.0s GPU=249MB SSL+52
2026-06-12 21:21:49,170 [INFO]   [entropy] Seed=456 R7/10 F1=0.2030 Acc=0.2800 Labeled=800 QueryTime=0.0s GPU=249MB SSL+42
2026-06-12 21:21:56,691 [INFO]   [entropy] Seed=456 R8/10 F1=0.2896 Acc=0.3404 Labeled=900 QueryTime=0.0s GPU=249MB SSL+101
2026-06-12 21:22:04,461 [INFO]   [entropy] Seed=456 R9/10 F1=0.3541 Acc=0.3887 Labeled=1000 QueryTime=0.0s GPU=249MB SSL+74
2026-06-12 21:22:15,158 [INFO]   [entropy] Seed=789 R1/10 F1=0.0769 Acc=0.1591 Labeled=200 QueryTime=0.0s GPU=201MB SSL+0
2026-06-12 21:22:19,832 [INFO]   [entropy] Seed=789 R2/10 F1=0.0912 Acc=0.1919 Labeled=300 QueryTime=0.0s GPU=243MB SSL+15
2026-06-12 21:22:23,925 [INFO]   [entropy] Seed=789 R3/10 F1=0.1276 Acc=0.2153 Labeled=400 QueryTime=0.0s GPU=263MB SSL+10
2026-06-12 21:22:27,905 [INFO]   [entropy] Seed=789 R4/10 F1=0.1319 Acc=0.2094 Labeled=500 QueryTime=0.0s GPU=263MB SSL+8
2026-06-12 21:22:31,782 [INFO]   [entropy] Seed=789 R5/10 F1=0.1413 Acc=0.2283 Labeled=600 QueryTime=0.0s GPU=263MB SSL+9
2026-06-12 21:22:37,570 [INFO]   [entropy] Seed=789 R6/10 F1=0.1482 Acc=0.2372 Labeled=700 QueryTime=0.0s GPU=263MB SSL+42
2026-06-12 21:22:43,140 [INFO]   [entropy] Seed=789 R7/10 F1=0.1746 Acc=0.2503 Labeled=800 QueryTime=0.0s GPU=263MB SSL+51
2026-06-12 21:22:50,622 [INFO]   [entropy] Seed=789 R8/10 F1=0.2515 Acc=0.3065 Labeled=900 QueryTime=0.0s GPU=263MB SSL+53
2026-06-12 21:22:58,063 [INFO]   [entropy] Seed=789 R9/10 F1=0.2409 Acc=0.2973 Labeled=1000 QueryTime=0.0s GPU=263MB SSL+51
2026-06-12 21:23:08,624 [INFO]   [entropy] Seed=1024 R1/10 F1=0.0980 Acc=0.1800 Labeled=200 QueryTime=0.0s GPU=213MB SSL+0
2026-06-12 21:23:12,269 [INFO]   [entropy] Seed=1024 R2/10 F1=0.1257 Acc=0.1988 Labeled=300 QueryTime=0.0s GPU=255MB SSL+3
2026-06-12 21:23:15,925 [INFO]   [entropy] Seed=1024 R3/10 F1=0.0867 Acc=0.1918 Labeled=400 QueryTime=0.0s GPU=275MB SSL+18
2026-06-12 21:23:19,670 [INFO]   [entropy] Seed=1024 R4/10 F1=0.1447 Acc=0.2322 Labeled=500 QueryTime=0.0s GPU=275MB SSL+0
2026-06-12 21:23:23,415 [INFO]   [entropy] Seed=1024 R5/10 F1=0.1772 Acc=0.2465 Labeled=600 QueryTime=0.0s GPU=275MB SSL+14
2026-06-12 21:23:28,961 [INFO]   [entropy] Seed=1024 R6/10 F1=0.2040 Acc=0.2812 Labeled=700 QueryTime=0.0s GPU=276MB SSL+54
2026-06-12 21:23:34,503 [INFO]   [entropy] Seed=1024 R7/10 F1=0.2386 Acc=0.3132 Labeled=800 QueryTime=0.0s GPU=276MB SSL+44
2026-06-12 21:23:41,856 [INFO]   [entropy] Seed=1024 R8/10 F1=0.2650 Acc=0.3273 Labeled=900 QueryTime=0.0s GPU=276MB SSL+68
2026-06-12 21:23:49,137 [INFO]   [entropy] Seed=1024 R9/10 F1=0.3022 Acc=0.3501 Labeled=1000 QueryTime=0.0s GPU=276MB SSL+111
2026-06-12 21:23:55,930 [INFO] 
--- Strategy: margin ---
2026-06-12 21:23:59,547 [INFO]   [margin] Seed=42 R1/10 F1=0.0648 Acc=0.1451 Labeled=200 QueryTime=0.0s GPU=226MB SSL+0
2026-06-12 21:24:03,307 [INFO]   [margin] Seed=42 R2/10 F1=0.1332 Acc=0.2096 Labeled=300 QueryTime=0.0s GPU=268MB SSL+5
2026-06-12 21:24:07,002 [INFO]   [margin] Seed=42 R3/10 F1=0.1309 Acc=0.2210 Labeled=400 QueryTime=0.0s GPU=288MB SSL+8
2026-06-12 21:24:10,738 [INFO]   [margin] Seed=42 R4/10 F1=0.1810 Acc=0.2623 Labeled=500 QueryTime=0.0s GPU=288MB SSL+10
2026-06-12 21:24:14,340 [INFO]   [margin] Seed=42 R5/10 F1=0.2092 Acc=0.2846 Labeled=600 QueryTime=0.0s GPU=288MB SSL+12
2026-06-12 21:24:19,849 [INFO]   [margin] Seed=42 R6/10 F1=0.2359 Acc=0.3068 Labeled=700 QueryTime=0.0s GPU=289MB SSL+27
2026-06-12 21:24:25,328 [INFO]   [margin] Seed=42 R7/10 F1=0.2502 Acc=0.3259 Labeled=800 QueryTime=0.0s GPU=289MB SSL+33
2026-06-12 21:24:32,661 [INFO]   [margin] Seed=42 R8/10 F1=0.2395 Acc=0.3289 Labeled=900 QueryTime=0.0s GPU=290MB SSL+76
2026-06-12 21:24:40,061 [INFO]   [margin] Seed=42 R9/10 F1=0.2663 Acc=0.3475 Labeled=1000 QueryTime=0.0s GPU=290MB SSL+143
2026-06-12 21:24:50,910 [INFO]   [margin] Seed=123 R1/10 F1=0.0656 Acc=0.1416 Labeled=200 QueryTime=0.0s GPU=241MB SSL+0
2026-06-12 21:24:54,658 [INFO]   [margin] Seed=123 R2/10 F1=0.1266 Acc=0.2072 Labeled=300 QueryTime=0.0s GPU=282MB SSL+5
2026-06-12 21:24:58,701 [INFO]   [margin] Seed=123 R3/10 F1=0.1775 Acc=0.2355 Labeled=400 QueryTime=0.0s GPU=303MB SSL+8
2026-06-12 21:25:02,623 [INFO]   [margin] Seed=123 R4/10 F1=0.2012 Acc=0.2604 Labeled=500 QueryTime=0.0s GPU=277MB SSL+12
2026-06-12 21:25:06,455 [INFO]   [margin] Seed=123 R5/10 F1=0.2053 Acc=0.2652 Labeled=600 QueryTime=0.0s GPU=277MB SSL+11
2026-06-12 21:25:12,222 [INFO]   [margin] Seed=123 R6/10 F1=0.2313 Acc=0.2977 Labeled=700 QueryTime=0.0s GPU=277MB SSL+56
2026-06-12 21:25:17,872 [INFO]   [margin] Seed=123 R7/10 F1=0.2651 Acc=0.3237 Labeled=800 QueryTime=0.0s GPU=277MB SSL+30
2026-06-12 21:25:25,541 [INFO]   [margin] Seed=123 R8/10 F1=0.2653 Acc=0.3286 Labeled=900 QueryTime=0.0s GPU=277MB SSL+85
2026-06-12 21:25:33,176 [INFO]   [margin] Seed=123 R9/10 F1=0.2872 Acc=0.3561 Labeled=1000 QueryTime=0.0s GPU=277MB SSL+127
2026-06-12 21:25:43,810 [INFO]   [margin] Seed=456 R1/10 F1=0.1046 Acc=0.1712 Labeled=200 QueryTime=0.0s GPU=225MB SSL+0
2026-06-12 21:25:47,521 [INFO]   [margin] Seed=456 R2/10 F1=0.0929 Acc=0.1929 Labeled=300 QueryTime=0.0s GPU=267MB SSL+9
2026-06-12 21:25:51,313 [INFO]   [margin] Seed=456 R3/10 F1=0.1195 Acc=0.2055 Labeled=400 QueryTime=0.0s GPU=287MB SSL+38
2026-06-12 21:25:55,182 [INFO]   [margin] Seed=456 R4/10 F1=0.1572 Acc=0.2454 Labeled=500 QueryTime=0.0s GPU=287MB SSL+41
2026-06-12 21:25:58,978 [INFO]   [margin] Seed=456 R5/10 F1=0.1889 Acc=0.2666 Labeled=600 QueryTime=0.0s GPU=287MB SSL+12
2026-06-12 21:26:04,702 [INFO]   [margin] Seed=456 R6/10 F1=0.2472 Acc=0.3104 Labeled=700 QueryTime=0.0s GPU=279MB SSL+23
2026-06-12 21:26:10,447 [INFO]   [margin] Seed=456 R7/10 F1=0.2732 Acc=0.3315 Labeled=800 QueryTime=0.0s GPU=264MB SSL+37
2026-06-12 21:26:17,995 [INFO]   [margin] Seed=456 R8/10 F1=0.2921 Acc=0.3460 Labeled=900 QueryTime=0.0s GPU=264MB SSL+112
2026-06-12 21:26:25,602 [INFO]   [margin] Seed=456 R9/10 F1=0.3609 Acc=0.3955 Labeled=1000 QueryTime=0.0s GPU=264MB SSL+85
2026-06-12 21:26:36,584 [INFO]   [margin] Seed=789 R1/10 F1=0.0769 Acc=0.1591 Labeled=200 QueryTime=0.0s GPU=213MB SSL+0
2026-06-12 21:26:40,293 [INFO]   [margin] Seed=789 R2/10 F1=0.1012 Acc=0.2043 Labeled=300 QueryTime=0.0s GPU=255MB SSL+20
2026-06-12 21:26:44,566 [INFO]   [margin] Seed=789 R3/10 F1=0.1235 Acc=0.2188 Labeled=400 QueryTime=0.0s GPU=275MB SSL+29
2026-06-12 21:26:48,752 [INFO]   [margin] Seed=789 R4/10 F1=0.1615 Acc=0.2487 Labeled=500 QueryTime=0.0s GPU=275MB SSL+6
2026-06-12 21:26:52,588 [INFO]   [margin] Seed=789 R5/10 F1=0.1335 Acc=0.2087 Labeled=600 QueryTime=0.0s GPU=275MB SSL+18
2026-06-12 21:26:58,201 [INFO]   [margin] Seed=789 R6/10 F1=0.1913 Acc=0.2658 Labeled=700 QueryTime=0.0s GPU=275MB SSL+20
2026-06-12 21:27:03,771 [INFO]   [margin] Seed=789 R7/10 F1=0.2414 Acc=0.3080 Labeled=800 QueryTime=0.0s GPU=275MB SSL+38
2026-06-12 21:27:11,130 [INFO]   [margin] Seed=789 R8/10 F1=0.2724 Acc=0.3371 Labeled=900 QueryTime=0.0s GPU=275MB SSL+82
2026-06-12 21:27:18,451 [INFO]   [margin] Seed=789 R9/10 F1=0.3070 Acc=0.3645 Labeled=1000 QueryTime=0.0s GPU=275MB SSL+69
2026-06-12 21:27:28,893 [INFO]   [margin] Seed=1024 R1/10 F1=0.0980 Acc=0.1800 Labeled=200 QueryTime=0.0s GPU=224MB SSL+0
2026-06-12 21:27:32,454 [INFO]   [margin] Seed=1024 R2/10 F1=0.1434 Acc=0.2318 Labeled=300 QueryTime=0.0s GPU=269MB SSL+0
2026-06-12 21:27:36,258 [INFO]   [margin] Seed=1024 R3/10 F1=0.1584 Acc=0.2471 Labeled=400 QueryTime=0.0s GPU=290MB SSL+16
2026-06-12 21:27:40,069 [INFO]   [margin] Seed=1024 R4/10 F1=0.1964 Acc=0.2704 Labeled=500 QueryTime=0.0s GPU=290MB SSL+27
2026-06-12 21:27:43,826 [INFO]   [margin] Seed=1024 R5/10 F1=0.1765 Acc=0.2602 Labeled=600 QueryTime=0.0s GPU=290MB SSL+40
2026-06-12 21:27:49,388 [INFO]   [margin] Seed=1024 R6/10 F1=0.2431 Acc=0.3112 Labeled=700 QueryTime=0.0s GPU=290MB SSL+27
2026-06-12 21:27:54,894 [INFO]   [margin] Seed=1024 R7/10 F1=0.2417 Acc=0.3142 Labeled=800 QueryTime=0.0s GPU=290MB SSL+60
2026-06-12 21:28:02,201 [INFO]   [margin] Seed=1024 R8/10 F1=0.2813 Acc=0.3560 Labeled=900 QueryTime=0.0s GPU=290MB SSL+76
2026-06-12 21:28:09,590 [INFO]   [margin] Seed=1024 R9/10 F1=0.3071 Acc=0.3625 Labeled=1000 QueryTime=0.0s GPU=290MB SSL+80
2026-06-12 21:28:16,283 [INFO] 
--- Strategy: coreset ---
2026-06-12 21:28:22,822 [INFO]   [coreset] Seed=42 R1/10 F1=0.0648 Acc=0.1451 Labeled=200 QueryTime=3.0s GPU=236MB SSL+0
2026-06-12 21:28:30,797 [INFO]   [coreset] Seed=42 R2/10 F1=0.1207 Acc=0.2000 Labeled=300 QueryTime=4.4s GPU=272MB SSL+0
2026-06-12 21:28:40,128 [INFO]   [coreset] Seed=42 R3/10 F1=0.1321 Acc=0.2199 Labeled=400 QueryTime=5.8s GPU=295MB SSL+13
2026-06-12 21:28:50,942 [INFO]   [coreset] Seed=42 R4/10 F1=0.1856 Acc=0.2620 Labeled=500 QueryTime=7.3s GPU=295MB SSL+33
2026-06-12 21:29:02,935 [INFO]   [coreset] Seed=42 R5/10 F1=0.1583 Acc=0.2501 Labeled=600 QueryTime=8.7s GPU=295MB SSL+44
2026-06-12 21:29:18,583 [INFO]   [coreset] Seed=42 R6/10 F1=0.1563 Acc=0.2442 Labeled=700 QueryTime=10.2s GPU=295MB SSL+86
2026-06-12 21:29:35,454 [INFO]   [coreset] Seed=42 R7/10 F1=0.2259 Acc=0.2930 Labeled=800 QueryTime=11.5s GPU=295MB SSL+34
2026-06-12 21:29:56,074 [INFO]   [coreset] Seed=42 R8/10 F1=0.2396 Acc=0.2978 Labeled=900 QueryTime=13.2s GPU=295MB SSL+73
2026-06-12 21:30:18,296 [INFO]   [coreset] Seed=42 R9/10 F1=0.2818 Acc=0.3375 Labeled=1000 QueryTime=14.6s GPU=295MB SSL+117
2026-06-12 21:30:31,653 [INFO]   [coreset] Seed=123 R1/10 F1=0.0656 Acc=0.1416 Labeled=200 QueryTime=2.9s GPU=236MB SSL+0
2026-06-12 21:30:39,436 [INFO]   [coreset] Seed=123 R2/10 F1=0.0948 Acc=0.1766 Labeled=300 QueryTime=4.4s GPU=272MB SSL+8
2026-06-12 21:30:48,802 [INFO]   [coreset] Seed=123 R3/10 F1=0.1300 Acc=0.1914 Labeled=400 QueryTime=5.9s GPU=295MB SSL+31
2026-06-12 21:30:59,562 [INFO]   [coreset] Seed=123 R4/10 F1=0.1746 Acc=0.2355 Labeled=500 QueryTime=7.3s GPU=295MB SSL+14
2026-06-12 21:31:12,096 [INFO]   [coreset] Seed=123 R5/10 F1=0.1913 Acc=0.2605 Labeled=600 QueryTime=8.9s GPU=295MB SSL+22
2026-06-12 21:31:27,965 [INFO]   [coreset] Seed=123 R6/10 F1=0.1797 Acc=0.2544 Labeled=700 QueryTime=10.3s GPU=295MB SSL+40
2026-06-12 21:31:45,337 [INFO]   [coreset] Seed=123 R7/10 F1=0.2519 Acc=0.3096 Labeled=800 QueryTime=11.8s GPU=295MB SSL+34
2026-06-12 21:32:06,827 [INFO]   [coreset] Seed=123 R8/10 F1=0.2684 Acc=0.3336 Labeled=900 QueryTime=13.4s GPU=295MB SSL+160
2026-06-12 21:32:28,749 [INFO]   [coreset] Seed=123 R9/10 F1=0.3159 Acc=0.3491 Labeled=1000 QueryTime=14.3s GPU=295MB SSL+190
2026-06-12 21:32:42,139 [INFO]   [coreset] Seed=456 R1/10 F1=0.1046 Acc=0.1712 Labeled=200 QueryTime=3.0s GPU=236MB SSL+0
2026-06-12 21:32:49,803 [INFO]   [coreset] Seed=456 R2/10 F1=0.1201 Acc=0.2104 Labeled=300 QueryTime=4.3s GPU=272MB SSL+0
2026-06-12 21:32:59,090 [INFO]   [coreset] Seed=456 R3/10 F1=0.1484 Acc=0.2434 Labeled=400 QueryTime=5.8s GPU=295MB SSL+8
2026-06-12 21:33:10,257 [INFO]   [coreset] Seed=456 R4/10 F1=0.1638 Acc=0.2524 Labeled=500 QueryTime=7.3s GPU=295MB SSL+10
2026-06-12 21:33:22,475 [INFO]   [coreset] Seed=456 R5/10 F1=0.1564 Acc=0.2502 Labeled=600 QueryTime=8.7s GPU=295MB SSL+26
2026-06-12 21:33:38,338 [INFO]   [coreset] Seed=456 R6/10 F1=0.1815 Acc=0.2667 Labeled=700 QueryTime=10.3s GPU=295MB SSL+65
2026-06-12 21:33:55,446 [INFO]   [coreset] Seed=456 R7/10 F1=0.1658 Acc=0.2566 Labeled=800 QueryTime=11.5s GPU=295MB SSL+169
2026-06-12 21:34:15,809 [INFO]   [coreset] Seed=456 R8/10 F1=0.2504 Acc=0.3105 Labeled=900 QueryTime=12.9s GPU=295MB SSL+111
2026-06-12 21:34:38,239 [INFO]   [coreset] Seed=456 R9/10 F1=0.2750 Acc=0.3328 Labeled=1000 QueryTime=14.8s GPU=295MB SSL+182
2026-06-12 21:34:51,851 [INFO]   [coreset] Seed=789 R1/10 F1=0.0769 Acc=0.1591 Labeled=200 QueryTime=2.9s GPU=236MB SSL+0
2026-06-12 21:35:00,033 [INFO]   [coreset] Seed=789 R2/10 F1=0.1065 Acc=0.2090 Labeled=300 QueryTime=4.4s GPU=272MB SSL+0
2026-06-12 21:35:09,716 [INFO]   [coreset] Seed=789 R3/10 F1=0.0947 Acc=0.1981 Labeled=400 QueryTime=5.8s GPU=295MB SSL+30
2026-06-12 21:35:20,543 [INFO]   [coreset] Seed=789 R4/10 F1=0.0977 Acc=0.1933 Labeled=500 QueryTime=7.3s GPU=295MB SSL+27
2026-06-12 21:35:32,926 [INFO]   [coreset] Seed=789 R5/10 F1=0.1482 Acc=0.2370 Labeled=600 QueryTime=8.8s GPU=295MB SSL+32
2026-06-12 21:35:49,651 [INFO]   [coreset] Seed=789 R6/10 F1=0.1871 Acc=0.2654 Labeled=700 QueryTime=11.0s GPU=295MB SSL+66
2026-06-12 21:36:08,769 [INFO]   [coreset] Seed=789 R7/10 F1=0.2105 Acc=0.2796 Labeled=800 QueryTime=12.9s GPU=295MB SSL+119
2026-06-12 21:36:30,847 [INFO]   [coreset] Seed=789 R8/10 F1=0.2388 Acc=0.3021 Labeled=900 QueryTime=13.8s GPU=295MB SSL+140
2026-06-12 21:36:54,066 [INFO]   [coreset] Seed=789 R9/10 F1=0.2416 Acc=0.3070 Labeled=1000 QueryTime=15.3s GPU=295MB SSL+225
2026-06-12 21:37:08,295 [INFO]   [coreset] Seed=1024 R1/10 F1=0.0980 Acc=0.1800 Labeled=200 QueryTime=3.0s GPU=236MB SSL+0
2026-06-12 21:37:16,567 [INFO]   [coreset] Seed=1024 R2/10 F1=0.1095 Acc=0.2055 Labeled=300 QueryTime=4.6s GPU=272MB SSL+1
2026-06-12 21:37:26,579 [INFO]   [coreset] Seed=1024 R3/10 F1=0.1062 Acc=0.2038 Labeled=400 QueryTime=6.1s GPU=295MB SSL+15
2026-06-12 21:37:38,611 [INFO]   [coreset] Seed=1024 R4/10 F1=0.1269 Acc=0.2198 Labeled=500 QueryTime=8.0s GPU=295MB SSL+10
2026-06-12 21:37:51,449 [INFO]   [coreset] Seed=1024 R5/10 F1=0.1131 Acc=0.2048 Labeled=600 QueryTime=9.1s GPU=295MB SSL+23
2026-06-12 21:38:07,958 [INFO]   [coreset] Seed=1024 R6/10 F1=0.1604 Acc=0.2507 Labeled=700 QueryTime=10.3s GPU=295MB SSL+59
2026-06-12 21:38:25,215 [INFO]   [coreset] Seed=1024 R7/10 F1=0.2080 Acc=0.2823 Labeled=800 QueryTime=11.7s GPU=295MB SSL+27
2026-06-12 21:38:45,690 [INFO]   [coreset] Seed=1024 R8/10 F1=0.2086 Acc=0.2802 Labeled=900 QueryTime=13.0s GPU=295MB SSL+182
2026-06-12 21:39:07,924 [INFO]   [coreset] Seed=1024 R9/10 F1=0.2226 Acc=0.2838 Labeled=1000 QueryTime=14.4s GPU=295MB SSL+133
2026-06-12 21:39:14,797 [INFO] 
--- Strategy: badge ---
2026-06-12 21:39:33,091 [INFO]   [badge] Seed=42 R1/10 F1=0.0648 Acc=0.1451 Labeled=200 QueryTime=14.7s GPU=236MB SSL+0
2026-06-12 21:39:51,198 [INFO]   [badge] Seed=42 R2/10 F1=0.1153 Acc=0.1852 Labeled=300 QueryTime=14.8s GPU=272MB SSL+17
2026-06-12 21:40:09,606 [INFO]   [badge] Seed=42 R3/10 F1=0.1686 Acc=0.2490 Labeled=400 QueryTime=14.9s GPU=295MB SSL+21
2026-06-12 21:40:28,517 [INFO]   [badge] Seed=42 R4/10 F1=0.1716 Acc=0.2494 Labeled=500 QueryTime=14.9s GPU=295MB SSL+3
2026-06-12 21:40:46,934 [INFO]   [badge] Seed=42 R5/10 F1=0.2129 Acc=0.2834 Labeled=600 QueryTime=15.0s GPU=295MB SSL+10
2026-06-12 21:41:07,528 [INFO]   [badge] Seed=42 R6/10 F1=0.1702 Acc=0.2505 Labeled=700 QueryTime=15.0s GPU=295MB SSL+53
2026-06-12 21:41:27,812 [INFO]   [badge] Seed=42 R7/10 F1=0.2367 Acc=0.3043 Labeled=800 QueryTime=14.9s GPU=295MB SSL+115
2026-06-12 21:41:50,082 [INFO]   [badge] Seed=42 R8/10 F1=0.2481 Acc=0.3122 Labeled=900 QueryTime=14.9s GPU=295MB SSL+122
2026-06-12 21:42:12,527 [INFO]   [badge] Seed=42 R9/10 F1=0.3288 Acc=0.3783 Labeled=1000 QueryTime=15.1s GPU=295MB SSL+85
2026-06-12 21:42:37,700 [INFO]   [badge] Seed=123 R1/10 F1=0.0656 Acc=0.1416 Labeled=200 QueryTime=14.7s GPU=236MB SSL+0
2026-06-12 21:42:56,159 [INFO]   [badge] Seed=123 R2/10 F1=0.1384 Acc=0.2165 Labeled=300 QueryTime=15.1s GPU=272MB SSL+5
2026-06-12 21:43:15,105 [INFO]   [badge] Seed=123 R3/10 F1=0.1542 Acc=0.2095 Labeled=400 QueryTime=15.3s GPU=295MB SSL+32
2026-06-12 21:43:33,902 [INFO]   [badge] Seed=123 R4/10 F1=0.1935 Acc=0.2635 Labeled=500 QueryTime=15.1s GPU=295MB SSL+12
2026-06-12 21:43:51,919 [INFO]   [badge] Seed=123 R5/10 F1=0.1801 Acc=0.2423 Labeled=600 QueryTime=14.6s GPU=295MB SSL+9
2026-06-12 21:44:12,176 [INFO]   [badge] Seed=123 R6/10 F1=0.2021 Acc=0.2763 Labeled=700 QueryTime=14.9s GPU=295MB SSL+64
2026-06-12 21:44:32,360 [INFO]   [badge] Seed=123 R7/10 F1=0.2460 Acc=0.3126 Labeled=800 QueryTime=14.8s GPU=295MB SSL+20
2026-06-12 21:44:54,839 [INFO]   [badge] Seed=123 R8/10 F1=0.2633 Acc=0.3313 Labeled=900 QueryTime=14.8s GPU=295MB SSL+64
2026-06-12 21:45:17,010 [INFO]   [badge] Seed=123 R9/10 F1=0.2995 Acc=0.3574 Labeled=1000 QueryTime=14.9s GPU=295MB SSL+77
2026-06-12 21:45:42,303 [INFO]   [badge] Seed=456 R1/10 F1=0.1046 Acc=0.1712 Labeled=200 QueryTime=14.9s GPU=236MB SSL+0
2026-06-12 21:46:00,591 [INFO]   [badge] Seed=456 R2/10 F1=0.1354 Acc=0.2269 Labeled=300 QueryTime=14.9s GPU=272MB SSL+0
2026-06-12 21:46:19,278 [INFO]   [badge] Seed=456 R3/10 F1=0.1607 Acc=0.2444 Labeled=400 QueryTime=15.3s GPU=295MB SSL+10
2026-06-12 21:46:37,798 [INFO]   [badge] Seed=456 R4/10 F1=0.1731 Acc=0.2524 Labeled=500 QueryTime=15.1s GPU=295MB SSL+37
2026-06-12 21:46:56,296 [INFO]   [badge] Seed=456 R5/10 F1=0.2189 Acc=0.2859 Labeled=600 QueryTime=15.0s GPU=295MB SSL+16
2026-06-12 21:47:16,825 [INFO]   [badge] Seed=456 R6/10 F1=0.2560 Acc=0.3146 Labeled=700 QueryTime=15.2s GPU=295MB SSL+36
2026-06-12 21:47:37,711 [INFO]   [badge] Seed=456 R7/10 F1=0.2696 Acc=0.3259 Labeled=800 QueryTime=15.5s GPU=295MB SSL+65
2026-06-12 21:48:00,320 [INFO]   [badge] Seed=456 R8/10 F1=0.2940 Acc=0.3348 Labeled=900 QueryTime=15.2s GPU=295MB SSL+148
2026-06-12 21:48:22,785 [INFO]   [badge] Seed=456 R9/10 F1=0.3274 Acc=0.3626 Labeled=1000 QueryTime=15.3s GPU=295MB SSL+160
2026-06-12 21:48:50,394 [INFO]   [badge] Seed=789 R1/10 F1=0.0769 Acc=0.1591 Labeled=200 QueryTime=16.7s GPU=236MB SSL+0
2026-06-12 21:49:09,286 [INFO]   [badge] Seed=789 R2/10 F1=0.1053 Acc=0.2074 Labeled=300 QueryTime=15.4s GPU=272MB SSL+12
2026-06-12 21:49:27,857 [INFO]   [badge] Seed=789 R3/10 F1=0.0996 Acc=0.2080 Labeled=400 QueryTime=15.1s GPU=295MB SSL+35
2026-06-12 21:49:48,902 [INFO]   [badge] Seed=789 R4/10 F1=0.1324 Acc=0.2286 Labeled=500 QueryTime=17.3s GPU=295MB SSL+6
2026-06-12 21:50:09,210 [INFO]   [badge] Seed=789 R5/10 F1=0.1263 Acc=0.2262 Labeled=600 QueryTime=16.2s GPU=295MB SSL+3
2026-06-12 21:50:49,075 [INFO]   [badge] Seed=789 R6/10 F1=0.1849 Acc=0.2679 Labeled=700 QueryTime=30.0s GPU=295MB SSL+55
2026-06-12 21:51:26,950 [INFO]   [badge] Seed=789 R7/10 F1=0.2255 Acc=0.2973 Labeled=800 QueryTime=29.7s GPU=295MB SSL+25
2026-06-12 21:52:06,933 [INFO]   [badge] Seed=789 R8/10 F1=0.2831 Acc=0.3419 Labeled=900 QueryTime=29.3s GPU=295MB SSL+117
2026-06-12 21:52:47,477 [INFO]   [badge] Seed=789 R9/10 F1=0.3324 Acc=0.3780 Labeled=1000 QueryTime=29.6s GPU=295MB SSL+157
2026-06-12 21:53:33,071 [INFO]   [badge] Seed=1024 R1/10 F1=0.0980 Acc=0.1800 Labeled=200 QueryTime=29.9s GPU=236MB SSL+0
2026-06-12 21:54:09,892 [INFO]   [badge] Seed=1024 R2/10 F1=0.1232 Acc=0.2072 Labeled=300 QueryTime=30.9s GPU=272MB SSL+11
2026-06-12 21:54:45,363 [INFO]   [badge] Seed=1024 R3/10 F1=0.1032 Acc=0.1999 Labeled=400 QueryTime=29.9s GPU=295MB SSL+18
2026-06-12 21:55:21,901 [INFO]   [badge] Seed=1024 R4/10 F1=0.1084 Acc=0.2065 Labeled=500 QueryTime=30.5s GPU=295MB SSL+2
2026-06-12 21:55:58,386 [INFO]   [badge] Seed=1024 R5/10 F1=0.1359 Acc=0.2207 Labeled=600 QueryTime=30.6s GPU=295MB SSL+39
2026-06-12 21:56:36,937 [INFO]   [badge] Seed=1024 R6/10 F1=0.2102 Acc=0.2917 Labeled=700 QueryTime=30.3s GPU=295MB SSL+7
2026-06-12 21:57:16,338 [INFO]   [badge] Seed=1024 R7/10 F1=0.2019 Acc=0.2781 Labeled=800 QueryTime=30.2s GPU=295MB SSL+29
2026-06-12 21:57:55,725 [INFO]   [badge] Seed=1024 R8/10 F1=0.2501 Acc=0.3179 Labeled=900 QueryTime=28.4s GPU=295MB SSL+34
2026-06-12 21:58:36,464 [INFO]   [badge] Seed=1024 R9/10 F1=0.3076 Acc=0.3562 Labeled=1000 QueryTime=29.5s GPU=295MB SSL+55
2026-06-12 21:58:46,249 [INFO] 
--- Strategy: qbc ---
2026-06-12 21:58:54,672 [INFO]   [qbc] Seed=42 R1/10 F1=0.0648 Acc=0.1451 Labeled=200 QueryTime=3.4s GPU=236MB SSL+0
2026-06-12 21:59:03,059 [INFO]   [qbc] Seed=42 R2/10 F1=0.1111 Acc=0.1949 Labeled=300 QueryTime=3.0s GPU=286MB SSL+0
2026-06-12 21:59:11,265 [INFO]   [qbc] Seed=42 R3/10 F1=0.1303 Acc=0.2126 Labeled=400 QueryTime=3.0s GPU=306MB SSL+10
2026-06-12 21:59:19,648 [INFO]   [qbc] Seed=42 R4/10 F1=0.1331 Acc=0.2114 Labeled=500 QueryTime=3.0s GPU=308MB SSL+12
2026-06-12 21:59:27,913 [INFO]   [qbc] Seed=42 R5/10 F1=0.1574 Acc=0.2364 Labeled=600 QueryTime=3.1s GPU=308MB SSL+8
2026-06-12 21:59:38,968 [INFO]   [qbc] Seed=42 R6/10 F1=0.1865 Acc=0.2660 Labeled=700 QueryTime=3.3s GPU=307MB SSL+66
2026-06-12 21:59:50,144 [INFO]   [qbc] Seed=42 R7/10 F1=0.2614 Acc=0.3154 Labeled=800 QueryTime=3.4s GPU=308MB SSL+44
2026-06-12 22:00:03,842 [INFO]   [qbc] Seed=42 R8/10 F1=0.2561 Acc=0.3199 Labeled=900 QueryTime=3.9s GPU=306MB SSL+89
2026-06-12 22:00:17,775 [INFO]   [qbc] Seed=42 R9/10 F1=0.3184 Acc=0.3630 Labeled=1000 QueryTime=3.8s GPU=307MB SSL+134
2026-06-12 22:00:35,781 [INFO]   [qbc] Seed=123 R1/10 F1=0.0656 Acc=0.1416 Labeled=200 QueryTime=3.1s GPU=236MB SSL+0
2026-06-12 22:00:43,974 [INFO]   [qbc] Seed=123 R2/10 F1=0.1013 Acc=0.1822 Labeled=300 QueryTime=3.0s GPU=286MB SSL+0
2026-06-12 22:00:52,172 [INFO]   [qbc] Seed=123 R3/10 F1=0.1086 Acc=0.1924 Labeled=400 QueryTime=3.1s GPU=306MB SSL+24
2026-06-12 22:01:00,499 [INFO]   [qbc] Seed=123 R4/10 F1=0.1522 Acc=0.2342 Labeled=500 QueryTime=3.0s GPU=308MB SSL+28
2026-06-12 22:01:08,640 [INFO]   [qbc] Seed=123 R5/10 F1=0.1716 Acc=0.2416 Labeled=600 QueryTime=3.0s GPU=308MB SSL+20
2026-06-12 22:01:19,481 [INFO]   [qbc] Seed=123 R6/10 F1=0.2107 Acc=0.2854 Labeled=700 QueryTime=3.3s GPU=307MB SSL+35
2026-06-12 22:01:30,365 [INFO]   [qbc] Seed=123 R7/10 F1=0.2134 Acc=0.2903 Labeled=800 QueryTime=3.3s GPU=308MB SSL+71
2026-06-12 22:01:43,874 [INFO]   [qbc] Seed=123 R8/10 F1=0.2460 Acc=0.3180 Labeled=900 QueryTime=3.7s GPU=306MB SSL+144
2026-06-12 22:01:57,470 [INFO]   [qbc] Seed=123 R9/10 F1=0.2375 Acc=0.3213 Labeled=1000 QueryTime=3.6s GPU=307MB SSL+123
2026-06-12 22:02:15,026 [INFO]   [qbc] Seed=456 R1/10 F1=0.1046 Acc=0.1712 Labeled=200 QueryTime=3.2s GPU=236MB SSL+0
2026-06-12 22:02:22,841 [INFO]   [qbc] Seed=456 R2/10 F1=0.1152 Acc=0.2017 Labeled=300 QueryTime=2.9s GPU=286MB SSL+0
2026-06-12 22:02:30,803 [INFO]   [qbc] Seed=456 R3/10 F1=0.1265 Acc=0.2269 Labeled=400 QueryTime=2.9s GPU=306MB SSL+20
2026-06-12 22:02:38,281 [INFO]   [qbc] Seed=456 R4/10 F1=0.1158 Acc=0.2168 Labeled=500 QueryTime=2.6s GPU=308MB SSL+17
2026-06-12 22:02:46,031 [INFO]   [qbc] Seed=456 R5/10 F1=0.1213 Acc=0.2124 Labeled=600 QueryTime=2.9s GPU=308MB SSL+23
2026-06-12 22:02:56,934 [INFO]   [qbc] Seed=456 R6/10 F1=0.1731 Acc=0.2577 Labeled=700 QueryTime=3.4s GPU=307MB SSL+89
2026-06-12 22:03:08,019 [INFO]   [qbc] Seed=456 R7/10 F1=0.2266 Acc=0.3024 Labeled=800 QueryTime=3.4s GPU=308MB SSL+101
2026-06-12 22:03:21,757 [INFO]   [qbc] Seed=456 R8/10 F1=0.2536 Acc=0.3236 Labeled=900 QueryTime=3.7s GPU=306MB SSL+182
2026-06-12 22:03:35,735 [INFO]   [qbc] Seed=456 R9/10 F1=0.2949 Acc=0.3522 Labeled=1000 QueryTime=3.8s GPU=307MB SSL+170
2026-06-12 22:03:54,153 [INFO]   [qbc] Seed=789 R1/10 F1=0.0769 Acc=0.1591 Labeled=200 QueryTime=3.3s GPU=236MB SSL+0
2026-06-12 22:04:02,510 [INFO]   [qbc] Seed=789 R2/10 F1=0.0997 Acc=0.1939 Labeled=300 QueryTime=3.0s GPU=286MB SSL+0
2026-06-12 22:04:11,026 [INFO]   [qbc] Seed=789 R3/10 F1=0.0995 Acc=0.2019 Labeled=400 QueryTime=3.1s GPU=306MB SSL+36
2026-06-12 22:04:19,231 [INFO]   [qbc] Seed=789 R4/10 F1=0.1016 Acc=0.2010 Labeled=500 QueryTime=3.0s GPU=308MB SSL+40
2026-06-12 22:04:27,608 [INFO]   [qbc] Seed=789 R5/10 F1=0.1221 Acc=0.2153 Labeled=600 QueryTime=3.1s GPU=308MB SSL+34
2026-06-12 22:04:38,362 [INFO]   [qbc] Seed=789 R6/10 F1=0.1566 Acc=0.2461 Labeled=700 QueryTime=3.4s GPU=307MB SSL+74
2026-06-12 22:04:49,575 [INFO]   [qbc] Seed=789 R7/10 F1=0.1977 Acc=0.2720 Labeled=800 QueryTime=3.5s GPU=308MB SSL+117
2026-06-12 22:05:03,263 [INFO]   [qbc] Seed=789 R8/10 F1=0.2318 Acc=0.3032 Labeled=900 QueryTime=3.7s GPU=306MB SSL+191
2026-06-12 22:05:17,136 [INFO]   [qbc] Seed=789 R9/10 F1=0.2282 Acc=0.3038 Labeled=1000 QueryTime=3.8s GPU=307MB SSL+235
2026-06-12 22:05:35,177 [INFO]   [qbc] Seed=1024 R1/10 F1=0.0980 Acc=0.1800 Labeled=200 QueryTime=3.2s GPU=236MB SSL+0
2026-06-12 22:05:43,291 [INFO]   [qbc] Seed=1024 R2/10 F1=0.1327 Acc=0.2250 Labeled=300 QueryTime=2.9s GPU=286MB SSL+9
2026-06-12 22:05:51,558 [INFO]   [qbc] Seed=1024 R3/10 F1=0.1347 Acc=0.2335 Labeled=400 QueryTime=2.9s GPU=306MB SSL+29
2026-06-12 22:05:59,754 [INFO]   [qbc] Seed=1024 R4/10 F1=0.1373 Acc=0.2284 Labeled=500 QueryTime=2.9s GPU=308MB SSL+13
2026-06-12 22:06:08,088 [INFO]   [qbc] Seed=1024 R5/10 F1=0.1453 Acc=0.2430 Labeled=600 QueryTime=3.0s GPU=308MB SSL+24
2026-06-12 22:06:19,105 [INFO]   [qbc] Seed=1024 R6/10 F1=0.1694 Acc=0.2560 Labeled=700 QueryTime=3.4s GPU=307MB SSL+61
2026-06-12 22:06:30,281 [INFO]   [qbc] Seed=1024 R7/10 F1=0.2043 Acc=0.2776 Labeled=800 QueryTime=3.4s GPU=308MB SSL+84
2026-06-12 22:06:44,044 [INFO]   [qbc] Seed=1024 R8/10 F1=0.2656 Acc=0.3321 Labeled=900 QueryTime=3.7s GPU=306MB SSL+89
2026-06-12 22:06:57,748 [INFO]   [qbc] Seed=1024 R9/10 F1=0.2646 Acc=0.3230 Labeled=1000 QueryTime=3.8s GPU=307MB SSL+116
2026-06-12 22:07:07,331 [INFO] 
--- Full Supervised Baseline ---
2026-06-12 22:13:08,979 [INFO] Full Supervised: Acc=0.7100, F1=0.7007 (epochs=50, time=358.7s)
2026-06-12 22:13:10,739 [INFO] 
=== Results saved to C:\Users\28414\Desktop\机器学习—图像分类-期末汇报\output\al_ssl\rho20 ===
2026-06-12 22:13:10,741 [INFO] 
Summary:
2026-06-12 22:13:10,742 [INFO] Strategy                 Final F1     ±std   p<0.05 vs Random
2026-06-12 22:13:10,742 [INFO] ------------------------------------------------------------
2026-06-12 22:13:10,742 [INFO] badge                      0.3241   0.0386                   
2026-06-12 22:13:10,743 [INFO] coreset                    0.3095   0.0285                   
2026-06-12 22:13:10,743 [INFO] entropy                    0.3304   0.0207                  *
2026-06-12 22:13:10,744 [INFO] margin                     0.3072   0.0317                   
2026-06-12 22:13:10,744 [INFO] qbc                        0.2959   0.0273                   
2026-06-12 22:13:10,744 [INFO] random                     0.2827   0.0073                   
2026-06-12 22:13:10,745 [INFO] Full Supervised            0.7007
2026-06-12 22:13:10,745 [INFO] 
Statistical Tests (selected):
2026-06-12 22:13:10,745 [INFO]   entropy vs qbc: diff=+0.0345, p=0.0024**, d=1.424 (large)
2026-06-12 22:13:10,745 [INFO]   entropy vs random: diff=+0.0477, p=0.0054**, d=3.072 (large)
