2026-06-14 18:43:19,850 [INFO] === v8 Controlled-Fast AL+SSL Analysis: cifar10 ===
2026-06-14 18:43:19,851 [INFO] Budget: ultra_low, Model: simplecnn, Scheduler: True
2026-06-14 18:43:19,851 [INFO] Strategies: ['gap_aware_entropy', 'adaptive_gap_entropy']
2026-06-14 18:43:19,851 [INFO] Seeds: [42]
2026-06-14 18:43:19,851 [INFO] Rounds: 10, Initial: 100, Query: 100
2026-06-14 18:43:19,851 [INFO] SSL: True, Method: flexmatch, t-SNE: False, Resume: False
2026-06-14 18:43:19,851 [INFO] Imbalance mode: max/min class count ratio = 10
2026-06-14 18:43:19,868 [INFO] Device: cuda
2026-06-14 18:43:28,332 [INFO] Imbalance filter (Exponential): 50000 -> 20431 training samples
2026-06-14 18:43:28,341 [INFO] 
--- Strategy: gap_aware_entropy ---
2026-06-14 18:43:28,429 [INFO]   Progressive SSL: Base SSL for rounds 0-6, Innov SSL for round 7+
2026-06-14 18:43:32,223 [INFO]   [gap_aware_entropy] Seed=42 R1/10 F1=0.0799 Acc=0.1441 Labeled=200 QueryTime=0.0s GPU=172MB SSL+0
2026-06-14 18:43:35,618 [INFO]   [gap_aware_entropy] Seed=42 R2/10 F1=0.1915 Acc=0.2257 Labeled=300 QueryTime=0.0s GPU=210MB SSL+0
2026-06-14 18:43:38,967 [INFO]   [gap_aware_entropy] Seed=42 R3/10 F1=0.1962 Acc=0.2456 Labeled=400 QueryTime=0.0s GPU=229MB SSL+0
2026-06-14 18:43:42,495 [INFO]   [gap_aware_entropy] Seed=42 R4/10 F1=0.2259 Acc=0.2552 Labeled=500 QueryTime=0.1s GPU=229MB SSL+0
2026-06-14 18:43:47,204 [INFO]   [gap_aware_entropy] Seed=42 R5/10 F1=0.2711 Acc=0.3034 Labeled=600 QueryTime=0.1s GPU=229MB SSL+0
2026-06-14 18:43:53,932 [INFO]   [gap_aware_entropy] Seed=42 R6/10 F1=0.3066 Acc=0.3256 Labeled=700 QueryTime=0.1s GPU=229MB SSL+21
2026-06-14 18:43:59,456 [INFO]   [gap_aware_entropy] Seed=42 R7/10 F1=0.3386 Acc=0.3615 Labeled=800 QueryTime=0.1s GPU=229MB SSL+38
2026-06-14 18:43:59,567 [INFO]   Progressive SSL: switched to Innov SSL at round 7
2026-06-14 18:44:08,810 [INFO]   [gap_aware_entropy] Seed=42 R8/10 F1=0.3787 Acc=0.3948 Labeled=900 QueryTime=0.1s GPU=229MB SSL+303
2026-06-14 18:44:18,233 [INFO]   [gap_aware_entropy] Seed=42 R9/10 F1=0.3862 Acc=0.4059 Labeled=1000 QueryTime=0.1s GPU=229MB SSL+214
2026-06-14 18:44:27,350 [INFO] 
--- Strategy: adaptive_gap_entropy ---
2026-06-14 18:44:27,356 [INFO]   Progressive SSL: Base SSL for rounds 0-6, Innov SSL for round 7+
2026-06-14 18:44:30,601 [INFO]   [adaptive_gap_entropy] Seed=42 R1/10 F1=0.0799 Acc=0.1441 Labeled=200 QueryTime=0.0s GPU=171MB SSL+0
2026-06-14 18:44:35,386 [INFO]   [adaptive_gap_entropy] Seed=42 R2/10 F1=0.1803 Acc=0.2181 Labeled=300 QueryTime=0.1s GPU=208MB SSL+0
2026-06-14 18:44:39,511 [INFO]   [adaptive_gap_entropy] Seed=42 R3/10 F1=0.1982 Acc=0.2454 Labeled=400 QueryTime=0.0s GPU=229MB SSL+0
2026-06-14 18:44:43,083 [INFO]   [adaptive_gap_entropy] Seed=42 R4/10 F1=0.2180 Acc=0.2669 Labeled=500 QueryTime=0.1s GPU=229MB SSL+0
2026-06-14 18:44:46,630 [INFO]   [adaptive_gap_entropy] Seed=42 R5/10 F1=0.2728 Acc=0.3112 Labeled=600 QueryTime=0.1s GPU=229MB SSL+0
2026-06-14 18:44:51,863 [INFO]   [adaptive_gap_entropy] Seed=42 R6/10 F1=0.2973 Acc=0.3372 Labeled=700 QueryTime=0.1s GPU=229MB SSL+28
2026-06-14 18:44:57,149 [INFO]   [adaptive_gap_entropy] Seed=42 R7/10 F1=0.3250 Acc=0.3561 Labeled=800 QueryTime=0.1s GPU=229MB SSL+21
2026-06-14 18:44:57,258 [INFO]   Progressive SSL: switched to Innov SSL at round 7
2026-06-14 18:45:06,400 [INFO]   [adaptive_gap_entropy] Seed=42 R8/10 F1=0.3502 Acc=0.3832 Labeled=900 QueryTime=0.1s GPU=229MB SSL+195
2026-06-14 18:45:17,886 [INFO]   [adaptive_gap_entropy] Seed=42 R9/10 F1=0.4060 Acc=0.4116 Labeled=1000 QueryTime=0.1s GPU=229MB SSL+228
2026-06-14 18:45:27,165 [INFO] 
--- Full Supervised Baseline ---
2026-06-14 18:49:59,742 [INFO] Full Supervised: Acc=0.7679, F1=0.7618 (epochs=50, time=271.4s)
2026-06-14 18:50:00,150 [INFO] 
=== Results saved to output/progressive_ssl/06b_progressive_r7_ga ===
2026-06-14 18:50:00,150 [INFO] 
Summary:
2026-06-14 18:50:00,150 [INFO] Strategy                 Final F1     ±std   p<0.05 vs Random
2026-06-14 18:50:00,150 [INFO] ------------------------------------------------------------
2026-06-14 18:50:00,151 [INFO] adaptive_gap_entropy       0.3928   0.0000                   
2026-06-14 18:50:00,151 [INFO] gap_aware_entropy          0.4365   0.0000                   
2026-06-14 18:50:00,151 [INFO] Full Supervised            0.7618
