2026-06-12 18:43:00,598 [INFO] === v8 Controlled-Fast AL+SSL Analysis: cifar10 ===
2026-06-12 18:43:00,602 [INFO] Budget: ultra_low, Model: simplecnn, Scheduler: True
2026-06-12 18:43:00,603 [INFO] Strategies: ['random', 'entropy', 'margin', 'coreset', 'badge', 'qbc']
2026-06-12 18:43:00,603 [INFO] Seeds: [42, 123, 456, 789, 1024]
2026-06-12 18:43:00,603 [INFO] Rounds: 10, Initial: 100, Query: 100
2026-06-12 18:43:00,603 [INFO] SSL: True, Method: flexmatch, t-SNE: False, Resume: False
2026-06-12 18:43:00,603 [INFO] Imbalance mode: max/min class count ratio = 5
2026-06-12 18:43:00,738 [INFO] Device: cuda
2026-06-12 18:43:15,177 [INFO] Imbalance filter (Exponential): 50000 -> 25423 training samples
2026-06-12 18:43:15,188 [INFO] 
--- Strategy: random ---
2026-06-12 18:43:32,200 [INFO]   [random] Seed=42 R1/10 F1=0.0685 Acc=0.1341 Labeled=200 QueryTime=0.0s GPU=172MB SSL+0
2026-06-12 18:43:39,104 [INFO]   [random] Seed=42 R2/10 F1=0.1721 Acc=0.2184 Labeled=300 QueryTime=0.0s GPU=210MB SSL+0
2026-06-12 18:43:43,821 [INFO]   [random] Seed=42 R3/10 F1=0.1974 Acc=0.2433 Labeled=400 QueryTime=0.0s GPU=229MB SSL+6
2026-06-12 18:43:47,993 [INFO]   [random] Seed=42 R4/10 F1=0.2256 Acc=0.2815 Labeled=500 QueryTime=0.0s GPU=229MB SSL+7
2026-06-12 18:43:58,944 [INFO]   [random] Seed=42 R5/10 F1=0.2527 Acc=0.2972 Labeled=600 QueryTime=0.0s GPU=229MB SSL+6
2026-06-12 18:44:12,527 [INFO]   [random] Seed=42 R6/10 F1=0.2821 Acc=0.3235 Labeled=700 QueryTime=0.0s GPU=229MB SSL+19
2026-06-12 18:44:24,008 [INFO]   [random] Seed=42 R7/10 F1=0.3189 Acc=0.3604 Labeled=800 QueryTime=0.0s GPU=229MB SSL+52
2026-06-12 18:44:38,328 [INFO]   [random] Seed=42 R8/10 F1=0.3503 Acc=0.3953 Labeled=900 QueryTime=0.0s GPU=229MB SSL+59
2026-06-12 18:44:50,514 [INFO]   [random] Seed=42 R9/10 F1=0.3864 Acc=0.4219 Labeled=1000 QueryTime=0.0s GPU=229MB SSL+103
2026-06-12 18:45:09,450 [INFO]   [random] Seed=123 R1/10 F1=0.0866 Acc=0.1552 Labeled=200 QueryTime=0.0s GPU=171MB SSL+0
2026-06-12 18:45:16,590 [INFO]   [random] Seed=123 R2/10 F1=0.1696 Acc=0.2353 Labeled=300 QueryTime=0.0s GPU=208MB SSL+0
2026-06-12 18:45:23,093 [INFO]   [random] Seed=123 R3/10 F1=0.2068 Acc=0.2526 Labeled=400 QueryTime=0.0s GPU=229MB SSL+0
2026-06-12 18:45:28,205 [INFO]   [random] Seed=123 R4/10 F1=0.2346 Acc=0.2778 Labeled=500 QueryTime=0.0s GPU=229MB SSL+3
2026-06-12 18:45:34,283 [INFO]   [random] Seed=123 R5/10 F1=0.2659 Acc=0.3130 Labeled=600 QueryTime=0.0s GPU=229MB SSL+8
2026-06-12 18:45:43,557 [INFO]   [random] Seed=123 R6/10 F1=0.3289 Acc=0.3564 Labeled=700 QueryTime=0.0s GPU=229MB SSL+24
2026-06-12 18:45:50,808 [INFO]   [random] Seed=123 R7/10 F1=0.3260 Acc=0.3590 Labeled=800 QueryTime=0.0s GPU=229MB SSL+49
2026-06-12 18:46:04,696 [INFO]   [random] Seed=123 R8/10 F1=0.3500 Acc=0.3827 Labeled=900 QueryTime=0.0s GPU=229MB SSL+81
2026-06-12 18:46:15,090 [INFO]   [random] Seed=123 R9/10 F1=0.3902 Acc=0.4212 Labeled=1000 QueryTime=0.0s GPU=229MB SSL+126
2026-06-12 18:46:38,387 [INFO]   [random] Seed=456 R1/10 F1=0.0944 Acc=0.1635 Labeled=200 QueryTime=0.0s GPU=171MB SSL+0
2026-06-12 18:46:49,316 [INFO]   [random] Seed=456 R2/10 F1=0.1883 Acc=0.2367 Labeled=300 QueryTime=0.0s GPU=208MB SSL+0
2026-06-12 18:46:54,649 [INFO]   [random] Seed=456 R3/10 F1=0.2392 Acc=0.2830 Labeled=400 QueryTime=0.0s GPU=229MB SSL+0
2026-06-12 18:47:00,337 [INFO]   [random] Seed=456 R4/10 F1=0.2412 Acc=0.2771 Labeled=500 QueryTime=0.0s GPU=229MB SSL+12
2026-06-12 18:47:05,430 [INFO]   [random] Seed=456 R5/10 F1=0.2598 Acc=0.3061 Labeled=600 QueryTime=0.0s GPU=229MB SSL+16
2026-06-12 18:47:17,739 [INFO]   [random] Seed=456 R6/10 F1=0.3059 Acc=0.3465 Labeled=700 QueryTime=0.0s GPU=229MB SSL+28
2026-06-12 18:47:25,176 [INFO]   [random] Seed=456 R7/10 F1=0.3382 Acc=0.3665 Labeled=800 QueryTime=0.0s GPU=229MB SSL+52
2026-06-12 18:47:40,816 [INFO]   [random] Seed=456 R8/10 F1=0.3464 Acc=0.3673 Labeled=900 QueryTime=0.0s GPU=229MB SSL+118
2026-06-12 18:47:51,230 [INFO]   [random] Seed=456 R9/10 F1=0.4061 Acc=0.4222 Labeled=1000 QueryTime=0.0s GPU=229MB SSL+126
2026-06-12 18:48:18,920 [INFO]   [random] Seed=789 R1/10 F1=0.0706 Acc=0.1374 Labeled=200 QueryTime=0.0s GPU=171MB SSL+0
2026-06-12 18:48:25,053 [INFO]   [random] Seed=789 R2/10 F1=0.1651 Acc=0.2178 Labeled=300 QueryTime=0.0s GPU=208MB SSL+18
2026-06-12 18:48:30,039 [INFO]   [random] Seed=789 R3/10 F1=0.1660 Acc=0.2279 Labeled=400 QueryTime=0.0s GPU=229MB SSL+23
2026-06-12 18:48:37,147 [INFO]   [random] Seed=789 R4/10 F1=0.2060 Acc=0.2612 Labeled=500 QueryTime=0.0s GPU=229MB SSL+12
2026-06-12 18:48:44,418 [INFO]   [random] Seed=789 R5/10 F1=0.1890 Acc=0.2658 Labeled=600 QueryTime=0.0s GPU=229MB SSL+19
2026-06-12 18:48:52,827 [INFO]   [random] Seed=789 R6/10 F1=0.2829 Acc=0.3285 Labeled=700 QueryTime=0.0s GPU=229MB SSL+32
2026-06-12 18:49:06,460 [INFO]   [random] Seed=789 R7/10 F1=0.3399 Acc=0.3731 Labeled=800 QueryTime=0.0s GPU=229MB SSL+37
2026-06-12 18:49:23,716 [INFO]   [random] Seed=789 R8/10 F1=0.3714 Acc=0.3937 Labeled=900 QueryTime=0.0s GPU=229MB SSL+116
2026-06-12 18:49:34,685 [INFO]   [random] Seed=789 R9/10 F1=0.3721 Acc=0.4005 Labeled=1000 QueryTime=0.0s GPU=229MB SSL+166
2026-06-12 18:50:03,921 [INFO]   [random] Seed=1024 R1/10 F1=0.0809 Acc=0.1413 Labeled=200 QueryTime=0.0s GPU=171MB SSL+0
2026-06-12 18:50:10,416 [INFO]   [random] Seed=1024 R2/10 F1=0.1872 Acc=0.2323 Labeled=300 QueryTime=0.0s GPU=208MB SSL+0
2026-06-12 18:50:19,194 [INFO]   [random] Seed=1024 R3/10 F1=0.2257 Acc=0.2574 Labeled=400 QueryTime=0.0s GPU=229MB SSL+3
2026-06-12 18:50:25,256 [INFO]   [random] Seed=1024 R4/10 F1=0.2485 Acc=0.2935 Labeled=500 QueryTime=0.0s GPU=229MB SSL+22
2026-06-12 18:50:37,473 [INFO]   [random] Seed=1024 R5/10 F1=0.2739 Acc=0.3195 Labeled=600 QueryTime=0.0s GPU=229MB SSL+28
2026-06-12 18:50:46,967 [INFO]   [random] Seed=1024 R6/10 F1=0.3316 Acc=0.3604 Labeled=700 QueryTime=0.0s GPU=229MB SSL+26
2026-06-12 18:50:55,453 [INFO]   [random] Seed=1024 R7/10 F1=0.3381 Acc=0.3673 Labeled=800 QueryTime=0.0s GPU=229MB SSL+31
2026-06-12 18:51:05,088 [INFO]   [random] Seed=1024 R8/10 F1=0.3582 Acc=0.3875 Labeled=900 QueryTime=0.0s GPU=229MB SSL+53
2026-06-12 18:51:26,689 [INFO]   [random] Seed=1024 R9/10 F1=0.3775 Acc=0.4035 Labeled=1000 QueryTime=0.0s GPU=229MB SSL+107
2026-06-12 18:51:36,900 [INFO] 
--- Strategy: entropy ---
2026-06-12 18:51:52,883 [INFO]   [entropy] Seed=42 R1/10 F1=0.0685 Acc=0.1341 Labeled=200 QueryTime=0.0s GPU=171MB SSL+0
2026-06-12 18:51:58,965 [INFO]   [entropy] Seed=42 R2/10 F1=0.1912 Acc=0.2420 Labeled=300 QueryTime=0.0s GPU=217MB SSL+0
2026-06-12 18:52:09,478 [INFO]   [entropy] Seed=42 R3/10 F1=0.2232 Acc=0.2624 Labeled=400 QueryTime=0.0s GPU=237MB SSL+0
2026-06-12 18:52:16,878 [INFO]   [entropy] Seed=42 R4/10 F1=0.2380 Acc=0.2612 Labeled=500 QueryTime=0.0s GPU=237MB SSL+7
2026-06-12 18:52:27,065 [INFO]   [entropy] Seed=42 R5/10 F1=0.2743 Acc=0.2956 Labeled=600 QueryTime=0.0s GPU=237MB SSL+17
2026-06-12 18:52:48,946 [INFO]   [entropy] Seed=42 R6/10 F1=0.3217 Acc=0.3442 Labeled=700 QueryTime=0.0s GPU=237MB SSL+27
2026-06-12 18:52:59,968 [INFO]   [entropy] Seed=42 R7/10 F1=0.3376 Acc=0.3685 Labeled=800 QueryTime=0.0s GPU=237MB SSL+50
2026-06-12 18:53:21,924 [INFO]   [entropy] Seed=42 R8/10 F1=0.3520 Acc=0.3876 Labeled=900 QueryTime=0.0s GPU=237MB SSL+120
2026-06-12 18:53:39,215 [INFO]   [entropy] Seed=42 R9/10 F1=0.3749 Acc=0.4091 Labeled=1000 QueryTime=0.0s GPU=237MB SSL+82
2026-06-12 18:54:02,360 [INFO]   [entropy] Seed=123 R1/10 F1=0.0866 Acc=0.1552 Labeled=200 QueryTime=0.0s GPU=185MB SSL+0
2026-06-12 18:54:10,902 [INFO]   [entropy] Seed=123 R2/10 F1=0.1681 Acc=0.2331 Labeled=300 QueryTime=0.0s GPU=231MB SSL+0
2026-06-12 18:54:18,800 [INFO]   [entropy] Seed=123 R3/10 F1=0.2210 Acc=0.2682 Labeled=400 QueryTime=0.0s GPU=250MB SSL+2
2026-06-12 18:54:30,350 [INFO]   [entropy] Seed=123 R4/10 F1=0.2345 Acc=0.2928 Labeled=500 QueryTime=0.0s GPU=249MB SSL+2
2026-06-12 18:54:39,464 [INFO]   [entropy] Seed=123 R5/10 F1=0.2705 Acc=0.3097 Labeled=600 QueryTime=0.0s GPU=249MB SSL+11
2026-06-12 18:54:49,381 [INFO]   [entropy] Seed=123 R6/10 F1=0.2682 Acc=0.3276 Labeled=700 QueryTime=0.0s GPU=250MB SSL+37
2026-06-12 18:55:08,442 [INFO]   [entropy] Seed=123 R7/10 F1=0.3152 Acc=0.3572 Labeled=800 QueryTime=0.0s GPU=250MB SSL+28
2026-06-12 18:55:30,904 [INFO]   [entropy] Seed=123 R8/10 F1=0.3463 Acc=0.3910 Labeled=900 QueryTime=0.0s GPU=250MB SSL+100
2026-06-12 18:55:46,019 [INFO]   [entropy] Seed=123 R9/10 F1=0.3764 Acc=0.4042 Labeled=1000 QueryTime=0.0s GPU=250MB SSL+96
2026-06-12 18:56:14,387 [INFO]   [entropy] Seed=456 R1/10 F1=0.0944 Acc=0.1635 Labeled=200 QueryTime=0.0s GPU=185MB SSL+0
2026-06-12 18:56:25,536 [INFO]   [entropy] Seed=456 R2/10 F1=0.1512 Acc=0.2135 Labeled=300 QueryTime=0.0s GPU=231MB SSL+0
2026-06-12 18:56:37,807 [INFO]   [entropy] Seed=456 R3/10 F1=0.1867 Acc=0.2459 Labeled=400 QueryTime=0.0s GPU=249MB SSL+21
2026-06-12 18:56:49,087 [INFO]   [entropy] Seed=456 R4/10 F1=0.1922 Acc=0.2588 Labeled=500 QueryTime=0.0s GPU=249MB SSL+20
2026-06-12 18:57:00,296 [INFO]   [entropy] Seed=456 R5/10 F1=0.2731 Acc=0.3174 Labeled=600 QueryTime=0.0s GPU=249MB SSL+12
2026-06-12 18:57:20,503 [INFO]   [entropy] Seed=456 R6/10 F1=0.2900 Acc=0.3280 Labeled=700 QueryTime=0.0s GPU=249MB SSL+38
2026-06-12 18:57:33,703 [INFO]   [entropy] Seed=456 R7/10 F1=0.3093 Acc=0.3419 Labeled=800 QueryTime=0.0s GPU=249MB SSL+35
2026-06-12 18:57:52,566 [INFO]   [entropy] Seed=456 R8/10 F1=0.3725 Acc=0.3927 Labeled=900 QueryTime=0.0s GPU=249MB SSL+53
2026-06-12 18:58:12,965 [INFO]   [entropy] Seed=456 R9/10 F1=0.3874 Acc=0.4109 Labeled=1000 QueryTime=0.0s GPU=249MB SSL+78
2026-06-12 18:58:38,828 [INFO]   [entropy] Seed=789 R1/10 F1=0.0706 Acc=0.1374 Labeled=200 QueryTime=0.0s GPU=201MB SSL+0
2026-06-12 18:58:50,709 [INFO]   [entropy] Seed=789 R2/10 F1=0.1444 Acc=0.2191 Labeled=300 QueryTime=0.0s GPU=243MB SSL+0
2026-06-12 18:58:57,952 [INFO]   [entropy] Seed=789 R3/10 F1=0.1816 Acc=0.2445 Labeled=400 QueryTime=0.0s GPU=263MB SSL+0
2026-06-12 18:59:11,453 [INFO]   [entropy] Seed=789 R4/10 F1=0.2498 Acc=0.3054 Labeled=500 QueryTime=0.0s GPU=263MB SSL+10
2026-06-12 18:59:17,939 [INFO]   [entropy] Seed=789 R5/10 F1=0.2658 Acc=0.3205 Labeled=600 QueryTime=0.0s GPU=263MB SSL+16
2026-06-12 18:59:26,950 [INFO]   [entropy] Seed=789 R6/10 F1=0.2929 Acc=0.3389 Labeled=700 QueryTime=0.0s GPU=263MB SSL+39
2026-06-12 18:59:47,024 [INFO]   [entropy] Seed=789 R7/10 F1=0.3450 Acc=0.3795 Labeled=800 QueryTime=0.0s GPU=263MB SSL+51
2026-06-12 19:00:02,888 [INFO]   [entropy] Seed=789 R8/10 F1=0.3523 Acc=0.3854 Labeled=900 QueryTime=0.0s GPU=263MB SSL+137
2026-06-12 19:00:25,822 [INFO]   [entropy] Seed=789 R9/10 F1=0.3666 Acc=0.4039 Labeled=1000 QueryTime=0.0s GPU=263MB SSL+81
2026-06-12 19:00:46,282 [INFO]   [entropy] Seed=1024 R1/10 F1=0.0809 Acc=0.1413 Labeled=200 QueryTime=0.0s GPU=213MB SSL+0
2026-06-12 19:00:59,206 [INFO]   [entropy] Seed=1024 R2/10 F1=0.1861 Acc=0.2329 Labeled=300 QueryTime=0.0s GPU=255MB SSL+0
2026-06-12 19:01:07,247 [INFO]   [entropy] Seed=1024 R3/10 F1=0.1619 Acc=0.2253 Labeled=400 QueryTime=0.0s GPU=275MB SSL+17
2026-06-12 19:01:13,314 [INFO]   [entropy] Seed=1024 R4/10 F1=0.2189 Acc=0.2878 Labeled=500 QueryTime=0.0s GPU=275MB SSL+14
2026-06-12 19:01:19,841 [INFO]   [entropy] Seed=1024 R5/10 F1=0.2373 Acc=0.2949 Labeled=600 QueryTime=0.0s GPU=275MB SSL+21
2026-06-12 19:01:37,458 [INFO]   [entropy] Seed=1024 R6/10 F1=0.3119 Acc=0.3516 Labeled=700 QueryTime=0.0s GPU=276MB SSL+12
2026-06-12 19:01:46,560 [INFO]   [entropy] Seed=1024 R7/10 F1=0.3512 Acc=0.3834 Labeled=800 QueryTime=0.0s GPU=276MB SSL+21
2026-06-12 19:02:06,893 [INFO]   [entropy] Seed=1024 R8/10 F1=0.3451 Acc=0.3863 Labeled=900 QueryTime=0.0s GPU=276MB SSL+93
2026-06-12 19:02:24,200 [INFO]   [entropy] Seed=1024 R9/10 F1=0.3844 Acc=0.4151 Labeled=1000 QueryTime=0.0s GPU=276MB SSL+63
2026-06-12 19:02:35,753 [INFO] 
--- Strategy: margin ---
2026-06-12 19:02:47,440 [INFO]   [margin] Seed=42 R1/10 F1=0.0685 Acc=0.1341 Labeled=200 QueryTime=0.0s GPU=226MB SSL+0
2026-06-12 19:03:03,029 [INFO]   [margin] Seed=42 R2/10 F1=0.1750 Acc=0.2180 Labeled=300 QueryTime=0.0s GPU=268MB SSL+0
2026-06-12 19:03:10,646 [INFO]   [margin] Seed=42 R3/10 F1=0.2251 Acc=0.2669 Labeled=400 QueryTime=0.0s GPU=288MB SSL+21
2026-06-12 19:03:16,584 [INFO]   [margin] Seed=42 R4/10 F1=0.2485 Acc=0.2902 Labeled=500 QueryTime=0.0s GPU=288MB SSL+31
2026-06-12 19:03:23,091 [INFO]   [margin] Seed=42 R5/10 F1=0.2701 Acc=0.3077 Labeled=600 QueryTime=0.0s GPU=288MB SSL+15
2026-06-12 19:03:33,447 [INFO]   [margin] Seed=42 R6/10 F1=0.2839 Acc=0.3319 Labeled=700 QueryTime=0.0s GPU=289MB SSL+47
2026-06-12 19:03:50,887 [INFO]   [margin] Seed=42 R7/10 F1=0.3265 Acc=0.3608 Labeled=800 QueryTime=0.0s GPU=289MB SSL+30
2026-06-12 19:04:04,223 [INFO]   [margin] Seed=42 R8/10 F1=0.3333 Acc=0.3781 Labeled=900 QueryTime=0.0s GPU=290MB SSL+105
2026-06-12 19:04:28,926 [INFO]   [margin] Seed=42 R9/10 F1=0.3904 Acc=0.4209 Labeled=1000 QueryTime=0.0s GPU=290MB SSL+90
2026-06-12 19:04:45,109 [INFO]   [margin] Seed=123 R1/10 F1=0.0866 Acc=0.1552 Labeled=200 QueryTime=0.0s GPU=241MB SSL+0
2026-06-12 19:05:01,517 [INFO]   [margin] Seed=123 R2/10 F1=0.1582 Acc=0.2307 Labeled=300 QueryTime=0.0s GPU=282MB SSL+0
2026-06-12 19:05:11,435 [INFO]   [margin] Seed=123 R3/10 F1=0.1916 Acc=0.2456 Labeled=400 QueryTime=0.0s GPU=303MB SSL+1
2026-06-12 19:05:17,498 [INFO]   [margin] Seed=123 R4/10 F1=0.2473 Acc=0.2955 Labeled=500 QueryTime=0.0s GPU=277MB SSL+0
2026-06-12 19:05:24,095 [INFO]   [margin] Seed=123 R5/10 F1=0.2422 Acc=0.2832 Labeled=600 QueryTime=0.0s GPU=277MB SSL+12
2026-06-12 19:05:36,908 [INFO]   [margin] Seed=123 R6/10 F1=0.3134 Acc=0.3478 Labeled=700 QueryTime=0.0s GPU=277MB SSL+13
2026-06-12 19:05:54,937 [INFO]   [margin] Seed=123 R7/10 F1=0.3625 Acc=0.3833 Labeled=800 QueryTime=0.0s GPU=277MB SSL+4
2026-06-12 19:06:06,982 [INFO]   [margin] Seed=123 R8/10 F1=0.3896 Acc=0.3994 Labeled=900 QueryTime=0.0s GPU=277MB SSL+37
2026-06-12 19:06:27,478 [INFO]   [margin] Seed=123 R9/10 F1=0.3937 Acc=0.4159 Labeled=1000 QueryTime=0.0s GPU=277MB SSL+83
2026-06-12 19:06:51,289 [INFO]   [margin] Seed=456 R1/10 F1=0.0944 Acc=0.1635 Labeled=200 QueryTime=0.0s GPU=225MB SSL+0
2026-06-12 19:06:59,463 [INFO]   [margin] Seed=456 R2/10 F1=0.2096 Acc=0.2648 Labeled=300 QueryTime=0.0s GPU=267MB SSL+0
2026-06-12 19:07:06,624 [INFO]   [margin] Seed=456 R3/10 F1=0.1845 Acc=0.2258 Labeled=400 QueryTime=0.0s GPU=287MB SSL+3
2026-06-12 19:07:12,289 [INFO]   [margin] Seed=456 R4/10 F1=0.2235 Acc=0.2834 Labeled=500 QueryTime=0.0s GPU=287MB SSL+1
2026-06-12 19:07:23,108 [INFO]   [margin] Seed=456 R5/10 F1=0.2475 Acc=0.3018 Labeled=600 QueryTime=0.0s GPU=287MB SSL+0
2026-06-12 19:07:39,362 [INFO]   [margin] Seed=456 R6/10 F1=0.2648 Acc=0.3128 Labeled=700 QueryTime=0.0s GPU=279MB SSL+26
2026-06-12 19:07:53,254 [INFO]   [margin] Seed=456 R7/10 F1=0.3203 Acc=0.3583 Labeled=800 QueryTime=0.0s GPU=264MB SSL+48
2026-06-12 19:08:06,765 [INFO]   [margin] Seed=456 R8/10 F1=0.3363 Acc=0.3862 Labeled=900 QueryTime=0.0s GPU=264MB SSL+59
2026-06-12 19:08:28,286 [INFO]   [margin] Seed=456 R9/10 F1=0.3832 Acc=0.4207 Labeled=1000 QueryTime=0.0s GPU=264MB SSL+71
2026-06-12 19:08:53,112 [INFO]   [margin] Seed=789 R1/10 F1=0.0706 Acc=0.1374 Labeled=200 QueryTime=0.0s GPU=213MB SSL+0
2026-06-12 19:08:58,965 [INFO]   [margin] Seed=789 R2/10 F1=0.1803 Acc=0.2400 Labeled=300 QueryTime=0.0s GPU=255MB SSL+0
2026-06-12 19:09:04,386 [INFO]   [margin] Seed=789 R3/10 F1=0.2214 Acc=0.2767 Labeled=400 QueryTime=0.0s GPU=275MB SSL+10
2026-06-12 19:09:10,415 [INFO]   [margin] Seed=789 R4/10 F1=0.2677 Acc=0.3052 Labeled=500 QueryTime=0.0s GPU=275MB SSL+15
2026-06-12 19:09:33,511 [INFO]   [margin] Seed=789 R5/10 F1=0.2853 Acc=0.3197 Labeled=600 QueryTime=0.0s GPU=275MB SSL+13
2026-06-12 19:09:43,121 [INFO]   [margin] Seed=789 R6/10 F1=0.3247 Acc=0.3546 Labeled=700 QueryTime=0.0s GPU=275MB SSL+24
2026-06-12 19:09:53,094 [INFO]   [margin] Seed=789 R7/10 F1=0.3627 Acc=0.3928 Labeled=800 QueryTime=0.0s GPU=275MB SSL+30
2026-06-12 19:10:20,114 [INFO]   [margin] Seed=789 R8/10 F1=0.3766 Acc=0.3933 Labeled=900 QueryTime=0.0s GPU=275MB SSL+37
2026-06-12 19:10:43,632 [INFO]   [margin] Seed=789 R9/10 F1=0.4267 Acc=0.4355 Labeled=1000 QueryTime=0.0s GPU=275MB SSL+82
2026-06-12 19:11:22,111 [INFO]   [margin] Seed=1024 R1/10 F1=0.0809 Acc=0.1413 Labeled=200 QueryTime=0.0s GPU=224MB SSL+0
2026-06-12 19:11:28,766 [INFO]   [margin] Seed=1024 R2/10 F1=0.1407 Acc=0.1996 Labeled=300 QueryTime=0.0s GPU=269MB SSL+2
2026-06-12 19:11:34,586 [INFO]   [margin] Seed=1024 R3/10 F1=0.1887 Acc=0.2625 Labeled=400 QueryTime=0.0s GPU=290MB SSL+3
2026-06-12 19:11:47,037 [INFO]   [margin] Seed=1024 R4/10 F1=0.1867 Acc=0.2491 Labeled=500 QueryTime=0.0s GPU=290MB SSL+15
2026-06-12 19:12:00,356 [INFO]   [margin] Seed=1024 R5/10 F1=0.2280 Acc=0.2978 Labeled=600 QueryTime=0.0s GPU=290MB SSL+32
2026-06-12 19:12:11,552 [INFO]   [margin] Seed=1024 R6/10 F1=0.2974 Acc=0.3430 Labeled=700 QueryTime=0.0s GPU=290MB SSL+19
2026-06-12 19:12:22,007 [INFO]   [margin] Seed=1024 R7/10 F1=0.3818 Acc=0.4000 Labeled=800 QueryTime=0.0s GPU=290MB SSL+30
2026-06-12 19:12:37,063 [INFO]   [margin] Seed=1024 R8/10 F1=0.3869 Acc=0.4059 Labeled=900 QueryTime=0.0s GPU=290MB SSL+52
2026-06-12 19:13:03,794 [INFO]   [margin] Seed=1024 R9/10 F1=0.4210 Acc=0.4341 Labeled=1000 QueryTime=0.0s GPU=290MB SSL+77
2026-06-12 19:13:25,886 [INFO] 
--- Strategy: coreset ---
2026-06-12 19:13:37,393 [INFO]   [coreset] Seed=42 R1/10 F1=0.0685 Acc=0.1341 Labeled=200 QueryTime=4.5s GPU=236MB SSL+0
2026-06-12 19:13:59,256 [INFO]   [coreset] Seed=42 R2/10 F1=0.2038 Acc=0.2578 Labeled=300 QueryTime=10.0s GPU=272MB SSL+0
2026-06-12 19:14:19,422 [INFO]   [coreset] Seed=42 R3/10 F1=0.1802 Acc=0.2334 Labeled=400 QueryTime=10.1s GPU=295MB SSL+13
2026-06-12 19:14:51,764 [INFO]   [coreset] Seed=42 R4/10 F1=0.2301 Acc=0.2665 Labeled=500 QueryTime=23.5s GPU=295MB SSL+4
2026-06-12 19:15:30,084 [INFO]   [coreset] Seed=42 R5/10 F1=0.2715 Acc=0.3083 Labeled=600 QueryTime=27.4s GPU=295MB SSL+2
2026-06-12 19:16:06,814 [INFO]   [coreset] Seed=42 R6/10 F1=0.2989 Acc=0.3358 Labeled=700 QueryTime=26.0s GPU=295MB SSL+35
2026-06-12 19:16:52,673 [INFO]   [coreset] Seed=42 R7/10 F1=0.3244 Acc=0.3624 Labeled=800 QueryTime=33.3s GPU=295MB SSL+70
2026-06-12 19:17:40,148 [INFO]   [coreset] Seed=42 R8/10 F1=0.3540 Acc=0.3946 Labeled=900 QueryTime=35.2s GPU=295MB SSL+132
2026-06-12 19:18:33,986 [INFO]   [coreset] Seed=42 R9/10 F1=0.3971 Acc=0.4234 Labeled=1000 QueryTime=29.3s GPU=295MB SSL+73
2026-06-12 19:19:09,302 [INFO]   [coreset] Seed=123 R1/10 F1=0.0866 Acc=0.1552 Labeled=200 QueryTime=5.4s GPU=236MB SSL+0
2026-06-12 19:19:26,511 [INFO]   [coreset] Seed=123 R2/10 F1=0.1839 Acc=0.2478 Labeled=300 QueryTime=8.6s GPU=272MB SSL+0
2026-06-12 19:19:49,020 [INFO]   [coreset] Seed=123 R3/10 F1=0.1944 Acc=0.2520 Labeled=400 QueryTime=12.4s GPU=295MB SSL+5
2026-06-12 19:20:19,946 [INFO]   [coreset] Seed=123 R4/10 F1=0.2492 Acc=0.3121 Labeled=500 QueryTime=21.5s GPU=295MB SSL+2
2026-06-12 19:20:51,453 [INFO]   [coreset] Seed=123 R5/10 F1=0.2593 Acc=0.3165 Labeled=600 QueryTime=21.0s GPU=295MB SSL+3
2026-06-12 19:20:56,395 [ERROR]   ERROR [coreset] seed=123: CUDA error: out of memory
Search for `cudaErrorMemoryAllocation' in https://docs.nvidia.com/cuda/cuda-runtime-api/group__CUDART__TYPES.html for more information.
CUDA kernel errors might be asynchronously reported at some other API call, so the stacktrace below might be incorrect.
For debugging consider passing CUDA_LAUNCH_BLOCKING=1
Compile with `TORCH_USE_CUDA_DSA` to enable device-side assertions.

2026-06-12 19:20:56,867 [ERROR]   ERROR [coreset] seed=456: CUDA error: out of memory
Search for `cudaErrorMemoryAllocation' in https://docs.nvidia.com/cuda/cuda-runtime-api/group__CUDART__TYPES.html for more information.
CUDA kernel errors might be asynchronously reported at some other API call, so the stacktrace below might be incorrect.
For debugging consider passing CUDA_LAUNCH_BLOCKING=1
Compile with `TORCH_USE_CUDA_DSA` to enable device-side assertions.

2026-06-12 19:20:56,914 [ERROR]   ERROR [coreset] seed=789: CUDA error: out of memory
Search for `cudaErrorMemoryAllocation' in https://docs.nvidia.com/cuda/cuda-runtime-api/group__CUDART__TYPES.html for more information.
CUDA kernel errors might be asynchronously reported at some other API call, so the stacktrace below might be incorrect.
For debugging consider passing CUDA_LAUNCH_BLOCKING=1
Compile with `TORCH_USE_CUDA_DSA` to enable device-side assertions.

2026-06-12 19:20:56,918 [ERROR]   ERROR [coreset] seed=1024: CUDA error: out of memory
Search for `cudaErrorMemoryAllocation' in https://docs.nvidia.com/cuda/cuda-runtime-api/group__CUDART__TYPES.html for more information.
CUDA kernel errors might be asynchronously reported at some other API call, so the stacktrace below might be incorrect.
For debugging consider passing CUDA_LAUNCH_BLOCKING=1
Compile with `TORCH_USE_CUDA_DSA` to enable device-side assertions.

2026-06-12 19:20:56,921 [INFO] 
--- Strategy: badge ---
2026-06-12 19:20:56,922 [ERROR]   ERROR [badge] seed=42: CUDA error: out of memory
Search for `cudaErrorMemoryAllocation' in https://docs.nvidia.com/cuda/cuda-runtime-api/group__CUDART__TYPES.html for more information.
CUDA kernel errors might be asynchronously reported at some other API call, so the stacktrace below might be incorrect.
For debugging consider passing CUDA_LAUNCH_BLOCKING=1
Compile with `TORCH_USE_CUDA_DSA` to enable device-side assertions.

2026-06-12 19:20:56,926 [ERROR]   ERROR [badge] seed=123: CUDA error: out of memory
Search for `cudaErrorMemoryAllocation' in https://docs.nvidia.com/cuda/cuda-runtime-api/group__CUDART__TYPES.html for more information.
CUDA kernel errors might be asynchronously reported at some other API call, so the stacktrace below might be incorrect.
For debugging consider passing CUDA_LAUNCH_BLOCKING=1
Compile with `TORCH_USE_CUDA_DSA` to enable device-side assertions.

2026-06-12 19:20:56,931 [ERROR]   ERROR [badge] seed=456: CUDA error: out of memory
Search for `cudaErrorMemoryAllocation' in https://docs.nvidia.com/cuda/cuda-runtime-api/group__CUDART__TYPES.html for more information.
CUDA kernel errors might be asynchronously reported at some other API call, so the stacktrace below might be incorrect.
For debugging consider passing CUDA_LAUNCH_BLOCKING=1
Compile with `TORCH_USE_CUDA_DSA` to enable device-side assertions.

2026-06-12 19:20:56,935 [ERROR]   ERROR [badge] seed=789: CUDA error: out of memory
Search for `cudaErrorMemoryAllocation' in https://docs.nvidia.com/cuda/cuda-runtime-api/group__CUDART__TYPES.html for more information.
CUDA kernel errors might be asynchronously reported at some other API call, so the stacktrace below might be incorrect.
For debugging consider passing CUDA_LAUNCH_BLOCKING=1
Compile with `TORCH_USE_CUDA_DSA` to enable device-side assertions.

2026-06-12 19:20:56,938 [ERROR]   ERROR [badge] seed=1024: CUDA error: out of memory
Search for `cudaErrorMemoryAllocation' in https://docs.nvidia.com/cuda/cuda-runtime-api/group__CUDART__TYPES.html for more information.
CUDA kernel errors might be asynchronously reported at some other API call, so the stacktrace below might be incorrect.
For debugging consider passing CUDA_LAUNCH_BLOCKING=1
Compile with `TORCH_USE_CUDA_DSA` to enable device-side assertions.

2026-06-12 19:20:56,941 [INFO] 
--- Strategy: qbc ---
2026-06-12 19:20:56,941 [ERROR]   ERROR [qbc] seed=42: CUDA error: out of memory
Search for `cudaErrorMemoryAllocation' in https://docs.nvidia.com/cuda/cuda-runtime-api/group__CUDART__TYPES.html for more information.
CUDA kernel errors might be asynchronously reported at some other API call, so the stacktrace below might be incorrect.
For debugging consider passing CUDA_LAUNCH_BLOCKING=1
Compile with `TORCH_USE_CUDA_DSA` to enable device-side assertions.

2026-06-12 19:20:56,945 [ERROR]   ERROR [qbc] seed=123: CUDA error: out of memory
Search for `cudaErrorMemoryAllocation' in https://docs.nvidia.com/cuda/cuda-runtime-api/group__CUDART__TYPES.html for more information.
CUDA kernel errors might be asynchronously reported at some other API call, so the stacktrace below might be incorrect.
For debugging consider passing CUDA_LAUNCH_BLOCKING=1
Compile with `TORCH_USE_CUDA_DSA` to enable device-side assertions.

2026-06-12 19:20:56,949 [ERROR]   ERROR [qbc] seed=456: CUDA error: out of memory
Search for `cudaErrorMemoryAllocation' in https://docs.nvidia.com/cuda/cuda-runtime-api/group__CUDART__TYPES.html for more information.
CUDA kernel errors might be asynchronously reported at some other API call, so the stacktrace below might be incorrect.
For debugging consider passing CUDA_LAUNCH_BLOCKING=1
Compile with `TORCH_USE_CUDA_DSA` to enable device-side assertions.

2026-06-12 19:20:56,953 [ERROR]   ERROR [qbc] seed=789: CUDA error: out of memory
Search for `cudaErrorMemoryAllocation' in https://docs.nvidia.com/cuda/cuda-runtime-api/group__CUDART__TYPES.html for more information.
CUDA kernel errors might be asynchronously reported at some other API call, so the stacktrace below might be incorrect.
For debugging consider passing CUDA_LAUNCH_BLOCKING=1
Compile with `TORCH_USE_CUDA_DSA` to enable device-side assertions.

2026-06-12 19:20:56,980 [ERROR]   ERROR [qbc] seed=1024: CUDA error: out of memory
Search for `cudaErrorMemoryAllocation' in https://docs.nvidia.com/cuda/cuda-runtime-api/group__CUDART__TYPES.html for more information.
CUDA kernel errors might be asynchronously reported at some other API call, so the stacktrace below might be incorrect.
For debugging consider passing CUDA_LAUNCH_BLOCKING=1
Compile with `TORCH_USE_CUDA_DSA` to enable device-side assertions.

2026-06-12 19:20:56,984 [INFO] 
--- Full Supervised Baseline ---
2026-06-12 19:37:22,964 [INFO] === v8 Controlled-Fast AL+SSL Analysis: cifar10 ===
2026-06-12 19:37:22,964 [INFO] Budget: ultra_low, Model: simplecnn, Scheduler: True
2026-06-12 19:37:22,965 [INFO] Strategies: ['random', 'entropy', 'margin', 'coreset', 'badge', 'qbc']
2026-06-12 19:37:22,965 [INFO] Seeds: [42, 123, 456, 789, 1024]
2026-06-12 19:37:22,965 [INFO] Rounds: 10, Initial: 100, Query: 100
2026-06-12 19:37:22,965 [INFO] SSL: True, Method: flexmatch, t-SNE: False, Resume: False
2026-06-12 19:37:22,965 [INFO] Imbalance mode: max/min class count ratio = 5
2026-06-12 19:37:23,017 [INFO] Device: cuda
2026-06-12 19:37:34,528 [INFO] Imbalance filter (Exponential): 50000 -> 25423 training samples
2026-06-12 19:37:34,528 [INFO] 
--- Strategy: random ---
2026-06-12 19:37:40,138 [INFO]   [random] Seed=42 R1/10 F1=0.0685 Acc=0.1341 Labeled=200 QueryTime=0.0s GPU=172MB SSL+0
2026-06-12 19:37:43,950 [INFO]   [random] Seed=42 R2/10 F1=0.1721 Acc=0.2184 Labeled=300 QueryTime=0.0s GPU=210MB SSL+0
2026-06-12 19:37:47,566 [INFO]   [random] Seed=42 R3/10 F1=0.1974 Acc=0.2433 Labeled=400 QueryTime=0.0s GPU=229MB SSL+6
2026-06-12 19:37:51,131 [INFO]   [random] Seed=42 R4/10 F1=0.2256 Acc=0.2815 Labeled=500 QueryTime=0.0s GPU=229MB SSL+7
2026-06-12 19:37:54,636 [INFO]   [random] Seed=42 R5/10 F1=0.2527 Acc=0.2972 Labeled=600 QueryTime=0.0s GPU=229MB SSL+6
2026-06-12 19:37:59,391 [INFO]   [random] Seed=42 R6/10 F1=0.2821 Acc=0.3235 Labeled=700 QueryTime=0.0s GPU=229MB SSL+19
2026-06-12 19:38:04,536 [INFO]   [random] Seed=42 R7/10 F1=0.3189 Acc=0.3604 Labeled=800 QueryTime=0.0s GPU=229MB SSL+52
2026-06-12 19:38:11,395 [INFO]   [random] Seed=42 R8/10 F1=0.3503 Acc=0.3953 Labeled=900 QueryTime=0.0s GPU=229MB SSL+59
2026-06-12 19:38:18,902 [INFO]   [random] Seed=42 R9/10 F1=0.3864 Acc=0.4219 Labeled=1000 QueryTime=0.0s GPU=229MB SSL+103
2026-06-12 19:38:29,296 [INFO]   [random] Seed=123 R1/10 F1=0.0866 Acc=0.1552 Labeled=200 QueryTime=0.0s GPU=171MB SSL+0
2026-06-12 19:38:32,463 [INFO]   [random] Seed=123 R2/10 F1=0.1696 Acc=0.2353 Labeled=300 QueryTime=0.0s GPU=208MB SSL+0
2026-06-12 19:38:35,685 [INFO]   [random] Seed=123 R3/10 F1=0.2068 Acc=0.2526 Labeled=400 QueryTime=0.0s GPU=229MB SSL+0
2026-06-12 19:38:39,203 [INFO]   [random] Seed=123 R4/10 F1=0.2346 Acc=0.2778 Labeled=500 QueryTime=0.0s GPU=229MB SSL+3
2026-06-12 19:38:43,150 [INFO]   [random] Seed=123 R5/10 F1=0.2659 Acc=0.3130 Labeled=600 QueryTime=0.0s GPU=229MB SSL+8
2026-06-12 19:38:49,567 [INFO]   [random] Seed=123 R6/10 F1=0.3289 Acc=0.3564 Labeled=700 QueryTime=0.0s GPU=229MB SSL+24
2026-06-12 19:38:55,842 [INFO]   [random] Seed=123 R7/10 F1=0.3260 Acc=0.3590 Labeled=800 QueryTime=0.0s GPU=229MB SSL+49
2026-06-12 19:39:04,492 [INFO]   [random] Seed=123 R8/10 F1=0.3500 Acc=0.3827 Labeled=900 QueryTime=0.0s GPU=229MB SSL+81
2026-06-12 19:39:12,697 [INFO]   [random] Seed=123 R9/10 F1=0.3902 Acc=0.4212 Labeled=1000 QueryTime=0.0s GPU=229MB SSL+126
2026-06-12 19:39:24,952 [INFO]   [random] Seed=456 R1/10 F1=0.0944 Acc=0.1635 Labeled=200 QueryTime=0.0s GPU=171MB SSL+0
2026-06-12 19:39:29,146 [INFO]   [random] Seed=456 R2/10 F1=0.1883 Acc=0.2367 Labeled=300 QueryTime=0.0s GPU=208MB SSL+0
2026-06-12 19:39:33,454 [INFO]   [random] Seed=456 R3/10 F1=0.2392 Acc=0.2830 Labeled=400 QueryTime=0.0s GPU=229MB SSL+0
2026-06-12 19:39:37,644 [INFO]   [random] Seed=456 R4/10 F1=0.2412 Acc=0.2771 Labeled=500 QueryTime=0.0s GPU=229MB SSL+12
2026-06-12 19:39:41,558 [INFO]   [random] Seed=456 R5/10 F1=0.2598 Acc=0.3061 Labeled=600 QueryTime=0.0s GPU=229MB SSL+16
2026-06-12 19:39:47,470 [INFO]   [random] Seed=456 R6/10 F1=0.3059 Acc=0.3465 Labeled=700 QueryTime=0.0s GPU=229MB SSL+28
2026-06-12 19:39:53,246 [INFO]   [random] Seed=456 R7/10 F1=0.3382 Acc=0.3665 Labeled=800 QueryTime=0.0s GPU=229MB SSL+52
2026-06-12 19:40:01,248 [INFO]   [random] Seed=456 R8/10 F1=0.3464 Acc=0.3673 Labeled=900 QueryTime=0.0s GPU=229MB SSL+118
2026-06-12 19:40:09,693 [INFO]   [random] Seed=456 R9/10 F1=0.4061 Acc=0.4222 Labeled=1000 QueryTime=0.0s GPU=229MB SSL+126
2026-06-12 19:40:21,558 [INFO]   [random] Seed=789 R1/10 F1=0.0706 Acc=0.1374 Labeled=200 QueryTime=0.0s GPU=171MB SSL+0
2026-06-12 19:40:25,263 [INFO]   [random] Seed=789 R2/10 F1=0.1651 Acc=0.2178 Labeled=300 QueryTime=0.0s GPU=208MB SSL+18
2026-06-12 19:40:28,929 [INFO]   [random] Seed=789 R3/10 F1=0.1660 Acc=0.2279 Labeled=400 QueryTime=0.0s GPU=229MB SSL+23
2026-06-12 19:40:32,466 [INFO]   [random] Seed=789 R4/10 F1=0.2060 Acc=0.2612 Labeled=500 QueryTime=0.0s GPU=229MB SSL+12
2026-06-12 19:40:35,875 [INFO]   [random] Seed=789 R5/10 F1=0.1890 Acc=0.2658 Labeled=600 QueryTime=0.0s GPU=229MB SSL+19
2026-06-12 19:40:41,339 [INFO]   [random] Seed=789 R6/10 F1=0.2829 Acc=0.3285 Labeled=700 QueryTime=0.0s GPU=229MB SSL+32
2026-06-12 19:40:47,246 [INFO]   [random] Seed=789 R7/10 F1=0.3399 Acc=0.3731 Labeled=800 QueryTime=0.0s GPU=229MB SSL+37
2026-06-12 19:40:55,357 [INFO]   [random] Seed=789 R8/10 F1=0.3714 Acc=0.3937 Labeled=900 QueryTime=0.0s GPU=229MB SSL+116
2026-06-12 19:41:03,554 [INFO]   [random] Seed=789 R9/10 F1=0.3721 Acc=0.4005 Labeled=1000 QueryTime=0.0s GPU=229MB SSL+166
2026-06-12 19:41:15,575 [INFO]   [random] Seed=1024 R1/10 F1=0.0809 Acc=0.1413 Labeled=200 QueryTime=0.0s GPU=171MB SSL+0
2026-06-12 19:41:19,397 [INFO]   [random] Seed=1024 R2/10 F1=0.1872 Acc=0.2323 Labeled=300 QueryTime=0.0s GPU=208MB SSL+0
2026-06-12 19:41:23,124 [INFO]   [random] Seed=1024 R3/10 F1=0.2257 Acc=0.2574 Labeled=400 QueryTime=0.0s GPU=229MB SSL+3
2026-06-12 19:41:27,059 [INFO]   [random] Seed=1024 R4/10 F1=0.2485 Acc=0.2935 Labeled=500 QueryTime=0.0s GPU=229MB SSL+22
2026-06-12 19:41:30,787 [INFO]   [random] Seed=1024 R5/10 F1=0.2739 Acc=0.3195 Labeled=600 QueryTime=0.0s GPU=229MB SSL+28
2026-06-12 19:41:36,845 [INFO]   [random] Seed=1024 R6/10 F1=0.3316 Acc=0.3604 Labeled=700 QueryTime=0.0s GPU=229MB SSL+26
2026-06-12 19:41:43,479 [INFO]   [random] Seed=1024 R7/10 F1=0.3381 Acc=0.3673 Labeled=800 QueryTime=0.0s GPU=229MB SSL+31
2026-06-12 19:41:51,828 [INFO]   [random] Seed=1024 R8/10 F1=0.3582 Acc=0.3875 Labeled=900 QueryTime=0.0s GPU=229MB SSL+53
2026-06-12 19:41:59,687 [INFO]   [random] Seed=1024 R9/10 F1=0.3775 Acc=0.4035 Labeled=1000 QueryTime=0.0s GPU=229MB SSL+107
2026-06-12 19:42:07,449 [INFO] 
--- Strategy: entropy ---
2026-06-12 19:42:11,996 [INFO]   [entropy] Seed=42 R1/10 F1=0.0685 Acc=0.1341 Labeled=200 QueryTime=0.0s GPU=171MB SSL+0
2026-06-12 19:42:16,233 [INFO]   [entropy] Seed=42 R2/10 F1=0.1912 Acc=0.2420 Labeled=300 QueryTime=0.0s GPU=217MB SSL+0
2026-06-12 19:42:20,301 [INFO]   [entropy] Seed=42 R3/10 F1=0.2232 Acc=0.2624 Labeled=400 QueryTime=0.0s GPU=237MB SSL+0
2026-06-12 19:42:24,392 [INFO]   [entropy] Seed=42 R4/10 F1=0.2380 Acc=0.2612 Labeled=500 QueryTime=0.0s GPU=237MB SSL+7
2026-06-12 19:42:28,287 [INFO]   [entropy] Seed=42 R5/10 F1=0.2743 Acc=0.2956 Labeled=600 QueryTime=0.0s GPU=237MB SSL+17
2026-06-12 19:42:34,496 [INFO]   [entropy] Seed=42 R6/10 F1=0.3217 Acc=0.3442 Labeled=700 QueryTime=0.0s GPU=237MB SSL+27
2026-06-12 19:42:40,689 [INFO]   [entropy] Seed=42 R7/10 F1=0.3376 Acc=0.3685 Labeled=800 QueryTime=0.0s GPU=237MB SSL+50
2026-06-12 19:42:49,074 [INFO]   [entropy] Seed=42 R8/10 F1=0.3520 Acc=0.3876 Labeled=900 QueryTime=0.0s GPU=237MB SSL+120
2026-06-12 19:42:57,255 [INFO]   [entropy] Seed=42 R9/10 F1=0.3749 Acc=0.4091 Labeled=1000 QueryTime=0.0s GPU=237MB SSL+82
2026-06-12 19:43:08,718 [INFO]   [entropy] Seed=123 R1/10 F1=0.0866 Acc=0.1552 Labeled=200 QueryTime=0.0s GPU=185MB SSL+0
2026-06-12 19:43:12,607 [INFO]   [entropy] Seed=123 R2/10 F1=0.1681 Acc=0.2331 Labeled=300 QueryTime=0.0s GPU=231MB SSL+0
2026-06-12 19:43:17,605 [INFO]   [entropy] Seed=123 R3/10 F1=0.2210 Acc=0.2682 Labeled=400 QueryTime=0.0s GPU=250MB SSL+2
2026-06-12 19:43:21,781 [INFO]   [entropy] Seed=123 R4/10 F1=0.2345 Acc=0.2928 Labeled=500 QueryTime=0.0s GPU=249MB SSL+2
2026-06-12 19:43:26,001 [INFO]   [entropy] Seed=123 R5/10 F1=0.2705 Acc=0.3097 Labeled=600 QueryTime=0.0s GPU=249MB SSL+11
2026-06-12 19:43:32,076 [INFO]   [entropy] Seed=123 R6/10 F1=0.2682 Acc=0.3276 Labeled=700 QueryTime=0.0s GPU=250MB SSL+37
2026-06-12 19:43:38,263 [INFO]   [entropy] Seed=123 R7/10 F1=0.3152 Acc=0.3572 Labeled=800 QueryTime=0.0s GPU=250MB SSL+28
2026-06-12 19:43:46,394 [INFO]   [entropy] Seed=123 R8/10 F1=0.3463 Acc=0.3910 Labeled=900 QueryTime=0.0s GPU=250MB SSL+100
2026-06-12 19:43:54,479 [INFO]   [entropy] Seed=123 R9/10 F1=0.3764 Acc=0.4042 Labeled=1000 QueryTime=0.0s GPU=250MB SSL+96
2026-06-12 19:44:05,580 [INFO]   [entropy] Seed=456 R1/10 F1=0.0944 Acc=0.1635 Labeled=200 QueryTime=0.0s GPU=185MB SSL+0
2026-06-12 19:44:09,534 [INFO]   [entropy] Seed=456 R2/10 F1=0.1512 Acc=0.2135 Labeled=300 QueryTime=0.0s GPU=231MB SSL+0
2026-06-12 19:44:13,535 [INFO]   [entropy] Seed=456 R3/10 F1=0.1867 Acc=0.2459 Labeled=400 QueryTime=0.0s GPU=249MB SSL+21
2026-06-12 19:44:17,661 [INFO]   [entropy] Seed=456 R4/10 F1=0.1922 Acc=0.2588 Labeled=500 QueryTime=0.0s GPU=249MB SSL+20
2026-06-12 19:44:21,733 [INFO]   [entropy] Seed=456 R5/10 F1=0.2731 Acc=0.3174 Labeled=600 QueryTime=0.0s GPU=249MB SSL+12
2026-06-12 19:44:27,960 [INFO]   [entropy] Seed=456 R6/10 F1=0.2900 Acc=0.3280 Labeled=700 QueryTime=0.0s GPU=249MB SSL+38
2026-06-12 19:44:33,874 [INFO]   [entropy] Seed=456 R7/10 F1=0.3093 Acc=0.3419 Labeled=800 QueryTime=0.0s GPU=249MB SSL+35
2026-06-12 19:44:41,450 [INFO]   [entropy] Seed=456 R8/10 F1=0.3725 Acc=0.3927 Labeled=900 QueryTime=0.0s GPU=249MB SSL+53
2026-06-12 19:44:49,044 [INFO]   [entropy] Seed=456 R9/10 F1=0.3874 Acc=0.4109 Labeled=1000 QueryTime=0.0s GPU=249MB SSL+78
2026-06-12 19:45:00,209 [INFO]   [entropy] Seed=789 R1/10 F1=0.0706 Acc=0.1374 Labeled=200 QueryTime=0.0s GPU=201MB SSL+0
2026-06-12 19:45:04,507 [INFO]   [entropy] Seed=789 R2/10 F1=0.1444 Acc=0.2191 Labeled=300 QueryTime=0.0s GPU=243MB SSL+0
2026-06-12 19:45:08,457 [INFO]   [entropy] Seed=789 R3/10 F1=0.1816 Acc=0.2445 Labeled=400 QueryTime=0.0s GPU=263MB SSL+0
2026-06-12 19:45:12,978 [INFO]   [entropy] Seed=789 R4/10 F1=0.2498 Acc=0.3054 Labeled=500 QueryTime=0.0s GPU=263MB SSL+10
2026-06-12 19:45:17,031 [INFO]   [entropy] Seed=789 R5/10 F1=0.2658 Acc=0.3205 Labeled=600 QueryTime=0.0s GPU=263MB SSL+16
2026-06-12 19:45:23,114 [INFO]   [entropy] Seed=789 R6/10 F1=0.2929 Acc=0.3389 Labeled=700 QueryTime=0.0s GPU=263MB SSL+39
2026-06-12 19:45:28,780 [INFO]   [entropy] Seed=789 R7/10 F1=0.3450 Acc=0.3795 Labeled=800 QueryTime=0.0s GPU=263MB SSL+51
2026-06-12 19:45:36,168 [INFO]   [entropy] Seed=789 R8/10 F1=0.3523 Acc=0.3854 Labeled=900 QueryTime=0.0s GPU=263MB SSL+137
2026-06-12 19:45:44,324 [INFO]   [entropy] Seed=789 R9/10 F1=0.3666 Acc=0.4039 Labeled=1000 QueryTime=0.0s GPU=263MB SSL+81
2026-06-12 19:45:56,023 [INFO]   [entropy] Seed=1024 R1/10 F1=0.0809 Acc=0.1413 Labeled=200 QueryTime=0.0s GPU=213MB SSL+0
2026-06-12 19:46:02,275 [INFO]   [entropy] Seed=1024 R2/10 F1=0.1861 Acc=0.2329 Labeled=300 QueryTime=0.0s GPU=255MB SSL+0
2026-06-12 19:46:08,962 [INFO]   [entropy] Seed=1024 R3/10 F1=0.1619 Acc=0.2253 Labeled=400 QueryTime=0.0s GPU=275MB SSL+17
2026-06-12 19:46:18,361 [INFO]   [entropy] Seed=1024 R4/10 F1=0.2189 Acc=0.2878 Labeled=500 QueryTime=0.0s GPU=275MB SSL+14
2026-06-12 19:46:26,791 [INFO]   [entropy] Seed=1024 R5/10 F1=0.2373 Acc=0.2949 Labeled=600 QueryTime=0.0s GPU=275MB SSL+21
2026-06-12 19:46:38,642 [INFO]   [entropy] Seed=1024 R6/10 F1=0.3119 Acc=0.3516 Labeled=700 QueryTime=0.0s GPU=276MB SSL+12
2026-06-12 19:46:48,957 [INFO]   [entropy] Seed=1024 R7/10 F1=0.3512 Acc=0.3834 Labeled=800 QueryTime=0.0s GPU=276MB SSL+21
2026-06-12 19:47:02,597 [INFO]   [entropy] Seed=1024 R8/10 F1=0.3451 Acc=0.3863 Labeled=900 QueryTime=0.0s GPU=276MB SSL+93
2026-06-12 19:47:17,111 [INFO]   [entropy] Seed=1024 R9/10 F1=0.3844 Acc=0.4151 Labeled=1000 QueryTime=0.0s GPU=276MB SSL+63
2026-06-12 19:47:30,922 [INFO] 
--- Strategy: margin ---
2026-06-12 19:47:38,101 [INFO]   [margin] Seed=42 R1/10 F1=0.0685 Acc=0.1341 Labeled=200 QueryTime=0.0s GPU=226MB SSL+0
2026-06-12 19:47:45,305 [INFO]   [margin] Seed=42 R2/10 F1=0.1750 Acc=0.2180 Labeled=300 QueryTime=0.0s GPU=268MB SSL+0
2026-06-12 19:47:52,769 [INFO]   [margin] Seed=42 R3/10 F1=0.2251 Acc=0.2669 Labeled=400 QueryTime=0.0s GPU=288MB SSL+21
2026-06-12 19:48:00,454 [INFO]   [margin] Seed=42 R4/10 F1=0.2485 Acc=0.2902 Labeled=500 QueryTime=0.0s GPU=288MB SSL+31
2026-06-12 19:48:07,808 [INFO]   [margin] Seed=42 R5/10 F1=0.2701 Acc=0.3077 Labeled=600 QueryTime=0.0s GPU=288MB SSL+15
2026-06-12 19:48:17,808 [INFO]   [margin] Seed=42 R6/10 F1=0.2839 Acc=0.3319 Labeled=700 QueryTime=0.0s GPU=289MB SSL+47
2026-06-12 19:48:27,971 [INFO]   [margin] Seed=42 R7/10 F1=0.3265 Acc=0.3608 Labeled=800 QueryTime=0.0s GPU=289MB SSL+30
2026-06-12 19:48:41,199 [INFO]   [margin] Seed=42 R8/10 F1=0.3333 Acc=0.3781 Labeled=900 QueryTime=0.0s GPU=290MB SSL+105
2026-06-12 19:48:55,910 [INFO]   [margin] Seed=42 R9/10 F1=0.3904 Acc=0.4209 Labeled=1000 QueryTime=0.0s GPU=290MB SSL+90
2026-06-12 19:49:14,599 [INFO]   [margin] Seed=123 R1/10 F1=0.0866 Acc=0.1552 Labeled=200 QueryTime=0.0s GPU=241MB SSL+0
2026-06-12 19:49:21,827 [INFO]   [margin] Seed=123 R2/10 F1=0.1582 Acc=0.2307 Labeled=300 QueryTime=0.0s GPU=282MB SSL+0
2026-06-12 19:49:29,126 [INFO]   [margin] Seed=123 R3/10 F1=0.1916 Acc=0.2456 Labeled=400 QueryTime=0.0s GPU=303MB SSL+1
2026-06-12 19:49:36,155 [INFO]   [margin] Seed=123 R4/10 F1=0.2473 Acc=0.2955 Labeled=500 QueryTime=0.0s GPU=277MB SSL+0
2026-06-12 19:49:43,173 [INFO]   [margin] Seed=123 R5/10 F1=0.2422 Acc=0.2832 Labeled=600 QueryTime=0.0s GPU=277MB SSL+12
2026-06-12 19:49:52,518 [INFO]   [margin] Seed=123 R6/10 F1=0.3134 Acc=0.3478 Labeled=700 QueryTime=0.0s GPU=277MB SSL+13
2026-06-12 19:50:01,916 [INFO]   [margin] Seed=123 R7/10 F1=0.3625 Acc=0.3833 Labeled=800 QueryTime=0.0s GPU=277MB SSL+4
2026-06-12 19:50:14,146 [INFO]   [margin] Seed=123 R8/10 F1=0.3896 Acc=0.3994 Labeled=900 QueryTime=0.0s GPU=277MB SSL+37
2026-06-12 19:50:26,673 [INFO]   [margin] Seed=123 R9/10 F1=0.3937 Acc=0.4159 Labeled=1000 QueryTime=0.0s GPU=277MB SSL+83
2026-06-12 19:50:44,006 [INFO]   [margin] Seed=456 R1/10 F1=0.0944 Acc=0.1635 Labeled=200 QueryTime=0.0s GPU=225MB SSL+0
2026-06-12 19:50:50,792 [INFO]   [margin] Seed=456 R2/10 F1=0.2096 Acc=0.2648 Labeled=300 QueryTime=0.0s GPU=267MB SSL+0
2026-06-12 19:50:57,787 [INFO]   [margin] Seed=456 R3/10 F1=0.1845 Acc=0.2258 Labeled=400 QueryTime=0.0s GPU=287MB SSL+3
2026-06-12 19:51:04,731 [INFO]   [margin] Seed=456 R4/10 F1=0.2235 Acc=0.2834 Labeled=500 QueryTime=0.0s GPU=287MB SSL+1
2026-06-12 19:51:11,719 [INFO]   [margin] Seed=456 R5/10 F1=0.2475 Acc=0.3018 Labeled=600 QueryTime=0.0s GPU=287MB SSL+0
2026-06-12 19:51:20,800 [INFO]   [margin] Seed=456 R6/10 F1=0.2648 Acc=0.3128 Labeled=700 QueryTime=0.0s GPU=279MB SSL+26
2026-06-12 19:51:30,312 [INFO]   [margin] Seed=456 R7/10 F1=0.3203 Acc=0.3583 Labeled=800 QueryTime=0.0s GPU=264MB SSL+48
2026-06-12 19:51:42,156 [INFO]   [margin] Seed=456 R8/10 F1=0.3363 Acc=0.3862 Labeled=900 QueryTime=0.0s GPU=264MB SSL+59
2026-06-12 19:51:53,727 [INFO]   [margin] Seed=456 R9/10 F1=0.3832 Acc=0.4207 Labeled=1000 QueryTime=0.0s GPU=264MB SSL+71
2026-06-12 19:52:11,132 [INFO]   [margin] Seed=789 R1/10 F1=0.0706 Acc=0.1374 Labeled=200 QueryTime=0.0s GPU=213MB SSL+0
2026-06-12 19:52:17,922 [INFO]   [margin] Seed=789 R2/10 F1=0.1803 Acc=0.2400 Labeled=300 QueryTime=0.0s GPU=255MB SSL+0
2026-06-12 19:52:24,704 [INFO]   [margin] Seed=789 R3/10 F1=0.2214 Acc=0.2767 Labeled=400 QueryTime=0.0s GPU=275MB SSL+10
2026-06-12 19:52:31,602 [INFO]   [margin] Seed=789 R4/10 F1=0.2677 Acc=0.3052 Labeled=500 QueryTime=0.0s GPU=275MB SSL+15
2026-06-12 19:52:38,624 [INFO]   [margin] Seed=789 R5/10 F1=0.2853 Acc=0.3197 Labeled=600 QueryTime=0.0s GPU=275MB SSL+13
2026-06-12 19:52:47,932 [INFO]   [margin] Seed=789 R6/10 F1=0.3247 Acc=0.3546 Labeled=700 QueryTime=0.0s GPU=275MB SSL+24
2026-06-12 19:52:57,208 [INFO]   [margin] Seed=789 R7/10 F1=0.3627 Acc=0.3928 Labeled=800 QueryTime=0.0s GPU=275MB SSL+30
2026-06-12 19:53:08,729 [INFO]   [margin] Seed=789 R8/10 F1=0.3766 Acc=0.3933 Labeled=900 QueryTime=0.0s GPU=275MB SSL+37
2026-06-12 19:53:20,486 [INFO]   [margin] Seed=789 R9/10 F1=0.4267 Acc=0.4355 Labeled=1000 QueryTime=0.0s GPU=275MB SSL+82
2026-06-12 19:53:37,591 [INFO]   [margin] Seed=1024 R1/10 F1=0.0809 Acc=0.1413 Labeled=200 QueryTime=0.0s GPU=224MB SSL+0
2026-06-12 19:53:44,299 [INFO]   [margin] Seed=1024 R2/10 F1=0.1407 Acc=0.1996 Labeled=300 QueryTime=0.0s GPU=269MB SSL+2
2026-06-12 19:53:51,219 [INFO]   [margin] Seed=1024 R3/10 F1=0.1887 Acc=0.2625 Labeled=400 QueryTime=0.0s GPU=290MB SSL+3
2026-06-12 19:53:58,220 [INFO]   [margin] Seed=1024 R4/10 F1=0.1867 Acc=0.2491 Labeled=500 QueryTime=0.0s GPU=290MB SSL+15
2026-06-12 19:54:05,206 [INFO]   [margin] Seed=1024 R5/10 F1=0.2280 Acc=0.2978 Labeled=600 QueryTime=0.0s GPU=290MB SSL+32
2026-06-12 19:54:14,517 [INFO]   [margin] Seed=1024 R6/10 F1=0.2974 Acc=0.3430 Labeled=700 QueryTime=0.0s GPU=290MB SSL+19
2026-06-12 19:54:23,817 [INFO]   [margin] Seed=1024 R7/10 F1=0.3818 Acc=0.4000 Labeled=800 QueryTime=0.0s GPU=290MB SSL+30
2026-06-12 19:54:35,592 [INFO]   [margin] Seed=1024 R8/10 F1=0.3869 Acc=0.4059 Labeled=900 QueryTime=0.0s GPU=290MB SSL+52
2026-06-12 19:54:47,221 [INFO]   [margin] Seed=1024 R9/10 F1=0.4210 Acc=0.4341 Labeled=1000 QueryTime=0.0s GPU=290MB SSL+77
2026-06-12 19:54:57,650 [INFO] 
--- Strategy: coreset ---
2026-06-12 19:55:09,233 [INFO]   [coreset] Seed=42 R1/10 F1=0.0685 Acc=0.1341 Labeled=200 QueryTime=5.1s GPU=236MB SSL+0
2026-06-12 19:55:23,740 [INFO]   [coreset] Seed=42 R2/10 F1=0.2038 Acc=0.2578 Labeled=300 QueryTime=7.7s GPU=272MB SSL+0
2026-06-12 19:55:40,690 [INFO]   [coreset] Seed=42 R3/10 F1=0.1802 Acc=0.2334 Labeled=400 QueryTime=10.1s GPU=295MB SSL+13
2026-06-12 19:56:00,347 [INFO]   [coreset] Seed=42 R4/10 F1=0.2301 Acc=0.2665 Labeled=500 QueryTime=12.8s GPU=295MB SSL+4
2026-06-12 19:56:25,834 [INFO]   [coreset] Seed=42 R5/10 F1=0.2715 Acc=0.3083 Labeled=600 QueryTime=18.2s GPU=295MB SSL+2
2026-06-12 19:56:53,717 [INFO]   [coreset] Seed=42 R6/10 F1=0.2989 Acc=0.3358 Labeled=700 QueryTime=17.2s GPU=295MB SSL+35
2026-06-12 19:57:22,999 [INFO]   [coreset] Seed=42 R7/10 F1=0.3244 Acc=0.3624 Labeled=800 QueryTime=19.4s GPU=295MB SSL+70
2026-06-12 19:57:56,729 [INFO]   [coreset] Seed=42 R8/10 F1=0.3540 Acc=0.3946 Labeled=900 QueryTime=21.9s GPU=295MB SSL+132
2026-06-12 19:58:33,454 [INFO]   [coreset] Seed=42 R9/10 F1=0.3971 Acc=0.4234 Labeled=1000 QueryTime=24.5s GPU=295MB SSL+73
2026-06-12 19:58:55,428 [INFO]   [coreset] Seed=123 R1/10 F1=0.0866 Acc=0.1552 Labeled=200 QueryTime=4.7s GPU=236MB SSL+0
2026-06-12 19:59:09,424 [INFO]   [coreset] Seed=123 R2/10 F1=0.1839 Acc=0.2478 Labeled=300 QueryTime=7.3s GPU=272MB SSL+0
2026-06-12 19:59:25,937 [INFO]   [coreset] Seed=123 R3/10 F1=0.1944 Acc=0.2520 Labeled=400 QueryTime=9.7s GPU=295MB SSL+5
2026-06-12 19:59:45,003 [INFO]   [coreset] Seed=123 R4/10 F1=0.2492 Acc=0.3121 Labeled=500 QueryTime=12.2s GPU=295MB SSL+2
2026-06-12 20:00:06,670 [INFO]   [coreset] Seed=123 R5/10 F1=0.2593 Acc=0.3165 Labeled=600 QueryTime=14.6s GPU=295MB SSL+3
2026-06-12 20:00:33,258 [INFO]   [coreset] Seed=123 R6/10 F1=0.2997 Acc=0.3574 Labeled=700 QueryTime=17.2s GPU=295MB SSL+24
2026-06-12 20:01:02,245 [INFO]   [coreset] Seed=123 R7/10 F1=0.3019 Acc=0.3497 Labeled=800 QueryTime=19.5s GPU=295MB SSL+18
2026-06-12 20:01:36,784 [INFO]   [coreset] Seed=123 R8/10 F1=0.3538 Acc=0.3998 Labeled=900 QueryTime=22.8s GPU=295MB SSL+82
2026-06-12 20:02:14,238 [INFO]   [coreset] Seed=123 R9/10 F1=0.3662 Acc=0.4037 Labeled=1000 QueryTime=25.8s GPU=295MB SSL+44
2026-06-12 20:02:36,370 [INFO]   [coreset] Seed=456 R1/10 F1=0.0944 Acc=0.1635 Labeled=200 QueryTime=5.1s GPU=236MB SSL+0
2026-06-12 20:02:50,786 [INFO]   [coreset] Seed=456 R2/10 F1=0.1720 Acc=0.2383 Labeled=300 QueryTime=7.6s GPU=272MB SSL+0
2026-06-12 20:03:07,630 [INFO]   [coreset] Seed=456 R3/10 F1=0.1725 Acc=0.2308 Labeled=400 QueryTime=9.9s GPU=295MB SSL+2
2026-06-12 20:03:27,009 [INFO]   [coreset] Seed=456 R4/10 F1=0.2311 Acc=0.2942 Labeled=500 QueryTime=12.5s GPU=295MB SSL+4
2026-06-12 20:03:48,949 [INFO]   [coreset] Seed=456 R5/10 F1=0.2754 Acc=0.3086 Labeled=600 QueryTime=15.0s GPU=295MB SSL+4
2026-06-12 20:04:15,819 [INFO]   [coreset] Seed=456 R6/10 F1=0.3219 Acc=0.3527 Labeled=700 QueryTime=17.7s GPU=295MB SSL+23
2026-06-12 20:04:44,589 [INFO]   [coreset] Seed=456 R7/10 F1=0.3082 Acc=0.3436 Labeled=800 QueryTime=19.8s GPU=295MB SSL+62
2026-06-12 20:05:19,588 [INFO]   [coreset] Seed=456 R8/10 F1=0.3407 Acc=0.3660 Labeled=900 QueryTime=23.3s GPU=295MB SSL+57
2026-06-12 20:05:56,096 [INFO]   [coreset] Seed=456 R9/10 F1=0.3893 Acc=0.4089 Labeled=1000 QueryTime=24.7s GPU=295MB SSL+97
2026-06-12 20:06:18,026 [INFO]   [coreset] Seed=789 R1/10 F1=0.0706 Acc=0.1374 Labeled=200 QueryTime=4.9s GPU=236MB SSL+0
2026-06-12 20:06:33,193 [INFO]   [coreset] Seed=789 R2/10 F1=0.1526 Acc=0.2074 Labeled=300 QueryTime=8.2s GPU=272MB SSL+0
2026-06-12 20:06:50,556 [INFO]   [coreset] Seed=789 R3/10 F1=0.1888 Acc=0.2469 Labeled=400 QueryTime=9.7s GPU=295MB SSL+2
2026-06-12 20:07:09,548 [INFO]   [coreset] Seed=789 R4/10 F1=0.2314 Acc=0.2801 Labeled=500 QueryTime=11.9s GPU=295MB SSL+6
2026-06-12 20:07:30,548 [INFO]   [coreset] Seed=789 R5/10 F1=0.2211 Acc=0.2865 Labeled=600 QueryTime=13.8s GPU=295MB SSL+5
2026-06-12 20:07:56,944 [INFO]   [coreset] Seed=789 R6/10 F1=0.2402 Acc=0.3011 Labeled=700 QueryTime=17.0s GPU=295MB SSL+13
2026-06-12 20:08:25,265 [INFO]   [coreset] Seed=789 R7/10 F1=0.3160 Acc=0.3494 Labeled=800 QueryTime=19.1s GPU=295MB SSL+12
2026-06-12 20:08:59,925 [INFO]   [coreset] Seed=789 R8/10 F1=0.3366 Acc=0.3624 Labeled=900 QueryTime=22.4s GPU=295MB SSL+79
2026-06-12 20:09:37,209 [INFO]   [coreset] Seed=789 R9/10 F1=0.3371 Acc=0.3702 Labeled=1000 QueryTime=25.3s GPU=295MB SSL+149
2026-06-12 20:09:59,254 [INFO]   [coreset] Seed=1024 R1/10 F1=0.0809 Acc=0.1413 Labeled=200 QueryTime=4.9s GPU=236MB SSL+0
2026-06-12 20:10:13,498 [INFO]   [coreset] Seed=1024 R2/10 F1=0.1338 Acc=0.2071 Labeled=300 QueryTime=7.5s GPU=272MB SSL+0
2026-06-12 20:10:30,420 [INFO]   [coreset] Seed=1024 R3/10 F1=0.1473 Acc=0.2216 Labeled=400 QueryTime=10.1s GPU=295MB SSL+6
2026-06-12 20:10:50,182 [INFO]   [coreset] Seed=1024 R4/10 F1=0.1965 Acc=0.2418 Labeled=500 QueryTime=12.8s GPU=295MB SSL+12
2026-06-12 20:11:12,474 [INFO]   [coreset] Seed=1024 R5/10 F1=0.2921 Acc=0.3184 Labeled=600 QueryTime=15.5s GPU=295MB SSL+10
2026-06-12 20:11:39,631 [INFO]   [coreset] Seed=1024 R6/10 F1=0.3360 Acc=0.3621 Labeled=700 QueryTime=17.7s GPU=295MB SSL+16
2026-06-12 20:12:09,649 [INFO]   [coreset] Seed=1024 R7/10 F1=0.3469 Acc=0.3646 Labeled=800 QueryTime=20.5s GPU=295MB SSL+22
2026-06-12 20:12:44,279 [INFO]   [coreset] Seed=1024 R8/10 F1=0.3340 Acc=0.3727 Labeled=900 QueryTime=23.0s GPU=295MB SSL+75
2026-06-12 20:13:21,612 [INFO]   [coreset] Seed=1024 R9/10 F1=0.3900 Acc=0.4050 Labeled=1000 QueryTime=25.4s GPU=295MB SSL+61
2026-06-12 20:13:32,209 [INFO] 
--- Strategy: badge ---
2026-06-12 20:14:08,605 [INFO]   [badge] Seed=42 R1/10 F1=0.0685 Acc=0.1341 Labeled=200 QueryTime=29.9s GPU=236MB SSL+0
2026-06-12 20:14:44,996 [INFO]   [badge] Seed=42 R2/10 F1=0.1740 Acc=0.2205 Labeled=300 QueryTime=29.6s GPU=272MB SSL+0
2026-06-12 20:15:21,761 [INFO]   [badge] Seed=42 R3/10 F1=0.1999 Acc=0.2435 Labeled=400 QueryTime=29.9s GPU=295MB SSL+7
2026-06-12 20:15:57,915 [INFO]   [badge] Seed=42 R4/10 F1=0.2338 Acc=0.2698 Labeled=500 QueryTime=29.4s GPU=295MB SSL+0
2026-06-12 20:16:34,223 [INFO]   [badge] Seed=42 R5/10 F1=0.2681 Acc=0.3146 Labeled=600 QueryTime=29.4s GPU=295MB SSL+9
2026-06-12 20:17:14,153 [INFO]   [badge] Seed=42 R6/10 F1=0.2825 Acc=0.3274 Labeled=700 QueryTime=29.5s GPU=295MB SSL+19
2026-06-12 20:17:52,440 [INFO]   [badge] Seed=42 R7/10 F1=0.3184 Acc=0.3619 Labeled=800 QueryTime=29.2s GPU=295MB SSL+38
2026-06-12 20:18:34,092 [INFO]   [badge] Seed=42 R8/10 F1=0.3222 Acc=0.3581 Labeled=900 QueryTime=30.0s GPU=295MB SSL+149
2026-06-12 20:19:15,441 [INFO]   [badge] Seed=42 R9/10 F1=0.3703 Acc=0.4083 Labeled=1000 QueryTime=30.0s GPU=295MB SSL+110
2026-06-12 20:20:02,610 [INFO]   [badge] Seed=123 R1/10 F1=0.0866 Acc=0.1552 Labeled=200 QueryTime=29.9s GPU=236MB SSL+0
2026-06-12 20:20:37,843 [INFO]   [badge] Seed=123 R2/10 F1=0.1764 Acc=0.2415 Labeled=300 QueryTime=28.4s GPU=272MB SSL+0
2026-06-12 20:21:14,604 [INFO]   [badge] Seed=123 R3/10 F1=0.2093 Acc=0.2603 Labeled=400 QueryTime=29.7s GPU=295MB SSL+0
2026-06-12 20:21:52,281 [INFO]   [badge] Seed=123 R4/10 F1=0.2411 Acc=0.3000 Labeled=500 QueryTime=29.7s GPU=295MB SSL+0
2026-06-12 20:22:28,737 [INFO]   [badge] Seed=123 R5/10 F1=0.2698 Acc=0.3283 Labeled=600 QueryTime=29.2s GPU=295MB SSL+11
2026-06-12 20:23:08,147 [INFO]   [badge] Seed=123 R6/10 F1=0.2956 Acc=0.3396 Labeled=700 QueryTime=29.4s GPU=295MB SSL+50
2026-06-12 20:23:48,265 [INFO]   [badge] Seed=123 R7/10 F1=0.3170 Acc=0.3656 Labeled=800 QueryTime=29.6s GPU=295MB SSL+35
2026-06-12 20:24:29,934 [INFO]   [badge] Seed=123 R8/10 F1=0.3384 Acc=0.3764 Labeled=900 QueryTime=29.1s GPU=295MB SSL+67
2026-06-12 20:25:11,878 [INFO]   [badge] Seed=123 R9/10 F1=0.3823 Acc=0.4233 Labeled=1000 QueryTime=29.3s GPU=295MB SSL+63
2026-06-12 20:26:01,196 [INFO]   [badge] Seed=456 R1/10 F1=0.0944 Acc=0.1635 Labeled=200 QueryTime=30.6s GPU=236MB SSL+0
2026-06-12 20:26:40,137 [INFO]   [badge] Seed=456 R2/10 F1=0.1606 Acc=0.2335 Labeled=300 QueryTime=31.8s GPU=272MB SSL+0
2026-06-12 20:27:20,174 [INFO]   [badge] Seed=456 R3/10 F1=0.1894 Acc=0.2564 Labeled=400 QueryTime=32.5s GPU=295MB SSL+23
2026-06-12 20:27:58,853 [INFO]   [badge] Seed=456 R4/10 F1=0.2642 Acc=0.3074 Labeled=500 QueryTime=31.0s GPU=295MB SSL+12
2026-06-12 20:28:36,649 [INFO]   [badge] Seed=456 R5/10 F1=0.2860 Acc=0.3324 Labeled=600 QueryTime=30.4s GPU=295MB SSL+7
2026-06-12 20:29:13,888 [INFO]   [badge] Seed=456 R6/10 F1=0.3416 Acc=0.3680 Labeled=700 QueryTime=27.4s GPU=295MB SSL+15
2026-06-12 20:29:52,473 [INFO]   [badge] Seed=456 R7/10 F1=0.3933 Acc=0.3997 Labeled=800 QueryTime=29.5s GPU=295MB SSL+47
2026-06-12 20:30:33,193 [INFO]   [badge] Seed=456 R8/10 F1=0.3790 Acc=0.3892 Labeled=900 QueryTime=29.2s GPU=295MB SSL+62
2026-06-12 20:31:14,623 [INFO]   [badge] Seed=456 R9/10 F1=0.4040 Acc=0.4165 Labeled=1000 QueryTime=29.8s GPU=295MB SSL+119
2026-06-12 20:32:00,887 [INFO]   [badge] Seed=789 R1/10 F1=0.0706 Acc=0.1374 Labeled=200 QueryTime=29.2s GPU=236MB SSL+0
2026-06-12 20:32:36,154 [INFO]   [badge] Seed=789 R2/10 F1=0.1578 Acc=0.2231 Labeled=300 QueryTime=28.7s GPU=272MB SSL+0
2026-06-12 20:33:10,527 [INFO]   [badge] Seed=789 R3/10 F1=0.2174 Acc=0.2675 Labeled=400 QueryTime=27.5s GPU=295MB SSL+7
2026-06-12 20:33:38,351 [INFO]   [badge] Seed=789 R4/10 F1=0.2725 Acc=0.3073 Labeled=500 QueryTime=24.6s GPU=295MB SSL+5
2026-06-12 20:34:13,861 [INFO]   [badge] Seed=789 R5/10 F1=0.2496 Acc=0.2987 Labeled=600 QueryTime=29.8s GPU=295MB SSL+6
2026-06-12 20:34:52,289 [INFO]   [badge] Seed=789 R6/10 F1=0.3227 Acc=0.3534 Labeled=700 QueryTime=30.1s GPU=295MB SSL+47
2026-06-12 20:35:29,690 [INFO]   [badge] Seed=789 R7/10 F1=0.3450 Acc=0.3768 Labeled=800 QueryTime=29.2s GPU=295MB SSL+42
2026-06-12 20:36:09,297 [INFO]   [badge] Seed=789 R8/10 F1=0.3969 Acc=0.4103 Labeled=900 QueryTime=29.3s GPU=295MB SSL+72
2026-06-12 20:36:49,841 [INFO]   [badge] Seed=789 R9/10 F1=0.3651 Acc=0.3994 Labeled=1000 QueryTime=30.0s GPU=295MB SSL+63
2026-06-12 20:37:38,041 [INFO]   [badge] Seed=1024 R1/10 F1=0.0809 Acc=0.1413 Labeled=200 QueryTime=32.5s GPU=236MB SSL+0
2026-06-12 20:38:13,688 [INFO]   [badge] Seed=1024 R2/10 F1=0.1282 Acc=0.2071 Labeled=300 QueryTime=29.6s GPU=272MB SSL+0
2026-06-12 20:38:48,546 [INFO]   [badge] Seed=1024 R3/10 F1=0.1672 Acc=0.2376 Labeled=400 QueryTime=29.3s GPU=295MB SSL+13
2026-06-12 20:39:23,633 [INFO]   [badge] Seed=1024 R4/10 F1=0.1902 Acc=0.2523 Labeled=500 QueryTime=29.3s GPU=295MB SSL+8
2026-06-12 20:39:58,500 [INFO]   [badge] Seed=1024 R5/10 F1=0.2444 Acc=0.2967 Labeled=600 QueryTime=29.2s GPU=295MB SSL+4
2026-06-12 20:40:35,929 [INFO]   [badge] Seed=1024 R6/10 F1=0.3006 Acc=0.3391 Labeled=700 QueryTime=29.3s GPU=295MB SSL+24
2026-06-12 20:41:13,334 [INFO]   [badge] Seed=1024 R7/10 F1=0.3311 Acc=0.3633 Labeled=800 QueryTime=29.3s GPU=295MB SSL+31
2026-06-12 20:41:54,185 [INFO]   [badge] Seed=1024 R8/10 F1=0.3484 Acc=0.3778 Labeled=900 QueryTime=30.4s GPU=295MB SSL+83
2026-06-12 20:42:34,777 [INFO]   [badge] Seed=1024 R9/10 F1=0.3960 Acc=0.4266 Labeled=1000 QueryTime=29.8s GPU=295MB SSL+90
2026-06-12 20:42:44,253 [INFO] 
--- Strategy: qbc ---
2026-06-12 20:42:52,546 [INFO]   [qbc] Seed=42 R1/10 F1=0.0685 Acc=0.1341 Labeled=200 QueryTime=3.2s GPU=236MB SSL+0
2026-06-12 20:43:00,814 [INFO]   [qbc] Seed=42 R2/10 F1=0.1633 Acc=0.2138 Labeled=300 QueryTime=3.1s GPU=286MB SSL+0
2026-06-12 20:43:09,097 [INFO]   [qbc] Seed=42 R3/10 F1=0.2063 Acc=0.2661 Labeled=400 QueryTime=3.1s GPU=306MB SSL+6
2026-06-12 20:43:17,483 [INFO]   [qbc] Seed=42 R4/10 F1=0.2467 Acc=0.2959 Labeled=500 QueryTime=3.0s GPU=308MB SSL+7
2026-06-12 20:43:25,924 [INFO]   [qbc] Seed=42 R5/10 F1=0.2690 Acc=0.3168 Labeled=600 QueryTime=3.1s GPU=308MB SSL+11
2026-06-12 20:43:36,921 [INFO]   [qbc] Seed=42 R6/10 F1=0.3269 Acc=0.3563 Labeled=700 QueryTime=3.4s GPU=307MB SSL+12
2026-06-12 20:43:47,651 [INFO]   [qbc] Seed=42 R7/10 F1=0.3429 Acc=0.3840 Labeled=800 QueryTime=3.4s GPU=308MB SSL+57
2026-06-12 20:44:01,389 [INFO]   [qbc] Seed=42 R8/10 F1=0.3875 Acc=0.4173 Labeled=900 QueryTime=3.7s GPU=306MB SSL+106
2026-06-12 20:44:14,963 [INFO]   [qbc] Seed=42 R9/10 F1=0.3866 Acc=0.4221 Labeled=1000 QueryTime=3.8s GPU=307MB SSL+130
2026-06-12 20:44:32,974 [INFO]   [qbc] Seed=123 R1/10 F1=0.0866 Acc=0.1552 Labeled=200 QueryTime=3.2s GPU=236MB SSL+0
2026-06-12 20:44:41,198 [INFO]   [qbc] Seed=123 R2/10 F1=0.1530 Acc=0.2133 Labeled=300 QueryTime=3.0s GPU=286MB SSL+0
2026-06-12 20:44:49,595 [INFO]   [qbc] Seed=123 R3/10 F1=0.1953 Acc=0.2435 Labeled=400 QueryTime=3.1s GPU=306MB SSL+0
2026-06-12 20:44:57,826 [INFO]   [qbc] Seed=123 R4/10 F1=0.2134 Acc=0.2663 Labeled=500 QueryTime=3.0s GPU=308MB SSL+7
2026-06-12 20:45:06,255 [INFO]   [qbc] Seed=123 R5/10 F1=0.2643 Acc=0.3064 Labeled=600 QueryTime=3.1s GPU=308MB SSL+1
2026-06-12 20:45:17,241 [INFO]   [qbc] Seed=123 R6/10 F1=0.3491 Acc=0.3755 Labeled=700 QueryTime=3.4s GPU=307MB SSL+28
2026-06-12 20:45:28,208 [INFO]   [qbc] Seed=123 R7/10 F1=0.3868 Acc=0.4067 Labeled=800 QueryTime=3.4s GPU=308MB SSL+18
2026-06-12 20:45:41,696 [INFO]   [qbc] Seed=123 R8/10 F1=0.4092 Acc=0.4228 Labeled=900 QueryTime=3.8s GPU=306MB SSL+57
2026-06-12 20:45:55,130 [INFO]   [qbc] Seed=123 R9/10 F1=0.4305 Acc=0.4418 Labeled=1000 QueryTime=3.7s GPU=307MB SSL+96
2026-06-12 20:46:12,620 [INFO]   [qbc] Seed=456 R1/10 F1=0.0944 Acc=0.1635 Labeled=200 QueryTime=3.1s GPU=236MB SSL+0
2026-06-12 20:46:20,602 [INFO]   [qbc] Seed=456 R2/10 F1=0.1371 Acc=0.2142 Labeled=300 QueryTime=3.0s GPU=286MB SSL+0
2026-06-12 20:46:28,681 [INFO]   [qbc] Seed=456 R3/10 F1=0.1851 Acc=0.2450 Labeled=400 QueryTime=3.0s GPU=306MB SSL+0
2026-06-12 20:46:36,935 [INFO]   [qbc] Seed=456 R4/10 F1=0.2199 Acc=0.2668 Labeled=500 QueryTime=3.1s GPU=308MB SSL+1
2026-06-12 20:46:45,079 [INFO]   [qbc] Seed=456 R5/10 F1=0.2759 Acc=0.3192 Labeled=600 QueryTime=2.9s GPU=308MB SSL+16
2026-06-12 20:46:55,917 [INFO]   [qbc] Seed=456 R6/10 F1=0.3212 Acc=0.3557 Labeled=700 QueryTime=3.3s GPU=307MB SSL+42
2026-06-12 20:47:06,812 [INFO]   [qbc] Seed=456 R7/10 F1=0.3119 Acc=0.3477 Labeled=800 QueryTime=3.3s GPU=308MB SSL+43
2026-06-12 20:47:20,214 [INFO]   [qbc] Seed=456 R8/10 F1=0.3585 Acc=0.3923 Labeled=900 QueryTime=3.7s GPU=306MB SSL+94
2026-06-12 20:47:33,604 [INFO]   [qbc] Seed=456 R9/10 F1=0.3591 Acc=0.3946 Labeled=1000 QueryTime=3.5s GPU=307MB SSL+136
2026-06-12 20:47:51,520 [INFO]   [qbc] Seed=789 R1/10 F1=0.0706 Acc=0.1374 Labeled=200 QueryTime=3.1s GPU=236MB SSL+0
2026-06-12 20:47:59,718 [INFO]   [qbc] Seed=789 R2/10 F1=0.1321 Acc=0.1937 Labeled=300 QueryTime=3.0s GPU=286MB SSL+0
2026-06-12 20:48:07,918 [INFO]   [qbc] Seed=789 R3/10 F1=0.2464 Acc=0.2863 Labeled=400 QueryTime=3.0s GPU=306MB SSL+0
2026-06-12 20:48:16,384 [INFO]   [qbc] Seed=789 R4/10 F1=0.2402 Acc=0.2835 Labeled=500 QueryTime=3.1s GPU=308MB SSL+15
2026-06-12 20:48:24,611 [INFO]   [qbc] Seed=789 R5/10 F1=0.2171 Acc=0.2800 Labeled=600 QueryTime=3.0s GPU=308MB SSL+21
2026-06-12 20:48:35,563 [INFO]   [qbc] Seed=789 R6/10 F1=0.3016 Acc=0.3365 Labeled=700 QueryTime=3.3s GPU=307MB SSL+29
2026-06-12 20:48:46,405 [INFO]   [qbc] Seed=789 R7/10 F1=0.3315 Acc=0.3647 Labeled=800 QueryTime=3.3s GPU=308MB SSL+76
2026-06-12 20:48:59,398 [INFO]   [qbc] Seed=789 R8/10 F1=0.3573 Acc=0.3883 Labeled=900 QueryTime=3.5s GPU=306MB SSL+54
2026-06-12 20:49:12,810 [INFO]   [qbc] Seed=789 R9/10 F1=0.3726 Acc=0.3984 Labeled=1000 QueryTime=3.7s GPU=307MB SSL+122
2026-06-12 20:49:30,536 [INFO]   [qbc] Seed=1024 R1/10 F1=0.0809 Acc=0.1413 Labeled=200 QueryTime=3.1s GPU=236MB SSL+0
2026-06-12 20:49:38,616 [INFO]   [qbc] Seed=1024 R2/10 F1=0.1539 Acc=0.1928 Labeled=300 QueryTime=2.9s GPU=286MB SSL+0
2026-06-12 20:49:46,681 [INFO]   [qbc] Seed=1024 R3/10 F1=0.1328 Acc=0.1916 Labeled=400 QueryTime=3.0s GPU=306MB SSL+4
2026-06-12 20:49:54,843 [INFO]   [qbc] Seed=1024 R4/10 F1=0.1961 Acc=0.2316 Labeled=500 QueryTime=2.9s GPU=308MB SSL+2
2026-06-12 20:50:02,975 [INFO]   [qbc] Seed=1024 R5/10 F1=0.2454 Acc=0.3058 Labeled=600 QueryTime=3.0s GPU=308MB SSL+5
2026-06-12 20:50:13,508 [INFO]   [qbc] Seed=1024 R6/10 F1=0.3291 Acc=0.3539 Labeled=700 QueryTime=3.3s GPU=307MB SSL+24
2026-06-12 20:50:24,421 [INFO]   [qbc] Seed=1024 R7/10 F1=0.3700 Acc=0.3875 Labeled=800 QueryTime=3.3s GPU=308MB SSL+29
2026-06-12 20:50:37,669 [INFO]   [qbc] Seed=1024 R8/10 F1=0.3971 Acc=0.4175 Labeled=900 QueryTime=3.7s GPU=306MB SSL+55
2026-06-12 20:50:51,161 [INFO]   [qbc] Seed=1024 R9/10 F1=0.4191 Acc=0.4345 Labeled=1000 QueryTime=3.8s GPU=307MB SSL+113
2026-06-12 20:51:00,709 [INFO] 
--- Full Supervised Baseline ---
2026-06-12 20:55:34,207 [INFO] Full Supervised: Acc=0.7264, F1=0.7228 (epochs=50, time=270.6s)
2026-06-12 20:55:36,110 [INFO] 
=== Results saved to C:\Users\28414\Desktop\机器学习—图像分类-期末汇报\output\al_ssl\rho5 ===
2026-06-12 20:55:36,112 [INFO] 
Summary:
2026-06-12 20:55:36,112 [INFO] Strategy                 Final F1     ±std   p<0.05 vs Random
2026-06-12 20:55:36,114 [INFO] ------------------------------------------------------------
2026-06-12 20:55:36,114 [INFO] badge                      0.4060   0.0221                   
2026-06-12 20:55:36,115 [INFO] coreset                    0.3727   0.0127                  x
2026-06-12 20:55:36,115 [INFO] entropy                    0.3885   0.0081                   
2026-06-12 20:55:36,115 [INFO] margin                     0.4226   0.0147                   
2026-06-12 20:55:36,116 [INFO] qbc                        0.4105   0.0226                   
2026-06-12 20:55:36,116 [INFO] random                     0.4064   0.0100                   
2026-06-12 20:55:36,116 [INFO] Full Supervised            0.7228
2026-06-12 20:55:36,117 [INFO] 
Statistical Tests (selected):
2026-06-12 20:55:36,117 [INFO]   badge vs coreset: diff=+0.0333, p=0.0371*, d=1.844 (large)
2026-06-12 20:55:36,117 [INFO]   coreset vs margin: diff=-0.0499, p=0.0161*, d=-3.623 (large)
2026-06-12 20:55:36,117 [INFO]   coreset vs qbc: diff=-0.0378, p=0.0268*, d=-2.064 (large)
2026-06-12 20:55:36,118 [INFO]   coreset vs random: diff=-0.0337, p=0.0002***, d=-2.951 (large)
2026-06-12 20:55:36,118 [INFO]   entropy vs margin: diff=-0.0341, p=0.0242*, d=-2.868 (large)
