2026-06-14 22:02:20,966 [INFO] === v8 Controlled-Fast AL+SSL Analysis: cifar10 ===
2026-06-14 22:02:20,966 [INFO] Budget: ultra_low, Model: simplecnn, Scheduler: True
2026-06-14 22:02:20,966 [INFO] Strategies: ['entropy', 'class_aware_entropy', 'gap_aware_entropy', 'adaptive_gap_entropy']
2026-06-14 22:02:20,966 [INFO] Seeds: [42]
2026-06-14 22:02:20,967 [INFO] Rounds: 10, Initial: 100, Query: 100
2026-06-14 22:02:20,967 [INFO] SSL: False, Method: flexmatch, t-SNE: False, Resume: False
2026-06-14 22:02:20,967 [INFO] Imbalance mode: max/min class count ratio = 1
2026-06-14 22:02:21,063 [INFO] Device: cuda
2026-06-14 22:02:40,773 [INFO] Imbalance filter (Exponential): 50000 -> 50000 training samples
2026-06-14 22:02:40,773 [INFO] 
--- Strategy: entropy ---
2026-06-14 22:02:47,533 [INFO]   [entropy] Seed=42 R1/10 F1=0.1210 Acc=0.1755 Labeled=200 QueryTime=0.0s GPU=74MB
2026-06-14 22:02:52,445 [INFO]   [entropy] Seed=42 R2/10 F1=0.1195 Acc=0.1729 Labeled=300 QueryTime=0.0s GPU=118MB
2026-06-14 22:02:57,603 [INFO]   [entropy] Seed=42 R3/10 F1=0.1064 Acc=0.1793 Labeled=400 QueryTime=0.0s GPU=139MB
2026-06-14 22:03:02,014 [INFO]   [entropy] Seed=42 R4/10 F1=0.1914 Acc=0.2219 Labeled=500 QueryTime=0.0s GPU=139MB
2026-06-14 22:03:06,526 [INFO]   [entropy] Seed=42 R5/10 F1=0.1595 Acc=0.1981 Labeled=600 QueryTime=0.0s GPU=139MB
2026-06-14 22:03:11,588 [INFO]   [entropy] Seed=42 R6/10 F1=0.2774 Acc=0.2886 Labeled=700 QueryTime=0.0s GPU=139MB
2026-06-14 22:03:16,031 [INFO]   [entropy] Seed=42 R7/10 F1=0.3689 Acc=0.3673 Labeled=800 QueryTime=0.0s GPU=139MB
2026-06-14 22:03:18,230 [INFO]   [entropy] Seed=42 R8/10 F1=0.3902 Acc=0.3892 Labeled=900 QueryTime=0.0s GPU=139MB
2026-06-14 22:03:22,463 [INFO]   [entropy] Seed=42 R9/10 F1=0.4262 Acc=0.4284 Labeled=1000 QueryTime=0.0s GPU=139MB
2026-06-14 22:03:26,931 [INFO] 
--- Strategy: class_aware_entropy ---
2026-06-14 22:03:30,669 [INFO]   [class_aware_entropy] Seed=42 R1/10 F1=0.1210 Acc=0.1755 Labeled=200 QueryTime=0.0s GPU=87MB
2026-06-14 22:03:34,780 [INFO]   [class_aware_entropy] Seed=42 R2/10 F1=0.1289 Acc=0.1860 Labeled=300 QueryTime=0.1s GPU=123MB
2026-06-14 22:03:39,103 [INFO]   [class_aware_entropy] Seed=42 R3/10 F1=0.1614 Acc=0.2258 Labeled=400 QueryTime=0.1s GPU=143MB
2026-06-14 22:03:43,509 [INFO]   [class_aware_entropy] Seed=42 R4/10 F1=0.1729 Acc=0.2197 Labeled=500 QueryTime=0.1s GPU=143MB
2026-06-14 22:03:47,847 [INFO]   [class_aware_entropy] Seed=42 R5/10 F1=0.2442 Acc=0.2454 Labeled=600 QueryTime=0.2s GPU=143MB
2026-06-14 22:03:52,912 [INFO]   [class_aware_entropy] Seed=42 R6/10 F1=0.3101 Acc=0.3151 Labeled=700 QueryTime=0.2s GPU=143MB
2026-06-14 22:03:57,944 [INFO]   [class_aware_entropy] Seed=42 R7/10 F1=0.3635 Acc=0.3581 Labeled=800 QueryTime=0.2s GPU=143MB
2026-06-14 22:04:03,656 [INFO]   [class_aware_entropy] Seed=42 R8/10 F1=0.4147 Acc=0.4118 Labeled=900 QueryTime=0.3s GPU=143MB
2026-06-14 22:04:09,388 [INFO]   [class_aware_entropy] Seed=42 R9/10 F1=0.4131 Acc=0.4186 Labeled=1000 QueryTime=0.3s GPU=143MB
2026-06-14 22:04:13,978 [INFO] 
--- Strategy: gap_aware_entropy ---
2026-06-14 22:04:17,949 [INFO]   [gap_aware_entropy] Seed=42 R1/10 F1=0.1210 Acc=0.1755 Labeled=200 QueryTime=0.0s GPU=87MB
2026-06-14 22:04:22,113 [INFO]   [gap_aware_entropy] Seed=42 R2/10 F1=0.1338 Acc=0.1816 Labeled=300 QueryTime=0.1s GPU=123MB
2026-06-14 22:04:26,475 [INFO]   [gap_aware_entropy] Seed=42 R3/10 F1=0.1491 Acc=0.2003 Labeled=400 QueryTime=0.1s GPU=143MB
2026-06-14 22:04:30,915 [INFO]   [gap_aware_entropy] Seed=42 R4/10 F1=0.1473 Acc=0.2039 Labeled=500 QueryTime=0.1s GPU=143MB
2026-06-14 22:04:35,316 [INFO]   [gap_aware_entropy] Seed=42 R5/10 F1=0.1644 Acc=0.1985 Labeled=600 QueryTime=0.2s GPU=143MB
2026-06-14 22:04:40,421 [INFO]   [gap_aware_entropy] Seed=42 R6/10 F1=0.2676 Acc=0.2710 Labeled=700 QueryTime=0.2s GPU=143MB
2026-06-14 22:04:45,528 [INFO]   [gap_aware_entropy] Seed=42 R7/10 F1=0.3013 Acc=0.3023 Labeled=800 QueryTime=0.2s GPU=143MB
2026-06-14 22:04:51,455 [INFO]   [gap_aware_entropy] Seed=42 R8/10 F1=0.3871 Acc=0.3943 Labeled=900 QueryTime=0.3s GPU=143MB
2026-06-14 22:04:57,158 [INFO]   [gap_aware_entropy] Seed=42 R9/10 F1=0.4260 Acc=0.4271 Labeled=1000 QueryTime=0.3s GPU=143MB
2026-06-14 22:05:01,882 [INFO] 
--- Strategy: adaptive_gap_entropy ---
2026-06-14 22:05:05,848 [INFO]   [adaptive_gap_entropy] Seed=42 R1/10 F1=0.1210 Acc=0.1755 Labeled=200 QueryTime=0.0s GPU=87MB
2026-06-14 22:05:10,044 [INFO]   [adaptive_gap_entropy] Seed=42 R2/10 F1=0.1133 Acc=0.1699 Labeled=300 QueryTime=0.1s GPU=123MB
2026-06-14 22:05:14,359 [INFO]   [adaptive_gap_entropy] Seed=42 R3/10 F1=0.1628 Acc=0.2234 Labeled=400 QueryTime=0.1s GPU=143MB
2026-06-14 22:05:18,741 [INFO]   [adaptive_gap_entropy] Seed=42 R4/10 F1=0.1713 Acc=0.2074 Labeled=500 QueryTime=0.1s GPU=143MB
2026-06-14 22:05:23,142 [INFO]   [adaptive_gap_entropy] Seed=42 R5/10 F1=0.2094 Acc=0.2365 Labeled=600 QueryTime=0.2s GPU=143MB
2026-06-14 22:05:28,250 [INFO]   [adaptive_gap_entropy] Seed=42 R6/10 F1=0.3273 Acc=0.3246 Labeled=700 QueryTime=0.2s GPU=143MB
2026-06-14 22:05:33,306 [INFO]   [adaptive_gap_entropy] Seed=42 R7/10 F1=0.3230 Acc=0.3186 Labeled=800 QueryTime=0.2s GPU=143MB
2026-06-14 22:05:38,995 [INFO]   [adaptive_gap_entropy] Seed=42 R8/10 F1=0.3921 Acc=0.3995 Labeled=900 QueryTime=0.3s GPU=143MB
2026-06-14 22:05:44,719 [INFO]   [adaptive_gap_entropy] Seed=42 R9/10 F1=0.4402 Acc=0.4374 Labeled=1000 QueryTime=0.3s GPU=143MB
2026-06-14 22:05:49,193 [INFO] 
--- Full Supervised Baseline ---
2026-06-14 22:19:15,983 [INFO] === v8 Controlled-Fast AL+SSL Analysis: cifar10 ===
2026-06-14 22:19:15,983 [INFO] Budget: ultra_low, Model: simplecnn, Scheduler: True
2026-06-14 22:19:15,983 [INFO] Strategies: ['entropy', 'class_aware_entropy', 'gap_aware_entropy', 'adaptive_gap_entropy']
2026-06-14 22:19:15,983 [INFO] Seeds: [42]
2026-06-14 22:19:15,983 [INFO] Rounds: 10, Initial: 100, Query: 100
2026-06-14 22:19:15,984 [INFO] SSL: False, Method: flexmatch, t-SNE: False, Resume: False
2026-06-14 22:19:15,984 [INFO] Imbalance mode: max/min class count ratio = 1
2026-06-14 22:19:16,133 [INFO] Device: cuda
2026-06-14 22:19:35,884 [INFO] Imbalance filter (Exponential): 50000 -> 50000 training samples
2026-06-14 22:19:35,885 [INFO] 
--- Strategy: entropy ---
2026-06-14 22:19:43,157 [INFO]   [entropy] Seed=42 R1/10 F1=0.1210 Acc=0.1755 Labeled=200 QueryTime=0.0s GPU=74MB
2026-06-14 22:19:48,113 [INFO]   [entropy] Seed=42 R2/10 F1=0.1195 Acc=0.1729 Labeled=300 QueryTime=0.0s GPU=118MB
2026-06-14 22:19:53,209 [INFO]   [entropy] Seed=42 R3/10 F1=0.1064 Acc=0.1793 Labeled=400 QueryTime=0.0s GPU=139MB
2026-06-14 22:19:57,678 [INFO]   [entropy] Seed=42 R4/10 F1=0.1914 Acc=0.2219 Labeled=500 QueryTime=0.0s GPU=139MB
2026-06-14 22:20:02,213 [INFO]   [entropy] Seed=42 R5/10 F1=0.1595 Acc=0.1981 Labeled=600 QueryTime=0.0s GPU=139MB
2026-06-14 22:20:07,275 [INFO]   [entropy] Seed=42 R6/10 F1=0.2774 Acc=0.2886 Labeled=700 QueryTime=0.0s GPU=139MB
2026-06-14 22:20:12,312 [INFO]   [entropy] Seed=42 R7/10 F1=0.3689 Acc=0.3673 Labeled=800 QueryTime=0.0s GPU=139MB
2026-06-14 22:20:18,022 [INFO]   [entropy] Seed=42 R8/10 F1=0.3902 Acc=0.3892 Labeled=900 QueryTime=0.0s GPU=139MB
2026-06-14 22:20:23,676 [INFO]   [entropy] Seed=42 R9/10 F1=0.4262 Acc=0.4284 Labeled=1000 QueryTime=0.0s GPU=139MB
2026-06-14 22:20:28,231 [INFO] 
--- Strategy: class_aware_entropy ---
2026-06-14 22:20:32,168 [INFO]   [class_aware_entropy] Seed=42 R1/10 F1=0.1210 Acc=0.1755 Labeled=200 QueryTime=0.0s GPU=87MB
2026-06-14 22:20:36,288 [INFO]   [class_aware_entropy] Seed=42 R2/10 F1=0.1289 Acc=0.1860 Labeled=300 QueryTime=0.1s GPU=123MB
2026-06-14 22:20:40,622 [INFO]   [class_aware_entropy] Seed=42 R3/10 F1=0.1614 Acc=0.2258 Labeled=400 QueryTime=0.1s GPU=143MB
2026-06-14 22:20:44,941 [INFO]   [class_aware_entropy] Seed=42 R4/10 F1=0.1729 Acc=0.2197 Labeled=500 QueryTime=0.1s GPU=143MB
2026-06-14 22:20:49,392 [INFO]   [class_aware_entropy] Seed=42 R5/10 F1=0.2442 Acc=0.2454 Labeled=600 QueryTime=0.2s GPU=143MB
2026-06-14 22:20:54,400 [INFO]   [class_aware_entropy] Seed=42 R6/10 F1=0.3101 Acc=0.3151 Labeled=700 QueryTime=0.2s GPU=143MB
2026-06-14 22:20:59,434 [INFO]   [class_aware_entropy] Seed=42 R7/10 F1=0.3635 Acc=0.3581 Labeled=800 QueryTime=0.2s GPU=143MB
2026-06-14 22:21:05,098 [INFO]   [class_aware_entropy] Seed=42 R8/10 F1=0.4147 Acc=0.4118 Labeled=900 QueryTime=0.3s GPU=143MB
2026-06-14 22:21:10,841 [INFO]   [class_aware_entropy] Seed=42 R9/10 F1=0.4131 Acc=0.4186 Labeled=1000 QueryTime=0.3s GPU=143MB
2026-06-14 22:21:15,328 [INFO] 
--- Strategy: gap_aware_entropy ---
2026-06-14 22:21:19,240 [INFO]   [gap_aware_entropy] Seed=42 R1/10 F1=0.1210 Acc=0.1755 Labeled=200 QueryTime=0.0s GPU=87MB
2026-06-14 22:21:23,404 [INFO]   [gap_aware_entropy] Seed=42 R2/10 F1=0.1338 Acc=0.1816 Labeled=300 QueryTime=0.1s GPU=123MB
2026-06-14 22:21:27,748 [INFO]   [gap_aware_entropy] Seed=42 R3/10 F1=0.1491 Acc=0.2003 Labeled=400 QueryTime=0.1s GPU=143MB
2026-06-14 22:21:32,156 [INFO]   [gap_aware_entropy] Seed=42 R4/10 F1=0.1473 Acc=0.2039 Labeled=500 QueryTime=0.1s GPU=143MB
2026-06-14 22:21:36,545 [INFO]   [gap_aware_entropy] Seed=42 R5/10 F1=0.1644 Acc=0.1985 Labeled=600 QueryTime=0.2s GPU=143MB
2026-06-14 22:21:41,562 [INFO]   [gap_aware_entropy] Seed=42 R6/10 F1=0.2676 Acc=0.2710 Labeled=700 QueryTime=0.2s GPU=143MB
2026-06-14 22:21:46,686 [INFO]   [gap_aware_entropy] Seed=42 R7/10 F1=0.3013 Acc=0.3023 Labeled=800 QueryTime=0.2s GPU=143MB
2026-06-14 22:21:52,508 [INFO]   [gap_aware_entropy] Seed=42 R8/10 F1=0.3871 Acc=0.3943 Labeled=900 QueryTime=0.3s GPU=143MB
2026-06-14 22:21:58,254 [INFO]   [gap_aware_entropy] Seed=42 R9/10 F1=0.4260 Acc=0.4271 Labeled=1000 QueryTime=0.3s GPU=143MB
2026-06-14 22:22:02,879 [INFO] 
--- Strategy: adaptive_gap_entropy ---
2026-06-14 22:22:06,878 [INFO]   [adaptive_gap_entropy] Seed=42 R1/10 F1=0.1210 Acc=0.1755 Labeled=200 QueryTime=0.0s GPU=87MB
2026-06-14 22:22:11,116 [INFO]   [adaptive_gap_entropy] Seed=42 R2/10 F1=0.1133 Acc=0.1699 Labeled=300 QueryTime=0.1s GPU=123MB
2026-06-14 22:22:15,501 [INFO]   [adaptive_gap_entropy] Seed=42 R3/10 F1=0.1628 Acc=0.2234 Labeled=400 QueryTime=0.1s GPU=143MB
2026-06-14 22:22:19,937 [INFO]   [adaptive_gap_entropy] Seed=42 R4/10 F1=0.1713 Acc=0.2074 Labeled=500 QueryTime=0.1s GPU=143MB
2026-06-14 22:22:24,337 [INFO]   [adaptive_gap_entropy] Seed=42 R5/10 F1=0.2094 Acc=0.2365 Labeled=600 QueryTime=0.2s GPU=143MB
2026-06-14 22:22:29,344 [INFO]   [adaptive_gap_entropy] Seed=42 R6/10 F1=0.3273 Acc=0.3246 Labeled=700 QueryTime=0.2s GPU=143MB
2026-06-14 22:22:34,447 [INFO]   [adaptive_gap_entropy] Seed=42 R7/10 F1=0.3230 Acc=0.3186 Labeled=800 QueryTime=0.2s GPU=143MB
2026-06-14 22:22:40,181 [INFO]   [adaptive_gap_entropy] Seed=42 R8/10 F1=0.3921 Acc=0.3995 Labeled=900 QueryTime=0.3s GPU=143MB
2026-06-14 22:22:45,876 [INFO]   [adaptive_gap_entropy] Seed=42 R9/10 F1=0.4402 Acc=0.4374 Labeled=1000 QueryTime=0.3s GPU=143MB
2026-06-14 22:22:50,258 [INFO] 
--- Full Supervised Baseline ---
2026-06-14 23:57:30,178 [INFO] === v8 Controlled-Fast AL+SSL Analysis: cifar10 ===
2026-06-14 23:57:30,178 [INFO] Budget: ultra_low, Model: simplecnn, Scheduler: True
2026-06-14 23:57:30,178 [INFO] Strategies: ['entropy', 'class_aware_entropy', 'gap_aware_entropy', 'adaptive_gap_entropy']
2026-06-14 23:57:30,178 [INFO] Seeds: [42]
2026-06-14 23:57:30,178 [INFO] Rounds: 10, Initial: 100, Query: 100
2026-06-14 23:57:30,178 [INFO] SSL: False, Method: flexmatch, t-SNE: False, Resume: False
2026-06-14 23:57:30,178 [INFO] Imbalance mode: max/min class count ratio = 1
2026-06-14 23:57:30,203 [INFO] Device: cuda
2026-06-14 23:57:49,625 [INFO] Imbalance filter (Exponential): 50000 -> 50000 training samples
2026-06-14 23:57:49,626 [INFO] 
--- Strategy: entropy ---
2026-06-14 23:57:54,839 [INFO]   [entropy] Seed=42 R1/10 F1=0.1210 Acc=0.1755 Labeled=200 QueryTime=0.0s GPU=74MB
2026-06-14 23:57:59,442 [INFO]   [entropy] Seed=42 R2/10 F1=0.1195 Acc=0.1729 Labeled=300 QueryTime=0.0s GPU=118MB
2026-06-14 23:58:03,710 [INFO]   [entropy] Seed=42 R3/10 F1=0.1064 Acc=0.1793 Labeled=400 QueryTime=0.0s GPU=139MB
2026-06-14 23:58:05,472 [INFO]   [entropy] Seed=42 R4/10 F1=0.1914 Acc=0.2219 Labeled=500 QueryTime=0.0s GPU=139MB
2026-06-14 23:58:07,262 [INFO]   [entropy] Seed=42 R5/10 F1=0.1595 Acc=0.1981 Labeled=600 QueryTime=0.0s GPU=139MB
2026-06-14 23:58:09,308 [INFO]   [entropy] Seed=42 R6/10 F1=0.2774 Acc=0.2886 Labeled=700 QueryTime=0.0s GPU=139MB
2026-06-14 23:58:11,344 [INFO]   [entropy] Seed=42 R7/10 F1=0.3689 Acc=0.3673 Labeled=800 QueryTime=0.0s GPU=139MB
2026-06-14 23:58:13,642 [INFO]   [entropy] Seed=42 R8/10 F1=0.3902 Acc=0.3892 Labeled=900 QueryTime=0.0s GPU=139MB
2026-06-14 23:58:15,957 [INFO]   [entropy] Seed=42 R9/10 F1=0.4262 Acc=0.4284 Labeled=1000 QueryTime=0.0s GPU=139MB
2026-06-14 23:58:17,821 [INFO] 
--- Strategy: class_aware_entropy ---
2026-06-14 23:58:19,408 [INFO]   [class_aware_entropy] Seed=42 R1/10 F1=0.1210 Acc=0.1755 Labeled=200 QueryTime=0.0s GPU=87MB
2026-06-14 23:58:21,169 [INFO]   [class_aware_entropy] Seed=42 R2/10 F1=0.1289 Acc=0.1860 Labeled=300 QueryTime=0.0s GPU=123MB
2026-06-14 23:58:22,958 [INFO]   [class_aware_entropy] Seed=42 R3/10 F1=0.1614 Acc=0.2258 Labeled=400 QueryTime=0.0s GPU=143MB
2026-06-14 23:58:24,862 [INFO]   [class_aware_entropy] Seed=42 R4/10 F1=0.1729 Acc=0.2197 Labeled=500 QueryTime=0.1s GPU=143MB
2026-06-14 23:58:28,758 [INFO]   [class_aware_entropy] Seed=42 R5/10 F1=0.2442 Acc=0.2454 Labeled=600 QueryTime=0.2s GPU=143MB
2026-06-14 23:58:31,301 [INFO]   [class_aware_entropy] Seed=42 R6/10 F1=0.3101 Acc=0.3151 Labeled=700 QueryTime=0.1s GPU=143MB
2026-06-14 23:58:34,459 [INFO]   [class_aware_entropy] Seed=42 R7/10 F1=0.3635 Acc=0.3581 Labeled=800 QueryTime=0.1s GPU=143MB
2026-06-14 23:58:39,128 [INFO]   [class_aware_entropy] Seed=42 R8/10 F1=0.4147 Acc=0.4118 Labeled=900 QueryTime=0.3s GPU=143MB
2026-06-14 23:58:45,167 [INFO]   [class_aware_entropy] Seed=42 R9/10 F1=0.4131 Acc=0.4186 Labeled=1000 QueryTime=0.3s GPU=143MB
2026-06-14 23:58:49,193 [INFO] 
--- Strategy: gap_aware_entropy ---
2026-06-14 23:58:52,771 [INFO]   [gap_aware_entropy] Seed=42 R1/10 F1=0.1210 Acc=0.1755 Labeled=200 QueryTime=0.0s GPU=87MB
2026-06-14 23:58:56,474 [INFO]   [gap_aware_entropy] Seed=42 R2/10 F1=0.1338 Acc=0.1816 Labeled=300 QueryTime=0.1s GPU=123MB
2026-06-14 23:58:59,075 [INFO]   [gap_aware_entropy] Seed=42 R3/10 F1=0.1491 Acc=0.2003 Labeled=400 QueryTime=0.0s GPU=143MB
2026-06-14 23:59:01,556 [INFO]   [gap_aware_entropy] Seed=42 R4/10 F1=0.1473 Acc=0.2039 Labeled=500 QueryTime=0.1s GPU=143MB
2026-06-14 23:59:03,604 [INFO]   [gap_aware_entropy] Seed=42 R5/10 F1=0.1644 Acc=0.1985 Labeled=600 QueryTime=0.1s GPU=143MB
2026-06-14 23:59:07,987 [INFO]   [gap_aware_entropy] Seed=42 R6/10 F1=0.2676 Acc=0.2710 Labeled=700 QueryTime=0.2s GPU=143MB
2026-06-14 23:59:13,029 [INFO]   [gap_aware_entropy] Seed=42 R7/10 F1=0.3013 Acc=0.3023 Labeled=800 QueryTime=0.2s GPU=143MB
2026-06-14 23:59:18,726 [INFO]   [gap_aware_entropy] Seed=42 R8/10 F1=0.3871 Acc=0.3943 Labeled=900 QueryTime=0.3s GPU=143MB
2026-06-14 23:59:24,381 [INFO]   [gap_aware_entropy] Seed=42 R9/10 F1=0.4260 Acc=0.4271 Labeled=1000 QueryTime=0.3s GPU=143MB
2026-06-14 23:59:28,946 [INFO] 
--- Strategy: adaptive_gap_entropy ---
2026-06-14 23:59:32,845 [INFO]   [adaptive_gap_entropy] Seed=42 R1/10 F1=0.1210 Acc=0.1755 Labeled=200 QueryTime=0.0s GPU=87MB
2026-06-14 23:59:36,984 [INFO]   [adaptive_gap_entropy] Seed=42 R2/10 F1=0.1133 Acc=0.1699 Labeled=300 QueryTime=0.1s GPU=123MB
2026-06-14 23:59:41,249 [INFO]   [adaptive_gap_entropy] Seed=42 R3/10 F1=0.1628 Acc=0.2234 Labeled=400 QueryTime=0.1s GPU=143MB
2026-06-14 23:59:45,548 [INFO]   [adaptive_gap_entropy] Seed=42 R4/10 F1=0.1713 Acc=0.2074 Labeled=500 QueryTime=0.1s GPU=143MB
2026-06-14 23:59:49,919 [INFO]   [adaptive_gap_entropy] Seed=42 R5/10 F1=0.2094 Acc=0.2365 Labeled=600 QueryTime=0.2s GPU=143MB
2026-06-14 23:59:54,923 [INFO]   [adaptive_gap_entropy] Seed=42 R6/10 F1=0.3273 Acc=0.3246 Labeled=700 QueryTime=0.2s GPU=143MB
2026-06-14 23:59:59,943 [INFO]   [adaptive_gap_entropy] Seed=42 R7/10 F1=0.3230 Acc=0.3186 Labeled=800 QueryTime=0.2s GPU=143MB
2026-06-15 00:00:05,652 [INFO]   [adaptive_gap_entropy] Seed=42 R8/10 F1=0.3921 Acc=0.3995 Labeled=900 QueryTime=0.3s GPU=143MB
2026-06-15 00:00:11,323 [INFO]   [adaptive_gap_entropy] Seed=42 R9/10 F1=0.4402 Acc=0.4374 Labeled=1000 QueryTime=0.3s GPU=143MB
2026-06-15 00:00:15,828 [INFO] 
--- Full Supervised Baseline ---
2026-06-15 00:13:43,319 [INFO] === v8 Controlled-Fast AL+SSL Analysis: cifar10 ===
2026-06-15 00:13:43,319 [INFO] Budget: ultra_low, Model: simplecnn, Scheduler: True
2026-06-15 00:13:43,319 [INFO] Strategies: ['entropy', 'class_aware_entropy', 'gap_aware_entropy', 'adaptive_gap_entropy']
2026-06-15 00:13:43,319 [INFO] Seeds: [42]
2026-06-15 00:13:43,319 [INFO] Rounds: 10, Initial: 100, Query: 100
2026-06-15 00:13:43,319 [INFO] SSL: False, Method: flexmatch, t-SNE: False, Resume: False
2026-06-15 00:13:43,319 [INFO] Imbalance mode: max/min class count ratio = 1
2026-06-15 00:13:43,331 [INFO] Device: cuda
2026-06-15 00:13:51,343 [INFO] Imbalance filter (Exponential): 50000 -> 50000 training samples
2026-06-15 00:13:51,343 [INFO] 
--- Strategy: entropy ---
2026-06-15 00:13:53,666 [INFO]   [entropy] Seed=42 R1/10 F1=0.1210 Acc=0.1755 Labeled=200 QueryTime=0.0s GPU=74MB
2026-06-15 00:13:55,586 [INFO]   [entropy] Seed=42 R2/10 F1=0.1195 Acc=0.1729 Labeled=300 QueryTime=0.0s GPU=118MB
2026-06-15 00:13:57,443 [INFO]   [entropy] Seed=42 R3/10 F1=0.1064 Acc=0.1793 Labeled=400 QueryTime=0.0s GPU=139MB
2026-06-15 00:13:59,022 [INFO]   [entropy] Seed=42 R4/10 F1=0.1914 Acc=0.2219 Labeled=500 QueryTime=0.0s GPU=139MB
2026-06-15 00:14:00,731 [INFO]   [entropy] Seed=42 R5/10 F1=0.1595 Acc=0.1981 Labeled=600 QueryTime=0.0s GPU=139MB
2026-06-15 00:14:02,745 [INFO]   [entropy] Seed=42 R6/10 F1=0.2774 Acc=0.2886 Labeled=700 QueryTime=0.0s GPU=139MB
2026-06-15 00:14:04,810 [INFO]   [entropy] Seed=42 R7/10 F1=0.3689 Acc=0.3673 Labeled=800 QueryTime=0.0s GPU=139MB
2026-06-15 00:14:07,071 [INFO]   [entropy] Seed=42 R8/10 F1=0.3902 Acc=0.3892 Labeled=900 QueryTime=0.0s GPU=139MB
2026-06-15 00:14:09,365 [INFO]   [entropy] Seed=42 R9/10 F1=0.4262 Acc=0.4284 Labeled=1000 QueryTime=0.0s GPU=139MB
2026-06-15 00:14:11,196 [INFO] 
--- Strategy: class_aware_entropy ---
2026-06-15 00:14:12,753 [INFO]   [class_aware_entropy] Seed=42 R1/10 F1=0.1210 Acc=0.1755 Labeled=200 QueryTime=0.0s GPU=87MB
2026-06-15 00:14:14,470 [INFO]   [class_aware_entropy] Seed=42 R2/10 F1=0.1289 Acc=0.1860 Labeled=300 QueryTime=0.0s GPU=123MB
2026-06-15 00:14:16,266 [INFO]   [class_aware_entropy] Seed=42 R3/10 F1=0.1614 Acc=0.2258 Labeled=400 QueryTime=0.0s GPU=143MB
2026-06-15 00:14:18,074 [INFO]   [class_aware_entropy] Seed=42 R4/10 F1=0.1729 Acc=0.2197 Labeled=500 QueryTime=0.1s GPU=143MB
2026-06-15 00:14:19,877 [INFO]   [class_aware_entropy] Seed=42 R5/10 F1=0.2442 Acc=0.2454 Labeled=600 QueryTime=0.1s GPU=143MB
2026-06-15 00:14:21,905 [INFO]   [class_aware_entropy] Seed=42 R6/10 F1=0.3101 Acc=0.3151 Labeled=700 QueryTime=0.1s GPU=143MB
2026-06-15 00:14:23,886 [INFO]   [class_aware_entropy] Seed=42 R7/10 F1=0.3635 Acc=0.3581 Labeled=800 QueryTime=0.1s GPU=143MB
2026-06-15 00:14:26,175 [INFO]   [class_aware_entropy] Seed=42 R8/10 F1=0.4147 Acc=0.4118 Labeled=900 QueryTime=0.1s GPU=143MB
2026-06-15 00:14:28,494 [INFO]   [class_aware_entropy] Seed=42 R9/10 F1=0.4131 Acc=0.4186 Labeled=1000 QueryTime=0.1s GPU=143MB
2026-06-15 00:14:30,344 [INFO] 
--- Strategy: gap_aware_entropy ---
2026-06-15 00:14:31,954 [INFO]   [gap_aware_entropy] Seed=42 R1/10 F1=0.1210 Acc=0.1755 Labeled=200 QueryTime=0.0s GPU=87MB
2026-06-15 00:14:33,648 [INFO]   [gap_aware_entropy] Seed=42 R2/10 F1=0.1338 Acc=0.1816 Labeled=300 QueryTime=0.0s GPU=123MB
2026-06-15 00:14:35,427 [INFO]   [gap_aware_entropy] Seed=42 R3/10 F1=0.1491 Acc=0.2003 Labeled=400 QueryTime=0.0s GPU=143MB
2026-06-15 00:14:37,285 [INFO]   [gap_aware_entropy] Seed=42 R4/10 F1=0.1473 Acc=0.2039 Labeled=500 QueryTime=0.1s GPU=143MB
2026-06-15 00:14:39,049 [INFO]   [gap_aware_entropy] Seed=42 R5/10 F1=0.1644 Acc=0.1985 Labeled=600 QueryTime=0.1s GPU=143MB
2026-06-15 00:14:41,043 [INFO]   [gap_aware_entropy] Seed=42 R6/10 F1=0.2676 Acc=0.2710 Labeled=700 QueryTime=0.1s GPU=143MB
2026-06-15 00:14:43,065 [INFO]   [gap_aware_entropy] Seed=42 R7/10 F1=0.3013 Acc=0.3023 Labeled=800 QueryTime=0.1s GPU=143MB
2026-06-15 00:14:45,417 [INFO]   [gap_aware_entropy] Seed=42 R8/10 F1=0.3871 Acc=0.3943 Labeled=900 QueryTime=0.1s GPU=143MB
2026-06-15 00:14:47,754 [INFO]   [gap_aware_entropy] Seed=42 R9/10 F1=0.4260 Acc=0.4271 Labeled=1000 QueryTime=0.1s GPU=143MB
2026-06-15 00:14:49,692 [INFO] 
--- Strategy: adaptive_gap_entropy ---
2026-06-15 00:14:51,312 [INFO]   [adaptive_gap_entropy] Seed=42 R1/10 F1=0.1210 Acc=0.1755 Labeled=200 QueryTime=0.0s GPU=87MB
2026-06-15 00:14:53,082 [INFO]   [adaptive_gap_entropy] Seed=42 R2/10 F1=0.1133 Acc=0.1699 Labeled=300 QueryTime=0.0s GPU=123MB
2026-06-15 00:14:54,850 [INFO]   [adaptive_gap_entropy] Seed=42 R3/10 F1=0.1628 Acc=0.2234 Labeled=400 QueryTime=0.0s GPU=143MB
2026-06-15 00:14:56,651 [INFO]   [adaptive_gap_entropy] Seed=42 R4/10 F1=0.1713 Acc=0.2074 Labeled=500 QueryTime=0.1s GPU=143MB
2026-06-15 00:14:58,517 [INFO]   [adaptive_gap_entropy] Seed=42 R5/10 F1=0.2094 Acc=0.2365 Labeled=600 QueryTime=0.1s GPU=143MB
2026-06-15 00:15:00,588 [INFO]   [adaptive_gap_entropy] Seed=42 R6/10 F1=0.3273 Acc=0.3246 Labeled=700 QueryTime=0.1s GPU=143MB
2026-06-15 00:15:02,593 [INFO]   [adaptive_gap_entropy] Seed=42 R7/10 F1=0.3230 Acc=0.3186 Labeled=800 QueryTime=0.1s GPU=143MB
2026-06-15 00:15:04,877 [INFO]   [adaptive_gap_entropy] Seed=42 R8/10 F1=0.3921 Acc=0.3995 Labeled=900 QueryTime=0.1s GPU=143MB
2026-06-15 00:15:07,221 [INFO]   [adaptive_gap_entropy] Seed=42 R9/10 F1=0.4402 Acc=0.4374 Labeled=1000 QueryTime=0.1s GPU=143MB
2026-06-15 00:15:09,098 [INFO] 
--- Full Supervised Baseline ---
2026-06-15 00:18:28,352 [INFO] === v8 Controlled-Fast AL+SSL Analysis: cifar10 ===
2026-06-15 00:18:28,352 [INFO] Budget: ultra_low, Model: simplecnn, Scheduler: True
2026-06-15 00:18:28,352 [INFO] Strategies: ['entropy', 'class_aware_entropy', 'gap_aware_entropy', 'adaptive_gap_entropy']
2026-06-15 00:18:28,352 [INFO] Seeds: [42]
2026-06-15 00:18:28,352 [INFO] Rounds: 10, Initial: 100, Query: 100
2026-06-15 00:18:28,352 [INFO] SSL: False, Method: flexmatch, t-SNE: False, Resume: False
2026-06-15 00:18:28,352 [INFO] Imbalance mode: max/min class count ratio = 1
2026-06-15 00:18:28,367 [INFO] Device: cuda
2026-06-15 00:18:36,685 [INFO] Imbalance filter (Exponential): 50000 -> 50000 training samples
2026-06-15 00:18:36,685 [INFO] 
--- Strategy: entropy ---
2026-06-15 00:18:38,948 [INFO]   [entropy] Seed=42 R1/10 F1=0.1210 Acc=0.1755 Labeled=200 QueryTime=0.0s GPU=74MB
2026-06-15 00:18:40,809 [INFO]   [entropy] Seed=42 R2/10 F1=0.1195 Acc=0.1729 Labeled=300 QueryTime=0.0s GPU=118MB
2026-06-15 00:18:42,711 [INFO]   [entropy] Seed=42 R3/10 F1=0.1064 Acc=0.1793 Labeled=400 QueryTime=0.0s GPU=139MB
2026-06-15 00:18:44,395 [INFO]   [entropy] Seed=42 R4/10 F1=0.1914 Acc=0.2219 Labeled=500 QueryTime=0.0s GPU=139MB
2026-06-15 00:18:46,185 [INFO]   [entropy] Seed=42 R5/10 F1=0.1595 Acc=0.1981 Labeled=600 QueryTime=0.0s GPU=139MB
2026-06-15 00:18:48,296 [INFO]   [entropy] Seed=42 R6/10 F1=0.2774 Acc=0.2886 Labeled=700 QueryTime=0.0s GPU=139MB
2026-06-15 00:18:50,410 [INFO]   [entropy] Seed=42 R7/10 F1=0.3689 Acc=0.3673 Labeled=800 QueryTime=0.0s GPU=139MB
2026-06-15 00:18:52,730 [INFO]   [entropy] Seed=42 R8/10 F1=0.3902 Acc=0.3892 Labeled=900 QueryTime=0.0s GPU=139MB
2026-06-15 00:18:55,076 [INFO]   [entropy] Seed=42 R9/10 F1=0.4262 Acc=0.4284 Labeled=1000 QueryTime=0.0s GPU=139MB
2026-06-15 00:18:56,959 [INFO] 
--- Strategy: class_aware_entropy ---
2026-06-15 00:18:58,612 [INFO]   [class_aware_entropy] Seed=42 R1/10 F1=0.1210 Acc=0.1755 Labeled=200 QueryTime=0.0s GPU=87MB
2026-06-15 00:19:00,407 [INFO]   [class_aware_entropy] Seed=42 R2/10 F1=0.1289 Acc=0.1860 Labeled=300 QueryTime=0.0s GPU=123MB
2026-06-15 00:19:02,241 [INFO]   [class_aware_entropy] Seed=42 R3/10 F1=0.1614 Acc=0.2258 Labeled=400 QueryTime=0.0s GPU=143MB
2026-06-15 00:19:04,079 [INFO]   [class_aware_entropy] Seed=42 R4/10 F1=0.1729 Acc=0.2197 Labeled=500 QueryTime=0.1s GPU=143MB
2026-06-15 00:19:05,940 [INFO]   [class_aware_entropy] Seed=42 R5/10 F1=0.2442 Acc=0.2454 Labeled=600 QueryTime=0.1s GPU=143MB
2026-06-15 00:19:08,009 [INFO]   [class_aware_entropy] Seed=42 R6/10 F1=0.3101 Acc=0.3151 Labeled=700 QueryTime=0.1s GPU=143MB
2026-06-15 00:19:10,056 [INFO]   [class_aware_entropy] Seed=42 R7/10 F1=0.3635 Acc=0.3581 Labeled=800 QueryTime=0.1s GPU=143MB
2026-06-15 00:19:12,367 [INFO]   [class_aware_entropy] Seed=42 R8/10 F1=0.4147 Acc=0.4118 Labeled=900 QueryTime=0.1s GPU=143MB
2026-06-15 00:19:14,666 [INFO]   [class_aware_entropy] Seed=42 R9/10 F1=0.4131 Acc=0.4186 Labeled=1000 QueryTime=0.1s GPU=143MB
2026-06-15 00:19:16,509 [INFO] 
--- Strategy: gap_aware_entropy ---
2026-06-15 00:19:18,121 [INFO]   [gap_aware_entropy] Seed=42 R1/10 F1=0.1210 Acc=0.1755 Labeled=200 QueryTime=0.0s GPU=87MB
2026-06-15 00:19:19,825 [INFO]   [gap_aware_entropy] Seed=42 R2/10 F1=0.1338 Acc=0.1816 Labeled=300 QueryTime=0.0s GPU=123MB
2026-06-15 00:19:21,608 [INFO]   [gap_aware_entropy] Seed=42 R3/10 F1=0.1491 Acc=0.2003 Labeled=400 QueryTime=0.0s GPU=143MB
2026-06-15 00:19:23,510 [INFO]   [gap_aware_entropy] Seed=42 R4/10 F1=0.1473 Acc=0.2039 Labeled=500 QueryTime=0.1s GPU=143MB
2026-06-15 00:19:25,271 [INFO]   [gap_aware_entropy] Seed=42 R5/10 F1=0.1644 Acc=0.1985 Labeled=600 QueryTime=0.1s GPU=143MB
2026-06-15 00:19:27,266 [INFO]   [gap_aware_entropy] Seed=42 R6/10 F1=0.2676 Acc=0.2710 Labeled=700 QueryTime=0.1s GPU=143MB
2026-06-15 00:19:29,328 [INFO]   [gap_aware_entropy] Seed=42 R7/10 F1=0.3013 Acc=0.3023 Labeled=800 QueryTime=0.1s GPU=143MB
2026-06-15 00:19:31,708 [INFO]   [gap_aware_entropy] Seed=42 R8/10 F1=0.3871 Acc=0.3943 Labeled=900 QueryTime=0.1s GPU=143MB
2026-06-15 00:19:34,026 [INFO]   [gap_aware_entropy] Seed=42 R9/10 F1=0.4260 Acc=0.4271 Labeled=1000 QueryTime=0.1s GPU=143MB
2026-06-15 00:19:36,013 [INFO] 
--- Strategy: adaptive_gap_entropy ---
2026-06-15 00:19:37,639 [INFO]   [adaptive_gap_entropy] Seed=42 R1/10 F1=0.1210 Acc=0.1755 Labeled=200 QueryTime=0.0s GPU=87MB
2026-06-15 00:19:39,641 [INFO]   [adaptive_gap_entropy] Seed=42 R2/10 F1=0.1133 Acc=0.1699 Labeled=300 QueryTime=0.1s GPU=123MB
2026-06-15 00:19:43,928 [INFO]   [adaptive_gap_entropy] Seed=42 R3/10 F1=0.1628 Acc=0.2234 Labeled=400 QueryTime=0.1s GPU=143MB
2026-06-15 00:19:49,274 [INFO]   [adaptive_gap_entropy] Seed=42 R4/10 F1=0.1713 Acc=0.2074 Labeled=500 QueryTime=0.1s GPU=143MB
2026-06-15 00:19:54,598 [INFO]   [adaptive_gap_entropy] Seed=42 R5/10 F1=0.2094 Acc=0.2365 Labeled=600 QueryTime=0.2s GPU=143MB
2026-06-15 00:20:00,218 [INFO]   [adaptive_gap_entropy] Seed=42 R6/10 F1=0.3273 Acc=0.3246 Labeled=700 QueryTime=0.2s GPU=143MB
2026-06-15 00:20:05,644 [INFO]   [adaptive_gap_entropy] Seed=42 R7/10 F1=0.3230 Acc=0.3186 Labeled=800 QueryTime=0.2s GPU=143MB
2026-06-15 00:20:11,820 [INFO]   [adaptive_gap_entropy] Seed=42 R8/10 F1=0.3921 Acc=0.3995 Labeled=900 QueryTime=0.3s GPU=143MB
2026-06-15 00:20:18,214 [INFO]   [adaptive_gap_entropy] Seed=42 R9/10 F1=0.4402 Acc=0.4374 Labeled=1000 QueryTime=0.3s GPU=143MB
2026-06-15 00:20:23,387 [INFO] 
--- Full Supervised Baseline ---
2026-06-15 00:32:42,965 [INFO] Full Supervised: Acc=0.8253, F1=0.8265 (epochs=50, time=736.5s)
2026-06-15 00:32:44,234 [INFO] 
=== Results saved to C:\Users\28414\Desktop\机器学习—图像分类-期末汇报\output\progressive_ssl_full\no_ssl_rho1 ===
2026-06-15 00:32:44,235 [INFO] 
Summary:
2026-06-15 00:32:44,235 [INFO] Strategy                 Final F1     ±std   p<0.05 vs Random
2026-06-15 00:32:44,235 [INFO] ------------------------------------------------------------
2026-06-15 00:32:44,235 [INFO] adaptive_gap_entropy       0.4476   0.0000                   
2026-06-15 00:32:44,235 [INFO] class_aware_entropy        0.4471   0.0000                   
2026-06-15 00:32:44,235 [INFO] entropy                    0.4215   0.0000                   
2026-06-15 00:32:44,235 [INFO] gap_aware_entropy          0.4380   0.0000                   
2026-06-15 00:32:44,235 [INFO] Full Supervised            0.8265
2026-06-15 09:32:12,307 [INFO] === v8 Controlled-Fast AL+SSL Analysis: cifar10 ===
2026-06-15 09:32:12,308 [INFO] Budget: ultra_low, Model: simplecnn, Scheduler: True
2026-06-15 09:32:12,308 [INFO] Strategies: ['entropy', 'class_aware_entropy', 'gap_aware_entropy', 'adaptive_gap_entropy']
2026-06-15 09:32:12,308 [INFO] Seeds: [123]
2026-06-15 09:32:12,308 [INFO] Rounds: 10, Initial: 100, Query: 100
2026-06-15 09:32:12,309 [INFO] SSL: False, Method: flexmatch, t-SNE: False, Resume: False
2026-06-15 09:32:12,309 [INFO] Imbalance mode: max/min class count ratio = 1
2026-06-15 09:32:12,357 [INFO] Device: cuda
2026-06-15 09:32:32,202 [INFO] Imbalance filter (Exponential): 50000 -> 50000 training samples
2026-06-15 09:32:32,202 [INFO] 
--- Strategy: entropy ---
2026-06-15 09:32:38,203 [INFO]   [entropy] Seed=123 R1/10 F1=0.1933 Acc=0.2288 Labeled=200 QueryTime=0.0s GPU=74MB
2026-06-15 09:32:42,640 [INFO]   [entropy] Seed=123 R2/10 F1=0.2380 Acc=0.2606 Labeled=300 QueryTime=0.0s GPU=118MB
2026-06-15 09:32:47,668 [INFO]   [entropy] Seed=123 R3/10 F1=0.2076 Acc=0.2447 Labeled=400 QueryTime=0.0s GPU=139MB
2026-06-15 09:32:52,125 [INFO]   [entropy] Seed=123 R4/10 F1=0.2546 Acc=0.2732 Labeled=500 QueryTime=0.0s GPU=139MB
2026-06-15 09:32:56,545 [INFO]   [entropy] Seed=123 R5/10 F1=0.2640 Acc=0.2781 Labeled=600 QueryTime=0.0s GPU=139MB
2026-06-15 09:33:01,381 [INFO]   [entropy] Seed=123 R6/10 F1=0.2880 Acc=0.2996 Labeled=700 QueryTime=0.0s GPU=139MB
2026-06-15 09:33:06,312 [INFO]   [entropy] Seed=123 R7/10 F1=0.3750 Acc=0.3760 Labeled=800 QueryTime=0.0s GPU=139MB
2026-06-15 09:33:11,856 [INFO]   [entropy] Seed=123 R8/10 F1=0.3896 Acc=0.3931 Labeled=900 QueryTime=0.0s GPU=139MB
2026-06-15 09:33:17,540 [INFO]   [entropy] Seed=123 R9/10 F1=0.4087 Acc=0.4100 Labeled=1000 QueryTime=0.0s GPU=139MB
2026-06-15 09:33:22,047 [INFO] 
--- Strategy: class_aware_entropy ---
2026-06-15 09:33:25,911 [INFO]   [class_aware_entropy] Seed=123 R1/10 F1=0.1933 Acc=0.2288 Labeled=200 QueryTime=0.0s GPU=87MB
2026-06-15 09:33:30,036 [INFO]   [class_aware_entropy] Seed=123 R2/10 F1=0.2618 Acc=0.2753 Labeled=300 QueryTime=0.1s GPU=123MB
2026-06-15 09:33:34,198 [INFO]   [class_aware_entropy] Seed=123 R3/10 F1=0.2765 Acc=0.3024 Labeled=400 QueryTime=0.1s GPU=143MB
2026-06-15 09:33:37,856 [INFO]   [class_aware_entropy] Seed=123 R4/10 F1=0.2693 Acc=0.2975 Labeled=500 QueryTime=0.1s GPU=143MB
2026-06-15 09:33:42,125 [INFO]   [class_aware_entropy] Seed=123 R5/10 F1=0.2869 Acc=0.2988 Labeled=600 QueryTime=0.2s GPU=143MB
2026-06-15 09:33:47,174 [INFO]   [class_aware_entropy] Seed=123 R6/10 F1=0.3323 Acc=0.3454 Labeled=700 QueryTime=0.2s GPU=143MB
2026-06-15 09:33:52,242 [INFO]   [class_aware_entropy] Seed=123 R7/10 F1=0.3447 Acc=0.3510 Labeled=800 QueryTime=0.2s GPU=143MB
2026-06-15 09:33:58,132 [INFO]   [class_aware_entropy] Seed=123 R8/10 F1=0.3995 Acc=0.4139 Labeled=900 QueryTime=0.3s GPU=143MB
2026-06-15 09:34:04,014 [INFO]   [class_aware_entropy] Seed=123 R9/10 F1=0.4005 Acc=0.4129 Labeled=1000 QueryTime=0.3s GPU=143MB
2026-06-15 09:34:08,884 [INFO] 
--- Strategy: gap_aware_entropy ---
2026-06-15 09:34:13,129 [INFO]   [gap_aware_entropy] Seed=123 R1/10 F1=0.1933 Acc=0.2288 Labeled=200 QueryTime=0.0s GPU=87MB
2026-06-15 09:34:17,393 [INFO]   [gap_aware_entropy] Seed=123 R2/10 F1=0.2548 Acc=0.2723 Labeled=300 QueryTime=0.1s GPU=123MB
2026-06-15 09:34:22,074 [INFO]   [gap_aware_entropy] Seed=123 R3/10 F1=0.1288 Acc=0.1890 Labeled=400 QueryTime=0.1s GPU=143MB
2026-06-15 09:34:26,736 [INFO]   [gap_aware_entropy] Seed=123 R4/10 F1=0.1755 Acc=0.2215 Labeled=500 QueryTime=0.1s GPU=143MB
2026-06-15 09:34:31,338 [INFO]   [gap_aware_entropy] Seed=123 R5/10 F1=0.1774 Acc=0.2258 Labeled=600 QueryTime=0.2s GPU=143MB
2026-06-15 09:34:36,690 [INFO]   [gap_aware_entropy] Seed=123 R6/10 F1=0.2800 Acc=0.2996 Labeled=700 QueryTime=0.2s GPU=143MB
2026-06-15 09:34:42,006 [INFO]   [gap_aware_entropy] Seed=123 R7/10 F1=0.3183 Acc=0.3286 Labeled=800 QueryTime=0.2s GPU=143MB
2026-06-15 09:34:48,060 [INFO]   [gap_aware_entropy] Seed=123 R8/10 F1=0.3837 Acc=0.3814 Labeled=900 QueryTime=0.3s GPU=143MB
2026-06-15 09:34:54,088 [INFO]   [gap_aware_entropy] Seed=123 R9/10 F1=0.4101 Acc=0.4109 Labeled=1000 QueryTime=0.3s GPU=143MB
2026-06-15 09:34:59,052 [INFO] 
--- Strategy: adaptive_gap_entropy ---
2026-06-15 09:35:03,071 [INFO]   [adaptive_gap_entropy] Seed=123 R1/10 F1=0.1933 Acc=0.2288 Labeled=200 QueryTime=0.0s GPU=87MB
2026-06-15 09:35:07,491 [INFO]   [adaptive_gap_entropy] Seed=123 R2/10 F1=0.2507 Acc=0.2706 Labeled=300 QueryTime=0.1s GPU=123MB
2026-06-15 09:35:12,182 [INFO]   [adaptive_gap_entropy] Seed=123 R3/10 F1=0.2043 Acc=0.2330 Labeled=400 QueryTime=0.1s GPU=143MB
2026-06-15 09:35:16,785 [INFO]   [adaptive_gap_entropy] Seed=123 R4/10 F1=0.2140 Acc=0.2338 Labeled=500 QueryTime=0.1s GPU=143MB
2026-06-15 09:35:21,430 [INFO]   [adaptive_gap_entropy] Seed=123 R5/10 F1=0.2156 Acc=0.2370 Labeled=600 QueryTime=0.2s GPU=143MB
2026-06-15 09:35:26,679 [INFO]   [adaptive_gap_entropy] Seed=123 R6/10 F1=0.2905 Acc=0.3054 Labeled=700 QueryTime=0.2s GPU=143MB
2026-06-15 09:35:31,901 [INFO]   [adaptive_gap_entropy] Seed=123 R7/10 F1=0.3631 Acc=0.3700 Labeled=800 QueryTime=0.3s GPU=143MB
2026-06-15 09:35:37,728 [INFO]   [adaptive_gap_entropy] Seed=123 R8/10 F1=0.3799 Acc=0.3778 Labeled=900 QueryTime=0.3s GPU=143MB
2026-06-15 09:35:43,864 [INFO]   [adaptive_gap_entropy] Seed=123 R9/10 F1=0.4114 Acc=0.4135 Labeled=1000 QueryTime=0.3s GPU=143MB
2026-06-15 09:35:48,451 [INFO] 
--- Full Supervised Baseline ---
2026-06-15 09:47:46,808 [INFO] Full Supervised: Acc=0.8549, F1=0.8547 (epochs=50, time=717.1s)
2026-06-15 09:47:47,696 [INFO] 
=== Results saved to C:\Users\28414\Desktop\机器学习—图像分类-期末汇报\output\progressive_ssl_full\no_ssl_rho1 ===
2026-06-15 09:47:47,697 [INFO] 
Summary:
2026-06-15 09:47:47,697 [INFO] Strategy                 Final F1     ±std   p<0.05 vs Random
2026-06-15 09:47:47,697 [INFO] ------------------------------------------------------------
2026-06-15 09:47:47,697 [INFO] adaptive_gap_entropy       0.4140   0.0000                   
2026-06-15 09:47:47,697 [INFO] class_aware_entropy        0.4190   0.0000                   
2026-06-15 09:47:47,697 [INFO] entropy                    0.4436   0.0000                   
2026-06-15 09:47:47,697 [INFO] gap_aware_entropy          0.4360   0.0000                   
2026-06-15 09:47:47,697 [INFO] Full Supervised            0.8547
2026-06-15 12:07:33,762 [INFO] === v8 Controlled-Fast AL+SSL Analysis: cifar10 ===
2026-06-15 12:07:33,762 [INFO] Budget: ultra_low, Model: simplecnn, Scheduler: True
2026-06-15 12:07:33,763 [INFO] Strategies: ['entropy', 'class_aware_entropy', 'gap_aware_entropy', 'adaptive_gap_entropy']
2026-06-15 12:07:33,763 [INFO] Seeds: [456]
2026-06-15 12:07:33,763 [INFO] Rounds: 10, Initial: 100, Query: 100
2026-06-15 12:07:33,763 [INFO] SSL: False, Method: flexmatch, t-SNE: False, Resume: False
2026-06-15 12:07:33,763 [INFO] Imbalance mode: max/min class count ratio = 1
2026-06-15 12:07:33,796 [INFO] Device: cuda
2026-06-15 12:07:52,715 [INFO] Imbalance filter (Exponential): 50000 -> 50000 training samples
2026-06-15 12:07:52,715 [INFO] 
--- Strategy: entropy ---
2026-06-15 12:07:57,680 [INFO]   [entropy] Seed=456 R1/10 F1=0.1595 Acc=0.2272 Labeled=200 QueryTime=0.0s GPU=74MB
2026-06-15 12:08:02,434 [INFO]   [entropy] Seed=456 R2/10 F1=0.1894 Acc=0.2436 Labeled=300 QueryTime=0.0s GPU=118MB
2026-06-15 12:08:07,753 [INFO]   [entropy] Seed=456 R3/10 F1=0.1318 Acc=0.1920 Labeled=400 QueryTime=0.0s GPU=139MB
2026-06-15 12:08:12,400 [INFO]   [entropy] Seed=456 R4/10 F1=0.2630 Acc=0.2922 Labeled=500 QueryTime=0.0s GPU=139MB
2026-06-15 12:08:17,061 [INFO]   [entropy] Seed=456 R5/10 F1=0.1986 Acc=0.2552 Labeled=600 QueryTime=0.0s GPU=139MB
2026-06-15 12:08:22,244 [INFO]   [entropy] Seed=456 R6/10 F1=0.2622 Acc=0.2990 Labeled=700 QueryTime=0.0s GPU=139MB
2026-06-15 12:08:27,529 [INFO]   [entropy] Seed=456 R7/10 F1=0.2894 Acc=0.3151 Labeled=800 QueryTime=0.0s GPU=139MB
2026-06-15 12:08:33,318 [INFO]   [entropy] Seed=456 R8/10 F1=0.3462 Acc=0.3606 Labeled=900 QueryTime=0.0s GPU=139MB
2026-06-15 12:08:39,046 [INFO]   [entropy] Seed=456 R9/10 F1=0.3805 Acc=0.3942 Labeled=1000 QueryTime=0.0s GPU=139MB
2026-06-15 12:08:43,784 [INFO] 
--- Strategy: class_aware_entropy ---
2026-06-15 12:08:47,923 [INFO]   [class_aware_entropy] Seed=456 R1/10 F1=0.1595 Acc=0.2272 Labeled=200 QueryTime=0.0s GPU=87MB
2026-06-15 12:08:52,240 [INFO]   [class_aware_entropy] Seed=456 R2/10 F1=0.1773 Acc=0.2384 Labeled=300 QueryTime=0.1s GPU=123MB
2026-06-15 12:08:56,681 [INFO]   [class_aware_entropy] Seed=456 R3/10 F1=0.1055 Acc=0.1799 Labeled=400 QueryTime=0.1s GPU=143MB
2026-06-15 12:09:01,292 [INFO]   [class_aware_entropy] Seed=456 R4/10 F1=0.1660 Acc=0.2233 Labeled=500 QueryTime=0.1s GPU=143MB
2026-06-15 12:09:05,942 [INFO]   [class_aware_entropy] Seed=456 R5/10 F1=0.1735 Acc=0.2432 Labeled=600 QueryTime=0.2s GPU=143MB
2026-06-15 12:09:11,383 [INFO]   [class_aware_entropy] Seed=456 R6/10 F1=0.3085 Acc=0.3282 Labeled=700 QueryTime=0.2s GPU=143MB
2026-06-15 12:09:16,687 [INFO]   [class_aware_entropy] Seed=456 R7/10 F1=0.3430 Acc=0.3612 Labeled=800 QueryTime=0.2s GPU=143MB
2026-06-15 12:09:22,801 [INFO]   [class_aware_entropy] Seed=456 R8/10 F1=0.3767 Acc=0.3849 Labeled=900 QueryTime=0.3s GPU=143MB
2026-06-15 12:09:28,953 [INFO]   [class_aware_entropy] Seed=456 R9/10 F1=0.3983 Acc=0.4208 Labeled=1000 QueryTime=0.3s GPU=143MB
2026-06-15 12:09:33,959 [INFO] 
--- Strategy: gap_aware_entropy ---
2026-06-15 12:09:38,310 [INFO]   [gap_aware_entropy] Seed=456 R1/10 F1=0.1595 Acc=0.2272 Labeled=200 QueryTime=0.0s GPU=87MB
2026-06-15 12:09:42,859 [INFO]   [gap_aware_entropy] Seed=456 R2/10 F1=0.1269 Acc=0.1941 Labeled=300 QueryTime=0.1s GPU=123MB
2026-06-15 12:09:47,688 [INFO]   [gap_aware_entropy] Seed=456 R3/10 F1=0.1491 Acc=0.2196 Labeled=400 QueryTime=0.1s GPU=143MB
2026-06-15 12:09:52,357 [INFO]   [gap_aware_entropy] Seed=456 R4/10 F1=0.2068 Acc=0.2479 Labeled=500 QueryTime=0.1s GPU=143MB
2026-06-15 12:09:57,113 [INFO]   [gap_aware_entropy] Seed=456 R5/10 F1=0.2182 Acc=0.2592 Labeled=600 QueryTime=0.2s GPU=143MB
2026-06-15 12:10:02,517 [INFO]   [gap_aware_entropy] Seed=456 R6/10 F1=0.3251 Acc=0.3355 Labeled=700 QueryTime=0.2s GPU=143MB
2026-06-15 12:10:07,996 [INFO]   [gap_aware_entropy] Seed=456 R7/10 F1=0.3204 Acc=0.3393 Labeled=800 QueryTime=0.2s GPU=143MB
2026-06-15 12:10:14,384 [INFO]   [gap_aware_entropy] Seed=456 R8/10 F1=0.3453 Acc=0.3650 Labeled=900 QueryTime=0.3s GPU=143MB
2026-06-15 12:10:20,309 [INFO]   [gap_aware_entropy] Seed=456 R9/10 F1=0.3849 Acc=0.3999 Labeled=1000 QueryTime=0.3s GPU=143MB
2026-06-15 12:10:25,402 [INFO] 
--- Strategy: adaptive_gap_entropy ---
2026-06-15 12:10:29,710 [INFO]   [adaptive_gap_entropy] Seed=456 R1/10 F1=0.1595 Acc=0.2272 Labeled=200 QueryTime=0.0s GPU=87MB
2026-06-15 12:10:34,273 [INFO]   [adaptive_gap_entropy] Seed=456 R2/10 F1=0.1313 Acc=0.1988 Labeled=300 QueryTime=0.1s GPU=123MB
2026-06-15 12:10:39,151 [INFO]   [adaptive_gap_entropy] Seed=456 R3/10 F1=0.1714 Acc=0.2300 Labeled=400 QueryTime=0.1s GPU=143MB
2026-06-15 12:10:43,934 [INFO]   [adaptive_gap_entropy] Seed=456 R4/10 F1=0.1765 Acc=0.2325 Labeled=500 QueryTime=0.1s GPU=143MB
2026-06-15 12:10:48,738 [INFO]   [adaptive_gap_entropy] Seed=456 R5/10 F1=0.2446 Acc=0.2776 Labeled=600 QueryTime=0.2s GPU=143MB
2026-06-15 12:10:54,084 [INFO]   [adaptive_gap_entropy] Seed=456 R6/10 F1=0.3268 Acc=0.3364 Labeled=700 QueryTime=0.2s GPU=143MB
2026-06-15 12:10:59,453 [INFO]   [adaptive_gap_entropy] Seed=456 R7/10 F1=0.3398 Acc=0.3474 Labeled=800 QueryTime=0.2s GPU=143MB
2026-06-15 12:11:05,495 [INFO]   [adaptive_gap_entropy] Seed=456 R8/10 F1=0.4122 Acc=0.4123 Labeled=900 QueryTime=0.3s GPU=143MB
2026-06-15 12:11:11,458 [INFO]   [adaptive_gap_entropy] Seed=456 R9/10 F1=0.4349 Acc=0.4378 Labeled=1000 QueryTime=0.3s GPU=143MB
2026-06-15 12:11:16,161 [INFO] 
--- Full Supervised Baseline ---
2026-06-15 12:33:22,744 [INFO] Full Supervised: Acc=0.8542, F1=0.8537 (epochs=50, time=1323.5s)
2026-06-15 12:33:23,957 [INFO] 
=== Results saved to C:\Users\28414\Desktop\机器学习—图像分类-期末汇报\output\progressive_ssl_full\no_ssl_rho1 ===
2026-06-15 12:33:23,957 [INFO] 
Summary:
2026-06-15 12:33:23,957 [INFO] Strategy                 Final F1     ±std   p<0.05 vs Random
2026-06-15 12:33:23,958 [INFO] ------------------------------------------------------------
2026-06-15 12:33:23,958 [INFO] adaptive_gap_entropy       0.4206   0.0000                   
2026-06-15 12:33:23,958 [INFO] class_aware_entropy        0.4163   0.0000                   
2026-06-15 12:33:23,958 [INFO] entropy                    0.4025   0.0000                   
2026-06-15 12:33:23,958 [INFO] gap_aware_entropy          0.4217   0.0000                   
2026-06-15 12:33:23,958 [INFO] Full Supervised            0.8537
2026-06-15 18:33:48,305 [INFO] === v8 Controlled-Fast AL+SSL Analysis: cifar10 ===
2026-06-15 18:33:48,305 [INFO] Budget: ultra_low, Model: simplecnn, Scheduler: True
2026-06-15 18:33:48,305 [INFO] Strategies: ['entropy', 'class_aware_entropy', 'gap_aware_entropy', 'adaptive_gap_entropy']
2026-06-15 18:33:48,305 [INFO] Seeds: [42]
2026-06-15 18:33:48,305 [INFO] Rounds: 10, Initial: 100, Query: 100
2026-06-15 18:33:48,305 [INFO] SSL: False, Method: flexmatch, t-SNE: False, Resume: False
2026-06-15 18:33:48,305 [INFO] Imbalance mode: max/min class count ratio = 1
2026-06-15 18:33:48,348 [INFO] Device: cuda
2026-06-15 18:34:06,490 [INFO] Imbalance filter (Exponential): 50000 -> 50000 training samples
2026-06-15 18:34:06,490 [INFO] 
--- Strategy: entropy ---
2026-06-15 18:34:12,531 [INFO]   [entropy] Seed=42 R1/10 F1=0.1210 Acc=0.1755 Labeled=200 QueryTime=0.0s GPU=74MB
2026-06-15 18:34:15,820 [INFO]   [entropy] Seed=42 R2/10 F1=0.1195 Acc=0.1729 Labeled=300 QueryTime=0.0s GPU=118MB
2026-06-15 18:34:18,328 [INFO]   [entropy] Seed=42 R3/10 F1=0.1064 Acc=0.1793 Labeled=400 QueryTime=0.0s GPU=139MB
2026-06-15 18:34:20,235 [INFO]   [entropy] Seed=42 R4/10 F1=0.1914 Acc=0.2219 Labeled=500 QueryTime=0.0s GPU=139MB
2026-06-15 18:34:22,650 [INFO]   [entropy] Seed=42 R5/10 F1=0.1595 Acc=0.1981 Labeled=600 QueryTime=0.0s GPU=139MB
2026-06-15 18:34:25,303 [INFO]   [entropy] Seed=42 R6/10 F1=0.2774 Acc=0.2886 Labeled=700 QueryTime=0.0s GPU=139MB
2026-06-15 18:34:27,619 [INFO]   [entropy] Seed=42 R7/10 F1=0.3689 Acc=0.3673 Labeled=800 QueryTime=0.0s GPU=139MB
2026-06-15 18:34:30,775 [INFO]   [entropy] Seed=42 R8/10 F1=0.3902 Acc=0.3892 Labeled=900 QueryTime=0.0s GPU=139MB
2026-06-15 18:34:33,688 [INFO]   [entropy] Seed=42 R9/10 F1=0.4262 Acc=0.4284 Labeled=1000 QueryTime=0.0s GPU=139MB
2026-06-15 18:34:35,843 [INFO] 
--- Strategy: class_aware_entropy ---
2026-06-15 18:34:38,131 [INFO]   [class_aware_entropy] Seed=42 R1/10 F1=0.1210 Acc=0.1755 Labeled=200 QueryTime=0.0s GPU=87MB
2026-06-15 18:34:40,549 [INFO]   [class_aware_entropy] Seed=42 R2/10 F1=0.1289 Acc=0.1860 Labeled=300 QueryTime=0.0s GPU=123MB
2026-06-15 18:34:42,491 [INFO]   [class_aware_entropy] Seed=42 R3/10 F1=0.1614 Acc=0.2258 Labeled=400 QueryTime=0.0s GPU=143MB
2026-06-15 18:34:45,021 [INFO]   [class_aware_entropy] Seed=42 R4/10 F1=0.1729 Acc=0.2197 Labeled=500 QueryTime=0.1s GPU=143MB
2026-06-15 18:34:47,389 [INFO]   [class_aware_entropy] Seed=42 R5/10 F1=0.2442 Acc=0.2454 Labeled=600 QueryTime=0.1s GPU=143MB
2026-06-15 18:34:49,685 [INFO]   [class_aware_entropy] Seed=42 R6/10 F1=0.3101 Acc=0.3151 Labeled=700 QueryTime=0.1s GPU=143MB
2026-06-15 18:34:52,306 [INFO]   [class_aware_entropy] Seed=42 R7/10 F1=0.3635 Acc=0.3581 Labeled=800 QueryTime=0.1s GPU=143MB
2026-06-15 18:34:55,200 [INFO]   [class_aware_entropy] Seed=42 R8/10 F1=0.4147 Acc=0.4118 Labeled=900 QueryTime=0.1s GPU=143MB
2026-06-15 18:34:57,858 [INFO]   [class_aware_entropy] Seed=42 R9/10 F1=0.4131 Acc=0.4186 Labeled=1000 QueryTime=0.1s GPU=143MB
2026-06-15 18:35:00,447 [INFO] 
--- Strategy: gap_aware_entropy ---
2026-06-15 18:35:02,369 [INFO]   [gap_aware_entropy] Seed=42 R1/10 F1=0.1210 Acc=0.1755 Labeled=200 QueryTime=0.0s GPU=87MB
2026-06-15 18:35:04,297 [INFO]   [gap_aware_entropy] Seed=42 R2/10 F1=0.1338 Acc=0.1816 Labeled=300 QueryTime=0.0s GPU=123MB
2026-06-15 18:35:06,432 [INFO]   [gap_aware_entropy] Seed=42 R3/10 F1=0.1491 Acc=0.2003 Labeled=400 QueryTime=0.0s GPU=143MB
2026-06-15 18:35:09,148 [INFO]   [gap_aware_entropy] Seed=42 R4/10 F1=0.1473 Acc=0.2039 Labeled=500 QueryTime=0.1s GPU=143MB
2026-06-15 18:35:11,570 [INFO]   [gap_aware_entropy] Seed=42 R5/10 F1=0.1644 Acc=0.1985 Labeled=600 QueryTime=0.1s GPU=143MB
2026-06-15 18:35:13,823 [INFO]   [gap_aware_entropy] Seed=42 R6/10 F1=0.2676 Acc=0.2710 Labeled=700 QueryTime=0.1s GPU=143MB
2026-06-15 18:35:16,530 [INFO]   [gap_aware_entropy] Seed=42 R7/10 F1=0.3013 Acc=0.3023 Labeled=800 QueryTime=0.1s GPU=143MB
2026-06-15 18:35:19,291 [INFO]   [gap_aware_entropy] Seed=42 R8/10 F1=0.3871 Acc=0.3943 Labeled=900 QueryTime=0.1s GPU=143MB
2026-06-15 18:35:22,092 [INFO]   [gap_aware_entropy] Seed=42 R9/10 F1=0.4260 Acc=0.4271 Labeled=1000 QueryTime=0.1s GPU=143MB
2026-06-15 18:35:24,596 [INFO] 
--- Strategy: adaptive_gap_entropy ---
2026-06-15 18:35:26,343 [INFO]   [adaptive_gap_entropy] Seed=42 R1/10 F1=0.1210 Acc=0.1755 Labeled=200 QueryTime=0.0s GPU=87MB
2026-06-15 18:35:28,402 [INFO]   [adaptive_gap_entropy] Seed=42 R2/10 F1=0.1133 Acc=0.1699 Labeled=300 QueryTime=0.0s GPU=123MB
2026-06-15 18:35:30,957 [INFO]   [adaptive_gap_entropy] Seed=42 R3/10 F1=0.1628 Acc=0.2234 Labeled=400 QueryTime=0.0s GPU=143MB
2026-06-15 18:35:32,943 [INFO]   [adaptive_gap_entropy] Seed=42 R4/10 F1=0.1713 Acc=0.2074 Labeled=500 QueryTime=0.1s GPU=143MB
2026-06-15 18:35:34,911 [INFO]   [adaptive_gap_entropy] Seed=42 R5/10 F1=0.2094 Acc=0.2365 Labeled=600 QueryTime=0.1s GPU=143MB
2026-06-15 18:35:37,370 [INFO]   [adaptive_gap_entropy] Seed=42 R6/10 F1=0.3273 Acc=0.3246 Labeled=700 QueryTime=0.1s GPU=143MB
2026-06-15 18:35:40,335 [INFO]   [adaptive_gap_entropy] Seed=42 R7/10 F1=0.3230 Acc=0.3186 Labeled=800 QueryTime=0.1s GPU=143MB
2026-06-15 18:35:42,947 [INFO]   [adaptive_gap_entropy] Seed=42 R8/10 F1=0.3921 Acc=0.3995 Labeled=900 QueryTime=0.1s GPU=143MB
2026-06-15 18:35:45,709 [INFO]   [adaptive_gap_entropy] Seed=42 R9/10 F1=0.4402 Acc=0.4374 Labeled=1000 QueryTime=0.2s GPU=143MB
2026-06-15 18:35:48,208 [INFO] 
--- Full Supervised Baseline ---
