2026-06-11 20:34:09,225 [INFO] === v8 Controlled-Fast AL+SSL Analysis: cifar10 ===
2026-06-11 20:34:09,225 [INFO] Budget: ultra_low, Model: simplecnn, Scheduler: True
2026-06-11 20:34:09,225 [INFO] Strategies: ['random', 'entropy', 'margin', 'coreset', 'badge', 'qbc']
2026-06-11 20:34:09,225 [INFO] Seeds: [42, 123, 456, 789, 1024]
2026-06-11 20:34:09,225 [INFO] Rounds: 10, Initial: 100, Query: 100
2026-06-11 20:34:09,226 [INFO] SSL: False, Method: flexmatch, t-SNE: False, Resume: False
2026-06-11 20:34:09,226 [INFO] Imbalance mode: max/min class count ratio = 5
2026-06-11 20:34:09,281 [INFO] Device: cuda
2026-06-11 20:34:18,441 [INFO] Imbalance filter (Exponential): 50000 -> 25423 training samples
2026-06-11 20:34:18,441 [INFO] 
--- Strategy: random ---
2026-06-11 20:34:20,952 [INFO]   [random] Seed=42 R1/10 F1=0.1428 Acc=0.2142 Labeled=200 QueryTime=0.0s GPU=74MB
2026-06-11 20:34:22,577 [INFO]   [random] Seed=42 R2/10 F1=0.1601 Acc=0.2107 Labeled=300 QueryTime=0.0s GPU=111MB
2026-06-11 20:34:24,183 [INFO]   [random] Seed=42 R3/10 F1=0.0972 Acc=0.1563 Labeled=400 QueryTime=0.0s GPU=131MB
2026-06-11 20:34:25,440 [INFO]   [random] Seed=42 R4/10 F1=0.1727 Acc=0.2243 Labeled=500 QueryTime=0.0s GPU=131MB
2026-06-11 20:34:26,841 [INFO]   [random] Seed=42 R5/10 F1=0.2022 Acc=0.2314 Labeled=600 QueryTime=0.0s GPU=131MB
2026-06-11 20:34:28,566 [INFO]   [random] Seed=42 R6/10 F1=0.2937 Acc=0.3236 Labeled=700 QueryTime=0.0s GPU=131MB
2026-06-11 20:34:30,413 [INFO]   [random] Seed=42 R7/10 F1=0.3241 Acc=0.3525 Labeled=800 QueryTime=0.0s GPU=131MB
2026-06-11 20:34:32,366 [INFO]   [random] Seed=42 R8/10 F1=0.3536 Acc=0.3970 Labeled=900 QueryTime=0.0s GPU=131MB
2026-06-11 20:34:34,112 [INFO]   [random] Seed=42 R9/10 F1=0.3821 Acc=0.4152 Labeled=1000 QueryTime=0.0s GPU=131MB
2026-06-11 20:34:37,372 [INFO]   [random] Seed=123 R1/10 F1=0.1149 Acc=0.2009 Labeled=200 QueryTime=0.0s GPU=74MB
2026-06-11 20:34:40,941 [INFO]   [random] Seed=123 R2/10 F1=0.1380 Acc=0.1963 Labeled=300 QueryTime=0.0s GPU=112MB
2026-06-11 20:34:43,698 [INFO]   [random] Seed=123 R3/10 F1=0.1083 Acc=0.1651 Labeled=400 QueryTime=0.0s GPU=131MB
2026-06-11 20:34:45,519 [INFO]   [random] Seed=123 R4/10 F1=0.1843 Acc=0.2270 Labeled=500 QueryTime=0.0s GPU=131MB
2026-06-11 20:34:47,262 [INFO]   [random] Seed=123 R5/10 F1=0.2376 Acc=0.2741 Labeled=600 QueryTime=0.0s GPU=131MB
2026-06-11 20:34:49,165 [INFO]   [random] Seed=123 R6/10 F1=0.3008 Acc=0.3429 Labeled=700 QueryTime=0.0s GPU=131MB
2026-06-11 20:34:50,644 [INFO]   [random] Seed=123 R7/10 F1=0.3334 Acc=0.3585 Labeled=800 QueryTime=0.0s GPU=131MB
2026-06-11 20:34:52,619 [INFO]   [random] Seed=123 R8/10 F1=0.3784 Acc=0.3935 Labeled=900 QueryTime=0.0s GPU=131MB
2026-06-11 20:34:54,625 [INFO]   [random] Seed=123 R9/10 F1=0.4069 Acc=0.4254 Labeled=1000 QueryTime=0.0s GPU=131MB
2026-06-11 20:34:58,345 [INFO]   [random] Seed=456 R1/10 F1=0.1313 Acc=0.2103 Labeled=200 QueryTime=0.0s GPU=74MB
2026-06-11 20:35:00,074 [INFO]   [random] Seed=456 R2/10 F1=0.1896 Acc=0.2368 Labeled=300 QueryTime=0.0s GPU=112MB
2026-06-11 20:35:01,847 [INFO]   [random] Seed=456 R3/10 F1=0.1231 Acc=0.1702 Labeled=400 QueryTime=0.0s GPU=131MB
2026-06-11 20:35:03,666 [INFO]   [random] Seed=456 R4/10 F1=0.1636 Acc=0.2071 Labeled=500 QueryTime=0.0s GPU=131MB
2026-06-11 20:35:05,573 [INFO]   [random] Seed=456 R5/10 F1=0.2539 Acc=0.2752 Labeled=600 QueryTime=0.0s GPU=131MB
2026-06-11 20:35:07,714 [INFO]   [random] Seed=456 R6/10 F1=0.2900 Acc=0.3279 Labeled=700 QueryTime=0.0s GPU=131MB
2026-06-11 20:35:09,846 [INFO]   [random] Seed=456 R7/10 F1=0.3186 Acc=0.3510 Labeled=800 QueryTime=0.0s GPU=131MB
2026-06-11 20:35:12,329 [INFO]   [random] Seed=456 R8/10 F1=0.3541 Acc=0.3847 Labeled=900 QueryTime=0.0s GPU=131MB
2026-06-11 20:35:14,776 [INFO]   [random] Seed=456 R9/10 F1=0.3827 Acc=0.4034 Labeled=1000 QueryTime=0.0s GPU=131MB
2026-06-11 20:35:18,011 [INFO]   [random] Seed=789 R1/10 F1=0.1107 Acc=0.1915 Labeled=200 QueryTime=0.0s GPU=74MB
2026-06-11 20:35:19,539 [INFO]   [random] Seed=789 R2/10 F1=0.1242 Acc=0.1761 Labeled=300 QueryTime=0.0s GPU=112MB
2026-06-11 20:35:21,074 [INFO]   [random] Seed=789 R3/10 F1=0.1404 Acc=0.1894 Labeled=400 QueryTime=0.0s GPU=131MB
2026-06-11 20:35:22,477 [INFO]   [random] Seed=789 R4/10 F1=0.1593 Acc=0.1920 Labeled=500 QueryTime=0.0s GPU=131MB
2026-06-11 20:35:23,876 [INFO]   [random] Seed=789 R5/10 F1=0.1719 Acc=0.2120 Labeled=600 QueryTime=0.0s GPU=131MB
2026-06-11 20:35:25,486 [INFO]   [random] Seed=789 R6/10 F1=0.2568 Acc=0.3014 Labeled=700 QueryTime=0.0s GPU=131MB
2026-06-11 20:35:27,238 [INFO]   [random] Seed=789 R7/10 F1=0.3313 Acc=0.3573 Labeled=800 QueryTime=0.0s GPU=131MB
2026-06-11 20:35:29,362 [INFO]   [random] Seed=789 R8/10 F1=0.4086 Acc=0.4209 Labeled=900 QueryTime=0.0s GPU=131MB
2026-06-11 20:35:31,502 [INFO]   [random] Seed=789 R9/10 F1=0.3939 Acc=0.4172 Labeled=1000 QueryTime=0.0s GPU=131MB
2026-06-11 20:35:34,999 [INFO]   [random] Seed=1024 R1/10 F1=0.1296 Acc=0.2000 Labeled=200 QueryTime=0.0s GPU=74MB
2026-06-11 20:35:36,566 [INFO]   [random] Seed=1024 R2/10 F1=0.1548 Acc=0.1872 Labeled=300 QueryTime=0.0s GPU=112MB
2026-06-11 20:35:38,113 [INFO]   [random] Seed=1024 R3/10 F1=0.0870 Acc=0.1398 Labeled=400 QueryTime=0.0s GPU=131MB
2026-06-11 20:35:39,718 [INFO]   [random] Seed=1024 R4/10 F1=0.1159 Acc=0.1601 Labeled=500 QueryTime=0.0s GPU=131MB
2026-06-11 20:35:41,224 [INFO]   [random] Seed=1024 R5/10 F1=0.1225 Acc=0.1730 Labeled=600 QueryTime=0.0s GPU=131MB
2026-06-11 20:35:43,109 [INFO]   [random] Seed=1024 R6/10 F1=0.2607 Acc=0.2887 Labeled=700 QueryTime=0.0s GPU=131MB
2026-06-11 20:35:44,930 [INFO]   [random] Seed=1024 R7/10 F1=0.3292 Acc=0.3549 Labeled=800 QueryTime=0.0s GPU=131MB
2026-06-11 20:35:47,087 [INFO]   [random] Seed=1024 R8/10 F1=0.3982 Acc=0.4160 Labeled=900 QueryTime=0.0s GPU=131MB
2026-06-11 20:35:49,223 [INFO]   [random] Seed=1024 R9/10 F1=0.3784 Acc=0.4028 Labeled=1000 QueryTime=0.0s GPU=131MB
2026-06-11 20:35:51,343 [INFO] 
--- Strategy: entropy ---
2026-06-11 20:35:53,539 [INFO]   [entropy] Seed=42 R1/10 F1=0.1428 Acc=0.2142 Labeled=200 QueryTime=0.0s GPU=74MB
2026-06-11 20:35:55,563 [INFO]   [entropy] Seed=42 R2/10 F1=0.1683 Acc=0.2076 Labeled=300 QueryTime=0.0s GPU=118MB
2026-06-11 20:35:57,530 [INFO]   [entropy] Seed=42 R3/10 F1=0.1598 Acc=0.2018 Labeled=400 QueryTime=0.0s GPU=139MB
2026-06-11 20:35:59,775 [INFO]   [entropy] Seed=42 R4/10 F1=0.1409 Acc=0.1881 Labeled=500 QueryTime=0.0s GPU=139MB
2026-06-11 20:36:01,751 [INFO]   [entropy] Seed=42 R5/10 F1=0.1596 Acc=0.2045 Labeled=600 QueryTime=0.0s GPU=139MB
2026-06-11 20:36:04,221 [INFO]   [entropy] Seed=42 R6/10 F1=0.2451 Acc=0.2823 Labeled=700 QueryTime=0.0s GPU=139MB
2026-06-11 20:36:06,486 [INFO]   [entropy] Seed=42 R7/10 F1=0.2555 Acc=0.2900 Labeled=800 QueryTime=0.0s GPU=139MB
2026-06-11 20:36:09,101 [INFO]   [entropy] Seed=42 R8/10 F1=0.3088 Acc=0.3519 Labeled=900 QueryTime=0.0s GPU=139MB
2026-06-11 20:36:11,723 [INFO]   [entropy] Seed=42 R9/10 F1=0.3281 Acc=0.3666 Labeled=1000 QueryTime=0.0s GPU=139MB
2026-06-11 20:36:15,589 [INFO]   [entropy] Seed=123 R1/10 F1=0.1149 Acc=0.2009 Labeled=200 QueryTime=0.0s GPU=87MB
2026-06-11 20:36:17,577 [INFO]   [entropy] Seed=123 R2/10 F1=0.1752 Acc=0.2429 Labeled=300 QueryTime=0.0s GPU=132MB
2026-06-11 20:36:19,629 [INFO]   [entropy] Seed=123 R3/10 F1=0.1644 Acc=0.2278 Labeled=400 QueryTime=0.0s GPU=151MB
2026-06-11 20:36:21,610 [INFO]   [entropy] Seed=123 R4/10 F1=0.2021 Acc=0.2597 Labeled=500 QueryTime=0.0s GPU=151MB
2026-06-11 20:36:23,650 [INFO]   [entropy] Seed=123 R5/10 F1=0.1668 Acc=0.2276 Labeled=600 QueryTime=0.0s GPU=151MB
2026-06-11 20:36:25,969 [INFO]   [entropy] Seed=123 R6/10 F1=0.3040 Acc=0.3414 Labeled=700 QueryTime=0.0s GPU=151MB
2026-06-11 20:36:28,229 [INFO]   [entropy] Seed=123 R7/10 F1=0.3291 Acc=0.3571 Labeled=800 QueryTime=0.0s GPU=151MB
2026-06-11 20:36:30,795 [INFO]   [entropy] Seed=123 R8/10 F1=0.3777 Acc=0.4036 Labeled=900 QueryTime=0.0s GPU=151MB
2026-06-11 20:36:33,418 [INFO]   [entropy] Seed=123 R9/10 F1=0.3758 Acc=0.4059 Labeled=1000 QueryTime=0.0s GPU=151MB
2026-06-11 20:36:37,299 [INFO]   [entropy] Seed=456 R1/10 F1=0.1313 Acc=0.2103 Labeled=200 QueryTime=0.0s GPU=87MB
2026-06-11 20:36:39,273 [INFO]   [entropy] Seed=456 R2/10 F1=0.1413 Acc=0.2078 Labeled=300 QueryTime=0.0s GPU=132MB
2026-06-11 20:36:41,264 [INFO]   [entropy] Seed=456 R3/10 F1=0.1825 Acc=0.2294 Labeled=400 QueryTime=0.0s GPU=153MB
2026-06-11 20:36:43,235 [INFO]   [entropy] Seed=456 R4/10 F1=0.2154 Acc=0.2407 Labeled=500 QueryTime=0.0s GPU=153MB
2026-06-11 20:36:45,279 [INFO]   [entropy] Seed=456 R5/10 F1=0.1886 Acc=0.2171 Labeled=600 QueryTime=0.0s GPU=153MB
2026-06-11 20:36:47,615 [INFO]   [entropy] Seed=456 R6/10 F1=0.2819 Acc=0.3137 Labeled=700 QueryTime=0.0s GPU=153MB
2026-06-11 20:36:50,094 [INFO]   [entropy] Seed=456 R7/10 F1=0.3240 Acc=0.3360 Labeled=800 QueryTime=0.0s GPU=153MB
2026-06-11 20:36:52,560 [INFO]   [entropy] Seed=456 R8/10 F1=0.3581 Acc=0.3717 Labeled=900 QueryTime=0.0s GPU=153MB
2026-06-11 20:36:55,232 [INFO]   [entropy] Seed=456 R9/10 F1=0.4010 Acc=0.4055 Labeled=1000 QueryTime=0.0s GPU=153MB
2026-06-11 20:36:59,773 [INFO]   [entropy] Seed=789 R1/10 F1=0.1107 Acc=0.1915 Labeled=200 QueryTime=0.0s GPU=100MB
2026-06-11 20:37:02,070 [INFO]   [entropy] Seed=789 R2/10 F1=0.1570 Acc=0.2099 Labeled=300 QueryTime=0.0s GPU=143MB
2026-06-11 20:37:04,763 [INFO]   [entropy] Seed=789 R3/10 F1=0.1569 Acc=0.1973 Labeled=400 QueryTime=0.0s GPU=165MB
2026-06-11 20:37:07,303 [INFO]   [entropy] Seed=789 R4/10 F1=0.1539 Acc=0.1947 Labeled=500 QueryTime=0.0s GPU=165MB
2026-06-11 20:37:09,689 [INFO]   [entropy] Seed=789 R5/10 F1=0.2141 Acc=0.2599 Labeled=600 QueryTime=0.0s GPU=165MB
2026-06-11 20:37:12,488 [INFO]   [entropy] Seed=789 R6/10 F1=0.2550 Acc=0.2963 Labeled=700 QueryTime=0.0s GPU=165MB
2026-06-11 20:37:15,299 [INFO]   [entropy] Seed=789 R7/10 F1=0.2889 Acc=0.3214 Labeled=800 QueryTime=0.0s GPU=165MB
2026-06-11 20:37:21,030 [INFO]   [entropy] Seed=789 R8/10 F1=0.3090 Acc=0.3284 Labeled=900 QueryTime=0.0s GPU=165MB
2026-06-11 20:37:26,962 [INFO]   [entropy] Seed=789 R9/10 F1=0.3412 Acc=0.3634 Labeled=1000 QueryTime=0.0s GPU=165MB
2026-06-11 20:37:31,789 [INFO]   [entropy] Seed=1024 R1/10 F1=0.1296 Acc=0.2000 Labeled=200 QueryTime=0.0s GPU=112MB
2026-06-11 20:37:34,033 [INFO]   [entropy] Seed=1024 R2/10 F1=0.1367 Acc=0.2023 Labeled=300 QueryTime=0.0s GPU=157MB
2026-06-11 20:37:36,157 [INFO]   [entropy] Seed=1024 R3/10 F1=0.1770 Acc=0.2410 Labeled=400 QueryTime=0.0s GPU=178MB
2026-06-11 20:37:38,463 [INFO]   [entropy] Seed=1024 R4/10 F1=0.2068 Acc=0.2609 Labeled=500 QueryTime=0.0s GPU=178MB
2026-06-11 20:37:41,470 [INFO]   [entropy] Seed=1024 R5/10 F1=0.1989 Acc=0.2603 Labeled=600 QueryTime=0.0s GPU=178MB
2026-06-11 20:37:44,251 [INFO]   [entropy] Seed=1024 R6/10 F1=0.2697 Acc=0.3142 Labeled=700 QueryTime=0.0s GPU=178MB
2026-06-11 20:37:46,936 [INFO]   [entropy] Seed=1024 R7/10 F1=0.3393 Acc=0.3677 Labeled=800 QueryTime=0.0s GPU=178MB
2026-06-11 20:37:49,752 [INFO]   [entropy] Seed=1024 R8/10 F1=0.3717 Acc=0.3933 Labeled=900 QueryTime=0.0s GPU=178MB
2026-06-11 20:37:52,646 [INFO]   [entropy] Seed=1024 R9/10 F1=0.3852 Acc=0.4023 Labeled=1000 QueryTime=0.0s GPU=178MB
2026-06-11 20:37:55,070 [INFO] 
--- Strategy: margin ---
2026-06-11 20:37:57,254 [INFO]   [margin] Seed=42 R1/10 F1=0.1428 Acc=0.2142 Labeled=200 QueryTime=0.0s GPU=125MB
2026-06-11 20:37:59,366 [INFO]   [margin] Seed=42 R2/10 F1=0.1736 Acc=0.2038 Labeled=300 QueryTime=0.0s GPU=171MB
2026-06-11 20:38:01,481 [INFO]   [margin] Seed=42 R3/10 F1=0.1034 Acc=0.1475 Labeled=400 QueryTime=0.0s GPU=192MB
2026-06-11 20:38:03,529 [INFO]   [margin] Seed=42 R4/10 F1=0.1162 Acc=0.1526 Labeled=500 QueryTime=0.0s GPU=192MB
2026-06-11 20:38:05,785 [INFO]   [margin] Seed=42 R5/10 F1=0.2212 Acc=0.2472 Labeled=600 QueryTime=0.0s GPU=192MB
2026-06-11 20:38:08,333 [INFO]   [margin] Seed=42 R6/10 F1=0.2882 Acc=0.3160 Labeled=700 QueryTime=0.0s GPU=192MB
2026-06-11 20:38:10,870 [INFO]   [margin] Seed=42 R7/10 F1=0.3408 Acc=0.3698 Labeled=800 QueryTime=0.0s GPU=192MB
2026-06-11 20:38:13,912 [INFO]   [margin] Seed=42 R8/10 F1=0.3451 Acc=0.3798 Labeled=900 QueryTime=0.0s GPU=192MB
2026-06-11 20:38:16,613 [INFO]   [margin] Seed=42 R9/10 F1=0.4001 Acc=0.4352 Labeled=1000 QueryTime=0.0s GPU=192MB
2026-06-11 20:38:20,879 [INFO]   [margin] Seed=123 R1/10 F1=0.1149 Acc=0.2009 Labeled=200 QueryTime=0.0s GPU=139MB
2026-06-11 20:38:22,952 [INFO]   [margin] Seed=123 R2/10 F1=0.1743 Acc=0.2239 Labeled=300 QueryTime=0.0s GPU=184MB
2026-06-11 20:38:25,246 [INFO]   [margin] Seed=123 R3/10 F1=0.1415 Acc=0.1972 Labeled=400 QueryTime=0.0s GPU=205MB
2026-06-11 20:38:27,589 [INFO]   [margin] Seed=123 R4/10 F1=0.1918 Acc=0.2460 Labeled=500 QueryTime=0.0s GPU=178MB
2026-06-11 20:38:29,921 [INFO]   [margin] Seed=123 R5/10 F1=0.1910 Acc=0.2528 Labeled=600 QueryTime=0.0s GPU=178MB
2026-06-11 20:38:32,456 [INFO]   [margin] Seed=123 R6/10 F1=0.2611 Acc=0.3132 Labeled=700 QueryTime=0.0s GPU=178MB
2026-06-11 20:38:35,234 [INFO]   [margin] Seed=123 R7/10 F1=0.2982 Acc=0.3487 Labeled=800 QueryTime=0.0s GPU=178MB
2026-06-11 20:38:38,215 [INFO]   [margin] Seed=123 R8/10 F1=0.3380 Acc=0.3841 Labeled=900 QueryTime=0.0s GPU=178MB
2026-06-11 20:38:40,997 [INFO]   [margin] Seed=123 R9/10 F1=0.3495 Acc=0.3868 Labeled=1000 QueryTime=0.0s GPU=178MB
2026-06-11 20:38:45,119 [INFO]   [margin] Seed=456 R1/10 F1=0.1313 Acc=0.2103 Labeled=200 QueryTime=0.0s GPU=126MB
2026-06-11 20:38:47,178 [INFO]   [margin] Seed=456 R2/10 F1=0.1730 Acc=0.2266 Labeled=300 QueryTime=0.0s GPU=170MB
2026-06-11 20:38:49,258 [INFO]   [margin] Seed=456 R3/10 F1=0.1210 Acc=0.1696 Labeled=400 QueryTime=0.0s GPU=191MB
2026-06-11 20:38:51,353 [INFO]   [margin] Seed=456 R4/10 F1=0.1470 Acc=0.2219 Labeled=500 QueryTime=0.0s GPU=191MB
2026-06-11 20:38:53,495 [INFO]   [margin] Seed=456 R5/10 F1=0.2145 Acc=0.2456 Labeled=600 QueryTime=0.0s GPU=191MB
2026-06-11 20:38:55,805 [INFO]   [margin] Seed=456 R6/10 F1=0.3091 Acc=0.3359 Labeled=700 QueryTime=0.0s GPU=178MB
2026-06-11 20:38:58,502 [INFO]   [margin] Seed=456 R7/10 F1=0.3531 Acc=0.3744 Labeled=800 QueryTime=0.0s GPU=165MB
2026-06-11 20:39:01,322 [INFO]   [margin] Seed=456 R8/10 F1=0.3587 Acc=0.3809 Labeled=900 QueryTime=0.0s GPU=165MB
2026-06-11 20:39:03,992 [INFO]   [margin] Seed=456 R9/10 F1=0.3847 Acc=0.4078 Labeled=1000 QueryTime=0.0s GPU=165MB
2026-06-11 20:39:08,077 [INFO]   [margin] Seed=789 R1/10 F1=0.1107 Acc=0.1915 Labeled=200 QueryTime=0.0s GPU=112MB
2026-06-11 20:39:10,103 [INFO]   [margin] Seed=789 R2/10 F1=0.1104 Acc=0.1669 Labeled=300 QueryTime=0.0s GPU=157MB
2026-06-11 20:39:12,292 [INFO]   [margin] Seed=789 R3/10 F1=0.0907 Acc=0.1505 Labeled=400 QueryTime=0.0s GPU=178MB
2026-06-11 20:39:14,341 [INFO]   [margin] Seed=789 R4/10 F1=0.2005 Acc=0.2373 Labeled=500 QueryTime=0.0s GPU=178MB
2026-06-11 20:39:16,411 [INFO]   [margin] Seed=789 R5/10 F1=0.1856 Acc=0.2200 Labeled=600 QueryTime=0.0s GPU=178MB
2026-06-11 20:39:18,704 [INFO]   [margin] Seed=789 R6/10 F1=0.2925 Acc=0.3150 Labeled=700 QueryTime=0.0s GPU=178MB
2026-06-11 20:39:21,197 [INFO]   [margin] Seed=789 R7/10 F1=0.3124 Acc=0.3343 Labeled=800 QueryTime=0.0s GPU=178MB
2026-06-11 20:39:24,046 [INFO]   [margin] Seed=789 R8/10 F1=0.4047 Acc=0.4200 Labeled=900 QueryTime=0.0s GPU=178MB
2026-06-11 20:39:26,689 [INFO]   [margin] Seed=789 R9/10 F1=0.4041 Acc=0.4174 Labeled=1000 QueryTime=0.0s GPU=178MB
2026-06-11 20:39:30,652 [INFO]   [margin] Seed=1024 R1/10 F1=0.1296 Acc=0.2000 Labeled=200 QueryTime=0.0s GPU=127MB
2026-06-11 20:39:32,736 [INFO]   [margin] Seed=1024 R2/10 F1=0.1348 Acc=0.2023 Labeled=300 QueryTime=0.0s GPU=170MB
2026-06-11 20:39:34,912 [INFO]   [margin] Seed=1024 R3/10 F1=0.1607 Acc=0.2192 Labeled=400 QueryTime=0.0s GPU=191MB
2026-06-11 20:39:36,966 [INFO]   [margin] Seed=1024 R4/10 F1=0.1965 Acc=0.2272 Labeled=500 QueryTime=0.0s GPU=191MB
2026-06-11 20:39:39,006 [INFO]   [margin] Seed=1024 R5/10 F1=0.2427 Acc=0.2935 Labeled=600 QueryTime=0.0s GPU=191MB
2026-06-11 20:39:41,363 [INFO]   [margin] Seed=1024 R6/10 F1=0.2728 Acc=0.3199 Labeled=700 QueryTime=0.0s GPU=191MB
2026-06-11 20:39:43,863 [INFO]   [margin] Seed=1024 R7/10 F1=0.3495 Acc=0.3788 Labeled=800 QueryTime=0.0s GPU=191MB
2026-06-11 20:39:46,640 [INFO]   [margin] Seed=1024 R8/10 F1=0.3729 Acc=0.4009 Labeled=900 QueryTime=0.0s GPU=191MB
2026-06-11 20:39:49,328 [INFO]   [margin] Seed=1024 R9/10 F1=0.4146 Acc=0.4341 Labeled=1000 QueryTime=0.0s GPU=191MB
2026-06-11 20:39:51,349 [INFO] 
--- Strategy: coreset ---
2026-06-11 20:39:56,330 [INFO]   [coreset] Seed=42 R1/10 F1=0.1428 Acc=0.2142 Labeled=200 QueryTime=3.1s GPU=138MB
2026-06-11 20:40:02,823 [INFO]   [coreset] Seed=42 R2/10 F1=0.1391 Acc=0.1798 Labeled=300 QueryTime=4.4s GPU=176MB
2026-06-11 20:40:10,854 [INFO]   [coreset] Seed=42 R3/10 F1=0.1387 Acc=0.1775 Labeled=400 QueryTime=6.1s GPU=197MB
2026-06-11 20:40:20,057 [INFO]   [coreset] Seed=42 R4/10 F1=0.1160 Acc=0.1578 Labeled=500 QueryTime=7.4s GPU=197MB
2026-06-11 20:40:30,431 [INFO]   [coreset] Seed=42 R5/10 F1=0.1306 Acc=0.1796 Labeled=600 QueryTime=8.5s GPU=197MB
2026-06-11 20:40:42,764 [INFO]   [coreset] Seed=42 R6/10 F1=0.2131 Acc=0.2404 Labeled=700 QueryTime=10.2s GPU=197MB
2026-06-11 20:40:56,662 [INFO]   [coreset] Seed=42 R7/10 F1=0.2879 Acc=0.3103 Labeled=800 QueryTime=11.7s GPU=197MB
2026-06-11 20:41:12,593 [INFO]   [coreset] Seed=42 R8/10 F1=0.2919 Acc=0.3152 Labeled=900 QueryTime=13.3s GPU=197MB
2026-06-11 20:41:35,214 [INFO]   [coreset] Seed=42 R9/10 F1=0.3246 Acc=0.3417 Labeled=1000 QueryTime=20.2s GPU=197MB
2026-06-11 20:41:43,744 [INFO]   [coreset] Seed=123 R1/10 F1=0.1149 Acc=0.2009 Labeled=200 QueryTime=3.3s GPU=138MB
2026-06-11 20:41:54,600 [INFO]   [coreset] Seed=123 R2/10 F1=0.1731 Acc=0.2385 Labeled=300 QueryTime=7.6s GPU=176MB
2026-06-11 20:42:08,944 [INFO]   [coreset] Seed=123 R3/10 F1=0.1539 Acc=0.2019 Labeled=400 QueryTime=9.5s GPU=197MB
2026-06-11 20:42:26,210 [INFO]   [coreset] Seed=123 R4/10 F1=0.1681 Acc=0.2150 Labeled=500 QueryTime=11.6s GPU=197MB
2026-06-11 20:42:39,080 [INFO]   [coreset] Seed=123 R5/10 F1=0.1637 Acc=0.2092 Labeled=600 QueryTime=10.5s GPU=197MB
2026-06-11 20:42:54,298 [INFO]   [coreset] Seed=123 R6/10 F1=0.2776 Acc=0.3182 Labeled=700 QueryTime=11.8s GPU=197MB
2026-06-11 20:43:10,925 [INFO]   [coreset] Seed=123 R7/10 F1=0.2942 Acc=0.3366 Labeled=800 QueryTime=13.1s GPU=197MB
2026-06-11 20:43:27,770 [INFO]   [coreset] Seed=123 R8/10 F1=0.3241 Acc=0.3626 Labeled=900 QueryTime=14.2s GPU=197MB
2026-06-11 20:43:47,195 [INFO]   [coreset] Seed=123 R9/10 F1=0.3655 Acc=0.3914 Labeled=1000 QueryTime=16.7s GPU=197MB
2026-06-11 20:43:55,258 [INFO]   [coreset] Seed=456 R1/10 F1=0.1313 Acc=0.2103 Labeled=200 QueryTime=3.4s GPU=138MB
2026-06-11 20:44:03,347 [INFO]   [coreset] Seed=456 R2/10 F1=0.1717 Acc=0.2255 Labeled=300 QueryTime=6.2s GPU=176MB
2026-06-11 20:44:15,486 [INFO]   [coreset] Seed=456 R3/10 F1=0.1341 Acc=0.1760 Labeled=400 QueryTime=8.6s GPU=197MB
2026-06-11 20:44:29,582 [INFO]   [coreset] Seed=456 R4/10 F1=0.2106 Acc=0.2616 Labeled=500 QueryTime=10.4s GPU=197MB
2026-06-11 20:44:46,034 [INFO]   [coreset] Seed=456 R5/10 F1=0.1741 Acc=0.2424 Labeled=600 QueryTime=13.3s GPU=197MB
2026-06-11 20:45:05,974 [INFO]   [coreset] Seed=456 R6/10 F1=0.2602 Acc=0.2967 Labeled=700 QueryTime=15.9s GPU=197MB
2026-06-11 20:45:30,078 [INFO]   [coreset] Seed=456 R7/10 F1=0.2760 Acc=0.3063 Labeled=800 QueryTime=17.9s GPU=197MB
2026-06-11 20:45:57,376 [INFO]   [coreset] Seed=456 R8/10 F1=0.3098 Acc=0.3416 Labeled=900 QueryTime=21.5s GPU=197MB
2026-06-11 20:46:25,721 [INFO]   [coreset] Seed=456 R9/10 F1=0.3595 Acc=0.3741 Labeled=1000 QueryTime=24.1s GPU=197MB
2026-06-11 20:46:38,313 [INFO]   [coreset] Seed=789 R1/10 F1=0.1107 Acc=0.1915 Labeled=200 QueryTime=6.2s GPU=138MB
2026-06-11 20:46:49,936 [INFO]   [coreset] Seed=789 R2/10 F1=0.1429 Acc=0.1998 Labeled=300 QueryTime=6.6s GPU=176MB
2026-06-11 20:46:59,727 [INFO]   [coreset] Seed=789 R3/10 F1=0.1442 Acc=0.1930 Labeled=400 QueryTime=6.8s GPU=197MB
2026-06-11 20:47:11,337 [INFO]   [coreset] Seed=789 R4/10 F1=0.1722 Acc=0.2153 Labeled=500 QueryTime=8.7s GPU=197MB
2026-06-11 20:47:23,857 [INFO]   [coreset] Seed=789 R5/10 F1=0.2009 Acc=0.2283 Labeled=600 QueryTime=10.1s GPU=197MB
2026-06-11 20:47:44,690 [INFO]   [coreset] Seed=789 R6/10 F1=0.2733 Acc=0.3019 Labeled=700 QueryTime=16.8s GPU=197MB
2026-06-11 20:48:08,024 [INFO]   [coreset] Seed=789 R7/10 F1=0.3229 Acc=0.3551 Labeled=800 QueryTime=17.7s GPU=197MB
2026-06-11 20:48:25,165 [INFO]   [coreset] Seed=789 R8/10 F1=0.3501 Acc=0.3720 Labeled=900 QueryTime=14.4s GPU=197MB
2026-06-11 20:48:44,946 [INFO]   [coreset] Seed=789 R9/10 F1=0.3730 Acc=0.3796 Labeled=1000 QueryTime=17.0s GPU=197MB
2026-06-11 20:48:52,979 [INFO]   [coreset] Seed=1024 R1/10 F1=0.1296 Acc=0.2000 Labeled=200 QueryTime=3.2s GPU=138MB
2026-06-11 20:49:00,001 [INFO]   [coreset] Seed=1024 R2/10 F1=0.1227 Acc=0.1815 Labeled=300 QueryTime=4.9s GPU=176MB
2026-06-11 20:49:09,030 [INFO]   [coreset] Seed=1024 R3/10 F1=0.1020 Acc=0.1577 Labeled=400 QueryTime=6.6s GPU=197MB
2026-06-11 20:49:20,048 [INFO]   [coreset] Seed=1024 R4/10 F1=0.1650 Acc=0.2225 Labeled=500 QueryTime=7.8s GPU=197MB
2026-06-11 20:49:32,464 [INFO]   [coreset] Seed=1024 R5/10 F1=0.1942 Acc=0.2387 Labeled=600 QueryTime=10.1s GPU=197MB
2026-06-11 20:49:47,877 [INFO]   [coreset] Seed=1024 R6/10 F1=0.2535 Acc=0.2938 Labeled=700 QueryTime=12.1s GPU=197MB
2026-06-11 20:50:10,516 [INFO]   [coreset] Seed=1024 R7/10 F1=0.2935 Acc=0.3293 Labeled=800 QueryTime=19.1s GPU=197MB
2026-06-11 20:50:37,356 [INFO]   [coreset] Seed=1024 R8/10 F1=0.3328 Acc=0.3473 Labeled=900 QueryTime=20.5s GPU=197MB
2026-06-11 20:50:58,450 [INFO]   [coreset] Seed=1024 R9/10 F1=0.3470 Acc=0.3790 Labeled=1000 QueryTime=17.9s GPU=197MB
2026-06-11 20:51:01,008 [INFO] 
--- Strategy: badge ---
2026-06-11 20:51:27,831 [INFO]   [badge] Seed=42 R1/10 F1=0.1428 Acc=0.2142 Labeled=200 QueryTime=24.4s GPU=138MB
2026-06-11 20:51:59,150 [INFO]   [badge] Seed=42 R2/10 F1=0.1235 Acc=0.1675 Labeled=300 QueryTime=26.7s GPU=176MB
2026-06-11 20:52:19,566 [INFO]   [badge] Seed=42 R3/10 F1=0.1325 Acc=0.1757 Labeled=400 QueryTime=18.0s GPU=197MB
2026-06-11 20:52:41,053 [INFO]   [badge] Seed=42 R4/10 F1=0.0892 Acc=0.1480 Labeled=500 QueryTime=19.0s GPU=197MB
2026-06-11 20:53:03,651 [INFO]   [badge] Seed=42 R5/10 F1=0.1524 Acc=0.1902 Labeled=600 QueryTime=19.5s GPU=197MB
2026-06-11 20:53:25,590 [INFO]   [badge] Seed=42 R6/10 F1=0.2237 Acc=0.2497 Labeled=700 QueryTime=19.5s GPU=197MB
2026-06-11 20:53:46,404 [INFO]   [badge] Seed=42 R7/10 F1=0.3126 Acc=0.3308 Labeled=800 QueryTime=18.4s GPU=197MB
2026-06-11 20:54:08,160 [INFO]   [badge] Seed=42 R8/10 F1=0.3448 Acc=0.3623 Labeled=900 QueryTime=18.3s GPU=197MB
2026-06-11 20:54:29,745 [INFO]   [badge] Seed=42 R9/10 F1=0.3655 Acc=0.3850 Labeled=1000 QueryTime=17.9s GPU=197MB
2026-06-11 20:54:53,853 [INFO]   [badge] Seed=123 R1/10 F1=0.1149 Acc=0.2009 Labeled=200 QueryTime=18.9s GPU=138MB
2026-06-11 20:55:15,449 [INFO]   [badge] Seed=123 R2/10 F1=0.1891 Acc=0.2505 Labeled=300 QueryTime=19.5s GPU=176MB
2026-06-11 20:55:36,356 [INFO]   [badge] Seed=123 R3/10 F1=0.1677 Acc=0.2192 Labeled=400 QueryTime=17.9s GPU=197MB
2026-06-11 20:55:58,340 [INFO]   [badge] Seed=123 R4/10 F1=0.2001 Acc=0.2393 Labeled=500 QueryTime=19.5s GPU=197MB
2026-06-11 20:56:23,236 [INFO]   [badge] Seed=123 R5/10 F1=0.2346 Acc=0.2702 Labeled=600 QueryTime=22.5s GPU=197MB
2026-06-11 20:57:00,905 [INFO]   [badge] Seed=123 R6/10 F1=0.3135 Acc=0.3471 Labeled=700 QueryTime=33.0s GPU=197MB
2026-06-11 20:57:32,144 [INFO]   [badge] Seed=123 R7/10 F1=0.3827 Acc=0.3910 Labeled=800 QueryTime=24.1s GPU=197MB
2026-06-11 20:57:54,356 [INFO]   [badge] Seed=123 R8/10 F1=0.3782 Acc=0.3981 Labeled=900 QueryTime=17.9s GPU=197MB
2026-06-11 20:58:19,313 [INFO]   [badge] Seed=123 R9/10 F1=0.4075 Acc=0.4198 Labeled=1000 QueryTime=21.4s GPU=197MB
2026-06-11 20:58:43,831 [INFO]   [badge] Seed=456 R1/10 F1=0.1313 Acc=0.2103 Labeled=200 QueryTime=19.0s GPU=138MB
2026-06-11 20:59:16,534 [INFO]   [badge] Seed=456 R2/10 F1=0.1706 Acc=0.2293 Labeled=300 QueryTime=27.2s GPU=176MB
2026-06-11 20:59:49,140 [INFO]   [badge] Seed=456 R3/10 F1=0.1324 Acc=0.1819 Labeled=400 QueryTime=27.0s GPU=197MB
2026-06-11 21:00:21,810 [INFO]   [badge] Seed=456 R4/10 F1=0.1539 Acc=0.2018 Labeled=500 QueryTime=26.8s GPU=197MB
2026-06-11 21:00:54,796 [INFO]   [badge] Seed=456 R5/10 F1=0.1954 Acc=0.2469 Labeled=600 QueryTime=27.4s GPU=197MB
2026-06-11 21:01:27,935 [INFO]   [badge] Seed=456 R6/10 F1=0.2973 Acc=0.3339 Labeled=700 QueryTime=27.0s GPU=197MB
2026-06-11 21:02:01,837 [INFO]   [badge] Seed=456 R7/10 F1=0.3065 Acc=0.3451 Labeled=800 QueryTime=27.7s GPU=197MB
2026-06-11 21:02:34,323 [INFO]   [badge] Seed=456 R8/10 F1=0.3412 Acc=0.3751 Labeled=900 QueryTime=25.9s GPU=197MB
2026-06-11 21:02:54,913 [INFO]   [badge] Seed=456 R9/10 F1=0.3723 Acc=0.3835 Labeled=1000 QueryTime=16.9s GPU=197MB
2026-06-11 21:03:18,378 [INFO]   [badge] Seed=789 R1/10 F1=0.1107 Acc=0.1915 Labeled=200 QueryTime=18.0s GPU=138MB
2026-06-11 21:03:37,358 [INFO]   [badge] Seed=789 R2/10 F1=0.1001 Acc=0.1570 Labeled=300 QueryTime=16.2s GPU=176MB
2026-06-11 21:03:56,400 [INFO]   [badge] Seed=789 R3/10 F1=0.0962 Acc=0.1483 Labeled=400 QueryTime=16.2s GPU=197MB
2026-06-11 21:04:15,747 [INFO]   [badge] Seed=789 R4/10 F1=0.1762 Acc=0.2122 Labeled=500 QueryTime=16.5s GPU=197MB
2026-06-11 21:04:38,186 [INFO]   [badge] Seed=789 R5/10 F1=0.1980 Acc=0.2237 Labeled=600 QueryTime=19.5s GPU=197MB
2026-06-11 21:04:59,346 [INFO]   [badge] Seed=789 R6/10 F1=0.3221 Acc=0.3397 Labeled=700 QueryTime=17.9s GPU=197MB
2026-06-11 21:05:19,418 [INFO]   [badge] Seed=789 R7/10 F1=0.3234 Acc=0.3508 Labeled=800 QueryTime=16.9s GPU=197MB
2026-06-11 21:05:40,456 [INFO]   [badge] Seed=789 R8/10 F1=0.3684 Acc=0.3866 Labeled=900 QueryTime=17.4s GPU=197MB
2026-06-11 21:06:10,041 [INFO]   [badge] Seed=789 R9/10 F1=0.4224 Acc=0.4261 Labeled=1000 QueryTime=26.8s GPU=197MB
2026-06-11 21:06:52,194 [INFO]   [badge] Seed=1024 R1/10 F1=0.1296 Acc=0.2000 Labeled=200 QueryTime=30.5s GPU=138MB
2026-06-11 21:07:27,575 [INFO]   [badge] Seed=1024 R2/10 F1=0.1210 Acc=0.1847 Labeled=300 QueryTime=29.8s GPU=176MB
2026-06-11 21:08:04,472 [INFO]   [badge] Seed=1024 R3/10 F1=0.1080 Acc=0.1689 Labeled=400 QueryTime=31.0s GPU=197MB
2026-06-11 21:08:40,280 [INFO]   [badge] Seed=1024 R4/10 F1=0.1687 Acc=0.2189 Labeled=500 QueryTime=30.1s GPU=197MB
2026-06-11 21:09:16,028 [INFO]   [badge] Seed=1024 R5/10 F1=0.1685 Acc=0.2186 Labeled=600 QueryTime=30.0s GPU=197MB
2026-06-11 21:09:52,334 [INFO]   [badge] Seed=1024 R6/10 F1=0.2077 Acc=0.2443 Labeled=700 QueryTime=30.0s GPU=197MB
2026-06-11 21:10:19,106 [INFO]   [badge] Seed=1024 R7/10 F1=0.3178 Acc=0.3556 Labeled=800 QueryTime=20.2s GPU=197MB
2026-06-11 21:10:39,104 [INFO]   [badge] Seed=1024 R8/10 F1=0.3767 Acc=0.3996 Labeled=900 QueryTime=17.2s GPU=197MB
2026-06-11 21:11:02,825 [INFO]   [badge] Seed=1024 R9/10 F1=0.3640 Acc=0.3983 Labeled=1000 QueryTime=20.3s GPU=197MB
2026-06-11 21:11:07,228 [INFO] 
--- Strategy: qbc ---
2026-06-11 21:11:13,136 [INFO]   [qbc] Seed=42 R1/10 F1=0.1428 Acc=0.2142 Labeled=200 QueryTime=3.0s GPU=138MB
2026-06-11 21:11:18,314 [INFO]   [qbc] Seed=42 R2/10 F1=0.0803 Acc=0.1422 Labeled=300 QueryTime=2.3s GPU=189MB
2026-06-11 21:11:22,794 [INFO]   [qbc] Seed=42 R3/10 F1=0.1074 Acc=0.1689 Labeled=400 QueryTime=1.8s GPU=210MB
2026-06-11 21:11:28,337 [INFO]   [qbc] Seed=42 R4/10 F1=0.1462 Acc=0.1958 Labeled=500 QueryTime=2.6s GPU=208MB
2026-06-11 21:11:33,551 [INFO]   [qbc] Seed=42 R5/10 F1=0.1983 Acc=0.2335 Labeled=600 QueryTime=2.4s GPU=210MB
2026-06-11 21:11:39,669 [INFO]   [qbc] Seed=42 R6/10 F1=0.2631 Acc=0.2937 Labeled=700 QueryTime=2.4s GPU=210MB
2026-06-11 21:11:45,549 [INFO]   [qbc] Seed=42 R7/10 F1=0.3346 Acc=0.3647 Labeled=800 QueryTime=2.4s GPU=209MB
2026-06-11 21:11:53,115 [INFO]   [qbc] Seed=42 R8/10 F1=0.3633 Acc=0.3886 Labeled=900 QueryTime=3.6s GPU=209MB
2026-06-11 21:12:01,452 [INFO]   [qbc] Seed=42 R9/10 F1=0.4074 Acc=0.4297 Labeled=1000 QueryTime=3.4s GPU=209MB
2026-06-11 21:12:11,149 [INFO]   [qbc] Seed=123 R1/10 F1=0.1149 Acc=0.2009 Labeled=200 QueryTime=2.8s GPU=138MB
2026-06-11 21:12:15,293 [INFO]   [qbc] Seed=123 R2/10 F1=0.1861 Acc=0.2551 Labeled=300 QueryTime=1.8s GPU=189MB
2026-06-11 21:12:20,223 [INFO]   [qbc] Seed=123 R3/10 F1=0.1658 Acc=0.2130 Labeled=400 QueryTime=2.4s GPU=210MB
2026-06-11 21:12:25,513 [INFO]   [qbc] Seed=123 R4/10 F1=0.1187 Acc=0.1642 Labeled=500 QueryTime=2.4s GPU=208MB
2026-06-11 21:12:30,612 [INFO]   [qbc] Seed=123 R5/10 F1=0.2172 Acc=0.2618 Labeled=600 QueryTime=2.3s GPU=210MB
2026-06-11 21:12:35,930 [INFO]   [qbc] Seed=123 R6/10 F1=0.2767 Acc=0.3136 Labeled=700 QueryTime=1.9s GPU=210MB
2026-06-11 21:12:40,681 [INFO]   [qbc] Seed=123 R7/10 F1=0.3694 Acc=0.3859 Labeled=800 QueryTime=2.1s GPU=209MB
2026-06-11 21:12:46,065 [INFO]   [qbc] Seed=123 R8/10 F1=0.3837 Acc=0.4087 Labeled=900 QueryTime=2.2s GPU=209MB
2026-06-11 21:12:51,982 [INFO]   [qbc] Seed=123 R9/10 F1=0.4184 Acc=0.4359 Labeled=1000 QueryTime=2.4s GPU=209MB
2026-06-11 21:13:00,238 [INFO]   [qbc] Seed=456 R1/10 F1=0.1313 Acc=0.2103 Labeled=200 QueryTime=2.4s GPU=138MB
2026-06-11 21:13:05,138 [INFO]   [qbc] Seed=456 R2/10 F1=0.1143 Acc=0.1844 Labeled=300 QueryTime=2.1s GPU=189MB
2026-06-11 21:13:10,208 [INFO]   [qbc] Seed=456 R3/10 F1=0.1066 Acc=0.1724 Labeled=400 QueryTime=2.3s GPU=210MB
2026-06-11 21:13:14,497 [INFO]   [qbc] Seed=456 R4/10 F1=0.1518 Acc=0.1965 Labeled=500 QueryTime=1.8s GPU=208MB
2026-06-11 21:13:18,461 [INFO]   [qbc] Seed=456 R5/10 F1=0.1554 Acc=0.2143 Labeled=600 QueryTime=1.8s GPU=210MB
2026-06-11 21:13:22,943 [INFO]   [qbc] Seed=456 R6/10 F1=0.2736 Acc=0.3119 Labeled=700 QueryTime=1.9s GPU=210MB
2026-06-11 21:13:27,594 [INFO]   [qbc] Seed=456 R7/10 F1=0.3766 Acc=0.4070 Labeled=800 QueryTime=2.2s GPU=209MB
2026-06-11 21:13:33,306 [INFO]   [qbc] Seed=456 R8/10 F1=0.3390 Acc=0.3814 Labeled=900 QueryTime=2.4s GPU=209MB
2026-06-11 21:13:39,193 [INFO]   [qbc] Seed=456 R9/10 F1=0.4059 Acc=0.4329 Labeled=1000 QueryTime=2.7s GPU=209MB
2026-06-11 21:13:47,266 [INFO]   [qbc] Seed=789 R1/10 F1=0.1107 Acc=0.1915 Labeled=200 QueryTime=2.4s GPU=138MB
2026-06-11 21:13:51,739 [INFO]   [qbc] Seed=789 R2/10 F1=0.1169 Acc=0.1701 Labeled=300 QueryTime=1.9s GPU=189MB
2026-06-11 21:13:56,686 [INFO]   [qbc] Seed=789 R3/10 F1=0.1328 Acc=0.1871 Labeled=400 QueryTime=2.2s GPU=210MB
2026-06-11 21:14:00,734 [INFO]   [qbc] Seed=789 R4/10 F1=0.1645 Acc=0.2116 Labeled=500 QueryTime=1.5s GPU=208MB
2026-06-11 21:14:07,838 [INFO]   [qbc] Seed=789 R5/10 F1=0.1752 Acc=0.2240 Labeled=600 QueryTime=3.6s GPU=210MB
2026-06-11 21:14:16,368 [INFO]   [qbc] Seed=789 R6/10 F1=0.2436 Acc=0.2811 Labeled=700 QueryTime=3.5s GPU=210MB
2026-06-11 21:14:25,018 [INFO]   [qbc] Seed=789 R7/10 F1=0.2967 Acc=0.3382 Labeled=800 QueryTime=3.8s GPU=209MB
2026-06-11 21:14:34,055 [INFO]   [qbc] Seed=789 R8/10 F1=0.3626 Acc=0.3911 Labeled=900 QueryTime=4.1s GPU=209MB
2026-06-11 21:14:38,790 [INFO]   [qbc] Seed=789 R9/10 F1=0.3689 Acc=0.4117 Labeled=1000 QueryTime=2.1s GPU=209MB
2026-06-11 21:14:45,032 [INFO]   [qbc] Seed=1024 R1/10 F1=0.1296 Acc=0.2000 Labeled=200 QueryTime=1.7s GPU=138MB
2026-06-11 21:14:48,506 [INFO]   [qbc] Seed=1024 R2/10 F1=0.1135 Acc=0.1839 Labeled=300 QueryTime=1.6s GPU=189MB
2026-06-11 21:14:52,256 [INFO]   [qbc] Seed=1024 R3/10 F1=0.1764 Acc=0.2368 Labeled=400 QueryTime=1.7s GPU=210MB
2026-06-11 21:14:55,946 [INFO]   [qbc] Seed=1024 R4/10 F1=0.1774 Acc=0.2327 Labeled=500 QueryTime=1.5s GPU=208MB
2026-06-11 21:14:59,216 [INFO]   [qbc] Seed=1024 R5/10 F1=0.2269 Acc=0.2549 Labeled=600 QueryTime=1.5s GPU=210MB
2026-06-11 21:15:03,016 [INFO]   [qbc] Seed=1024 R6/10 F1=0.2791 Acc=0.3136 Labeled=700 QueryTime=1.7s GPU=210MB
2026-06-11 21:15:07,476 [INFO]   [qbc] Seed=1024 R7/10 F1=0.3578 Acc=0.3675 Labeled=800 QueryTime=2.0s GPU=209MB
2026-06-11 21:15:12,209 [INFO]   [qbc] Seed=1024 R8/10 F1=0.3929 Acc=0.4083 Labeled=900 QueryTime=2.1s GPU=209MB
2026-06-11 21:15:16,897 [INFO]   [qbc] Seed=1024 R9/10 F1=0.4089 Acc=0.4171 Labeled=1000 QueryTime=2.0s GPU=209MB
2026-06-11 21:15:19,610 [INFO] 
--- Full Supervised Baseline ---
2026-06-11 21:21:14,211 [INFO] Full Supervised: Acc=0.8042, F1=0.8019 (epochs=50, time=353.2s)
2026-06-11 21:21:15,263 [INFO] 
=== Results saved to C:\Users\28414\Desktop\机器学习—图像分类-期末汇报\output\std_al\rho5 ===
2026-06-11 21:21:15,263 [INFO] 
Summary:
2026-06-11 21:21:15,263 [INFO] Strategy                 Final F1     ±std   p<0.05 vs Random
2026-06-11 21:21:15,263 [INFO] ------------------------------------------------------------
2026-06-11 21:21:15,264 [INFO] badge                      0.4215   0.0108                   
2026-06-11 21:21:15,264 [INFO] coreset                    0.3694   0.0237                  x
2026-06-11 21:21:15,264 [INFO] entropy                    0.3995   0.0152                  x
2026-06-11 21:21:15,264 [INFO] margin                     0.4269   0.0199                   
2026-06-11 21:21:15,264 [INFO] qbc                        0.4263   0.0243                   
2026-06-11 21:21:15,265 [INFO] random                     0.4127   0.0095                   
2026-06-11 21:21:15,265 [INFO] Full Supervised            0.8019
2026-06-11 21:21:15,265 [INFO] 
Statistical Tests (selected):
2026-06-11 21:21:15,265 [INFO]   badge vs coreset: diff=+0.0522, p=0.0029**, d=2.827 (large)
2026-06-11 21:21:15,266 [INFO]   coreset vs margin: diff=-0.0576, p=0.0280*, d=-2.628 (large)
2026-06-11 21:21:15,266 [INFO]   coreset vs random: diff=-0.0434, p=0.0355*, d=-2.400 (large)
2026-06-11 21:21:15,266 [INFO]   entropy vs random: diff=-0.0133, p=0.0358*, d=-1.049 (large)
