2026-06-16 13:47:54,279 [INFO] === v8 Controlled-Fast AL+SSL Analysis: cifar10 ===
2026-06-16 13:47:54,279 [INFO] Budget: ultra_low, Model: simplecnn, Scheduler: True
2026-06-16 13:47:54,279 [INFO] Strategies: ['class_aware_entropy', 'gap_aware_entropy', 'adaptive_gap_entropy']
2026-06-16 13:47:54,279 [INFO] Seeds: [42]
2026-06-16 13:47:54,279 [INFO] Rounds: 10, Initial: 100, Query: 100
2026-06-16 13:47:54,279 [INFO] SSL: False, Method: flexmatch, t-SNE: False, Resume: False
2026-06-16 13:47:54,279 [INFO] Imbalance mode: max/min class count ratio = 100
2026-06-16 13:47:54,308 [INFO] Device: cuda
2026-06-16 13:48:04,257 [INFO] Imbalance filter (Exponential): 50000 -> 12406 training samples
2026-06-16 13:48:04,257 [INFO] 
--- Strategy: class_aware_entropy ---
2026-06-16 13:48:06,952 [INFO]   [class_aware_entropy] Seed=42 R1/10 F1=0.0733 Acc=0.1747 Labeled=200 QueryTime=0.0s GPU=74MB
2026-06-16 13:48:09,026 [INFO]   [class_aware_entropy] Seed=42 R2/10 F1=0.0896 Acc=0.1800 Labeled=300 QueryTime=0.0s GPU=111MB
2026-06-16 13:48:12,395 [INFO]   [class_aware_entropy] Seed=42 R3/10 F1=0.0438 Acc=0.1140 Labeled=400 QueryTime=0.0s GPU=131MB
2026-06-16 13:48:15,284 [INFO]   [class_aware_entropy] Seed=42 R4/10 F1=0.0755 Acc=0.1424 Labeled=500 QueryTime=0.1s GPU=131MB
2026-06-16 13:48:17,633 [INFO]   [class_aware_entropy] Seed=42 R5/10 F1=0.0439 Acc=0.1138 Labeled=600 QueryTime=0.1s GPU=131MB
2026-06-16 13:48:21,178 [INFO]   [class_aware_entropy] Seed=42 R6/10 F1=0.1462 Acc=0.1918 Labeled=700 QueryTime=0.1s GPU=131MB
2026-06-16 13:48:24,167 [INFO]   [class_aware_entropy] Seed=42 R7/10 F1=0.1954 Acc=0.2555 Labeled=800 QueryTime=0.1s GPU=131MB
2026-06-16 13:48:27,338 [INFO]   [class_aware_entropy] Seed=42 R8/10 F1=0.1924 Acc=0.2662 Labeled=900 QueryTime=0.1s GPU=131MB
2026-06-16 13:48:30,534 [INFO]   [class_aware_entropy] Seed=42 R9/10 F1=0.2148 Acc=0.2895 Labeled=1000 QueryTime=0.1s GPU=131MB
2026-06-16 13:48:33,645 [INFO] 
--- Strategy: gap_aware_entropy ---
2026-06-16 13:48:35,986 [INFO]   [gap_aware_entropy] Seed=42 R1/10 F1=0.0733 Acc=0.1747 Labeled=200 QueryTime=0.0s GPU=74MB
2026-06-16 13:48:38,237 [INFO]   [gap_aware_entropy] Seed=42 R2/10 F1=0.0885 Acc=0.1810 Labeled=300 QueryTime=0.0s GPU=112MB
2026-06-16 13:48:40,620 [INFO]   [gap_aware_entropy] Seed=42 R3/10 F1=0.0653 Acc=0.1307 Labeled=400 QueryTime=0.0s GPU=131MB
2026-06-16 13:48:43,814 [INFO]   [gap_aware_entropy] Seed=42 R4/10 F1=0.0907 Acc=0.1553 Labeled=500 QueryTime=0.1s GPU=131MB
2026-06-16 13:48:46,692 [INFO]   [gap_aware_entropy] Seed=42 R5/10 F1=0.0626 Acc=0.1259 Labeled=600 QueryTime=0.1s GPU=131MB
2026-06-16 13:48:49,813 [INFO]   [gap_aware_entropy] Seed=42 R6/10 F1=0.1731 Acc=0.2443 Labeled=700 QueryTime=0.1s GPU=131MB
2026-06-16 13:48:52,892 [INFO]   [gap_aware_entropy] Seed=42 R7/10 F1=0.2072 Acc=0.2814 Labeled=800 QueryTime=0.1s GPU=131MB
2026-06-16 13:48:56,324 [INFO]   [gap_aware_entropy] Seed=42 R8/10 F1=0.2106 Acc=0.2787 Labeled=900 QueryTime=0.1s GPU=131MB
2026-06-16 13:48:59,639 [INFO]   [gap_aware_entropy] Seed=42 R9/10 F1=0.2223 Acc=0.2967 Labeled=1000 QueryTime=0.3s GPU=131MB
2026-06-16 13:49:02,789 [INFO] 
--- Strategy: adaptive_gap_entropy ---
2026-06-16 13:49:05,270 [INFO]   [adaptive_gap_entropy] Seed=42 R1/10 F1=0.0733 Acc=0.1747 Labeled=200 QueryTime=0.0s GPU=74MB
2026-06-16 13:49:07,502 [INFO]   [adaptive_gap_entropy] Seed=42 R2/10 F1=0.0896 Acc=0.1817 Labeled=300 QueryTime=0.0s GPU=112MB
2026-06-16 13:49:10,302 [INFO]   [adaptive_gap_entropy] Seed=42 R3/10 F1=0.0763 Acc=0.1391 Labeled=400 QueryTime=0.1s GPU=131MB
2026-06-16 13:49:12,894 [INFO]   [adaptive_gap_entropy] Seed=42 R4/10 F1=0.0849 Acc=0.1415 Labeled=500 QueryTime=0.1s GPU=131MB
2026-06-16 13:49:15,822 [INFO]   [adaptive_gap_entropy] Seed=42 R5/10 F1=0.0616 Acc=0.1260 Labeled=600 QueryTime=0.1s GPU=131MB
2026-06-16 13:49:19,099 [INFO]   [adaptive_gap_entropy] Seed=42 R6/10 F1=0.1669 Acc=0.2291 Labeled=700 QueryTime=0.1s GPU=131MB
2026-06-16 13:49:22,226 [INFO]   [adaptive_gap_entropy] Seed=42 R7/10 F1=0.2156 Acc=0.2819 Labeled=800 QueryTime=0.2s GPU=131MB
2026-06-16 13:49:25,641 [INFO]   [adaptive_gap_entropy] Seed=42 R8/10 F1=0.2148 Acc=0.2866 Labeled=900 QueryTime=0.1s GPU=131MB
2026-06-16 13:49:28,668 [INFO]   [adaptive_gap_entropy] Seed=42 R9/10 F1=0.2225 Acc=0.3093 Labeled=1000 QueryTime=0.1s GPU=131MB
2026-06-16 13:49:31,743 [INFO] 
--- Full Supervised Baseline ---
2026-06-16 13:53:26,715 [INFO] Full Supervised: Acc=0.6192, F1=0.5815 (epochs=50, time=232.7s)
2026-06-16 13:53:27,649 [INFO] 
=== Results saved to C:\Users\28414\Desktop\机器学习—图像分类-期末汇报\output\v3_al\rho100 ===
2026-06-16 13:53:27,649 [INFO] 
Summary:
2026-06-16 13:53:27,649 [INFO] Strategy                 Final F1     ±std   p<0.05 vs Random
2026-06-16 13:53:27,649 [INFO] ------------------------------------------------------------
2026-06-16 13:53:27,649 [INFO] adaptive_gap_entropy       0.2404   0.0000                   
2026-06-16 13:53:27,649 [INFO] class_aware_entropy        0.2445   0.0000                   
2026-06-16 13:53:27,649 [INFO] gap_aware_entropy          0.2609   0.0000                   
2026-06-16 13:53:27,649 [INFO] Full Supervised            0.5815
2026-06-16 13:53:32,943 [INFO] === v8 Controlled-Fast AL+SSL Analysis: cifar10 ===
2026-06-16 13:53:32,943 [INFO] Budget: ultra_low, Model: simplecnn, Scheduler: True
2026-06-16 13:53:32,943 [INFO] Strategies: ['class_aware_entropy', 'gap_aware_entropy', 'adaptive_gap_entropy']
2026-06-16 13:53:32,944 [INFO] Seeds: [123]
2026-06-16 13:53:32,944 [INFO] Rounds: 10, Initial: 100, Query: 100
2026-06-16 13:53:32,944 [INFO] SSL: False, Method: flexmatch, t-SNE: False, Resume: False
2026-06-16 13:53:32,944 [INFO] Imbalance mode: max/min class count ratio = 100
2026-06-16 13:53:32,975 [INFO] Device: cuda
2026-06-16 13:53:44,613 [INFO] Imbalance filter (Exponential): 50000 -> 12406 training samples
2026-06-16 13:53:44,613 [INFO] 
--- Strategy: class_aware_entropy ---
2026-06-16 13:53:46,967 [INFO]   [class_aware_entropy] Seed=123 R1/10 F1=0.0550 Acc=0.1648 Labeled=200 QueryTime=0.0s GPU=74MB
2026-06-16 13:53:49,202 [INFO]   [class_aware_entropy] Seed=123 R2/10 F1=0.0891 Acc=0.1871 Labeled=300 QueryTime=0.0s GPU=111MB
2026-06-16 13:53:51,253 [INFO]   [class_aware_entropy] Seed=123 R3/10 F1=0.1096 Acc=0.2006 Labeled=400 QueryTime=0.0s GPU=131MB
2026-06-16 13:53:53,715 [INFO]   [class_aware_entropy] Seed=123 R4/10 F1=0.1084 Acc=0.2067 Labeled=500 QueryTime=0.1s GPU=131MB
2026-06-16 13:53:56,250 [INFO]   [class_aware_entropy] Seed=123 R5/10 F1=0.0921 Acc=0.1861 Labeled=600 QueryTime=0.1s GPU=131MB
2026-06-16 13:53:59,227 [INFO]   [class_aware_entropy] Seed=123 R6/10 F1=0.1218 Acc=0.2208 Labeled=700 QueryTime=0.2s GPU=131MB
2026-06-16 13:54:03,438 [INFO]   [class_aware_entropy] Seed=123 R7/10 F1=0.1139 Acc=0.2131 Labeled=800 QueryTime=0.2s GPU=131MB
2026-06-16 13:54:07,372 [INFO]   [class_aware_entropy] Seed=123 R8/10 F1=0.1453 Acc=0.2451 Labeled=900 QueryTime=0.1s GPU=131MB
2026-06-16 13:54:11,288 [INFO]   [class_aware_entropy] Seed=123 R9/10 F1=0.1542 Acc=0.2547 Labeled=1000 QueryTime=0.1s GPU=131MB
2026-06-16 13:54:14,219 [INFO] 
--- Strategy: gap_aware_entropy ---
2026-06-16 13:54:17,153 [INFO]   [gap_aware_entropy] Seed=123 R1/10 F1=0.0550 Acc=0.1648 Labeled=200 QueryTime=0.0s GPU=74MB
2026-06-16 13:54:19,403 [INFO]   [gap_aware_entropy] Seed=123 R2/10 F1=0.0798 Acc=0.1786 Labeled=300 QueryTime=0.0s GPU=112MB
2026-06-16 13:54:21,912 [INFO]   [gap_aware_entropy] Seed=123 R3/10 F1=0.1011 Acc=0.1993 Labeled=400 QueryTime=0.0s GPU=131MB
2026-06-16 13:54:24,604 [INFO]   [gap_aware_entropy] Seed=123 R4/10 F1=0.0996 Acc=0.2029 Labeled=500 QueryTime=0.1s GPU=131MB
2026-06-16 13:54:27,274 [INFO]   [gap_aware_entropy] Seed=123 R5/10 F1=0.0934 Acc=0.1932 Labeled=600 QueryTime=0.1s GPU=131MB
2026-06-16 13:54:30,318 [INFO]   [gap_aware_entropy] Seed=123 R6/10 F1=0.1235 Acc=0.2216 Labeled=700 QueryTime=0.2s GPU=131MB
2026-06-16 13:54:33,653 [INFO]   [gap_aware_entropy] Seed=123 R7/10 F1=0.1444 Acc=0.2383 Labeled=800 QueryTime=0.1s GPU=131MB
2026-06-16 13:54:37,414 [INFO]   [gap_aware_entropy] Seed=123 R8/10 F1=0.1764 Acc=0.2705 Labeled=900 QueryTime=0.1s GPU=131MB
2026-06-16 13:54:40,895 [INFO]   [gap_aware_entropy] Seed=123 R9/10 F1=0.2226 Acc=0.2998 Labeled=1000 QueryTime=0.1s GPU=131MB
2026-06-16 13:54:43,728 [INFO] 
--- Strategy: adaptive_gap_entropy ---
2026-06-16 13:54:46,867 [INFO]   [adaptive_gap_entropy] Seed=123 R1/10 F1=0.0550 Acc=0.1648 Labeled=200 QueryTime=0.0s GPU=74MB
2026-06-16 13:54:50,050 [INFO]   [adaptive_gap_entropy] Seed=123 R2/10 F1=0.0802 Acc=0.1786 Labeled=300 QueryTime=0.1s GPU=112MB
2026-06-16 13:54:54,230 [INFO]   [adaptive_gap_entropy] Seed=123 R3/10 F1=0.0937 Acc=0.1994 Labeled=400 QueryTime=0.1s GPU=131MB
2026-06-16 13:54:56,946 [INFO]   [adaptive_gap_entropy] Seed=123 R4/10 F1=0.0808 Acc=0.1785 Labeled=500 QueryTime=0.1s GPU=131MB
2026-06-16 13:54:59,678 [INFO]   [adaptive_gap_entropy] Seed=123 R5/10 F1=0.0858 Acc=0.1690 Labeled=600 QueryTime=0.1s GPU=131MB
2026-06-16 13:55:04,111 [INFO]   [adaptive_gap_entropy] Seed=123 R6/10 F1=0.1288 Acc=0.2313 Labeled=700 QueryTime=0.1s GPU=131MB
2026-06-16 13:55:08,672 [INFO]   [adaptive_gap_entropy] Seed=123 R7/10 F1=0.1272 Acc=0.2313 Labeled=800 QueryTime=0.2s GPU=131MB
2026-06-16 13:55:13,093 [INFO]   [adaptive_gap_entropy] Seed=123 R8/10 F1=0.1542 Acc=0.2518 Labeled=900 QueryTime=0.1s GPU=131MB
2026-06-16 13:55:16,720 [INFO]   [adaptive_gap_entropy] Seed=123 R9/10 F1=0.2000 Acc=0.2882 Labeled=1000 QueryTime=0.1s GPU=131MB
2026-06-16 13:55:19,639 [INFO] 
--- Full Supervised Baseline (reused from existing) ---
2026-06-16 13:55:19,639 [INFO] Full Supervised: Acc=0.6192, F1=0.5815
2026-06-16 13:55:20,358 [INFO] 
=== Results saved to C:\Users\28414\Desktop\机器学习—图像分类-期末汇报\output\v3_al\rho100 ===
2026-06-16 13:55:20,358 [INFO] 
Summary:
2026-06-16 13:55:20,358 [INFO] Strategy                 Final F1     ±std   p<0.05 vs Random
2026-06-16 13:55:20,358 [INFO] ------------------------------------------------------------
2026-06-16 13:55:20,358 [INFO] adaptive_gap_entropy       0.2186   0.0000                   
2026-06-16 13:55:20,358 [INFO] class_aware_entropy        0.1677   0.0000                   
2026-06-16 13:55:20,358 [INFO] gap_aware_entropy          0.2293   0.0000                   
2026-06-16 13:55:20,358 [INFO] Full Supervised            0.5815
2026-06-16 13:55:25,277 [INFO] === v8 Controlled-Fast AL+SSL Analysis: cifar10 ===
2026-06-16 13:55:25,277 [INFO] Budget: ultra_low, Model: simplecnn, Scheduler: True
2026-06-16 13:55:25,277 [INFO] Strategies: ['class_aware_entropy', 'gap_aware_entropy', 'adaptive_gap_entropy']
2026-06-16 13:55:25,277 [INFO] Seeds: [456]
2026-06-16 13:55:25,277 [INFO] Rounds: 10, Initial: 100, Query: 100
2026-06-16 13:55:25,277 [INFO] SSL: False, Method: flexmatch, t-SNE: False, Resume: False
2026-06-16 13:55:25,277 [INFO] Imbalance mode: max/min class count ratio = 100
2026-06-16 13:55:25,313 [INFO] Device: cuda
2026-06-16 13:55:36,990 [INFO] Imbalance filter (Exponential): 50000 -> 12406 training samples
2026-06-16 13:55:36,990 [INFO] 
--- Strategy: class_aware_entropy ---
2026-06-16 13:55:40,121 [INFO]   [class_aware_entropy] Seed=456 R1/10 F1=0.0712 Acc=0.1661 Labeled=200 QueryTime=0.0s GPU=74MB
2026-06-16 13:55:42,100 [INFO]   [class_aware_entropy] Seed=456 R2/10 F1=0.1042 Acc=0.2060 Labeled=300 QueryTime=0.0s GPU=111MB
2026-06-16 13:55:44,968 [INFO]   [class_aware_entropy] Seed=456 R3/10 F1=0.1550 Acc=0.2301 Labeled=400 QueryTime=0.0s GPU=131MB
2026-06-16 13:55:47,831 [INFO]   [class_aware_entropy] Seed=456 R4/10 F1=0.1129 Acc=0.1861 Labeled=500 QueryTime=0.1s GPU=131MB
2026-06-16 13:55:51,375 [INFO]   [class_aware_entropy] Seed=456 R5/10 F1=0.1396 Acc=0.2179 Labeled=600 QueryTime=0.1s GPU=131MB
2026-06-16 13:55:54,411 [INFO]   [class_aware_entropy] Seed=456 R6/10 F1=0.1885 Acc=0.2754 Labeled=700 QueryTime=0.1s GPU=131MB
2026-06-16 13:55:58,339 [INFO]   [class_aware_entropy] Seed=456 R7/10 F1=0.2096 Acc=0.2837 Labeled=800 QueryTime=0.2s GPU=131MB
2026-06-16 13:56:01,760 [INFO]   [class_aware_entropy] Seed=456 R8/10 F1=0.2107 Acc=0.2885 Labeled=900 QueryTime=0.1s GPU=131MB
2026-06-16 13:56:04,818 [INFO]   [class_aware_entropy] Seed=456 R9/10 F1=0.2310 Acc=0.3044 Labeled=1000 QueryTime=0.1s GPU=131MB
2026-06-16 13:56:08,218 [INFO] 
--- Strategy: gap_aware_entropy ---
2026-06-16 13:56:10,694 [INFO]   [gap_aware_entropy] Seed=456 R1/10 F1=0.0712 Acc=0.1661 Labeled=200 QueryTime=0.0s GPU=74MB
2026-06-16 13:56:13,142 [INFO]   [gap_aware_entropy] Seed=456 R2/10 F1=0.1042 Acc=0.2047 Labeled=300 QueryTime=0.1s GPU=112MB
2026-06-16 13:56:15,932 [INFO]   [gap_aware_entropy] Seed=456 R3/10 F1=0.1592 Acc=0.2369 Labeled=400 QueryTime=0.1s GPU=131MB
2026-06-16 13:56:18,551 [INFO]   [gap_aware_entropy] Seed=456 R4/10 F1=0.1259 Acc=0.2279 Labeled=500 QueryTime=0.1s GPU=131MB
2026-06-16 13:56:21,357 [INFO]   [gap_aware_entropy] Seed=456 R5/10 F1=0.1240 Acc=0.2169 Labeled=600 QueryTime=0.1s GPU=131MB
2026-06-16 13:56:24,946 [INFO]   [gap_aware_entropy] Seed=456 R6/10 F1=0.1904 Acc=0.2763 Labeled=700 QueryTime=0.2s GPU=131MB
2026-06-16 13:56:27,952 [INFO]   [gap_aware_entropy] Seed=456 R7/10 F1=0.2056 Acc=0.2800 Labeled=800 QueryTime=0.2s GPU=131MB
2026-06-16 13:56:32,509 [INFO]   [gap_aware_entropy] Seed=456 R8/10 F1=0.2198 Acc=0.3016 Labeled=900 QueryTime=0.3s GPU=131MB
2026-06-16 13:56:38,198 [INFO]   [gap_aware_entropy] Seed=456 R9/10 F1=0.2311 Acc=0.3047 Labeled=1000 QueryTime=0.3s GPU=131MB
2026-06-16 13:56:42,855 [INFO] 
--- Strategy: adaptive_gap_entropy ---
2026-06-16 13:56:46,317 [INFO]   [adaptive_gap_entropy] Seed=456 R1/10 F1=0.0712 Acc=0.1661 Labeled=200 QueryTime=0.0s GPU=74MB
2026-06-16 13:56:48,949 [INFO]   [adaptive_gap_entropy] Seed=456 R2/10 F1=0.1030 Acc=0.2030 Labeled=300 QueryTime=0.0s GPU=112MB
2026-06-16 13:56:51,875 [INFO]   [adaptive_gap_entropy] Seed=456 R3/10 F1=0.1575 Acc=0.2376 Labeled=400 QueryTime=0.0s GPU=131MB
2026-06-16 13:56:54,152 [INFO]   [adaptive_gap_entropy] Seed=456 R4/10 F1=0.1378 Acc=0.2171 Labeled=500 QueryTime=0.1s GPU=131MB
2026-06-16 13:56:56,487 [INFO]   [adaptive_gap_entropy] Seed=456 R5/10 F1=0.1667 Acc=0.2428 Labeled=600 QueryTime=0.1s GPU=131MB
2026-06-16 13:56:59,197 [INFO]   [adaptive_gap_entropy] Seed=456 R6/10 F1=0.1674 Acc=0.2557 Labeled=700 QueryTime=0.1s GPU=131MB
2026-06-16 13:57:02,503 [INFO]   [adaptive_gap_entropy] Seed=456 R7/10 F1=0.2174 Acc=0.2956 Labeled=800 QueryTime=0.1s GPU=131MB
2026-06-16 13:57:06,098 [INFO]   [adaptive_gap_entropy] Seed=456 R8/10 F1=0.2222 Acc=0.2947 Labeled=900 QueryTime=0.1s GPU=131MB
2026-06-16 13:57:09,420 [INFO]   [adaptive_gap_entropy] Seed=456 R9/10 F1=0.2182 Acc=0.3048 Labeled=1000 QueryTime=0.1s GPU=131MB
2026-06-16 13:57:12,068 [INFO] 
--- Full Supervised Baseline (reused from existing) ---
2026-06-16 13:57:12,068 [INFO] Full Supervised: Acc=0.6192, F1=0.5815
2026-06-16 13:57:12,684 [INFO] 
=== Results saved to C:\Users\28414\Desktop\机器学习—图像分类-期末汇报\output\v3_al\rho100 ===
2026-06-16 13:57:12,684 [INFO] 
Summary:
2026-06-16 13:57:12,684 [INFO] Strategy                 Final F1     ±std   p<0.05 vs Random
2026-06-16 13:57:12,684 [INFO] ------------------------------------------------------------
2026-06-16 13:57:12,684 [INFO] adaptive_gap_entropy       0.2397   0.0000                   
2026-06-16 13:57:12,685 [INFO] class_aware_entropy        0.2311   0.0000                   
2026-06-16 13:57:12,685 [INFO] gap_aware_entropy          0.2551   0.0000                   
2026-06-16 13:57:12,685 [INFO] Full Supervised            0.5815
