2026-06-20 14:14:53,325 [INFO] === v8 Controlled-Fast AL+SSL Analysis: cifar10 ===
2026-06-20 14:14:53,325 [INFO] Budget: ultra_low, Model: simplecnn, Scheduler: True
2026-06-20 14:14:53,325 [INFO] Strategies: ['class_aware_entropy_ssl', 'gap_aware_entropy_ssl']
2026-06-20 14:14:53,325 [INFO] Seeds: [42, 123, 456]
2026-06-20 14:14:53,325 [INFO] Rounds: 10, Initial: 100, Query: 100
2026-06-20 14:14:53,326 [INFO] SSL: True, Method: flexmatch, t-SNE: False, Resume: False
2026-06-20 14:14:53,326 [INFO] Imbalance mode: max/min class count ratio = 5
2026-06-20 14:14:53,442 [INFO] Device: cuda
2026-06-20 14:15:16,075 [INFO] Imbalance filter (Exponential): 50000 -> 25423 training samples
2026-06-20 14:15:16,076 [INFO] 
--- Strategy: class_aware_entropy_ssl ---
2026-06-20 14:15:26,104 [INFO]   [class_aware_entropy_ssl] Seed=42 R1/10 F1=0.0685 Acc=0.1341 Labeled=200 QueryTime=0.1s GPU=172MB SSL+0
2026-06-20 14:15:32,715 [INFO]   [class_aware_entropy_ssl] Seed=42 R2/10 F1=0.2165 Acc=0.2594 Labeled=300 QueryTime=0.0s GPU=210MB SSL+0
2026-06-20 14:15:39,961 [INFO]   [class_aware_entropy_ssl] Seed=42 R3/10 F1=0.2381 Acc=0.2764 Labeled=400 QueryTime=0.1s GPU=229MB SSL+3
2026-06-20 14:15:48,080 [INFO]   [class_aware_entropy_ssl] Seed=42 R4/10 F1=0.2600 Acc=0.2901 Labeled=500 QueryTime=0.1s GPU=229MB SSL+6
2026-06-20 14:15:55,007 [INFO]   [class_aware_entropy_ssl] Seed=42 R5/10 F1=0.3109 Acc=0.3463 Labeled=600 QueryTime=0.2s GPU=229MB SSL+6
2026-06-20 14:16:03,909 [INFO]   [class_aware_entropy_ssl] Seed=42 R6/10 F1=0.3271 Acc=0.3576 Labeled=700 QueryTime=0.1s GPU=229MB SSL+24
2026-06-20 14:16:13,120 [INFO]   [class_aware_entropy_ssl] Seed=42 R7/10 F1=0.3424 Acc=0.3736 Labeled=800 QueryTime=0.3s GPU=229MB SSL+38
2026-06-20 14:16:24,541 [INFO]   [class_aware_entropy_ssl] Seed=42 R8/10 F1=0.3503 Acc=0.3859 Labeled=900 QueryTime=0.2s GPU=229MB SSL+68
2026-06-20 14:16:34,159 [INFO]   [class_aware_entropy_ssl] Seed=42 R9/10 F1=0.4092 Acc=0.4275 Labeled=1000 QueryTime=0.2s GPU=229MB SSL+124
2026-06-20 14:16:49,315 [INFO]   [class_aware_entropy_ssl] Seed=123 R1/10 F1=0.0866 Acc=0.1552 Labeled=200 QueryTime=0.0s GPU=171MB SSL+0
2026-06-20 14:16:54,644 [INFO]   [class_aware_entropy_ssl] Seed=123 R2/10 F1=0.1293 Acc=0.2147 Labeled=300 QueryTime=0.0s GPU=208MB SSL+0
2026-06-20 14:17:00,562 [INFO]   [class_aware_entropy_ssl] Seed=123 R3/10 F1=0.1662 Acc=0.2331 Labeled=400 QueryTime=0.2s GPU=229MB SSL+4
2026-06-20 14:17:07,331 [INFO]   [class_aware_entropy_ssl] Seed=123 R4/10 F1=0.2270 Acc=0.2721 Labeled=500 QueryTime=0.2s GPU=229MB SSL+1
2026-06-20 14:17:14,821 [INFO]   [class_aware_entropy_ssl] Seed=123 R5/10 F1=0.2434 Acc=0.2960 Labeled=600 QueryTime=0.1s GPU=229MB SSL+5
2026-06-20 14:17:25,923 [INFO]   [class_aware_entropy_ssl] Seed=123 R6/10 F1=0.3227 Acc=0.3507 Labeled=700 QueryTime=0.4s GPU=229MB SSL+15
2026-06-20 14:17:39,353 [INFO]   [class_aware_entropy_ssl] Seed=123 R7/10 F1=0.3712 Acc=0.3884 Labeled=800 QueryTime=0.3s GPU=229MB SSL+25
2026-06-20 14:17:51,775 [INFO]   [class_aware_entropy_ssl] Seed=123 R8/10 F1=0.3810 Acc=0.4062 Labeled=900 QueryTime=0.1s GPU=229MB SSL+64
2026-06-20 14:18:03,247 [INFO]   [class_aware_entropy_ssl] Seed=123 R9/10 F1=0.4124 Acc=0.4367 Labeled=1000 QueryTime=0.2s GPU=229MB SSL+61
2026-06-20 14:18:18,479 [INFO]   [class_aware_entropy_ssl] Seed=456 R1/10 F1=0.0944 Acc=0.1635 Labeled=200 QueryTime=0.0s GPU=171MB SSL+0
2026-06-20 14:18:23,865 [INFO]   [class_aware_entropy_ssl] Seed=456 R2/10 F1=0.1477 Acc=0.2164 Labeled=300 QueryTime=0.1s GPU=208MB SSL+0
2026-06-20 14:18:29,801 [INFO]   [class_aware_entropy_ssl] Seed=456 R3/10 F1=0.2157 Acc=0.2734 Labeled=400 QueryTime=0.1s GPU=229MB SSL+0
2026-06-20 14:18:35,756 [INFO]   [class_aware_entropy_ssl] Seed=456 R4/10 F1=0.2292 Acc=0.2788 Labeled=500 QueryTime=0.1s GPU=229MB SSL+7
2026-06-20 14:18:40,914 [INFO]   [class_aware_entropy_ssl] Seed=456 R5/10 F1=0.2687 Acc=0.3062 Labeled=600 QueryTime=0.1s GPU=229MB SSL+8
2026-06-20 14:18:50,275 [INFO]   [class_aware_entropy_ssl] Seed=456 R6/10 F1=0.2975 Acc=0.3403 Labeled=700 QueryTime=0.2s GPU=229MB SSL+17
2026-06-20 14:19:00,689 [INFO]   [class_aware_entropy_ssl] Seed=456 R7/10 F1=0.2852 Acc=0.3426 Labeled=800 QueryTime=0.2s GPU=229MB SSL+55
2026-06-20 14:19:15,189 [INFO]   [class_aware_entropy_ssl] Seed=456 R8/10 F1=0.3187 Acc=0.3607 Labeled=900 QueryTime=0.3s GPU=229MB SSL+63
2026-06-20 14:19:27,521 [INFO]   [class_aware_entropy_ssl] Seed=456 R9/10 F1=0.3881 Acc=0.4095 Labeled=1000 QueryTime=0.3s GPU=229MB SSL+79
2026-06-20 14:19:38,569 [INFO] 
--- Strategy: gap_aware_entropy_ssl ---
2026-06-20 14:19:44,466 [INFO]   [gap_aware_entropy_ssl] Seed=42 R1/10 F1=0.0685 Acc=0.1341 Labeled=200 QueryTime=0.1s GPU=171MB SSL+0
2026-06-20 14:19:50,255 [INFO]   [gap_aware_entropy_ssl] Seed=42 R2/10 F1=0.2140 Acc=0.2603 Labeled=300 QueryTime=0.0s GPU=208MB SSL+0
2026-06-20 14:19:56,020 [INFO]   [gap_aware_entropy_ssl] Seed=42 R3/10 F1=0.2211 Acc=0.2653 Labeled=400 QueryTime=0.1s GPU=229MB SSL+6
2026-06-20 14:20:01,225 [INFO]   [gap_aware_entropy_ssl] Seed=42 R4/10 F1=0.2285 Acc=0.2721 Labeled=500 QueryTime=0.1s GPU=229MB SSL+5
2026-06-20 14:20:06,561 [INFO]   [gap_aware_entropy_ssl] Seed=42 R5/10 F1=0.2703 Acc=0.3041 Labeled=600 QueryTime=0.1s GPU=229MB SSL+12
2026-06-20 14:20:14,239 [INFO]   [gap_aware_entropy_ssl] Seed=42 R6/10 F1=0.3117 Acc=0.3480 Labeled=700 QueryTime=0.1s GPU=229MB SSL+37
2026-06-20 14:20:22,249 [INFO]   [gap_aware_entropy_ssl] Seed=42 R7/10 F1=0.3326 Acc=0.3690 Labeled=800 QueryTime=0.2s GPU=229MB SSL+67
2026-06-20 14:20:34,736 [INFO]   [gap_aware_entropy_ssl] Seed=42 R8/10 F1=0.3429 Acc=0.3831 Labeled=900 QueryTime=0.3s GPU=229MB SSL+76
2026-06-20 14:20:49,598 [INFO]   [gap_aware_entropy_ssl] Seed=42 R9/10 F1=0.3877 Acc=0.4174 Labeled=1000 QueryTime=0.3s GPU=229MB SSL+94
2026-06-20 14:21:07,059 [INFO]   [gap_aware_entropy_ssl] Seed=123 R1/10 F1=0.0866 Acc=0.1552 Labeled=200 QueryTime=0.0s GPU=171MB SSL+0
2026-06-20 14:21:14,020 [INFO]   [gap_aware_entropy_ssl] Seed=123 R2/10 F1=0.1147 Acc=0.1761 Labeled=300 QueryTime=0.1s GPU=208MB SSL+0
2026-06-20 14:21:20,569 [INFO]   [gap_aware_entropy_ssl] Seed=123 R3/10 F1=0.1875 Acc=0.2546 Labeled=400 QueryTime=0.1s GPU=229MB SSL+0
2026-06-20 14:21:26,698 [INFO]   [gap_aware_entropy_ssl] Seed=123 R4/10 F1=0.2081 Acc=0.2638 Labeled=500 QueryTime=0.1s GPU=229MB SSL+0
2026-06-20 14:21:32,423 [INFO]   [gap_aware_entropy_ssl] Seed=123 R5/10 F1=0.2578 Acc=0.2976 Labeled=600 QueryTime=0.1s GPU=229MB SSL+7
2026-06-20 14:21:40,907 [INFO]   [gap_aware_entropy_ssl] Seed=123 R6/10 F1=0.3332 Acc=0.3619 Labeled=700 QueryTime=0.3s GPU=229MB SSL+12
2026-06-20 14:21:48,162 [INFO]   [gap_aware_entropy_ssl] Seed=123 R7/10 F1=0.3531 Acc=0.3804 Labeled=800 QueryTime=0.2s GPU=229MB SSL+34
2026-06-20 14:21:57,827 [INFO]   [gap_aware_entropy_ssl] Seed=123 R8/10 F1=0.3762 Acc=0.3975 Labeled=900 QueryTime=0.3s GPU=229MB SSL+61
2026-06-20 14:22:07,377 [INFO]   [gap_aware_entropy_ssl] Seed=123 R9/10 F1=0.3998 Acc=0.4139 Labeled=1000 QueryTime=0.3s GPU=229MB SSL+131
2026-06-20 14:22:21,673 [INFO]   [gap_aware_entropy_ssl] Seed=456 R1/10 F1=0.0944 Acc=0.1635 Labeled=200 QueryTime=0.0s GPU=171MB SSL+0
2026-06-20 14:22:27,328 [INFO]   [gap_aware_entropy_ssl] Seed=456 R2/10 F1=0.1561 Acc=0.2353 Labeled=300 QueryTime=0.1s GPU=208MB SSL+0
2026-06-20 14:22:32,855 [INFO]   [gap_aware_entropy_ssl] Seed=456 R3/10 F1=0.1883 Acc=0.2460 Labeled=400 QueryTime=0.1s GPU=229MB SSL+0
2026-06-20 14:22:38,341 [INFO]   [gap_aware_entropy_ssl] Seed=456 R4/10 F1=0.2411 Acc=0.2882 Labeled=500 QueryTime=0.1s GPU=229MB SSL+5
2026-06-20 14:22:43,373 [INFO]   [gap_aware_entropy_ssl] Seed=456 R5/10 F1=0.2663 Acc=0.3031 Labeled=600 QueryTime=0.1s GPU=229MB SSL+8
2026-06-20 14:22:50,420 [INFO]   [gap_aware_entropy_ssl] Seed=456 R6/10 F1=0.3036 Acc=0.3453 Labeled=700 QueryTime=0.1s GPU=229MB SSL+35
2026-06-20 14:22:57,149 [INFO]   [gap_aware_entropy_ssl] Seed=456 R7/10 F1=0.3607 Acc=0.3857 Labeled=800 QueryTime=0.1s GPU=229MB SSL+15
2026-06-20 14:23:07,202 [INFO]   [gap_aware_entropy_ssl] Seed=456 R8/10 F1=0.3807 Acc=0.4019 Labeled=900 QueryTime=0.1s GPU=229MB SSL+78
2026-06-20 14:23:16,588 [INFO]   [gap_aware_entropy_ssl] Seed=456 R9/10 F1=0.4178 Acc=0.4243 Labeled=1000 QueryTime=0.1s GPU=229MB SSL+67
2026-06-20 14:23:24,993 [INFO] 
--- Full Supervised Baseline ---
