2026-06-14 17:54:39,443 [INFO] === v8 Controlled-Fast AL+SSL Analysis: cifar10 ===
2026-06-14 17:54:39,444 [INFO] Budget: ultra_low, Model: simplecnn, Scheduler: True
2026-06-14 17:54:39,444 [INFO] Strategies: ['entropy', 'class_aware_entropy']
2026-06-14 17:54:39,444 [INFO] Seeds: [42]
2026-06-14 17:54:39,444 [INFO] Rounds: 10, Initial: 100, Query: 100
2026-06-14 17:54:39,444 [INFO] SSL: True, Method: flexmatch, t-SNE: False, Resume: False
2026-06-14 17:54:39,444 [INFO] Imbalance mode: max/min class count ratio = 10
2026-06-14 17:54:39,467 [INFO] Device: cuda
2026-06-14 17:54:51,277 [INFO] Imbalance filter (Exponential): 50000 -> 20431 training samples
2026-06-14 17:54:51,286 [INFO] 
--- Strategy: entropy ---
2026-06-14 17:54:55,721 [INFO]   [entropy] Seed=42 R1/10 F1=0.0718 Acc=0.1321 Labeled=200 QueryTime=0.0s GPU=172MB SSL+0
2026-06-14 17:54:59,503 [INFO]   [entropy] Seed=42 R2/10 F1=0.1380 Acc=0.2267 Labeled=300 QueryTime=0.0s GPU=217MB SSL+17
2026-06-14 17:55:03,404 [INFO]   [entropy] Seed=42 R3/10 F1=0.1621 Acc=0.2301 Labeled=400 QueryTime=0.0s GPU=237MB SSL+49
2026-06-14 17:55:07,381 [INFO]   [entropy] Seed=42 R4/10 F1=0.1556 Acc=0.2128 Labeled=500 QueryTime=0.0s GPU=237MB SSL+42
2026-06-14 17:55:11,501 [INFO]   [entropy] Seed=42 R5/10 F1=0.2283 Acc=0.2766 Labeled=600 QueryTime=0.0s GPU=237MB SSL+33
2026-06-14 17:55:18,050 [INFO]   [entropy] Seed=42 R6/10 F1=0.2662 Acc=0.3214 Labeled=700 QueryTime=0.0s GPU=237MB SSL+62
2026-06-14 17:55:26,035 [INFO]   [entropy] Seed=42 R7/10 F1=0.2717 Acc=0.3165 Labeled=800 QueryTime=0.0s GPU=237MB SSL+140
2026-06-14 17:55:37,002 [INFO]   [entropy] Seed=42 R8/10 F1=0.3281 Acc=0.3636 Labeled=900 QueryTime=0.0s GPU=237MB SSL+148
2026-06-14 17:55:46,587 [INFO]   [entropy] Seed=42 R9/10 F1=0.3215 Acc=0.3648 Labeled=1000 QueryTime=0.0s GPU=237MB SSL+301
2026-06-14 17:55:56,022 [INFO] 
--- Strategy: class_aware_entropy ---
2026-06-14 17:55:59,446 [INFO]   [class_aware_entropy] Seed=42 R1/10 F1=0.0718 Acc=0.1321 Labeled=200 QueryTime=0.0s GPU=185MB SSL+0
2026-06-14 17:56:03,047 [INFO]   [class_aware_entropy] Seed=42 R2/10 F1=0.1689 Acc=0.2211 Labeled=300 QueryTime=0.0s GPU=221MB SSL+0
2026-06-14 17:56:06,833 [INFO]   [class_aware_entropy] Seed=42 R3/10 F1=0.1957 Acc=0.2517 Labeled=400 QueryTime=0.0s GPU=241MB SSL+52
2026-06-14 17:56:10,683 [INFO]   [class_aware_entropy] Seed=42 R4/10 F1=0.1942 Acc=0.2619 Labeled=500 QueryTime=0.1s GPU=241MB SSL+84
2026-06-14 17:56:16,964 [INFO]   [class_aware_entropy] Seed=42 R5/10 F1=0.2217 Acc=0.2876 Labeled=600 QueryTime=0.1s GPU=241MB SSL+65
2026-06-14 17:56:23,440 [INFO]   [class_aware_entropy] Seed=42 R6/10 F1=0.2775 Acc=0.3329 Labeled=700 QueryTime=0.1s GPU=241MB SSL+64
2026-06-14 17:56:29,985 [INFO]   [class_aware_entropy] Seed=42 R7/10 F1=0.2889 Acc=0.3381 Labeled=800 QueryTime=0.1s GPU=241MB SSL+130
2026-06-14 17:56:39,236 [INFO]   [class_aware_entropy] Seed=42 R8/10 F1=0.3464 Acc=0.3807 Labeled=900 QueryTime=0.1s GPU=241MB SSL+154
2026-06-14 17:56:48,647 [INFO]   [class_aware_entropy] Seed=42 R9/10 F1=0.3472 Acc=0.3881 Labeled=1000 QueryTime=0.1s GPU=241MB SSL+333
2026-06-14 17:57:00,002 [INFO] 
--- Full Supervised Baseline ---
2026-06-14 17:59:18,461 [INFO] Full Supervised: Acc=0.7260, F1=0.7202 (epochs=50, time=137.2s)
2026-06-14 17:59:18,840 [INFO] 
=== Results saved to C:\Users\28414\Desktop\机器学习—图像分类-期末汇报\output\progressive_ssl\03_innov_ssl ===
2026-06-14 17:59:18,841 [INFO] 
Summary:
2026-06-14 17:59:18,841 [INFO] Strategy                 Final F1     ±std   p<0.05 vs Random
2026-06-14 17:59:18,841 [INFO] ------------------------------------------------------------
2026-06-14 17:59:18,841 [INFO] class_aware_entropy        0.4049   0.0000                   
2026-06-14 17:59:18,841 [INFO] entropy                    0.3601   0.0000                   
2026-06-14 17:59:18,841 [INFO] Full Supervised            0.7202
