2026-06-20 15:34:32,814 [INFO] === v8 Controlled-Fast AL+SSL Analysis: cifar10 ===
2026-06-20 15:34:32,814 [INFO] Budget: ultra_low, Model: simplecnn, Scheduler: True
2026-06-20 15:34:32,814 [INFO] Strategies: ['class_aware_entropy_ssl', 'gap_aware_entropy_ssl']
2026-06-20 15:34:32,814 [INFO] Seeds: [42, 123, 456]
2026-06-20 15:34:32,814 [INFO] Rounds: 10, Initial: 100, Query: 100
2026-06-20 15:34:32,815 [INFO] SSL: True, Method: flexmatch, t-SNE: False, Resume: False
2026-06-20 15:34:32,815 [INFO] Imbalance mode: max/min class count ratio = 20
2026-06-20 15:34:32,915 [INFO] Device: cuda
2026-06-20 15:34:52,587 [INFO] Imbalance filter (Exponential): 50000 -> 17023 training samples
2026-06-20 15:34:52,587 [INFO] 
--- Strategy: class_aware_entropy_ssl ---
2026-06-20 15:35:02,614 [INFO]   [class_aware_entropy_ssl] Seed=42 R1/10 F1=0.0648 Acc=0.1451 Labeled=200 QueryTime=0.1s GPU=172MB SSL+0
2026-06-20 15:35:10,542 [INFO]   [class_aware_entropy_ssl] Seed=42 R2/10 F1=0.1341 Acc=0.2081 Labeled=300 QueryTime=0.1s GPU=210MB SSL+4
2026-06-20 15:35:17,776 [INFO]   [class_aware_entropy_ssl] Seed=42 R3/10 F1=0.1570 Acc=0.2284 Labeled=400 QueryTime=0.1s GPU=229MB SSL+3
2026-06-20 15:35:24,096 [INFO]   [class_aware_entropy_ssl] Seed=42 R4/10 F1=0.2000 Acc=0.2733 Labeled=500 QueryTime=0.1s GPU=229MB SSL+1
2026-06-20 15:35:30,913 [INFO]   [class_aware_entropy_ssl] Seed=42 R5/10 F1=0.2245 Acc=0.2931 Labeled=600 QueryTime=0.2s GPU=229MB SSL+6
2026-06-20 15:35:42,145 [INFO]   [class_aware_entropy_ssl] Seed=42 R6/10 F1=0.2271 Acc=0.2917 Labeled=700 QueryTime=0.2s GPU=229MB SSL+27
2026-06-20 15:35:51,932 [INFO]   [class_aware_entropy_ssl] Seed=42 R7/10 F1=0.2645 Acc=0.3225 Labeled=800 QueryTime=0.2s GPU=229MB SSL+34
2026-06-20 15:36:04,755 [INFO]   [class_aware_entropy_ssl] Seed=42 R8/10 F1=0.2864 Acc=0.3440 Labeled=900 QueryTime=0.4s GPU=229MB SSL+51
2026-06-20 15:36:17,734 [INFO]   [class_aware_entropy_ssl] Seed=42 R9/10 F1=0.2774 Acc=0.3455 Labeled=1000 QueryTime=0.3s GPU=229MB SSL+78
2026-06-20 15:36:34,750 [INFO]   [class_aware_entropy_ssl] Seed=123 R1/10 F1=0.0656 Acc=0.1416 Labeled=200 QueryTime=0.0s GPU=171MB SSL+0
2026-06-20 15:36:40,857 [INFO]   [class_aware_entropy_ssl] Seed=123 R2/10 F1=0.1258 Acc=0.2162 Labeled=300 QueryTime=0.1s GPU=208MB SSL+22
2026-06-20 15:36:47,076 [INFO]   [class_aware_entropy_ssl] Seed=123 R3/10 F1=0.1496 Acc=0.2226 Labeled=400 QueryTime=0.1s GPU=229MB SSL+16
2026-06-20 15:36:52,944 [INFO]   [class_aware_entropy_ssl] Seed=123 R4/10 F1=0.1833 Acc=0.2404 Labeled=500 QueryTime=0.1s GPU=229MB SSL+13
2026-06-20 15:36:58,832 [INFO]   [class_aware_entropy_ssl] Seed=123 R5/10 F1=0.1959 Acc=0.2725 Labeled=600 QueryTime=0.2s GPU=229MB SSL+29
2026-06-20 15:37:07,494 [INFO]   [class_aware_entropy_ssl] Seed=123 R6/10 F1=0.1928 Acc=0.2786 Labeled=700 QueryTime=0.2s GPU=229MB SSL+52
2026-06-20 15:37:16,150 [INFO]   [class_aware_entropy_ssl] Seed=123 R7/10 F1=0.2437 Acc=0.3090 Labeled=800 QueryTime=0.2s GPU=229MB SSL+57
2026-06-20 15:37:27,461 [INFO]   [class_aware_entropy_ssl] Seed=123 R8/10 F1=0.2938 Acc=0.3552 Labeled=900 QueryTime=0.3s GPU=229MB SSL+41
2026-06-20 15:37:38,669 [INFO]   [class_aware_entropy_ssl] Seed=123 R9/10 F1=0.3343 Acc=0.3763 Labeled=1000 QueryTime=0.3s GPU=229MB SSL+96
2026-06-20 15:37:54,368 [INFO]   [class_aware_entropy_ssl] Seed=456 R1/10 F1=0.1046 Acc=0.1712 Labeled=200 QueryTime=0.0s GPU=171MB SSL+0
2026-06-20 15:38:00,054 [INFO]   [class_aware_entropy_ssl] Seed=456 R2/10 F1=0.1523 Acc=0.2357 Labeled=300 QueryTime=0.1s GPU=208MB SSL+0
2026-06-20 15:38:05,944 [INFO]   [class_aware_entropy_ssl] Seed=456 R3/10 F1=0.1768 Acc=0.2515 Labeled=400 QueryTime=0.1s GPU=229MB SSL+9
2026-06-20 15:38:12,415 [INFO]   [class_aware_entropy_ssl] Seed=456 R4/10 F1=0.1926 Acc=0.2702 Labeled=500 QueryTime=0.2s GPU=229MB SSL+9
2026-06-20 15:38:19,164 [INFO]   [class_aware_entropy_ssl] Seed=456 R5/10 F1=0.1972 Acc=0.2791 Labeled=600 QueryTime=0.2s GPU=229MB SSL+26
2026-06-20 15:38:28,308 [INFO]   [class_aware_entropy_ssl] Seed=456 R6/10 F1=0.2176 Acc=0.3010 Labeled=700 QueryTime=0.2s GPU=229MB SSL+71
2026-06-20 15:38:37,131 [INFO]   [class_aware_entropy_ssl] Seed=456 R7/10 F1=0.2452 Acc=0.3058 Labeled=800 QueryTime=0.2s GPU=229MB SSL+48
2026-06-20 15:38:48,751 [INFO]   [class_aware_entropy_ssl] Seed=456 R8/10 F1=0.3226 Acc=0.3612 Labeled=900 QueryTime=0.3s GPU=229MB SSL+145
2026-06-20 15:39:00,752 [INFO]   [class_aware_entropy_ssl] Seed=456 R9/10 F1=0.3596 Acc=0.3929 Labeled=1000 QueryTime=0.3s GPU=229MB SSL+78
2026-06-20 15:39:11,619 [INFO] 
--- Strategy: gap_aware_entropy_ssl ---
2026-06-20 15:39:17,701 [INFO]   [gap_aware_entropy_ssl] Seed=42 R1/10 F1=0.0648 Acc=0.1451 Labeled=200 QueryTime=0.0s GPU=171MB SSL+0
2026-06-20 15:39:23,982 [INFO]   [gap_aware_entropy_ssl] Seed=42 R2/10 F1=0.1286 Acc=0.2074 Labeled=300 QueryTime=0.1s GPU=208MB SSL+2
2026-06-20 15:39:30,259 [INFO]   [gap_aware_entropy_ssl] Seed=42 R3/10 F1=0.1336 Acc=0.2217 Labeled=400 QueryTime=0.1s GPU=229MB SSL+2
2026-06-20 15:39:36,749 [INFO]   [gap_aware_entropy_ssl] Seed=42 R4/10 F1=0.1754 Acc=0.2421 Labeled=500 QueryTime=0.1s GPU=229MB SSL+0
2026-06-20 15:39:43,189 [INFO]   [gap_aware_entropy_ssl] Seed=42 R5/10 F1=0.1754 Acc=0.2578 Labeled=600 QueryTime=0.2s GPU=229MB SSL+10
2026-06-20 15:39:52,758 [INFO]   [gap_aware_entropy_ssl] Seed=42 R6/10 F1=0.2228 Acc=0.2906 Labeled=700 QueryTime=0.2s GPU=229MB SSL+14
2026-06-20 15:40:02,070 [INFO]   [gap_aware_entropy_ssl] Seed=42 R7/10 F1=0.2817 Acc=0.3404 Labeled=800 QueryTime=0.2s GPU=229MB SSL+33
2026-06-20 15:40:14,625 [INFO]   [gap_aware_entropy_ssl] Seed=42 R8/10 F1=0.3179 Acc=0.3693 Labeled=900 QueryTime=0.3s GPU=229MB SSL+97
2026-06-20 15:40:26,915 [INFO]   [gap_aware_entropy_ssl] Seed=42 R9/10 F1=0.3408 Acc=0.3849 Labeled=1000 QueryTime=0.3s GPU=229MB SSL+152
2026-06-20 15:40:44,299 [INFO]   [gap_aware_entropy_ssl] Seed=123 R1/10 F1=0.0656 Acc=0.1416 Labeled=200 QueryTime=0.0s GPU=171MB SSL+0
2026-06-20 15:40:50,774 [INFO]   [gap_aware_entropy_ssl] Seed=123 R2/10 F1=0.1253 Acc=0.2055 Labeled=300 QueryTime=0.1s GPU=208MB SSL+41
2026-06-20 15:40:56,884 [INFO]   [gap_aware_entropy_ssl] Seed=123 R3/10 F1=0.1509 Acc=0.2393 Labeled=400 QueryTime=0.1s GPU=229MB SSL+17
2026-06-20 15:41:03,284 [INFO]   [gap_aware_entropy_ssl] Seed=123 R4/10 F1=0.1572 Acc=0.2433 Labeled=500 QueryTime=0.1s GPU=229MB SSL+5
2026-06-20 15:41:09,774 [INFO]   [gap_aware_entropy_ssl] Seed=123 R5/10 F1=0.1703 Acc=0.2633 Labeled=600 QueryTime=0.2s GPU=229MB SSL+8
2026-06-20 15:41:18,708 [INFO]   [gap_aware_entropy_ssl] Seed=123 R6/10 F1=0.2021 Acc=0.2908 Labeled=700 QueryTime=0.2s GPU=229MB SSL+13
2026-06-20 15:41:28,003 [INFO]   [gap_aware_entropy_ssl] Seed=123 R7/10 F1=0.2485 Acc=0.3195 Labeled=800 QueryTime=0.2s GPU=229MB SSL+16
2026-06-20 15:41:40,203 [INFO]   [gap_aware_entropy_ssl] Seed=123 R8/10 F1=0.2557 Acc=0.3257 Labeled=900 QueryTime=0.3s GPU=229MB SSL+61
2026-06-20 15:41:52,166 [INFO]   [gap_aware_entropy_ssl] Seed=123 R9/10 F1=0.3098 Acc=0.3602 Labeled=1000 QueryTime=0.3s GPU=229MB SSL+116
2026-06-20 15:42:08,790 [INFO]   [gap_aware_entropy_ssl] Seed=456 R1/10 F1=0.1046 Acc=0.1712 Labeled=200 QueryTime=0.0s GPU=171MB SSL+0
2026-06-20 15:42:14,695 [INFO]   [gap_aware_entropy_ssl] Seed=456 R2/10 F1=0.1273 Acc=0.2213 Labeled=300 QueryTime=0.1s GPU=208MB SSL+11
2026-06-20 15:42:20,920 [INFO]   [gap_aware_entropy_ssl] Seed=456 R3/10 F1=0.1514 Acc=0.2442 Labeled=400 QueryTime=0.1s GPU=229MB SSL+25
2026-06-20 15:42:27,059 [INFO]   [gap_aware_entropy_ssl] Seed=456 R4/10 F1=0.1855 Acc=0.2692 Labeled=500 QueryTime=0.1s GPU=229MB SSL+9
2026-06-20 15:42:33,140 [INFO]   [gap_aware_entropy_ssl] Seed=456 R5/10 F1=0.1895 Acc=0.2686 Labeled=600 QueryTime=0.2s GPU=229MB SSL+24
2026-06-20 15:42:42,020 [INFO]   [gap_aware_entropy_ssl] Seed=456 R6/10 F1=0.2232 Acc=0.3006 Labeled=700 QueryTime=0.2s GPU=229MB SSL+31
2026-06-20 15:42:50,949 [INFO]   [gap_aware_entropy_ssl] Seed=456 R7/10 F1=0.2804 Acc=0.3299 Labeled=800 QueryTime=0.2s GPU=229MB SSL+20
2026-06-20 15:43:02,415 [INFO]   [gap_aware_entropy_ssl] Seed=456 R8/10 F1=0.2983 Acc=0.3442 Labeled=900 QueryTime=0.3s GPU=229MB SSL+138
2026-06-20 15:43:14,093 [INFO]   [gap_aware_entropy_ssl] Seed=456 R9/10 F1=0.3345 Acc=0.3715 Labeled=1000 QueryTime=0.3s GPU=229MB SSL+75
2026-06-20 15:43:24,744 [INFO] 
--- Full Supervised Baseline ---
