2026-06-14 03:47:55,401 [INFO] === v8 Controlled-Fast AL+SSL Analysis: cifar10 ===
2026-06-14 03:47:55,401 [INFO] Budget: ultra_low, Model: resnet18, Scheduler: True
2026-06-14 03:47:55,401 [INFO] Strategies: ['random', 'entropy', 'margin', 'coreset', 'badge', 'qbc', 'class_aware_entropy', 'gap_aware_entropy', 'adaptive_gap_entropy']
2026-06-14 03:47:55,401 [INFO] Seeds: [42, 123, 456]
2026-06-14 03:47:55,401 [INFO] Rounds: 10, Initial: 100, Query: 100
2026-06-14 03:47:55,401 [INFO] SSL: False, Method: flexmatch, t-SNE: False, Resume: False
2026-06-14 03:47:55,401 [INFO] Imbalance mode: max/min class count ratio = 1
2026-06-14 03:47:55,433 [INFO] Device: cuda
2026-06-14 03:48:04,598 [INFO] Imbalance filter (Exponential): 50000 -> 50000 training samples
2026-06-14 03:48:04,598 [INFO] 
--- Strategy: random ---
2026-06-14 03:48:06,706 [INFO]   [random] Seed=42 R1/10 F1=0.1629 Acc=0.2090 Labeled=200 QueryTime=0.0s GPU=236MB
2026-06-14 03:48:08,107 [INFO]   [random] Seed=42 R2/10 F1=0.2757 Acc=0.3041 Labeled=300 QueryTime=0.0s GPU=238MB
2026-06-14 03:48:09,527 [INFO]   [random] Seed=42 R3/10 F1=0.3413 Acc=0.3713 Labeled=400 QueryTime=0.0s GPU=253MB
2026-06-14 03:48:10,966 [INFO]   [random] Seed=42 R4/10 F1=0.3771 Acc=0.3918 Labeled=500 QueryTime=0.0s GPU=253MB
2026-06-14 03:48:12,383 [INFO]   [random] Seed=42 R5/10 F1=0.4096 Acc=0.4373 Labeled=600 QueryTime=0.0s GPU=253MB
2026-06-14 03:48:14,130 [INFO]   [random] Seed=42 R6/10 F1=0.4980 Acc=0.5067 Labeled=700 QueryTime=0.0s GPU=253MB
2026-06-14 03:48:16,002 [INFO]   [random] Seed=42 R7/10 F1=0.4971 Acc=0.5071 Labeled=800 QueryTime=0.0s GPU=253MB
2026-06-14 03:48:18,214 [INFO]   [random] Seed=42 R8/10 F1=0.5215 Acc=0.5256 Labeled=900 QueryTime=0.0s GPU=253MB
2026-06-14 03:48:20,333 [INFO]   [random] Seed=42 R9/10 F1=0.5618 Acc=0.5652 Labeled=1000 QueryTime=0.0s GPU=253MB
2026-06-14 03:48:24,227 [INFO]   [random] Seed=123 R1/10 F1=0.1889 Acc=0.2231 Labeled=200 QueryTime=0.0s GPU=238MB
2026-06-14 03:48:25,844 [INFO]   [random] Seed=123 R2/10 F1=0.2451 Acc=0.3114 Labeled=300 QueryTime=0.0s GPU=241MB
2026-06-14 03:48:27,512 [INFO]   [random] Seed=123 R3/10 F1=0.3928 Acc=0.4170 Labeled=400 QueryTime=0.0s GPU=251MB
2026-06-14 03:48:29,286 [INFO]   [random] Seed=123 R4/10 F1=0.3865 Acc=0.4005 Labeled=500 QueryTime=0.0s GPU=251MB
2026-06-14 03:48:30,823 [INFO]   [random] Seed=123 R5/10 F1=0.4661 Acc=0.4693 Labeled=600 QueryTime=0.0s GPU=251MB
2026-06-14 03:48:32,475 [INFO]   [random] Seed=123 R6/10 F1=0.4504 Acc=0.4681 Labeled=700 QueryTime=0.0s GPU=251MB
2026-06-14 03:48:34,224 [INFO]   [random] Seed=123 R7/10 F1=0.5024 Acc=0.5104 Labeled=800 QueryTime=0.0s GPU=251MB
2026-06-14 03:48:36,326 [INFO]   [random] Seed=123 R8/10 F1=0.5411 Acc=0.5412 Labeled=900 QueryTime=0.0s GPU=251MB
2026-06-14 03:48:38,425 [INFO]   [random] Seed=123 R9/10 F1=0.5678 Acc=0.5661 Labeled=1000 QueryTime=0.0s GPU=251MB
2026-06-14 03:48:42,717 [INFO]   [random] Seed=456 R1/10 F1=0.1706 Acc=0.2094 Labeled=200 QueryTime=0.0s GPU=238MB
2026-06-14 03:48:44,468 [INFO]   [random] Seed=456 R2/10 F1=0.3141 Acc=0.3273 Labeled=300 QueryTime=0.0s GPU=241MB
2026-06-14 03:48:46,139 [INFO]   [random] Seed=456 R3/10 F1=0.3768 Acc=0.3788 Labeled=400 QueryTime=0.0s GPU=251MB
2026-06-14 03:48:47,818 [INFO]   [random] Seed=456 R4/10 F1=0.3981 Acc=0.4138 Labeled=500 QueryTime=0.0s GPU=251MB
2026-06-14 03:48:49,446 [INFO]   [random] Seed=456 R5/10 F1=0.4222 Acc=0.4291 Labeled=600 QueryTime=0.0s GPU=251MB
2026-06-14 03:48:51,191 [INFO]   [random] Seed=456 R6/10 F1=0.4774 Acc=0.4814 Labeled=700 QueryTime=0.0s GPU=251MB
2026-06-14 03:48:53,066 [INFO]   [random] Seed=456 R7/10 F1=0.4684 Acc=0.4782 Labeled=800 QueryTime=0.0s GPU=251MB
2026-06-14 03:48:55,256 [INFO]   [random] Seed=456 R8/10 F1=0.4843 Acc=0.5051 Labeled=900 QueryTime=0.0s GPU=251MB
2026-06-14 03:48:57,511 [INFO]   [random] Seed=456 R9/10 F1=0.5535 Acc=0.5567 Labeled=1000 QueryTime=0.0s GPU=251MB
2026-06-14 03:48:59,562 [INFO] 
--- Strategy: entropy ---
2026-06-14 03:49:02,084 [INFO]   [entropy] Seed=42 R1/10 F1=0.1629 Acc=0.2090 Labeled=200 QueryTime=0.0s GPU=238MB
2026-06-14 03:49:04,321 [INFO]   [entropy] Seed=42 R2/10 F1=0.2221 Acc=0.2346 Labeled=300 QueryTime=0.0s GPU=241MB
2026-06-14 03:49:06,320 [INFO]   [entropy] Seed=42 R3/10 F1=0.2496 Acc=0.2735 Labeled=400 QueryTime=0.0s GPU=251MB
2026-06-14 03:49:08,391 [INFO]   [entropy] Seed=42 R4/10 F1=0.2844 Acc=0.3017 Labeled=500 QueryTime=0.0s GPU=251MB
2026-06-14 03:49:10,608 [INFO]   [entropy] Seed=42 R5/10 F1=0.3959 Acc=0.3986 Labeled=600 QueryTime=0.0s GPU=251MB
2026-06-14 03:49:12,996 [INFO]   [entropy] Seed=42 R6/10 F1=0.4440 Acc=0.4460 Labeled=700 QueryTime=0.0s GPU=251MB
2026-06-14 03:49:15,376 [INFO]   [entropy] Seed=42 R7/10 F1=0.4678 Acc=0.4729 Labeled=800 QueryTime=0.0s GPU=251MB
2026-06-14 03:49:18,783 [INFO]   [entropy] Seed=42 R8/10 F1=0.5193 Acc=0.5183 Labeled=900 QueryTime=0.0s GPU=251MB
2026-06-14 03:49:21,454 [INFO]   [entropy] Seed=42 R9/10 F1=0.5502 Acc=0.5494 Labeled=1000 QueryTime=0.0s GPU=251MB
2026-06-14 03:49:25,880 [INFO]   [entropy] Seed=123 R1/10 F1=0.1889 Acc=0.2231 Labeled=200 QueryTime=0.0s GPU=325MB
2026-06-14 03:49:27,974 [INFO]   [entropy] Seed=123 R2/10 F1=0.2559 Acc=0.2935 Labeled=300 QueryTime=0.0s GPU=329MB
2026-06-14 03:49:30,151 [INFO]   [entropy] Seed=123 R3/10 F1=0.2773 Acc=0.3096 Labeled=400 QueryTime=0.0s GPU=341MB
2026-06-14 03:49:32,212 [INFO]   [entropy] Seed=123 R4/10 F1=0.2976 Acc=0.3213 Labeled=500 QueryTime=0.0s GPU=342MB
2026-06-14 03:49:34,313 [INFO]   [entropy] Seed=123 R5/10 F1=0.3616 Acc=0.3746 Labeled=600 QueryTime=0.0s GPU=342MB
2026-06-14 03:49:36,857 [INFO]   [entropy] Seed=123 R6/10 F1=0.4162 Acc=0.4290 Labeled=700 QueryTime=0.0s GPU=342MB
2026-06-14 03:49:39,421 [INFO]   [entropy] Seed=123 R7/10 F1=0.4482 Acc=0.4596 Labeled=800 QueryTime=0.0s GPU=342MB
2026-06-14 03:49:42,390 [INFO]   [entropy] Seed=123 R8/10 F1=0.4894 Acc=0.4964 Labeled=900 QueryTime=0.0s GPU=342MB
2026-06-14 03:49:45,453 [INFO]   [entropy] Seed=123 R9/10 F1=0.5424 Acc=0.5477 Labeled=1000 QueryTime=0.0s GPU=342MB
2026-06-14 03:49:50,656 [INFO]   [entropy] Seed=456 R1/10 F1=0.1706 Acc=0.2094 Labeled=200 QueryTime=0.0s GPU=327MB
2026-06-14 03:49:52,741 [INFO]   [entropy] Seed=456 R2/10 F1=0.3279 Acc=0.3451 Labeled=300 QueryTime=0.0s GPU=327MB
2026-06-14 03:49:54,956 [INFO]   [entropy] Seed=456 R3/10 F1=0.3650 Acc=0.3887 Labeled=400 QueryTime=0.0s GPU=342MB
2026-06-14 03:49:56,974 [INFO]   [entropy] Seed=456 R4/10 F1=0.4184 Acc=0.4255 Labeled=500 QueryTime=0.0s GPU=342MB
2026-06-14 03:49:58,923 [INFO]   [entropy] Seed=456 R5/10 F1=0.3917 Acc=0.4009 Labeled=600 QueryTime=0.0s GPU=342MB
2026-06-14 03:50:01,430 [INFO]   [entropy] Seed=456 R6/10 F1=0.4835 Acc=0.4896 Labeled=700 QueryTime=0.0s GPU=342MB
2026-06-14 03:50:04,009 [INFO]   [entropy] Seed=456 R7/10 F1=0.4717 Acc=0.4802 Labeled=800 QueryTime=0.0s GPU=342MB
2026-06-14 03:50:06,723 [INFO]   [entropy] Seed=456 R8/10 F1=0.5056 Acc=0.5080 Labeled=900 QueryTime=0.0s GPU=342MB
2026-06-14 03:50:09,360 [INFO]   [entropy] Seed=456 R9/10 F1=0.5386 Acc=0.5423 Labeled=1000 QueryTime=0.0s GPU=342MB
2026-06-14 03:50:11,523 [INFO] 
--- Strategy: margin ---
2026-06-14 03:50:13,826 [INFO]   [margin] Seed=42 R1/10 F1=0.1629 Acc=0.2090 Labeled=200 QueryTime=0.0s GPU=413MB
2026-06-14 03:50:15,842 [INFO]   [margin] Seed=42 R2/10 F1=0.2879 Acc=0.3260 Labeled=300 QueryTime=0.0s GPU=417MB
2026-06-14 03:50:18,001 [INFO]   [margin] Seed=42 R3/10 F1=0.3631 Acc=0.3753 Labeled=400 QueryTime=0.0s GPU=429MB
2026-06-14 03:50:20,279 [INFO]   [margin] Seed=42 R4/10 F1=0.3810 Acc=0.4025 Labeled=500 QueryTime=0.0s GPU=429MB
2026-06-14 03:50:22,286 [INFO]   [margin] Seed=42 R5/10 F1=0.4071 Acc=0.4211 Labeled=600 QueryTime=0.0s GPU=429MB
2026-06-14 03:50:24,627 [INFO]   [margin] Seed=42 R6/10 F1=0.4432 Acc=0.4504 Labeled=700 QueryTime=0.0s GPU=429MB
2026-06-14 03:50:27,132 [INFO]   [margin] Seed=42 R7/10 F1=0.4695 Acc=0.4796 Labeled=800 QueryTime=0.0s GPU=429MB
2026-06-14 03:50:30,160 [INFO]   [margin] Seed=42 R8/10 F1=0.5226 Acc=0.5302 Labeled=900 QueryTime=0.0s GPU=429MB
2026-06-14 03:50:33,063 [INFO]   [margin] Seed=42 R9/10 F1=0.5589 Acc=0.5606 Labeled=1000 QueryTime=0.0s GPU=429MB
2026-06-14 03:50:37,799 [INFO]   [margin] Seed=123 R1/10 F1=0.1889 Acc=0.2231 Labeled=200 QueryTime=0.0s GPU=501MB
2026-06-14 03:50:39,742 [INFO]   [margin] Seed=123 R2/10 F1=0.2792 Acc=0.3100 Labeled=300 QueryTime=0.0s GPU=507MB
2026-06-14 03:50:41,857 [INFO]   [margin] Seed=123 R3/10 F1=0.3435 Acc=0.3571 Labeled=400 QueryTime=0.0s GPU=516MB
2026-06-14 03:50:44,050 [INFO]   [margin] Seed=123 R4/10 F1=0.4356 Acc=0.4441 Labeled=500 QueryTime=0.0s GPU=516MB
2026-06-14 03:50:46,120 [INFO]   [margin] Seed=123 R5/10 F1=0.4298 Acc=0.4436 Labeled=600 QueryTime=0.0s GPU=516MB
2026-06-14 03:50:48,310 [INFO]   [margin] Seed=123 R6/10 F1=0.4713 Acc=0.4790 Labeled=700 QueryTime=0.0s GPU=516MB
2026-06-14 03:50:50,600 [INFO]   [margin] Seed=123 R7/10 F1=0.5179 Acc=0.5266 Labeled=800 QueryTime=0.0s GPU=516MB
2026-06-14 03:50:53,402 [INFO]   [margin] Seed=123 R8/10 F1=0.5497 Acc=0.5514 Labeled=900 QueryTime=0.0s GPU=516MB
2026-06-14 03:50:56,249 [INFO]   [margin] Seed=123 R9/10 F1=0.5493 Acc=0.5475 Labeled=1000 QueryTime=0.0s GPU=516MB
2026-06-14 03:51:00,996 [INFO]   [margin] Seed=456 R1/10 F1=0.1706 Acc=0.2094 Labeled=200 QueryTime=0.0s GPU=593MB
2026-06-14 03:51:03,432 [INFO]   [margin] Seed=456 R2/10 F1=0.3318 Acc=0.3544 Labeled=300 QueryTime=0.0s GPU=598MB
2026-06-14 03:51:05,634 [INFO]   [margin] Seed=456 R3/10 F1=0.3784 Acc=0.3956 Labeled=400 QueryTime=0.0s GPU=606MB
2026-06-14 03:51:07,867 [INFO]   [margin] Seed=456 R4/10 F1=0.3888 Acc=0.4196 Labeled=500 QueryTime=0.0s GPU=606MB
2026-06-14 03:51:09,878 [INFO]   [margin] Seed=456 R5/10 F1=0.3980 Acc=0.4112 Labeled=600 QueryTime=0.0s GPU=606MB
2026-06-14 03:51:12,272 [INFO]   [margin] Seed=456 R6/10 F1=0.4417 Acc=0.4581 Labeled=700 QueryTime=0.0s GPU=606MB
2026-06-14 03:51:14,789 [INFO]   [margin] Seed=456 R7/10 F1=0.5142 Acc=0.5240 Labeled=800 QueryTime=0.0s GPU=606MB
2026-06-14 03:51:17,791 [INFO]   [margin] Seed=456 R8/10 F1=0.5486 Acc=0.5514 Labeled=900 QueryTime=0.0s GPU=606MB
2026-06-14 03:51:20,578 [INFO]   [margin] Seed=456 R9/10 F1=0.5442 Acc=0.5438 Labeled=1000 QueryTime=0.0s GPU=606MB
2026-06-14 03:51:22,830 [INFO] 
--- Strategy: coreset ---
2026-06-14 03:51:25,492 [INFO]   [coreset] Seed=42 R1/10 F1=0.1629 Acc=0.2090 Labeled=200 QueryTime=0.4s GPU=676MB
2026-06-14 03:51:28,245 [INFO]   [coreset] Seed=42 R2/10 F1=0.3103 Acc=0.3250 Labeled=300 QueryTime=0.7s GPU=685MB
2026-06-14 03:51:31,271 [INFO]   [coreset] Seed=42 R3/10 F1=0.2794 Acc=0.3078 Labeled=400 QueryTime=1.0s GPU=693MB
2026-06-14 03:51:34,967 [INFO]   [coreset] Seed=42 R4/10 F1=0.3698 Acc=0.3867 Labeled=500 QueryTime=1.4s GPU=693MB
2026-06-14 03:51:38,672 [INFO]   [coreset] Seed=42 R5/10 F1=0.3609 Acc=0.4048 Labeled=600 QueryTime=1.7s GPU=693MB
2026-06-14 03:51:42,974 [INFO]   [coreset] Seed=42 R6/10 F1=0.4546 Acc=0.4593 Labeled=700 QueryTime=2.1s GPU=693MB
2026-06-14 03:51:47,600 [INFO]   [coreset] Seed=42 R7/10 F1=0.4866 Acc=0.4878 Labeled=800 QueryTime=2.4s GPU=693MB
2026-06-14 03:51:52,970 [INFO]   [coreset] Seed=42 R8/10 F1=0.5276 Acc=0.5273 Labeled=900 QueryTime=2.7s GPU=693MB
2026-06-14 03:51:58,645 [INFO]   [coreset] Seed=42 R9/10 F1=0.5222 Acc=0.5306 Labeled=1000 QueryTime=3.1s GPU=693MB
2026-06-14 03:52:03,402 [INFO]   [coreset] Seed=123 R1/10 F1=0.1889 Acc=0.2231 Labeled=200 QueryTime=0.4s GPU=676MB
2026-06-14 03:52:06,297 [INFO]   [coreset] Seed=123 R2/10 F1=0.3115 Acc=0.3173 Labeled=300 QueryTime=0.8s GPU=685MB
2026-06-14 03:52:09,296 [INFO]   [coreset] Seed=123 R3/10 F1=0.3714 Acc=0.3928 Labeled=400 QueryTime=1.0s GPU=693MB
2026-06-14 03:52:12,955 [INFO]   [coreset] Seed=123 R4/10 F1=0.4092 Acc=0.4241 Labeled=500 QueryTime=1.4s GPU=693MB
2026-06-14 03:52:16,641 [INFO]   [coreset] Seed=123 R5/10 F1=0.4227 Acc=0.4454 Labeled=600 QueryTime=1.7s GPU=693MB
2026-06-14 03:52:21,015 [INFO]   [coreset] Seed=123 R6/10 F1=0.4698 Acc=0.4764 Labeled=700 QueryTime=2.2s GPU=693MB
2026-06-14 03:52:25,710 [INFO]   [coreset] Seed=123 R7/10 F1=0.4832 Acc=0.4880 Labeled=800 QueryTime=2.4s GPU=693MB
2026-06-14 03:52:30,842 [INFO]   [coreset] Seed=123 R8/10 F1=0.4719 Acc=0.4761 Labeled=900 QueryTime=2.6s GPU=693MB
2026-06-14 03:52:36,455 [INFO]   [coreset] Seed=123 R9/10 F1=0.5507 Acc=0.5513 Labeled=1000 QueryTime=3.1s GPU=693MB
2026-06-14 03:52:41,108 [INFO]   [coreset] Seed=456 R1/10 F1=0.1706 Acc=0.2094 Labeled=200 QueryTime=0.4s GPU=676MB
2026-06-14 03:52:43,958 [INFO]   [coreset] Seed=456 R2/10 F1=0.3268 Acc=0.3366 Labeled=300 QueryTime=0.7s GPU=685MB
2026-06-14 03:52:47,024 [INFO]   [coreset] Seed=456 R3/10 F1=0.3733 Acc=0.3895 Labeled=400 QueryTime=1.1s GPU=693MB
2026-06-14 03:52:50,636 [INFO]   [coreset] Seed=456 R4/10 F1=0.3747 Acc=0.3972 Labeled=500 QueryTime=1.5s GPU=693MB
2026-06-14 03:52:54,334 [INFO]   [coreset] Seed=456 R5/10 F1=0.4237 Acc=0.4266 Labeled=600 QueryTime=1.7s GPU=693MB
2026-06-14 03:52:58,657 [INFO]   [coreset] Seed=456 R6/10 F1=0.4659 Acc=0.4703 Labeled=700 QueryTime=2.1s GPU=693MB
2026-06-14 03:53:03,276 [INFO]   [coreset] Seed=456 R7/10 F1=0.4311 Acc=0.4446 Labeled=800 QueryTime=2.3s GPU=693MB
2026-06-14 03:53:08,666 [INFO]   [coreset] Seed=456 R8/10 F1=0.5175 Acc=0.5229 Labeled=900 QueryTime=2.8s GPU=693MB
2026-06-14 03:53:14,348 [INFO]   [coreset] Seed=456 R9/10 F1=0.5262 Acc=0.5273 Labeled=1000 QueryTime=3.0s GPU=693MB
2026-06-14 03:53:16,441 [INFO] 
--- Strategy: badge ---
2026-06-14 03:53:22,233 [INFO]   [badge] Seed=42 R1/10 F1=0.1629 Acc=0.2090 Labeled=200 QueryTime=3.5s GPU=676MB
2026-06-14 03:53:27,851 [INFO]   [badge] Seed=42 R2/10 F1=0.3036 Acc=0.3174 Labeled=300 QueryTime=3.6s GPU=685MB
2026-06-14 03:53:33,128 [INFO]   [badge] Seed=42 R3/10 F1=0.3651 Acc=0.3901 Labeled=400 QueryTime=3.3s GPU=693MB
2026-06-14 03:53:38,909 [INFO]   [badge] Seed=42 R4/10 F1=0.4298 Acc=0.4371 Labeled=500 QueryTime=3.7s GPU=693MB
2026-06-14 03:53:44,461 [INFO]   [badge] Seed=42 R5/10 F1=0.4559 Acc=0.4612 Labeled=600 QueryTime=3.5s GPU=693MB
2026-06-14 03:53:50,067 [INFO]   [badge] Seed=42 R6/10 F1=0.4556 Acc=0.4618 Labeled=700 QueryTime=3.4s GPU=693MB
2026-06-14 03:53:55,604 [INFO]   [badge] Seed=42 R7/10 F1=0.5195 Acc=0.5244 Labeled=800 QueryTime=3.4s GPU=693MB
2026-06-14 03:54:01,579 [INFO]   [badge] Seed=42 R8/10 F1=0.5351 Acc=0.5355 Labeled=900 QueryTime=3.4s GPU=693MB
2026-06-14 03:54:07,450 [INFO]   [badge] Seed=42 R9/10 F1=0.5561 Acc=0.5495 Labeled=1000 QueryTime=3.3s GPU=693MB
2026-06-14 03:54:14,777 [INFO]   [badge] Seed=123 R1/10 F1=0.1889 Acc=0.2231 Labeled=200 QueryTime=3.2s GPU=676MB
2026-06-14 03:54:20,232 [INFO]   [badge] Seed=123 R2/10 F1=0.2455 Acc=0.2916 Labeled=300 QueryTime=3.4s GPU=685MB
2026-06-14 03:54:25,585 [INFO]   [badge] Seed=123 R3/10 F1=0.3620 Acc=0.3761 Labeled=400 QueryTime=3.5s GPU=693MB
2026-06-14 03:54:31,091 [INFO]   [badge] Seed=123 R4/10 F1=0.4050 Acc=0.4152 Labeled=500 QueryTime=3.5s GPU=693MB
2026-06-14 03:54:36,475 [INFO]   [badge] Seed=123 R5/10 F1=0.4479 Acc=0.4618 Labeled=600 QueryTime=3.4s GPU=693MB
2026-06-14 03:54:41,989 [INFO]   [badge] Seed=123 R6/10 F1=0.4505 Acc=0.4552 Labeled=700 QueryTime=3.2s GPU=693MB
2026-06-14 03:54:47,736 [INFO]   [badge] Seed=123 R7/10 F1=0.5072 Acc=0.5140 Labeled=800 QueryTime=3.4s GPU=693MB
2026-06-14 03:54:53,818 [INFO]   [badge] Seed=123 R8/10 F1=0.5269 Acc=0.5202 Labeled=900 QueryTime=3.3s GPU=693MB
2026-06-14 03:54:59,653 [INFO]   [badge] Seed=123 R9/10 F1=0.5660 Acc=0.5656 Labeled=1000 QueryTime=3.4s GPU=693MB
2026-06-14 03:55:07,189 [INFO]   [badge] Seed=456 R1/10 F1=0.1706 Acc=0.2094 Labeled=200 QueryTime=3.4s GPU=502MB
2026-06-14 03:55:12,765 [INFO]   [badge] Seed=456 R2/10 F1=0.3254 Acc=0.3474 Labeled=300 QueryTime=3.6s GPU=506MB
2026-06-14 03:55:18,469 [INFO]   [badge] Seed=456 R3/10 F1=0.3910 Acc=0.4105 Labeled=400 QueryTime=3.5s GPU=516MB
2026-06-14 03:55:23,908 [INFO]   [badge] Seed=456 R4/10 F1=0.3954 Acc=0.4077 Labeled=500 QueryTime=3.4s GPU=516MB
2026-06-14 03:55:29,161 [INFO]   [badge] Seed=456 R5/10 F1=0.4310 Acc=0.4464 Labeled=600 QueryTime=3.3s GPU=516MB
2026-06-14 03:55:34,627 [INFO]   [badge] Seed=456 R6/10 F1=0.4483 Acc=0.4559 Labeled=700 QueryTime=3.3s GPU=516MB
2026-06-14 03:55:40,139 [INFO]   [badge] Seed=456 R7/10 F1=0.4712 Acc=0.4787 Labeled=800 QueryTime=3.3s GPU=516MB
2026-06-14 03:55:45,925 [INFO]   [badge] Seed=456 R8/10 F1=0.5570 Acc=0.5626 Labeled=900 QueryTime=3.3s GPU=516MB
2026-06-14 03:55:51,831 [INFO]   [badge] Seed=456 R9/10 F1=0.5696 Acc=0.5719 Labeled=1000 QueryTime=3.4s GPU=516MB
2026-06-14 03:55:53,892 [INFO] 
--- Strategy: qbc ---
2026-06-14 03:55:58,237 [INFO]   [qbc] Seed=42 R1/10 F1=0.1629 Acc=0.2090 Labeled=200 QueryTime=2.6s GPU=502MB
2026-06-14 03:56:01,579 [INFO]   [qbc] Seed=42 R2/10 F1=0.3033 Acc=0.3241 Labeled=300 QueryTime=1.7s GPU=689MB
2026-06-14 03:56:05,401 [INFO]   [qbc] Seed=42 R3/10 F1=0.3021 Acc=0.3296 Labeled=400 QueryTime=1.9s GPU=697MB
2026-06-14 03:56:08,201 [INFO]   [qbc] Seed=42 R4/10 F1=0.3851 Acc=0.3976 Labeled=500 QueryTime=1.1s GPU=698MB
2026-06-14 03:56:11,095 [INFO]   [qbc] Seed=42 R5/10 F1=0.4394 Acc=0.4448 Labeled=600 QueryTime=1.3s GPU=699MB
2026-06-14 03:56:14,640 [INFO]   [qbc] Seed=42 R6/10 F1=0.4593 Acc=0.4714 Labeled=700 QueryTime=1.5s GPU=699MB
2026-06-14 03:56:18,166 [INFO]   [qbc] Seed=42 R7/10 F1=0.5011 Acc=0.5066 Labeled=800 QueryTime=1.4s GPU=703MB
2026-06-14 03:56:22,167 [INFO]   [qbc] Seed=42 R8/10 F1=0.5582 Acc=0.5573 Labeled=900 QueryTime=1.6s GPU=700MB
2026-06-14 03:56:26,206 [INFO]   [qbc] Seed=42 R9/10 F1=0.5692 Acc=0.5723 Labeled=1000 QueryTime=1.7s GPU=697MB
2026-06-14 03:56:32,150 [INFO]   [qbc] Seed=123 R1/10 F1=0.1889 Acc=0.2231 Labeled=200 QueryTime=1.9s GPU=502MB
2026-06-14 03:56:35,352 [INFO]   [qbc] Seed=123 R2/10 F1=0.2226 Acc=0.2957 Labeled=300 QueryTime=1.3s GPU=689MB
2026-06-14 03:56:38,222 [INFO]   [qbc] Seed=123 R3/10 F1=0.3690 Acc=0.3832 Labeled=400 QueryTime=1.3s GPU=697MB
2026-06-14 03:56:41,332 [INFO]   [qbc] Seed=123 R4/10 F1=0.3758 Acc=0.3849 Labeled=500 QueryTime=1.3s GPU=698MB
2026-06-14 03:56:44,091 [INFO]   [qbc] Seed=123 R5/10 F1=0.3789 Acc=0.3960 Labeled=600 QueryTime=1.1s GPU=699MB
2026-06-14 03:56:47,407 [INFO]   [qbc] Seed=123 R6/10 F1=0.4827 Acc=0.4869 Labeled=700 QueryTime=1.4s GPU=699MB
2026-06-14 03:56:51,019 [INFO]   [qbc] Seed=123 R7/10 F1=0.4649 Acc=0.4690 Labeled=800 QueryTime=1.5s GPU=703MB
2026-06-14 03:56:54,892 [INFO]   [qbc] Seed=123 R8/10 F1=0.5331 Acc=0.5340 Labeled=900 QueryTime=1.6s GPU=700MB
2026-06-14 03:56:58,660 [INFO]   [qbc] Seed=123 R9/10 F1=0.5567 Acc=0.5550 Labeled=1000 QueryTime=1.5s GPU=697MB
2026-06-14 03:57:04,633 [INFO]   [qbc] Seed=456 R1/10 F1=0.1706 Acc=0.2094 Labeled=200 QueryTime=1.9s GPU=502MB
2026-06-14 03:57:07,328 [INFO]   [qbc] Seed=456 R2/10 F1=0.3215 Acc=0.3494 Labeled=300 QueryTime=1.1s GPU=689MB
2026-06-14 03:57:10,305 [INFO]   [qbc] Seed=456 R3/10 F1=0.4011 Acc=0.4185 Labeled=400 QueryTime=1.3s GPU=697MB
2026-06-14 03:57:13,580 [INFO]   [qbc] Seed=456 R4/10 F1=0.4013 Acc=0.4031 Labeled=500 QueryTime=1.3s GPU=698MB
2026-06-14 03:57:16,300 [INFO]   [qbc] Seed=456 R5/10 F1=0.4309 Acc=0.4422 Labeled=600 QueryTime=1.2s GPU=699MB
2026-06-14 03:57:19,734 [INFO]   [qbc] Seed=456 R6/10 F1=0.4403 Acc=0.4480 Labeled=700 QueryTime=1.4s GPU=699MB
2026-06-14 03:57:23,307 [INFO]   [qbc] Seed=456 R7/10 F1=0.4681 Acc=0.4813 Labeled=800 QueryTime=1.4s GPU=703MB
2026-06-14 03:57:27,533 [INFO]   [qbc] Seed=456 R8/10 F1=0.5362 Acc=0.5333 Labeled=900 QueryTime=1.8s GPU=700MB
2026-06-14 03:57:31,481 [INFO]   [qbc] Seed=456 R9/10 F1=0.5648 Acc=0.5660 Labeled=1000 QueryTime=1.6s GPU=697MB
2026-06-14 03:57:33,754 [INFO] 
--- Strategy: class_aware_entropy ---
2026-06-14 03:57:36,211 [INFO]   [class_aware_entropy] Seed=42 R1/10 F1=0.1629 Acc=0.2090 Labeled=200 QueryTime=0.0s GPU=414MB
2026-06-14 03:57:38,560 [INFO]   [class_aware_entropy] Seed=42 R2/10 F1=0.2698 Acc=0.2951 Labeled=300 QueryTime=0.0s GPU=417MB
2026-06-14 03:57:40,419 [INFO]   [class_aware_entropy] Seed=42 R3/10 F1=0.3402 Acc=0.3610 Labeled=400 QueryTime=0.0s GPU=429MB
2026-06-14 03:57:42,390 [INFO]   [class_aware_entropy] Seed=42 R4/10 F1=0.3532 Acc=0.3699 Labeled=500 QueryTime=0.1s GPU=429MB
2026-06-14 03:57:44,613 [INFO]   [class_aware_entropy] Seed=42 R5/10 F1=0.3944 Acc=0.4031 Labeled=600 QueryTime=0.1s GPU=429MB
2026-06-14 03:57:46,793 [INFO]   [class_aware_entropy] Seed=42 R6/10 F1=0.4381 Acc=0.4528 Labeled=700 QueryTime=0.1s GPU=429MB
2026-06-14 03:57:49,289 [INFO]   [class_aware_entropy] Seed=42 R7/10 F1=0.4167 Acc=0.4299 Labeled=800 QueryTime=0.1s GPU=429MB
2026-06-14 03:57:52,023 [INFO]   [class_aware_entropy] Seed=42 R8/10 F1=0.5004 Acc=0.5043 Labeled=900 QueryTime=0.1s GPU=429MB
2026-06-14 03:57:54,702 [INFO]   [class_aware_entropy] Seed=42 R9/10 F1=0.5316 Acc=0.5371 Labeled=1000 QueryTime=0.1s GPU=429MB
2026-06-14 03:57:59,340 [INFO]   [class_aware_entropy] Seed=123 R1/10 F1=0.1889 Acc=0.2231 Labeled=200 QueryTime=0.0s GPU=414MB
2026-06-14 03:58:01,251 [INFO]   [class_aware_entropy] Seed=123 R2/10 F1=0.3287 Acc=0.3585 Labeled=300 QueryTime=0.0s GPU=417MB
2026-06-14 03:58:03,269 [INFO]   [class_aware_entropy] Seed=123 R3/10 F1=0.3762 Acc=0.3944 Labeled=400 QueryTime=0.1s GPU=429MB
2026-06-14 03:58:05,370 [INFO]   [class_aware_entropy] Seed=123 R4/10 F1=0.4074 Acc=0.4181 Labeled=500 QueryTime=0.1s GPU=429MB
2026-06-14 03:58:07,217 [INFO]   [class_aware_entropy] Seed=123 R5/10 F1=0.4160 Acc=0.4329 Labeled=600 QueryTime=0.1s GPU=429MB
2026-06-14 03:58:09,328 [INFO]   [class_aware_entropy] Seed=123 R6/10 F1=0.4699 Acc=0.4725 Labeled=700 QueryTime=0.1s GPU=429MB
2026-06-14 03:58:11,633 [INFO]   [class_aware_entropy] Seed=123 R7/10 F1=0.4987 Acc=0.5076 Labeled=800 QueryTime=0.1s GPU=341MB
2026-06-14 03:58:14,250 [INFO]   [class_aware_entropy] Seed=123 R8/10 F1=0.5090 Acc=0.5135 Labeled=900 QueryTime=0.1s GPU=341MB
2026-06-14 03:58:17,065 [INFO]   [class_aware_entropy] Seed=123 R9/10 F1=0.5457 Acc=0.5475 Labeled=1000 QueryTime=0.1s GPU=341MB
2026-06-14 03:58:21,661 [INFO]   [class_aware_entropy] Seed=456 R1/10 F1=0.1706 Acc=0.2094 Labeled=200 QueryTime=0.0s GPU=326MB
2026-06-14 03:58:23,443 [INFO]   [class_aware_entropy] Seed=456 R2/10 F1=0.3104 Acc=0.3254 Labeled=300 QueryTime=0.0s GPU=332MB
2026-06-14 03:58:25,344 [INFO]   [class_aware_entropy] Seed=456 R3/10 F1=0.3532 Acc=0.3703 Labeled=400 QueryTime=0.0s GPU=341MB
2026-06-14 03:58:27,494 [INFO]   [class_aware_entropy] Seed=456 R4/10 F1=0.4295 Acc=0.4350 Labeled=500 QueryTime=0.1s GPU=341MB
2026-06-14 03:58:29,491 [INFO]   [class_aware_entropy] Seed=456 R5/10 F1=0.4161 Acc=0.4320 Labeled=600 QueryTime=0.1s GPU=341MB
2026-06-14 03:58:31,800 [INFO]   [class_aware_entropy] Seed=456 R6/10 F1=0.4603 Acc=0.4725 Labeled=700 QueryTime=0.1s GPU=341MB
2026-06-14 03:58:34,177 [INFO]   [class_aware_entropy] Seed=456 R7/10 F1=0.4087 Acc=0.4194 Labeled=800 QueryTime=0.1s GPU=341MB
2026-06-14 03:58:36,827 [INFO]   [class_aware_entropy] Seed=456 R8/10 F1=0.5214 Acc=0.5228 Labeled=900 QueryTime=0.1s GPU=341MB
2026-06-14 03:58:39,523 [INFO]   [class_aware_entropy] Seed=456 R9/10 F1=0.5143 Acc=0.5145 Labeled=1000 QueryTime=0.1s GPU=341MB
2026-06-14 03:58:42,024 [INFO] 
--- Strategy: gap_aware_entropy ---
2026-06-14 03:58:44,398 [INFO]   [gap_aware_entropy] Seed=42 R1/10 F1=0.1629 Acc=0.2090 Labeled=200 QueryTime=0.0s GPU=326MB
2026-06-14 03:58:46,320 [INFO]   [gap_aware_entropy] Seed=42 R2/10 F1=0.3016 Acc=0.3146 Labeled=300 QueryTime=0.0s GPU=332MB
2026-06-14 03:58:48,385 [INFO]   [gap_aware_entropy] Seed=42 R3/10 F1=0.3622 Acc=0.3775 Labeled=400 QueryTime=0.0s GPU=341MB
2026-06-14 03:58:50,585 [INFO]   [gap_aware_entropy] Seed=42 R4/10 F1=0.4199 Acc=0.4269 Labeled=500 QueryTime=0.1s GPU=341MB
2026-06-14 03:58:52,812 [INFO]   [gap_aware_entropy] Seed=42 R5/10 F1=0.4527 Acc=0.4556 Labeled=600 QueryTime=0.1s GPU=341MB
2026-06-14 03:58:54,905 [INFO]   [gap_aware_entropy] Seed=42 R6/10 F1=0.4492 Acc=0.4576 Labeled=700 QueryTime=0.1s GPU=341MB
2026-06-14 03:58:57,539 [INFO]   [gap_aware_entropy] Seed=42 R7/10 F1=0.4537 Acc=0.4602 Labeled=800 QueryTime=0.2s GPU=341MB
2026-06-14 03:59:00,272 [INFO]   [gap_aware_entropy] Seed=42 R8/10 F1=0.4908 Acc=0.4935 Labeled=900 QueryTime=0.1s GPU=341MB
2026-06-14 03:59:03,019 [INFO]   [gap_aware_entropy] Seed=42 R9/10 F1=0.5288 Acc=0.5294 Labeled=1000 QueryTime=0.1s GPU=341MB
2026-06-14 03:59:07,383 [INFO]   [gap_aware_entropy] Seed=123 R1/10 F1=0.1889 Acc=0.2231 Labeled=200 QueryTime=0.0s GPU=326MB
2026-06-14 03:59:09,527 [INFO]   [gap_aware_entropy] Seed=123 R2/10 F1=0.2769 Acc=0.3037 Labeled=300 QueryTime=0.0s GPU=332MB
2026-06-14 03:59:11,409 [INFO]   [gap_aware_entropy] Seed=123 R3/10 F1=0.3439 Acc=0.3643 Labeled=400 QueryTime=0.0s GPU=341MB
2026-06-14 03:59:13,327 [INFO]   [gap_aware_entropy] Seed=123 R4/10 F1=0.3697 Acc=0.3779 Labeled=500 QueryTime=0.1s GPU=341MB
2026-06-14 03:59:15,414 [INFO]   [gap_aware_entropy] Seed=123 R5/10 F1=0.4106 Acc=0.4157 Labeled=600 QueryTime=0.1s GPU=341MB
2026-06-14 03:59:17,811 [INFO]   [gap_aware_entropy] Seed=123 R6/10 F1=0.4642 Acc=0.4698 Labeled=700 QueryTime=0.1s GPU=341MB
2026-06-14 03:59:20,300 [INFO]   [gap_aware_entropy] Seed=123 R7/10 F1=0.4939 Acc=0.5049 Labeled=800 QueryTime=0.1s GPU=341MB
2026-06-14 03:59:23,010 [INFO]   [gap_aware_entropy] Seed=123 R8/10 F1=0.5302 Acc=0.5373 Labeled=900 QueryTime=0.1s GPU=341MB
2026-06-14 03:59:25,788 [INFO]   [gap_aware_entropy] Seed=123 R9/10 F1=0.5472 Acc=0.5426 Labeled=1000 QueryTime=0.1s GPU=341MB
2026-06-14 03:59:30,366 [INFO]   [gap_aware_entropy] Seed=456 R1/10 F1=0.1706 Acc=0.2094 Labeled=200 QueryTime=0.0s GPU=326MB
2026-06-14 03:59:32,284 [INFO]   [gap_aware_entropy] Seed=456 R2/10 F1=0.2867 Acc=0.3105 Labeled=300 QueryTime=0.0s GPU=332MB
2026-06-14 03:59:34,333 [INFO]   [gap_aware_entropy] Seed=456 R3/10 F1=0.3929 Acc=0.4105 Labeled=400 QueryTime=0.0s GPU=341MB
2026-06-14 03:59:36,349 [INFO]   [gap_aware_entropy] Seed=456 R4/10 F1=0.4153 Acc=0.4250 Labeled=500 QueryTime=0.1s GPU=341MB
2026-06-14 03:59:38,552 [INFO]   [gap_aware_entropy] Seed=456 R5/10 F1=0.4574 Acc=0.4643 Labeled=600 QueryTime=0.1s GPU=341MB
2026-06-14 03:59:40,939 [INFO]   [gap_aware_entropy] Seed=456 R6/10 F1=0.5064 Acc=0.5113 Labeled=700 QueryTime=0.1s GPU=341MB
2026-06-14 03:59:43,235 [INFO]   [gap_aware_entropy] Seed=456 R7/10 F1=0.4895 Acc=0.5020 Labeled=800 QueryTime=0.1s GPU=341MB
2026-06-14 03:59:46,035 [INFO]   [gap_aware_entropy] Seed=456 R8/10 F1=0.5524 Acc=0.5564 Labeled=900 QueryTime=0.1s GPU=341MB
2026-06-14 03:59:48,774 [INFO]   [gap_aware_entropy] Seed=456 R9/10 F1=0.5643 Acc=0.5657 Labeled=1000 QueryTime=0.1s GPU=341MB
2026-06-14 03:59:51,213 [INFO] 
--- Strategy: adaptive_gap_entropy ---
2026-06-14 03:59:53,619 [INFO]   [adaptive_gap_entropy] Seed=42 R1/10 F1=0.1629 Acc=0.2090 Labeled=200 QueryTime=0.0s GPU=326MB
2026-06-14 03:59:55,480 [INFO]   [adaptive_gap_entropy] Seed=42 R2/10 F1=0.2639 Acc=0.2723 Labeled=300 QueryTime=0.0s GPU=332MB
2026-06-14 03:59:57,427 [INFO]   [adaptive_gap_entropy] Seed=42 R3/10 F1=0.3801 Acc=0.3887 Labeled=400 QueryTime=0.0s GPU=341MB
2026-06-14 03:59:59,319 [INFO]   [adaptive_gap_entropy] Seed=42 R4/10 F1=0.3894 Acc=0.3992 Labeled=500 QueryTime=0.1s GPU=341MB
2026-06-14 04:00:01,411 [INFO]   [adaptive_gap_entropy] Seed=42 R5/10 F1=0.3915 Acc=0.3977 Labeled=600 QueryTime=0.1s GPU=341MB
2026-06-14 04:00:03,935 [INFO]   [adaptive_gap_entropy] Seed=42 R6/10 F1=0.4728 Acc=0.4864 Labeled=700 QueryTime=0.1s GPU=341MB
2026-06-14 04:00:06,389 [INFO]   [adaptive_gap_entropy] Seed=42 R7/10 F1=0.4602 Acc=0.4662 Labeled=800 QueryTime=0.1s GPU=341MB
2026-06-14 04:00:09,094 [INFO]   [adaptive_gap_entropy] Seed=42 R8/10 F1=0.5213 Acc=0.5307 Labeled=900 QueryTime=0.1s GPU=341MB
2026-06-14 04:00:11,836 [INFO]   [adaptive_gap_entropy] Seed=42 R9/10 F1=0.5200 Acc=0.5181 Labeled=1000 QueryTime=0.1s GPU=341MB
2026-06-14 04:00:16,384 [INFO]   [adaptive_gap_entropy] Seed=123 R1/10 F1=0.1889 Acc=0.2231 Labeled=200 QueryTime=0.0s GPU=326MB
2026-06-14 04:00:18,467 [INFO]   [adaptive_gap_entropy] Seed=123 R2/10 F1=0.2850 Acc=0.3101 Labeled=300 QueryTime=0.0s GPU=332MB
2026-06-14 04:00:20,352 [INFO]   [adaptive_gap_entropy] Seed=123 R3/10 F1=0.3267 Acc=0.3430 Labeled=400 QueryTime=0.0s GPU=341MB
2026-06-14 04:00:22,446 [INFO]   [adaptive_gap_entropy] Seed=123 R4/10 F1=0.3643 Acc=0.3865 Labeled=500 QueryTime=0.1s GPU=341MB
2026-06-14 04:00:24,628 [INFO]   [adaptive_gap_entropy] Seed=123 R5/10 F1=0.4333 Acc=0.4435 Labeled=600 QueryTime=0.1s GPU=341MB
2026-06-14 04:00:26,785 [INFO]   [adaptive_gap_entropy] Seed=123 R6/10 F1=0.4755 Acc=0.4740 Labeled=700 QueryTime=0.1s GPU=341MB
2026-06-14 04:00:29,136 [INFO]   [adaptive_gap_entropy] Seed=123 R7/10 F1=0.4440 Acc=0.4577 Labeled=800 QueryTime=0.1s GPU=341MB
2026-06-14 04:00:31,763 [INFO]   [adaptive_gap_entropy] Seed=123 R8/10 F1=0.5421 Acc=0.5495 Labeled=900 QueryTime=0.1s GPU=341MB
2026-06-14 04:00:34,532 [INFO]   [adaptive_gap_entropy] Seed=123 R9/10 F1=0.5541 Acc=0.5537 Labeled=1000 QueryTime=0.1s GPU=341MB
2026-06-14 04:00:39,024 [INFO]   [adaptive_gap_entropy] Seed=456 R1/10 F1=0.1706 Acc=0.2094 Labeled=200 QueryTime=0.0s GPU=326MB
2026-06-14 04:00:41,135 [INFO]   [adaptive_gap_entropy] Seed=456 R2/10 F1=0.3160 Acc=0.3337 Labeled=300 QueryTime=0.0s GPU=332MB
2026-06-14 04:00:43,059 [INFO]   [adaptive_gap_entropy] Seed=456 R3/10 F1=0.3348 Acc=0.3601 Labeled=400 QueryTime=0.0s GPU=341MB
2026-06-14 04:00:44,976 [INFO]   [adaptive_gap_entropy] Seed=456 R4/10 F1=0.3864 Acc=0.4073 Labeled=500 QueryTime=0.1s GPU=341MB
2026-06-14 04:00:47,173 [INFO]   [adaptive_gap_entropy] Seed=456 R5/10 F1=0.4684 Acc=0.4780 Labeled=600 QueryTime=0.1s GPU=341MB
2026-06-14 04:00:49,581 [INFO]   [adaptive_gap_entropy] Seed=456 R6/10 F1=0.4914 Acc=0.4983 Labeled=700 QueryTime=0.1s GPU=341MB
2026-06-14 04:00:52,048 [INFO]   [adaptive_gap_entropy] Seed=456 R7/10 F1=0.4935 Acc=0.4978 Labeled=800 QueryTime=0.1s GPU=341MB
2026-06-14 04:00:54,727 [INFO]   [adaptive_gap_entropy] Seed=456 R8/10 F1=0.5545 Acc=0.5546 Labeled=900 QueryTime=0.1s GPU=341MB
2026-06-14 04:00:57,724 [INFO]   [adaptive_gap_entropy] Seed=456 R9/10 F1=0.5296 Acc=0.5337 Labeled=1000 QueryTime=0.1s GPU=341MB
2026-06-14 04:01:00,022 [INFO] 
--- Full Supervised Baseline ---
2026-06-14 04:11:17,822 [INFO] Full Supervised: Acc=0.8831, F1=0.8830 (epochs=50, time=616.4s)
2026-06-14 04:11:18,637 [INFO] 
=== Results saved to C:\Users\28414\Desktop\机器学习—图像分类-期末汇报\output\resnet18_full\rho1 ===
2026-06-14 04:11:18,637 [INFO] 
Summary:
2026-06-14 04:11:18,637 [INFO] Strategy                 Final F1     ±std   p<0.05 vs Random
2026-06-14 04:11:18,637 [INFO] ------------------------------------------------------------
2026-06-14 04:11:18,637 [INFO] adaptive_gap_entropy       0.5533   0.0029                  x
2026-06-14 04:11:18,637 [INFO] badge                      0.5702   0.0052                   
2026-06-14 04:11:18,637 [INFO] class_aware_entropy        0.5268   0.0060                  x
2026-06-14 04:11:18,637 [INFO] coreset                    0.5412   0.0116                   
2026-06-14 04:11:18,637 [INFO] entropy                    0.5255   0.0152                   
2026-06-14 04:11:18,637 [INFO] gap_aware_entropy          0.5603   0.0098                   
2026-06-14 04:11:18,637 [INFO] margin                     0.5686   0.0073                   
2026-06-14 04:11:18,637 [INFO] qbc                        0.5680   0.0054                   
2026-06-14 04:11:18,637 [INFO] random                     0.5660   0.0043                   
2026-06-14 04:11:18,637 [INFO] Full Supervised            0.8830
2026-06-14 04:11:18,637 [INFO] 
Statistical Tests (selected):
2026-06-14 04:11:18,637 [INFO]   adaptive_gap_entropy vs badge: diff=-0.0169, p=0.0434*, d=-3.986 (large)
2026-06-14 04:11:18,637 [INFO]   adaptive_gap_entropy vs random: diff=-0.0127, p=0.0132*, d=-3.453 (large)
2026-06-14 04:11:18,637 [INFO]   badge vs class_aware_entropy: diff=+0.0433, p=0.0214*, d=7.701 (large)
2026-06-14 04:11:18,637 [INFO]   class_aware_entropy vs gap_aware_entropy: diff=-0.0335, p=0.0084**, d=-4.132 (large)
2026-06-14 04:11:18,637 [INFO]   class_aware_entropy vs margin: diff=-0.0418, p=0.0018**, d=-6.271 (large)
2026-06-14 04:11:18,637 [INFO]   class_aware_entropy vs qbc: diff=-0.0412, p=0.0229*, d=-7.231 (large)
2026-06-14 04:11:18,637 [INFO]   class_aware_entropy vs random: diff=-0.0391, p=0.0315*, d=-7.500 (large)
2026-06-14 04:11:18,637 [INFO]   coreset vs gap_aware_entropy: diff=-0.0191, p=0.0364*, d=-1.779 (large)
2026-06-14 04:11:18,638 [INFO]   entropy vs gap_aware_entropy: diff=-0.0348, p=0.0140*, d=-2.727 (large)
2026-06-14 04:11:18,638 [INFO]   entropy vs margin: diff=-0.0431, p=0.0336*, d=-3.621 (large)
