2026-06-13 14:14:37,366 [INFO] === v8 Controlled-Fast AL+SSL Analysis: cifar100 ===
2026-06-13 14:14:37,366 [INFO] Budget: ultra_low, Model: simplecnn, Scheduler: True
2026-06-13 14:14:37,367 [INFO] Strategies: ['random', 'entropy', 'margin', 'coreset', 'badge', 'qbc']
2026-06-13 14:14:37,367 [INFO] Seeds: [42]
2026-06-13 14:14:37,367 [INFO] Rounds: 10, Initial: 100, Query: 100
2026-06-13 14:14:37,367 [INFO] SSL: True, Method: flexmatch, t-SNE: False, Resume: False
2026-06-13 14:14:37,367 [INFO] Imbalance mode: max/min class count ratio = 10
2026-06-13 14:14:37,420 [INFO] Device: cuda
2026-06-13 14:14:46,174 [INFO] Imbalance filter (Exponential): 50000 -> 19573 training samples
2026-06-13 14:14:46,183 [INFO] 
--- Strategy: random ---
2026-06-13 14:14:50,367 [INFO]   [random] Seed=42 R1/10 F1=0.0015 Acc=0.0154 Labeled=200 QueryTime=0.0s GPU=173MB SSL+0
2026-06-13 14:14:53,412 [INFO]   [random] Seed=42 R2/10 F1=0.0084 Acc=0.0319 Labeled=300 QueryTime=0.0s GPU=210MB SSL+0
2026-06-13 14:14:56,209 [INFO]   [random] Seed=42 R3/10 F1=0.0138 Acc=0.0408 Labeled=400 QueryTime=0.0s GPU=230MB SSL+0
2026-06-13 14:14:59,025 [INFO]   [random] Seed=42 R4/10 F1=0.0204 Acc=0.0529 Labeled=500 QueryTime=0.0s GPU=230MB SSL+0
2026-06-13 14:15:01,737 [INFO]   [random] Seed=42 R5/10 F1=0.0227 Acc=0.0593 Labeled=600 QueryTime=0.0s GPU=230MB SSL+0
2026-06-13 14:15:05,928 [INFO]   [random] Seed=42 R6/10 F1=0.0343 Acc=0.0707 Labeled=700 QueryTime=0.0s GPU=230MB SSL+1
2026-06-13 14:15:10,141 [INFO]   [random] Seed=42 R7/10 F1=0.0399 Acc=0.0828 Labeled=800 QueryTime=0.0s GPU=230MB SSL+5
2026-06-13 14:15:15,763 [INFO]   [random] Seed=42 R8/10 F1=0.0512 Acc=0.0927 Labeled=900 QueryTime=0.0s GPU=230MB SSL+13
2026-06-13 14:15:21,559 [INFO]   [random] Seed=42 R9/10 F1=0.0641 Acc=0.1044 Labeled=1000 QueryTime=0.0s GPU=230MB SSL+11
2026-06-13 14:15:27,352 [INFO] 
--- Strategy: entropy ---
2026-06-13 14:15:30,571 [INFO]   [entropy] Seed=42 R1/10 F1=0.0015 Acc=0.0154 Labeled=200 QueryTime=0.0s GPU=172MB SSL+0
2026-06-13 14:15:33,828 [INFO]   [entropy] Seed=42 R2/10 F1=0.0068 Acc=0.0276 Labeled=300 QueryTime=0.0s GPU=218MB SSL+0
2026-06-13 14:15:36,886 [INFO]   [entropy] Seed=42 R3/10 F1=0.0168 Acc=0.0389 Labeled=400 QueryTime=0.0s GPU=238MB SSL+0
2026-06-13 14:15:39,986 [INFO]   [entropy] Seed=42 R4/10 F1=0.0185 Acc=0.0415 Labeled=500 QueryTime=0.0s GPU=238MB SSL+0
2026-06-13 14:15:43,239 [INFO]   [entropy] Seed=42 R5/10 F1=0.0193 Acc=0.0447 Labeled=600 QueryTime=0.0s GPU=238MB SSL+0
2026-06-13 14:15:47,952 [INFO]   [entropy] Seed=42 R6/10 F1=0.0255 Acc=0.0495 Labeled=700 QueryTime=0.0s GPU=238MB SSL+0
2026-06-13 14:15:52,633 [INFO]   [entropy] Seed=42 R7/10 F1=0.0352 Acc=0.0590 Labeled=800 QueryTime=0.0s GPU=238MB SSL+0
2026-06-13 14:15:58,878 [INFO]   [entropy] Seed=42 R8/10 F1=0.0457 Acc=0.0689 Labeled=900 QueryTime=0.0s GPU=238MB SSL+0
2026-06-13 14:16:04,938 [INFO]   [entropy] Seed=42 R9/10 F1=0.0537 Acc=0.0784 Labeled=1000 QueryTime=0.0s GPU=238MB SSL+0
2026-06-13 14:16:10,572 [INFO] 
--- Strategy: margin ---
2026-06-13 14:16:13,532 [INFO]   [margin] Seed=42 R1/10 F1=0.0015 Acc=0.0154 Labeled=200 QueryTime=0.0s GPU=186MB SSL+0
2026-06-13 14:16:16,517 [INFO]   [margin] Seed=42 R2/10 F1=0.0067 Acc=0.0341 Labeled=300 QueryTime=0.0s GPU=232MB SSL+0
2026-06-13 14:16:19,772 [INFO]   [margin] Seed=42 R3/10 F1=0.0135 Acc=0.0414 Labeled=400 QueryTime=0.0s GPU=251MB SSL+0
2026-06-13 14:16:22,836 [INFO]   [margin] Seed=42 R4/10 F1=0.0202 Acc=0.0499 Labeled=500 QueryTime=0.0s GPU=250MB SSL+0
2026-06-13 14:16:26,078 [INFO]   [margin] Seed=42 R5/10 F1=0.0265 Acc=0.0556 Labeled=600 QueryTime=0.0s GPU=250MB SSL+0
2026-06-13 14:16:30,685 [INFO]   [margin] Seed=42 R6/10 F1=0.0307 Acc=0.0688 Labeled=700 QueryTime=0.0s GPU=251MB SSL+2
2026-06-13 14:16:35,337 [INFO]   [margin] Seed=42 R7/10 F1=0.0404 Acc=0.0755 Labeled=800 QueryTime=0.0s GPU=251MB SSL+3
2026-06-13 14:16:41,390 [INFO]   [margin] Seed=42 R8/10 F1=0.0497 Acc=0.0863 Labeled=900 QueryTime=0.0s GPU=251MB SSL+0
2026-06-13 14:16:47,411 [INFO]   [margin] Seed=42 R9/10 F1=0.0559 Acc=0.0955 Labeled=1000 QueryTime=0.0s GPU=251MB SSL+11
2026-06-13 14:16:52,951 [INFO] 
--- Strategy: coreset ---
2026-06-13 14:16:58,393 [INFO]   [coreset] Seed=42 R1/10 F1=0.0015 Acc=0.0154 Labeled=200 QueryTime=2.7s GPU=203MB SSL+0
2026-06-13 14:17:05,562 [INFO]   [coreset] Seed=42 R2/10 F1=0.0064 Acc=0.0291 Labeled=300 QueryTime=4.0s GPU=237MB SSL+0
2026-06-13 14:17:14,014 [INFO]   [coreset] Seed=42 R3/10 F1=0.0158 Acc=0.0459 Labeled=400 QueryTime=5.3s GPU=259MB SSL+0
2026-06-13 14:17:23,782 [INFO]   [coreset] Seed=42 R4/10 F1=0.0152 Acc=0.0461 Labeled=500 QueryTime=6.6s GPU=259MB SSL+0
2026-06-13 14:17:35,015 [INFO]   [coreset] Seed=42 R5/10 F1=0.0205 Acc=0.0506 Labeled=600 QueryTime=8.0s GPU=259MB SSL+0
2026-06-13 14:17:48,866 [INFO]   [coreset] Seed=42 R6/10 F1=0.0265 Acc=0.0581 Labeled=700 QueryTime=9.4s GPU=259MB SSL+0
2026-06-13 14:18:03,998 [INFO]   [coreset] Seed=42 R7/10 F1=0.0340 Acc=0.0655 Labeled=800 QueryTime=10.8s GPU=259MB SSL+0
2026-06-13 14:18:21,980 [INFO]   [coreset] Seed=42 R8/10 F1=0.0435 Acc=0.0765 Labeled=900 QueryTime=12.1s GPU=259MB SSL+3
2026-06-13 14:18:41,302 [INFO]   [coreset] Seed=42 R9/10 F1=0.0527 Acc=0.0850 Labeled=1000 QueryTime=13.2s GPU=259MB SSL+14
2026-06-13 14:18:46,842 [INFO] 
--- Strategy: badge ---
2026-06-13 14:21:15,478 [INFO]   [badge] Seed=42 R1/10 F1=0.0015 Acc=0.0154 Labeled=200 QueryTime=145.8s GPU=173MB SSL+0
2026-06-13 14:23:41,568 [INFO]   [badge] Seed=42 R2/10 F1=0.0088 Acc=0.0330 Labeled=300 QueryTime=143.3s GPU=208MB SSL+0
2026-06-13 14:26:07,202 [INFO]   [badge] Seed=42 R3/10 F1=0.0124 Acc=0.0492 Labeled=400 QueryTime=142.8s GPU=230MB SSL+0
2026-06-13 14:28:41,987 [INFO]   [badge] Seed=42 R4/10 F1=0.0162 Acc=0.0511 Labeled=500 QueryTime=152.0s GPU=230MB SSL+0
2026-06-13 14:31:07,567 [INFO]   [badge] Seed=42 R5/10 F1=0.0204 Acc=0.0598 Labeled=600 QueryTime=142.5s GPU=230MB SSL+0
2026-06-13 14:33:35,723 [INFO]   [badge] Seed=42 R6/10 F1=0.0302 Acc=0.0704 Labeled=700 QueryTime=143.9s GPU=230MB SSL+0
2026-06-13 14:36:06,906 [INFO]   [badge] Seed=42 R7/10 F1=0.0395 Acc=0.0804 Labeled=800 QueryTime=146.8s GPU=230MB SSL+8
2026-06-13 14:38:41,175 [INFO]   [badge] Seed=42 R8/10 F1=0.0516 Acc=0.0943 Labeled=900 QueryTime=148.3s GPU=230MB SSL+21
2026-06-13 14:41:12,681 [INFO]   [badge] Seed=42 R9/10 F1=0.0613 Acc=0.1041 Labeled=1000 QueryTime=145.7s GPU=230MB SSL+15
2026-06-13 14:41:18,127 [INFO] 
--- Strategy: qbc ---
2026-06-13 14:41:22,153 [INFO]   [qbc] Seed=42 R1/10 F1=0.0015 Acc=0.0154 Labeled=200 QueryTime=1.6s GPU=173MB SSL+0
2026-06-13 14:41:25,913 [INFO]   [qbc] Seed=42 R2/10 F1=0.0102 Acc=0.0292 Labeled=300 QueryTime=1.3s GPU=223MB SSL+0
2026-06-13 14:41:29,746 [INFO]   [qbc] Seed=42 R3/10 F1=0.0152 Acc=0.0452 Labeled=400 QueryTime=1.3s GPU=243MB SSL+0
2026-06-13 14:41:33,813 [INFO]   [qbc] Seed=42 R4/10 F1=0.0221 Acc=0.0560 Labeled=500 QueryTime=1.3s GPU=244MB SSL+0
2026-06-13 14:41:37,663 [INFO]   [qbc] Seed=42 R5/10 F1=0.0278 Acc=0.0570 Labeled=600 QueryTime=1.3s GPU=243MB SSL+0
2026-06-13 14:41:43,203 [INFO]   [qbc] Seed=42 R6/10 F1=0.0311 Acc=0.0667 Labeled=700 QueryTime=1.4s GPU=244MB SSL+2
2026-06-13 14:41:48,593 [INFO]   [qbc] Seed=42 R7/10 F1=0.0403 Acc=0.0783 Labeled=800 QueryTime=1.5s GPU=245MB SSL+0
2026-06-13 14:41:55,470 [INFO]   [qbc] Seed=42 R8/10 F1=0.0506 Acc=0.0887 Labeled=900 QueryTime=1.5s GPU=243MB SSL+15
2026-06-13 14:42:02,524 [INFO]   [qbc] Seed=42 R9/10 F1=0.0572 Acc=0.0973 Labeled=1000 QueryTime=1.6s GPU=244MB SSL+13
2026-06-13 14:42:08,193 [INFO] 
--- Full Supervised Baseline ---
2026-06-13 14:46:36,368 [INFO] Full Supervised: Acc=0.4363, F1=0.4144 (epochs=50, time=267.0s)
2026-06-13 14:46:37,054 [INFO] 
=== Results saved to C:\Users\28414\Desktop\机器学习—图像分类-期末汇报\output\cifar100\al_ssl\rho10 ===
2026-06-13 14:46:37,055 [INFO] 
Summary:
2026-06-13 14:46:37,055 [INFO] Strategy                 Final F1     ±std   p<0.05 vs Random
2026-06-13 14:46:37,055 [INFO] ------------------------------------------------------------
2026-06-13 14:46:37,056 [INFO] badge                      0.0732   0.0000                   
2026-06-13 14:46:37,056 [INFO] coreset                    0.0542   0.0000                   
2026-06-13 14:46:37,056 [INFO] entropy                    0.0604   0.0000                   
2026-06-13 14:46:37,056 [INFO] margin                     0.0687   0.0000                   
2026-06-13 14:46:37,056 [INFO] qbc                        0.0635   0.0000                   
2026-06-13 14:46:37,057 [INFO] random                     0.0730   0.0000                   
2026-06-13 14:46:37,057 [INFO] Full Supervised            0.4144
2026-06-14 11:39:25,030 [INFO] === v8 Controlled-Fast AL+SSL Analysis: cifar100 ===
2026-06-14 11:39:25,031 [INFO] Budget: ultra_low, Model: simplecnn, Scheduler: True
2026-06-14 11:39:25,031 [INFO] Strategies: ['random', 'entropy', 'margin', 'coreset', 'badge', 'qbc']
2026-06-14 11:39:25,031 [INFO] Seeds: [789]
2026-06-14 11:39:25,031 [INFO] Rounds: 10, Initial: 100, Query: 100
2026-06-14 11:39:25,031 [INFO] SSL: True, Method: flexmatch, t-SNE: False, Resume: False
2026-06-14 11:39:25,031 [INFO] Imbalance mode: max/min class count ratio = 10
2026-06-14 11:39:25,121 [INFO] Device: cuda
2026-06-14 11:39:45,248 [INFO] Imbalance filter (Exponential): 50000 -> 19573 training samples
2026-06-14 11:39:45,248 [INFO] 
--- Strategy: random ---
2026-06-14 11:39:52,117 [INFO]   [random] Seed=789 R1/10 F1=0.0024 Acc=0.0213 Labeled=200 QueryTime=0.0s GPU=173MB SSL+0
2026-06-14 11:39:57,516 [INFO]   [random] Seed=789 R2/10 F1=0.0073 Acc=0.0277 Labeled=300 QueryTime=0.0s GPU=210MB SSL+0
2026-06-14 11:40:02,563 [INFO]   [random] Seed=789 R3/10 F1=0.0155 Acc=0.0485 Labeled=400 QueryTime=0.0s GPU=230MB SSL+0
2026-06-14 11:40:07,275 [INFO]   [random] Seed=789 R4/10 F1=0.0212 Acc=0.0553 Labeled=500 QueryTime=0.0s GPU=230MB SSL+0
2026-06-14 11:40:12,241 [INFO]   [random] Seed=789 R5/10 F1=0.0270 Acc=0.0662 Labeled=600 QueryTime=0.0s GPU=230MB SSL+0
2026-06-14 11:40:18,490 [INFO]   [random] Seed=789 R6/10 F1=0.0362 Acc=0.0768 Labeled=700 QueryTime=0.0s GPU=230MB SSL+5
2026-06-14 11:40:25,043 [INFO]   [random] Seed=789 R7/10 F1=0.0440 Acc=0.0853 Labeled=800 QueryTime=0.0s GPU=230MB SSL+1
2026-06-14 11:40:33,187 [INFO]   [random] Seed=789 R8/10 F1=0.0542 Acc=0.0944 Labeled=900 QueryTime=0.0s GPU=230MB SSL+10
2026-06-14 11:40:41,100 [INFO]   [random] Seed=789 R9/10 F1=0.0705 Acc=0.1101 Labeled=1000 QueryTime=0.0s GPU=230MB SSL+17
2026-06-14 11:40:49,094 [INFO] 
--- Strategy: entropy ---
2026-06-14 11:40:55,504 [INFO]   [entropy] Seed=789 R1/10 F1=0.0024 Acc=0.0213 Labeled=200 QueryTime=0.0s GPU=172MB SSL+0
2026-06-14 11:41:01,532 [INFO]   [entropy] Seed=789 R2/10 F1=0.0120 Acc=0.0382 Labeled=300 QueryTime=0.0s GPU=218MB SSL+0
2026-06-14 11:41:07,820 [INFO]   [entropy] Seed=789 R3/10 F1=0.0136 Acc=0.0382 Labeled=400 QueryTime=0.0s GPU=238MB SSL+0
2026-06-14 11:41:13,896 [INFO]   [entropy] Seed=789 R4/10 F1=0.0166 Acc=0.0462 Labeled=500 QueryTime=0.0s GPU=238MB SSL+0
2026-06-14 11:41:19,905 [INFO]   [entropy] Seed=789 R5/10 F1=0.0261 Acc=0.0539 Labeled=600 QueryTime=0.0s GPU=238MB SSL+0
2026-06-14 11:41:27,689 [INFO]   [entropy] Seed=789 R6/10 F1=0.0286 Acc=0.0608 Labeled=700 QueryTime=0.0s GPU=238MB SSL+2
2026-06-14 11:41:35,661 [INFO]   [entropy] Seed=789 R7/10 F1=0.0389 Acc=0.0688 Labeled=800 QueryTime=0.0s GPU=238MB SSL+1
2026-06-14 11:41:45,078 [INFO]   [entropy] Seed=789 R8/10 F1=0.0471 Acc=0.0831 Labeled=900 QueryTime=0.0s GPU=238MB SSL+9
2026-06-14 11:41:54,256 [INFO]   [entropy] Seed=789 R9/10 F1=0.0489 Acc=0.0870 Labeled=1000 QueryTime=0.0s GPU=238MB SSL+8
2026-06-14 11:42:02,631 [INFO] 
--- Strategy: margin ---
2026-06-14 11:42:08,594 [INFO]   [margin] Seed=789 R1/10 F1=0.0024 Acc=0.0213 Labeled=200 QueryTime=0.0s GPU=186MB SSL+0
2026-06-14 11:42:14,705 [INFO]   [margin] Seed=789 R2/10 F1=0.0066 Acc=0.0274 Labeled=300 QueryTime=0.0s GPU=232MB SSL+0
2026-06-14 11:42:21,011 [INFO]   [margin] Seed=789 R3/10 F1=0.0118 Acc=0.0349 Labeled=400 QueryTime=0.0s GPU=251MB SSL+0
2026-06-14 11:42:27,353 [INFO]   [margin] Seed=789 R4/10 F1=0.0166 Acc=0.0443 Labeled=500 QueryTime=0.0s GPU=250MB SSL+0
2026-06-14 11:42:33,509 [INFO]   [margin] Seed=789 R5/10 F1=0.0290 Acc=0.0645 Labeled=600 QueryTime=0.0s GPU=250MB SSL+0
2026-06-14 11:42:41,179 [INFO]   [margin] Seed=789 R6/10 F1=0.0286 Acc=0.0634 Labeled=700 QueryTime=0.0s GPU=251MB SSL+2
2026-06-14 11:42:48,729 [INFO]   [margin] Seed=789 R7/10 F1=0.0379 Acc=0.0707 Labeled=800 QueryTime=0.0s GPU=251MB SSL+1
2026-06-14 11:42:58,130 [INFO]   [margin] Seed=789 R8/10 F1=0.0520 Acc=0.0887 Labeled=900 QueryTime=0.0s GPU=251MB SSL+8
2026-06-14 11:43:07,369 [INFO]   [margin] Seed=789 R9/10 F1=0.0560 Acc=0.0891 Labeled=1000 QueryTime=0.0s GPU=251MB SSL+10
2026-06-14 11:43:15,379 [INFO] 
--- Strategy: coreset ---
2026-06-14 11:43:25,795 [INFO]   [coreset] Seed=789 R1/10 F1=0.0024 Acc=0.0213 Labeled=200 QueryTime=4.8s GPU=203MB SSL+0
2026-06-14 11:43:38,845 [INFO]   [coreset] Seed=789 R2/10 F1=0.0069 Acc=0.0271 Labeled=300 QueryTime=7.2s GPU=237MB SSL+0
2026-06-14 11:43:54,640 [INFO]   [coreset] Seed=789 R3/10 F1=0.0100 Acc=0.0367 Labeled=400 QueryTime=9.7s GPU=259MB SSL+0
2026-06-14 11:44:12,945 [INFO]   [coreset] Seed=789 R4/10 F1=0.0167 Acc=0.0462 Labeled=500 QueryTime=12.2s GPU=259MB SSL+0
2026-06-14 11:44:33,996 [INFO]   [coreset] Seed=789 R5/10 F1=0.0233 Acc=0.0501 Labeled=600 QueryTime=14.8s GPU=259MB SSL+3
2026-06-14 11:44:59,022 [INFO]   [coreset] Seed=789 R6/10 F1=0.0259 Acc=0.0602 Labeled=700 QueryTime=17.2s GPU=259MB SSL+5
2026-06-14 11:45:26,393 [INFO]   [coreset] Seed=789 R7/10 F1=0.0309 Acc=0.0688 Labeled=800 QueryTime=19.6s GPU=259MB SSL+11
2026-06-14 11:45:57,851 [INFO]   [coreset] Seed=789 R8/10 F1=0.0374 Acc=0.0686 Labeled=900 QueryTime=22.3s GPU=259MB SSL+10
2026-06-14 11:46:31,348 [INFO]   [coreset] Seed=789 R9/10 F1=0.0463 Acc=0.0820 Labeled=1000 QueryTime=24.2s GPU=259MB SSL+10
2026-06-14 11:46:39,241 [INFO] 
--- Strategy: badge ---
2026-06-14 11:51:42,443 [INFO]   [badge] Seed=789 R1/10 F1=0.0024 Acc=0.0213 Labeled=200 QueryTime=297.3s GPU=173MB SSL+0
2026-06-14 11:56:47,996 [INFO]   [badge] Seed=789 R2/10 F1=0.0052 Acc=0.0270 Labeled=300 QueryTime=299.2s GPU=208MB SSL+0
2026-06-14 12:01:37,224 [INFO]   [badge] Seed=789 R3/10 F1=0.0109 Acc=0.0388 Labeled=400 QueryTime=283.3s GPU=230MB SSL+0
2026-06-14 12:03:51,043 [INFO]   [badge] Seed=789 R4/10 F1=0.0199 Acc=0.0562 Labeled=500 QueryTime=131.3s GPU=230MB SSL+3
2026-06-14 12:06:04,254 [INFO]   [badge] Seed=789 R5/10 F1=0.0249 Acc=0.0585 Labeled=600 QueryTime=130.5s GPU=230MB SSL+0
2026-06-14 12:08:19,175 [INFO]   [badge] Seed=789 R6/10 F1=0.0332 Acc=0.0737 Labeled=700 QueryTime=130.5s GPU=230MB SSL+4
2026-06-14 12:10:35,473 [INFO]   [badge] Seed=789 R7/10 F1=0.0362 Acc=0.0795 Labeled=800 QueryTime=131.8s GPU=230MB SSL+4
2026-06-14 12:12:52,089 [INFO]   [badge] Seed=789 R8/10 F1=0.0457 Acc=0.0900 Labeled=900 QueryTime=130.6s GPU=230MB SSL+12
2026-06-14 12:15:08,368 [INFO]   [badge] Seed=789 R9/10 F1=0.0541 Acc=0.0969 Labeled=1000 QueryTime=130.3s GPU=230MB SSL+17
2026-06-14 12:15:13,919 [INFO] 
--- Strategy: qbc ---
2026-06-14 12:15:18,084 [INFO]   [qbc] Seed=789 R1/10 F1=0.0024 Acc=0.0213 Labeled=200 QueryTime=1.6s GPU=173MB SSL+0
2026-06-14 12:15:22,127 [INFO]   [qbc] Seed=789 R2/10 F1=0.0079 Acc=0.0310 Labeled=300 QueryTime=1.4s GPU=223MB SSL+0
2026-06-14 12:15:26,127 [INFO]   [qbc] Seed=789 R3/10 F1=0.0159 Acc=0.0438 Labeled=400 QueryTime=1.4s GPU=243MB SSL+0
2026-06-14 12:15:30,102 [INFO]   [qbc] Seed=789 R4/10 F1=0.0242 Acc=0.0559 Labeled=500 QueryTime=1.4s GPU=244MB SSL+0
2026-06-14 12:15:34,049 [INFO]   [qbc] Seed=789 R5/10 F1=0.0246 Acc=0.0556 Labeled=600 QueryTime=1.4s GPU=243MB SSL+0
2026-06-14 12:15:39,531 [INFO]   [qbc] Seed=789 R6/10 F1=0.0359 Acc=0.0700 Labeled=700 QueryTime=1.5s GPU=244MB SSL+2
2026-06-14 12:15:44,970 [INFO]   [qbc] Seed=789 R7/10 F1=0.0417 Acc=0.0801 Labeled=800 QueryTime=1.5s GPU=245MB SSL+2
2026-06-14 12:15:51,976 [INFO]   [qbc] Seed=789 R8/10 F1=0.0498 Acc=0.0919 Labeled=900 QueryTime=1.7s GPU=243MB SSL+10
2026-06-14 12:15:59,183 [INFO]   [qbc] Seed=789 R9/10 F1=0.0590 Acc=0.1030 Labeled=1000 QueryTime=1.7s GPU=244MB SSL+8
2026-06-14 12:16:04,549 [INFO] 
--- Full Supervised Baseline ---
2026-06-14 12:20:05,753 [INFO] Full Supervised: Acc=0.4363, F1=0.4144 (epochs=50, time=240.1s)
2026-06-14 12:20:06,468 [INFO] 
=== Results saved to C:\Users\28414\Desktop\机器学习—图像分类-期末汇报\output\cifar100\al_ssl\rho10 ===
2026-06-14 12:20:06,469 [INFO] 
Summary:
2026-06-14 12:20:06,469 [INFO] Strategy                 Final F1     ±std   p<0.05 vs Random
2026-06-14 12:20:06,469 [INFO] ------------------------------------------------------------
2026-06-14 12:20:06,469 [INFO] badge                      0.0613   0.0000                   
2026-06-14 12:20:06,469 [INFO] coreset                    0.0502   0.0000                   
2026-06-14 12:20:06,469 [INFO] entropy                    0.0511   0.0000                   
2026-06-14 12:20:06,469 [INFO] margin                     0.0708   0.0000                   
2026-06-14 12:20:06,469 [INFO] qbc                        0.0678   0.0000                   
2026-06-14 12:20:06,469 [INFO] random                     0.0764   0.0000                   
2026-06-14 12:20:06,469 [INFO] Full Supervised            0.4144
2026-06-14 12:20:13,053 [INFO] === v8 Controlled-Fast AL+SSL Analysis: cifar100 ===
2026-06-14 12:20:13,053 [INFO] Budget: ultra_low, Model: simplecnn, Scheduler: True
2026-06-14 12:20:13,053 [INFO] Strategies: ['random', 'entropy', 'margin', 'coreset', 'badge', 'qbc']
2026-06-14 12:20:13,053 [INFO] Seeds: [1024]
2026-06-14 12:20:13,053 [INFO] Rounds: 10, Initial: 100, Query: 100
2026-06-14 12:20:13,053 [INFO] SSL: True, Method: flexmatch, t-SNE: False, Resume: False
2026-06-14 12:20:13,053 [INFO] Imbalance mode: max/min class count ratio = 10
2026-06-14 12:20:13,092 [INFO] Device: cuda
2026-06-14 12:20:21,168 [INFO] Imbalance filter (Exponential): 50000 -> 19573 training samples
2026-06-14 12:20:21,168 [INFO] 
--- Strategy: random ---
2026-06-14 12:20:24,882 [INFO]   [random] Seed=1024 R1/10 F1=0.0040 Acc=0.0231 Labeled=200 QueryTime=0.0s GPU=173MB SSL+0
2026-06-14 12:20:27,565 [INFO]   [random] Seed=1024 R2/10 F1=0.0101 Acc=0.0350 Labeled=300 QueryTime=0.0s GPU=210MB SSL+0
2026-06-14 12:20:30,043 [INFO]   [random] Seed=1024 R3/10 F1=0.0207 Acc=0.0539 Labeled=400 QueryTime=0.0s GPU=230MB SSL+0
2026-06-14 12:20:32,623 [INFO]   [random] Seed=1024 R4/10 F1=0.0223 Acc=0.0581 Labeled=500 QueryTime=0.0s GPU=230MB SSL+0
2026-06-14 12:20:35,311 [INFO]   [random] Seed=1024 R5/10 F1=0.0299 Acc=0.0626 Labeled=600 QueryTime=0.0s GPU=230MB SSL+0
2026-06-14 12:20:39,474 [INFO]   [random] Seed=1024 R6/10 F1=0.0384 Acc=0.0754 Labeled=700 QueryTime=0.0s GPU=230MB SSL+1
2026-06-14 12:20:43,560 [INFO]   [random] Seed=1024 R7/10 F1=0.0513 Acc=0.0827 Labeled=800 QueryTime=0.0s GPU=230MB SSL+0
2026-06-14 12:20:49,142 [INFO]   [random] Seed=1024 R8/10 F1=0.0602 Acc=0.0932 Labeled=900 QueryTime=0.0s GPU=230MB SSL+3
2026-06-14 12:20:54,742 [INFO]   [random] Seed=1024 R9/10 F1=0.0712 Acc=0.1067 Labeled=1000 QueryTime=0.0s GPU=230MB SSL+5
2026-06-14 12:21:00,366 [INFO] 
--- Strategy: entropy ---
2026-06-14 12:21:03,520 [INFO]   [entropy] Seed=1024 R1/10 F1=0.0040 Acc=0.0231 Labeled=200 QueryTime=0.0s GPU=172MB SSL+0
2026-06-14 12:21:06,616 [INFO]   [entropy] Seed=1024 R2/10 F1=0.0082 Acc=0.0288 Labeled=300 QueryTime=0.0s GPU=218MB SSL+0
2026-06-14 12:21:09,753 [INFO]   [entropy] Seed=1024 R3/10 F1=0.0161 Acc=0.0429 Labeled=400 QueryTime=0.0s GPU=238MB SSL+0
2026-06-14 12:21:12,853 [INFO]   [entropy] Seed=1024 R4/10 F1=0.0168 Acc=0.0454 Labeled=500 QueryTime=0.0s GPU=238MB SSL+0
2026-06-14 12:21:15,984 [INFO]   [entropy] Seed=1024 R5/10 F1=0.0240 Acc=0.0474 Labeled=600 QueryTime=0.0s GPU=238MB SSL+0
2026-06-14 12:21:20,546 [INFO]   [entropy] Seed=1024 R6/10 F1=0.0289 Acc=0.0574 Labeled=700 QueryTime=0.0s GPU=238MB SSL+0
2026-06-14 12:21:25,087 [INFO]   [entropy] Seed=1024 R7/10 F1=0.0325 Acc=0.0594 Labeled=800 QueryTime=0.0s GPU=238MB SSL+0
2026-06-14 12:21:31,126 [INFO]   [entropy] Seed=1024 R8/10 F1=0.0423 Acc=0.0721 Labeled=900 QueryTime=0.0s GPU=238MB SSL+0
2026-06-14 12:21:37,083 [INFO]   [entropy] Seed=1024 R9/10 F1=0.0468 Acc=0.0797 Labeled=1000 QueryTime=0.0s GPU=238MB SSL+8
2026-06-14 12:21:42,605 [INFO] 
--- Strategy: margin ---
2026-06-14 12:21:45,637 [INFO]   [margin] Seed=1024 R1/10 F1=0.0040 Acc=0.0231 Labeled=200 QueryTime=0.0s GPU=186MB SSL+0
2026-06-14 12:21:48,758 [INFO]   [margin] Seed=1024 R2/10 F1=0.0088 Acc=0.0310 Labeled=300 QueryTime=0.0s GPU=232MB SSL+0
2026-06-14 12:21:51,831 [INFO]   [margin] Seed=1024 R3/10 F1=0.0129 Acc=0.0423 Labeled=400 QueryTime=0.0s GPU=251MB SSL+0
2026-06-14 12:21:54,944 [INFO]   [margin] Seed=1024 R4/10 F1=0.0191 Acc=0.0499 Labeled=500 QueryTime=0.0s GPU=250MB SSL+0
2026-06-14 12:21:57,936 [INFO]   [margin] Seed=1024 R5/10 F1=0.0287 Acc=0.0593 Labeled=600 QueryTime=0.0s GPU=250MB SSL+0
2026-06-14 12:22:02,429 [INFO]   [margin] Seed=1024 R6/10 F1=0.0403 Acc=0.0758 Labeled=700 QueryTime=0.0s GPU=251MB SSL+5
2026-06-14 12:22:06,901 [INFO]   [margin] Seed=1024 R7/10 F1=0.0474 Acc=0.0819 Labeled=800 QueryTime=0.0s GPU=251MB SSL+4
2026-06-14 12:22:12,847 [INFO]   [margin] Seed=1024 R8/10 F1=0.0547 Acc=0.0892 Labeled=900 QueryTime=0.0s GPU=251MB SSL+9
2026-06-14 12:22:18,819 [INFO]   [margin] Seed=1024 R9/10 F1=0.0663 Acc=0.1020 Labeled=1000 QueryTime=0.0s GPU=251MB SSL+18
2026-06-14 12:22:24,503 [INFO] 
--- Strategy: coreset ---
2026-06-14 12:22:29,967 [INFO]   [coreset] Seed=1024 R1/10 F1=0.0040 Acc=0.0231 Labeled=200 QueryTime=2.5s GPU=203MB SSL+0
2026-06-14 12:22:36,523 [INFO]   [coreset] Seed=1024 R2/10 F1=0.0119 Acc=0.0401 Labeled=300 QueryTime=3.8s GPU=237MB SSL+0
2026-06-14 12:22:44,829 [INFO]   [coreset] Seed=1024 R3/10 F1=0.0116 Acc=0.0414 Labeled=400 QueryTime=5.1s GPU=259MB SSL+0
2026-06-14 12:22:54,247 [INFO]   [coreset] Seed=1024 R4/10 F1=0.0163 Acc=0.0475 Labeled=500 QueryTime=6.3s GPU=259MB SSL+0
2026-06-14 12:23:04,881 [INFO]   [coreset] Seed=1024 R5/10 F1=0.0216 Acc=0.0548 Labeled=600 QueryTime=7.4s GPU=259MB SSL+0
2026-06-14 12:23:18,446 [INFO]   [coreset] Seed=1024 R6/10 F1=0.0288 Acc=0.0571 Labeled=700 QueryTime=8.9s GPU=259MB SSL+4
2026-06-14 12:23:32,911 [INFO]   [coreset] Seed=1024 R7/10 F1=0.0350 Acc=0.0674 Labeled=800 QueryTime=10.0s GPU=259MB SSL+8
2026-06-14 12:23:49,993 [INFO]   [coreset] Seed=1024 R8/10 F1=0.0494 Acc=0.0840 Labeled=900 QueryTime=11.2s GPU=259MB SSL+13
2026-06-14 12:24:08,066 [INFO]   [coreset] Seed=1024 R9/10 F1=0.0586 Acc=0.0990 Labeled=1000 QueryTime=12.3s GPU=259MB SSL+8
2026-06-14 12:24:13,320 [INFO] 
--- Strategy: badge ---
2026-06-14 12:26:27,598 [INFO]   [badge] Seed=1024 R1/10 F1=0.0040 Acc=0.0231 Labeled=200 QueryTime=131.5s GPU=173MB SSL+0
2026-06-14 12:28:40,025 [INFO]   [badge] Seed=1024 R2/10 F1=0.0115 Acc=0.0402 Labeled=300 QueryTime=129.6s GPU=208MB SSL+0
