2026-06-22 20:48:28,736 [INFO] === v8 Controlled-Fast AL+SSL Analysis: cifar10 ===
2026-06-22 20:48:28,736 [INFO] Budget: ultra_low, Model: simplecnn, Scheduler: True
2026-06-22 20:48:28,736 [INFO] Strategies: ['class_aware_entropy']
2026-06-22 20:48:28,736 [INFO] Seeds: [42]
2026-06-22 20:48:28,736 [INFO] Rounds: 10, Initial: 100, Query: 100
2026-06-22 20:48:28,736 [INFO] SSL: False, Method: flexmatch, t-SNE: False, Resume: False
2026-06-22 20:48:28,736 [INFO] Imbalance mode: max/min class count ratio = 50
2026-06-22 20:48:28,764 [INFO] Device: cuda
2026-06-22 20:48:42,232 [INFO] Imbalance filter (Exponential): 50000 -> 13996 training samples
2026-06-22 20:48:42,233 [INFO] 
--- Strategy: class_aware_entropy ---
2026-06-22 20:48:46,017 [INFO]   [class_aware_entropy] Seed=42 R1/10 F1=0.0773 Acc=0.1768 Labeled=200 QueryTime=0.0s GPU=74MB
2026-06-22 20:48:48,971 [INFO]   [class_aware_entropy] Seed=42 R2/10 F1=0.0942 Acc=0.1756 Labeled=300 QueryTime=0.1s GPU=111MB
2026-06-22 20:48:52,974 [INFO]   [class_aware_entropy] Seed=42 R3/10 F1=0.0949 Acc=0.1666 Labeled=400 QueryTime=0.1s GPU=131MB
2026-06-22 20:48:56,332 [INFO]   [class_aware_entropy] Seed=42 R4/10 F1=0.1010 Acc=0.1602 Labeled=500 QueryTime=0.1s GPU=131MB
2026-06-22 20:48:59,574 [INFO]   [class_aware_entropy] Seed=42 R5/10 F1=0.1094 Acc=0.1831 Labeled=600 QueryTime=0.1s GPU=131MB
2026-06-22 20:49:03,815 [INFO]   [class_aware_entropy] Seed=42 R6/10 F1=0.1719 Acc=0.2465 Labeled=700 QueryTime=0.2s GPU=131MB
2026-06-22 20:49:07,726 [INFO]   [class_aware_entropy] Seed=42 R7/10 F1=0.1997 Acc=0.2751 Labeled=800 QueryTime=0.2s GPU=131MB
2026-06-22 20:49:11,807 [INFO]   [class_aware_entropy] Seed=42 R8/10 F1=0.2199 Acc=0.2948 Labeled=900 QueryTime=0.2s GPU=131MB
2026-06-22 20:49:16,481 [INFO]   [class_aware_entropy] Seed=42 R9/10 F1=0.2489 Acc=0.3190 Labeled=1000 QueryTime=0.3s GPU=131MB
2026-06-22 20:49:19,688 [INFO] 
--- Full Supervised Baseline ---
