2026-06-14 18:32:15,571 [INFO] === v8 Controlled-Fast AL+SSL Analysis: cifar10 ===
2026-06-14 18:32:15,571 [INFO] Budget: ultra_low, Model: simplecnn, Scheduler: True
2026-06-14 18:32:15,571 [INFO] Strategies: ['gap_aware_entropy', 'adaptive_gap_entropy']
2026-06-14 18:32:15,571 [INFO] Seeds: [42]
2026-06-14 18:32:15,571 [INFO] Rounds: 10, Initial: 100, Query: 100
2026-06-14 18:32:15,571 [INFO] SSL: True, Method: flexmatch, t-SNE: False, Resume: False
2026-06-14 18:32:15,571 [INFO] Imbalance mode: max/min class count ratio = 10
2026-06-14 18:32:15,589 [INFO] Device: cuda
2026-06-14 18:32:24,147 [INFO] Imbalance filter (Exponential): 50000 -> 20431 training samples
2026-06-14 18:32:24,149 [INFO] 
--- Strategy: gap_aware_entropy ---
2026-06-14 18:32:28,304 [INFO]   [gap_aware_entropy] Seed=42 R1/10 F1=0.0799 Acc=0.1441 Labeled=200 QueryTime=0.0s GPU=172MB SSL+0
2026-06-14 18:32:31,867 [INFO]   [gap_aware_entropy] Seed=42 R2/10 F1=0.1915 Acc=0.2257 Labeled=300 QueryTime=0.0s GPU=210MB SSL+0
2026-06-14 18:32:35,332 [INFO]   [gap_aware_entropy] Seed=42 R3/10 F1=0.1962 Acc=0.2456 Labeled=400 QueryTime=0.0s GPU=229MB SSL+0
2026-06-14 18:32:38,908 [INFO]   [gap_aware_entropy] Seed=42 R4/10 F1=0.2259 Acc=0.2552 Labeled=500 QueryTime=0.1s GPU=229MB SSL+0
2026-06-14 18:32:42,520 [INFO]   [gap_aware_entropy] Seed=42 R5/10 F1=0.2711 Acc=0.3034 Labeled=600 QueryTime=0.1s GPU=229MB SSL+0
2026-06-14 18:32:47,967 [INFO]   [gap_aware_entropy] Seed=42 R6/10 F1=0.3066 Acc=0.3256 Labeled=700 QueryTime=0.1s GPU=229MB SSL+21
2026-06-14 18:32:53,509 [INFO]   [gap_aware_entropy] Seed=42 R7/10 F1=0.3386 Acc=0.3615 Labeled=800 QueryTime=0.1s GPU=229MB SSL+38
2026-06-14 18:33:00,962 [INFO]   [gap_aware_entropy] Seed=42 R8/10 F1=0.3905 Acc=0.4050 Labeled=900 QueryTime=0.1s GPU=229MB SSL+84
2026-06-14 18:33:08,424 [INFO]   [gap_aware_entropy] Seed=42 R9/10 F1=0.4049 Acc=0.4187 Labeled=1000 QueryTime=0.1s GPU=229MB SSL+84
2026-06-14 18:33:15,275 [INFO] 
--- Strategy: adaptive_gap_entropy ---
2026-06-14 18:33:18,635 [INFO]   [adaptive_gap_entropy] Seed=42 R1/10 F1=0.0799 Acc=0.1441 Labeled=200 QueryTime=0.0s GPU=171MB SSL+0
2026-06-14 18:33:22,029 [INFO]   [adaptive_gap_entropy] Seed=42 R2/10 F1=0.1803 Acc=0.2181 Labeled=300 QueryTime=0.0s GPU=208MB SSL+0
2026-06-14 18:33:25,521 [INFO]   [adaptive_gap_entropy] Seed=42 R3/10 F1=0.1982 Acc=0.2454 Labeled=400 QueryTime=0.0s GPU=229MB SSL+0
2026-06-14 18:33:28,975 [INFO]   [adaptive_gap_entropy] Seed=42 R4/10 F1=0.2180 Acc=0.2669 Labeled=500 QueryTime=0.1s GPU=229MB SSL+0
2026-06-14 18:33:32,484 [INFO]   [adaptive_gap_entropy] Seed=42 R5/10 F1=0.2728 Acc=0.3112 Labeled=600 QueryTime=0.1s GPU=229MB SSL+0
2026-06-14 18:33:37,836 [INFO]   [adaptive_gap_entropy] Seed=42 R6/10 F1=0.2973 Acc=0.3372 Labeled=700 QueryTime=0.1s GPU=229MB SSL+28
2026-06-14 18:33:43,243 [INFO]   [adaptive_gap_entropy] Seed=42 R7/10 F1=0.3250 Acc=0.3561 Labeled=800 QueryTime=0.1s GPU=229MB SSL+21
2026-06-14 18:33:50,476 [INFO]   [adaptive_gap_entropy] Seed=42 R8/10 F1=0.3485 Acc=0.3868 Labeled=900 QueryTime=0.1s GPU=229MB SSL+36
2026-06-14 18:33:57,721 [INFO]   [adaptive_gap_entropy] Seed=42 R9/10 F1=0.3763 Acc=0.3992 Labeled=1000 QueryTime=0.1s GPU=229MB SSL+108
2026-06-14 18:34:04,420 [INFO] 
--- Full Supervised Baseline ---
2026-06-14 18:38:39,425 [INFO] Full Supervised: Acc=0.7699, F1=0.7639 (epochs=50, time=273.9s)
2026-06-14 18:38:39,851 [INFO] 
=== Results saved to output/progressive_ssl/02b_base_ssl_ga ===
2026-06-14 18:38:39,851 [INFO] 
Summary:
2026-06-14 18:38:39,851 [INFO] Strategy                 Final F1     ±std   p<0.05 vs Random
2026-06-14 18:38:39,851 [INFO] ------------------------------------------------------------
2026-06-14 18:38:39,851 [INFO] adaptive_gap_entropy       0.4067   0.0000                   
2026-06-14 18:38:39,852 [INFO] gap_aware_entropy          0.4165   0.0000                   
2026-06-14 18:38:39,852 [INFO] Full Supervised            0.7639
