2026-06-17 12:17:08,094 [INFO] === v8 Controlled-Fast AL+SSL Analysis: cifar10 ===
2026-06-17 12:17:08,094 [INFO] Budget: ultra_low, Model: simplecnn, Scheduler: True
2026-06-17 12:17:08,094 [INFO] Strategies: ['class_aware_entropy', 'gap_aware_entropy']
2026-06-17 12:17:08,094 [INFO] Seeds: [42]
2026-06-17 12:17:08,094 [INFO] Rounds: 10, Initial: 100, Query: 100
2026-06-17 12:17:08,094 [INFO] SSL: True, Method: flexmatch, t-SNE: False, Resume: False
2026-06-17 12:17:08,094 [INFO] Imbalance mode: max/min class count ratio = 10
2026-06-17 12:17:08,160 [INFO] Device: cuda
2026-06-17 12:17:18,290 [INFO] Imbalance filter (Exponential): 50000 -> 20431 training samples
2026-06-17 12:17:18,290 [INFO] 
--- Strategy: class_aware_entropy ---
2026-06-17 12:17:23,280 [INFO]   [class_aware_entropy] Seed=42 R1/10 F1=0.0799 Acc=0.1441 Labeled=200 QueryTime=0.0s GPU=172MB SSL+0
2026-06-17 12:17:26,522 [INFO]   [class_aware_entropy] Seed=42 R2/10 F1=0.1766 Acc=0.2468 Labeled=300 QueryTime=0.0s GPU=210MB SSL+0
2026-06-17 12:17:29,704 [INFO]   [class_aware_entropy] Seed=42 R3/10 F1=0.1903 Acc=0.2334 Labeled=400 QueryTime=0.0s GPU=229MB SSL+0
2026-06-17 12:17:35,458 [INFO]   [class_aware_entropy] Seed=42 R4/10 F1=0.2383 Acc=0.2705 Labeled=500 QueryTime=0.1s GPU=229MB SSL+0
2026-06-17 12:17:41,701 [INFO]   [class_aware_entropy] Seed=42 R5/10 F1=0.2876 Acc=0.3294 Labeled=600 QueryTime=0.2s GPU=229MB SSL+4
2026-06-17 12:17:50,278 [INFO]   [class_aware_entropy] Seed=42 R6/10 F1=0.3048 Acc=0.3407 Labeled=700 QueryTime=0.2s GPU=229MB SSL+18
2026-06-17 12:17:56,428 [INFO]   [class_aware_entropy] Seed=42 R7/10 F1=0.3130 Acc=0.3340 Labeled=800 QueryTime=0.1s GPU=229MB SSL+30
2026-06-17 12:18:03,799 [INFO]   [class_aware_entropy] Seed=42 R8/10 F1=0.3665 Acc=0.3896 Labeled=900 QueryTime=0.1s GPU=229MB SSL+59
2026-06-17 12:18:10,736 [INFO]   [class_aware_entropy] Seed=42 R9/10 F1=0.4131 Acc=0.4287 Labeled=1000 QueryTime=0.1s GPU=229MB SSL+69
2026-06-17 12:18:17,195 [INFO] 
--- Strategy: gap_aware_entropy ---
2026-06-17 12:18:20,523 [INFO]   [gap_aware_entropy] Seed=42 R1/10 F1=0.0799 Acc=0.1441 Labeled=200 QueryTime=0.0s GPU=171MB SSL+0
2026-06-17 12:18:24,145 [INFO]   [gap_aware_entropy] Seed=42 R2/10 F1=0.1915 Acc=0.2257 Labeled=300 QueryTime=0.0s GPU=208MB SSL+0
2026-06-17 12:18:27,564 [INFO]   [gap_aware_entropy] Seed=42 R3/10 F1=0.1962 Acc=0.2456 Labeled=400 QueryTime=0.0s GPU=229MB SSL+0
2026-06-17 12:18:31,043 [INFO]   [gap_aware_entropy] Seed=42 R4/10 F1=0.2259 Acc=0.2552 Labeled=500 QueryTime=0.1s GPU=229MB SSL+0
2026-06-17 12:18:34,718 [INFO]   [gap_aware_entropy] Seed=42 R5/10 F1=0.2711 Acc=0.3034 Labeled=600 QueryTime=0.1s GPU=229MB SSL+0
2026-06-17 12:18:40,205 [INFO]   [gap_aware_entropy] Seed=42 R6/10 F1=0.3066 Acc=0.3256 Labeled=700 QueryTime=0.1s GPU=229MB SSL+21
2026-06-17 12:18:47,273 [INFO]   [gap_aware_entropy] Seed=42 R7/10 F1=0.3386 Acc=0.3615 Labeled=800 QueryTime=0.3s GPU=229MB SSL+38
2026-06-17 12:19:00,089 [INFO]   [gap_aware_entropy] Seed=42 R8/10 F1=0.3905 Acc=0.4050 Labeled=900 QueryTime=0.3s GPU=229MB SSL+84
2026-06-17 12:19:12,171 [INFO]   [gap_aware_entropy] Seed=42 R9/10 F1=0.4049 Acc=0.4187 Labeled=1000 QueryTime=0.3s GPU=229MB SSL+84
2026-06-17 12:19:22,255 [INFO] 
--- Full Supervised Baseline ---
2026-06-17 12:25:48,148 [INFO] Full Supervised: Acc=0.7699, F1=0.7639 (epochs=50, time=384.4s)
2026-06-17 12:25:48,610 [INFO] 
=== Results saved to C:\Users\28414\Desktop\机器学习—图像分类-期末汇报\output\progressive_joint\labeled_only\rho10 ===
2026-06-17 12:25:48,610 [INFO] 
Summary:
2026-06-17 12:25:48,610 [INFO] Strategy                 Final F1     ±std   p<0.05 vs Random
2026-06-17 12:25:48,611 [INFO] ------------------------------------------------------------
2026-06-17 12:25:48,611 [INFO] class_aware_entropy        0.3935   0.0000                   
2026-06-17 12:25:48,611 [INFO] gap_aware_entropy          0.4165   0.0000                   
2026-06-17 12:25:48,611 [INFO] Full Supervised            0.7639
2026-06-17 12:25:55,718 [INFO] === v8 Controlled-Fast AL+SSL Analysis: cifar10 ===
2026-06-17 12:25:55,718 [INFO] Budget: ultra_low, Model: simplecnn, Scheduler: True
2026-06-17 12:25:55,718 [INFO] Strategies: ['class_aware_entropy', 'gap_aware_entropy']
2026-06-17 12:25:55,718 [INFO] Seeds: [123]
2026-06-17 12:25:55,718 [INFO] Rounds: 10, Initial: 100, Query: 100
2026-06-17 12:25:55,718 [INFO] SSL: True, Method: flexmatch, t-SNE: False, Resume: False
2026-06-17 12:25:55,718 [INFO] Imbalance mode: max/min class count ratio = 10
2026-06-17 12:25:55,745 [INFO] Device: cuda
2026-06-17 12:26:11,223 [INFO] Imbalance filter (Exponential): 50000 -> 20431 training samples
2026-06-17 12:26:11,223 [INFO] 
--- Strategy: class_aware_entropy ---
2026-06-17 12:26:17,924 [INFO]   [class_aware_entropy] Seed=123 R1/10 F1=0.0827 Acc=0.1561 Labeled=200 QueryTime=0.0s GPU=172MB SSL+0
2026-06-17 12:26:23,122 [INFO]   [class_aware_entropy] Seed=123 R2/10 F1=0.1478 Acc=0.2296 Labeled=300 QueryTime=0.1s GPU=210MB SSL+0
2026-06-17 12:26:27,658 [INFO]   [class_aware_entropy] Seed=123 R3/10 F1=0.1709 Acc=0.2315 Labeled=400 QueryTime=0.0s GPU=229MB SSL+1
2026-06-17 12:26:32,720 [INFO]   [class_aware_entropy] Seed=123 R4/10 F1=0.1733 Acc=0.2215 Labeled=500 QueryTime=0.1s GPU=229MB SSL+11
2026-06-17 12:26:36,323 [INFO]   [class_aware_entropy] Seed=123 R5/10 F1=0.2406 Acc=0.2994 Labeled=600 QueryTime=0.1s GPU=229MB SSL+5
2026-06-17 12:26:42,055 [INFO]   [class_aware_entropy] Seed=123 R6/10 F1=0.2543 Acc=0.3127 Labeled=700 QueryTime=0.1s GPU=229MB SSL+19
2026-06-17 12:26:51,396 [INFO]   [class_aware_entropy] Seed=123 R7/10 F1=0.2747 Acc=0.3280 Labeled=800 QueryTime=0.2s GPU=229MB SSL+39
2026-06-17 12:27:03,218 [INFO]   [class_aware_entropy] Seed=123 R8/10 F1=0.3066 Acc=0.3524 Labeled=900 QueryTime=0.3s GPU=229MB SSL+103
2026-06-17 12:27:14,896 [INFO]   [class_aware_entropy] Seed=123 R9/10 F1=0.3596 Acc=0.3939 Labeled=1000 QueryTime=0.3s GPU=229MB SSL+69
2026-06-17 12:27:25,359 [INFO] 
--- Strategy: gap_aware_entropy ---
2026-06-17 12:27:31,065 [INFO]   [gap_aware_entropy] Seed=123 R1/10 F1=0.0827 Acc=0.1561 Labeled=200 QueryTime=0.0s GPU=171MB SSL+0
2026-06-17 12:27:36,975 [INFO]   [gap_aware_entropy] Seed=123 R2/10 F1=0.1612 Acc=0.2210 Labeled=300 QueryTime=0.1s GPU=208MB SSL+0
2026-06-17 12:27:43,030 [INFO]   [gap_aware_entropy] Seed=123 R3/10 F1=0.2076 Acc=0.2546 Labeled=400 QueryTime=0.1s GPU=229MB SSL+0
2026-06-17 12:27:49,191 [INFO]   [gap_aware_entropy] Seed=123 R4/10 F1=0.2431 Acc=0.2748 Labeled=500 QueryTime=0.1s GPU=229MB SSL+1
2026-06-17 12:27:55,434 [INFO]   [gap_aware_entropy] Seed=123 R5/10 F1=0.2827 Acc=0.3128 Labeled=600 QueryTime=0.2s GPU=229MB SSL+1
2026-06-17 12:28:03,896 [INFO]   [gap_aware_entropy] Seed=123 R6/10 F1=0.2884 Acc=0.3209 Labeled=700 QueryTime=0.2s GPU=229MB SSL+5
2026-06-17 12:28:12,612 [INFO]   [gap_aware_entropy] Seed=123 R7/10 F1=0.3535 Acc=0.3718 Labeled=800 QueryTime=0.2s GPU=229MB SSL+9
2026-06-17 12:28:23,746 [INFO]   [gap_aware_entropy] Seed=123 R8/10 F1=0.3453 Acc=0.3734 Labeled=900 QueryTime=0.3s GPU=229MB SSL+81
2026-06-17 12:28:34,870 [INFO]   [gap_aware_entropy] Seed=123 R9/10 F1=0.3768 Acc=0.3978 Labeled=1000 QueryTime=0.3s GPU=229MB SSL+25
2026-06-17 12:28:44,883 [INFO] 
--- Full Supervised Baseline ---
2026-06-17 12:33:45,450 [INFO] Full Supervised: Acc=0.7198, F1=0.7128 (epochs=50, time=297.8s)
2026-06-17 12:33:46,293 [INFO] 
=== Results saved to C:\Users\28414\Desktop\机器学习—图像分类-期末汇报\output\progressive_joint\labeled_only\rho10 ===
2026-06-17 12:33:46,293 [INFO] 
Summary:
2026-06-17 12:33:46,293 [INFO] Strategy                 Final F1     ±std   p<0.05 vs Random
2026-06-17 12:33:46,294 [INFO] ------------------------------------------------------------
2026-06-17 12:33:46,294 [INFO] class_aware_entropy        0.3697   0.0000                   
2026-06-17 12:33:46,294 [INFO] gap_aware_entropy          0.4330   0.0000                   
2026-06-17 12:33:46,294 [INFO] Full Supervised            0.7128
2026-06-17 12:33:52,079 [INFO] === v8 Controlled-Fast AL+SSL Analysis: cifar10 ===
2026-06-17 12:33:52,080 [INFO] Budget: ultra_low, Model: simplecnn, Scheduler: True
2026-06-17 12:33:52,080 [INFO] Strategies: ['class_aware_entropy', 'gap_aware_entropy']
2026-06-17 12:33:52,080 [INFO] Seeds: [456]
2026-06-17 12:33:52,080 [INFO] Rounds: 10, Initial: 100, Query: 100
2026-06-17 12:33:52,080 [INFO] SSL: True, Method: flexmatch, t-SNE: False, Resume: False
2026-06-17 12:33:52,080 [INFO] Imbalance mode: max/min class count ratio = 10
2026-06-17 12:33:52,114 [INFO] Device: cuda
2026-06-17 12:34:11,860 [INFO] Imbalance filter (Exponential): 50000 -> 20431 training samples
2026-06-17 12:34:11,860 [INFO] 
--- Strategy: class_aware_entropy ---
2026-06-17 12:34:18,851 [INFO]   [class_aware_entropy] Seed=456 R1/10 F1=0.0808 Acc=0.1476 Labeled=200 QueryTime=0.0s GPU=172MB SSL+0
2026-06-17 12:34:25,510 [INFO]   [class_aware_entropy] Seed=456 R2/10 F1=0.1419 Acc=0.2153 Labeled=300 QueryTime=0.1s GPU=210MB SSL+17
2026-06-17 12:34:31,658 [INFO]   [class_aware_entropy] Seed=456 R3/10 F1=0.2116 Acc=0.2548 Labeled=400 QueryTime=0.1s GPU=229MB SSL+0
2026-06-17 12:34:37,771 [INFO]   [class_aware_entropy] Seed=456 R4/10 F1=0.2526 Acc=0.3016 Labeled=500 QueryTime=0.1s GPU=229MB SSL+4
2026-06-17 12:34:43,990 [INFO]   [class_aware_entropy] Seed=456 R5/10 F1=0.2758 Acc=0.3170 Labeled=600 QueryTime=0.2s GPU=229MB SSL+13
2026-06-17 12:34:52,525 [INFO]   [class_aware_entropy] Seed=456 R6/10 F1=0.3066 Acc=0.3411 Labeled=700 QueryTime=0.2s GPU=229MB SSL+23
2026-06-17 12:35:01,078 [INFO]   [class_aware_entropy] Seed=456 R7/10 F1=0.3101 Acc=0.3506 Labeled=800 QueryTime=0.2s GPU=229MB SSL+37
2026-06-17 12:35:11,857 [INFO]   [class_aware_entropy] Seed=456 R8/10 F1=0.3432 Acc=0.3754 Labeled=900 QueryTime=0.3s GPU=229MB SSL+69
2026-06-17 12:35:22,719 [INFO]   [class_aware_entropy] Seed=456 R9/10 F1=0.3628 Acc=0.3877 Labeled=1000 QueryTime=0.3s GPU=229MB SSL+119
2026-06-17 12:35:32,286 [INFO] 
--- Strategy: gap_aware_entropy ---
2026-06-17 12:35:38,034 [INFO]   [gap_aware_entropy] Seed=456 R1/10 F1=0.0808 Acc=0.1476 Labeled=200 QueryTime=0.0s GPU=171MB SSL+0
2026-06-17 12:35:44,029 [INFO]   [gap_aware_entropy] Seed=456 R2/10 F1=0.1936 Acc=0.2650 Labeled=300 QueryTime=0.1s GPU=208MB SSL+0
2026-06-17 12:35:50,144 [INFO]   [gap_aware_entropy] Seed=456 R3/10 F1=0.2223 Acc=0.2709 Labeled=400 QueryTime=0.1s GPU=229MB SSL+0
2026-06-17 12:35:56,335 [INFO]   [gap_aware_entropy] Seed=456 R4/10 F1=0.2213 Acc=0.2691 Labeled=500 QueryTime=0.1s GPU=229MB SSL+17
2026-06-17 12:36:02,417 [INFO]   [gap_aware_entropy] Seed=456 R5/10 F1=0.2422 Acc=0.2986 Labeled=600 QueryTime=0.2s GPU=229MB SSL+9
2026-06-17 12:36:10,833 [INFO]   [gap_aware_entropy] Seed=456 R6/10 F1=0.2731 Acc=0.3220 Labeled=700 QueryTime=0.2s GPU=229MB SSL+39
2026-06-17 12:36:19,297 [INFO]   [gap_aware_entropy] Seed=456 R7/10 F1=0.3004 Acc=0.3452 Labeled=800 QueryTime=0.2s GPU=229MB SSL+52
2026-06-17 12:36:30,237 [INFO]   [gap_aware_entropy] Seed=456 R8/10 F1=0.3234 Acc=0.3521 Labeled=900 QueryTime=0.3s GPU=229MB SSL+99
2026-06-17 12:36:41,051 [INFO]   [gap_aware_entropy] Seed=456 R9/10 F1=0.3528 Acc=0.3773 Labeled=1000 QueryTime=0.3s GPU=229MB SSL+107
2026-06-17 12:36:50,658 [INFO] 
--- Full Supervised Baseline ---
2026-06-17 12:46:46,223 [INFO] Full Supervised: Acc=0.7734, F1=0.7675 (epochs=50, time=592.7s)
2026-06-17 12:46:47,103 [INFO] 
=== Results saved to C:\Users\28414\Desktop\机器学习—图像分类-期末汇报\output\progressive_joint\labeled_only\rho10 ===
2026-06-17 12:46:47,104 [INFO] 
Summary:
2026-06-17 12:46:47,104 [INFO] Strategy                 Final F1     ±std   p<0.05 vs Random
2026-06-17 12:46:47,104 [INFO] ------------------------------------------------------------
2026-06-17 12:46:47,104 [INFO] class_aware_entropy        0.3902   0.0000                   
2026-06-17 12:46:47,104 [INFO] gap_aware_entropy          0.3804   0.0000                   
2026-06-17 12:46:47,104 [INFO] Full Supervised            0.7675
