2026-06-14 02:44:54,965 [INFO] === v8 Controlled-Fast AL+SSL Analysis: cifar100 ===
2026-06-14 02:44:54,965 [INFO] Budget: ultra_low, Model: simplecnn, Scheduler: True
2026-06-14 02:44:54,965 [INFO] Strategies: ['entropy']
2026-06-14 02:44:54,965 [INFO] Seeds: [42]
2026-06-14 02:44:54,965 [INFO] Rounds: 10, Initial: 100, Query: 100
2026-06-14 02:44:54,965 [INFO] SSL: False, Method: flexmatch, t-SNE: False, Resume: False
2026-06-14 02:44:54,965 [INFO] Imbalance mode: max/min class count ratio = 1
2026-06-14 02:44:54,990 [INFO] Device: cuda
2026-06-14 02:45:04,247 [INFO] Imbalance filter (Exponential): 50000 -> 50000 training samples
2026-06-14 02:45:04,258 [INFO] 
--- Strategy: entropy ---
2026-06-14 02:45:04,349 [INFO]   Using Focal Loss (γ=2.0)
2026-06-14 02:45:06,852 [INFO]   [entropy] Seed=42 R1/10 F1=0.0033 Acc=0.0184 Labeled=200 QueryTime=0.0s GPU=75MB
2026-06-14 02:45:06,852 [INFO]   Using Focal Loss (γ=2.0)
2026-06-14 02:45:08,844 [INFO]   [entropy] Seed=42 R2/10 F1=0.0093 Acc=0.0261 Labeled=300 QueryTime=0.0s GPU=119MB
2026-06-14 02:45:08,845 [INFO]   Using Focal Loss (γ=2.0)
2026-06-14 02:45:10,961 [INFO]   [entropy] Seed=42 R3/10 F1=0.0089 Acc=0.0253 Labeled=400 QueryTime=0.0s GPU=140MB
2026-06-14 02:45:10,962 [INFO]   Using Focal Loss (γ=2.0)
2026-06-14 02:45:12,759 [INFO]   [entropy] Seed=42 R4/10 F1=0.0129 Acc=0.0354 Labeled=500 QueryTime=0.0s GPU=140MB
2026-06-14 02:45:12,760 [INFO]   Using Focal Loss (γ=2.0)
2026-06-14 02:45:14,872 [INFO]   [entropy] Seed=42 R5/10 F1=0.0200 Acc=0.0357 Labeled=600 QueryTime=0.0s GPU=140MB
2026-06-14 02:45:14,872 [INFO]   Using Focal Loss (γ=2.0)
2026-06-14 02:45:17,663 [INFO]   [entropy] Seed=42 R6/10 F1=0.0247 Acc=0.0470 Labeled=700 QueryTime=0.0s GPU=140MB
2026-06-14 02:45:17,663 [INFO]   Using Focal Loss (γ=2.0)
2026-06-14 02:45:20,328 [INFO]   [entropy] Seed=42 R7/10 F1=0.0277 Acc=0.0516 Labeled=800 QueryTime=0.0s GPU=140MB
2026-06-14 02:45:20,328 [INFO]   Using Focal Loss (γ=2.0)
2026-06-14 02:45:23,462 [INFO]   [entropy] Seed=42 R8/10 F1=0.0447 Acc=0.0680 Labeled=900 QueryTime=0.0s GPU=140MB
2026-06-14 02:45:23,462 [INFO]   Using Focal Loss (γ=2.0)
2026-06-14 02:45:26,708 [INFO]   [entropy] Seed=42 R9/10 F1=0.0513 Acc=0.0697 Labeled=1000 QueryTime=0.0s GPU=140MB
2026-06-14 02:45:26,709 [INFO]   Using Focal Loss (γ=2.0)
2026-06-14 02:45:29,160 [INFO] 
--- Full Supervised Baseline ---
2026-06-14 02:45:29,166 [INFO]   Using Focal Loss (γ=2.0)
2026-06-14 02:55:55,938 [INFO] Full Supervised: Acc=0.5699, F1=0.5668 (epochs=50, time=625.4s)
2026-06-14 02:55:56,327 [INFO] 
=== Results saved to C:\Users\28414\Desktop\机器学习—图像分类-期末汇报\output\cb_focal_baseline\cifar100\rho1\focal ===
2026-06-14 02:55:56,327 [INFO] 
Summary:
2026-06-14 02:55:56,327 [INFO] Strategy                 Final F1     ±std   p<0.05 vs Random
2026-06-14 02:55:56,327 [INFO] ------------------------------------------------------------
2026-06-14 02:55:56,327 [INFO] entropy                    0.0636   0.0000                   
2026-06-14 02:55:56,327 [INFO] Full Supervised            0.5668
2026-06-14 02:56:01,104 [INFO] === v8 Controlled-Fast AL+SSL Analysis: cifar100 ===
2026-06-14 02:56:01,104 [INFO] Budget: ultra_low, Model: simplecnn, Scheduler: True
2026-06-14 02:56:01,104 [INFO] Strategies: ['entropy']
2026-06-14 02:56:01,104 [INFO] Seeds: [42]
2026-06-14 02:56:01,104 [INFO] Rounds: 10, Initial: 100, Query: 100
2026-06-14 02:56:01,104 [INFO] SSL: True, Method: flexmatch, t-SNE: False, Resume: False
2026-06-14 02:56:01,104 [INFO] Imbalance mode: max/min class count ratio = 1
2026-06-14 02:56:01,127 [INFO] Device: cuda
2026-06-14 02:56:09,831 [INFO] Imbalance filter (Exponential): 50000 -> 50000 training samples
2026-06-14 02:56:09,832 [INFO] 
--- Strategy: entropy ---
2026-06-14 02:56:09,945 [INFO]   Using Focal Loss (γ=2.0)
2026-06-14 02:56:13,832 [INFO]   [entropy] Seed=42 R1/10 F1=0.0030 Acc=0.0205 Labeled=200 QueryTime=0.0s GPU=173MB SSL+0
2026-06-14 02:56:13,832 [INFO]   Using Focal Loss (γ=2.0)
2026-06-14 02:56:17,074 [INFO]   [entropy] Seed=42 R2/10 F1=0.0103 Acc=0.0288 Labeled=300 QueryTime=0.0s GPU=218MB SSL+0
2026-06-14 02:56:17,075 [INFO]   Using Focal Loss (γ=2.0)
2026-06-14 02:56:20,572 [INFO]   [entropy] Seed=42 R3/10 F1=0.0246 Acc=0.0395 Labeled=400 QueryTime=0.0s GPU=237MB SSL+0
2026-06-14 02:56:20,572 [INFO]   Using Focal Loss (γ=2.0)
2026-06-14 02:56:24,199 [INFO]   [entropy] Seed=42 R4/10 F1=0.0202 Acc=0.0444 Labeled=500 QueryTime=0.0s GPU=237MB SSL+0
2026-06-14 02:56:24,199 [INFO]   Using Focal Loss (γ=2.0)
2026-06-14 02:56:28,167 [INFO]   [entropy] Seed=42 R5/10 F1=0.0275 Acc=0.0513 Labeled=600 QueryTime=0.0s GPU=237MB SSL+0
2026-06-14 02:56:28,167 [INFO]   Using Focal Loss (γ=2.0)
2026-06-14 02:56:33,223 [INFO]   [entropy] Seed=42 R6/10 F1=0.0316 Acc=0.0520 Labeled=700 QueryTime=0.0s GPU=238MB SSL+0
2026-06-14 02:56:33,224 [INFO]   Using Focal Loss (γ=2.0)
2026-06-14 02:56:38,656 [INFO]   [entropy] Seed=42 R7/10 F1=0.0439 Acc=0.0667 Labeled=800 QueryTime=0.0s GPU=238MB SSL+0
2026-06-14 02:56:38,657 [INFO]   Using Focal Loss (γ=2.0)
2026-06-14 02:56:45,586 [INFO]   [entropy] Seed=42 R8/10 F1=0.0469 Acc=0.0694 Labeled=900 QueryTime=0.0s GPU=238MB SSL+0
2026-06-14 02:56:45,586 [INFO]   Using Focal Loss (γ=2.0)
2026-06-14 02:56:52,344 [INFO]   [entropy] Seed=42 R9/10 F1=0.0598 Acc=0.0803 Labeled=1000 QueryTime=0.0s GPU=238MB SSL+0
2026-06-14 02:56:52,345 [INFO]   Using Focal Loss (γ=2.0)
2026-06-14 02:56:58,550 [INFO] 
--- Full Supervised Baseline ---
2026-06-14 02:56:58,560 [INFO]   Using Focal Loss (γ=2.0)
2026-06-14 03:07:27,154 [INFO] Full Supervised: Acc=0.5606, F1=0.5573 (epochs=50, time=627.1s)
2026-06-14 03:07:27,528 [INFO] 
=== Results saved to C:\Users\28414\Desktop\机器学习—图像分类-期末汇报\output\cb_focal_baseline\cifar100\rho1\focal ===
2026-06-14 03:07:27,528 [INFO] 
Summary:
2026-06-14 03:07:27,528 [INFO] Strategy                 Final F1     ±std   p<0.05 vs Random
2026-06-14 03:07:27,528 [INFO] ------------------------------------------------------------
2026-06-14 03:07:27,528 [INFO] entropy                    0.0676   0.0000                   
2026-06-14 03:07:27,528 [INFO] Full Supervised            0.5573
