2026-06-14 04:26:41,069 [INFO] === v8 Controlled-Fast AL+SSL Analysis: cifar10 ===
2026-06-14 04:26:41,069 [INFO] Budget: ultra_low, Model: resnet18, Scheduler: True
2026-06-14 04:26:41,069 [INFO] Strategies: ['random', 'entropy', 'margin', 'coreset', 'badge', 'qbc', 'class_aware_entropy', 'gap_aware_entropy', 'adaptive_gap_entropy']
2026-06-14 04:26:41,069 [INFO] Seeds: [42, 123, 456]
2026-06-14 04:26:41,069 [INFO] Rounds: 10, Initial: 100, Query: 100
2026-06-14 04:26:41,069 [INFO] SSL: False, Method: flexmatch, t-SNE: False, Resume: False
2026-06-14 04:26:41,069 [INFO] Imbalance mode: max/min class count ratio = 10
2026-06-14 04:26:41,106 [INFO] Device: cuda
2026-06-14 04:26:50,514 [INFO] Imbalance filter (Exponential): 50000 -> 20431 training samples
2026-06-14 04:26:50,514 [INFO] 
--- Strategy: random ---
2026-06-14 04:26:52,630 [INFO]   [random] Seed=42 R1/10 F1=0.1451 Acc=0.1982 Labeled=200 QueryTime=0.0s GPU=236MB
2026-06-14 04:26:53,969 [INFO]   [random] Seed=42 R2/10 F1=0.2164 Acc=0.2568 Labeled=300 QueryTime=0.0s GPU=238MB
2026-06-14 04:26:55,430 [INFO]   [random] Seed=42 R3/10 F1=0.3281 Acc=0.3643 Labeled=400 QueryTime=0.0s GPU=253MB
2026-06-14 04:26:56,867 [INFO]   [random] Seed=42 R4/10 F1=0.3487 Acc=0.3721 Labeled=500 QueryTime=0.0s GPU=253MB
2026-06-14 04:26:58,411 [INFO]   [random] Seed=42 R5/10 F1=0.3486 Acc=0.3764 Labeled=600 QueryTime=0.0s GPU=253MB
2026-06-14 04:27:00,369 [INFO]   [random] Seed=42 R6/10 F1=0.3745 Acc=0.4126 Labeled=700 QueryTime=0.0s GPU=253MB
2026-06-14 04:27:02,254 [INFO]   [random] Seed=42 R7/10 F1=0.3959 Acc=0.4314 Labeled=800 QueryTime=0.0s GPU=253MB
2026-06-14 04:27:04,369 [INFO]   [random] Seed=42 R8/10 F1=0.4539 Acc=0.4825 Labeled=900 QueryTime=0.0s GPU=253MB
2026-06-14 04:27:06,501 [INFO]   [random] Seed=42 R9/10 F1=0.5102 Acc=0.5260 Labeled=1000 QueryTime=0.0s GPU=253MB
2026-06-14 04:27:10,539 [INFO]   [random] Seed=123 R1/10 F1=0.1836 Acc=0.2411 Labeled=200 QueryTime=0.0s GPU=238MB
2026-06-14 04:27:12,204 [INFO]   [random] Seed=123 R2/10 F1=0.2337 Acc=0.3015 Labeled=300 QueryTime=0.0s GPU=241MB
2026-06-14 04:27:13,756 [INFO]   [random] Seed=123 R3/10 F1=0.2864 Acc=0.3284 Labeled=400 QueryTime=0.0s GPU=251MB
2026-06-14 04:27:15,460 [INFO]   [random] Seed=123 R4/10 F1=0.3383 Acc=0.3749 Labeled=500 QueryTime=0.0s GPU=251MB
2026-06-14 04:27:17,246 [INFO]   [random] Seed=123 R5/10 F1=0.3852 Acc=0.4140 Labeled=600 QueryTime=0.0s GPU=251MB
2026-06-14 04:27:19,171 [INFO]   [random] Seed=123 R6/10 F1=0.4544 Acc=0.4744 Labeled=700 QueryTime=0.0s GPU=251MB
2026-06-14 04:27:21,046 [INFO]   [random] Seed=123 R7/10 F1=0.4459 Acc=0.4683 Labeled=800 QueryTime=0.0s GPU=251MB
2026-06-14 04:27:23,190 [INFO]   [random] Seed=123 R8/10 F1=0.5035 Acc=0.5219 Labeled=900 QueryTime=0.0s GPU=251MB
2026-06-14 04:27:25,480 [INFO]   [random] Seed=123 R9/10 F1=0.5027 Acc=0.5241 Labeled=1000 QueryTime=0.0s GPU=251MB
2026-06-14 04:27:29,551 [INFO]   [random] Seed=456 R1/10 F1=0.1415 Acc=0.1962 Labeled=200 QueryTime=0.0s GPU=238MB
2026-06-14 04:27:31,295 [INFO]   [random] Seed=456 R2/10 F1=0.2683 Acc=0.2975 Labeled=300 QueryTime=0.0s GPU=241MB
2026-06-14 04:27:33,221 [INFO]   [random] Seed=456 R3/10 F1=0.2778 Acc=0.3037 Labeled=400 QueryTime=0.0s GPU=251MB
2026-06-14 04:27:35,092 [INFO]   [random] Seed=456 R4/10 F1=0.3630 Acc=0.3925 Labeled=500 QueryTime=0.0s GPU=251MB
2026-06-14 04:27:36,578 [INFO]   [random] Seed=456 R5/10 F1=0.3296 Acc=0.3800 Labeled=600 QueryTime=0.0s GPU=251MB
2026-06-14 04:27:38,352 [INFO]   [random] Seed=456 R6/10 F1=0.3962 Acc=0.4181 Labeled=700 QueryTime=0.0s GPU=251MB
2026-06-14 04:27:40,254 [INFO]   [random] Seed=456 R7/10 F1=0.4067 Acc=0.4465 Labeled=800 QueryTime=0.0s GPU=251MB
2026-06-14 04:27:42,460 [INFO]   [random] Seed=456 R8/10 F1=0.4667 Acc=0.4916 Labeled=900 QueryTime=0.0s GPU=251MB
2026-06-14 04:27:44,687 [INFO]   [random] Seed=456 R9/10 F1=0.4580 Acc=0.4901 Labeled=1000 QueryTime=0.0s GPU=251MB
2026-06-14 04:27:46,719 [INFO] 
--- Strategy: entropy ---
2026-06-14 04:27:49,131 [INFO]   [entropy] Seed=42 R1/10 F1=0.1451 Acc=0.1982 Labeled=200 QueryTime=0.0s GPU=238MB
2026-06-14 04:27:51,672 [INFO]   [entropy] Seed=42 R2/10 F1=0.2495 Acc=0.2910 Labeled=300 QueryTime=0.0s GPU=241MB
2026-06-14 04:27:53,822 [INFO]   [entropy] Seed=42 R3/10 F1=0.2915 Acc=0.3418 Labeled=400 QueryTime=0.0s GPU=251MB
2026-06-14 04:27:56,202 [INFO]   [entropy] Seed=42 R4/10 F1=0.2945 Acc=0.3470 Labeled=500 QueryTime=0.0s GPU=251MB
2026-06-14 04:27:58,226 [INFO]   [entropy] Seed=42 R5/10 F1=0.3738 Acc=0.4040 Labeled=600 QueryTime=0.0s GPU=251MB
2026-06-14 04:28:00,691 [INFO]   [entropy] Seed=42 R6/10 F1=0.4172 Acc=0.4390 Labeled=700 QueryTime=0.0s GPU=251MB
2026-06-14 04:28:03,451 [INFO]   [entropy] Seed=42 R7/10 F1=0.4374 Acc=0.4609 Labeled=800 QueryTime=0.0s GPU=251MB
2026-06-14 04:28:06,002 [INFO]   [entropy] Seed=42 R8/10 F1=0.5004 Acc=0.5156 Labeled=900 QueryTime=0.0s GPU=251MB
2026-06-14 04:28:08,767 [INFO]   [entropy] Seed=42 R9/10 F1=0.4960 Acc=0.5145 Labeled=1000 QueryTime=0.0s GPU=251MB
2026-06-14 04:28:13,307 [INFO]   [entropy] Seed=123 R1/10 F1=0.1836 Acc=0.2411 Labeled=200 QueryTime=0.0s GPU=325MB
2026-06-14 04:28:15,660 [INFO]   [entropy] Seed=123 R2/10 F1=0.1993 Acc=0.2594 Labeled=300 QueryTime=0.0s GPU=329MB
2026-06-14 04:28:17,786 [INFO]   [entropy] Seed=123 R3/10 F1=0.2330 Acc=0.2868 Labeled=400 QueryTime=0.0s GPU=341MB
2026-06-14 04:28:19,959 [INFO]   [entropy] Seed=123 R4/10 F1=0.2610 Acc=0.3208 Labeled=500 QueryTime=0.0s GPU=342MB
2026-06-14 04:28:21,967 [INFO]   [entropy] Seed=123 R5/10 F1=0.2631 Acc=0.3030 Labeled=600 QueryTime=0.0s GPU=342MB
2026-06-14 04:28:24,594 [INFO]   [entropy] Seed=123 R6/10 F1=0.3772 Acc=0.3966 Labeled=700 QueryTime=0.0s GPU=342MB
2026-06-14 04:28:27,286 [INFO]   [entropy] Seed=123 R7/10 F1=0.4626 Acc=0.4895 Labeled=800 QueryTime=0.0s GPU=342MB
2026-06-14 04:28:29,954 [INFO]   [entropy] Seed=123 R8/10 F1=0.4896 Acc=0.5019 Labeled=900 QueryTime=0.0s GPU=342MB
2026-06-14 04:28:32,751 [INFO]   [entropy] Seed=123 R9/10 F1=0.4935 Acc=0.5079 Labeled=1000 QueryTime=0.0s GPU=342MB
2026-06-14 04:28:37,347 [INFO]   [entropy] Seed=456 R1/10 F1=0.1415 Acc=0.1962 Labeled=200 QueryTime=0.0s GPU=327MB
2026-06-14 04:28:39,607 [INFO]   [entropy] Seed=456 R2/10 F1=0.2440 Acc=0.2883 Labeled=300 QueryTime=0.0s GPU=327MB
2026-06-14 04:28:41,649 [INFO]   [entropy] Seed=456 R3/10 F1=0.2079 Acc=0.2466 Labeled=400 QueryTime=0.0s GPU=342MB
2026-06-14 04:28:43,648 [INFO]   [entropy] Seed=456 R4/10 F1=0.2991 Acc=0.3412 Labeled=500 QueryTime=0.0s GPU=342MB
2026-06-14 04:28:45,799 [INFO]   [entropy] Seed=456 R5/10 F1=0.3485 Acc=0.3722 Labeled=600 QueryTime=0.0s GPU=342MB
2026-06-14 04:28:48,491 [INFO]   [entropy] Seed=456 R6/10 F1=0.3666 Acc=0.3729 Labeled=700 QueryTime=0.0s GPU=342MB
2026-06-14 04:28:50,798 [INFO]   [entropy] Seed=456 R7/10 F1=0.4352 Acc=0.4476 Labeled=800 QueryTime=0.0s GPU=342MB
2026-06-14 04:28:53,365 [INFO]   [entropy] Seed=456 R8/10 F1=0.4874 Acc=0.5020 Labeled=900 QueryTime=0.0s GPU=342MB
2026-06-14 04:28:56,175 [INFO]   [entropy] Seed=456 R9/10 F1=0.5111 Acc=0.5255 Labeled=1000 QueryTime=0.0s GPU=342MB
2026-06-14 04:28:58,492 [INFO] 
--- Strategy: margin ---
2026-06-14 04:29:01,063 [INFO]   [margin] Seed=42 R1/10 F1=0.1451 Acc=0.1982 Labeled=200 QueryTime=0.0s GPU=413MB
2026-06-14 04:29:03,276 [INFO]   [margin] Seed=42 R2/10 F1=0.2509 Acc=0.3001 Labeled=300 QueryTime=0.0s GPU=417MB
2026-06-14 04:29:05,408 [INFO]   [margin] Seed=42 R3/10 F1=0.3484 Acc=0.3901 Labeled=400 QueryTime=0.0s GPU=429MB
2026-06-14 04:29:08,028 [INFO]   [margin] Seed=42 R4/10 F1=0.3834 Acc=0.4021 Labeled=500 QueryTime=0.0s GPU=429MB
2026-06-14 04:29:10,090 [INFO]   [margin] Seed=42 R5/10 F1=0.3795 Acc=0.4164 Labeled=600 QueryTime=0.0s GPU=429MB
2026-06-14 04:29:12,497 [INFO]   [margin] Seed=42 R6/10 F1=0.4343 Acc=0.4668 Labeled=700 QueryTime=0.0s GPU=429MB
2026-06-14 04:29:15,015 [INFO]   [margin] Seed=42 R7/10 F1=0.4519 Acc=0.4760 Labeled=800 QueryTime=0.0s GPU=429MB
2026-06-14 04:29:17,858 [INFO]   [margin] Seed=42 R8/10 F1=0.5051 Acc=0.5344 Labeled=900 QueryTime=0.0s GPU=429MB
2026-06-14 04:29:20,672 [INFO]   [margin] Seed=42 R9/10 F1=0.4944 Acc=0.5232 Labeled=1000 QueryTime=0.0s GPU=429MB
2026-06-14 04:29:25,445 [INFO]   [margin] Seed=123 R1/10 F1=0.1836 Acc=0.2411 Labeled=200 QueryTime=0.0s GPU=501MB
2026-06-14 04:29:27,850 [INFO]   [margin] Seed=123 R2/10 F1=0.2714 Acc=0.3280 Labeled=300 QueryTime=0.0s GPU=507MB
2026-06-14 04:29:29,930 [INFO]   [margin] Seed=123 R3/10 F1=0.2977 Acc=0.3451 Labeled=400 QueryTime=0.0s GPU=516MB
2026-06-14 04:29:32,127 [INFO]   [margin] Seed=123 R4/10 F1=0.3343 Acc=0.3672 Labeled=500 QueryTime=0.0s GPU=516MB
2026-06-14 04:29:34,514 [INFO]   [margin] Seed=123 R5/10 F1=0.3543 Acc=0.3912 Labeled=600 QueryTime=0.0s GPU=516MB
2026-06-14 04:29:36,947 [INFO]   [margin] Seed=123 R6/10 F1=0.4204 Acc=0.4447 Labeled=700 QueryTime=0.0s GPU=516MB
2026-06-14 04:29:39,761 [INFO]   [margin] Seed=123 R7/10 F1=0.4271 Acc=0.4579 Labeled=800 QueryTime=0.0s GPU=516MB
2026-06-14 04:29:42,778 [INFO]   [margin] Seed=123 R8/10 F1=0.5001 Acc=0.5221 Labeled=900 QueryTime=0.0s GPU=516MB
2026-06-14 04:29:45,628 [INFO]   [margin] Seed=123 R9/10 F1=0.5217 Acc=0.5374 Labeled=1000 QueryTime=0.0s GPU=516MB
2026-06-14 04:29:50,347 [INFO]   [margin] Seed=456 R1/10 F1=0.1415 Acc=0.1962 Labeled=200 QueryTime=0.0s GPU=593MB
2026-06-14 04:29:52,383 [INFO]   [margin] Seed=456 R2/10 F1=0.2217 Acc=0.2732 Labeled=300 QueryTime=0.0s GPU=598MB
2026-06-14 04:29:54,529 [INFO]   [margin] Seed=456 R3/10 F1=0.3269 Acc=0.3405 Labeled=400 QueryTime=0.0s GPU=606MB
2026-06-14 04:29:56,845 [INFO]   [margin] Seed=456 R4/10 F1=0.3593 Acc=0.3815 Labeled=500 QueryTime=0.0s GPU=606MB
2026-06-14 04:29:59,067 [INFO]   [margin] Seed=456 R5/10 F1=0.4111 Acc=0.4354 Labeled=600 QueryTime=0.0s GPU=606MB
2026-06-14 04:30:01,616 [INFO]   [margin] Seed=456 R6/10 F1=0.4170 Acc=0.4410 Labeled=700 QueryTime=0.0s GPU=606MB
2026-06-14 04:30:04,278 [INFO]   [margin] Seed=456 R7/10 F1=0.4505 Acc=0.4713 Labeled=800 QueryTime=0.0s GPU=606MB
2026-06-14 04:30:06,974 [INFO]   [margin] Seed=456 R8/10 F1=0.5165 Acc=0.5179 Labeled=900 QueryTime=0.0s GPU=606MB
2026-06-14 04:30:09,957 [INFO]   [margin] Seed=456 R9/10 F1=0.5405 Acc=0.5535 Labeled=1000 QueryTime=0.0s GPU=606MB
2026-06-14 04:30:12,132 [INFO] 
--- Strategy: coreset ---
2026-06-14 04:30:14,864 [INFO]   [coreset] Seed=42 R1/10 F1=0.1451 Acc=0.1982 Labeled=200 QueryTime=0.5s GPU=676MB
2026-06-14 04:30:17,693 [INFO]   [coreset] Seed=42 R2/10 F1=0.2416 Acc=0.2834 Labeled=300 QueryTime=1.0s GPU=685MB
2026-06-14 04:30:21,037 [INFO]   [coreset] Seed=42 R3/10 F1=0.3420 Acc=0.3750 Labeled=400 QueryTime=1.2s GPU=693MB
2026-06-14 04:30:24,571 [INFO]   [coreset] Seed=42 R4/10 F1=0.3766 Acc=0.4069 Labeled=500 QueryTime=1.5s GPU=693MB
2026-06-14 04:30:28,839 [INFO]   [coreset] Seed=42 R5/10 F1=0.2743 Acc=0.3315 Labeled=600 QueryTime=2.1s GPU=693MB
2026-06-14 04:30:33,507 [INFO]   [coreset] Seed=42 R6/10 F1=0.4759 Acc=0.4909 Labeled=700 QueryTime=2.4s GPU=693MB
2026-06-14 04:30:38,158 [INFO]   [coreset] Seed=42 R7/10 F1=0.4609 Acc=0.4776 Labeled=800 QueryTime=2.4s GPU=693MB
2026-06-14 04:30:43,629 [INFO]   [coreset] Seed=42 R8/10 F1=0.4918 Acc=0.5093 Labeled=900 QueryTime=2.9s GPU=693MB
2026-06-14 04:30:49,660 [INFO]   [coreset] Seed=42 R9/10 F1=0.5328 Acc=0.5398 Labeled=1000 QueryTime=3.5s GPU=693MB
2026-06-14 04:30:54,391 [INFO]   [coreset] Seed=123 R1/10 F1=0.1836 Acc=0.2411 Labeled=200 QueryTime=0.5s GPU=676MB
2026-06-14 04:30:57,495 [INFO]   [coreset] Seed=123 R2/10 F1=0.2139 Acc=0.2633 Labeled=300 QueryTime=0.9s GPU=685MB
2026-06-14 04:31:00,499 [INFO]   [coreset] Seed=123 R3/10 F1=0.2837 Acc=0.3344 Labeled=400 QueryTime=1.1s GPU=693MB
2026-06-14 04:31:04,160 [INFO]   [coreset] Seed=123 R4/10 F1=0.3800 Acc=0.4014 Labeled=500 QueryTime=1.5s GPU=693MB
2026-06-14 04:31:08,084 [INFO]   [coreset] Seed=123 R5/10 F1=0.3627 Acc=0.3795 Labeled=600 QueryTime=2.0s GPU=693MB
2026-06-14 04:31:12,742 [INFO]   [coreset] Seed=123 R6/10 F1=0.3986 Acc=0.4320 Labeled=700 QueryTime=2.5s GPU=693MB
2026-06-14 04:31:17,358 [INFO]   [coreset] Seed=123 R7/10 F1=0.4833 Acc=0.4997 Labeled=800 QueryTime=2.3s GPU=693MB
2026-06-14 04:31:22,808 [INFO]   [coreset] Seed=123 R8/10 F1=0.4653 Acc=0.4776 Labeled=900 QueryTime=2.9s GPU=693MB
2026-06-14 04:31:28,671 [INFO]   [coreset] Seed=123 R9/10 F1=0.5201 Acc=0.5339 Labeled=1000 QueryTime=3.4s GPU=693MB
2026-06-14 04:31:33,544 [INFO]   [coreset] Seed=456 R1/10 F1=0.1415 Acc=0.1962 Labeled=200 QueryTime=0.5s GPU=676MB
2026-06-14 04:31:36,438 [INFO]   [coreset] Seed=456 R2/10 F1=0.2308 Acc=0.2768 Labeled=300 QueryTime=0.7s GPU=685MB
2026-06-14 04:31:39,349 [INFO]   [coreset] Seed=456 R3/10 F1=0.3556 Acc=0.3707 Labeled=400 QueryTime=1.0s GPU=693MB
2026-06-14 04:31:43,484 [INFO]   [coreset] Seed=456 R4/10 F1=0.3453 Acc=0.3598 Labeled=500 QueryTime=1.6s GPU=693MB
2026-06-14 04:31:47,491 [INFO]   [coreset] Seed=456 R5/10 F1=0.3595 Acc=0.3857 Labeled=600 QueryTime=2.0s GPU=693MB
2026-06-14 04:31:52,182 [INFO]   [coreset] Seed=456 R6/10 F1=0.3812 Acc=0.4110 Labeled=700 QueryTime=2.3s GPU=693MB
2026-06-14 04:31:56,966 [INFO]   [coreset] Seed=456 R7/10 F1=0.4710 Acc=0.4835 Labeled=800 QueryTime=2.5s GPU=693MB
2026-06-14 04:32:02,636 [INFO]   [coreset] Seed=456 R8/10 F1=0.4845 Acc=0.4992 Labeled=900 QueryTime=3.1s GPU=693MB
2026-06-14 04:32:08,694 [INFO]   [coreset] Seed=456 R9/10 F1=0.5101 Acc=0.5204 Labeled=1000 QueryTime=3.6s GPU=693MB
2026-06-14 04:32:10,892 [INFO] 
--- Strategy: badge ---
2026-06-14 04:32:17,022 [INFO]   [badge] Seed=42 R1/10 F1=0.1451 Acc=0.1982 Labeled=200 QueryTime=4.0s GPU=676MB
2026-06-14 04:32:22,184 [INFO]   [badge] Seed=42 R2/10 F1=0.2500 Acc=0.2963 Labeled=300 QueryTime=3.2s GPU=685MB
2026-06-14 04:32:27,452 [INFO]   [badge] Seed=42 R3/10 F1=0.3396 Acc=0.3654 Labeled=400 QueryTime=3.2s GPU=693MB
2026-06-14 04:32:33,095 [INFO]   [badge] Seed=42 R4/10 F1=0.3272 Acc=0.3674 Labeled=500 QueryTime=3.7s GPU=693MB
2026-06-14 04:32:38,839 [INFO]   [badge] Seed=42 R5/10 F1=0.3560 Acc=0.3840 Labeled=600 QueryTime=3.8s GPU=693MB
2026-06-14 04:32:45,225 [INFO]   [badge] Seed=42 R6/10 F1=0.4494 Acc=0.4715 Labeled=700 QueryTime=4.0s GPU=693MB
2026-06-14 04:32:51,329 [INFO]   [badge] Seed=42 R7/10 F1=0.4593 Acc=0.4739 Labeled=800 QueryTime=3.8s GPU=693MB
2026-06-14 04:32:57,492 [INFO]   [badge] Seed=42 R8/10 F1=0.4752 Acc=0.4996 Labeled=900 QueryTime=3.7s GPU=693MB
2026-06-14 04:33:03,721 [INFO]   [badge] Seed=42 R9/10 F1=0.5118 Acc=0.5266 Labeled=1000 QueryTime=3.7s GPU=693MB
2026-06-14 04:33:11,502 [INFO]   [badge] Seed=123 R1/10 F1=0.1836 Acc=0.2411 Labeled=200 QueryTime=3.6s GPU=676MB
2026-06-14 04:33:16,658 [INFO]   [badge] Seed=123 R2/10 F1=0.2219 Acc=0.2593 Labeled=300 QueryTime=3.2s GPU=685MB
2026-06-14 04:33:22,611 [INFO]   [badge] Seed=123 R3/10 F1=0.3049 Acc=0.3586 Labeled=400 QueryTime=3.9s GPU=693MB
2026-06-14 04:33:28,230 [INFO]   [badge] Seed=123 R4/10 F1=0.3067 Acc=0.3552 Labeled=500 QueryTime=3.6s GPU=693MB
2026-06-14 04:33:33,921 [INFO]   [badge] Seed=123 R5/10 F1=0.4059 Acc=0.4264 Labeled=600 QueryTime=3.8s GPU=693MB
2026-06-14 04:33:40,097 [INFO]   [badge] Seed=123 R6/10 F1=0.4725 Acc=0.4859 Labeled=700 QueryTime=4.0s GPU=693MB
2026-06-14 04:33:45,503 [INFO]   [badge] Seed=123 R7/10 F1=0.4955 Acc=0.5011 Labeled=800 QueryTime=3.2s GPU=693MB
2026-06-14 04:33:51,845 [INFO]   [badge] Seed=123 R8/10 F1=0.5061 Acc=0.5201 Labeled=900 QueryTime=3.8s GPU=693MB
2026-06-14 04:33:58,276 [INFO]   [badge] Seed=123 R9/10 F1=0.5475 Acc=0.5596 Labeled=1000 QueryTime=3.8s GPU=693MB
2026-06-14 04:34:05,865 [INFO]   [badge] Seed=456 R1/10 F1=0.1415 Acc=0.1962 Labeled=200 QueryTime=3.3s GPU=502MB
2026-06-14 04:34:11,711 [INFO]   [badge] Seed=456 R2/10 F1=0.2483 Acc=0.3008 Labeled=300 QueryTime=3.7s GPU=506MB
2026-06-14 04:34:17,492 [INFO]   [badge] Seed=456 R3/10 F1=0.3335 Acc=0.3649 Labeled=400 QueryTime=3.7s GPU=516MB
2026-06-14 04:34:23,261 [INFO]   [badge] Seed=456 R4/10 F1=0.3516 Acc=0.3872 Labeled=500 QueryTime=3.8s GPU=516MB
2026-06-14 04:34:29,460 [INFO]   [badge] Seed=456 R5/10 F1=0.3973 Acc=0.4240 Labeled=600 QueryTime=4.1s GPU=516MB
2026-06-14 04:34:35,234 [INFO]   [badge] Seed=456 R6/10 F1=0.4230 Acc=0.4565 Labeled=700 QueryTime=3.3s GPU=516MB
2026-06-14 04:34:40,890 [INFO]   [badge] Seed=456 R7/10 F1=0.4622 Acc=0.4784 Labeled=800 QueryTime=3.3s GPU=516MB
2026-06-14 04:34:46,799 [INFO]   [badge] Seed=456 R8/10 F1=0.5117 Acc=0.5213 Labeled=900 QueryTime=3.5s GPU=516MB
2026-06-14 04:34:52,497 [INFO]   [badge] Seed=456 R9/10 F1=0.5319 Acc=0.5446 Labeled=1000 QueryTime=3.2s GPU=516MB
2026-06-14 04:34:54,719 [INFO] 
--- Strategy: qbc ---
2026-06-14 04:34:58,926 [INFO]   [qbc] Seed=42 R1/10 F1=0.1451 Acc=0.1982 Labeled=200 QueryTime=2.4s GPU=502MB
2026-06-14 04:35:02,321 [INFO]   [qbc] Seed=42 R2/10 F1=0.2043 Acc=0.2699 Labeled=300 QueryTime=1.5s GPU=689MB
2026-06-14 04:35:05,512 [INFO]   [qbc] Seed=42 R3/10 F1=0.2881 Acc=0.3224 Labeled=400 QueryTime=1.6s GPU=697MB
2026-06-14 04:35:08,622 [INFO]   [qbc] Seed=42 R4/10 F1=0.3364 Acc=0.3688 Labeled=500 QueryTime=1.3s GPU=698MB
2026-06-14 04:35:11,444 [INFO]   [qbc] Seed=42 R5/10 F1=0.3844 Acc=0.3975 Labeled=600 QueryTime=1.2s GPU=699MB
2026-06-14 04:35:14,892 [INFO]   [qbc] Seed=42 R6/10 F1=0.4164 Acc=0.4396 Labeled=700 QueryTime=1.5s GPU=699MB
2026-06-14 04:35:18,280 [INFO]   [qbc] Seed=42 R7/10 F1=0.4761 Acc=0.4909 Labeled=800 QueryTime=1.4s GPU=703MB
2026-06-14 04:35:22,191 [INFO]   [qbc] Seed=42 R8/10 F1=0.5153 Acc=0.5284 Labeled=900 QueryTime=1.6s GPU=700MB
2026-06-14 04:35:26,231 [INFO]   [qbc] Seed=42 R9/10 F1=0.5202 Acc=0.5343 Labeled=1000 QueryTime=1.6s GPU=697MB
2026-06-14 04:35:32,397 [INFO]   [qbc] Seed=123 R1/10 F1=0.1836 Acc=0.2411 Labeled=200 QueryTime=1.6s GPU=502MB
2026-06-14 04:35:34,947 [INFO]   [qbc] Seed=123 R2/10 F1=0.2141 Acc=0.2849 Labeled=300 QueryTime=1.1s GPU=689MB
2026-06-14 04:35:38,125 [INFO]   [qbc] Seed=123 R3/10 F1=0.3043 Acc=0.3373 Labeled=400 QueryTime=1.4s GPU=697MB
2026-06-14 04:35:40,935 [INFO]   [qbc] Seed=123 R4/10 F1=0.2904 Acc=0.3496 Labeled=500 QueryTime=1.2s GPU=698MB
2026-06-14 04:35:43,899 [INFO]   [qbc] Seed=123 R5/10 F1=0.3051 Acc=0.3629 Labeled=600 QueryTime=1.2s GPU=699MB
2026-06-14 04:35:47,443 [INFO]   [qbc] Seed=123 R6/10 F1=0.4213 Acc=0.4612 Labeled=700 QueryTime=1.5s GPU=699MB
2026-06-14 04:35:51,032 [INFO]   [qbc] Seed=123 R7/10 F1=0.4297 Acc=0.4632 Labeled=800 QueryTime=1.5s GPU=703MB
2026-06-14 04:35:55,096 [INFO]   [qbc] Seed=123 R8/10 F1=0.4973 Acc=0.5212 Labeled=900 QueryTime=1.7s GPU=700MB
2026-06-14 04:35:59,076 [INFO]   [qbc] Seed=123 R9/10 F1=0.4755 Acc=0.5110 Labeled=1000 QueryTime=1.6s GPU=697MB
2026-06-14 04:36:05,218 [INFO]   [qbc] Seed=456 R1/10 F1=0.1415 Acc=0.1962 Labeled=200 QueryTime=2.1s GPU=502MB
2026-06-14 04:36:08,096 [INFO]   [qbc] Seed=456 R2/10 F1=0.2271 Acc=0.2645 Labeled=300 QueryTime=1.2s GPU=689MB
2026-06-14 04:36:11,082 [INFO]   [qbc] Seed=456 R3/10 F1=0.3056 Acc=0.3338 Labeled=400 QueryTime=1.3s GPU=697MB
2026-06-14 04:36:14,282 [INFO]   [qbc] Seed=456 R4/10 F1=0.2962 Acc=0.3212 Labeled=500 QueryTime=1.4s GPU=698MB
2026-06-14 04:36:17,207 [INFO]   [qbc] Seed=456 R5/10 F1=0.3482 Acc=0.3838 Labeled=600 QueryTime=1.3s GPU=699MB
2026-06-14 04:36:20,609 [INFO]   [qbc] Seed=456 R6/10 F1=0.4390 Acc=0.4504 Labeled=700 QueryTime=1.4s GPU=699MB
2026-06-14 04:36:24,294 [INFO]   [qbc] Seed=456 R7/10 F1=0.4733 Acc=0.4823 Labeled=800 QueryTime=1.6s GPU=703MB
2026-06-14 04:36:28,537 [INFO]   [qbc] Seed=456 R8/10 F1=0.4988 Acc=0.5160 Labeled=900 QueryTime=1.6s GPU=700MB
2026-06-14 04:36:32,448 [INFO]   [qbc] Seed=456 R9/10 F1=0.4749 Acc=0.5007 Labeled=1000 QueryTime=1.7s GPU=697MB
2026-06-14 04:36:34,876 [INFO] 
--- Strategy: class_aware_entropy ---
2026-06-14 04:36:37,172 [INFO]   [class_aware_entropy] Seed=42 R1/10 F1=0.1451 Acc=0.1982 Labeled=200 QueryTime=0.0s GPU=414MB
2026-06-14 04:36:39,029 [INFO]   [class_aware_entropy] Seed=42 R2/10 F1=0.2450 Acc=0.2766 Labeled=300 QueryTime=0.0s GPU=417MB
2026-06-14 04:36:41,092 [INFO]   [class_aware_entropy] Seed=42 R3/10 F1=0.2024 Acc=0.2532 Labeled=400 QueryTime=0.0s GPU=429MB
2026-06-14 04:36:43,296 [INFO]   [class_aware_entropy] Seed=42 R4/10 F1=0.3165 Acc=0.3647 Labeled=500 QueryTime=0.1s GPU=429MB
2026-06-14 04:36:45,206 [INFO]   [class_aware_entropy] Seed=42 R5/10 F1=0.3537 Acc=0.3956 Labeled=600 QueryTime=0.1s GPU=429MB
2026-06-14 04:36:47,587 [INFO]   [class_aware_entropy] Seed=42 R6/10 F1=0.4284 Acc=0.4491 Labeled=700 QueryTime=0.1s GPU=429MB
2026-06-14 04:36:50,029 [INFO]   [class_aware_entropy] Seed=42 R7/10 F1=0.4319 Acc=0.4635 Labeled=800 QueryTime=0.1s GPU=429MB
2026-06-14 04:36:52,732 [INFO]   [class_aware_entropy] Seed=42 R8/10 F1=0.4903 Acc=0.5048 Labeled=900 QueryTime=0.1s GPU=429MB
2026-06-14 04:36:55,409 [INFO]   [class_aware_entropy] Seed=42 R9/10 F1=0.5027 Acc=0.5153 Labeled=1000 QueryTime=0.1s GPU=429MB
2026-06-14 04:36:59,742 [INFO]   [class_aware_entropy] Seed=123 R1/10 F1=0.1836 Acc=0.2411 Labeled=200 QueryTime=0.0s GPU=414MB
2026-06-14 04:37:01,998 [INFO]   [class_aware_entropy] Seed=123 R2/10 F1=0.2167 Acc=0.2620 Labeled=300 QueryTime=0.0s GPU=417MB
2026-06-14 04:37:03,932 [INFO]   [class_aware_entropy] Seed=123 R3/10 F1=0.2285 Acc=0.2914 Labeled=400 QueryTime=0.0s GPU=429MB
2026-06-14 04:37:05,733 [INFO]   [class_aware_entropy] Seed=123 R4/10 F1=0.3305 Acc=0.3755 Labeled=500 QueryTime=0.1s GPU=429MB
2026-06-14 04:37:07,694 [INFO]   [class_aware_entropy] Seed=123 R5/10 F1=0.3194 Acc=0.3787 Labeled=600 QueryTime=0.1s GPU=429MB
2026-06-14 04:37:09,980 [INFO]   [class_aware_entropy] Seed=123 R6/10 F1=0.4076 Acc=0.4422 Labeled=700 QueryTime=0.1s GPU=429MB
2026-06-14 04:37:12,395 [INFO]   [class_aware_entropy] Seed=123 R7/10 F1=0.4181 Acc=0.4369 Labeled=800 QueryTime=0.1s GPU=341MB
2026-06-14 04:37:15,075 [INFO]   [class_aware_entropy] Seed=123 R8/10 F1=0.4848 Acc=0.5127 Labeled=900 QueryTime=0.1s GPU=341MB
2026-06-14 04:37:17,678 [INFO]   [class_aware_entropy] Seed=123 R9/10 F1=0.4781 Acc=0.5031 Labeled=1000 QueryTime=0.1s GPU=341MB
2026-06-14 04:37:21,980 [INFO]   [class_aware_entropy] Seed=456 R1/10 F1=0.1415 Acc=0.1962 Labeled=200 QueryTime=0.0s GPU=326MB
2026-06-14 04:37:24,088 [INFO]   [class_aware_entropy] Seed=456 R2/10 F1=0.2228 Acc=0.2535 Labeled=300 QueryTime=0.0s GPU=332MB
2026-06-14 04:37:26,481 [INFO]   [class_aware_entropy] Seed=456 R3/10 F1=0.2912 Acc=0.3186 Labeled=400 QueryTime=0.0s GPU=341MB
2026-06-14 04:37:28,570 [INFO]   [class_aware_entropy] Seed=456 R4/10 F1=0.3186 Acc=0.3476 Labeled=500 QueryTime=0.1s GPU=341MB
2026-06-14 04:37:30,579 [INFO]   [class_aware_entropy] Seed=456 R5/10 F1=0.3549 Acc=0.3806 Labeled=600 QueryTime=0.1s GPU=341MB
2026-06-14 04:37:33,122 [INFO]   [class_aware_entropy] Seed=456 R6/10 F1=0.4174 Acc=0.4383 Labeled=700 QueryTime=0.1s GPU=341MB
2026-06-14 04:37:35,790 [INFO]   [class_aware_entropy] Seed=456 R7/10 F1=0.4304 Acc=0.4433 Labeled=800 QueryTime=0.1s GPU=341MB
2026-06-14 04:37:38,759 [INFO]   [class_aware_entropy] Seed=456 R8/10 F1=0.4903 Acc=0.5060 Labeled=900 QueryTime=0.1s GPU=341MB
2026-06-14 04:37:41,570 [INFO]   [class_aware_entropy] Seed=456 R9/10 F1=0.5254 Acc=0.5398 Labeled=1000 QueryTime=0.1s GPU=341MB
2026-06-14 04:37:44,200 [INFO] 
--- Strategy: gap_aware_entropy ---
2026-06-14 04:37:46,816 [INFO]   [gap_aware_entropy] Seed=42 R1/10 F1=0.1451 Acc=0.1982 Labeled=200 QueryTime=0.0s GPU=326MB
2026-06-14 04:37:48,909 [INFO]   [gap_aware_entropy] Seed=42 R2/10 F1=0.2417 Acc=0.3013 Labeled=300 QueryTime=0.0s GPU=332MB
2026-06-14 04:37:51,154 [INFO]   [gap_aware_entropy] Seed=42 R3/10 F1=0.3277 Acc=0.3385 Labeled=400 QueryTime=0.0s GPU=341MB
2026-06-14 04:37:53,504 [INFO]   [gap_aware_entropy] Seed=42 R4/10 F1=0.2755 Acc=0.3223 Labeled=500 QueryTime=0.1s GPU=341MB
2026-06-14 04:37:55,576 [INFO]   [gap_aware_entropy] Seed=42 R5/10 F1=0.3663 Acc=0.4044 Labeled=600 QueryTime=0.1s GPU=341MB
2026-06-14 04:37:58,107 [INFO]   [gap_aware_entropy] Seed=42 R6/10 F1=0.3875 Acc=0.4047 Labeled=700 QueryTime=0.1s GPU=341MB
2026-06-14 04:38:00,610 [INFO]   [gap_aware_entropy] Seed=42 R7/10 F1=0.4147 Acc=0.4390 Labeled=800 QueryTime=0.1s GPU=341MB
2026-06-14 04:38:03,608 [INFO]   [gap_aware_entropy] Seed=42 R8/10 F1=0.4516 Acc=0.4684 Labeled=900 QueryTime=0.1s GPU=341MB
2026-06-14 04:38:06,371 [INFO]   [gap_aware_entropy] Seed=42 R9/10 F1=0.5157 Acc=0.5322 Labeled=1000 QueryTime=0.1s GPU=341MB
2026-06-14 04:38:10,870 [INFO]   [gap_aware_entropy] Seed=123 R1/10 F1=0.1836 Acc=0.2411 Labeled=200 QueryTime=0.0s GPU=326MB
2026-06-14 04:38:12,996 [INFO]   [gap_aware_entropy] Seed=123 R2/10 F1=0.1521 Acc=0.2259 Labeled=300 QueryTime=0.0s GPU=332MB
2026-06-14 04:38:14,823 [INFO]   [gap_aware_entropy] Seed=123 R3/10 F1=0.2648 Acc=0.3135 Labeled=400 QueryTime=0.0s GPU=341MB
2026-06-14 04:38:16,657 [INFO]   [gap_aware_entropy] Seed=123 R4/10 F1=0.3657 Acc=0.3877 Labeled=500 QueryTime=0.1s GPU=341MB
2026-06-14 04:38:18,678 [INFO]   [gap_aware_entropy] Seed=123 R5/10 F1=0.4272 Acc=0.4547 Labeled=600 QueryTime=0.1s GPU=341MB
2026-06-14 04:38:21,002 [INFO]   [gap_aware_entropy] Seed=123 R6/10 F1=0.4768 Acc=0.4867 Labeled=700 QueryTime=0.1s GPU=341MB
2026-06-14 04:38:23,377 [INFO]   [gap_aware_entropy] Seed=123 R7/10 F1=0.4833 Acc=0.4997 Labeled=800 QueryTime=0.1s GPU=341MB
2026-06-14 04:38:26,024 [INFO]   [gap_aware_entropy] Seed=123 R8/10 F1=0.4878 Acc=0.4991 Labeled=900 QueryTime=0.1s GPU=341MB
2026-06-14 04:38:28,847 [INFO]   [gap_aware_entropy] Seed=123 R9/10 F1=0.5460 Acc=0.5563 Labeled=1000 QueryTime=0.1s GPU=341MB
2026-06-14 04:38:33,210 [INFO]   [gap_aware_entropy] Seed=456 R1/10 F1=0.1415 Acc=0.1962 Labeled=200 QueryTime=0.0s GPU=326MB
2026-06-14 04:38:35,346 [INFO]   [gap_aware_entropy] Seed=456 R2/10 F1=0.2235 Acc=0.2819 Labeled=300 QueryTime=0.0s GPU=332MB
2026-06-14 04:38:37,207 [INFO]   [gap_aware_entropy] Seed=456 R3/10 F1=0.3284 Acc=0.3526 Labeled=400 QueryTime=0.0s GPU=341MB
2026-06-14 04:38:39,142 [INFO]   [gap_aware_entropy] Seed=456 R4/10 F1=0.3621 Acc=0.3961 Labeled=500 QueryTime=0.1s GPU=341MB
2026-06-14 04:38:41,328 [INFO]   [gap_aware_entropy] Seed=456 R5/10 F1=0.3877 Acc=0.4035 Labeled=600 QueryTime=0.1s GPU=341MB
2026-06-14 04:38:43,412 [INFO]   [gap_aware_entropy] Seed=456 R6/10 F1=0.4338 Acc=0.4523 Labeled=700 QueryTime=0.1s GPU=341MB
2026-06-14 04:38:45,743 [INFO]   [gap_aware_entropy] Seed=456 R7/10 F1=0.4788 Acc=0.4791 Labeled=800 QueryTime=0.1s GPU=341MB
2026-06-14 04:38:48,360 [INFO]   [gap_aware_entropy] Seed=456 R8/10 F1=0.5088 Acc=0.5204 Labeled=900 QueryTime=0.1s GPU=341MB
2026-06-14 04:38:51,097 [INFO]   [gap_aware_entropy] Seed=456 R9/10 F1=0.5218 Acc=0.5320 Labeled=1000 QueryTime=0.1s GPU=341MB
2026-06-14 04:38:53,230 [INFO] 
--- Strategy: adaptive_gap_entropy ---
2026-06-14 04:38:55,351 [INFO]   [adaptive_gap_entropy] Seed=42 R1/10 F1=0.1451 Acc=0.1982 Labeled=200 QueryTime=0.0s GPU=326MB
2026-06-14 04:38:57,518 [INFO]   [adaptive_gap_entropy] Seed=42 R2/10 F1=0.2105 Acc=0.2693 Labeled=300 QueryTime=0.0s GPU=332MB
2026-06-14 04:38:59,393 [INFO]   [adaptive_gap_entropy] Seed=42 R3/10 F1=0.2722 Acc=0.3355 Labeled=400 QueryTime=0.0s GPU=341MB
2026-06-14 04:39:01,408 [INFO]   [adaptive_gap_entropy] Seed=42 R4/10 F1=0.2796 Acc=0.3186 Labeled=500 QueryTime=0.1s GPU=341MB
2026-06-14 04:39:03,563 [INFO]   [adaptive_gap_entropy] Seed=42 R5/10 F1=0.3503 Acc=0.3815 Labeled=600 QueryTime=0.1s GPU=341MB
2026-06-14 04:39:05,753 [INFO]   [adaptive_gap_entropy] Seed=42 R6/10 F1=0.4425 Acc=0.4558 Labeled=700 QueryTime=0.1s GPU=341MB
2026-06-14 04:39:08,036 [INFO]   [adaptive_gap_entropy] Seed=42 R7/10 F1=0.4622 Acc=0.4685 Labeled=800 QueryTime=0.1s GPU=341MB
2026-06-14 04:39:10,588 [INFO]   [adaptive_gap_entropy] Seed=42 R8/10 F1=0.5038 Acc=0.5179 Labeled=900 QueryTime=0.1s GPU=341MB
2026-06-14 04:39:13,221 [INFO]   [adaptive_gap_entropy] Seed=42 R9/10 F1=0.5024 Acc=0.5147 Labeled=1000 QueryTime=0.1s GPU=341MB
2026-06-14 04:39:17,758 [INFO]   [adaptive_gap_entropy] Seed=123 R1/10 F1=0.1836 Acc=0.2411 Labeled=200 QueryTime=0.0s GPU=326MB
2026-06-14 04:39:19,688 [INFO]   [adaptive_gap_entropy] Seed=123 R2/10 F1=0.2116 Acc=0.2733 Labeled=300 QueryTime=0.0s GPU=332MB
2026-06-14 04:39:21,803 [INFO]   [adaptive_gap_entropy] Seed=123 R3/10 F1=0.2516 Acc=0.3163 Labeled=400 QueryTime=0.0s GPU=341MB
2026-06-14 04:39:24,031 [INFO]   [adaptive_gap_entropy] Seed=123 R4/10 F1=0.3538 Acc=0.3840 Labeled=500 QueryTime=0.1s GPU=341MB
2026-06-14 04:39:26,128 [INFO]   [adaptive_gap_entropy] Seed=123 R5/10 F1=0.3195 Acc=0.3774 Labeled=600 QueryTime=0.1s GPU=341MB
2026-06-14 04:39:28,480 [INFO]   [adaptive_gap_entropy] Seed=123 R6/10 F1=0.4103 Acc=0.4304 Labeled=700 QueryTime=0.1s GPU=341MB
2026-06-14 04:39:30,904 [INFO]   [adaptive_gap_entropy] Seed=123 R7/10 F1=0.4536 Acc=0.4683 Labeled=800 QueryTime=0.1s GPU=341MB
2026-06-14 04:39:33,641 [INFO]   [adaptive_gap_entropy] Seed=123 R8/10 F1=0.5004 Acc=0.5152 Labeled=900 QueryTime=0.1s GPU=341MB
2026-06-14 04:39:36,494 [INFO]   [adaptive_gap_entropy] Seed=123 R9/10 F1=0.5294 Acc=0.5364 Labeled=1000 QueryTime=0.1s GPU=341MB
2026-06-14 04:39:41,170 [INFO]   [adaptive_gap_entropy] Seed=456 R1/10 F1=0.1415 Acc=0.1962 Labeled=200 QueryTime=0.0s GPU=326MB
2026-06-14 04:39:43,073 [INFO]   [adaptive_gap_entropy] Seed=456 R2/10 F1=0.2204 Acc=0.2756 Labeled=300 QueryTime=0.0s GPU=332MB
2026-06-14 04:39:45,129 [INFO]   [adaptive_gap_entropy] Seed=456 R3/10 F1=0.2705 Acc=0.3071 Labeled=400 QueryTime=0.0s GPU=341MB
2026-06-14 04:39:47,383 [INFO]   [adaptive_gap_entropy] Seed=456 R4/10 F1=0.3763 Acc=0.3885 Labeled=500 QueryTime=0.1s GPU=341MB
2026-06-14 04:39:49,351 [INFO]   [adaptive_gap_entropy] Seed=456 R5/10 F1=0.3576 Acc=0.3861 Labeled=600 QueryTime=0.1s GPU=341MB
2026-06-14 04:39:51,731 [INFO]   [adaptive_gap_entropy] Seed=456 R6/10 F1=0.4568 Acc=0.4654 Labeled=700 QueryTime=0.1s GPU=341MB
2026-06-14 04:39:54,188 [INFO]   [adaptive_gap_entropy] Seed=456 R7/10 F1=0.4677 Acc=0.4884 Labeled=800 QueryTime=0.1s GPU=341MB
2026-06-14 04:39:56,914 [INFO]   [adaptive_gap_entropy] Seed=456 R8/10 F1=0.4803 Acc=0.4948 Labeled=900 QueryTime=0.1s GPU=341MB
2026-06-14 04:39:59,715 [INFO]   [adaptive_gap_entropy] Seed=456 R9/10 F1=0.5121 Acc=0.5327 Labeled=1000 QueryTime=0.1s GPU=341MB
2026-06-14 04:40:01,822 [INFO] 
--- Full Supervised Baseline ---
2026-06-14 04:41:56,210 [INFO] Full Supervised: Acc=0.7934, F1=0.7875 (epochs=50, time=113.0s)
2026-06-14 04:41:57,086 [INFO] 
=== Results saved to C:\Users\28414\Desktop\机器学习—图像分类-期末汇报\output\resnet18_full\rho10 ===
2026-06-14 04:41:57,086 [INFO] 
Summary:
2026-06-14 04:41:57,086 [INFO] Strategy                 Final F1     ±std   p<0.05 vs Random
2026-06-14 04:41:57,086 [INFO] ------------------------------------------------------------
2026-06-14 04:41:57,086 [INFO] adaptive_gap_entropy       0.5442   0.0119                   
2026-06-14 04:41:57,086 [INFO] badge                      0.5360   0.0165                   
2026-06-14 04:41:57,086 [INFO] class_aware_entropy        0.5092   0.0261                   
2026-06-14 04:41:57,086 [INFO] coreset                    0.5137   0.0078                   
2026-06-14 04:41:57,086 [INFO] entropy                    0.5305   0.0033                   
2026-06-14 04:41:57,086 [INFO] gap_aware_entropy          0.5368   0.0174                   
2026-06-14 04:41:57,086 [INFO] margin                     0.5253   0.0090                   
2026-06-14 04:41:57,086 [INFO] qbc                        0.5239   0.0176                   
2026-06-14 04:41:57,086 [INFO] random                     0.5282   0.0089                   
2026-06-14 04:41:57,086 [INFO] Full Supervised            0.7875
2026-06-14 04:41:57,086 [INFO] 
Statistical Tests (selected):
2026-06-14 04:41:57,086 [INFO]   adaptive_gap_entropy vs margin: diff=+0.0189, p=0.0119*, d=1.798 (large)
