2026-06-14 17:48:01,394 [INFO] === v8 Controlled-Fast AL+SSL Analysis: cifar10 ===
2026-06-14 17:48:01,395 [INFO] Budget: ultra_low, Model: simplecnn, Scheduler: True
2026-06-14 17:48:01,395 [INFO] Strategies: ['entropy', 'class_aware_entropy']
2026-06-14 17:48:01,395 [INFO] Seeds: [42]
2026-06-14 17:48:01,395 [INFO] Rounds: 10, Initial: 100, Query: 100
2026-06-14 17:48:01,395 [INFO] SSL: True, Method: flexmatch, t-SNE: False, Resume: False
2026-06-14 17:48:01,395 [INFO] Imbalance mode: max/min class count ratio = 10
2026-06-14 17:48:01,418 [INFO] Device: cuda
2026-06-14 17:48:10,427 [INFO] Imbalance filter (Exponential): 50000 -> 20431 training samples
2026-06-14 17:48:10,428 [INFO] 
--- Strategy: entropy ---
2026-06-14 17:48:15,982 [INFO]   [entropy] Seed=42 R1/10 F1=0.0799 Acc=0.1441 Labeled=200 QueryTime=0.0s GPU=172MB SSL+0
2026-06-14 17:48:20,236 [INFO]   [entropy] Seed=42 R2/10 F1=0.1672 Acc=0.2282 Labeled=300 QueryTime=0.0s GPU=217MB SSL+0
2026-06-14 17:48:25,224 [INFO]   [entropy] Seed=42 R3/10 F1=0.2044 Acc=0.2573 Labeled=400 QueryTime=0.0s GPU=237MB SSL+0
2026-06-14 17:48:28,911 [INFO]   [entropy] Seed=42 R4/10 F1=0.2368 Acc=0.2763 Labeled=500 QueryTime=0.0s GPU=237MB SSL+10
2026-06-14 17:48:32,678 [INFO]   [entropy] Seed=42 R5/10 F1=0.2329 Acc=0.2738 Labeled=600 QueryTime=0.0s GPU=237MB SSL+8
2026-06-14 17:48:38,213 [INFO]   [entropy] Seed=42 R6/10 F1=0.2643 Acc=0.3056 Labeled=700 QueryTime=0.0s GPU=237MB SSL+30
2026-06-14 17:48:43,765 [INFO]   [entropy] Seed=42 R7/10 F1=0.3072 Acc=0.3427 Labeled=800 QueryTime=0.0s GPU=237MB SSL+4
2026-06-14 17:48:51,974 [INFO]   [entropy] Seed=42 R8/10 F1=0.3511 Acc=0.3717 Labeled=900 QueryTime=0.0s GPU=237MB SSL+70
2026-06-14 17:49:00,144 [INFO]   [entropy] Seed=42 R9/10 F1=0.3642 Acc=0.3833 Labeled=1000 QueryTime=0.0s GPU=237MB SSL+133
2026-06-14 17:49:07,355 [INFO] 
--- Strategy: class_aware_entropy ---
2026-06-14 17:49:10,779 [INFO]   [class_aware_entropy] Seed=42 R1/10 F1=0.0799 Acc=0.1441 Labeled=200 QueryTime=0.0s GPU=185MB SSL+0
2026-06-14 17:49:14,247 [INFO]   [class_aware_entropy] Seed=42 R2/10 F1=0.1595 Acc=0.2267 Labeled=300 QueryTime=0.0s GPU=221MB SSL+0
2026-06-14 17:49:17,804 [INFO]   [class_aware_entropy] Seed=42 R3/10 F1=0.1895 Acc=0.2401 Labeled=400 QueryTime=0.0s GPU=241MB SSL+0
2026-06-14 17:49:21,345 [INFO]   [class_aware_entropy] Seed=42 R4/10 F1=0.2420 Acc=0.2883 Labeled=500 QueryTime=0.1s GPU=241MB SSL+0
2026-06-14 17:49:24,932 [INFO]   [class_aware_entropy] Seed=42 R5/10 F1=0.2607 Acc=0.3025 Labeled=600 QueryTime=0.1s GPU=241MB SSL+23
2026-06-14 17:49:30,312 [INFO]   [class_aware_entropy] Seed=42 R6/10 F1=0.2963 Acc=0.3371 Labeled=700 QueryTime=0.1s GPU=241MB SSL+23
2026-06-14 17:49:35,813 [INFO]   [class_aware_entropy] Seed=42 R7/10 F1=0.3242 Acc=0.3550 Labeled=800 QueryTime=0.1s GPU=241MB SSL+15
2026-06-14 17:49:43,137 [INFO]   [class_aware_entropy] Seed=42 R8/10 F1=0.3271 Acc=0.3744 Labeled=900 QueryTime=0.1s GPU=241MB SSL+35
2026-06-14 17:49:50,520 [INFO]   [class_aware_entropy] Seed=42 R9/10 F1=0.3799 Acc=0.4111 Labeled=1000 QueryTime=0.1s GPU=241MB SSL+88
2026-06-14 17:49:57,331 [INFO] 
--- Full Supervised Baseline ---
2026-06-14 17:54:34,348 [INFO] Full Supervised: Acc=0.7699, F1=0.7639 (epochs=50, time=275.9s)
2026-06-14 17:54:34,746 [INFO] 
=== Results saved to C:\Users\28414\Desktop\机器学习—图像分类-期末汇报\output\progressive_ssl\02_base_ssl ===
2026-06-14 17:54:34,746 [INFO] 
Summary:
2026-06-14 17:54:34,746 [INFO] Strategy                 Final F1     ±std   p<0.05 vs Random
2026-06-14 17:54:34,746 [INFO] ------------------------------------------------------------
2026-06-14 17:54:34,746 [INFO] class_aware_entropy        0.4017   0.0000                   
2026-06-14 17:54:34,746 [INFO] entropy                    0.3932   0.0000                   
2026-06-14 17:54:34,746 [INFO] Full Supervised            0.7639
