2026-06-16 13:27:52,210 [INFO] === v8 Controlled-Fast AL+SSL Analysis: cifar10 ===
2026-06-16 13:27:52,210 [INFO] Budget: ultra_low, Model: simplecnn, Scheduler: True
2026-06-16 13:27:52,210 [INFO] Strategies: ['class_aware_entropy', 'gap_aware_entropy', 'adaptive_gap_entropy']
2026-06-16 13:27:52,211 [INFO] Seeds: [42]
2026-06-16 13:27:52,211 [INFO] Rounds: 10, Initial: 100, Query: 100
2026-06-16 13:27:52,211 [INFO] SSL: False, Method: flexmatch, t-SNE: False, Resume: False
2026-06-16 13:27:52,211 [INFO] Imbalance mode: max/min class count ratio = 10
2026-06-16 13:27:52,248 [INFO] Device: cuda
2026-06-16 13:28:02,901 [INFO] Imbalance filter (Exponential): 50000 -> 20431 training samples
2026-06-16 13:28:02,901 [INFO] 
--- Strategy: class_aware_entropy ---
2026-06-16 13:28:05,538 [INFO]   [class_aware_entropy] Seed=42 R1/10 F1=0.1080 Acc=0.1866 Labeled=200 QueryTime=0.0s GPU=74MB
2026-06-16 13:28:08,235 [INFO]   [class_aware_entropy] Seed=42 R2/10 F1=0.1325 Acc=0.1708 Labeled=300 QueryTime=0.1s GPU=111MB
2026-06-16 13:28:11,153 [INFO]   [class_aware_entropy] Seed=42 R3/10 F1=0.1070 Acc=0.1646 Labeled=400 QueryTime=0.0s GPU=131MB
2026-06-16 13:28:13,605 [INFO]   [class_aware_entropy] Seed=42 R4/10 F1=0.0672 Acc=0.1290 Labeled=500 QueryTime=0.1s GPU=131MB
2026-06-16 13:28:16,737 [INFO]   [class_aware_entropy] Seed=42 R5/10 F1=0.2064 Acc=0.2296 Labeled=600 QueryTime=0.1s GPU=131MB
2026-06-16 13:28:20,528 [INFO]   [class_aware_entropy] Seed=42 R6/10 F1=0.2251 Acc=0.2584 Labeled=700 QueryTime=0.1s GPU=131MB
2026-06-16 13:28:23,282 [INFO]   [class_aware_entropy] Seed=42 R7/10 F1=0.2474 Acc=0.2899 Labeled=800 QueryTime=0.1s GPU=131MB
2026-06-16 13:28:27,150 [INFO]   [class_aware_entropy] Seed=42 R8/10 F1=0.2802 Acc=0.3226 Labeled=900 QueryTime=0.1s GPU=131MB
2026-06-16 13:28:30,734 [INFO]   [class_aware_entropy] Seed=42 R9/10 F1=0.2995 Acc=0.3495 Labeled=1000 QueryTime=0.2s GPU=131MB
2026-06-16 13:28:33,638 [INFO] 
--- Strategy: gap_aware_entropy ---
2026-06-16 13:28:35,772 [INFO]   [gap_aware_entropy] Seed=42 R1/10 F1=0.1080 Acc=0.1866 Labeled=200 QueryTime=0.0s GPU=74MB
2026-06-16 13:28:38,006 [INFO]   [gap_aware_entropy] Seed=42 R2/10 F1=0.1311 Acc=0.1792 Labeled=300 QueryTime=0.0s GPU=112MB
2026-06-16 13:28:40,779 [INFO]   [gap_aware_entropy] Seed=42 R3/10 F1=0.1459 Acc=0.1987 Labeled=400 QueryTime=0.0s GPU=131MB
2026-06-16 13:28:43,544 [INFO]   [gap_aware_entropy] Seed=42 R4/10 F1=0.0748 Acc=0.1293 Labeled=500 QueryTime=0.1s GPU=131MB
2026-06-16 13:28:46,182 [INFO]   [gap_aware_entropy] Seed=42 R5/10 F1=0.1336 Acc=0.1682 Labeled=600 QueryTime=0.1s GPU=131MB
2026-06-16 13:28:49,461 [INFO]   [gap_aware_entropy] Seed=42 R6/10 F1=0.2316 Acc=0.2622 Labeled=700 QueryTime=0.1s GPU=131MB
2026-06-16 13:28:52,682 [INFO]   [gap_aware_entropy] Seed=42 R7/10 F1=0.2733 Acc=0.3134 Labeled=800 QueryTime=0.1s GPU=131MB
2026-06-16 13:28:56,860 [INFO]   [gap_aware_entropy] Seed=42 R8/10 F1=0.3186 Acc=0.3434 Labeled=900 QueryTime=0.1s GPU=131MB
2026-06-16 13:29:01,513 [INFO]   [gap_aware_entropy] Seed=42 R9/10 F1=0.3553 Acc=0.3769 Labeled=1000 QueryTime=0.3s GPU=131MB
2026-06-16 13:29:05,106 [INFO] 
--- Strategy: adaptive_gap_entropy ---
2026-06-16 13:29:07,412 [INFO]   [adaptive_gap_entropy] Seed=42 R1/10 F1=0.1080 Acc=0.1866 Labeled=200 QueryTime=0.0s GPU=74MB
2026-06-16 13:29:10,065 [INFO]   [adaptive_gap_entropy] Seed=42 R2/10 F1=0.1368 Acc=0.1799 Labeled=300 QueryTime=0.1s GPU=112MB
2026-06-16 13:29:12,924 [INFO]   [adaptive_gap_entropy] Seed=42 R3/10 F1=0.1516 Acc=0.1965 Labeled=400 QueryTime=0.0s GPU=131MB
2026-06-16 13:29:15,396 [INFO]   [adaptive_gap_entropy] Seed=42 R4/10 F1=0.0884 Acc=0.1401 Labeled=500 QueryTime=0.1s GPU=131MB
2026-06-16 13:29:18,057 [INFO]   [adaptive_gap_entropy] Seed=42 R5/10 F1=0.1342 Acc=0.1784 Labeled=600 QueryTime=0.1s GPU=131MB
2026-06-16 13:29:20,949 [INFO]   [adaptive_gap_entropy] Seed=42 R6/10 F1=0.1949 Acc=0.2358 Labeled=700 QueryTime=0.1s GPU=131MB
2026-06-16 13:29:24,004 [INFO]   [adaptive_gap_entropy] Seed=42 R7/10 F1=0.2698 Acc=0.3122 Labeled=800 QueryTime=0.1s GPU=131MB
2026-06-16 13:29:28,285 [INFO]   [adaptive_gap_entropy] Seed=42 R8/10 F1=0.2810 Acc=0.3216 Labeled=900 QueryTime=0.2s GPU=131MB
2026-06-16 13:29:31,920 [INFO]   [adaptive_gap_entropy] Seed=42 R9/10 F1=0.3252 Acc=0.3698 Labeled=1000 QueryTime=0.1s GPU=131MB
2026-06-16 13:29:34,484 [INFO] 
--- Full Supervised Baseline ---
2026-06-16 13:36:06,612 [INFO] Full Supervised: Acc=0.7641, F1=0.7576 (epochs=50, time=389.8s)
2026-06-16 13:36:07,232 [INFO] 
=== Results saved to C:\Users\28414\Desktop\机器学习—图像分类-期末汇报\output\v3_al\rho10 ===
2026-06-16 13:36:07,233 [INFO] 
Summary:
2026-06-16 13:36:07,233 [INFO] Strategy                 Final F1     ±std   p<0.05 vs Random
2026-06-16 13:36:07,233 [INFO] ------------------------------------------------------------
2026-06-16 13:36:07,233 [INFO] adaptive_gap_entropy       0.3248   0.0000                   
2026-06-16 13:36:07,233 [INFO] class_aware_entropy        0.3130   0.0000                   
2026-06-16 13:36:07,233 [INFO] gap_aware_entropy          0.3546   0.0000                   
2026-06-16 13:36:07,233 [INFO] Full Supervised            0.7576
2026-06-16 13:36:12,377 [INFO] === v8 Controlled-Fast AL+SSL Analysis: cifar10 ===
2026-06-16 13:36:12,378 [INFO] Budget: ultra_low, Model: simplecnn, Scheduler: True
2026-06-16 13:36:12,378 [INFO] Strategies: ['class_aware_entropy', 'gap_aware_entropy', 'adaptive_gap_entropy']
2026-06-16 13:36:12,378 [INFO] Seeds: [123]
2026-06-16 13:36:12,378 [INFO] Rounds: 10, Initial: 100, Query: 100
2026-06-16 13:36:12,378 [INFO] SSL: False, Method: flexmatch, t-SNE: False, Resume: False
2026-06-16 13:36:12,378 [INFO] Imbalance mode: max/min class count ratio = 10
2026-06-16 13:36:12,407 [INFO] Device: cuda
2026-06-16 13:36:26,786 [INFO] Imbalance filter (Exponential): 50000 -> 20431 training samples
2026-06-16 13:36:26,786 [INFO] 
--- Strategy: class_aware_entropy ---
2026-06-16 13:36:30,698 [INFO]   [class_aware_entropy] Seed=123 R1/10 F1=0.0829 Acc=0.1564 Labeled=200 QueryTime=0.0s GPU=74MB
2026-06-16 13:36:33,297 [INFO]   [class_aware_entropy] Seed=123 R2/10 F1=0.1309 Acc=0.2075 Labeled=300 QueryTime=0.0s GPU=111MB
2026-06-16 13:36:36,197 [INFO]   [class_aware_entropy] Seed=123 R3/10 F1=0.1808 Acc=0.2574 Labeled=400 QueryTime=0.0s GPU=131MB
2026-06-16 13:36:38,567 [INFO]   [class_aware_entropy] Seed=123 R4/10 F1=0.1785 Acc=0.2300 Labeled=500 QueryTime=0.1s GPU=131MB
2026-06-16 13:36:41,099 [INFO]   [class_aware_entropy] Seed=123 R5/10 F1=0.1936 Acc=0.2243 Labeled=600 QueryTime=0.1s GPU=131MB
2026-06-16 13:36:44,405 [INFO]   [class_aware_entropy] Seed=123 R6/10 F1=0.2253 Acc=0.2930 Labeled=700 QueryTime=0.2s GPU=131MB
2026-06-16 13:36:47,750 [INFO]   [class_aware_entropy] Seed=123 R7/10 F1=0.2725 Acc=0.3179 Labeled=800 QueryTime=0.1s GPU=131MB
2026-06-16 13:36:50,982 [INFO]   [class_aware_entropy] Seed=123 R8/10 F1=0.3152 Acc=0.3494 Labeled=900 QueryTime=0.2s GPU=131MB
2026-06-16 13:36:54,146 [INFO]   [class_aware_entropy] Seed=123 R9/10 F1=0.3321 Acc=0.3847 Labeled=1000 QueryTime=0.1s GPU=131MB
2026-06-16 13:36:56,861 [INFO] 
--- Strategy: gap_aware_entropy ---
2026-06-16 13:36:58,939 [INFO]   [gap_aware_entropy] Seed=123 R1/10 F1=0.0829 Acc=0.1564 Labeled=200 QueryTime=0.0s GPU=74MB
2026-06-16 13:37:01,299 [INFO]   [gap_aware_entropy] Seed=123 R2/10 F1=0.1341 Acc=0.2137 Labeled=300 QueryTime=0.0s GPU=112MB
2026-06-16 13:37:03,790 [INFO]   [gap_aware_entropy] Seed=123 R3/10 F1=0.1910 Acc=0.2488 Labeled=400 QueryTime=0.0s GPU=131MB
2026-06-16 13:37:06,199 [INFO]   [gap_aware_entropy] Seed=123 R4/10 F1=0.1967 Acc=0.2506 Labeled=500 QueryTime=0.1s GPU=131MB
2026-06-16 13:37:08,942 [INFO]   [gap_aware_entropy] Seed=123 R5/10 F1=0.1675 Acc=0.2217 Labeled=600 QueryTime=0.1s GPU=131MB
2026-06-16 13:37:11,630 [INFO]   [gap_aware_entropy] Seed=123 R6/10 F1=0.2187 Acc=0.2787 Labeled=700 QueryTime=0.1s GPU=131MB
2026-06-16 13:37:14,957 [INFO]   [gap_aware_entropy] Seed=123 R7/10 F1=0.2893 Acc=0.3329 Labeled=800 QueryTime=0.1s GPU=131MB
2026-06-16 13:37:18,575 [INFO]   [gap_aware_entropy] Seed=123 R8/10 F1=0.3198 Acc=0.3545 Labeled=900 QueryTime=0.1s GPU=131MB
2026-06-16 13:37:21,885 [INFO]   [gap_aware_entropy] Seed=123 R9/10 F1=0.3470 Acc=0.3828 Labeled=1000 QueryTime=0.1s GPU=131MB
2026-06-16 13:37:24,585 [INFO] 
--- Strategy: adaptive_gap_entropy ---
2026-06-16 13:37:27,079 [INFO]   [adaptive_gap_entropy] Seed=123 R1/10 F1=0.0829 Acc=0.1564 Labeled=200 QueryTime=0.0s GPU=74MB
2026-06-16 13:37:29,472 [INFO]   [adaptive_gap_entropy] Seed=123 R2/10 F1=0.1330 Acc=0.2129 Labeled=300 QueryTime=0.0s GPU=112MB
2026-06-16 13:37:32,076 [INFO]   [adaptive_gap_entropy] Seed=123 R3/10 F1=0.1848 Acc=0.2429 Labeled=400 QueryTime=0.0s GPU=131MB
2026-06-16 13:37:34,628 [INFO]   [adaptive_gap_entropy] Seed=123 R4/10 F1=0.1507 Acc=0.1947 Labeled=500 QueryTime=0.1s GPU=131MB
2026-06-16 13:37:38,360 [INFO]   [adaptive_gap_entropy] Seed=123 R5/10 F1=0.1724 Acc=0.2312 Labeled=600 QueryTime=0.1s GPU=131MB
2026-06-16 13:37:42,659 [INFO]   [adaptive_gap_entropy] Seed=123 R6/10 F1=0.2152 Acc=0.2734 Labeled=700 QueryTime=0.1s GPU=131MB
2026-06-16 13:37:45,488 [INFO]   [adaptive_gap_entropy] Seed=123 R7/10 F1=0.2608 Acc=0.3006 Labeled=800 QueryTime=0.1s GPU=131MB
2026-06-16 13:37:48,781 [INFO]   [adaptive_gap_entropy] Seed=123 R8/10 F1=0.3043 Acc=0.3500 Labeled=900 QueryTime=0.1s GPU=131MB
2026-06-16 13:37:53,288 [INFO]   [adaptive_gap_entropy] Seed=123 R9/10 F1=0.3300 Acc=0.3756 Labeled=1000 QueryTime=0.3s GPU=131MB
2026-06-16 13:37:55,896 [INFO] 
--- Full Supervised Baseline (reused from existing) ---
2026-06-16 13:37:55,896 [INFO] Full Supervised: Acc=0.7641, F1=0.7576
2026-06-16 13:37:56,474 [INFO] 
=== Results saved to C:\Users\28414\Desktop\机器学习—图像分类-期末汇报\output\v3_al\rho10 ===
2026-06-16 13:37:56,474 [INFO] 
Summary:
2026-06-16 13:37:56,474 [INFO] Strategy                 Final F1     ±std   p<0.05 vs Random
2026-06-16 13:37:56,474 [INFO] ------------------------------------------------------------
2026-06-16 13:37:56,474 [INFO] adaptive_gap_entropy       0.3370   0.0000                   
2026-06-16 13:37:56,474 [INFO] class_aware_entropy        0.3579   0.0000                   
2026-06-16 13:37:56,474 [INFO] gap_aware_entropy          0.3435   0.0000                   
2026-06-16 13:37:56,474 [INFO] Full Supervised            0.7576
2026-06-16 13:38:01,560 [INFO] === v8 Controlled-Fast AL+SSL Analysis: cifar10 ===
2026-06-16 13:38:01,561 [INFO] Budget: ultra_low, Model: simplecnn, Scheduler: True
2026-06-16 13:38:01,561 [INFO] Strategies: ['class_aware_entropy', 'gap_aware_entropy', 'adaptive_gap_entropy']
2026-06-16 13:38:01,561 [INFO] Seeds: [456]
2026-06-16 13:38:01,561 [INFO] Rounds: 10, Initial: 100, Query: 100
2026-06-16 13:38:01,561 [INFO] SSL: False, Method: flexmatch, t-SNE: False, Resume: False
2026-06-16 13:38:01,561 [INFO] Imbalance mode: max/min class count ratio = 10
2026-06-16 13:38:01,596 [INFO] Device: cuda
2026-06-16 13:38:14,500 [INFO] Imbalance filter (Exponential): 50000 -> 20431 training samples
2026-06-16 13:38:14,500 [INFO] 
--- Strategy: class_aware_entropy ---
2026-06-16 13:38:17,747 [INFO]   [class_aware_entropy] Seed=456 R1/10 F1=0.1179 Acc=0.1926 Labeled=200 QueryTime=0.0s GPU=74MB
2026-06-16 13:38:20,215 [INFO]   [class_aware_entropy] Seed=456 R2/10 F1=0.1697 Acc=0.2395 Labeled=300 QueryTime=0.1s GPU=111MB
2026-06-16 13:38:23,714 [INFO]   [class_aware_entropy] Seed=456 R3/10 F1=0.1537 Acc=0.2110 Labeled=400 QueryTime=0.0s GPU=131MB
2026-06-16 13:38:26,494 [INFO]   [class_aware_entropy] Seed=456 R4/10 F1=0.2023 Acc=0.2582 Labeled=500 QueryTime=0.1s GPU=131MB
2026-06-16 13:38:28,951 [INFO]   [class_aware_entropy] Seed=456 R5/10 F1=0.2031 Acc=0.2381 Labeled=600 QueryTime=0.1s GPU=131MB
2026-06-16 13:38:32,310 [INFO]   [class_aware_entropy] Seed=456 R6/10 F1=0.2666 Acc=0.3072 Labeled=700 QueryTime=0.1s GPU=131MB
2026-06-16 13:38:35,388 [INFO]   [class_aware_entropy] Seed=456 R7/10 F1=0.2772 Acc=0.3192 Labeled=800 QueryTime=0.1s GPU=131MB
2026-06-16 13:38:39,154 [INFO]   [class_aware_entropy] Seed=456 R8/10 F1=0.3035 Acc=0.3477 Labeled=900 QueryTime=0.1s GPU=131MB
2026-06-16 13:38:43,200 [INFO]   [class_aware_entropy] Seed=456 R9/10 F1=0.3426 Acc=0.3734 Labeled=1000 QueryTime=0.1s GPU=131MB
2026-06-16 13:38:46,871 [INFO] 
--- Strategy: gap_aware_entropy ---
2026-06-16 13:38:49,468 [INFO]   [gap_aware_entropy] Seed=456 R1/10 F1=0.1179 Acc=0.1926 Labeled=200 QueryTime=0.0s GPU=74MB
2026-06-16 13:38:52,390 [INFO]   [gap_aware_entropy] Seed=456 R2/10 F1=0.1817 Acc=0.2483 Labeled=300 QueryTime=0.1s GPU=112MB
2026-06-16 13:38:55,427 [INFO]   [gap_aware_entropy] Seed=456 R3/10 F1=0.1617 Acc=0.2091 Labeled=400 QueryTime=0.0s GPU=131MB
2026-06-16 13:38:58,651 [INFO]   [gap_aware_entropy] Seed=456 R4/10 F1=0.2482 Acc=0.2892 Labeled=500 QueryTime=0.1s GPU=131MB
2026-06-16 13:39:01,455 [INFO]   [gap_aware_entropy] Seed=456 R5/10 F1=0.2139 Acc=0.2465 Labeled=600 QueryTime=0.1s GPU=131MB
2026-06-16 13:39:05,042 [INFO]   [gap_aware_entropy] Seed=456 R6/10 F1=0.2731 Acc=0.3057 Labeled=700 QueryTime=0.1s GPU=131MB
2026-06-16 13:39:08,654 [INFO]   [gap_aware_entropy] Seed=456 R7/10 F1=0.2869 Acc=0.3221 Labeled=800 QueryTime=0.2s GPU=131MB
2026-06-16 13:39:12,891 [INFO]   [gap_aware_entropy] Seed=456 R8/10 F1=0.3265 Acc=0.3628 Labeled=900 QueryTime=0.1s GPU=131MB
2026-06-16 13:39:15,934 [INFO]   [gap_aware_entropy] Seed=456 R9/10 F1=0.3463 Acc=0.3858 Labeled=1000 QueryTime=0.1s GPU=131MB
2026-06-16 13:39:18,429 [INFO] 
--- Strategy: adaptive_gap_entropy ---
2026-06-16 13:39:21,141 [INFO]   [adaptive_gap_entropy] Seed=456 R1/10 F1=0.1179 Acc=0.1926 Labeled=200 QueryTime=0.0s GPU=74MB
2026-06-16 13:39:24,524 [INFO]   [adaptive_gap_entropy] Seed=456 R2/10 F1=0.1869 Acc=0.2550 Labeled=300 QueryTime=0.1s GPU=112MB
2026-06-16 13:39:27,473 [INFO]   [adaptive_gap_entropy] Seed=456 R3/10 F1=0.1621 Acc=0.2032 Labeled=400 QueryTime=0.0s GPU=131MB
2026-06-16 13:39:29,798 [INFO]   [adaptive_gap_entropy] Seed=456 R4/10 F1=0.2176 Acc=0.2739 Labeled=500 QueryTime=0.1s GPU=131MB
2026-06-16 13:39:32,193 [INFO]   [adaptive_gap_entropy] Seed=456 R5/10 F1=0.1940 Acc=0.2343 Labeled=600 QueryTime=0.1s GPU=131MB
2026-06-16 13:39:35,210 [INFO]   [adaptive_gap_entropy] Seed=456 R6/10 F1=0.2707 Acc=0.3109 Labeled=700 QueryTime=0.1s GPU=131MB
2026-06-16 13:39:38,278 [INFO]   [adaptive_gap_entropy] Seed=456 R7/10 F1=0.2556 Acc=0.2978 Labeled=800 QueryTime=0.1s GPU=131MB
2026-06-16 13:39:41,993 [INFO]   [adaptive_gap_entropy] Seed=456 R8/10 F1=0.2988 Acc=0.3385 Labeled=900 QueryTime=0.1s GPU=131MB
2026-06-16 13:39:45,284 [INFO]   [adaptive_gap_entropy] Seed=456 R9/10 F1=0.3205 Acc=0.3615 Labeled=1000 QueryTime=0.1s GPU=131MB
2026-06-16 13:39:48,191 [INFO] 
--- Full Supervised Baseline (reused from existing) ---
2026-06-16 13:39:48,191 [INFO] Full Supervised: Acc=0.7641, F1=0.7576
2026-06-16 13:39:48,783 [INFO] 
=== Results saved to C:\Users\28414\Desktop\机器学习—图像分类-期末汇报\output\v3_al\rho10 ===
2026-06-16 13:39:48,783 [INFO] 
Summary:
2026-06-16 13:39:48,783 [INFO] Strategy                 Final F1     ±std   p<0.05 vs Random
2026-06-16 13:39:48,783 [INFO] ------------------------------------------------------------
2026-06-16 13:39:48,783 [INFO] adaptive_gap_entropy       0.3573   0.0000                   
2026-06-16 13:39:48,783 [INFO] class_aware_entropy        0.3588   0.0000                   
2026-06-16 13:39:48,783 [INFO] gap_aware_entropy          0.3413   0.0000                   
2026-06-16 13:39:48,783 [INFO] Full Supervised            0.7576
