2026-06-17 16:37:02,493 [INFO] === v8 Controlled-Fast AL+SSL Analysis: cifar10 ===
2026-06-17 16:37:02,494 [INFO] Budget: ultra_low, Model: simplecnn, Scheduler: True
2026-06-17 16:37:02,494 [INFO] Strategies: ['class_aware_entropy', 'gap_aware_entropy']
2026-06-17 16:37:02,494 [INFO] Seeds: [42]
2026-06-17 16:37:02,494 [INFO] Rounds: 10, Initial: 100, Query: 100
2026-06-17 16:37:02,494 [INFO] SSL: True, Method: flexmatch, t-SNE: False, Resume: False
2026-06-17 16:37:02,494 [INFO] Imbalance mode: max/min class count ratio = 100
2026-06-17 16:37:02,516 [INFO] Device: cuda
2026-06-17 16:37:13,029 [INFO] Imbalance filter (Exponential): 50000 -> 12406 training samples
2026-06-17 16:37:13,038 [INFO] 
--- Strategy: class_aware_entropy ---
2026-06-17 16:37:17,933 [INFO]   [class_aware_entropy] Seed=42 R1/10 F1=0.0643 Acc=0.1328 Labeled=200 QueryTime=0.0s GPU=172MB SSL+0
2026-06-17 16:37:22,003 [INFO]   [class_aware_entropy] Seed=42 R2/10 F1=0.1094 Acc=0.2013 Labeled=300 QueryTime=0.0s GPU=210MB SSL+2
2026-06-17 16:37:25,780 [INFO]   [class_aware_entropy] Seed=42 R3/10 F1=0.1218 Acc=0.2106 Labeled=400 QueryTime=0.0s GPU=229MB SSL+23
2026-06-17 16:37:29,748 [INFO]   [class_aware_entropy] Seed=42 R4/10 F1=0.1547 Acc=0.2289 Labeled=500 QueryTime=0.1s GPU=229MB SSL+13
2026-06-17 16:37:33,557 [INFO]   [class_aware_entropy] Seed=42 R5/10 F1=0.1549 Acc=0.2526 Labeled=600 QueryTime=0.1s GPU=229MB SSL+53
2026-06-17 16:37:39,276 [INFO]   [class_aware_entropy] Seed=42 R6/10 F1=0.2046 Acc=0.2917 Labeled=700 QueryTime=0.1s GPU=229MB SSL+40
2026-06-17 16:37:45,208 [INFO]   [class_aware_entropy] Seed=42 R7/10 F1=0.1702 Acc=0.2661 Labeled=800 QueryTime=0.1s GPU=229MB SSL+61
2026-06-17 16:37:53,094 [INFO]   [class_aware_entropy] Seed=42 R8/10 F1=0.2229 Acc=0.3111 Labeled=900 QueryTime=0.1s GPU=229MB SSL+132
2026-06-17 16:38:00,884 [INFO]   [class_aware_entropy] Seed=42 R9/10 F1=0.2156 Acc=0.3038 Labeled=1000 QueryTime=0.1s GPU=229MB SSL+124
2026-06-17 16:38:07,921 [INFO] 
--- Strategy: gap_aware_entropy ---
2026-06-17 16:38:11,561 [INFO]   [gap_aware_entropy] Seed=42 R1/10 F1=0.0643 Acc=0.1328 Labeled=200 QueryTime=0.0s GPU=171MB SSL+0
2026-06-17 16:38:15,160 [INFO]   [gap_aware_entropy] Seed=42 R2/10 F1=0.0976 Acc=0.1839 Labeled=300 QueryTime=0.0s GPU=208MB SSL+0
2026-06-17 16:38:18,930 [INFO]   [gap_aware_entropy] Seed=42 R3/10 F1=0.1211 Acc=0.2121 Labeled=400 QueryTime=0.1s GPU=229MB SSL+1
2026-06-17 16:38:22,769 [INFO]   [gap_aware_entropy] Seed=42 R4/10 F1=0.1072 Acc=0.2034 Labeled=500 QueryTime=0.1s GPU=229MB SSL+30
2026-06-17 16:38:26,549 [INFO]   [gap_aware_entropy] Seed=42 R5/10 F1=0.1420 Acc=0.2283 Labeled=600 QueryTime=0.1s GPU=229MB SSL+18
2026-06-17 16:38:32,208 [INFO]   [gap_aware_entropy] Seed=42 R6/10 F1=0.1636 Acc=0.2598 Labeled=700 QueryTime=0.1s GPU=229MB SSL+61
2026-06-17 16:38:37,895 [INFO]   [gap_aware_entropy] Seed=42 R7/10 F1=0.1892 Acc=0.2704 Labeled=800 QueryTime=0.1s GPU=229MB SSL+22
2026-06-17 16:38:45,912 [INFO]   [gap_aware_entropy] Seed=42 R8/10 F1=0.2239 Acc=0.3120 Labeled=900 QueryTime=0.3s GPU=229MB SSL+172
2026-06-17 16:38:53,712 [INFO]   [gap_aware_entropy] Seed=42 R9/10 F1=0.2230 Acc=0.3174 Labeled=1000 QueryTime=0.1s GPU=229MB SSL+147
2026-06-17 16:39:00,786 [INFO] 
--- Full Supervised Baseline ---
2026-06-17 16:41:45,508 [INFO] Full Supervised: Acc=0.6166, F1=0.5797 (epochs=50, time=163.6s)
2026-06-17 16:41:45,961 [INFO] 
=== Results saved to C:\Users\28414\Desktop\机器学习—图像分类-期末汇报\output\progressive_joint\labeled_only\rho100 ===
2026-06-17 16:41:45,962 [INFO] 
Summary:
2026-06-17 16:41:45,962 [INFO] Strategy                 Final F1     ±std   p<0.05 vs Random
2026-06-17 16:41:45,962 [INFO] ------------------------------------------------------------
2026-06-17 16:41:45,962 [INFO] class_aware_entropy        0.2634   0.0000                   
2026-06-17 16:41:45,962 [INFO] gap_aware_entropy          0.2343   0.0000                   
2026-06-17 16:41:45,962 [INFO] Full Supervised            0.5797
2026-06-17 16:41:51,444 [INFO] === v8 Controlled-Fast AL+SSL Analysis: cifar10 ===
2026-06-17 16:41:51,444 [INFO] Budget: ultra_low, Model: simplecnn, Scheduler: True
2026-06-17 16:41:51,444 [INFO] Strategies: ['class_aware_entropy', 'gap_aware_entropy']
2026-06-17 16:41:51,444 [INFO] Seeds: [123]
2026-06-17 16:41:51,444 [INFO] Rounds: 10, Initial: 100, Query: 100
2026-06-17 16:41:51,444 [INFO] SSL: True, Method: flexmatch, t-SNE: False, Resume: False
2026-06-17 16:41:51,444 [INFO] Imbalance mode: max/min class count ratio = 100
2026-06-17 16:41:51,477 [INFO] Device: cuda
2026-06-17 16:42:02,179 [INFO] Imbalance filter (Exponential): 50000 -> 12406 training samples
2026-06-17 16:42:02,179 [INFO] 
--- Strategy: class_aware_entropy ---
2026-06-17 16:42:07,247 [INFO]   [class_aware_entropy] Seed=123 R1/10 F1=0.0556 Acc=0.1622 Labeled=200 QueryTime=0.0s GPU=172MB SSL+18
2026-06-17 16:42:11,329 [INFO]   [class_aware_entropy] Seed=123 R2/10 F1=0.0592 Acc=0.1720 Labeled=300 QueryTime=0.0s GPU=210MB SSL+70
2026-06-17 16:42:15,009 [INFO]   [class_aware_entropy] Seed=123 R3/10 F1=0.0718 Acc=0.1763 Labeled=400 QueryTime=0.1s GPU=229MB SSL+70
2026-06-17 16:42:18,999 [INFO]   [class_aware_entropy] Seed=123 R4/10 F1=0.1050 Acc=0.1969 Labeled=500 QueryTime=0.1s GPU=229MB SSL+52
2026-06-17 16:42:22,843 [INFO]   [class_aware_entropy] Seed=123 R5/10 F1=0.1199 Acc=0.2079 Labeled=600 QueryTime=0.1s GPU=229MB SSL+26
2026-06-17 16:42:28,471 [INFO]   [class_aware_entropy] Seed=123 R6/10 F1=0.1541 Acc=0.2306 Labeled=700 QueryTime=0.1s GPU=229MB SSL+65
2026-06-17 16:42:34,131 [INFO]   [class_aware_entropy] Seed=123 R7/10 F1=0.2349 Acc=0.2937 Labeled=800 QueryTime=0.1s GPU=229MB SSL+15
2026-06-17 16:42:41,804 [INFO]   [class_aware_entropy] Seed=123 R8/10 F1=0.2121 Acc=0.2988 Labeled=900 QueryTime=0.1s GPU=229MB SSL+59
2026-06-17 16:42:49,454 [INFO]   [class_aware_entropy] Seed=123 R9/10 F1=0.2818 Acc=0.3443 Labeled=1000 QueryTime=0.1s GPU=229MB SSL+88
2026-06-17 16:42:56,577 [INFO] 
--- Strategy: gap_aware_entropy ---
2026-06-17 16:43:00,374 [INFO]   [gap_aware_entropy] Seed=123 R1/10 F1=0.0556 Acc=0.1622 Labeled=200 QueryTime=0.0s GPU=171MB SSL+18
2026-06-17 16:43:03,965 [INFO]   [gap_aware_entropy] Seed=123 R2/10 F1=0.0572 Acc=0.1636 Labeled=300 QueryTime=0.0s GPU=208MB SSL+5
2026-06-17 16:43:07,774 [INFO]   [gap_aware_entropy] Seed=123 R3/10 F1=0.0752 Acc=0.1802 Labeled=400 QueryTime=0.1s GPU=229MB SSL+19
2026-06-17 16:43:11,546 [INFO]   [gap_aware_entropy] Seed=123 R4/10 F1=0.0549 Acc=0.1420 Labeled=500 QueryTime=0.1s GPU=229MB SSL+7
2026-06-17 16:43:15,555 [INFO]   [gap_aware_entropy] Seed=123 R5/10 F1=0.0775 Acc=0.1805 Labeled=600 QueryTime=0.1s GPU=229MB SSL+30
2026-06-17 16:43:20,917 [INFO]   [gap_aware_entropy] Seed=123 R6/10 F1=0.1062 Acc=0.1880 Labeled=700 QueryTime=0.1s GPU=229MB SSL+66
2026-06-17 16:43:26,812 [INFO]   [gap_aware_entropy] Seed=123 R7/10 F1=0.1440 Acc=0.2348 Labeled=800 QueryTime=0.1s GPU=229MB SSL+86
2026-06-17 16:43:34,562 [INFO]   [gap_aware_entropy] Seed=123 R8/10 F1=0.1875 Acc=0.2713 Labeled=900 QueryTime=0.1s GPU=229MB SSL+175
2026-06-17 16:43:42,165 [INFO]   [gap_aware_entropy] Seed=123 R9/10 F1=0.2020 Acc=0.2805 Labeled=1000 QueryTime=0.1s GPU=229MB SSL+166
2026-06-17 16:43:49,402 [INFO] 
--- Full Supervised Baseline ---
2026-06-17 16:47:22,253 [INFO] Full Supervised: Acc=0.6176, F1=0.5771 (epochs=50, time=211.4s)
2026-06-17 16:47:22,718 [INFO] 
=== Results saved to C:\Users\28414\Desktop\机器学习—图像分类-期末汇报\output\progressive_joint\labeled_only\rho100 ===
2026-06-17 16:47:22,718 [INFO] 
Summary:
2026-06-17 16:47:22,718 [INFO] Strategy                 Final F1     ±std   p<0.05 vs Random
2026-06-17 16:47:22,718 [INFO] ------------------------------------------------------------
2026-06-17 16:47:22,718 [INFO] class_aware_entropy        0.2652   0.0000                   
2026-06-17 16:47:22,718 [INFO] gap_aware_entropy          0.2283   0.0000                   
2026-06-17 16:47:22,718 [INFO] Full Supervised            0.5771
2026-06-17 16:47:27,858 [INFO] === v8 Controlled-Fast AL+SSL Analysis: cifar10 ===
2026-06-17 16:47:27,858 [INFO] Budget: ultra_low, Model: simplecnn, Scheduler: True
2026-06-17 16:47:27,859 [INFO] Strategies: ['class_aware_entropy', 'gap_aware_entropy']
2026-06-17 16:47:27,859 [INFO] Seeds: [456]
2026-06-17 16:47:27,859 [INFO] Rounds: 10, Initial: 100, Query: 100
2026-06-17 16:47:27,859 [INFO] SSL: True, Method: flexmatch, t-SNE: False, Resume: False
2026-06-17 16:47:27,859 [INFO] Imbalance mode: max/min class count ratio = 100
2026-06-17 16:47:27,883 [INFO] Device: cuda
2026-06-17 16:47:38,298 [INFO] Imbalance filter (Exponential): 50000 -> 12406 training samples
2026-06-17 16:47:38,298 [INFO] 
--- Strategy: class_aware_entropy ---
2026-06-17 16:47:43,134 [INFO]   [class_aware_entropy] Seed=456 R1/10 F1=0.0882 Acc=0.1856 Labeled=200 QueryTime=0.0s GPU=172MB SSL+7
2026-06-17 16:47:47,315 [INFO]   [class_aware_entropy] Seed=456 R2/10 F1=0.0978 Acc=0.2047 Labeled=300 QueryTime=0.0s GPU=210MB SSL+23
2026-06-17 16:47:51,162 [INFO]   [class_aware_entropy] Seed=456 R3/10 F1=0.1112 Acc=0.2172 Labeled=400 QueryTime=0.1s GPU=229MB SSL+48
2026-06-17 16:47:54,953 [INFO]   [class_aware_entropy] Seed=456 R4/10 F1=0.1370 Acc=0.2270 Labeled=500 QueryTime=0.1s GPU=229MB SSL+27
2026-06-17 16:47:58,652 [INFO]   [class_aware_entropy] Seed=456 R5/10 F1=0.1541 Acc=0.2343 Labeled=600 QueryTime=0.1s GPU=229MB SSL+37
2026-06-17 16:48:04,406 [INFO]   [class_aware_entropy] Seed=456 R6/10 F1=0.1750 Acc=0.2657 Labeled=700 QueryTime=0.1s GPU=229MB SSL+38
2026-06-17 16:48:10,279 [INFO]   [class_aware_entropy] Seed=456 R7/10 F1=0.1972 Acc=0.2780 Labeled=800 QueryTime=0.1s GPU=229MB SSL+59
2026-06-17 16:48:18,154 [INFO]   [class_aware_entropy] Seed=456 R8/10 F1=0.2134 Acc=0.2913 Labeled=900 QueryTime=0.1s GPU=229MB SSL+155
2026-06-17 16:48:25,892 [INFO]   [class_aware_entropy] Seed=456 R9/10 F1=0.2511 Acc=0.3214 Labeled=1000 QueryTime=0.1s GPU=229MB SSL+94
2026-06-17 16:48:33,120 [INFO] 
--- Strategy: gap_aware_entropy ---
2026-06-17 16:48:36,865 [INFO]   [gap_aware_entropy] Seed=456 R1/10 F1=0.0882 Acc=0.1856 Labeled=200 QueryTime=0.0s GPU=171MB SSL+7
2026-06-17 16:48:40,554 [INFO]   [gap_aware_entropy] Seed=456 R2/10 F1=0.0986 Acc=0.2002 Labeled=300 QueryTime=0.0s GPU=208MB SSL+32
2026-06-17 16:48:44,326 [INFO]   [gap_aware_entropy] Seed=456 R3/10 F1=0.1200 Acc=0.2137 Labeled=400 QueryTime=0.0s GPU=229MB SSL+37
2026-06-17 16:48:47,930 [INFO]   [gap_aware_entropy] Seed=456 R4/10 F1=0.1366 Acc=0.2206 Labeled=500 QueryTime=0.1s GPU=229MB SSL+50
2026-06-17 16:48:51,657 [INFO]   [gap_aware_entropy] Seed=456 R5/10 F1=0.1799 Acc=0.2483 Labeled=600 QueryTime=0.1s GPU=229MB SSL+6
2026-06-17 16:48:57,252 [INFO]   [gap_aware_entropy] Seed=456 R6/10 F1=0.1822 Acc=0.2553 Labeled=700 QueryTime=0.2s GPU=229MB SSL+30
2026-06-17 16:49:03,284 [INFO]   [gap_aware_entropy] Seed=456 R7/10 F1=0.2055 Acc=0.2762 Labeled=800 QueryTime=0.1s GPU=229MB SSL+49
2026-06-17 16:49:11,129 [INFO]   [gap_aware_entropy] Seed=456 R8/10 F1=0.2145 Acc=0.2908 Labeled=900 QueryTime=0.2s GPU=229MB SSL+163
2026-06-17 16:49:18,479 [INFO]   [gap_aware_entropy] Seed=456 R9/10 F1=0.2788 Acc=0.3446 Labeled=1000 QueryTime=0.1s GPU=229MB SSL+99
2026-06-17 16:49:25,627 [INFO] 
--- Full Supervised Baseline ---
2026-06-17 16:51:40,019 [INFO] Full Supervised: Acc=0.6012, F1=0.5577 (epochs=50, time=133.1s)
2026-06-17 16:51:40,499 [INFO] 
=== Results saved to C:\Users\28414\Desktop\机器学习—图像分类-期末汇报\output\progressive_joint\labeled_only\rho100 ===
2026-06-17 16:51:40,499 [INFO] 
Summary:
2026-06-17 16:51:40,499 [INFO] Strategy                 Final F1     ±std   p<0.05 vs Random
2026-06-17 16:51:40,499 [INFO] ------------------------------------------------------------
2026-06-17 16:51:40,499 [INFO] class_aware_entropy        0.2561   0.0000                   
2026-06-17 16:51:40,499 [INFO] gap_aware_entropy          0.2378   0.0000                   
2026-06-17 16:51:40,499 [INFO] Full Supervised            0.5577
