2026-06-17 12:46:52,992 [INFO] === v8 Controlled-Fast AL+SSL Analysis: cifar10 ===
2026-06-17 12:46:52,993 [INFO] Budget: ultra_low, Model: simplecnn, Scheduler: True
2026-06-17 12:46:52,993 [INFO] Strategies: ['class_aware_entropy_ssl', 'gap_aware_entropy_ssl']
2026-06-17 12:46:52,993 [INFO] Seeds: [42]
2026-06-17 12:46:52,993 [INFO] Rounds: 10, Initial: 100, Query: 100
2026-06-17 12:46:52,993 [INFO] SSL: True, Method: flexmatch, t-SNE: False, Resume: False
2026-06-17 12:46:52,993 [INFO] Imbalance mode: max/min class count ratio = 10
2026-06-17 12:46:53,029 [INFO] Device: cuda
2026-06-17 12:47:12,633 [INFO] Imbalance filter (Exponential): 50000 -> 20431 training samples
2026-06-17 12:47:12,634 [INFO] 
--- Strategy: class_aware_entropy_ssl ---
2026-06-17 12:47:19,770 [INFO]   [class_aware_entropy_ssl] Seed=42 R1/10 F1=0.0799 Acc=0.1441 Labeled=200 QueryTime=0.0s GPU=172MB SSL+0
2026-06-17 12:47:26,348 [INFO]   [class_aware_entropy_ssl] Seed=42 R2/10 F1=0.1619 Acc=0.2407 Labeled=300 QueryTime=0.1s GPU=210MB SSL+0
2026-06-17 12:47:32,444 [INFO]   [class_aware_entropy_ssl] Seed=42 R3/10 F1=0.1649 Acc=0.2197 Labeled=400 QueryTime=0.1s GPU=229MB SSL+0
2026-06-17 12:47:38,602 [INFO]   [class_aware_entropy_ssl] Seed=42 R4/10 F1=0.2443 Acc=0.2998 Labeled=500 QueryTime=0.1s GPU=229MB SSL+8
2026-06-17 12:47:44,805 [INFO]   [class_aware_entropy_ssl] Seed=42 R5/10 F1=0.2542 Acc=0.2986 Labeled=600 QueryTime=0.2s GPU=229MB SSL+5
2026-06-17 12:47:53,315 [INFO]   [class_aware_entropy_ssl] Seed=42 R6/10 F1=0.2980 Acc=0.3421 Labeled=700 QueryTime=0.2s GPU=229MB SSL+27
2026-06-17 12:48:01,736 [INFO]   [class_aware_entropy_ssl] Seed=42 R7/10 F1=0.3110 Acc=0.3549 Labeled=800 QueryTime=0.2s GPU=229MB SSL+40
2026-06-17 12:48:12,603 [INFO]   [class_aware_entropy_ssl] Seed=42 R8/10 F1=0.3574 Acc=0.3932 Labeled=900 QueryTime=0.3s GPU=229MB SSL+92
2026-06-17 12:48:23,330 [INFO]   [class_aware_entropy_ssl] Seed=42 R9/10 F1=0.3882 Acc=0.4070 Labeled=1000 QueryTime=0.3s GPU=229MB SSL+149
2026-06-17 12:48:33,056 [INFO] 
--- Strategy: gap_aware_entropy_ssl ---
2026-06-17 12:48:38,914 [INFO]   [gap_aware_entropy_ssl] Seed=42 R1/10 F1=0.0799 Acc=0.1441 Labeled=200 QueryTime=0.0s GPU=171MB SSL+0
2026-06-17 12:48:45,017 [INFO]   [gap_aware_entropy_ssl] Seed=42 R2/10 F1=0.1750 Acc=0.2440 Labeled=300 QueryTime=0.1s GPU=208MB SSL+0
2026-06-17 12:48:51,186 [INFO]   [gap_aware_entropy_ssl] Seed=42 R3/10 F1=0.1973 Acc=0.2390 Labeled=400 QueryTime=0.1s GPU=229MB SSL+0
2026-06-17 12:48:57,259 [INFO]   [gap_aware_entropy_ssl] Seed=42 R4/10 F1=0.2117 Acc=0.2586 Labeled=500 QueryTime=0.1s GPU=229MB SSL+0
2026-06-17 12:49:03,512 [INFO]   [gap_aware_entropy_ssl] Seed=42 R5/10 F1=0.2149 Acc=0.2582 Labeled=600 QueryTime=0.2s GPU=229MB SSL+0
2026-06-17 12:49:11,963 [INFO]   [gap_aware_entropy_ssl] Seed=42 R6/10 F1=0.2989 Acc=0.3281 Labeled=700 QueryTime=0.2s GPU=229MB SSL+22
2026-06-17 12:49:20,400 [INFO]   [gap_aware_entropy_ssl] Seed=42 R7/10 F1=0.3524 Acc=0.3749 Labeled=800 QueryTime=0.2s GPU=229MB SSL+30
2026-06-17 12:49:31,251 [INFO]   [gap_aware_entropy_ssl] Seed=42 R8/10 F1=0.3651 Acc=0.3847 Labeled=900 QueryTime=0.3s GPU=229MB SSL+31
2026-06-17 12:49:42,079 [INFO]   [gap_aware_entropy_ssl] Seed=42 R9/10 F1=0.4052 Acc=0.4070 Labeled=1000 QueryTime=0.3s GPU=229MB SSL+56
2026-06-17 12:49:51,844 [INFO] 
--- Full Supervised Baseline ---
2026-06-17 13:00:12,167 [INFO] Full Supervised: Acc=0.7699, F1=0.7639 (epochs=50, time=617.5s)
2026-06-17 13:00:13,030 [INFO] 
=== Results saved to C:\Users\28414\Desktop\机器学习—图像分类-期末汇报\output\progressive_joint\joint_r0\rho10 ===
2026-06-17 13:00:13,030 [INFO] 
Summary:
2026-06-17 13:00:13,031 [INFO] Strategy                 Final F1     ±std   p<0.05 vs Random
2026-06-17 13:00:13,031 [INFO] ------------------------------------------------------------
2026-06-17 13:00:13,031 [INFO] class_aware_entropy_ssl       0.3846   0.0000                   
2026-06-17 13:00:13,031 [INFO] gap_aware_entropy_ssl       0.4090   0.0000                   
2026-06-17 13:00:13,031 [INFO] Full Supervised            0.7639
2026-06-17 13:00:19,168 [INFO] === v8 Controlled-Fast AL+SSL Analysis: cifar10 ===
2026-06-17 13:00:19,168 [INFO] Budget: ultra_low, Model: simplecnn, Scheduler: True
2026-06-17 13:00:19,168 [INFO] Strategies: ['class_aware_entropy_ssl', 'gap_aware_entropy_ssl']
2026-06-17 13:00:19,168 [INFO] Seeds: [123]
2026-06-17 13:00:19,168 [INFO] Rounds: 10, Initial: 100, Query: 100
2026-06-17 13:00:19,168 [INFO] SSL: True, Method: flexmatch, t-SNE: False, Resume: False
2026-06-17 13:00:19,168 [INFO] Imbalance mode: max/min class count ratio = 10
2026-06-17 13:00:19,209 [INFO] Device: cuda
2026-06-17 13:00:38,966 [INFO] Imbalance filter (Exponential): 50000 -> 20431 training samples
2026-06-17 13:00:38,966 [INFO] 
--- Strategy: class_aware_entropy_ssl ---
2026-06-17 13:00:46,124 [INFO]   [class_aware_entropy_ssl] Seed=123 R1/10 F1=0.0827 Acc=0.1561 Labeled=200 QueryTime=0.0s GPU=172MB SSL+0
2026-06-17 13:00:52,719 [INFO]   [class_aware_entropy_ssl] Seed=123 R2/10 F1=0.1478 Acc=0.2296 Labeled=300 QueryTime=0.1s GPU=210MB SSL+0
2026-06-17 13:00:58,844 [INFO]   [class_aware_entropy_ssl] Seed=123 R3/10 F1=0.1775 Acc=0.2337 Labeled=400 QueryTime=0.1s GPU=229MB SSL+0
2026-06-17 13:01:04,956 [INFO]   [class_aware_entropy_ssl] Seed=123 R4/10 F1=0.2108 Acc=0.2626 Labeled=500 QueryTime=0.1s GPU=229MB SSL+2
2026-06-17 13:01:11,125 [INFO]   [class_aware_entropy_ssl] Seed=123 R5/10 F1=0.2207 Acc=0.2776 Labeled=600 QueryTime=0.2s GPU=229MB SSL+12
2026-06-17 13:01:19,429 [INFO]   [class_aware_entropy_ssl] Seed=123 R6/10 F1=0.2713 Acc=0.3240 Labeled=700 QueryTime=0.2s GPU=229MB SSL+22
2026-06-17 13:01:27,898 [INFO]   [class_aware_entropy_ssl] Seed=123 R7/10 F1=0.2844 Acc=0.3295 Labeled=800 QueryTime=0.2s GPU=229MB SSL+44
2026-06-17 13:01:38,539 [INFO]   [class_aware_entropy_ssl] Seed=123 R8/10 F1=0.3155 Acc=0.3553 Labeled=900 QueryTime=0.3s GPU=229MB SSL+73
2026-06-17 13:01:49,318 [INFO]   [class_aware_entropy_ssl] Seed=123 R9/10 F1=0.3631 Acc=0.3966 Labeled=1000 QueryTime=0.3s GPU=229MB SSL+80
2026-06-17 13:01:58,888 [INFO] 
--- Strategy: gap_aware_entropy_ssl ---
2026-06-17 13:02:04,633 [INFO]   [gap_aware_entropy_ssl] Seed=123 R1/10 F1=0.0827 Acc=0.1561 Labeled=200 QueryTime=0.0s GPU=171MB SSL+0
2026-06-17 13:02:10,686 [INFO]   [gap_aware_entropy_ssl] Seed=123 R2/10 F1=0.1309 Acc=0.2134 Labeled=300 QueryTime=0.1s GPU=208MB SSL+0
2026-06-17 13:02:16,846 [INFO]   [gap_aware_entropy_ssl] Seed=123 R3/10 F1=0.1891 Acc=0.2402 Labeled=400 QueryTime=0.1s GPU=229MB SSL+0
2026-06-17 13:02:22,993 [INFO]   [gap_aware_entropy_ssl] Seed=123 R4/10 F1=0.2486 Acc=0.2827 Labeled=500 QueryTime=0.1s GPU=229MB SSL+0
2026-06-17 13:02:29,183 [INFO]   [gap_aware_entropy_ssl] Seed=123 R5/10 F1=0.2258 Acc=0.2627 Labeled=600 QueryTime=0.2s GPU=229MB SSL+2
2026-06-17 13:02:37,560 [INFO]   [gap_aware_entropy_ssl] Seed=123 R6/10 F1=0.3005 Acc=0.3464 Labeled=700 QueryTime=0.2s GPU=229MB SSL+9
2026-06-17 13:02:45,957 [INFO]   [gap_aware_entropy_ssl] Seed=123 R7/10 F1=0.3272 Acc=0.3564 Labeled=800 QueryTime=0.2s GPU=229MB SSL+28
2026-06-17 13:02:56,784 [INFO]   [gap_aware_entropy_ssl] Seed=123 R8/10 F1=0.3464 Acc=0.3705 Labeled=900 QueryTime=0.3s GPU=229MB SSL+76
2026-06-17 13:03:07,532 [INFO]   [gap_aware_entropy_ssl] Seed=123 R9/10 F1=0.4119 Acc=0.4234 Labeled=1000 QueryTime=0.3s GPU=229MB SSL+87
2026-06-17 13:03:17,215 [INFO] 
--- Full Supervised Baseline ---
2026-06-17 13:08:14,498 [INFO] Full Supervised: Acc=0.7198, F1=0.7128 (epochs=50, time=294.4s)
2026-06-17 13:08:15,362 [INFO] 
=== Results saved to C:\Users\28414\Desktop\机器学习—图像分类-期末汇报\output\progressive_joint\joint_r0\rho10 ===
2026-06-17 13:08:15,363 [INFO] 
Summary:
2026-06-17 13:08:15,363 [INFO] Strategy                 Final F1     ±std   p<0.05 vs Random
2026-06-17 13:08:15,363 [INFO] ------------------------------------------------------------
2026-06-17 13:08:15,363 [INFO] class_aware_entropy_ssl       0.3859   0.0000                   
2026-06-17 13:08:15,363 [INFO] gap_aware_entropy_ssl       0.4226   0.0000                   
2026-06-17 13:08:15,363 [INFO] Full Supervised            0.7128
2026-06-17 13:08:21,436 [INFO] === v8 Controlled-Fast AL+SSL Analysis: cifar10 ===
2026-06-17 13:08:21,436 [INFO] Budget: ultra_low, Model: simplecnn, Scheduler: True
2026-06-17 13:08:21,436 [INFO] Strategies: ['class_aware_entropy_ssl', 'gap_aware_entropy_ssl']
2026-06-17 13:08:21,437 [INFO] Seeds: [456]
2026-06-17 13:08:21,437 [INFO] Rounds: 10, Initial: 100, Query: 100
2026-06-17 13:08:21,437 [INFO] SSL: True, Method: flexmatch, t-SNE: False, Resume: False
2026-06-17 13:08:21,437 [INFO] Imbalance mode: max/min class count ratio = 10
2026-06-17 13:08:21,468 [INFO] Device: cuda
2026-06-17 13:08:41,090 [INFO] Imbalance filter (Exponential): 50000 -> 20431 training samples
2026-06-17 13:08:41,091 [INFO] 
--- Strategy: class_aware_entropy_ssl ---
2026-06-17 13:08:48,200 [INFO]   [class_aware_entropy_ssl] Seed=456 R1/10 F1=0.0808 Acc=0.1476 Labeled=200 QueryTime=0.0s GPU=172MB SSL+0
2026-06-17 13:08:54,850 [INFO]   [class_aware_entropy_ssl] Seed=456 R2/10 F1=0.1211 Acc=0.2052 Labeled=300 QueryTime=0.1s GPU=210MB SSL+0
2026-06-17 13:09:00,991 [INFO]   [class_aware_entropy_ssl] Seed=456 R3/10 F1=0.1701 Acc=0.2393 Labeled=400 QueryTime=0.1s GPU=229MB SSL+34
2026-06-17 13:09:07,228 [INFO]   [class_aware_entropy_ssl] Seed=456 R4/10 F1=0.2353 Acc=0.2886 Labeled=500 QueryTime=0.1s GPU=229MB SSL+23
2026-06-17 13:09:13,381 [INFO]   [class_aware_entropy_ssl] Seed=456 R5/10 F1=0.2770 Acc=0.3120 Labeled=600 QueryTime=0.2s GPU=229MB SSL+28
2026-06-17 13:09:21,836 [INFO]   [class_aware_entropy_ssl] Seed=456 R6/10 F1=0.2862 Acc=0.3350 Labeled=700 QueryTime=0.2s GPU=229MB SSL+36
2026-06-17 13:09:30,321 [INFO]   [class_aware_entropy_ssl] Seed=456 R7/10 F1=0.3234 Acc=0.3627 Labeled=800 QueryTime=0.2s GPU=229MB SSL+44
2026-06-17 13:09:41,237 [INFO]   [class_aware_entropy_ssl] Seed=456 R8/10 F1=0.3272 Acc=0.3633 Labeled=900 QueryTime=0.3s GPU=229MB SSL+135
2026-06-17 13:09:51,950 [INFO]   [class_aware_entropy_ssl] Seed=456 R9/10 F1=0.3476 Acc=0.3822 Labeled=1000 QueryTime=0.3s GPU=229MB SSL+77
2026-06-17 13:10:01,619 [INFO] 
--- Strategy: gap_aware_entropy_ssl ---
2026-06-17 13:10:07,483 [INFO]   [gap_aware_entropy_ssl] Seed=456 R1/10 F1=0.0808 Acc=0.1476 Labeled=200 QueryTime=0.0s GPU=171MB SSL+0
2026-06-17 13:10:13,450 [INFO]   [gap_aware_entropy_ssl] Seed=456 R2/10 F1=0.1560 Acc=0.2293 Labeled=300 QueryTime=0.1s GPU=208MB SSL+0
2026-06-17 13:10:19,616 [INFO]   [gap_aware_entropy_ssl] Seed=456 R3/10 F1=0.1824 Acc=0.2447 Labeled=400 QueryTime=0.1s GPU=229MB SSL+0
2026-06-17 13:10:25,772 [INFO]   [gap_aware_entropy_ssl] Seed=456 R4/10 F1=0.2366 Acc=0.2904 Labeled=500 QueryTime=0.1s GPU=229MB SSL+0
2026-06-17 13:10:31,993 [INFO]   [gap_aware_entropy_ssl] Seed=456 R5/10 F1=0.2635 Acc=0.3123 Labeled=600 QueryTime=0.2s GPU=229MB SSL+0
2026-06-17 13:10:40,484 [INFO]   [gap_aware_entropy_ssl] Seed=456 R6/10 F1=0.3007 Acc=0.3393 Labeled=700 QueryTime=0.2s GPU=229MB SSL+31
2026-06-17 13:10:49,124 [INFO]   [gap_aware_entropy_ssl] Seed=456 R7/10 F1=0.3398 Acc=0.3648 Labeled=800 QueryTime=0.2s GPU=229MB SSL+49
2026-06-17 13:11:00,112 [INFO]   [gap_aware_entropy_ssl] Seed=456 R8/10 F1=0.3552 Acc=0.3717 Labeled=900 QueryTime=0.3s GPU=229MB SSL+128
2026-06-17 13:11:11,237 [INFO]   [gap_aware_entropy_ssl] Seed=456 R9/10 F1=0.3123 Acc=0.3442 Labeled=1000 QueryTime=0.3s GPU=229MB SSL+176
2026-06-17 13:11:20,814 [INFO] 
--- Full Supervised Baseline ---
2026-06-17 13:21:18,274 [INFO] Full Supervised: Acc=0.7734, F1=0.7675 (epochs=50, time=594.6s)
2026-06-17 13:21:19,267 [INFO] 
=== Results saved to C:\Users\28414\Desktop\机器学习—图像分类-期末汇报\output\progressive_joint\joint_r0\rho10 ===
2026-06-17 13:21:19,268 [INFO] 
Summary:
2026-06-17 13:21:19,268 [INFO] Strategy                 Final F1     ±std   p<0.05 vs Random
2026-06-17 13:21:19,268 [INFO] ------------------------------------------------------------
2026-06-17 13:21:19,268 [INFO] class_aware_entropy_ssl       0.3846   0.0000                   
2026-06-17 13:21:19,268 [INFO] gap_aware_entropy_ssl       0.3939   0.0000                   
2026-06-17 13:21:19,268 [INFO] Full Supervised            0.7675
