2026-06-15 20:33:18,284 [INFO] === v8 Controlled-Fast AL+SSL Analysis: cifar10 ===
2026-06-15 20:33:18,284 [INFO] Budget: ultra_low, Model: simplecnn, Scheduler: True
2026-06-15 20:33:18,284 [INFO] Strategies: ['entropy', 'class_aware_entropy', 'gap_aware_entropy', 'adaptive_gap_entropy']
2026-06-15 20:33:18,284 [INFO] Seeds: [42]
2026-06-15 20:33:18,285 [INFO] Rounds: 10, Initial: 100, Query: 100
2026-06-15 20:33:18,285 [INFO] SSL: True, Method: flexmatch, t-SNE: False, Resume: False
2026-06-15 20:33:18,285 [INFO] Imbalance mode: max/min class count ratio = 20
2026-06-15 20:33:18,318 [INFO] Device: cuda
2026-06-15 20:33:36,759 [INFO] Imbalance filter (Exponential): 50000 -> 17023 training samples
2026-06-15 20:33:36,759 [INFO] 
--- Strategy: entropy ---
2026-06-15 20:33:43,633 [INFO]   [entropy] Seed=42 R1/10 F1=0.0648 Acc=0.1451 Labeled=200 QueryTime=0.0s GPU=172MB SSL+0
2026-06-15 20:33:50,287 [INFO]   [entropy] Seed=42 R2/10 F1=0.1089 Acc=0.1964 Labeled=300 QueryTime=0.0s GPU=217MB SSL+0
2026-06-15 20:33:56,232 [INFO]   [entropy] Seed=42 R3/10 F1=0.1624 Acc=0.2513 Labeled=400 QueryTime=0.0s GPU=237MB SSL+0
2026-06-15 20:34:02,238 [INFO]   [entropy] Seed=42 R4/10 F1=0.1872 Acc=0.2649 Labeled=500 QueryTime=0.0s GPU=237MB SSL+25
2026-06-15 20:34:08,291 [INFO]   [entropy] Seed=42 R5/10 F1=0.2009 Acc=0.2696 Labeled=600 QueryTime=0.0s GPU=237MB SSL+19
2026-06-15 20:34:16,489 [INFO]   [entropy] Seed=42 R6/10 F1=0.2221 Acc=0.2916 Labeled=700 QueryTime=0.0s GPU=237MB SSL+61
2026-06-15 20:34:24,837 [INFO]   [entropy] Seed=42 R7/10 F1=0.2671 Acc=0.3310 Labeled=800 QueryTime=0.0s GPU=237MB SSL+45
2026-06-15 20:34:35,413 [INFO]   [entropy] Seed=42 R8/10 F1=0.2920 Acc=0.3500 Labeled=900 QueryTime=0.0s GPU=237MB SSL+94
2026-06-15 20:34:45,896 [INFO]   [entropy] Seed=42 R9/10 F1=0.3116 Acc=0.3584 Labeled=1000 QueryTime=0.0s GPU=237MB SSL+81
2026-06-15 20:34:55,336 [INFO] 
--- Strategy: class_aware_entropy ---
2026-06-15 20:35:00,971 [INFO]   [class_aware_entropy] Seed=42 R1/10 F1=0.0648 Acc=0.1451 Labeled=200 QueryTime=0.0s GPU=185MB SSL+0
2026-06-15 20:35:06,811 [INFO]   [class_aware_entropy] Seed=42 R2/10 F1=0.1212 Acc=0.2048 Labeled=300 QueryTime=0.1s GPU=221MB SSL+0
2026-06-15 20:35:12,801 [INFO]   [class_aware_entropy] Seed=42 R3/10 F1=0.1916 Acc=0.2719 Labeled=400 QueryTime=0.1s GPU=241MB SSL+0
2026-06-15 20:35:18,863 [INFO]   [class_aware_entropy] Seed=42 R4/10 F1=0.2181 Acc=0.2887 Labeled=500 QueryTime=0.1s GPU=241MB SSL+0
2026-06-15 20:35:25,005 [INFO]   [class_aware_entropy] Seed=42 R5/10 F1=0.2589 Acc=0.3093 Labeled=600 QueryTime=0.2s GPU=241MB SSL+0
2026-06-15 20:35:33,766 [INFO]   [class_aware_entropy] Seed=42 R6/10 F1=0.2466 Acc=0.3022 Labeled=700 QueryTime=0.2s GPU=241MB SSL+0
2026-06-15 20:35:42,761 [INFO]   [class_aware_entropy] Seed=42 R7/10 F1=0.3067 Acc=0.3421 Labeled=800 QueryTime=0.2s GPU=241MB SSL+0
2026-06-15 20:35:54,658 [INFO]   [class_aware_entropy] Seed=42 R8/10 F1=0.3186 Acc=0.3589 Labeled=900 QueryTime=0.3s GPU=241MB SSL+32
2026-06-15 20:36:06,585 [INFO]   [class_aware_entropy] Seed=42 R9/10 F1=0.3297 Acc=0.3794 Labeled=1000 QueryTime=0.3s GPU=241MB SSL+152
2026-06-15 20:36:17,652 [INFO] 
--- Strategy: gap_aware_entropy ---
2026-06-15 20:36:23,751 [INFO]   [gap_aware_entropy] Seed=42 R1/10 F1=0.0648 Acc=0.1451 Labeled=200 QueryTime=0.0s GPU=185MB SSL+0
2026-06-15 20:36:30,233 [INFO]   [gap_aware_entropy] Seed=42 R2/10 F1=0.1286 Acc=0.2074 Labeled=300 QueryTime=0.1s GPU=221MB SSL+2
2026-06-15 20:36:36,945 [INFO]   [gap_aware_entropy] Seed=42 R3/10 F1=0.1336 Acc=0.2217 Labeled=400 QueryTime=0.1s GPU=241MB SSL+2
2026-06-15 20:36:43,831 [INFO]   [gap_aware_entropy] Seed=42 R4/10 F1=0.1754 Acc=0.2421 Labeled=500 QueryTime=0.1s GPU=241MB SSL+0
2026-06-15 20:36:50,611 [INFO]   [gap_aware_entropy] Seed=42 R5/10 F1=0.1754 Acc=0.2578 Labeled=600 QueryTime=0.2s GPU=241MB SSL+10
2026-06-15 20:36:57,852 [INFO]   [gap_aware_entropy] Seed=42 R6/10 F1=0.2228 Acc=0.2906 Labeled=700 QueryTime=0.1s GPU=241MB SSL+14
2026-06-15 20:37:04,203 [INFO]   [gap_aware_entropy] Seed=42 R7/10 F1=0.2659 Acc=0.3279 Labeled=800 QueryTime=0.1s GPU=241MB SSL+23
2026-06-15 20:37:12,400 [INFO]   [gap_aware_entropy] Seed=42 R8/10 F1=0.2788 Acc=0.3417 Labeled=900 QueryTime=0.1s GPU=241MB SSL+96
2026-06-15 20:37:20,714 [INFO]   [gap_aware_entropy] Seed=42 R9/10 F1=0.3237 Acc=0.3737 Labeled=1000 QueryTime=0.1s GPU=241MB SSL+46
2026-06-15 20:37:28,228 [INFO] 
--- Strategy: adaptive_gap_entropy ---
2026-06-15 20:37:32,136 [INFO]   [adaptive_gap_entropy] Seed=42 R1/10 F1=0.0648 Acc=0.1451 Labeled=200 QueryTime=0.0s GPU=185MB SSL+0
2026-06-15 20:37:36,109 [INFO]   [adaptive_gap_entropy] Seed=42 R2/10 F1=0.1284 Acc=0.2079 Labeled=300 QueryTime=0.0s GPU=221MB SSL+7
2026-06-15 20:37:40,139 [INFO]   [adaptive_gap_entropy] Seed=42 R3/10 F1=0.1723 Acc=0.2519 Labeled=400 QueryTime=0.0s GPU=241MB SSL+6
2026-06-15 20:37:44,205 [INFO]   [adaptive_gap_entropy] Seed=42 R4/10 F1=0.2044 Acc=0.2625 Labeled=500 QueryTime=0.1s GPU=241MB SSL+6
2026-06-15 20:37:48,266 [INFO]   [adaptive_gap_entropy] Seed=42 R5/10 F1=0.2093 Acc=0.2631 Labeled=600 QueryTime=0.1s GPU=241MB SSL+14
2026-06-15 20:37:54,421 [INFO]   [adaptive_gap_entropy] Seed=42 R6/10 F1=0.2229 Acc=0.2902 Labeled=700 QueryTime=0.1s GPU=241MB SSL+19
2026-06-15 20:38:00,491 [INFO]   [adaptive_gap_entropy] Seed=42 R7/10 F1=0.2456 Acc=0.3170 Labeled=800 QueryTime=0.1s GPU=241MB SSL+48
2026-06-15 20:38:08,370 [INFO]   [adaptive_gap_entropy] Seed=42 R8/10 F1=0.3089 Acc=0.3613 Labeled=900 QueryTime=0.1s GPU=241MB SSL+86
2026-06-15 20:38:16,141 [INFO]   [adaptive_gap_entropy] Seed=42 R9/10 F1=0.3272 Acc=0.3671 Labeled=1000 QueryTime=0.1s GPU=241MB SSL+50
2026-06-15 20:38:23,340 [INFO] 
--- Full Supervised Baseline (skipped, no existing result) ---
2026-06-15 21:04:37,891 [INFO] === v8 Controlled-Fast AL+SSL Analysis: cifar10 ===
2026-06-15 21:04:37,891 [INFO] Budget: ultra_low, Model: simplecnn, Scheduler: True
2026-06-15 21:04:37,891 [INFO] Strategies: ['entropy', 'class_aware_entropy', 'gap_aware_entropy', 'adaptive_gap_entropy']
2026-06-15 21:04:37,891 [INFO] Seeds: [123]
2026-06-15 21:04:37,891 [INFO] Rounds: 10, Initial: 100, Query: 100
2026-06-15 21:04:37,891 [INFO] SSL: True, Method: flexmatch, t-SNE: False, Resume: False
2026-06-15 21:04:37,891 [INFO] Imbalance mode: max/min class count ratio = 20
2026-06-15 21:04:37,925 [INFO] Device: cuda
2026-06-15 21:04:56,395 [INFO] Imbalance filter (Exponential): 50000 -> 17023 training samples
2026-06-15 21:04:56,395 [INFO] 
--- Strategy: entropy ---
2026-06-15 21:05:03,919 [INFO]   [entropy] Seed=123 R1/10 F1=0.0656 Acc=0.1416 Labeled=200 QueryTime=0.0s GPU=172MB SSL+0
2026-06-15 21:05:10,891 [INFO]   [entropy] Seed=123 R2/10 F1=0.1222 Acc=0.1980 Labeled=300 QueryTime=0.0s GPU=217MB SSL+10
2026-06-15 21:05:17,235 [INFO]   [entropy] Seed=123 R3/10 F1=0.1668 Acc=0.2381 Labeled=400 QueryTime=0.0s GPU=237MB SSL+25
2026-06-15 21:05:23,718 [INFO]   [entropy] Seed=123 R4/10 F1=0.2035 Acc=0.2607 Labeled=500 QueryTime=0.0s GPU=237MB SSL+12
2026-06-15 21:05:30,152 [INFO]   [entropy] Seed=123 R5/10 F1=0.2068 Acc=0.2824 Labeled=600 QueryTime=0.0s GPU=237MB SSL+26
2026-06-15 21:05:38,843 [INFO]   [entropy] Seed=123 R6/10 F1=0.2252 Acc=0.2988 Labeled=700 QueryTime=0.0s GPU=237MB SSL+34
2026-06-15 21:05:48,042 [INFO]   [entropy] Seed=123 R7/10 F1=0.2375 Acc=0.3143 Labeled=800 QueryTime=0.0s GPU=237MB SSL+69
2026-06-15 21:06:00,645 [INFO]   [entropy] Seed=123 R8/10 F1=0.2615 Acc=0.3358 Labeled=900 QueryTime=0.0s GPU=237MB SSL+104
2026-06-15 21:06:13,325 [INFO]   [entropy] Seed=123 R9/10 F1=0.2731 Acc=0.3461 Labeled=1000 QueryTime=0.0s GPU=237MB SSL+174
2026-06-15 21:06:25,056 [INFO] 
--- Strategy: class_aware_entropy ---
2026-06-15 21:06:32,226 [INFO]   [class_aware_entropy] Seed=123 R1/10 F1=0.0656 Acc=0.1416 Labeled=200 QueryTime=0.0s GPU=185MB SSL+0
2026-06-15 21:06:39,478 [INFO]   [class_aware_entropy] Seed=123 R2/10 F1=0.1238 Acc=0.2122 Labeled=300 QueryTime=0.1s GPU=221MB SSL+24
2026-06-15 21:06:46,740 [INFO]   [class_aware_entropy] Seed=123 R3/10 F1=0.1428 Acc=0.2231 Labeled=400 QueryTime=0.1s GPU=241MB SSL+20
2026-06-15 21:06:53,831 [INFO]   [class_aware_entropy] Seed=123 R4/10 F1=0.1734 Acc=0.2433 Labeled=500 QueryTime=0.1s GPU=241MB SSL+2
2026-06-15 21:07:00,806 [INFO]   [class_aware_entropy] Seed=123 R5/10 F1=0.1904 Acc=0.2635 Labeled=600 QueryTime=0.2s GPU=241MB SSL+13
2026-06-15 21:07:10,866 [INFO]   [class_aware_entropy] Seed=123 R6/10 F1=0.2147 Acc=0.2909 Labeled=700 QueryTime=0.2s GPU=241MB SSL+29
2026-06-15 21:07:20,748 [INFO]   [class_aware_entropy] Seed=123 R7/10 F1=0.2294 Acc=0.3028 Labeled=800 QueryTime=0.2s GPU=241MB SSL+48
2026-06-15 21:07:33,521 [INFO]   [class_aware_entropy] Seed=123 R8/10 F1=0.2967 Acc=0.3515 Labeled=900 QueryTime=0.3s GPU=241MB SSL+48
2026-06-15 21:07:46,366 [INFO]   [class_aware_entropy] Seed=123 R9/10 F1=0.3416 Acc=0.3788 Labeled=1000 QueryTime=0.3s GPU=241MB SSL+66
2026-06-15 21:07:58,005 [INFO] 
--- Strategy: gap_aware_entropy ---
2026-06-15 21:08:04,415 [INFO]   [gap_aware_entropy] Seed=123 R1/10 F1=0.0656 Acc=0.1416 Labeled=200 QueryTime=0.0s GPU=185MB SSL+0
2026-06-15 21:08:11,094 [INFO]   [gap_aware_entropy] Seed=123 R2/10 F1=0.1253 Acc=0.2055 Labeled=300 QueryTime=0.1s GPU=221MB SSL+41
2026-06-15 21:08:17,745 [INFO]   [gap_aware_entropy] Seed=123 R3/10 F1=0.1509 Acc=0.2393 Labeled=400 QueryTime=0.1s GPU=241MB SSL+17
2026-06-15 21:08:24,548 [INFO]   [gap_aware_entropy] Seed=123 R4/10 F1=0.1572 Acc=0.2433 Labeled=500 QueryTime=0.1s GPU=241MB SSL+5
2026-06-15 21:08:31,371 [INFO]   [gap_aware_entropy] Seed=123 R5/10 F1=0.1703 Acc=0.2633 Labeled=600 QueryTime=0.2s GPU=241MB SSL+8
2026-06-15 21:08:41,353 [INFO]   [gap_aware_entropy] Seed=123 R6/10 F1=0.2021 Acc=0.2908 Labeled=700 QueryTime=0.2s GPU=241MB SSL+13
2026-06-15 21:08:50,912 [INFO]   [gap_aware_entropy] Seed=123 R7/10 F1=0.2450 Acc=0.3176 Labeled=800 QueryTime=0.2s GPU=241MB SSL+40
2026-06-15 21:09:03,339 [INFO]   [gap_aware_entropy] Seed=123 R8/10 F1=0.2730 Acc=0.3362 Labeled=900 QueryTime=0.3s GPU=241MB SSL+90
2026-06-15 21:09:16,046 [INFO]   [gap_aware_entropy] Seed=123 R9/10 F1=0.3077 Acc=0.3627 Labeled=1000 QueryTime=0.3s GPU=241MB SSL+78
2026-06-15 21:09:27,538 [INFO] 
--- Strategy: adaptive_gap_entropy ---
2026-06-15 21:09:34,138 [INFO]   [adaptive_gap_entropy] Seed=123 R1/10 F1=0.0656 Acc=0.1416 Labeled=200 QueryTime=0.0s GPU=185MB SSL+0
2026-06-15 21:09:40,795 [INFO]   [adaptive_gap_entropy] Seed=123 R2/10 F1=0.1249 Acc=0.2045 Labeled=300 QueryTime=0.1s GPU=221MB SSL+41
2026-06-15 21:09:47,473 [INFO]   [adaptive_gap_entropy] Seed=123 R3/10 F1=0.1452 Acc=0.2313 Labeled=400 QueryTime=0.1s GPU=241MB SSL+32
2026-06-15 21:09:54,467 [INFO]   [adaptive_gap_entropy] Seed=123 R4/10 F1=0.1634 Acc=0.2452 Labeled=500 QueryTime=0.1s GPU=241MB SSL+25
2026-06-15 21:10:01,250 [INFO]   [adaptive_gap_entropy] Seed=123 R5/10 F1=0.1798 Acc=0.2713 Labeled=600 QueryTime=0.2s GPU=241MB SSL+24
2026-06-15 21:10:10,761 [INFO]   [adaptive_gap_entropy] Seed=123 R6/10 F1=0.2064 Acc=0.2898 Labeled=700 QueryTime=0.2s GPU=241MB SSL+54
2026-06-15 21:10:20,265 [INFO]   [adaptive_gap_entropy] Seed=123 R7/10 F1=0.2224 Acc=0.3030 Labeled=800 QueryTime=0.2s GPU=241MB SSL+18
2026-06-15 21:10:32,818 [INFO]   [adaptive_gap_entropy] Seed=123 R8/10 F1=0.2732 Acc=0.3405 Labeled=900 QueryTime=0.3s GPU=241MB SSL+68
2026-06-15 21:10:44,892 [INFO]   [adaptive_gap_entropy] Seed=123 R9/10 F1=0.3142 Acc=0.3653 Labeled=1000 QueryTime=0.3s GPU=241MB SSL+36
2026-06-15 21:10:55,951 [INFO] 
--- Full Supervised Baseline (reused from existing) ---
2026-06-15 21:10:55,952 [INFO] Full Supervised: Acc=0.0000, F1=0.0000
2026-06-15 21:44:33,857 [INFO] === v8 Controlled-Fast AL+SSL Analysis: cifar10 ===
2026-06-15 21:44:33,866 [INFO] Budget: ultra_low, Model: simplecnn, Scheduler: True
2026-06-15 21:44:33,866 [INFO] Strategies: ['entropy', 'class_aware_entropy', 'gap_aware_entropy', 'adaptive_gap_entropy']
2026-06-15 21:44:33,866 [INFO] Seeds: [456]
2026-06-15 21:44:33,866 [INFO] Rounds: 10, Initial: 100, Query: 100
2026-06-15 21:44:33,866 [INFO] SSL: True, Method: flexmatch, t-SNE: False, Resume: False
2026-06-15 21:44:33,866 [INFO] Imbalance mode: max/min class count ratio = 20
2026-06-15 21:44:33,895 [INFO] Device: cuda
2026-06-15 21:44:51,821 [INFO] Imbalance filter (Exponential): 50000 -> 17023 training samples
2026-06-15 21:44:51,822 [INFO] 
--- Strategy: entropy ---
2026-06-15 21:44:58,546 [INFO]   [entropy] Seed=456 R1/10 F1=0.1046 Acc=0.1712 Labeled=200 QueryTime=0.0s GPU=172MB SSL+0
2026-06-15 21:45:05,017 [INFO]   [entropy] Seed=456 R2/10 F1=0.1357 Acc=0.2321 Labeled=300 QueryTime=0.0s GPU=217MB SSL+0
2026-06-15 21:45:11,156 [INFO]   [entropy] Seed=456 R3/10 F1=0.1276 Acc=0.2171 Labeled=400 QueryTime=0.0s GPU=237MB SSL+5
2026-06-15 21:45:17,297 [INFO]   [entropy] Seed=456 R4/10 F1=0.1856 Acc=0.2649 Labeled=500 QueryTime=0.0s GPU=237MB SSL+6
2026-06-15 21:45:23,203 [INFO]   [entropy] Seed=456 R5/10 F1=0.2398 Acc=0.3087 Labeled=600 QueryTime=0.0s GPU=237MB SSL+13
2026-06-15 21:45:31,659 [INFO]   [entropy] Seed=456 R6/10 F1=0.2207 Acc=0.2994 Labeled=700 QueryTime=0.0s GPU=237MB SSL+52
2026-06-15 21:45:40,061 [INFO]   [entropy] Seed=456 R7/10 F1=0.2030 Acc=0.2800 Labeled=800 QueryTime=0.0s GPU=237MB SSL+42
2026-06-15 21:45:50,740 [INFO]   [entropy] Seed=456 R8/10 F1=0.2896 Acc=0.3404 Labeled=900 QueryTime=0.0s GPU=237MB SSL+101
2026-06-15 21:46:01,498 [INFO]   [entropy] Seed=456 R9/10 F1=0.3541 Acc=0.3887 Labeled=1000 QueryTime=0.0s GPU=237MB SSL+74
2026-06-15 21:46:11,535 [INFO] 
--- Strategy: class_aware_entropy ---
2026-06-15 21:46:17,396 [INFO]   [class_aware_entropy] Seed=456 R1/10 F1=0.1046 Acc=0.1712 Labeled=200 QueryTime=0.0s GPU=185MB SSL+0
2026-06-15 21:46:23,445 [INFO]   [class_aware_entropy] Seed=456 R2/10 F1=0.1308 Acc=0.2121 Labeled=300 QueryTime=0.1s GPU=221MB SSL+7
2026-06-15 21:46:29,848 [INFO]   [class_aware_entropy] Seed=456 R3/10 F1=0.1715 Acc=0.2553 Labeled=400 QueryTime=0.1s GPU=241MB SSL+19
2026-06-15 21:46:36,332 [INFO]   [class_aware_entropy] Seed=456 R4/10 F1=0.2072 Acc=0.2812 Labeled=500 QueryTime=0.1s GPU=241MB SSL+11
2026-06-15 21:46:42,881 [INFO]   [class_aware_entropy] Seed=456 R5/10 F1=0.2116 Acc=0.2889 Labeled=600 QueryTime=0.1s GPU=241MB SSL+12
2026-06-15 21:46:52,183 [INFO]   [class_aware_entropy] Seed=456 R6/10 F1=0.2382 Acc=0.3085 Labeled=700 QueryTime=0.2s GPU=241MB SSL+34
2026-06-15 21:47:01,710 [INFO]   [class_aware_entropy] Seed=456 R7/10 F1=0.2703 Acc=0.3316 Labeled=800 QueryTime=0.2s GPU=241MB SSL+43
2026-06-15 21:56:21,333 [INFO]   [class_aware_entropy] Seed=456 R8/10 F1=0.3268 Acc=0.3680 Labeled=900 QueryTime=0.3s GPU=241MB SSL+109
2026-06-15 22:28:35,093 [INFO]   [class_aware_entropy] Seed=456 R9/10 F1=0.3544 Acc=0.3904 Labeled=1000 QueryTime=0.3s GPU=241MB SSL+99
2026-06-15 22:28:44,262 [INFO] 
--- Strategy: gap_aware_entropy ---
2026-06-15 22:28:48,747 [INFO]   [gap_aware_entropy] Seed=456 R1/10 F1=0.1046 Acc=0.1712 Labeled=200 QueryTime=0.0s GPU=185MB SSL+0
2026-06-15 22:28:54,064 [INFO]   [gap_aware_entropy] Seed=456 R2/10 F1=0.1273 Acc=0.2213 Labeled=300 QueryTime=0.1s GPU=221MB SSL+11
2026-06-15 22:28:59,643 [INFO]   [gap_aware_entropy] Seed=456 R3/10 F1=0.1514 Acc=0.2442 Labeled=400 QueryTime=0.1s GPU=241MB SSL+25
2026-06-15 22:29:05,113 [INFO]   [gap_aware_entropy] Seed=456 R4/10 F1=0.1855 Acc=0.2692 Labeled=500 QueryTime=0.1s GPU=241MB SSL+9
2026-06-15 22:29:10,914 [INFO]   [gap_aware_entropy] Seed=456 R5/10 F1=0.1895 Acc=0.2686 Labeled=600 QueryTime=0.2s GPU=241MB SSL+24
2026-06-15 22:29:18,717 [INFO]   [gap_aware_entropy] Seed=456 R6/10 F1=0.2232 Acc=0.3006 Labeled=700 QueryTime=0.2s GPU=241MB SSL+31
2026-06-15 22:29:26,483 [INFO]   [gap_aware_entropy] Seed=456 R7/10 F1=0.2757 Acc=0.3239 Labeled=800 QueryTime=0.2s GPU=241MB SSL+76
2026-06-15 22:29:36,341 [INFO]   [gap_aware_entropy] Seed=456 R8/10 F1=0.2896 Acc=0.3387 Labeled=900 QueryTime=0.2s GPU=241MB SSL+140
2026-06-15 22:29:46,151 [INFO]   [gap_aware_entropy] Seed=456 R9/10 F1=0.3447 Acc=0.3797 Labeled=1000 QueryTime=0.3s GPU=241MB SSL+99
2026-06-15 22:29:54,953 [INFO] 
--- Strategy: adaptive_gap_entropy ---
2026-06-15 22:30:00,185 [INFO]   [adaptive_gap_entropy] Seed=456 R1/10 F1=0.1046 Acc=0.1712 Labeled=200 QueryTime=0.0s GPU=185MB SSL+0
2026-06-15 22:30:05,561 [INFO]   [adaptive_gap_entropy] Seed=456 R2/10 F1=0.1158 Acc=0.2102 Labeled=300 QueryTime=0.1s GPU=221MB SSL+18
2026-06-15 22:30:11,060 [INFO]   [adaptive_gap_entropy] Seed=456 R3/10 F1=0.1552 Acc=0.2502 Labeled=400 QueryTime=0.1s GPU=241MB SSL+12
2026-06-15 22:30:16,692 [INFO]   [adaptive_gap_entropy] Seed=456 R4/10 F1=0.1726 Acc=0.2465 Labeled=500 QueryTime=0.1s GPU=241MB SSL+14
2026-06-15 22:30:22,341 [INFO]   [adaptive_gap_entropy] Seed=456 R5/10 F1=0.1965 Acc=0.2809 Labeled=600 QueryTime=0.2s GPU=241MB SSL+24
2026-06-15 22:30:30,615 [INFO]   [adaptive_gap_entropy] Seed=456 R6/10 F1=0.2677 Acc=0.3286 Labeled=700 QueryTime=0.2s GPU=241MB SSL+32
2026-06-15 22:30:38,518 [INFO]   [adaptive_gap_entropy] Seed=456 R7/10 F1=0.2722 Acc=0.3263 Labeled=800 QueryTime=0.2s GPU=241MB SSL+69
2026-06-15 22:30:48,490 [INFO]   [adaptive_gap_entropy] Seed=456 R8/10 F1=0.3455 Acc=0.3833 Labeled=900 QueryTime=0.3s GPU=241MB SSL+79
2026-06-15 22:30:58,570 [INFO]   [adaptive_gap_entropy] Seed=456 R9/10 F1=0.3485 Acc=0.3868 Labeled=1000 QueryTime=0.3s GPU=241MB SSL+95
2026-06-15 22:31:07,299 [INFO] 
--- Full Supervised Baseline (reused from existing) ---
2026-06-15 22:31:07,299 [INFO] Full Supervised: Acc=0.0000, F1=0.0000
