2026-06-15 20:38:28,628 [INFO] === v8 Controlled-Fast AL+SSL Analysis: cifar10 ===
2026-06-15 20:38:28,628 [INFO] Budget: ultra_low, Model: simplecnn, Scheduler: True
2026-06-15 20:38:28,628 [INFO] Strategies: ['entropy', 'class_aware_entropy', 'gap_aware_entropy', 'adaptive_gap_entropy']
2026-06-15 20:38:28,628 [INFO] Seeds: [42]
2026-06-15 20:38:28,628 [INFO] Rounds: 10, Initial: 100, Query: 100
2026-06-15 20:38:28,628 [INFO] SSL: True, Method: flexmatch, t-SNE: False, Resume: False
2026-06-15 20:38:28,628 [INFO] Imbalance mode: max/min class count ratio = 20
2026-06-15 20:38:28,648 [INFO] Device: cuda
2026-06-15 20:38:37,714 [INFO] Imbalance filter (Exponential): 50000 -> 17023 training samples
2026-06-15 20:38:37,714 [INFO] 
--- Strategy: entropy ---
2026-06-15 20:38:42,584 [INFO]   [entropy] Seed=42 R1/10 F1=0.0647 Acc=0.1634 Labeled=200 QueryTime=0.0s GPU=172MB SSL+0
2026-06-15 20:38:47,025 [INFO]   [entropy] Seed=42 R2/10 F1=0.1266 Acc=0.2034 Labeled=300 QueryTime=0.0s GPU=217MB SSL+0
2026-06-15 20:38:51,311 [INFO]   [entropy] Seed=42 R3/10 F1=0.1518 Acc=0.2277 Labeled=400 QueryTime=0.0s GPU=237MB SSL+24
2026-06-15 20:38:55,695 [INFO]   [entropy] Seed=42 R4/10 F1=0.1937 Acc=0.2651 Labeled=500 QueryTime=0.0s GPU=237MB SSL+29
2026-06-15 20:39:00,191 [INFO]   [entropy] Seed=42 R5/10 F1=0.1922 Acc=0.2531 Labeled=600 QueryTime=0.0s GPU=237MB SSL+4
2026-06-15 20:39:07,237 [INFO]   [entropy] Seed=42 R6/10 F1=0.2313 Acc=0.3051 Labeled=700 QueryTime=0.0s GPU=237MB SSL+58
2026-06-15 20:39:14,426 [INFO]   [entropy] Seed=42 R7/10 F1=0.2365 Acc=0.3149 Labeled=800 QueryTime=0.0s GPU=237MB SSL+86
2026-06-15 20:39:24,426 [INFO]   [entropy] Seed=42 R8/10 F1=0.2588 Acc=0.3332 Labeled=900 QueryTime=0.0s GPU=237MB SSL+126
2026-06-15 20:39:34,620 [INFO]   [entropy] Seed=42 R9/10 F1=0.3103 Acc=0.3710 Labeled=1000 QueryTime=0.0s GPU=237MB SSL+216
2026-06-15 20:39:44,306 [INFO] 
--- Strategy: class_aware_entropy ---
2026-06-15 20:39:47,989 [INFO]   [class_aware_entropy] Seed=42 R1/10 F1=0.0647 Acc=0.1634 Labeled=200 QueryTime=0.0s GPU=185MB SSL+0
2026-06-15 20:39:51,925 [INFO]   [class_aware_entropy] Seed=42 R2/10 F1=0.1079 Acc=0.1831 Labeled=300 QueryTime=0.0s GPU=221MB SSL+0
2026-06-15 20:39:56,040 [INFO]   [class_aware_entropy] Seed=42 R3/10 F1=0.1473 Acc=0.2321 Labeled=400 QueryTime=0.0s GPU=241MB SSL+42
2026-06-15 20:40:00,182 [INFO]   [class_aware_entropy] Seed=42 R4/10 F1=0.1969 Acc=0.2709 Labeled=500 QueryTime=0.1s GPU=241MB SSL+15
2026-06-15 20:40:04,440 [INFO]   [class_aware_entropy] Seed=42 R5/10 F1=0.1796 Acc=0.2698 Labeled=600 QueryTime=0.1s GPU=241MB SSL+41
2026-06-15 20:40:11,238 [INFO]   [class_aware_entropy] Seed=42 R6/10 F1=0.2501 Acc=0.3246 Labeled=700 QueryTime=0.1s GPU=241MB SSL+48
2026-06-15 20:40:18,266 [INFO]   [class_aware_entropy] Seed=42 R7/10 F1=0.3088 Acc=0.3618 Labeled=800 QueryTime=0.1s GPU=241MB SSL+103
2026-06-15 20:40:27,916 [INFO]   [class_aware_entropy] Seed=42 R8/10 F1=0.2978 Acc=0.3540 Labeled=900 QueryTime=0.1s GPU=241MB SSL+139
2026-06-15 20:40:37,792 [INFO]   [class_aware_entropy] Seed=42 R9/10 F1=0.3060 Acc=0.3586 Labeled=1000 QueryTime=0.1s GPU=241MB SSL+239
2026-06-15 20:40:47,294 [INFO] 
--- Strategy: gap_aware_entropy ---
2026-06-15 20:40:51,006 [INFO]   [gap_aware_entropy] Seed=42 R1/10 F1=0.0647 Acc=0.1634 Labeled=200 QueryTime=0.0s GPU=185MB SSL+0
2026-06-15 20:40:54,869 [INFO]   [gap_aware_entropy] Seed=42 R2/10 F1=0.1160 Acc=0.1881 Labeled=300 QueryTime=0.0s GPU=221MB SSL+1
2026-06-15 20:40:59,059 [INFO]   [gap_aware_entropy] Seed=42 R3/10 F1=0.1569 Acc=0.2382 Labeled=400 QueryTime=0.0s GPU=241MB SSL+30
2026-06-15 20:41:03,238 [INFO]   [gap_aware_entropy] Seed=42 R4/10 F1=0.1908 Acc=0.2480 Labeled=500 QueryTime=0.1s GPU=241MB SSL+44
2026-06-15 20:41:07,626 [INFO]   [gap_aware_entropy] Seed=42 R5/10 F1=0.1952 Acc=0.2605 Labeled=600 QueryTime=0.1s GPU=241MB SSL+39
2026-06-15 20:41:14,259 [INFO]   [gap_aware_entropy] Seed=42 R6/10 F1=0.2358 Acc=0.3040 Labeled=700 QueryTime=0.1s GPU=241MB SSL+106
2026-06-15 20:41:21,045 [INFO]   [gap_aware_entropy] Seed=42 R7/10 F1=0.2319 Acc=0.3034 Labeled=800 QueryTime=0.1s GPU=241MB SSL+70
2026-06-15 20:41:30,532 [INFO]   [gap_aware_entropy] Seed=42 R8/10 F1=0.2578 Acc=0.3310 Labeled=900 QueryTime=0.1s GPU=241MB SSL+170
2026-06-15 20:41:40,396 [INFO]   [gap_aware_entropy] Seed=42 R9/10 F1=0.2752 Acc=0.3430 Labeled=1000 QueryTime=0.1s GPU=241MB SSL+92
2026-06-15 20:41:50,357 [INFO] 
--- Strategy: adaptive_gap_entropy ---
2026-06-15 20:41:54,119 [INFO]   [adaptive_gap_entropy] Seed=42 R1/10 F1=0.0647 Acc=0.1634 Labeled=200 QueryTime=0.0s GPU=185MB SSL+0
2026-06-15 20:41:58,104 [INFO]   [adaptive_gap_entropy] Seed=42 R2/10 F1=0.1096 Acc=0.1798 Labeled=300 QueryTime=0.0s GPU=221MB SSL+1
2026-06-15 20:42:02,184 [INFO]   [adaptive_gap_entropy] Seed=42 R3/10 F1=0.1408 Acc=0.2256 Labeled=400 QueryTime=0.0s GPU=241MB SSL+0
2026-06-15 20:42:06,501 [INFO]   [adaptive_gap_entropy] Seed=42 R4/10 F1=0.1639 Acc=0.2241 Labeled=500 QueryTime=0.1s GPU=241MB SSL+0
2026-06-15 20:42:10,755 [INFO]   [adaptive_gap_entropy] Seed=42 R5/10 F1=0.1739 Acc=0.2546 Labeled=600 QueryTime=0.1s GPU=241MB SSL+46
2026-06-15 20:42:17,605 [INFO]   [adaptive_gap_entropy] Seed=42 R6/10 F1=0.2084 Acc=0.2882 Labeled=700 QueryTime=0.1s GPU=241MB SSL+109
2026-06-15 20:42:24,595 [INFO]   [adaptive_gap_entropy] Seed=42 R7/10 F1=0.2625 Acc=0.3276 Labeled=800 QueryTime=0.1s GPU=241MB SSL+60
2026-06-15 20:42:34,412 [INFO]   [adaptive_gap_entropy] Seed=42 R8/10 F1=0.2446 Acc=0.3124 Labeled=900 QueryTime=0.1s GPU=241MB SSL+270
2026-06-15 20:42:44,529 [INFO]   [adaptive_gap_entropy] Seed=42 R9/10 F1=0.3041 Acc=0.3568 Labeled=1000 QueryTime=0.1s GPU=241MB SSL+142
2026-06-15 20:42:54,135 [INFO] 
--- Full Supervised Baseline (skipped, no existing result) ---
2026-06-15 21:11:02,972 [INFO] === v8 Controlled-Fast AL+SSL Analysis: cifar10 ===
2026-06-15 21:11:02,972 [INFO] Budget: ultra_low, Model: simplecnn, Scheduler: True
2026-06-15 21:11:02,972 [INFO] Strategies: ['entropy', 'class_aware_entropy', 'gap_aware_entropy', 'adaptive_gap_entropy']
2026-06-15 21:11:02,972 [INFO] Seeds: [123]
2026-06-15 21:11:02,972 [INFO] Rounds: 10, Initial: 100, Query: 100
2026-06-15 21:11:02,972 [INFO] SSL: True, Method: flexmatch, t-SNE: False, Resume: False
2026-06-15 21:11:02,972 [INFO] Imbalance mode: max/min class count ratio = 20
2026-06-15 21:11:03,007 [INFO] Device: cuda
2026-06-15 21:11:21,999 [INFO] Imbalance filter (Exponential): 50000 -> 17023 training samples
2026-06-15 21:11:21,999 [INFO] 
--- Strategy: entropy ---
2026-06-15 21:11:30,304 [INFO]   [entropy] Seed=123 R1/10 F1=0.0644 Acc=0.1381 Labeled=200 QueryTime=0.0s GPU=172MB SSL+0
2026-06-15 21:11:37,899 [INFO]   [entropy] Seed=123 R2/10 F1=0.1338 Acc=0.2118 Labeled=300 QueryTime=0.0s GPU=217MB SSL+0
2026-06-15 21:11:45,102 [INFO]   [entropy] Seed=123 R3/10 F1=0.1888 Acc=0.2481 Labeled=400 QueryTime=0.0s GPU=237MB SSL+30
2026-06-15 21:11:52,544 [INFO]   [entropy] Seed=123 R4/10 F1=0.2163 Acc=0.2813 Labeled=500 QueryTime=0.0s GPU=237MB SSL+37
2026-06-15 21:12:00,380 [INFO]   [entropy] Seed=123 R5/10 F1=0.1945 Acc=0.2692 Labeled=600 QueryTime=0.0s GPU=237MB SSL+74
2026-06-15 21:12:12,124 [INFO]   [entropy] Seed=123 R6/10 F1=0.2208 Acc=0.3029 Labeled=700 QueryTime=0.0s GPU=237MB SSL+105
2026-06-15 21:12:24,242 [INFO]   [entropy] Seed=123 R7/10 F1=0.2290 Acc=0.3013 Labeled=800 QueryTime=0.0s GPU=237MB SSL+174
2026-06-15 21:12:40,765 [INFO]   [entropy] Seed=123 R8/10 F1=0.2692 Acc=0.3359 Labeled=900 QueryTime=0.0s GPU=237MB SSL+299
2026-06-15 21:12:57,772 [INFO]   [entropy] Seed=123 R9/10 F1=0.3014 Acc=0.3579 Labeled=1000 QueryTime=0.0s GPU=237MB SSL+243
2026-06-15 21:13:14,162 [INFO] 
--- Strategy: class_aware_entropy ---
2026-06-15 21:13:20,786 [INFO]   [class_aware_entropy] Seed=123 R1/10 F1=0.0644 Acc=0.1381 Labeled=200 QueryTime=0.0s GPU=185MB SSL+0
2026-06-15 21:13:27,675 [INFO]   [class_aware_entropy] Seed=123 R2/10 F1=0.1157 Acc=0.2132 Labeled=300 QueryTime=0.1s GPU=221MB SSL+52
2026-06-15 21:13:34,848 [INFO]   [class_aware_entropy] Seed=123 R3/10 F1=0.1456 Acc=0.2068 Labeled=400 QueryTime=0.1s GPU=241MB SSL+5
2026-06-15 21:13:42,221 [INFO]   [class_aware_entropy] Seed=123 R4/10 F1=0.1675 Acc=0.2506 Labeled=500 QueryTime=0.1s GPU=241MB SSL+16
2026-06-15 21:13:50,022 [INFO]   [class_aware_entropy] Seed=123 R5/10 F1=0.1922 Acc=0.2569 Labeled=600 QueryTime=0.2s GPU=241MB SSL+43
2026-06-15 21:14:01,777 [INFO]   [class_aware_entropy] Seed=123 R6/10 F1=0.1725 Acc=0.2667 Labeled=700 QueryTime=0.2s GPU=241MB SSL+102
2026-06-15 21:14:14,062 [INFO]   [class_aware_entropy] Seed=123 R7/10 F1=0.1873 Acc=0.2724 Labeled=800 QueryTime=0.2s GPU=241MB SSL+166
2026-06-15 21:14:30,478 [INFO]   [class_aware_entropy] Seed=123 R8/10 F1=0.2401 Acc=0.3131 Labeled=900 QueryTime=0.3s GPU=241MB SSL+81
2026-06-15 21:14:47,647 [INFO]   [class_aware_entropy] Seed=123 R9/10 F1=0.2979 Acc=0.3555 Labeled=1000 QueryTime=0.3s GPU=241MB SSL+127
2026-06-15 21:15:03,984 [INFO] 
--- Strategy: gap_aware_entropy ---
2026-06-15 21:15:10,125 [INFO]   [gap_aware_entropy] Seed=123 R1/10 F1=0.0644 Acc=0.1381 Labeled=200 QueryTime=0.0s GPU=185MB SSL+0
2026-06-15 21:15:16,653 [INFO]   [gap_aware_entropy] Seed=123 R2/10 F1=0.1333 Acc=0.2036 Labeled=300 QueryTime=0.1s GPU=221MB SSL+49
2026-06-15 21:15:23,562 [INFO]   [gap_aware_entropy] Seed=123 R3/10 F1=0.1513 Acc=0.2309 Labeled=400 QueryTime=0.1s GPU=241MB SSL+78
2026-06-15 21:15:30,936 [INFO]   [gap_aware_entropy] Seed=123 R4/10 F1=0.1995 Acc=0.2443 Labeled=500 QueryTime=0.1s GPU=241MB SSL+82
2026-06-15 21:15:38,235 [INFO]   [gap_aware_entropy] Seed=123 R5/10 F1=0.2014 Acc=0.2676 Labeled=600 QueryTime=0.2s GPU=241MB SSL+75
2026-06-15 21:15:49,601 [INFO]   [gap_aware_entropy] Seed=123 R6/10 F1=0.2656 Acc=0.3244 Labeled=700 QueryTime=0.2s GPU=241MB SSL+74
2026-06-15 21:16:01,157 [INFO]   [gap_aware_entropy] Seed=123 R7/10 F1=0.2787 Acc=0.3360 Labeled=800 QueryTime=0.2s GPU=241MB SSL+121
2026-06-15 21:16:17,169 [INFO]   [gap_aware_entropy] Seed=123 R8/10 F1=0.2967 Acc=0.3539 Labeled=900 QueryTime=0.3s GPU=241MB SSL+181
2026-06-15 21:16:33,553 [INFO]   [gap_aware_entropy] Seed=123 R9/10 F1=0.3102 Acc=0.3671 Labeled=1000 QueryTime=0.3s GPU=241MB SSL+247
2026-06-15 21:16:50,277 [INFO] 
--- Strategy: adaptive_gap_entropy ---
2026-06-15 21:16:56,270 [INFO]   [adaptive_gap_entropy] Seed=123 R1/10 F1=0.0644 Acc=0.1381 Labeled=200 QueryTime=0.0s GPU=185MB SSL+0
2026-06-15 21:17:02,758 [INFO]   [adaptive_gap_entropy] Seed=123 R2/10 F1=0.1356 Acc=0.2031 Labeled=300 QueryTime=0.1s GPU=221MB SSL+44
2026-06-15 21:17:09,917 [INFO]   [adaptive_gap_entropy] Seed=123 R3/10 F1=0.1570 Acc=0.2234 Labeled=400 QueryTime=0.1s GPU=241MB SSL+76
2026-06-15 21:17:17,180 [INFO]   [adaptive_gap_entropy] Seed=123 R4/10 F1=0.1868 Acc=0.2552 Labeled=500 QueryTime=0.1s GPU=241MB SSL+73
2026-06-15 21:17:25,063 [INFO]   [adaptive_gap_entropy] Seed=123 R5/10 F1=0.2036 Acc=0.2687 Labeled=600 QueryTime=0.2s GPU=241MB SSL+77
2026-06-15 21:17:37,053 [INFO]   [adaptive_gap_entropy] Seed=123 R6/10 F1=0.2255 Acc=0.3008 Labeled=700 QueryTime=0.2s GPU=241MB SSL+27
2026-06-15 21:17:48,807 [INFO]   [adaptive_gap_entropy] Seed=123 R7/10 F1=0.2449 Acc=0.3108 Labeled=800 QueryTime=0.2s GPU=241MB SSL+48
2026-06-15 21:18:04,833 [INFO]   [adaptive_gap_entropy] Seed=123 R8/10 F1=0.3085 Acc=0.3615 Labeled=900 QueryTime=0.2s GPU=241MB SSL+186
2026-06-15 21:18:21,717 [INFO]   [adaptive_gap_entropy] Seed=123 R9/10 F1=0.3327 Acc=0.3793 Labeled=1000 QueryTime=0.3s GPU=241MB SSL+283
2026-06-15 21:18:38,325 [INFO] 
--- Full Supervised Baseline (reused from existing) ---
2026-06-15 21:18:38,325 [INFO] Full Supervised: Acc=0.0000, F1=0.0000
2026-06-15 22:31:14,490 [INFO] === v8 Controlled-Fast AL+SSL Analysis: cifar10 ===
2026-06-15 22:31:14,490 [INFO] Budget: ultra_low, Model: simplecnn, Scheduler: True
2026-06-15 22:31:14,490 [INFO] Strategies: ['entropy', 'class_aware_entropy', 'gap_aware_entropy', 'adaptive_gap_entropy']
2026-06-15 22:31:14,490 [INFO] Seeds: [456]
2026-06-15 22:31:14,491 [INFO] Rounds: 10, Initial: 100, Query: 100
2026-06-15 22:31:14,491 [INFO] SSL: True, Method: flexmatch, t-SNE: False, Resume: False
2026-06-15 22:31:14,491 [INFO] Imbalance mode: max/min class count ratio = 20
2026-06-15 22:31:14,522 [INFO] Device: cuda
2026-06-15 22:31:32,388 [INFO] Imbalance filter (Exponential): 50000 -> 17023 training samples
2026-06-15 22:31:32,388 [INFO] 
--- Strategy: entropy ---
2026-06-15 22:31:39,457 [INFO]   [entropy] Seed=456 R1/10 F1=0.0953 Acc=0.1614 Labeled=200 QueryTime=0.0s GPU=172MB SSL+0
2026-06-15 22:31:45,906 [INFO]   [entropy] Seed=456 R2/10 F1=0.1294 Acc=0.2275 Labeled=300 QueryTime=0.0s GPU=217MB SSL+0
2026-06-15 22:31:52,146 [INFO]   [entropy] Seed=456 R3/10 F1=0.1722 Acc=0.2517 Labeled=400 QueryTime=0.0s GPU=237MB SSL+23
2026-06-15 22:31:58,539 [INFO]   [entropy] Seed=456 R4/10 F1=0.1582 Acc=0.2389 Labeled=500 QueryTime=0.0s GPU=237MB SSL+63
2026-06-15 22:32:05,134 [INFO]   [entropy] Seed=456 R5/10 F1=0.1629 Acc=0.2528 Labeled=600 QueryTime=0.0s GPU=237MB SSL+65
2026-06-15 22:32:14,916 [INFO]   [entropy] Seed=456 R6/10 F1=0.2393 Acc=0.3112 Labeled=700 QueryTime=0.0s GPU=237MB SSL+73
2026-06-15 22:32:25,261 [INFO]   [entropy] Seed=456 R7/10 F1=0.2690 Acc=0.3308 Labeled=800 QueryTime=0.0s GPU=237MB SSL+141
2026-06-15 22:32:39,157 [INFO]   [entropy] Seed=456 R8/10 F1=0.3360 Acc=0.3731 Labeled=900 QueryTime=0.0s GPU=237MB SSL+244
2026-06-15 22:32:54,691 [INFO]   [entropy] Seed=456 R9/10 F1=0.3321 Acc=0.3620 Labeled=1000 QueryTime=0.0s GPU=237MB SSL+231
2026-06-15 22:33:09,590 [INFO] 
--- Strategy: class_aware_entropy ---
2026-06-15 22:33:15,344 [INFO]   [class_aware_entropy] Seed=456 R1/10 F1=0.0953 Acc=0.1614 Labeled=200 QueryTime=0.0s GPU=185MB SSL+0
2026-06-15 22:33:21,380 [INFO]   [class_aware_entropy] Seed=456 R2/10 F1=0.1463 Acc=0.2241 Labeled=300 QueryTime=0.1s GPU=221MB SSL+30
2026-06-15 22:33:27,781 [INFO]   [class_aware_entropy] Seed=456 R3/10 F1=0.1672 Acc=0.2558 Labeled=400 QueryTime=0.1s GPU=241MB SSL+18
2026-06-15 22:33:34,272 [INFO]   [class_aware_entropy] Seed=456 R4/10 F1=0.1809 Acc=0.2659 Labeled=500 QueryTime=0.1s GPU=241MB SSL+23
2026-06-15 22:33:41,378 [INFO]   [class_aware_entropy] Seed=456 R5/10 F1=0.2017 Acc=0.2846 Labeled=600 QueryTime=0.2s GPU=241MB SSL+68
2026-06-15 22:33:52,286 [INFO]   [class_aware_entropy] Seed=456 R6/10 F1=0.2129 Acc=0.2880 Labeled=700 QueryTime=0.2s GPU=241MB SSL+190
2026-06-15 22:34:03,587 [INFO]   [class_aware_entropy] Seed=456 R7/10 F1=0.2596 Acc=0.3270 Labeled=800 QueryTime=0.2s GPU=241MB SSL+98
2026-06-15 22:34:19,251 [INFO]   [class_aware_entropy] Seed=456 R8/10 F1=0.2736 Acc=0.3376 Labeled=900 QueryTime=0.3s GPU=241MB SSL+263
2026-06-15 22:34:35,351 [INFO]   [class_aware_entropy] Seed=456 R9/10 F1=0.3123 Acc=0.3544 Labeled=1000 QueryTime=0.3s GPU=241MB SSL+250
2026-06-15 22:34:51,469 [INFO] 
--- Strategy: gap_aware_entropy ---
2026-06-15 22:34:57,653 [INFO]   [gap_aware_entropy] Seed=456 R1/10 F1=0.0953 Acc=0.1614 Labeled=200 QueryTime=0.0s GPU=185MB SSL+0
2026-06-15 22:35:04,027 [INFO]   [gap_aware_entropy] Seed=456 R2/10 F1=0.1309 Acc=0.2283 Labeled=300 QueryTime=0.1s GPU=221MB SSL+5
2026-06-15 22:35:10,617 [INFO]   [gap_aware_entropy] Seed=456 R3/10 F1=0.1899 Acc=0.2708 Labeled=400 QueryTime=0.1s GPU=241MB SSL+49
2026-06-15 22:35:17,417 [INFO]   [gap_aware_entropy] Seed=456 R4/10 F1=0.1937 Acc=0.2592 Labeled=500 QueryTime=0.1s GPU=241MB SSL+40
2026-06-15 22:35:24,311 [INFO]   [gap_aware_entropy] Seed=456 R5/10 F1=0.1944 Acc=0.2714 Labeled=600 QueryTime=0.2s GPU=241MB SSL+67
2026-06-15 22:35:35,115 [INFO]   [gap_aware_entropy] Seed=456 R6/10 F1=0.2265 Acc=0.3032 Labeled=700 QueryTime=0.2s GPU=241MB SSL+33
2026-06-15 22:35:46,168 [INFO]   [gap_aware_entropy] Seed=456 R7/10 F1=0.2611 Acc=0.3268 Labeled=800 QueryTime=0.2s GPU=241MB SSL+66
2026-06-15 22:36:01,415 [INFO]   [gap_aware_entropy] Seed=456 R8/10 F1=0.2909 Acc=0.3306 Labeled=900 QueryTime=0.3s GPU=241MB SSL+245
2026-06-15 22:36:17,305 [INFO]   [gap_aware_entropy] Seed=456 R9/10 F1=0.3092 Acc=0.3544 Labeled=1000 QueryTime=0.3s GPU=241MB SSL+231
2026-06-15 22:36:32,386 [INFO] 
--- Strategy: adaptive_gap_entropy ---
2026-06-15 22:36:38,154 [INFO]   [adaptive_gap_entropy] Seed=456 R1/10 F1=0.0953 Acc=0.1614 Labeled=200 QueryTime=0.0s GPU=185MB SSL+0
2026-06-15 22:36:44,224 [INFO]   [adaptive_gap_entropy] Seed=456 R2/10 F1=0.1273 Acc=0.2211 Labeled=300 QueryTime=0.1s GPU=221MB SSL+3
2026-06-15 22:36:50,794 [INFO]   [adaptive_gap_entropy] Seed=456 R3/10 F1=0.1624 Acc=0.2497 Labeled=400 QueryTime=0.1s GPU=241MB SSL+40
2026-06-15 22:36:57,377 [INFO]   [adaptive_gap_entropy] Seed=456 R4/10 F1=0.1931 Acc=0.2626 Labeled=500 QueryTime=0.1s GPU=241MB SSL+42
2026-06-15 22:37:04,128 [INFO]   [adaptive_gap_entropy] Seed=456 R5/10 F1=0.2032 Acc=0.2716 Labeled=600 QueryTime=0.2s GPU=241MB SSL+32
2026-06-15 22:37:14,965 [INFO]   [adaptive_gap_entropy] Seed=456 R6/10 F1=0.2452 Acc=0.3174 Labeled=700 QueryTime=0.2s GPU=241MB SSL+113
2026-06-15 22:37:26,101 [INFO]   [adaptive_gap_entropy] Seed=456 R7/10 F1=0.2878 Acc=0.3411 Labeled=800 QueryTime=0.2s GPU=241MB SSL+86
2026-06-15 22:37:41,336 [INFO]   [adaptive_gap_entropy] Seed=456 R8/10 F1=0.3179 Acc=0.3529 Labeled=900 QueryTime=0.3s GPU=241MB SSL+123
2026-06-15 22:37:57,308 [INFO]   [adaptive_gap_entropy] Seed=456 R9/10 F1=0.3600 Acc=0.3842 Labeled=1000 QueryTime=0.3s GPU=241MB SSL+239
2026-06-15 22:38:13,898 [INFO] 
--- Full Supervised Baseline (reused from existing) ---
2026-06-15 22:38:13,899 [INFO] Full Supervised: Acc=0.0000, F1=0.0000
