2026-06-15 16:08:52,417 [INFO] === v8 Controlled-Fast AL+SSL Analysis: cifar10 ===
2026-06-15 16:08:52,417 [INFO] Budget: ultra_low, Model: simplecnn, Scheduler: True
2026-06-15 16:08:52,418 [INFO] Strategies: ['entropy', 'class_aware_entropy', 'gap_aware_entropy', 'adaptive_gap_entropy']
2026-06-15 16:08:52,418 [INFO] Seeds: [42]
2026-06-15 16:08:52,418 [INFO] Rounds: 10, Initial: 100, Query: 100
2026-06-15 16:08:52,418 [INFO] SSL: True, Method: flexmatch, t-SNE: False, Resume: False
2026-06-15 16:08:52,418 [INFO] Imbalance mode: max/min class count ratio = 5
2026-06-15 16:08:52,448 [INFO] Device: cuda
2026-06-15 16:09:10,187 [INFO] Imbalance filter (Exponential): 50000 -> 25423 training samples
2026-06-15 16:09:10,187 [INFO] 
--- Strategy: entropy ---
2026-06-15 16:09:10,313 [INFO]   Progressive SSL: Base SSL for rounds 0-6, Innov SSL for round 7+
2026-06-15 16:09:18,027 [INFO]   [entropy] Seed=42 R1/10 F1=0.0685 Acc=0.1341 Labeled=200 QueryTime=0.0s GPU=172MB SSL+0
2026-06-15 16:09:25,258 [INFO]   [entropy] Seed=42 R2/10 F1=0.1912 Acc=0.2420 Labeled=300 QueryTime=0.0s GPU=217MB SSL+0
2026-06-15 16:09:32,005 [INFO]   [entropy] Seed=42 R3/10 F1=0.2232 Acc=0.2624 Labeled=400 QueryTime=0.0s GPU=237MB SSL+0
2026-06-15 16:09:38,677 [INFO]   [entropy] Seed=42 R4/10 F1=0.2380 Acc=0.2612 Labeled=500 QueryTime=0.0s GPU=237MB SSL+7
2026-06-15 16:09:45,442 [INFO]   [entropy] Seed=42 R5/10 F1=0.2743 Acc=0.2956 Labeled=600 QueryTime=0.0s GPU=237MB SSL+17
2026-06-15 16:09:55,168 [INFO]   [entropy] Seed=42 R6/10 F1=0.3217 Acc=0.3442 Labeled=700 QueryTime=0.0s GPU=237MB SSL+27
2026-06-15 16:10:04,828 [INFO]   [entropy] Seed=42 R7/10 F1=0.3376 Acc=0.3685 Labeled=800 QueryTime=0.0s GPU=237MB SSL+50
2026-06-15 16:10:05,092 [INFO]   Progressive SSL: switched to Innov SSL at round 7
2026-06-15 16:10:21,737 [INFO]   [entropy] Seed=42 R8/10 F1=0.3630 Acc=0.3971 Labeled=900 QueryTime=0.0s GPU=237MB SSL+280
2026-06-15 16:10:38,781 [INFO]   [entropy] Seed=42 R9/10 F1=0.4083 Acc=0.4320 Labeled=1000 QueryTime=0.0s GPU=237MB SSL+346
2026-06-15 16:10:55,071 [INFO] 
--- Strategy: class_aware_entropy ---
2026-06-15 16:10:55,082 [INFO]   Progressive SSL: Base SSL for rounds 0-6, Innov SSL for round 7+
2026-06-15 16:11:01,195 [INFO]   [class_aware_entropy] Seed=42 R1/10 F1=0.0685 Acc=0.1341 Labeled=200 QueryTime=0.0s GPU=185MB SSL+0
2026-06-15 16:11:07,488 [INFO]   [class_aware_entropy] Seed=42 R2/10 F1=0.2165 Acc=0.2594 Labeled=300 QueryTime=0.1s GPU=221MB SSL+0
2026-06-15 16:11:13,897 [INFO]   [class_aware_entropy] Seed=42 R3/10 F1=0.2309 Acc=0.2732 Labeled=400 QueryTime=0.1s GPU=241MB SSL+0
2026-06-15 16:11:20,144 [INFO]   [class_aware_entropy] Seed=42 R4/10 F1=0.2501 Acc=0.2868 Labeled=500 QueryTime=0.1s GPU=241MB SSL+3
2026-06-15 16:11:26,506 [INFO]   [class_aware_entropy] Seed=42 R5/10 F1=0.3092 Acc=0.3410 Labeled=600 QueryTime=0.2s GPU=241MB SSL+0
2026-06-15 16:11:35,615 [INFO]   [class_aware_entropy] Seed=42 R6/10 F1=0.3085 Acc=0.3498 Labeled=700 QueryTime=0.2s GPU=241MB SSL+29
2026-06-15 16:11:44,469 [INFO]   [class_aware_entropy] Seed=42 R7/10 F1=0.3454 Acc=0.3797 Labeled=800 QueryTime=0.2s GPU=241MB SSL+29
2026-06-15 16:11:44,700 [INFO]   Progressive SSL: switched to Innov SSL at round 7
2026-06-15 16:12:00,398 [INFO]   [class_aware_entropy] Seed=42 R8/10 F1=0.3498 Acc=0.3786 Labeled=900 QueryTime=0.2s GPU=241MB SSL+206
2026-06-15 16:12:16,448 [INFO]   [class_aware_entropy] Seed=42 R9/10 F1=0.3488 Acc=0.3880 Labeled=1000 QueryTime=0.3s GPU=241MB SSL+302
2026-06-15 16:12:31,783 [INFO] 
--- Strategy: gap_aware_entropy ---
2026-06-15 16:12:31,794 [INFO]   Progressive SSL: Base SSL for rounds 0-6, Innov SSL for round 7+
2026-06-15 16:12:37,589 [INFO]   [gap_aware_entropy] Seed=42 R1/10 F1=0.0685 Acc=0.1341 Labeled=200 QueryTime=0.0s GPU=185MB SSL+0
2026-06-15 16:12:43,476 [INFO]   [gap_aware_entropy] Seed=42 R2/10 F1=0.2140 Acc=0.2603 Labeled=300 QueryTime=0.1s GPU=221MB SSL+0
2026-06-15 16:12:49,581 [INFO]   [gap_aware_entropy] Seed=42 R3/10 F1=0.2211 Acc=0.2653 Labeled=400 QueryTime=0.1s GPU=241MB SSL+6
2026-06-15 16:12:55,695 [INFO]   [gap_aware_entropy] Seed=42 R4/10 F1=0.2285 Acc=0.2721 Labeled=500 QueryTime=0.1s GPU=241MB SSL+5
2026-06-15 16:13:01,752 [INFO]   [gap_aware_entropy] Seed=42 R5/10 F1=0.2605 Acc=0.2975 Labeled=600 QueryTime=0.1s GPU=241MB SSL+3
2026-06-15 16:13:10,584 [INFO]   [gap_aware_entropy] Seed=42 R6/10 F1=0.2945 Acc=0.3354 Labeled=700 QueryTime=0.2s GPU=241MB SSL+12
2026-06-15 16:13:19,311 [INFO]   [gap_aware_entropy] Seed=42 R7/10 F1=0.3225 Acc=0.3572 Labeled=800 QueryTime=0.2s GPU=241MB SSL+51
2026-06-15 16:13:19,551 [INFO]   Progressive SSL: switched to Innov SSL at round 7
2026-06-15 16:13:35,035 [INFO]   [gap_aware_entropy] Seed=42 R8/10 F1=0.3329 Acc=0.3779 Labeled=900 QueryTime=0.2s GPU=241MB SSL+182
2026-06-15 16:13:51,533 [INFO]   [gap_aware_entropy] Seed=42 R9/10 F1=0.3550 Acc=0.3895 Labeled=1000 QueryTime=0.3s GPU=241MB SSL+250
2026-06-15 16:14:07,703 [INFO] 
--- Strategy: adaptive_gap_entropy ---
2026-06-15 16:14:07,713 [INFO]   Progressive SSL: Base SSL for rounds 0-6, Innov SSL for round 7+
2026-06-15 16:14:13,512 [INFO]   [adaptive_gap_entropy] Seed=42 R1/10 F1=0.0685 Acc=0.1341 Labeled=200 QueryTime=0.0s GPU=185MB SSL+0
2026-06-15 16:14:19,718 [INFO]   [adaptive_gap_entropy] Seed=42 R2/10 F1=0.2196 Acc=0.2638 Labeled=300 QueryTime=0.1s GPU=221MB SSL+0
2026-06-15 16:14:25,765 [INFO]   [adaptive_gap_entropy] Seed=42 R3/10 F1=0.2293 Acc=0.2669 Labeled=400 QueryTime=0.1s GPU=241MB SSL+6
2026-06-15 16:14:31,838 [INFO]   [adaptive_gap_entropy] Seed=42 R4/10 F1=0.2252 Acc=0.2653 Labeled=500 QueryTime=0.1s GPU=241MB SSL+4
2026-06-15 16:14:38,196 [INFO]   [adaptive_gap_entropy] Seed=42 R5/10 F1=0.2669 Acc=0.3056 Labeled=600 QueryTime=0.1s GPU=241MB SSL+12
2026-06-15 16:14:47,156 [INFO]   [adaptive_gap_entropy] Seed=42 R6/10 F1=0.3030 Acc=0.3347 Labeled=700 QueryTime=0.2s GPU=241MB SSL+34
2026-06-15 16:14:56,021 [INFO]   [adaptive_gap_entropy] Seed=42 R7/10 F1=0.3308 Acc=0.3640 Labeled=800 QueryTime=0.2s GPU=241MB SSL+43
2026-06-15 16:14:56,243 [INFO]   Progressive SSL: switched to Innov SSL at round 7
2026-06-15 16:15:11,714 [INFO]   [adaptive_gap_entropy] Seed=42 R8/10 F1=0.3897 Acc=0.4041 Labeled=900 QueryTime=0.2s GPU=241MB SSL+211
2026-06-15 16:15:27,804 [INFO]   [adaptive_gap_entropy] Seed=42 R9/10 F1=0.3853 Acc=0.4145 Labeled=1000 QueryTime=0.3s GPU=241MB SSL+244
2026-06-15 16:15:42,939 [INFO] 
--- Full Supervised Baseline ---
2026-06-15 16:26:16,492 [INFO] Full Supervised: Acc=0.7977, F1=0.7946 (epochs=50, time=631.0s)
2026-06-15 16:26:17,643 [INFO] 
=== Results saved to C:\Users\28414\Desktop\机器学习—图像分类-期末汇报\output\progressive_ssl_full\progressive_r7_rho5 ===
2026-06-15 16:26:17,644 [INFO] 
Summary:
2026-06-15 16:26:17,644 [INFO] Strategy                 Final F1     ±std   p<0.05 vs Random
2026-06-15 16:26:17,644 [INFO] ------------------------------------------------------------
2026-06-15 16:26:17,644 [INFO] adaptive_gap_entropy       0.3885   0.0000                   
2026-06-15 16:26:17,644 [INFO] class_aware_entropy        0.3785   0.0000                   
2026-06-15 16:26:17,644 [INFO] entropy                    0.3988   0.0000                   
2026-06-15 16:26:17,644 [INFO] gap_aware_entropy          0.3660   0.0000                   
2026-06-15 16:26:17,644 [INFO] Full Supervised            0.7946
2026-06-15 17:53:40,407 [INFO] === v8 Controlled-Fast AL+SSL Analysis: cifar10 ===
2026-06-15 17:53:40,408 [INFO] Budget: ultra_low, Model: simplecnn, Scheduler: True
2026-06-15 17:53:40,408 [INFO] Strategies: ['entropy', 'class_aware_entropy', 'gap_aware_entropy', 'adaptive_gap_entropy']
2026-06-15 17:53:40,408 [INFO] Seeds: [123]
2026-06-15 17:53:40,408 [INFO] Rounds: 10, Initial: 100, Query: 100
2026-06-15 17:53:40,408 [INFO] SSL: True, Method: flexmatch, t-SNE: False, Resume: False
2026-06-15 17:53:40,408 [INFO] Imbalance mode: max/min class count ratio = 5
2026-06-15 17:53:40,460 [INFO] Device: cuda
2026-06-15 17:53:54,578 [INFO] Imbalance filter (Exponential): 50000 -> 25423 training samples
2026-06-15 17:53:54,578 [INFO] 
--- Strategy: entropy ---
2026-06-15 17:53:54,791 [INFO]   Progressive SSL: Base SSL for rounds 0-6, Innov SSL for round 7+
2026-06-15 17:54:00,396 [INFO]   [entropy] Seed=123 R1/10 F1=0.0866 Acc=0.1552 Labeled=200 QueryTime=0.0s GPU=172MB SSL+0
2026-06-15 17:54:05,541 [INFO]   [entropy] Seed=123 R2/10 F1=0.1681 Acc=0.2331 Labeled=300 QueryTime=0.0s GPU=217MB SSL+0
2026-06-15 17:54:10,208 [INFO]   [entropy] Seed=123 R3/10 F1=0.2210 Acc=0.2682 Labeled=400 QueryTime=0.0s GPU=237MB SSL+2
2026-06-15 17:54:14,784 [INFO]   [entropy] Seed=123 R4/10 F1=0.2345 Acc=0.2928 Labeled=500 QueryTime=0.0s GPU=237MB SSL+2
2026-06-15 17:54:19,329 [INFO]   [entropy] Seed=123 R5/10 F1=0.2705 Acc=0.3097 Labeled=600 QueryTime=0.0s GPU=237MB SSL+11
2026-06-15 17:54:25,910 [INFO]   [entropy] Seed=123 R6/10 F1=0.2682 Acc=0.3276 Labeled=700 QueryTime=0.0s GPU=237MB SSL+37
2026-06-15 17:54:32,777 [INFO]   [entropy] Seed=123 R7/10 F1=0.3152 Acc=0.3572 Labeled=800 QueryTime=0.0s GPU=237MB SSL+28
2026-06-15 17:54:32,944 [INFO]   Progressive SSL: switched to Innov SSL at round 7
2026-06-15 17:54:45,494 [INFO]   [entropy] Seed=123 R8/10 F1=0.3552 Acc=0.3934 Labeled=900 QueryTime=0.0s GPU=237MB SSL+253
2026-06-15 17:54:59,155 [INFO]   [entropy] Seed=123 R9/10 F1=0.3475 Acc=0.3830 Labeled=1000 QueryTime=0.0s GPU=237MB SSL+222
2026-06-15 17:55:12,710 [INFO] 
--- Strategy: class_aware_entropy ---
2026-06-15 17:55:12,718 [INFO]   Progressive SSL: Base SSL for rounds 0-6, Innov SSL for round 7+
2026-06-15 17:55:17,423 [INFO]   [class_aware_entropy] Seed=123 R1/10 F1=0.0866 Acc=0.1552 Labeled=200 QueryTime=0.0s GPU=185MB SSL+0
2026-06-15 17:55:22,581 [INFO]   [class_aware_entropy] Seed=123 R2/10 F1=0.1293 Acc=0.2147 Labeled=300 QueryTime=0.0s GPU=221MB SSL+0
2026-06-15 17:55:27,895 [INFO]   [class_aware_entropy] Seed=123 R3/10 F1=0.1664 Acc=0.2341 Labeled=400 QueryTime=0.1s GPU=241MB SSL+4
2026-06-15 17:55:32,762 [INFO]   [class_aware_entropy] Seed=123 R4/10 F1=0.2262 Acc=0.2720 Labeled=500 QueryTime=0.1s GPU=241MB SSL+2
2026-06-15 17:55:38,016 [INFO]   [class_aware_entropy] Seed=123 R5/10 F1=0.2410 Acc=0.2926 Labeled=600 QueryTime=0.1s GPU=241MB SSL+6
2026-06-15 17:55:45,499 [INFO]   [class_aware_entropy] Seed=123 R6/10 F1=0.2983 Acc=0.3369 Labeled=700 QueryTime=0.1s GPU=241MB SSL+13
2026-06-15 17:55:53,406 [INFO]   [class_aware_entropy] Seed=123 R7/10 F1=0.3693 Acc=0.3900 Labeled=800 QueryTime=0.2s GPU=241MB SSL+17
2026-06-15 17:55:53,526 [INFO]   Progressive SSL: switched to Innov SSL at round 7
2026-06-15 17:56:06,729 [INFO]   [class_aware_entropy] Seed=123 R8/10 F1=0.3736 Acc=0.3963 Labeled=900 QueryTime=0.2s GPU=241MB SSL+167
2026-06-15 17:56:20,737 [INFO]   [class_aware_entropy] Seed=123 R9/10 F1=0.3915 Acc=0.4175 Labeled=1000 QueryTime=0.2s GPU=241MB SSL+156
2026-06-15 17:56:34,065 [INFO] 
--- Strategy: gap_aware_entropy ---
2026-06-15 17:56:34,076 [INFO]   Progressive SSL: Base SSL for rounds 0-6, Innov SSL for round 7+
2026-06-15 17:56:39,151 [INFO]   [gap_aware_entropy] Seed=123 R1/10 F1=0.0866 Acc=0.1552 Labeled=200 QueryTime=0.0s GPU=185MB SSL+0
2026-06-15 17:56:44,237 [INFO]   [gap_aware_entropy] Seed=123 R2/10 F1=0.1147 Acc=0.1761 Labeled=300 QueryTime=0.0s GPU=221MB SSL+0
2026-06-15 17:56:49,926 [INFO]   [gap_aware_entropy] Seed=123 R3/10 F1=0.1875 Acc=0.2546 Labeled=400 QueryTime=0.0s GPU=241MB SSL+0
2026-06-15 17:56:55,423 [INFO]   [gap_aware_entropy] Seed=123 R4/10 F1=0.2081 Acc=0.2638 Labeled=500 QueryTime=0.1s GPU=241MB SSL+0
2026-06-15 17:57:00,606 [INFO]   [gap_aware_entropy] Seed=123 R5/10 F1=0.2478 Acc=0.2918 Labeled=600 QueryTime=0.2s GPU=241MB SSL+9
2026-06-15 17:57:07,900 [INFO]   [gap_aware_entropy] Seed=123 R6/10 F1=0.3281 Acc=0.3567 Labeled=700 QueryTime=0.1s GPU=241MB SSL+29
2026-06-15 17:57:15,137 [INFO]   [gap_aware_entropy] Seed=123 R7/10 F1=0.3553 Acc=0.3662 Labeled=800 QueryTime=0.2s GPU=241MB SSL+42
2026-06-15 17:57:15,292 [INFO]   Progressive SSL: switched to Innov SSL at round 7
2026-06-15 17:57:28,029 [INFO]   [gap_aware_entropy] Seed=123 R8/10 F1=0.3713 Acc=0.3816 Labeled=900 QueryTime=0.2s GPU=241MB SSL+115
2026-06-15 17:57:41,250 [INFO]   [gap_aware_entropy] Seed=123 R9/10 F1=0.3698 Acc=0.3977 Labeled=1000 QueryTime=0.2s GPU=241MB SSL+239
2026-06-15 17:57:54,057 [INFO] 
--- Strategy: adaptive_gap_entropy ---
2026-06-15 17:57:54,064 [INFO]   Progressive SSL: Base SSL for rounds 0-6, Innov SSL for round 7+
2026-06-15 17:57:58,776 [INFO]   [adaptive_gap_entropy] Seed=123 R1/10 F1=0.0866 Acc=0.1552 Labeled=200 QueryTime=0.0s GPU=185MB SSL+0
2026-06-15 17:58:03,520 [INFO]   [adaptive_gap_entropy] Seed=123 R2/10 F1=0.1365 Acc=0.1896 Labeled=300 QueryTime=0.1s GPU=221MB SSL+0
2026-06-15 17:58:08,281 [INFO]   [adaptive_gap_entropy] Seed=123 R3/10 F1=0.1918 Acc=0.2500 Labeled=400 QueryTime=0.1s GPU=241MB SSL+0
2026-06-15 17:58:12,837 [INFO]   [adaptive_gap_entropy] Seed=123 R4/10 F1=0.2321 Acc=0.2770 Labeled=500 QueryTime=0.1s GPU=241MB SSL+0
2026-06-15 17:58:17,893 [INFO]   [adaptive_gap_entropy] Seed=123 R5/10 F1=0.2564 Acc=0.2974 Labeled=600 QueryTime=0.1s GPU=241MB SSL+0
2026-06-15 17:58:25,007 [INFO]   [adaptive_gap_entropy] Seed=123 R6/10 F1=0.3263 Acc=0.3626 Labeled=700 QueryTime=0.1s GPU=241MB SSL+38
2026-06-15 17:58:32,299 [INFO]   [adaptive_gap_entropy] Seed=123 R7/10 F1=0.3497 Acc=0.3817 Labeled=800 QueryTime=0.2s GPU=241MB SSL+32
2026-06-15 17:58:32,473 [INFO]   Progressive SSL: switched to Innov SSL at round 7
2026-06-15 17:58:45,716 [INFO]   [adaptive_gap_entropy] Seed=123 R8/10 F1=0.3596 Acc=0.3954 Labeled=900 QueryTime=0.1s GPU=241MB SSL+237
2026-06-15 17:58:58,930 [INFO]   [adaptive_gap_entropy] Seed=123 R9/10 F1=0.3723 Acc=0.4145 Labeled=1000 QueryTime=0.2s GPU=241MB SSL+257
2026-06-15 17:59:11,803 [INFO] 
--- Full Supervised Baseline ---
2026-06-15 18:06:19,964 [INFO] Full Supervised: Acc=0.8020, F1=0.7987 (epochs=50, time=426.6s)
2026-06-15 18:06:20,657 [INFO] 
=== Results saved to C:\Users\28414\Desktop\机器学习—图像分类-期末汇报\output\progressive_ssl_full\progressive_r7_rho5 ===
2026-06-15 18:06:20,657 [INFO] 
Summary:
2026-06-15 18:06:20,657 [INFO] Strategy                 Final F1     ±std   p<0.05 vs Random
2026-06-15 18:06:20,657 [INFO] ------------------------------------------------------------
2026-06-15 18:06:20,657 [INFO] adaptive_gap_entropy       0.3984   0.0000                   
2026-06-15 18:06:20,657 [INFO] class_aware_entropy        0.4426   0.0000                   
2026-06-15 18:06:20,658 [INFO] entropy                    0.3889   0.0000                   
2026-06-15 18:06:20,658 [INFO] gap_aware_entropy          0.4161   0.0000                   
2026-06-15 18:06:20,658 [INFO] Full Supervised            0.7987
2026-06-15 18:48:27,009 [INFO] === v8 Controlled-Fast AL+SSL Analysis: cifar10 ===
2026-06-15 18:48:27,018 [INFO] Budget: ultra_low, Model: simplecnn, Scheduler: True
2026-06-15 18:48:27,018 [INFO] Strategies: ['entropy', 'class_aware_entropy', 'gap_aware_entropy', 'adaptive_gap_entropy']
2026-06-15 18:48:27,018 [INFO] Seeds: [456]
2026-06-15 18:48:27,018 [INFO] Rounds: 10, Initial: 100, Query: 100
2026-06-15 18:48:27,018 [INFO] SSL: True, Method: flexmatch, t-SNE: False, Resume: False
2026-06-15 18:48:27,018 [INFO] Imbalance mode: max/min class count ratio = 5
2026-06-15 18:48:27,056 [INFO] Device: cuda
2026-06-15 18:48:40,451 [INFO] Imbalance filter (Exponential): 50000 -> 25423 training samples
2026-06-15 18:48:40,451 [INFO] 
--- Strategy: entropy ---
2026-06-15 18:48:40,574 [INFO]   Progressive SSL: Base SSL for rounds 0-6, Innov SSL for round 7+
2026-06-15 18:48:46,200 [INFO]   [entropy] Seed=456 R1/10 F1=0.0944 Acc=0.1635 Labeled=200 QueryTime=0.0s GPU=172MB SSL+0
2026-06-15 18:48:51,711 [INFO]   [entropy] Seed=456 R2/10 F1=0.1512 Acc=0.2135 Labeled=300 QueryTime=0.0s GPU=217MB SSL+0
2026-06-15 18:48:56,856 [INFO]   [entropy] Seed=456 R3/10 F1=0.1867 Acc=0.2459 Labeled=400 QueryTime=0.0s GPU=237MB SSL+21
2026-06-15 18:49:02,259 [INFO]   [entropy] Seed=456 R4/10 F1=0.1922 Acc=0.2588 Labeled=500 QueryTime=0.0s GPU=237MB SSL+20
2026-06-15 18:49:06,815 [INFO]   [entropy] Seed=456 R5/10 F1=0.2731 Acc=0.3174 Labeled=600 QueryTime=0.0s GPU=237MB SSL+12
2026-06-15 18:49:12,910 [INFO]   [entropy] Seed=456 R6/10 F1=0.2900 Acc=0.3280 Labeled=700 QueryTime=0.0s GPU=237MB SSL+38
2026-06-15 18:49:18,983 [INFO]   [entropy] Seed=456 R7/10 F1=0.3093 Acc=0.3419 Labeled=800 QueryTime=0.0s GPU=237MB SSL+35
2026-06-15 18:49:19,108 [INFO]   Progressive SSL: switched to Innov SSL at round 7
2026-06-15 18:49:29,607 [INFO]   [entropy] Seed=456 R8/10 F1=0.3302 Acc=0.3614 Labeled=900 QueryTime=0.0s GPU=237MB SSL+192
2026-06-15 18:49:40,291 [INFO]   [entropy] Seed=456 R9/10 F1=0.3356 Acc=0.3706 Labeled=1000 QueryTime=0.0s GPU=237MB SSL+114
2026-06-15 18:49:50,809 [INFO] 
--- Strategy: class_aware_entropy ---
2026-06-15 18:49:50,817 [INFO]   Progressive SSL: Base SSL for rounds 0-6, Innov SSL for round 7+
2026-06-15 18:49:54,539 [INFO]   [class_aware_entropy] Seed=456 R1/10 F1=0.0944 Acc=0.1635 Labeled=200 QueryTime=0.0s GPU=185MB SSL+0
2026-06-15 18:49:58,364 [INFO]   [class_aware_entropy] Seed=456 R2/10 F1=0.1654 Acc=0.2238 Labeled=300 QueryTime=0.0s GPU=221MB SSL+0
2026-06-15 18:50:02,287 [INFO]   [class_aware_entropy] Seed=456 R3/10 F1=0.2367 Acc=0.2754 Labeled=400 QueryTime=0.0s GPU=241MB SSL+0
2026-06-15 18:50:06,295 [INFO]   [class_aware_entropy] Seed=456 R4/10 F1=0.2204 Acc=0.2780 Labeled=500 QueryTime=0.1s GPU=241MB SSL+0
2026-06-15 18:50:10,291 [INFO]   [class_aware_entropy] Seed=456 R5/10 F1=0.2879 Acc=0.3149 Labeled=600 QueryTime=0.1s GPU=241MB SSL+5
2026-06-15 18:50:16,130 [INFO]   [class_aware_entropy] Seed=456 R6/10 F1=0.3230 Acc=0.3466 Labeled=700 QueryTime=0.1s GPU=241MB SSL+27
2026-06-15 18:50:21,989 [INFO]   [class_aware_entropy] Seed=456 R7/10 F1=0.3461 Acc=0.3673 Labeled=800 QueryTime=0.1s GPU=241MB SSL+37
2026-06-15 18:50:22,102 [INFO]   Progressive SSL: switched to Innov SSL at round 7
2026-06-15 18:50:32,342 [INFO]   [class_aware_entropy] Seed=456 R8/10 F1=0.3702 Acc=0.3843 Labeled=900 QueryTime=0.1s GPU=241MB SSL+129
2026-06-15 18:50:42,772 [INFO]   [class_aware_entropy] Seed=456 R9/10 F1=0.3909 Acc=0.4142 Labeled=1000 QueryTime=0.1s GPU=241MB SSL+169
2026-06-15 18:50:52,793 [INFO] 
--- Strategy: gap_aware_entropy ---
2026-06-15 18:50:52,800 [INFO]   Progressive SSL: Base SSL for rounds 0-6, Innov SSL for round 7+
2026-06-15 18:50:56,505 [INFO]   [gap_aware_entropy] Seed=456 R1/10 F1=0.0944 Acc=0.1635 Labeled=200 QueryTime=0.0s GPU=185MB SSL+0
2026-06-15 18:51:00,329 [INFO]   [gap_aware_entropy] Seed=456 R2/10 F1=0.1561 Acc=0.2353 Labeled=300 QueryTime=0.0s GPU=221MB SSL+0
2026-06-15 18:51:04,317 [INFO]   [gap_aware_entropy] Seed=456 R3/10 F1=0.1883 Acc=0.2460 Labeled=400 QueryTime=0.1s GPU=241MB SSL+0
2026-06-15 18:51:08,283 [INFO]   [gap_aware_entropy] Seed=456 R4/10 F1=0.2411 Acc=0.2882 Labeled=500 QueryTime=0.1s GPU=241MB SSL+5
2026-06-15 18:51:12,157 [INFO]   [gap_aware_entropy] Seed=456 R5/10 F1=0.2735 Acc=0.3088 Labeled=600 QueryTime=0.1s GPU=241MB SSL+3
2026-06-15 18:51:17,915 [INFO]   [gap_aware_entropy] Seed=456 R6/10 F1=0.3106 Acc=0.3439 Labeled=700 QueryTime=0.1s GPU=241MB SSL+12
2026-06-15 18:51:25,364 [INFO]   [gap_aware_entropy] Seed=456 R7/10 F1=0.3455 Acc=0.3762 Labeled=800 QueryTime=0.2s GPU=241MB SSL+33
2026-06-15 18:51:25,631 [INFO]   Progressive SSL: switched to Innov SSL at round 7
2026-06-15 18:51:38,473 [INFO]   [gap_aware_entropy] Seed=456 R8/10 F1=0.3580 Acc=0.3736 Labeled=900 QueryTime=0.2s GPU=241MB SSL+239
2026-06-15 18:51:51,782 [INFO]   [gap_aware_entropy] Seed=456 R9/10 F1=0.3750 Acc=0.4049 Labeled=1000 QueryTime=0.2s GPU=241MB SSL+207
2026-06-15 18:52:03,243 [INFO] 
--- Strategy: adaptive_gap_entropy ---
2026-06-15 18:52:03,252 [INFO]   Progressive SSL: Base SSL for rounds 0-6, Innov SSL for round 7+
2026-06-15 18:52:06,862 [INFO]   [adaptive_gap_entropy] Seed=456 R1/10 F1=0.0944 Acc=0.1635 Labeled=200 QueryTime=0.0s GPU=185MB SSL+0
2026-06-15 18:52:10,633 [INFO]   [adaptive_gap_entropy] Seed=456 R2/10 F1=0.1580 Acc=0.2355 Labeled=300 QueryTime=0.0s GPU=221MB SSL+0
2026-06-15 18:52:14,446 [INFO]   [adaptive_gap_entropy] Seed=456 R3/10 F1=0.1788 Acc=0.2394 Labeled=400 QueryTime=0.0s GPU=241MB SSL+0
2026-06-15 18:52:18,202 [INFO]   [adaptive_gap_entropy] Seed=456 R4/10 F1=0.2388 Acc=0.2940 Labeled=500 QueryTime=0.1s GPU=241MB SSL+0
2026-06-15 18:52:22,011 [INFO]   [adaptive_gap_entropy] Seed=456 R5/10 F1=0.2464 Acc=0.3026 Labeled=600 QueryTime=0.1s GPU=241MB SSL+0
2026-06-15 18:52:27,647 [INFO]   [adaptive_gap_entropy] Seed=456 R6/10 F1=0.2832 Acc=0.3312 Labeled=700 QueryTime=0.1s GPU=241MB SSL+12
2026-06-15 18:52:33,429 [INFO]   [adaptive_gap_entropy] Seed=456 R7/10 F1=0.3323 Acc=0.3735 Labeled=800 QueryTime=0.1s GPU=241MB SSL+19
2026-06-15 18:52:33,541 [INFO]   Progressive SSL: switched to Innov SSL at round 7
2026-06-15 18:52:43,250 [INFO]   [adaptive_gap_entropy] Seed=456 R8/10 F1=0.3364 Acc=0.3684 Labeled=900 QueryTime=0.1s GPU=241MB SSL+248
2026-06-15 18:52:53,102 [INFO]   [adaptive_gap_entropy] Seed=456 R9/10 F1=0.3377 Acc=0.3736 Labeled=1000 QueryTime=0.1s GPU=241MB SSL+291
2026-06-15 18:53:02,674 [INFO] 
--- Full Supervised Baseline (reused from existing) ---
2026-06-15 18:53:02,674 [INFO] Full Supervised: Acc=0.8020, F1=0.7987
2026-06-15 18:53:03,280 [INFO] 
=== Results saved to C:\Users\28414\Desktop\机器学习—图像分类-期末汇报\output\progressive_ssl_full\progressive_r7_rho5 ===
2026-06-15 18:53:03,280 [INFO] 
Summary:
2026-06-15 18:53:03,280 [INFO] Strategy                 Final F1     ±std   p<0.05 vs Random
2026-06-15 18:53:03,280 [INFO] ------------------------------------------------------------
2026-06-15 18:53:03,280 [INFO] adaptive_gap_entropy       0.3832   0.0000                   
2026-06-15 18:53:03,280 [INFO] class_aware_entropy        0.3725   0.0000                   
2026-06-15 18:53:03,280 [INFO] entropy                    0.3788   0.0000                   
2026-06-15 18:53:03,280 [INFO] gap_aware_entropy          0.3951   0.0000                   
2026-06-15 18:53:03,280 [INFO] Full Supervised            0.7987
