2026-06-14 02:44:27,650 [INFO] === v8 Controlled-Fast AL+SSL Analysis: cifar100 ===
2026-06-14 02:44:27,650 [INFO] Budget: ultra_low, Model: simplecnn, Scheduler: True
2026-06-14 02:44:27,650 [INFO] Strategies: ['entropy']
2026-06-14 02:44:27,650 [INFO] Seeds: [42]
2026-06-14 02:44:27,650 [INFO] Rounds: 10, Initial: 100, Query: 100
2026-06-14 02:44:27,650 [INFO] SSL: False, Method: flexmatch, t-SNE: False, Resume: False
2026-06-14 02:44:27,650 [INFO] Imbalance mode: max/min class count ratio = 50
2026-06-14 02:44:27,687 [INFO] Device: cuda
2026-06-14 02:44:36,778 [INFO] Imbalance filter (Exponential): 50000 -> 12608 training samples
2026-06-14 02:44:36,787 [INFO] 
--- Strategy: entropy ---
2026-06-14 02:44:36,877 [ERROR]   ERROR [entropy] seed=42: cannot access local variable 'n_classes' where it is not associated with a value
2026-06-14 02:44:41,437 [INFO] === v8 Controlled-Fast AL+SSL Analysis: cifar100 ===
2026-06-14 02:44:41,437 [INFO] Budget: ultra_low, Model: simplecnn, Scheduler: True
2026-06-14 02:44:41,437 [INFO] Strategies: ['entropy']
2026-06-14 02:44:41,437 [INFO] Seeds: [42]
2026-06-14 02:44:41,437 [INFO] Rounds: 10, Initial: 100, Query: 100
2026-06-14 02:44:41,437 [INFO] SSL: True, Method: flexmatch, t-SNE: False, Resume: False
2026-06-14 02:44:41,437 [INFO] Imbalance mode: max/min class count ratio = 50
2026-06-14 02:44:41,467 [INFO] Device: cuda
2026-06-14 02:44:50,366 [INFO] Imbalance filter (Exponential): 50000 -> 12608 training samples
2026-06-14 02:44:50,366 [INFO] 
--- Strategy: entropy ---
2026-06-14 02:44:50,465 [ERROR]   ERROR [entropy] seed=42: cannot access local variable 'n_classes' where it is not associated with a value
