2026-06-14 01:25:58,112 [INFO] === v8 Controlled-Fast AL+SSL Analysis: cifar10 ===
2026-06-14 01:25:58,113 [INFO] Budget: ultra_low, Model: simplecnn, Scheduler: True
2026-06-14 01:25:58,113 [INFO] Strategies: ['entropy']
2026-06-14 01:25:58,113 [INFO] Seeds: [42, 123, 456]
2026-06-14 01:25:58,113 [INFO] Rounds: 10, Initial: 100, Query: 100
2026-06-14 01:25:58,113 [INFO] SSL: False, Method: flexmatch, t-SNE: False, Resume: False
2026-06-14 01:25:58,113 [INFO] Imbalance mode: max/min class count ratio = 1
2026-06-14 01:25:58,135 [INFO] Device: cuda
2026-06-14 01:26:07,512 [INFO] Imbalance filter (Exponential): 50000 -> 50000 training samples
2026-06-14 01:26:07,522 [INFO] 
--- Strategy: entropy ---
2026-06-14 01:26:07,624 [INFO]   Using Focal Loss (γ=2.0)
2026-06-14 01:26:10,088 [INFO]   [entropy] Seed=42 R1/10 F1=0.1176 Acc=0.1738 Labeled=200 QueryTime=0.0s GPU=74MB
2026-06-14 01:26:10,088 [INFO]   Using Focal Loss (γ=2.0)
2026-06-14 01:26:12,047 [INFO]   [entropy] Seed=42 R2/10 F1=0.1104 Acc=0.1684 Labeled=300 QueryTime=0.0s GPU=118MB
2026-06-14 01:26:12,048 [INFO]   Using Focal Loss (γ=2.0)
2026-06-14 01:26:14,172 [INFO]   [entropy] Seed=42 R3/10 F1=0.0984 Acc=0.1588 Labeled=400 QueryTime=0.0s GPU=139MB
2026-06-14 01:26:14,172 [INFO]   Using Focal Loss (γ=2.0)
2026-06-14 01:26:16,027 [INFO]   [entropy] Seed=42 R4/10 F1=0.2361 Acc=0.2564 Labeled=500 QueryTime=0.0s GPU=139MB
2026-06-14 01:26:16,027 [INFO]   Using Focal Loss (γ=2.0)
2026-06-14 01:26:18,051 [INFO]   [entropy] Seed=42 R5/10 F1=0.1641 Acc=0.1993 Labeled=600 QueryTime=0.0s GPU=139MB
2026-06-14 01:26:18,051 [INFO]   Using Focal Loss (γ=2.0)
2026-06-14 01:26:20,776 [INFO]   [entropy] Seed=42 R6/10 F1=0.3064 Acc=0.3025 Labeled=700 QueryTime=0.0s GPU=139MB
2026-06-14 01:26:20,777 [INFO]   Using Focal Loss (γ=2.0)
2026-06-14 01:26:23,621 [INFO]   [entropy] Seed=42 R7/10 F1=0.3743 Acc=0.3739 Labeled=800 QueryTime=0.0s GPU=139MB
2026-06-14 01:26:23,621 [INFO]   Using Focal Loss (γ=2.0)
2026-06-14 01:26:26,735 [INFO]   [entropy] Seed=42 R8/10 F1=0.3897 Acc=0.3921 Labeled=900 QueryTime=0.0s GPU=139MB
2026-06-14 01:26:26,735 [INFO]   Using Focal Loss (γ=2.0)
2026-06-14 01:26:30,003 [INFO]   [entropy] Seed=42 R9/10 F1=0.3837 Acc=0.3907 Labeled=1000 QueryTime=0.0s GPU=139MB
2026-06-14 01:26:30,003 [INFO]   Using Focal Loss (γ=2.0)
2026-06-14 01:26:32,494 [INFO]   Using Focal Loss (γ=2.0)
2026-06-14 01:26:34,630 [INFO]   [entropy] Seed=123 R1/10 F1=0.1953 Acc=0.2294 Labeled=200 QueryTime=0.0s GPU=87MB
2026-06-14 01:26:34,630 [INFO]   Using Focal Loss (γ=2.0)
2026-06-14 01:26:36,891 [INFO]   [entropy] Seed=123 R2/10 F1=0.2290 Acc=0.2587 Labeled=300 QueryTime=0.0s GPU=131MB
2026-06-14 01:26:36,891 [INFO]   Using Focal Loss (γ=2.0)
2026-06-14 01:26:39,316 [INFO]   [entropy] Seed=123 R3/10 F1=0.2124 Acc=0.2515 Labeled=400 QueryTime=0.0s GPU=151MB
2026-06-14 01:26:39,316 [INFO]   Using Focal Loss (γ=2.0)
2026-06-14 01:26:41,871 [INFO]   [entropy] Seed=123 R4/10 F1=0.2462 Acc=0.2753 Labeled=500 QueryTime=0.0s GPU=151MB
2026-06-14 01:26:41,872 [INFO]   Using Focal Loss (γ=2.0)
2026-06-14 01:26:44,295 [INFO]   [entropy] Seed=123 R5/10 F1=0.2550 Acc=0.2727 Labeled=600 QueryTime=0.0s GPU=151MB
2026-06-14 01:26:44,296 [INFO]   Using Focal Loss (γ=2.0)
2026-06-14 01:26:47,053 [INFO]   [entropy] Seed=123 R6/10 F1=0.3156 Acc=0.3244 Labeled=700 QueryTime=0.0s GPU=151MB
2026-06-14 01:26:47,053 [INFO]   Using Focal Loss (γ=2.0)
2026-06-14 01:26:49,720 [INFO]   [entropy] Seed=123 R7/10 F1=0.3678 Acc=0.3652 Labeled=800 QueryTime=0.0s GPU=151MB
2026-06-14 01:26:49,721 [INFO]   Using Focal Loss (γ=2.0)
2026-06-14 01:26:52,784 [INFO]   [entropy] Seed=123 R8/10 F1=0.3917 Acc=0.3928 Labeled=900 QueryTime=0.0s GPU=151MB
2026-06-14 01:26:52,785 [INFO]   Using Focal Loss (γ=2.0)
2026-06-14 01:26:55,879 [INFO]   [entropy] Seed=123 R9/10 F1=0.4037 Acc=0.4015 Labeled=1000 QueryTime=0.0s GPU=151MB
2026-06-14 01:26:55,879 [INFO]   Using Focal Loss (γ=2.0)
2026-06-14 01:26:58,499 [INFO]   Using Focal Loss (γ=2.0)
2026-06-14 01:27:00,796 [INFO]   [entropy] Seed=456 R1/10 F1=0.1660 Acc=0.2316 Labeled=200 QueryTime=0.0s GPU=100MB
2026-06-14 01:27:00,797 [INFO]   Using Focal Loss (γ=2.0)
2026-06-14 01:27:03,163 [INFO]   [entropy] Seed=456 R2/10 F1=0.1741 Acc=0.2408 Labeled=300 QueryTime=0.0s GPU=118MB
2026-06-14 01:27:03,164 [INFO]   Using Focal Loss (γ=2.0)
2026-06-14 01:27:05,595 [INFO]   [entropy] Seed=456 R3/10 F1=0.1217 Acc=0.1930 Labeled=400 QueryTime=0.0s GPU=139MB
2026-06-14 01:27:05,595 [INFO]   Using Focal Loss (γ=2.0)
2026-06-14 01:27:08,168 [INFO]   [entropy] Seed=456 R4/10 F1=0.2604 Acc=0.2980 Labeled=500 QueryTime=0.0s GPU=139MB
2026-06-14 01:27:08,169 [INFO]   Using Focal Loss (γ=2.0)
2026-06-14 01:27:10,455 [INFO]   [entropy] Seed=456 R5/10 F1=0.2076 Acc=0.2720 Labeled=600 QueryTime=0.0s GPU=139MB
2026-06-14 01:27:10,456 [INFO]   Using Focal Loss (γ=2.0)
2026-06-14 01:27:13,238 [INFO]   [entropy] Seed=456 R6/10 F1=0.2271 Acc=0.2785 Labeled=700 QueryTime=0.0s GPU=139MB
2026-06-14 01:27:13,238 [INFO]   Using Focal Loss (γ=2.0)
2026-06-14 01:27:15,989 [INFO]   [entropy] Seed=456 R7/10 F1=0.3270 Acc=0.3399 Labeled=800 QueryTime=0.0s GPU=139MB
2026-06-14 01:27:15,990 [INFO]   Using Focal Loss (γ=2.0)
2026-06-14 01:27:19,226 [INFO]   [entropy] Seed=456 R8/10 F1=0.3506 Acc=0.3591 Labeled=900 QueryTime=0.0s GPU=139MB
2026-06-14 01:27:19,227 [INFO]   Using Focal Loss (γ=2.0)
2026-06-14 01:27:22,294 [INFO]   [entropy] Seed=456 R9/10 F1=0.4065 Acc=0.4121 Labeled=1000 QueryTime=0.0s GPU=139MB
2026-06-14 01:27:22,294 [INFO]   Using Focal Loss (γ=2.0)
2026-06-14 01:27:24,813 [INFO] 
--- Full Supervised Baseline ---
2026-06-14 01:27:24,820 [INFO]   Using Focal Loss (γ=2.0)
2026-06-14 01:37:08,609 [INFO] Full Supervised: Acc=0.8415, F1=0.8412 (epochs=50, time=582.4s)
2026-06-14 01:37:09,009 [INFO] 
=== Results saved to C:\Users\28414\Desktop\机器学习—图像分类-期末汇报\output\cb_focal_baseline\cifar10\rho1\focal ===
2026-06-14 01:37:09,009 [INFO] 
Summary:
2026-06-14 01:37:09,009 [INFO] Strategy                 Final F1     ±std   p<0.05 vs Random
2026-06-14 01:37:09,009 [INFO] ------------------------------------------------------------
2026-06-14 01:37:09,009 [INFO] entropy                    0.4170   0.0040                   
2026-06-14 01:37:09,009 [INFO] Full Supervised            0.8412
2026-06-14 01:37:13,823 [INFO] === v8 Controlled-Fast AL+SSL Analysis: cifar10 ===
2026-06-14 01:37:13,823 [INFO] Budget: ultra_low, Model: simplecnn, Scheduler: True
2026-06-14 01:37:13,823 [INFO] Strategies: ['entropy']
2026-06-14 01:37:13,823 [INFO] Seeds: [42, 123, 456]
2026-06-14 01:37:13,823 [INFO] Rounds: 10, Initial: 100, Query: 100
2026-06-14 01:37:13,823 [INFO] SSL: True, Method: flexmatch, t-SNE: False, Resume: False
2026-06-14 01:37:13,823 [INFO] Imbalance mode: max/min class count ratio = 1
2026-06-14 01:37:13,848 [INFO] Device: cuda
2026-06-14 01:37:23,310 [INFO] Imbalance filter (Exponential): 50000 -> 50000 training samples
2026-06-14 01:37:23,310 [INFO] 
--- Strategy: entropy ---
2026-06-14 01:37:23,399 [INFO]   Using Focal Loss (γ=2.0)
2026-06-14 01:37:28,172 [INFO]   [entropy] Seed=42 R1/10 F1=0.0813 Acc=0.1376 Labeled=200 QueryTime=0.0s GPU=172MB SSL+0
2026-06-14 01:37:28,172 [INFO]   Using Focal Loss (γ=2.0)
2026-06-14 01:37:33,083 [INFO]   [entropy] Seed=42 R2/10 F1=0.1678 Acc=0.2121 Labeled=300 QueryTime=0.0s GPU=217MB SSL+0
2026-06-14 01:37:33,083 [INFO]   Using Focal Loss (γ=2.0)
2026-06-14 01:37:37,905 [INFO]   [entropy] Seed=42 R3/10 F1=0.2299 Acc=0.2684 Labeled=400 QueryTime=0.0s GPU=237MB SSL+0
2026-06-14 01:37:37,906 [INFO]   Using Focal Loss (γ=2.0)
2026-06-14 01:37:42,386 [INFO]   [entropy] Seed=42 R4/10 F1=0.2542 Acc=0.2841 Labeled=500 QueryTime=0.0s GPU=237MB SSL+1
2026-06-14 01:37:42,387 [INFO]   Using Focal Loss (γ=2.0)
2026-06-14 01:37:46,912 [INFO]   [entropy] Seed=42 R5/10 F1=0.2506 Acc=0.2978 Labeled=600 QueryTime=0.0s GPU=237MB SSL+8
2026-06-14 01:37:46,912 [INFO]   Using Focal Loss (γ=2.0)
2026-06-14 01:37:53,292 [INFO]   [entropy] Seed=42 R6/10 F1=0.3242 Acc=0.3507 Labeled=700 QueryTime=0.0s GPU=237MB SSL+9
2026-06-14 01:37:53,293 [INFO]   Using Focal Loss (γ=2.0)
2026-06-14 01:37:59,657 [INFO]   [entropy] Seed=42 R7/10 F1=0.3699 Acc=0.3858 Labeled=800 QueryTime=0.0s GPU=237MB SSL+7
2026-06-14 01:37:59,658 [INFO]   Using Focal Loss (γ=2.0)
2026-06-14 01:38:08,047 [INFO]   [entropy] Seed=42 R8/10 F1=0.3826 Acc=0.3968 Labeled=900 QueryTime=0.0s GPU=237MB SSL+22
2026-06-14 01:38:08,048 [INFO]   Using Focal Loss (γ=2.0)
2026-06-14 01:38:16,604 [INFO]   [entropy] Seed=42 R9/10 F1=0.3969 Acc=0.4060 Labeled=1000 QueryTime=0.0s GPU=237MB SSL+35
2026-06-14 01:38:16,605 [INFO]   Using Focal Loss (γ=2.0)
2026-06-14 01:38:24,340 [INFO]   Using Focal Loss (γ=2.0)
2026-06-14 01:38:28,603 [INFO]   [entropy] Seed=123 R1/10 F1=0.1311 Acc=0.1776 Labeled=200 QueryTime=0.0s GPU=185MB SSL+0
2026-06-14 01:38:28,603 [INFO]   Using Focal Loss (γ=2.0)
2026-06-14 01:38:33,220 [INFO]   [entropy] Seed=123 R2/10 F1=0.2320 Acc=0.2782 Labeled=300 QueryTime=0.0s GPU=230MB SSL+0
2026-06-14 01:38:33,221 [INFO]   Using Focal Loss (γ=2.0)
2026-06-14 01:38:37,866 [INFO]   [entropy] Seed=123 R3/10 F1=0.2592 Acc=0.2802 Labeled=400 QueryTime=0.0s GPU=250MB SSL+0
2026-06-14 01:38:37,867 [INFO]   Using Focal Loss (γ=2.0)
2026-06-14 01:38:42,315 [INFO]   [entropy] Seed=123 R4/10 F1=0.3078 Acc=0.3284 Labeled=500 QueryTime=0.0s GPU=249MB SSL+0
2026-06-14 01:38:42,316 [INFO]   Using Focal Loss (γ=2.0)
2026-06-14 01:38:46,606 [INFO]   [entropy] Seed=123 R5/10 F1=0.2995 Acc=0.3118 Labeled=600 QueryTime=0.0s GPU=249MB SSL+1
2026-06-14 01:38:46,607 [INFO]   Using Focal Loss (γ=2.0)
2026-06-14 01:38:52,696 [INFO]   [entropy] Seed=123 R6/10 F1=0.3477 Acc=0.3559 Labeled=700 QueryTime=0.0s GPU=249MB SSL+2
2026-06-14 01:38:52,697 [INFO]   Using Focal Loss (γ=2.0)
2026-06-14 01:38:58,892 [INFO]   [entropy] Seed=123 R7/10 F1=0.3846 Acc=0.3868 Labeled=800 QueryTime=0.0s GPU=249MB SSL+12
2026-06-14 01:38:58,893 [INFO]   Using Focal Loss (γ=2.0)
2026-06-14 01:39:07,012 [INFO]   [entropy] Seed=123 R8/10 F1=0.4013 Acc=0.4054 Labeled=900 QueryTime=0.0s GPU=249MB SSL+20
2026-06-14 01:39:07,013 [INFO]   Using Focal Loss (γ=2.0)
2026-06-14 01:39:15,068 [INFO]   [entropy] Seed=123 R9/10 F1=0.4149 Acc=0.4206 Labeled=1000 QueryTime=0.0s GPU=249MB SSL+35
2026-06-14 01:39:15,069 [INFO]   Using Focal Loss (γ=2.0)
2026-06-14 01:39:22,576 [INFO]   Using Focal Loss (γ=2.0)
2026-06-14 01:39:26,738 [INFO]   [entropy] Seed=456 R1/10 F1=0.1001 Acc=0.1917 Labeled=200 QueryTime=0.0s GPU=199MB SSL+0
2026-06-14 01:39:26,739 [INFO]   Using Focal Loss (γ=2.0)
2026-06-14 01:39:30,851 [INFO]   [entropy] Seed=456 R2/10 F1=0.2754 Acc=0.3056 Labeled=300 QueryTime=0.0s GPU=217MB SSL+0
2026-06-14 01:39:30,852 [INFO]   Using Focal Loss (γ=2.0)
2026-06-14 01:39:35,364 [INFO]   [entropy] Seed=456 R3/10 F1=0.2467 Acc=0.2791 Labeled=400 QueryTime=0.0s GPU=237MB SSL+0
2026-06-14 01:39:35,365 [INFO]   Using Focal Loss (γ=2.0)
2026-06-14 01:39:39,719 [INFO]   [entropy] Seed=456 R4/10 F1=0.2698 Acc=0.3109 Labeled=500 QueryTime=0.0s GPU=237MB SSL+7
2026-06-14 01:39:39,720 [INFO]   Using Focal Loss (γ=2.0)
2026-06-14 01:39:43,908 [INFO]   [entropy] Seed=456 R5/10 F1=0.3278 Acc=0.3474 Labeled=600 QueryTime=0.0s GPU=237MB SSL+3
2026-06-14 01:39:43,909 [INFO]   Using Focal Loss (γ=2.0)
2026-06-14 01:39:50,008 [INFO]   [entropy] Seed=456 R6/10 F1=0.3904 Acc=0.3913 Labeled=700 QueryTime=0.0s GPU=237MB SSL+2
2026-06-14 01:39:50,009 [INFO]   Using Focal Loss (γ=2.0)
2026-06-14 01:39:56,036 [INFO]   [entropy] Seed=456 R7/10 F1=0.3738 Acc=0.3807 Labeled=800 QueryTime=0.0s GPU=237MB SSL+15
2026-06-14 01:39:56,036 [INFO]   Using Focal Loss (γ=2.0)
2026-06-14 01:40:04,060 [INFO]   [entropy] Seed=456 R8/10 F1=0.3965 Acc=0.4088 Labeled=900 QueryTime=0.0s GPU=237MB SSL+13
2026-06-14 01:40:04,061 [INFO]   Using Focal Loss (γ=2.0)
2026-06-14 01:40:12,303 [INFO]   [entropy] Seed=456 R9/10 F1=0.4118 Acc=0.4276 Labeled=1000 QueryTime=0.0s GPU=237MB SSL+34
2026-06-14 01:40:12,304 [INFO]   Using Focal Loss (γ=2.0)
2026-06-14 01:40:19,692 [INFO] 
--- Full Supervised Baseline ---
2026-06-14 01:40:19,698 [INFO]   Using Focal Loss (γ=2.0)
2026-06-14 01:50:53,222 [INFO] Full Supervised: Acc=0.8410, F1=0.8408 (epochs=50, time=632.1s)
2026-06-14 01:50:53,597 [INFO] 
=== Results saved to C:\Users\28414\Desktop\机器学习—图像分类-期末汇报\output\cb_focal_baseline\cifar10\rho1\focal ===
2026-06-14 01:50:53,597 [INFO] 
Summary:
2026-06-14 01:50:53,597 [INFO] Strategy                 Final F1     ±std   p<0.05 vs Random
2026-06-14 01:50:53,597 [INFO] ------------------------------------------------------------
2026-06-14 01:50:53,597 [INFO] entropy                    0.4203   0.0130                   
2026-06-14 01:50:53,597 [INFO] Full Supervised            0.8408
