2026-06-16 22:13:32,584 [INFO] === v8 Controlled-Fast AL+SSL Analysis: cifar10 ===
2026-06-16 22:13:32,585 [INFO] Budget: ultra_low, Model: simplecnn, Scheduler: True
2026-06-16 22:13:32,585 [INFO] Strategies: ['gap_aware_entropy']
2026-06-16 22:13:32,585 [INFO] Seeds: [42]
2026-06-16 22:13:32,585 [INFO] Rounds: 10, Initial: 100, Query: 100
2026-06-16 22:13:32,585 [INFO] SSL: True, Method: flexmatch, t-SNE: False, Resume: False
2026-06-16 22:13:32,585 [INFO] Imbalance mode: max/min class count ratio = 50
2026-06-16 22:13:32,612 [INFO] Device: cuda
2026-06-16 22:13:43,904 [INFO] Imbalance filter (Exponential): 50000 -> 13996 training samples
2026-06-16 22:13:43,904 [INFO] 
--- Strategy: gap_aware_entropy ---
2026-06-16 22:13:48,844 [INFO]   [gap_aware_entropy] Seed=42 R1/10 F1=0.0753 Acc=0.1487 Labeled=200 QueryTime=0.0s GPU=172MB SSL+0
2026-06-16 22:13:53,022 [INFO]   [gap_aware_entropy] Seed=42 R2/10 F1=0.1299 Acc=0.2218 Labeled=300 QueryTime=0.0s GPU=210MB SSL+10
2026-06-16 22:13:56,993 [INFO]   [gap_aware_entropy] Seed=42 R3/10 F1=0.1272 Acc=0.2162 Labeled=400 QueryTime=0.0s GPU=229MB SSL+10
2026-06-16 22:14:00,593 [INFO]   [gap_aware_entropy] Seed=42 R4/10 F1=0.1258 Acc=0.2116 Labeled=500 QueryTime=0.1s GPU=229MB SSL+14
2026-06-16 22:14:05,365 [INFO]   [gap_aware_entropy] Seed=42 R5/10 F1=0.1448 Acc=0.2313 Labeled=600 QueryTime=0.1s GPU=229MB SSL+40
2026-06-16 22:14:11,139 [INFO]   [gap_aware_entropy] Seed=42 R6/10 F1=0.2078 Acc=0.2893 Labeled=700 QueryTime=0.1s GPU=229MB SSL+6
2026-06-16 22:14:16,565 [INFO]   [gap_aware_entropy] Seed=42 R7/10 F1=0.1974 Acc=0.2837 Labeled=800 QueryTime=0.1s GPU=229MB SSL+46
2026-06-16 22:14:23,805 [INFO]   [gap_aware_entropy] Seed=42 R8/10 F1=0.2388 Acc=0.3160 Labeled=900 QueryTime=0.2s GPU=229MB SSL+95
2026-06-16 22:14:31,566 [INFO]   [gap_aware_entropy] Seed=42 R9/10 F1=0.2685 Acc=0.3339 Labeled=1000 QueryTime=0.2s GPU=229MB SSL+101
2026-06-16 22:14:38,545 [INFO] 
--- Full Supervised Baseline ---
2026-06-16 22:17:33,153 [INFO] Full Supervised: Acc=0.6487, F1=0.6224 (epochs=50, time=173.1s)
2026-06-16 22:17:33,658 [INFO] 
=== Results saved to C:\Users\28414\Desktop\机器学习—图像分类-期末汇报\output\joint_distribution\v2_gap_aware\rho50 ===
2026-06-16 22:17:33,658 [INFO] 
Summary:
2026-06-16 22:17:33,658 [INFO] Strategy                 Final F1     ±std   p<0.05 vs Random
2026-06-16 22:17:33,658 [INFO] ------------------------------------------------------------
2026-06-16 22:17:33,659 [INFO] gap_aware_entropy          0.2756   0.0000                   
2026-06-16 22:17:33,659 [INFO] Full Supervised            0.6224
2026-06-16 22:17:38,744 [INFO] === v8 Controlled-Fast AL+SSL Analysis: cifar10 ===
2026-06-16 22:17:38,744 [INFO] Budget: ultra_low, Model: simplecnn, Scheduler: True
2026-06-16 22:17:38,744 [INFO] Strategies: ['gap_aware_entropy']
2026-06-16 22:17:38,744 [INFO] Seeds: [123]
2026-06-16 22:17:38,744 [INFO] Rounds: 10, Initial: 100, Query: 100
2026-06-16 22:17:38,744 [INFO] SSL: True, Method: flexmatch, t-SNE: False, Resume: False
2026-06-16 22:17:38,744 [INFO] Imbalance mode: max/min class count ratio = 50
2026-06-16 22:17:38,781 [INFO] Device: cuda
2026-06-16 22:17:50,445 [INFO] Imbalance filter (Exponential): 50000 -> 13996 training samples
2026-06-16 22:17:50,445 [INFO] 
--- Strategy: gap_aware_entropy ---
2026-06-16 22:17:55,099 [INFO]   [gap_aware_entropy] Seed=123 R1/10 F1=0.0599 Acc=0.1599 Labeled=200 QueryTime=0.0s GPU=172MB SSL+0
2026-06-16 22:17:58,760 [INFO]   [gap_aware_entropy] Seed=123 R2/10 F1=0.0713 Acc=0.1760 Labeled=300 QueryTime=0.0s GPU=210MB SSL+77
2026-06-16 22:18:02,480 [INFO]   [gap_aware_entropy] Seed=123 R3/10 F1=0.0798 Acc=0.1847 Labeled=400 QueryTime=0.1s GPU=229MB SSL+65
2026-06-16 22:18:06,608 [INFO]   [gap_aware_entropy] Seed=123 R4/10 F1=0.1187 Acc=0.2102 Labeled=500 QueryTime=0.1s GPU=229MB SSL+78
2026-06-16 22:18:10,623 [INFO]   [gap_aware_entropy] Seed=123 R5/10 F1=0.1262 Acc=0.2194 Labeled=600 QueryTime=0.1s GPU=229MB SSL+42
2026-06-16 22:18:16,348 [INFO]   [gap_aware_entropy] Seed=123 R6/10 F1=0.1703 Acc=0.2532 Labeled=700 QueryTime=0.2s GPU=229MB SSL+106
2026-06-16 22:18:22,490 [INFO]   [gap_aware_entropy] Seed=123 R7/10 F1=0.2241 Acc=0.2925 Labeled=800 QueryTime=0.2s GPU=229MB SSL+103
2026-06-16 22:18:30,284 [INFO]   [gap_aware_entropy] Seed=123 R8/10 F1=0.2375 Acc=0.3065 Labeled=900 QueryTime=0.1s GPU=229MB SSL+128
2026-06-16 22:18:37,965 [INFO]   [gap_aware_entropy] Seed=123 R9/10 F1=0.2781 Acc=0.3447 Labeled=1000 QueryTime=0.2s GPU=229MB SSL+97
2026-06-16 22:18:44,819 [INFO] 
--- Full Supervised Baseline ---
2026-06-16 22:20:27,408 [INFO] Full Supervised: Acc=0.5797, F1=0.5552 (epochs=50, time=100.1s)
2026-06-16 22:20:28,128 [INFO] 
=== Results saved to C:\Users\28414\Desktop\机器学习—图像分类-期末汇报\output\joint_distribution\v2_gap_aware\rho50 ===
2026-06-16 22:20:28,128 [INFO] 
Summary:
2026-06-16 22:20:28,129 [INFO] Strategy                 Final F1     ±std   p<0.05 vs Random
2026-06-16 22:20:28,129 [INFO] ------------------------------------------------------------
2026-06-16 22:20:28,129 [INFO] gap_aware_entropy          0.2963   0.0000                   
2026-06-16 22:20:28,129 [INFO] Full Supervised            0.5552
2026-06-16 22:20:33,407 [INFO] === v8 Controlled-Fast AL+SSL Analysis: cifar10 ===
2026-06-16 22:20:33,407 [INFO] Budget: ultra_low, Model: simplecnn, Scheduler: True
2026-06-16 22:20:33,408 [INFO] Strategies: ['gap_aware_entropy']
2026-06-16 22:20:33,408 [INFO] Seeds: [456]
2026-06-16 22:20:33,408 [INFO] Rounds: 10, Initial: 100, Query: 100
2026-06-16 22:20:33,408 [INFO] SSL: True, Method: flexmatch, t-SNE: False, Resume: False
2026-06-16 22:20:33,408 [INFO] Imbalance mode: max/min class count ratio = 50
2026-06-16 22:20:33,442 [INFO] Device: cuda
2026-06-16 22:20:51,304 [INFO] Imbalance filter (Exponential): 50000 -> 13996 training samples
2026-06-16 22:20:51,304 [INFO] 
--- Strategy: gap_aware_entropy ---
2026-06-16 22:20:57,691 [INFO]   [gap_aware_entropy] Seed=456 R1/10 F1=0.0497 Acc=0.1299 Labeled=200 QueryTime=0.0s GPU=172MB SSL+0
2026-06-16 22:21:03,550 [INFO]   [gap_aware_entropy] Seed=456 R2/10 F1=0.0756 Acc=0.1726 Labeled=300 QueryTime=0.1s GPU=210MB SSL+8
2026-06-16 22:21:09,091 [INFO]   [gap_aware_entropy] Seed=456 R3/10 F1=0.1050 Acc=0.1858 Labeled=400 QueryTime=0.1s GPU=229MB SSL+56
2026-06-16 22:21:14,708 [INFO]   [gap_aware_entropy] Seed=456 R4/10 F1=0.1503 Acc=0.2360 Labeled=500 QueryTime=0.1s GPU=229MB SSL+10
2026-06-16 22:21:20,282 [INFO]   [gap_aware_entropy] Seed=456 R5/10 F1=0.1466 Acc=0.2230 Labeled=600 QueryTime=0.2s GPU=229MB SSL+46
2026-06-16 22:21:28,001 [INFO]   [gap_aware_entropy] Seed=456 R6/10 F1=0.1570 Acc=0.2372 Labeled=700 QueryTime=0.2s GPU=229MB SSL+98
2026-06-16 22:21:35,733 [INFO]   [gap_aware_entropy] Seed=456 R7/10 F1=0.2232 Acc=0.2935 Labeled=800 QueryTime=0.2s GPU=229MB SSL+26
2026-06-16 22:21:45,856 [INFO]   [gap_aware_entropy] Seed=456 R8/10 F1=0.2477 Acc=0.3194 Labeled=900 QueryTime=0.3s GPU=229MB SSL+88
2026-06-16 22:21:55,863 [INFO]   [gap_aware_entropy] Seed=456 R9/10 F1=0.2801 Acc=0.3492 Labeled=1000 QueryTime=0.3s GPU=229MB SSL+128
2026-06-16 22:22:04,681 [INFO] 
--- Full Supervised Baseline ---
2026-06-16 22:24:27,395 [INFO] Full Supervised: Acc=0.5780, F1=0.5441 (epochs=50, time=140.2s)
2026-06-16 22:24:28,065 [INFO] 
=== Results saved to C:\Users\28414\Desktop\机器学习—图像分类-期末汇报\output\joint_distribution\v2_gap_aware\rho50 ===
2026-06-16 22:24:28,065 [INFO] 
Summary:
2026-06-16 22:24:28,065 [INFO] Strategy                 Final F1     ±std   p<0.05 vs Random
2026-06-16 22:24:28,065 [INFO] ------------------------------------------------------------
2026-06-16 22:24:28,066 [INFO] gap_aware_entropy          0.2822   0.0000                   
2026-06-16 22:24:28,066 [INFO] Full Supervised            0.5441
