2026-06-14 02:43:32,239 [INFO] === v8 Controlled-Fast AL+SSL Analysis: cifar100 ===
2026-06-14 02:43:32,239 [INFO] Budget: ultra_low, Model: simplecnn, Scheduler: True
2026-06-14 02:43:32,239 [INFO] Strategies: ['entropy']
2026-06-14 02:43:32,239 [INFO] Seeds: [42]
2026-06-14 02:43:32,239 [INFO] Rounds: 10, Initial: 100, Query: 100
2026-06-14 02:43:32,239 [INFO] SSL: False, Method: flexmatch, t-SNE: False, Resume: False
2026-06-14 02:43:32,239 [INFO] Imbalance mode: max/min class count ratio = 1
2026-06-14 02:43:32,260 [INFO] Device: cuda
2026-06-14 02:43:41,676 [INFO] Imbalance filter (Exponential): 50000 -> 50000 training samples
2026-06-14 02:43:41,677 [INFO] 
--- Strategy: entropy ---
2026-06-14 02:43:41,766 [ERROR]   ERROR [entropy] seed=42: cannot access local variable 'n_classes' where it is not associated with a value
2026-06-14 02:43:46,208 [INFO] === v8 Controlled-Fast AL+SSL Analysis: cifar100 ===
2026-06-14 02:43:46,208 [INFO] Budget: ultra_low, Model: simplecnn, Scheduler: True
2026-06-14 02:43:46,208 [INFO] Strategies: ['entropy']
2026-06-14 02:43:46,208 [INFO] Seeds: [42]
2026-06-14 02:43:46,208 [INFO] Rounds: 10, Initial: 100, Query: 100
2026-06-14 02:43:46,208 [INFO] SSL: True, Method: flexmatch, t-SNE: False, Resume: False
2026-06-14 02:43:46,208 [INFO] Imbalance mode: max/min class count ratio = 1
2026-06-14 02:43:46,227 [INFO] Device: cuda
2026-06-14 02:43:55,260 [INFO] Imbalance filter (Exponential): 50000 -> 50000 training samples
2026-06-14 02:43:55,260 [INFO] 
--- Strategy: entropy ---
2026-06-14 02:43:55,362 [ERROR]   ERROR [entropy] seed=42: cannot access local variable 'n_classes' where it is not associated with a value
