2026-06-21 21:31:49,944 [INFO] === v8 Controlled-Fast AL+SSL Analysis: fashion_mnist ===
2026-06-21 21:31:49,944 [INFO] Budget: ultra_low, Model: simplecnn, Scheduler: True
2026-06-21 21:31:49,944 [INFO] Strategies: ['class_aware_entropy_ssl', 'gap_aware_entropy_ssl']
2026-06-21 21:31:49,944 [INFO] Seeds: [42, 123, 456]
2026-06-21 21:31:49,944 [INFO] Rounds: 10, Initial: 100, Query: 100
2026-06-21 21:31:49,944 [INFO] SSL: True, Method: flexmatch, t-SNE: False, Resume: False
2026-06-21 21:31:49,944 [INFO] Imbalance mode: max/min class count ratio = 100
2026-06-21 21:31:49,976 [INFO] Device: cuda
2026-06-21 21:32:08,588 [INFO] Imbalance filter (Exponential): 60000 -> 14886 training samples
2026-06-21 21:32:08,588 [INFO] 
--- Strategy: class_aware_entropy_ssl ---
2026-06-21 21:32:15,067 [INFO]   [class_aware_entropy_ssl] Seed=42 R1/10 F1=0.1160 Acc=0.2501 Labeled=200 QueryTime=0.0s GPU=134MB SSL+0
2026-06-21 21:32:20,753 [INFO]   [class_aware_entropy_ssl] Seed=42 R2/10 F1=0.2228 Acc=0.3567 Labeled=300 QueryTime=0.1s GPU=162MB SSL+0
2026-06-21 21:32:25,962 [INFO]   [class_aware_entropy_ssl] Seed=42 R3/10 F1=0.2731 Acc=0.3875 Labeled=400 QueryTime=0.1s GPU=176MB SSL+41
2026-06-21 21:32:31,024 [INFO]   [class_aware_entropy_ssl] Seed=42 R4/10 F1=0.3725 Acc=0.4616 Labeled=500 QueryTime=0.1s GPU=176MB SSL+28
2026-06-21 21:32:36,443 [INFO]   [class_aware_entropy_ssl] Seed=42 R5/10 F1=0.3172 Acc=0.4227 Labeled=600 QueryTime=0.2s GPU=176MB SSL+96
2026-06-21 21:32:43,710 [INFO]   [class_aware_entropy_ssl] Seed=42 R6/10 F1=0.3708 Acc=0.4842 Labeled=700 QueryTime=0.2s GPU=176MB SSL+277
2026-06-21 21:32:51,201 [INFO]   [class_aware_entropy_ssl] Seed=42 R7/10 F1=0.4097 Acc=0.5156 Labeled=800 QueryTime=0.2s GPU=176MB SSL+264
2026-06-21 21:33:00,436 [INFO]   [class_aware_entropy_ssl] Seed=42 R8/10 F1=0.4266 Acc=0.5288 Labeled=900 QueryTime=0.2s GPU=176MB SSL+530
2026-06-21 21:33:09,563 [INFO]   [class_aware_entropy_ssl] Seed=42 R9/10 F1=0.4411 Acc=0.5353 Labeled=1000 QueryTime=0.3s GPU=176MB SSL+516
2026-06-21 21:33:22,470 [INFO]   [class_aware_entropy_ssl] Seed=123 R1/10 F1=0.0653 Acc=0.1901 Labeled=200 QueryTime=0.0s GPU=134MB SSL+0
2026-06-21 21:33:27,557 [INFO]   [class_aware_entropy_ssl] Seed=123 R2/10 F1=0.1847 Acc=0.3107 Labeled=300 QueryTime=0.1s GPU=161MB SSL+0
2026-06-21 21:33:32,530 [INFO]   [class_aware_entropy_ssl] Seed=123 R3/10 F1=0.2123 Acc=0.3412 Labeled=400 QueryTime=0.1s GPU=176MB SSL+33
2026-06-21 21:33:37,753 [INFO]   [class_aware_entropy_ssl] Seed=123 R4/10 F1=0.3204 Acc=0.4213 Labeled=500 QueryTime=0.1s GPU=176MB SSL+39
2026-06-21 21:33:43,089 [INFO]   [class_aware_entropy_ssl] Seed=123 R5/10 F1=0.4083 Acc=0.5175 Labeled=600 QueryTime=0.2s GPU=176MB SSL+46
2026-06-21 21:33:50,293 [INFO]   [class_aware_entropy_ssl] Seed=123 R6/10 F1=0.4046 Acc=0.5129 Labeled=700 QueryTime=0.2s GPU=176MB SSL+256
2026-06-21 21:33:57,376 [INFO]   [class_aware_entropy_ssl] Seed=123 R7/10 F1=0.4191 Acc=0.5271 Labeled=800 QueryTime=0.2s GPU=176MB SSL+259
2026-06-21 21:34:06,708 [INFO]   [class_aware_entropy_ssl] Seed=123 R8/10 F1=0.4107 Acc=0.5209 Labeled=900 QueryTime=0.2s GPU=176MB SSL+493
2026-06-21 21:34:15,932 [INFO]   [class_aware_entropy_ssl] Seed=123 R9/10 F1=0.4462 Acc=0.5458 Labeled=1000 QueryTime=0.3s GPU=176MB SSL+401
2026-06-21 21:34:29,133 [INFO]   [class_aware_entropy_ssl] Seed=456 R1/10 F1=0.1011 Acc=0.2190 Labeled=200 QueryTime=0.0s GPU=134MB SSL+1
2026-06-21 21:34:34,122 [INFO]   [class_aware_entropy_ssl] Seed=456 R2/10 F1=0.2195 Acc=0.3436 Labeled=300 QueryTime=0.1s GPU=161MB SSL+1
2026-06-21 21:34:39,391 [INFO]   [class_aware_entropy_ssl] Seed=456 R3/10 F1=0.2586 Acc=0.3703 Labeled=400 QueryTime=0.1s GPU=176MB SSL+42
2026-06-21 21:34:44,675 [INFO]   [class_aware_entropy_ssl] Seed=456 R4/10 F1=0.2992 Acc=0.4201 Labeled=500 QueryTime=0.1s GPU=176MB SSL+20
2026-06-21 21:34:50,041 [INFO]   [class_aware_entropy_ssl] Seed=456 R5/10 F1=0.3606 Acc=0.4697 Labeled=600 QueryTime=0.2s GPU=176MB SSL+30
2026-06-21 21:34:57,454 [INFO]   [class_aware_entropy_ssl] Seed=456 R6/10 F1=0.4100 Acc=0.5196 Labeled=700 QueryTime=0.2s GPU=176MB SSL+159
2026-06-21 21:35:04,719 [INFO]   [class_aware_entropy_ssl] Seed=456 R7/10 F1=0.4862 Acc=0.5750 Labeled=800 QueryTime=0.2s GPU=176MB SSL+165
2026-06-21 21:35:13,828 [INFO]   [class_aware_entropy_ssl] Seed=456 R8/10 F1=0.4883 Acc=0.5799 Labeled=900 QueryTime=0.2s GPU=176MB SSL+577
2026-06-21 21:35:22,971 [INFO]   [class_aware_entropy_ssl] Seed=456 R9/10 F1=0.4954 Acc=0.5820 Labeled=1000 QueryTime=0.3s GPU=176MB SSL+629
2026-06-21 21:35:29,707 [INFO] 
--- Strategy: gap_aware_entropy_ssl ---
2026-06-21 21:35:32,823 [INFO]   [gap_aware_entropy_ssl] Seed=42 R1/10 F1=0.1160 Acc=0.2501 Labeled=200 QueryTime=0.0s GPU=134MB SSL+0
2026-06-21 21:35:35,925 [INFO]   [gap_aware_entropy_ssl] Seed=42 R2/10 F1=0.1746 Acc=0.2844 Labeled=300 QueryTime=0.0s GPU=161MB SSL+0
2026-06-21 21:35:38,918 [INFO]   [gap_aware_entropy_ssl] Seed=42 R3/10 F1=0.3222 Acc=0.4448 Labeled=400 QueryTime=0.0s GPU=176MB SSL+0
2026-06-21 21:35:41,933 [INFO]   [gap_aware_entropy_ssl] Seed=42 R4/10 F1=0.3659 Acc=0.4743 Labeled=500 QueryTime=0.1s GPU=176MB SSL+60
2026-06-21 21:35:44,696 [INFO]   [gap_aware_entropy_ssl] Seed=42 R5/10 F1=0.3782 Acc=0.4885 Labeled=600 QueryTime=0.1s GPU=176MB SSL+78
2026-06-21 21:35:49,175 [INFO]   [gap_aware_entropy_ssl] Seed=42 R6/10 F1=0.4044 Acc=0.5113 Labeled=700 QueryTime=0.1s GPU=176MB SSL+213
2026-06-21 21:35:53,723 [INFO]   [gap_aware_entropy_ssl] Seed=42 R7/10 F1=0.4071 Acc=0.5141 Labeled=800 QueryTime=0.1s GPU=176MB SSL+238
2026-06-21 21:35:59,715 [INFO]   [gap_aware_entropy_ssl] Seed=42 R8/10 F1=0.4129 Acc=0.5248 Labeled=900 QueryTime=0.1s GPU=176MB SSL+510
2026-06-21 21:36:05,761 [INFO]   [gap_aware_entropy_ssl] Seed=42 R9/10 F1=0.4282 Acc=0.5355 Labeled=1000 QueryTime=0.1s GPU=176MB SSL+527
2026-06-21 21:36:14,140 [INFO]   [gap_aware_entropy_ssl] Seed=123 R1/10 F1=0.0653 Acc=0.1901 Labeled=200 QueryTime=0.0s GPU=134MB SSL+0
2026-06-21 21:36:17,140 [INFO]   [gap_aware_entropy_ssl] Seed=123 R2/10 F1=0.1795 Acc=0.2922 Labeled=300 QueryTime=0.0s GPU=161MB SSL+2
2026-06-21 21:36:20,158 [INFO]   [gap_aware_entropy_ssl] Seed=123 R3/10 F1=0.2733 Acc=0.3675 Labeled=400 QueryTime=0.0s GPU=176MB SSL+18
2026-06-21 21:36:23,225 [INFO]   [gap_aware_entropy_ssl] Seed=123 R4/10 F1=0.3406 Acc=0.4302 Labeled=500 QueryTime=0.0s GPU=176MB SSL+31
2026-06-21 21:36:26,255 [INFO]   [gap_aware_entropy_ssl] Seed=123 R5/10 F1=0.3872 Acc=0.4919 Labeled=600 QueryTime=0.1s GPU=176MB SSL+33
2026-06-21 21:36:30,960 [INFO]   [gap_aware_entropy_ssl] Seed=123 R6/10 F1=0.3983 Acc=0.5100 Labeled=700 QueryTime=0.1s GPU=176MB SSL+230
2026-06-21 21:36:35,649 [INFO]   [gap_aware_entropy_ssl] Seed=123 R7/10 F1=0.4143 Acc=0.5259 Labeled=800 QueryTime=0.1s GPU=176MB SSL+232
2026-06-21 21:36:41,896 [INFO]   [gap_aware_entropy_ssl] Seed=123 R8/10 F1=0.4242 Acc=0.5303 Labeled=900 QueryTime=0.1s GPU=176MB SSL+495
2026-06-21 21:36:48,218 [INFO]   [gap_aware_entropy_ssl] Seed=123 R9/10 F1=0.4136 Acc=0.5188 Labeled=1000 QueryTime=0.1s GPU=176MB SSL+402
2026-06-21 21:36:57,220 [INFO]   [gap_aware_entropy_ssl] Seed=456 R1/10 F1=0.1011 Acc=0.2190 Labeled=200 QueryTime=0.0s GPU=134MB SSL+1
2026-06-21 21:37:00,297 [INFO]   [gap_aware_entropy_ssl] Seed=456 R2/10 F1=0.1129 Acc=0.2258 Labeled=300 QueryTime=0.0s GPU=161MB SSL+6
2026-06-21 21:37:03,434 [INFO]   [gap_aware_entropy_ssl] Seed=456 R3/10 F1=0.1885 Acc=0.3162 Labeled=400 QueryTime=0.0s GPU=176MB SSL+24
2026-06-21 21:37:06,617 [INFO]   [gap_aware_entropy_ssl] Seed=456 R4/10 F1=0.1748 Acc=0.2948 Labeled=500 QueryTime=0.1s GPU=176MB SSL+34
2026-06-21 21:37:09,821 [INFO]   [gap_aware_entropy_ssl] Seed=456 R5/10 F1=0.2804 Acc=0.4062 Labeled=600 QueryTime=0.1s GPU=176MB SSL+55
2026-06-21 21:37:14,643 [INFO]   [gap_aware_entropy_ssl] Seed=456 R6/10 F1=0.3139 Acc=0.4567 Labeled=700 QueryTime=0.1s GPU=176MB SSL+204
2026-06-21 21:37:19,491 [INFO]   [gap_aware_entropy_ssl] Seed=456 R7/10 F1=0.4932 Acc=0.5745 Labeled=800 QueryTime=0.1s GPU=176MB SSL+258
2026-06-21 21:37:25,914 [INFO]   [gap_aware_entropy_ssl] Seed=456 R8/10 F1=0.5299 Acc=0.6131 Labeled=900 QueryTime=0.1s GPU=176MB SSL+429
2026-06-21 21:37:32,390 [INFO]   [gap_aware_entropy_ssl] Seed=456 R9/10 F1=0.5509 Acc=0.6240 Labeled=1000 QueryTime=0.1s GPU=176MB SSL+440
2026-06-21 21:37:38,377 [INFO] 
--- Full Supervised Baseline ---
