2026-06-16 15:31:44,641 [INFO] === v8 Controlled-Fast AL+SSL Analysis: cifar10 ===
2026-06-16 15:31:44,641 [INFO] Budget: ultra_low, Model: simplecnn, Scheduler: True
2026-06-16 15:31:44,641 [INFO] Strategies: ['class_aware_entropy', 'gap_aware_entropy', 'adaptive_gap_entropy']
2026-06-16 15:31:44,641 [INFO] Seeds: [42]
2026-06-16 15:31:44,642 [INFO] Rounds: 10, Initial: 100, Query: 100
2026-06-16 15:31:44,642 [INFO] SSL: True, Method: flexmatch, t-SNE: False, Resume: False
2026-06-16 15:31:44,642 [INFO] Imbalance mode: max/min class count ratio = 10
2026-06-16 15:31:44,678 [INFO] Device: cuda
2026-06-16 15:32:03,312 [INFO] Imbalance filter (Exponential): 50000 -> 20431 training samples
2026-06-16 15:32:03,312 [INFO] 
--- Strategy: class_aware_entropy ---
2026-06-16 15:32:10,201 [INFO]   [class_aware_entropy] Seed=42 R1/10 F1=0.0718 Acc=0.1321 Labeled=200 QueryTime=0.0s GPU=172MB SSL+0
2026-06-16 15:32:17,323 [INFO]   [class_aware_entropy] Seed=42 R2/10 F1=0.1717 Acc=0.2257 Labeled=300 QueryTime=0.1s GPU=210MB SSL+0
2026-06-16 15:32:24,134 [INFO]   [class_aware_entropy] Seed=42 R3/10 F1=0.1877 Acc=0.2463 Labeled=400 QueryTime=0.1s GPU=229MB SSL+0
2026-06-16 15:32:30,581 [INFO]   [class_aware_entropy] Seed=42 R4/10 F1=0.2133 Acc=0.2743 Labeled=500 QueryTime=0.1s GPU=229MB SSL+19
2026-06-16 15:32:38,042 [INFO]   [class_aware_entropy] Seed=42 R5/10 F1=0.2066 Acc=0.2692 Labeled=600 QueryTime=0.2s GPU=229MB SSL+24
2026-06-16 15:32:48,791 [INFO]   [class_aware_entropy] Seed=42 R6/10 F1=0.2434 Acc=0.3042 Labeled=700 QueryTime=0.2s GPU=229MB SSL+52
2026-06-16 15:33:00,031 [INFO]   [class_aware_entropy] Seed=42 R7/10 F1=0.3039 Acc=0.3446 Labeled=800 QueryTime=0.2s GPU=229MB SSL+122
2026-06-16 15:33:15,639 [INFO]   [class_aware_entropy] Seed=42 R8/10 F1=0.3447 Acc=0.3769 Labeled=900 QueryTime=0.3s GPU=229MB SSL+196
2026-06-16 15:33:31,758 [INFO]   [class_aware_entropy] Seed=42 R9/10 F1=0.3614 Acc=0.3958 Labeled=1000 QueryTime=0.3s GPU=229MB SSL+300
2026-06-16 15:33:47,126 [INFO] 
--- Strategy: gap_aware_entropy ---
2026-06-16 15:33:53,396 [INFO]   [gap_aware_entropy] Seed=42 R1/10 F1=0.0718 Acc=0.1321 Labeled=200 QueryTime=0.0s GPU=171MB SSL+0
2026-06-16 15:33:59,964 [INFO]   [gap_aware_entropy] Seed=42 R2/10 F1=0.1795 Acc=0.2251 Labeled=300 QueryTime=0.1s GPU=208MB SSL+0
2026-06-16 15:34:06,843 [INFO]   [gap_aware_entropy] Seed=42 R3/10 F1=0.1823 Acc=0.2333 Labeled=400 QueryTime=0.1s GPU=229MB SSL+24
2026-06-16 15:34:14,131 [INFO]   [gap_aware_entropy] Seed=42 R4/10 F1=0.2081 Acc=0.2624 Labeled=500 QueryTime=0.1s GPU=229MB SSL+39
2026-06-16 15:34:21,665 [INFO]   [gap_aware_entropy] Seed=42 R5/10 F1=0.2293 Acc=0.2714 Labeled=600 QueryTime=0.2s GPU=229MB SSL+35
2026-06-16 15:34:32,818 [INFO]   [gap_aware_entropy] Seed=42 R6/10 F1=0.2483 Acc=0.3065 Labeled=700 QueryTime=0.2s GPU=229MB SSL+100
2026-06-16 15:34:44,264 [INFO]   [gap_aware_entropy] Seed=42 R7/10 F1=0.2796 Acc=0.3355 Labeled=800 QueryTime=0.2s GPU=229MB SSL+78
2026-06-16 15:34:59,837 [INFO]   [gap_aware_entropy] Seed=42 R8/10 F1=0.3407 Acc=0.3667 Labeled=900 QueryTime=0.3s GPU=229MB SSL+142
2026-06-16 15:35:16,276 [INFO]   [gap_aware_entropy] Seed=42 R9/10 F1=0.3130 Acc=0.3550 Labeled=1000 QueryTime=0.3s GPU=229MB SSL+354
2026-06-16 15:35:31,723 [INFO] 
--- Strategy: adaptive_gap_entropy ---
2026-06-16 15:35:37,908 [INFO]   [adaptive_gap_entropy] Seed=42 R1/10 F1=0.0718 Acc=0.1321 Labeled=200 QueryTime=0.0s GPU=171MB SSL+0
2026-06-16 15:35:44,450 [INFO]   [adaptive_gap_entropy] Seed=42 R2/10 F1=0.1709 Acc=0.2223 Labeled=300 QueryTime=0.1s GPU=208MB SSL+0
2026-06-16 15:35:51,319 [INFO]   [adaptive_gap_entropy] Seed=42 R3/10 F1=0.1920 Acc=0.2432 Labeled=400 QueryTime=0.1s GPU=229MB SSL+48
2026-06-16 15:35:58,614 [INFO]   [adaptive_gap_entropy] Seed=42 R4/10 F1=0.2004 Acc=0.2623 Labeled=500 QueryTime=0.1s GPU=229MB SSL+57
2026-06-16 15:36:06,020 [INFO]   [adaptive_gap_entropy] Seed=42 R5/10 F1=0.2141 Acc=0.2811 Labeled=600 QueryTime=0.2s GPU=229MB SSL+60
2026-06-16 15:36:16,914 [INFO]   [adaptive_gap_entropy] Seed=42 R6/10 F1=0.2524 Acc=0.3145 Labeled=700 QueryTime=0.2s GPU=229MB SSL+147
2026-06-16 15:36:28,266 [INFO]   [adaptive_gap_entropy] Seed=42 R7/10 F1=0.3052 Acc=0.3395 Labeled=800 QueryTime=0.2s GPU=229MB SSL+95
2026-06-16 15:36:43,783 [INFO]   [adaptive_gap_entropy] Seed=42 R8/10 F1=0.3383 Acc=0.3753 Labeled=900 QueryTime=0.3s GPU=229MB SSL+265
2026-06-16 15:36:59,864 [INFO]   [adaptive_gap_entropy] Seed=42 R9/10 F1=0.3677 Acc=0.3924 Labeled=1000 QueryTime=0.3s GPU=229MB SSL+217
2026-06-16 15:37:15,177 [INFO] 
--- Full Supervised Baseline ---
2026-06-16 15:42:13,849 [INFO] Full Supervised: Acc=0.7260, F1=0.7202 (epochs=50, time=295.4s)
2026-06-16 15:42:14,999 [INFO] 
=== Results saved to C:\Users\28414\Desktop\机器学习—图像分类-期末汇报\output\v3al_v2ssl\rho10 ===
2026-06-16 15:42:14,999 [INFO] 
Summary:
2026-06-16 15:42:14,999 [INFO] Strategy                 Final F1     ±std   p<0.05 vs Random
2026-06-16 15:42:14,999 [INFO] ------------------------------------------------------------
2026-06-16 15:42:15,000 [INFO] adaptive_gap_entropy       0.3716   0.0000                   
2026-06-16 15:42:15,000 [INFO] class_aware_entropy        0.3873   0.0000                   
2026-06-16 15:42:15,000 [INFO] gap_aware_entropy          0.3781   0.0000                   
2026-06-16 15:42:15,000 [INFO] Full Supervised            0.7202
2026-06-16 15:42:20,417 [INFO] === v8 Controlled-Fast AL+SSL Analysis: cifar10 ===
2026-06-16 15:42:20,418 [INFO] Budget: ultra_low, Model: simplecnn, Scheduler: True
2026-06-16 15:42:20,418 [INFO] Strategies: ['class_aware_entropy', 'gap_aware_entropy', 'adaptive_gap_entropy']
2026-06-16 15:42:20,418 [INFO] Seeds: [123]
2026-06-16 15:42:20,418 [INFO] Rounds: 10, Initial: 100, Query: 100
2026-06-16 15:42:20,418 [INFO] SSL: True, Method: flexmatch, t-SNE: False, Resume: False
2026-06-16 15:42:20,418 [INFO] Imbalance mode: max/min class count ratio = 10
2026-06-16 15:42:20,455 [INFO] Device: cuda
2026-06-16 15:42:39,489 [INFO] Imbalance filter (Exponential): 50000 -> 20431 training samples
2026-06-16 15:42:39,489 [INFO] 
--- Strategy: class_aware_entropy ---
2026-06-16 15:42:46,544 [INFO]   [class_aware_entropy] Seed=123 R1/10 F1=0.0879 Acc=0.1574 Labeled=200 QueryTime=0.0s GPU=172MB SSL+0
2026-06-16 15:42:53,832 [INFO]   [class_aware_entropy] Seed=123 R2/10 F1=0.1363 Acc=0.2216 Labeled=300 QueryTime=0.1s GPU=210MB SSL+0
2026-06-16 15:43:00,753 [INFO]   [class_aware_entropy] Seed=123 R3/10 F1=0.1724 Acc=0.2420 Labeled=400 QueryTime=0.1s GPU=229MB SSL+0
2026-06-16 15:43:08,034 [INFO]   [class_aware_entropy] Seed=123 R4/10 F1=0.2555 Acc=0.2952 Labeled=500 QueryTime=0.1s GPU=229MB SSL+12
2026-06-16 15:43:15,586 [INFO]   [class_aware_entropy] Seed=123 R5/10 F1=0.2088 Acc=0.2633 Labeled=600 QueryTime=0.2s GPU=229MB SSL+49
2026-06-16 15:43:26,735 [INFO]   [class_aware_entropy] Seed=123 R6/10 F1=0.2710 Acc=0.3191 Labeled=700 QueryTime=0.2s GPU=229MB SSL+109
2026-06-16 15:43:37,877 [INFO]   [class_aware_entropy] Seed=123 R7/10 F1=0.2833 Acc=0.3294 Labeled=800 QueryTime=0.2s GPU=229MB SSL+117
2026-06-16 15:43:53,089 [INFO]   [class_aware_entropy] Seed=123 R8/10 F1=0.3524 Acc=0.3853 Labeled=900 QueryTime=0.3s GPU=229MB SSL+224
2026-06-16 15:44:08,930 [INFO]   [class_aware_entropy] Seed=123 R9/10 F1=0.3966 Acc=0.4208 Labeled=1000 QueryTime=0.3s GPU=229MB SSL+269
2026-06-16 15:44:24,012 [INFO] 
--- Strategy: gap_aware_entropy ---
2026-06-16 15:44:30,318 [INFO]   [gap_aware_entropy] Seed=123 R1/10 F1=0.0879 Acc=0.1574 Labeled=200 QueryTime=0.0s GPU=171MB SSL+0
2026-06-16 15:44:36,925 [INFO]   [gap_aware_entropy] Seed=123 R2/10 F1=0.1412 Acc=0.2168 Labeled=300 QueryTime=0.1s GPU=208MB SSL+0
2026-06-16 15:44:43,966 [INFO]   [gap_aware_entropy] Seed=123 R3/10 F1=0.2317 Acc=0.2782 Labeled=400 QueryTime=0.1s GPU=229MB SSL+0
2026-06-16 15:44:51,207 [INFO]   [gap_aware_entropy] Seed=123 R4/10 F1=0.2313 Acc=0.2626 Labeled=500 QueryTime=0.1s GPU=229MB SSL+0
2026-06-16 15:44:58,659 [INFO]   [gap_aware_entropy] Seed=123 R5/10 F1=0.2481 Acc=0.2779 Labeled=600 QueryTime=0.2s GPU=229MB SSL+0
2026-06-16 15:45:09,917 [INFO]   [gap_aware_entropy] Seed=123 R6/10 F1=0.2753 Acc=0.3108 Labeled=700 QueryTime=0.2s GPU=229MB SSL+122
2026-06-16 15:45:21,459 [INFO]   [gap_aware_entropy] Seed=123 R7/10 F1=0.3156 Acc=0.3470 Labeled=800 QueryTime=0.2s GPU=229MB SSL+106
2026-06-16 15:45:36,965 [INFO]   [gap_aware_entropy] Seed=123 R8/10 F1=0.3468 Acc=0.3700 Labeled=900 QueryTime=0.3s GPU=229MB SSL+215
2026-06-16 15:45:53,130 [INFO]   [gap_aware_entropy] Seed=123 R9/10 F1=0.3122 Acc=0.3456 Labeled=1000 QueryTime=0.3s GPU=229MB SSL+237
2026-06-16 15:46:08,998 [INFO] 
--- Strategy: adaptive_gap_entropy ---
2026-06-16 15:46:15,090 [INFO]   [adaptive_gap_entropy] Seed=123 R1/10 F1=0.0879 Acc=0.1574 Labeled=200 QueryTime=0.0s GPU=171MB SSL+0
2026-06-16 15:46:21,861 [INFO]   [adaptive_gap_entropy] Seed=123 R2/10 F1=0.1393 Acc=0.2175 Labeled=300 QueryTime=0.1s GPU=208MB SSL+0
2026-06-16 15:46:28,952 [INFO]   [adaptive_gap_entropy] Seed=123 R3/10 F1=0.2096 Acc=0.2680 Labeled=400 QueryTime=0.1s GPU=229MB SSL+0
2026-06-16 15:46:36,198 [INFO]   [adaptive_gap_entropy] Seed=123 R4/10 F1=0.2386 Acc=0.2663 Labeled=500 QueryTime=0.1s GPU=229MB SSL+0
2026-06-16 15:46:43,813 [INFO]   [adaptive_gap_entropy] Seed=123 R5/10 F1=0.2411 Acc=0.2842 Labeled=600 QueryTime=0.2s GPU=229MB SSL+38
2026-06-16 15:46:55,206 [INFO]   [adaptive_gap_entropy] Seed=123 R6/10 F1=0.2969 Acc=0.3287 Labeled=700 QueryTime=0.2s GPU=229MB SSL+122
2026-06-16 15:47:05,039 [INFO]   [adaptive_gap_entropy] Seed=123 R7/10 F1=0.3094 Acc=0.3459 Labeled=800 QueryTime=0.1s GPU=229MB SSL+168
2026-06-16 15:47:13,830 [INFO]   [adaptive_gap_entropy] Seed=123 R8/10 F1=0.3596 Acc=0.3813 Labeled=900 QueryTime=0.1s GPU=229MB SSL+258
2026-06-16 15:47:22,862 [INFO]   [adaptive_gap_entropy] Seed=123 R9/10 F1=0.3529 Acc=0.3797 Labeled=1000 QueryTime=0.1s GPU=229MB SSL+227
2026-06-16 15:47:31,611 [INFO] 
--- Full Supervised Baseline ---
2026-06-16 15:49:41,623 [INFO] Full Supervised: Acc=0.7251, F1=0.7221 (epochs=50, time=128.9s)
2026-06-16 15:49:42,175 [INFO] 
=== Results saved to C:\Users\28414\Desktop\机器学习—图像分类-期末汇报\output\v3al_v2ssl\rho10 ===
2026-06-16 15:49:42,175 [INFO] 
Summary:
2026-06-16 15:49:42,175 [INFO] Strategy                 Final F1     ±std   p<0.05 vs Random
2026-06-16 15:49:42,175 [INFO] ------------------------------------------------------------
2026-06-16 15:49:42,175 [INFO] adaptive_gap_entropy       0.3847   0.0000                   
2026-06-16 15:49:42,175 [INFO] class_aware_entropy        0.4095   0.0000                   
2026-06-16 15:49:42,175 [INFO] gap_aware_entropy          0.3469   0.0000                   
2026-06-16 15:49:42,175 [INFO] Full Supervised            0.7221
2026-06-16 15:49:46,781 [INFO] === v8 Controlled-Fast AL+SSL Analysis: cifar10 ===
2026-06-16 15:49:46,781 [INFO] Budget: ultra_low, Model: simplecnn, Scheduler: True
2026-06-16 15:49:46,781 [INFO] Strategies: ['class_aware_entropy', 'gap_aware_entropy', 'adaptive_gap_entropy']
2026-06-16 15:49:46,781 [INFO] Seeds: [456]
2026-06-16 15:49:46,781 [INFO] Rounds: 10, Initial: 100, Query: 100
2026-06-16 15:49:46,781 [INFO] SSL: True, Method: flexmatch, t-SNE: False, Resume: False
2026-06-16 15:49:46,781 [INFO] Imbalance mode: max/min class count ratio = 10
2026-06-16 15:49:46,801 [INFO] Device: cuda
2026-06-16 15:49:55,256 [INFO] Imbalance filter (Exponential): 50000 -> 20431 training samples
2026-06-16 15:49:55,256 [INFO] 
--- Strategy: class_aware_entropy ---
2026-06-16 15:49:59,062 [INFO]   [class_aware_entropy] Seed=456 R1/10 F1=0.0948 Acc=0.1716 Labeled=200 QueryTime=0.0s GPU=172MB SSL+0
2026-06-16 15:50:02,211 [INFO]   [class_aware_entropy] Seed=456 R2/10 F1=0.1421 Acc=0.2243 Labeled=300 QueryTime=0.0s GPU=210MB SSL+0
2026-06-16 15:50:05,875 [INFO]   [class_aware_entropy] Seed=456 R3/10 F1=0.1957 Acc=0.2574 Labeled=400 QueryTime=0.0s GPU=229MB SSL+26
2026-06-16 15:50:09,844 [INFO]   [class_aware_entropy] Seed=456 R4/10 F1=0.2134 Acc=0.2718 Labeled=500 QueryTime=0.1s GPU=229MB SSL+58
2026-06-16 15:50:14,023 [INFO]   [class_aware_entropy] Seed=456 R5/10 F1=0.2344 Acc=0.2844 Labeled=600 QueryTime=0.1s GPU=229MB SSL+28
2026-06-16 15:50:20,664 [INFO]   [class_aware_entropy] Seed=456 R6/10 F1=0.2281 Acc=0.2832 Labeled=700 QueryTime=0.1s GPU=229MB SSL+130
2026-06-16 15:50:27,546 [INFO]   [class_aware_entropy] Seed=456 R7/10 F1=0.2493 Acc=0.3011 Labeled=800 QueryTime=0.1s GPU=229MB SSL+132
2026-06-16 15:50:36,972 [INFO]   [class_aware_entropy] Seed=456 R8/10 F1=0.2896 Acc=0.3349 Labeled=900 QueryTime=0.1s GPU=229MB SSL+174
2026-06-16 15:50:46,640 [INFO]   [class_aware_entropy] Seed=456 R9/10 F1=0.3193 Acc=0.3562 Labeled=1000 QueryTime=0.1s GPU=229MB SSL+168
2026-06-16 15:50:55,925 [INFO] 
--- Strategy: gap_aware_entropy ---
2026-06-16 15:50:59,555 [INFO]   [gap_aware_entropy] Seed=456 R1/10 F1=0.0948 Acc=0.1716 Labeled=200 QueryTime=0.0s GPU=171MB SSL+0
2026-06-16 15:51:03,390 [INFO]   [gap_aware_entropy] Seed=456 R2/10 F1=0.1691 Acc=0.2404 Labeled=300 QueryTime=0.0s GPU=208MB SSL+0
2026-06-16 15:51:07,306 [INFO]   [gap_aware_entropy] Seed=456 R3/10 F1=0.2005 Acc=0.2662 Labeled=400 QueryTime=0.0s GPU=229MB SSL+0
2026-06-16 15:51:11,254 [INFO]   [gap_aware_entropy] Seed=456 R4/10 F1=0.2475 Acc=0.2890 Labeled=500 QueryTime=0.1s GPU=229MB SSL+0
2026-06-16 15:51:15,311 [INFO]   [gap_aware_entropy] Seed=456 R5/10 F1=0.2482 Acc=0.2977 Labeled=600 QueryTime=0.1s GPU=229MB SSL+0
2026-06-16 15:51:21,708 [INFO]   [gap_aware_entropy] Seed=456 R6/10 F1=0.2861 Acc=0.3332 Labeled=700 QueryTime=0.1s GPU=229MB SSL+106
2026-06-16 15:51:28,393 [INFO]   [gap_aware_entropy] Seed=456 R7/10 F1=0.3161 Acc=0.3568 Labeled=800 QueryTime=0.1s GPU=229MB SSL+159
2026-06-16 15:51:37,688 [INFO]   [gap_aware_entropy] Seed=456 R8/10 F1=0.2911 Acc=0.3352 Labeled=900 QueryTime=0.1s GPU=229MB SSL+193
2026-06-16 15:51:47,123 [INFO]   [gap_aware_entropy] Seed=456 R9/10 F1=0.3431 Acc=0.3773 Labeled=1000 QueryTime=0.1s GPU=229MB SSL+195
2026-06-16 15:51:56,239 [INFO] 
--- Strategy: adaptive_gap_entropy ---
2026-06-16 15:51:59,843 [INFO]   [adaptive_gap_entropy] Seed=456 R1/10 F1=0.0948 Acc=0.1716 Labeled=200 QueryTime=0.0s GPU=171MB SSL+0
2026-06-16 15:52:03,583 [INFO]   [adaptive_gap_entropy] Seed=456 R2/10 F1=0.1817 Acc=0.2483 Labeled=300 QueryTime=0.0s GPU=208MB SSL+0
2026-06-16 15:52:07,411 [INFO]   [adaptive_gap_entropy] Seed=456 R3/10 F1=0.2071 Acc=0.2751 Labeled=400 QueryTime=0.0s GPU=229MB SSL+0
2026-06-16 15:52:11,416 [INFO]   [adaptive_gap_entropy] Seed=456 R4/10 F1=0.2175 Acc=0.2663 Labeled=500 QueryTime=0.1s GPU=229MB SSL+0
2026-06-16 15:52:15,451 [INFO]   [adaptive_gap_entropy] Seed=456 R5/10 F1=0.2553 Acc=0.3005 Labeled=600 QueryTime=0.1s GPU=229MB SSL+0
2026-06-16 15:52:21,895 [INFO]   [adaptive_gap_entropy] Seed=456 R6/10 F1=0.2686 Acc=0.3186 Labeled=700 QueryTime=0.1s GPU=229MB SSL+130
2026-06-16 15:52:28,488 [INFO]   [adaptive_gap_entropy] Seed=456 R7/10 F1=0.2748 Acc=0.3213 Labeled=800 QueryTime=0.1s GPU=229MB SSL+149
2026-06-16 15:52:37,616 [INFO]   [adaptive_gap_entropy] Seed=456 R8/10 F1=0.3035 Acc=0.3376 Labeled=900 QueryTime=0.1s GPU=229MB SSL+216
2026-06-16 15:52:46,893 [INFO]   [adaptive_gap_entropy] Seed=456 R9/10 F1=0.3121 Acc=0.3383 Labeled=1000 QueryTime=0.1s GPU=229MB SSL+211
2026-06-16 15:52:55,861 [INFO] 
--- Full Supervised Baseline ---
2026-06-16 15:55:55,156 [INFO] Full Supervised: Acc=0.7519, F1=0.7456 (epochs=50, time=178.1s)
2026-06-16 15:55:55,706 [INFO] 
=== Results saved to C:\Users\28414\Desktop\机器学习—图像分类-期末汇报\output\v3al_v2ssl\rho10 ===
2026-06-16 15:55:55,706 [INFO] 
Summary:
2026-06-16 15:55:55,706 [INFO] Strategy                 Final F1     ±std   p<0.05 vs Random
2026-06-16 15:55:55,706 [INFO] ------------------------------------------------------------
2026-06-16 15:55:55,706 [INFO] adaptive_gap_entropy       0.2821   0.0000                   
2026-06-16 15:55:55,706 [INFO] class_aware_entropy        0.2619   0.0000                   
2026-06-16 15:55:55,706 [INFO] gap_aware_entropy          0.3590   0.0000                   
2026-06-16 15:55:55,706 [INFO] Full Supervised            0.7456
