2026-06-14 01:23:40,536 [INFO] === v8 Controlled-Fast AL+SSL Analysis: cifar10 ===
2026-06-14 01:23:40,536 [INFO] Budget: ultra_low, Model: simplecnn, Scheduler: True
2026-06-14 01:23:40,537 [INFO] Strategies: ['entropy']
2026-06-14 01:23:40,537 [INFO] Seeds: [42, 123, 456]
2026-06-14 01:23:40,537 [INFO] Rounds: 10, Initial: 100, Query: 100
2026-06-14 01:23:40,537 [INFO] SSL: False, Method: flexmatch, t-SNE: False, Resume: False
2026-06-14 01:23:40,537 [INFO] Imbalance mode: max/min class count ratio = 5
2026-06-14 01:23:40,566 [INFO] Device: cuda
2026-06-14 01:23:51,465 [INFO] Imbalance filter (Exponential): 50000 -> 25423 training samples
2026-06-14 01:23:51,466 [INFO] 
--- Strategy: entropy ---
2026-06-14 01:23:51,563 [ERROR]   ERROR [entropy] seed=42: cannot access local variable 'n_classes' where it is not associated with a value
2026-06-14 01:23:51,573 [ERROR]   ERROR [entropy] seed=123: cannot access local variable 'n_classes' where it is not associated with a value
2026-06-14 01:23:51,580 [ERROR]   ERROR [entropy] seed=456: cannot access local variable 'n_classes' where it is not associated with a value
2026-06-14 01:23:55,978 [INFO] === v8 Controlled-Fast AL+SSL Analysis: cifar10 ===
2026-06-14 01:23:55,978 [INFO] Budget: ultra_low, Model: simplecnn, Scheduler: True
2026-06-14 01:23:55,978 [INFO] Strategies: ['entropy']
2026-06-14 01:23:55,978 [INFO] Seeds: [42, 123, 456]
2026-06-14 01:23:55,978 [INFO] Rounds: 10, Initial: 100, Query: 100
2026-06-14 01:23:55,978 [INFO] SSL: True, Method: flexmatch, t-SNE: False, Resume: False
2026-06-14 01:23:55,978 [INFO] Imbalance mode: max/min class count ratio = 5
2026-06-14 01:23:55,999 [INFO] Device: cuda
2026-06-14 01:24:04,685 [INFO] Imbalance filter (Exponential): 50000 -> 25423 training samples
2026-06-14 01:24:04,685 [INFO] 
--- Strategy: entropy ---
2026-06-14 01:24:04,780 [ERROR]   ERROR [entropy] seed=42: cannot access local variable 'n_classes' where it is not associated with a value
2026-06-14 01:24:04,790 [ERROR]   ERROR [entropy] seed=123: cannot access local variable 'n_classes' where it is not associated with a value
2026-06-14 01:24:04,795 [ERROR]   ERROR [entropy] seed=456: cannot access local variable 'n_classes' where it is not associated with a value
2026-06-14 09:12:27,453 [INFO] === v8 Controlled-Fast AL+SSL Analysis: cifar10 ===
2026-06-14 09:12:27,454 [INFO] Budget: ultra_low, Model: simplecnn, Scheduler: True
2026-06-14 09:12:27,455 [INFO] Strategies: ['entropy']
2026-06-14 09:12:27,455 [INFO] Seeds: [42, 123, 456]
2026-06-14 09:12:27,455 [INFO] Rounds: 10, Initial: 100, Query: 100
2026-06-14 09:12:27,455 [INFO] SSL: False, Method: flexmatch, t-SNE: False, Resume: False
2026-06-14 09:12:27,455 [INFO] Imbalance mode: max/min class count ratio = 5
2026-06-14 09:12:27,482 [INFO] Device: cuda
2026-06-14 09:12:37,655 [INFO] Imbalance filter (Exponential): 50000 -> 25423 training samples
2026-06-14 09:12:37,656 [INFO] 
--- Strategy: entropy ---
2026-06-14 09:12:37,766 [ERROR]   ERROR [entropy] seed=42: cannot access local variable 'n_classes' where it is not associated with a value
2026-06-14 09:13:17,779 [INFO] === v8 Controlled-Fast AL+SSL Analysis: cifar10 ===
2026-06-14 09:13:17,779 [INFO] Budget: ultra_low, Model: simplecnn, Scheduler: True
2026-06-14 09:13:17,779 [INFO] Strategies: ['entropy']
2026-06-14 09:13:17,779 [INFO] Seeds: [42, 123, 456]
2026-06-14 09:13:17,779 [INFO] Rounds: 10, Initial: 100, Query: 100
2026-06-14 09:13:17,779 [INFO] SSL: False, Method: flexmatch, t-SNE: False, Resume: False
2026-06-14 09:13:17,779 [INFO] Imbalance mode: max/min class count ratio = 5
2026-06-14 09:13:17,804 [INFO] Device: cuda
2026-06-14 09:13:27,638 [INFO] Imbalance filter (Exponential): 50000 -> 25423 training samples
2026-06-14 09:13:27,638 [INFO] 
--- Strategy: entropy ---
2026-06-14 09:13:27,748 [ERROR]   ERROR [entropy] seed=42: 'Sequential' object has no attribute 'out_features'
2026-06-14 09:13:32,929 [INFO] === v8 Controlled-Fast AL+SSL Analysis: cifar10 ===
2026-06-14 09:13:32,929 [INFO] Budget: ultra_low, Model: simplecnn, Scheduler: True
2026-06-14 09:13:32,929 [INFO] Strategies: ['entropy']
2026-06-14 09:13:32,929 [INFO] Seeds: [42, 123, 456]
2026-06-14 09:13:32,929 [INFO] Rounds: 10, Initial: 100, Query: 100
2026-06-14 09:13:32,929 [INFO] SSL: True, Method: flexmatch, t-SNE: False, Resume: False
2026-06-14 09:13:32,929 [INFO] Imbalance mode: max/min class count ratio = 5
2026-06-14 09:13:32,951 [INFO] Device: cuda
2026-06-14 09:13:43,360 [INFO] Imbalance filter (Exponential): 50000 -> 25423 training samples
2026-06-14 09:13:43,360 [INFO] 
--- Strategy: entropy ---
2026-06-14 09:13:43,466 [ERROR]   ERROR [entropy] seed=42: 'Sequential' object has no attribute 'out_features'
2026-06-14 14:36:57,537 [INFO] === v8 Controlled-Fast AL+SSL Analysis: cifar10 ===
2026-06-14 14:36:57,537 [INFO] Budget: ultra_low, Model: simplecnn, Scheduler: True
2026-06-14 14:36:57,538 [INFO] Strategies: ['entropy']
2026-06-14 14:36:57,538 [INFO] Seeds: [42, 123, 456]
2026-06-14 14:36:57,538 [INFO] Rounds: 10, Initial: 100, Query: 100
2026-06-14 14:36:57,538 [INFO] SSL: False, Method: flexmatch, t-SNE: False, Resume: False
2026-06-14 14:36:57,538 [INFO] Imbalance mode: max/min class count ratio = 5
2026-06-14 14:36:57,575 [INFO] Device: cuda
2026-06-14 14:37:17,637 [INFO] Imbalance filter (Exponential): 50000 -> 25423 training samples
2026-06-14 14:37:17,637 [INFO] 
--- Strategy: entropy ---
2026-06-14 14:37:17,793 [INFO]   Using Class-Balanced Loss (β=0.9999), weights: [2.185 0.937 0.504 1.639 0.328 2.185 0.364 0.546 0.656 0.656]
2026-06-14 14:37:22,857 [INFO]   [entropy] Seed=42 R1/10 F1=0.1588 Acc=0.1960 Labeled=200 QueryTime=0.0s GPU=74MB
2026-06-14 14:37:22,858 [INFO]   Using Class-Balanced Loss (β=0.9999), weights: [1.779 1.038 0.519 3.113 0.284 0.733 0.402 0.692 0.402 1.038]
2026-06-14 14:37:27,589 [INFO]   [entropy] Seed=42 R2/10 F1=0.2299 Acc=0.2564 Labeled=300 QueryTime=0.0s GPU=118MB
2026-06-14 14:37:27,591 [INFO]   Using Class-Balanced Loss (β=0.9999), weights: [2.334 0.678 0.841 2.334 0.448 1.001 0.619 0.809 0.601 0.334]
2026-06-14 14:37:32,699 [INFO]   [entropy] Seed=42 R3/10 F1=0.1813 Acc=0.2318 Labeled=400 QueryTime=0.0s GPU=139MB
2026-06-14 14:37:32,701 [INFO]   Using Class-Balanced Loss (β=0.9999), weights: [2.481 0.487 0.887 2.255 0.507 1.128 0.621 0.753 0.671 0.21 ]
2026-06-14 14:37:37,192 [INFO]   [entropy] Seed=42 R4/10 F1=0.1566 Acc=0.2014 Labeled=500 QueryTime=0.0s GPU=139MB
2026-06-14 14:37:37,194 [INFO]   Using Class-Balanced Loss (β=0.9999), weights: [2.261 0.358 0.936 2.466 0.533 1.234 0.663 0.734 0.663 0.152]
2026-06-14 14:37:41,700 [INFO]   [entropy] Seed=42 R5/10 F1=0.2175 Acc=0.2560 Labeled=600 QueryTime=0.0s GPU=139MB
2026-06-14 14:37:41,701 [INFO]   Using Class-Balanced Loss (β=0.9999), weights: [2.177 0.253 0.953 2.54  0.587 1.271 0.65  0.744 0.678 0.145]
2026-06-14 14:37:46,717 [INFO]   [entropy] Seed=42 R6/10 F1=0.3163 Acc=0.3265 Labeled=700 QueryTime=0.0s GPU=139MB
2026-06-14 14:37:46,719 [INFO]   Using Class-Balanced Loss (β=0.9999), weights: [2.001 0.235 0.974 2.251 0.668 1.501 0.668 0.82  0.736 0.146]
2026-06-14 14:37:51,726 [INFO]   [entropy] Seed=42 R7/10 F1=0.3267 Acc=0.3316 Labeled=800 QueryTime=0.0s GPU=139MB
2026-06-14 14:37:51,728 [INFO]   Using Class-Balanced Loss (β=0.9999), weights: [2.147 0.253 0.956 1.952 0.717 1.432 0.717 0.878 0.797 0.151]
2026-06-14 14:37:57,365 [INFO]   [entropy] Seed=42 R8/10 F1=0.3394 Acc=0.3479 Labeled=900 QueryTime=0.0s GPU=139MB
2026-06-14 14:37:57,366 [INFO]   Using Class-Balanced Loss (β=0.9999), weights: [2.202 0.289 0.998 1.51  0.779 1.469 0.757 0.897 0.928 0.171]
2026-06-14 14:38:02,998 [INFO]   [entropy] Seed=42 R9/10 F1=0.3574 Acc=0.3680 Labeled=1000 QueryTime=0.0s GPU=139MB
2026-06-14 14:38:02,999 [INFO]   Using Class-Balanced Loss (β=0.9999), weights: [2.244 0.262 0.969 1.559 0.815 1.403 0.73  0.921 0.937 0.159]
2026-06-14 14:38:07,571 [INFO]   Using Class-Balanced Loss (β=0.9999), weights: [5.029 0.503 0.719 0.838 0.315 0.719 0.265 0.629 0.719 0.265]
2026-06-14 14:38:11,743 [INFO]   [entropy] Seed=123 R1/10 F1=0.1943 Acc=0.2037 Labeled=200 QueryTime=0.0s GPU=87MB
2026-06-14 14:38:11,744 [INFO]   Using Class-Balanced Loss (β=0.9999), weights: [1.756 1.081 0.781 1.561 0.327 2.007 0.38  1.004 0.562 0.541]
2026-06-14 14:38:16,080 [INFO]   [entropy] Seed=123 R2/10 F1=0.2153 Acc=0.2277 Labeled=300 QueryTime=0.0s GPU=131MB
2026-06-14 14:38:16,082 [INFO]   Using Class-Balanced Loss (β=0.9999), weights: [2.572 0.572 0.687 1.583 0.397 1.715 0.448 0.936 0.687 0.404]
2026-06-14 14:38:20,566 [INFO]   [entropy] Seed=123 R3/10 F1=0.2088 Acc=0.2316 Labeled=400 QueryTime=0.0s GPU=151MB
2026-06-14 14:38:20,567 [INFO]   Using Class-Balanced Loss (β=0.9999), weights: [2.625 0.334 0.763 1.688 0.431 1.688 0.493 1.028 0.717 0.233]
2026-06-14 14:38:25,038 [INFO]   [entropy] Seed=123 R4/10 F1=0.2354 Acc=0.2485 Labeled=500 QueryTime=0.0s GPU=151MB
2026-06-14 14:38:25,041 [INFO]   Using Class-Balanced Loss (β=0.9999), weights: [2.617 0.25  0.819 1.869 0.477 1.636 0.535 0.935 0.69  0.172]
2026-06-14 14:38:29,567 [INFO]   [entropy] Seed=123 R5/10 F1=0.2451 Acc=0.2632 Labeled=600 QueryTime=0.0s GPU=151MB
2026-06-14 14:38:29,568 [INFO]   Using Class-Balanced Loss (β=0.9999), weights: [2.48  0.225 0.903 1.984 0.523 1.654 0.552 0.784 0.745 0.15 ]
2026-06-14 14:38:34,656 [INFO]   [entropy] Seed=123 R6/10 F1=0.2887 Acc=0.3121 Labeled=700 QueryTime=0.0s GPU=151MB
2026-06-14 14:38:34,657 [INFO]   Using Class-Balanced Loss (β=0.9999), weights: [2.831 0.219 1.    1.618 0.558 1.545 0.608 0.756 0.724 0.14 ]
2026-06-14 14:38:39,782 [INFO]   [entropy] Seed=123 R7/10 F1=0.3096 Acc=0.3137 Labeled=800 QueryTime=0.0s GPU=151MB
2026-06-14 14:38:39,783 [INFO]   Using Class-Balanced Loss (β=0.9999), weights: [2.989 0.224 1.024 1.389 0.573 1.555 0.565 0.749 0.794 0.139]
2026-06-14 14:38:45,466 [INFO]   [entropy] Seed=123 R8/10 F1=0.3957 Acc=0.3967 Labeled=900 QueryTime=0.0s GPU=151MB
2026-06-14 14:38:45,468 [INFO]   Using Class-Balanced Loss (β=0.9999), weights: [2.963 0.221 1.06  1.203 0.579 1.647 0.619 0.768 0.795 0.144]
2026-06-14 14:38:51,110 [INFO]   [entropy] Seed=123 R9/10 F1=0.3912 Acc=0.3879 Labeled=1000 QueryTime=0.0s GPU=151MB
2026-06-14 14:38:51,112 [INFO]   Using Class-Balanced Loss (β=0.9999), weights: [2.744 0.221 1.15  1.206 0.604 1.765 0.643 0.786 0.739 0.141]
2026-06-14 14:38:55,739 [INFO]   Using Class-Balanced Loss (β=0.9999), weights: [0.835 0.501 0.385 5.007 0.358 1.002 0.313 0.501 0.835 0.264]
2026-06-14 14:39:00,010 [INFO]   [entropy] Seed=456 R1/10 F1=0.1080 Acc=0.1665 Labeled=200 QueryTime=0.0s GPU=100MB
2026-06-14 14:39:00,012 [INFO]   Using Class-Balanced Loss (β=0.9999), weights: [1.887 1.029 0.708 2.264 0.277 0.944 0.192 0.629 1.617 0.453]
2026-06-14 14:39:04,419 [INFO]   [entropy] Seed=456 R2/10 F1=0.1771 Acc=0.2033 Labeled=300 QueryTime=0.0s GPU=118MB
2026-06-14 14:39:04,420 [INFO]   Using Class-Balanced Loss (β=0.9999), weights: [2.484 0.512 0.757 2.174 0.396 0.757 0.253 0.6   1.739 0.329]
2026-06-14 14:39:08,829 [INFO]   [entropy] Seed=456 R3/10 F1=0.2096 Acc=0.2169 Labeled=400 QueryTime=0.0s GPU=139MB
2026-06-14 14:39:08,830 [INFO]   Using Class-Balanced Loss (β=0.9999), weights: [2.94  0.313 0.763 2.287 0.439 0.763 0.279 0.515 1.47  0.232]
2026-06-14 14:39:13,374 [INFO]   [entropy] Seed=456 R4/10 F1=0.2122 Acc=0.2301 Labeled=500 QueryTime=0.0s GPU=139MB
2026-06-14 14:39:13,376 [INFO]   Using Class-Balanced Loss (β=0.9999), weights: [3.327 0.27  0.833 1.775 0.567 0.808 0.33  0.523 1.332 0.235]
2026-06-14 14:39:17,903 [INFO]   [entropy] Seed=456 R5/10 F1=0.1954 Acc=0.2352 Labeled=600 QueryTime=0.0s GPU=139MB
2026-06-14 14:39:17,904 [INFO]   Using Class-Balanced Loss (β=0.9999), weights: [2.92  0.247 0.974 1.607 0.644 0.869 0.351 0.565 1.607 0.217]
2026-06-14 14:39:22,977 [INFO]   [entropy] Seed=456 R6/10 F1=0.2519 Acc=0.2713 Labeled=700 QueryTime=0.0s GPU=139MB
2026-06-14 14:39:22,978 [INFO]   Using Class-Balanced Loss (β=0.9999), weights: [3.003 0.244 0.95  1.502 0.645 0.902 0.312 0.516 1.717 0.209]
2026-06-14 14:39:28,073 [INFO]   [entropy] Seed=456 R7/10 F1=0.2872 Acc=0.3024 Labeled=800 QueryTime=0.0s GPU=139MB
2026-06-14 14:39:28,075 [INFO]   Using Class-Balanced Loss (β=0.9999), weights: [2.957 0.254 0.987 1.256 0.68  0.921 0.295 0.561 1.883 0.205]
2026-06-14 14:39:33,838 [INFO]   [entropy] Seed=456 R8/10 F1=0.3290 Acc=0.3276 Labeled=900 QueryTime=0.0s GPU=139MB
2026-06-14 14:39:33,840 [INFO]   Using Class-Balanced Loss (β=0.9999), weights: [2.9   0.253 0.948 1.222 0.694 0.968 0.301 0.582 1.934 0.197]
2026-06-14 14:39:39,615 [INFO]   [entropy] Seed=456 R9/10 F1=0.3253 Acc=0.3246 Labeled=1000 QueryTime=0.0s GPU=139MB
2026-06-14 14:39:39,617 [INFO]   Using Class-Balanced Loss (β=0.9999), weights: [3.184 0.268 0.928 1.021 0.664 1.001 0.279 0.568 1.888 0.2  ]
2026-06-14 14:39:44,243 [INFO] 
--- Full Supervised Baseline ---
2026-06-14 14:39:44,256 [INFO]   Using Class-Balanced Loss (β=0.9999), weights: [1.874 0.703 0.822 1.339 0.604 1.583 0.453 0.965 1.135 0.522]
2026-06-14 14:44:21,720 [INFO] Full Supervised: Acc=0.7439, F1=0.7411 (epochs=50, time=274.7s)
2026-06-14 14:44:22,555 [INFO] 
=== Results saved to C:\Users\28414\Desktop\机器学习—图像分类-期末汇报\output\cb_focal_baseline\cifar10\rho5\cb ===
2026-06-14 14:44:22,555 [INFO] 
Summary:
2026-06-14 14:44:22,555 [INFO] Strategy                 Final F1     ±std   p<0.05 vs Random
2026-06-14 14:44:22,555 [INFO] ------------------------------------------------------------
2026-06-14 14:44:22,555 [INFO] entropy                    0.3838   0.0143                   
2026-06-14 14:44:22,555 [INFO] Full Supervised            0.7411
2026-06-14 14:44:27,534 [INFO] === v8 Controlled-Fast AL+SSL Analysis: cifar10 ===
2026-06-14 14:44:27,534 [INFO] Budget: ultra_low, Model: simplecnn, Scheduler: True
2026-06-14 14:44:27,534 [INFO] Strategies: ['entropy']
2026-06-14 14:44:27,534 [INFO] Seeds: [42, 123, 456]
2026-06-14 14:44:27,534 [INFO] Rounds: 10, Initial: 100, Query: 100
2026-06-14 14:44:27,534 [INFO] SSL: True, Method: flexmatch, t-SNE: False, Resume: False
2026-06-14 14:44:27,534 [INFO] Imbalance mode: max/min class count ratio = 5
2026-06-14 14:44:27,578 [INFO] Device: cuda
2026-06-14 14:44:47,607 [INFO] Imbalance filter (Exponential): 50000 -> 25423 training samples
2026-06-14 14:44:47,607 [INFO] 
--- Strategy: entropy ---
2026-06-14 14:44:47,759 [INFO]   Using Class-Balanced Loss (β=0.9999), weights: [2.185 0.937 0.504 1.639 0.328 2.185 0.364 0.546 0.656 0.656]
2026-06-14 14:44:54,852 [INFO]   [entropy] Seed=42 R1/10 F1=0.1722 Acc=0.1942 Labeled=200 QueryTime=0.0s GPU=172MB SSL+0
2026-06-14 14:44:54,854 [INFO]   Using Class-Balanced Loss (β=0.9999), weights: [3.228 0.539 0.587 1.435 0.539 1.614 0.587 0.517 0.646 0.308]
2026-06-14 14:45:01,278 [INFO]   [entropy] Seed=42 R2/10 F1=0.2028 Acc=0.2354 Labeled=300 QueryTime=0.0s GPU=217MB SSL+0
2026-06-14 14:45:01,281 [INFO]   Using Class-Balanced Loss (β=0.9999), weights: [3.118 0.361 0.72  1.871 0.585 1.248 0.604 0.604 0.604 0.284]
2026-06-14 14:45:07,289 [INFO]   [entropy] Seed=42 R3/10 F1=0.2289 Acc=0.2524 Labeled=400 QueryTime=0.0s GPU=237MB SSL+0
2026-06-14 14:45:07,290 [INFO]   Using Class-Balanced Loss (β=0.9999), weights: [2.633 0.348 0.879 1.881 0.799 1.317 0.586 0.643 0.613 0.3  ]
2026-06-14 14:45:13,171 [INFO]   [entropy] Seed=42 R4/10 F1=0.2411 Acc=0.2541 Labeled=500 QueryTime=0.0s GPU=237MB SSL+0
2026-06-14 14:45:13,172 [INFO]   Using Class-Balanced Loss (β=0.9999), weights: [1.838 0.299 1.068 2.067 0.871 1.575 0.663 0.753 0.571 0.294]
2026-06-14 14:45:19,235 [INFO]   [entropy] Seed=42 R5/10 F1=0.2197 Acc=0.2379 Labeled=600 QueryTime=0.0s GPU=237MB SSL+0
2026-06-14 14:45:19,237 [INFO]   Using Class-Balanced Loss (β=0.9999), weights: [1.683 0.262 1.029 2.057 0.862 1.763 0.7   0.824 0.58  0.239]
2026-06-14 14:45:27,505 [INFO]   [entropy] Seed=42 R6/10 F1=0.2916 Acc=0.3126 Labeled=700 QueryTime=0.0s GPU=237MB SSL+0
2026-06-14 14:45:27,506 [INFO]   Using Class-Balanced Loss (β=0.9999), weights: [1.687 0.283 0.991 1.751 0.95  1.897 0.691 0.829 0.661 0.259]
2026-06-14 14:45:35,629 [INFO]   [entropy] Seed=42 R7/10 F1=0.3347 Acc=0.3586 Labeled=800 QueryTime=0.0s GPU=237MB SSL+19
2026-06-14 14:45:35,631 [INFO]   Using Class-Balanced Loss (β=0.9999), weights: [1.917 0.32  0.944 1.635 0.898 1.635 0.697 0.857 0.807 0.29 ]
2026-06-14 14:45:45,908 [INFO]   [entropy] Seed=42 R8/10 F1=0.3936 Acc=0.3951 Labeled=900 QueryTime=0.0s GPU=237MB SSL+78
2026-06-14 14:45:45,909 [INFO]   Using Class-Balanced Loss (β=0.9999), weights: [2.211 0.349 0.868 1.283 0.918 1.645 0.613 0.918 0.88  0.315]
2026-06-14 14:45:56,270 [INFO]   [entropy] Seed=42 R9/10 F1=0.3789 Acc=0.3935 Labeled=1000 QueryTime=0.0s GPU=237MB SSL+73
2026-06-14 14:45:56,272 [INFO]   Using Class-Balanced Loss (β=0.9999), weights: [2.341 0.381 0.877 1.192 0.837 1.545 0.548 0.957 0.983 0.339]
2026-06-14 14:46:05,421 [INFO]   Using Class-Balanced Loss (β=0.9999), weights: [5.029 0.503 0.719 0.838 0.315 0.719 0.265 0.629 0.719 0.265]
2026-06-14 14:46:11,105 [INFO]   [entropy] Seed=123 R1/10 F1=0.1747 Acc=0.1992 Labeled=200 QueryTime=0.0s GPU=185MB SSL+0
2026-06-14 14:46:11,106 [INFO]   Using Class-Balanced Loss (β=0.9999), weights: [2.256 0.377 1.129 1.934 0.677 1.042 0.502 0.903 0.903 0.277]
2026-06-14 14:46:17,046 [INFO]   [entropy] Seed=123 R2/10 F1=0.2071 Acc=0.2302 Labeled=300 QueryTime=0.0s GPU=230MB SSL+0
2026-06-14 14:46:17,048 [INFO]   Using Class-Balanced Loss (β=0.9999), weights: [2.609 0.282 1.305 1.827 0.631 0.962 0.508 0.762 0.87  0.244]
2026-06-14 14:46:23,006 [INFO]   [entropy] Seed=123 R3/10 F1=0.2634 Acc=0.2878 Labeled=400 QueryTime=0.0s GPU=250MB SSL+0
2026-06-14 14:46:23,008 [INFO]   Using Class-Balanced Loss (β=0.9999), weights: [2.636 0.319 1.055 1.648 0.677 1.055 0.55  0.8   0.977 0.282]
2026-06-14 14:46:28,998 [INFO]   [entropy] Seed=123 R4/10 F1=0.2581 Acc=0.2861 Labeled=500 QueryTime=0.0s GPU=249MB SSL+0
2026-06-14 14:46:29,001 [INFO]   Using Class-Balanced Loss (β=0.9999), weights: [3.111 0.289 0.916 1.245 0.708 1.153 0.529 0.82  0.973 0.254]
2026-06-14 14:46:34,964 [INFO]   [entropy] Seed=123 R5/10 F1=0.2978 Acc=0.3165 Labeled=600 QueryTime=0.0s GPU=249MB SSL+0
2026-06-14 14:46:34,965 [INFO]   Using Class-Balanced Loss (β=0.9999), weights: [3.49  0.262 0.896 1.248 0.686 1.059 0.53  0.744 0.853 0.233]
2026-06-14 14:46:43,216 [INFO]   [entropy] Seed=123 R6/10 F1=0.3291 Acc=0.3520 Labeled=700 QueryTime=0.0s GPU=249MB SSL+6
2026-06-14 14:46:43,217 [INFO]   Using Class-Balanced Loss (β=0.9999), weights: [3.716 0.282 0.836 1.023 0.672 1.137 0.441 0.731 0.91  0.253]
2026-06-14 14:46:51,549 [INFO]   [entropy] Seed=123 R7/10 F1=0.3552 Acc=0.3733 Labeled=800 QueryTime=0.0s GPU=249MB SSL+15
2026-06-14 14:46:51,551 [INFO]   Using Class-Balanced Loss (β=0.9999), weights: [3.746 0.275 0.85  0.958 0.704 1.185 0.452 0.764 0.85  0.217]
2026-06-14 14:47:01,812 [INFO]   [entropy] Seed=123 R8/10 F1=0.3793 Acc=0.3883 Labeled=900 QueryTime=0.0s GPU=249MB SSL+47
2026-06-14 14:47:01,813 [INFO]   Using Class-Balanced Loss (β=0.9999), weights: [3.477 0.281 0.843 1.024 0.716 1.274 0.46  0.747 0.95  0.227]
2026-06-14 14:47:12,056 [INFO]   [entropy] Seed=123 R9/10 F1=0.3947 Acc=0.4047 Labeled=1000 QueryTime=0.0s GPU=249MB SSL+51
2026-06-14 14:47:12,058 [INFO]   Using Class-Balanced Loss (β=0.9999), weights: [3.431 0.303 0.77  1.008 0.731 1.358 0.435 0.78  0.958 0.226]
2026-06-14 14:47:21,216 [INFO]   Using Class-Balanced Loss (β=0.9999), weights: [0.835 0.501 0.385 5.007 0.358 1.002 0.313 0.501 0.835 0.264]
2026-06-14 14:47:27,026 [INFO]   [entropy] Seed=456 R1/10 F1=0.1478 Acc=0.1792 Labeled=200 QueryTime=0.0s GPU=199MB SSL+0
2026-06-14 14:47:27,028 [INFO]   Using Class-Balanced Loss (β=0.9999), weights: [2.002 0.317 0.707 1.501 0.801 1.501 0.632 0.858 1.501 0.18 ]
2026-06-14 14:47:32,910 [INFO]   [entropy] Seed=456 R2/10 F1=0.1824 Acc=0.2047 Labeled=300 QueryTime=0.0s GPU=217MB SSL+0
2026-06-14 14:47:32,911 [INFO]   Using Class-Balanced Loss (β=0.9999), weights: [2.204 0.333 0.84  1.47  0.654 0.679 0.49  0.929 2.204 0.197]
2026-06-14 14:47:38,813 [INFO]   [entropy] Seed=456 R3/10 F1=0.2276 Acc=0.2432 Labeled=400 QueryTime=0.0s GPU=237MB SSL+0
2026-06-14 14:47:38,815 [INFO]   Using Class-Balanced Loss (β=0.9999), weights: [2.978 0.368 0.822 1.084 0.663 0.795 0.426 0.954 1.702 0.208]
2026-06-14 14:47:44,415 [INFO]   [entropy] Seed=456 R4/10 F1=0.2170 Acc=0.2495 Labeled=500 QueryTime=0.0s GPU=237MB SSL+9
2026-06-14 14:47:44,417 [INFO]   Using Class-Balanced Loss (β=0.9999), weights: [2.923 0.345 0.887 1.125 0.714 0.791 0.371 0.914 1.72  0.21 ]
2026-06-14 14:47:50,243 [INFO]   [entropy] Seed=456 R5/10 F1=0.2696 Acc=0.2732 Labeled=600 QueryTime=0.0s GPU=237MB SSL+10
2026-06-14 14:47:50,245 [INFO]   Using Class-Balanced Loss (β=0.9999), weights: [2.427 0.419 0.884 0.972 0.734 1.023 0.433 0.926 1.942 0.239]
2026-06-14 14:47:58,471 [INFO]   [entropy] Seed=456 R6/10 F1=0.2944 Acc=0.3143 Labeled=700 QueryTime=0.0s GPU=237MB SSL+25
2026-06-14 14:47:58,473 [INFO]   Using Class-Balanced Loss (β=0.9999), weights: [2.409 0.43  0.899 0.882 0.728 1.117 0.43  0.865 1.99  0.251]
2026-06-14 14:48:06,690 [INFO]   [entropy] Seed=456 R7/10 F1=0.3394 Acc=0.3528 Labeled=800 QueryTime=0.0s GPU=237MB SSL+58
2026-06-14 14:48:06,693 [INFO]   Using Class-Balanced Loss (β=0.9999), weights: [2.714 0.439 0.891 0.861 0.728 1.033 0.418 0.749 1.911 0.255]
2026-06-14 14:48:17,282 [INFO]   [entropy] Seed=456 R8/10 F1=0.3506 Acc=0.3659 Labeled=900 QueryTime=0.0s GPU=237MB SSL+54
2026-06-14 14:48:17,284 [INFO]   Using Class-Balanced Loss (β=0.9999), weights: [2.955 0.441 0.816 0.893 0.679 1.061 0.403 0.695 1.812 0.244]
2026-06-14 14:48:27,424 [INFO]   [entropy] Seed=456 R9/10 F1=0.3701 Acc=0.3785 Labeled=1000 QueryTime=0.0s GPU=237MB SSL+75
2026-06-14 14:48:27,425 [INFO]   Using Class-Balanced Loss (β=0.9999), weights: [2.927 0.424 0.833 0.868 0.663 1.1   0.407 0.611 1.922 0.245]
2026-06-14 14:48:36,622 [INFO] 
--- Full Supervised Baseline ---
2026-06-14 14:48:36,635 [INFO]   Using Class-Balanced Loss (β=0.9999), weights: [1.874 0.703 0.822 1.339 0.604 1.583 0.453 0.965 1.135 0.522]
2026-06-14 14:55:40,436 [INFO] Full Supervised: Acc=0.8149, F1=0.8132 (epochs=50, time=422.7s)
2026-06-14 14:55:40,813 [INFO] 
=== Results saved to C:\Users\28414\Desktop\机器学习—图像分类-期末汇报\output\cb_focal_baseline\cifar10\rho5\cb ===
2026-06-14 14:55:40,813 [INFO] 
Summary:
2026-06-14 14:55:40,813 [INFO] Strategy                 Final F1     ±std   p<0.05 vs Random
2026-06-14 14:55:40,813 [INFO] ------------------------------------------------------------
2026-06-14 14:55:40,813 [INFO] entropy                    0.4039   0.0057                   
2026-06-14 14:55:40,813 [INFO] Full Supervised            0.8132
