2026-06-20 16:43:43,510 [INFO] === v8 Controlled-Fast AL+SSL Analysis: cifar10 ===
2026-06-20 16:43:43,511 [INFO] Budget: ultra_low, Model: simplecnn, Scheduler: True
2026-06-20 16:43:43,511 [INFO] Strategies: ['class_aware_entropy_ssl', 'gap_aware_entropy_ssl']
2026-06-20 16:43:43,511 [INFO] Seeds: [42, 123, 456]
2026-06-20 16:43:43,511 [INFO] Rounds: 10, Initial: 100, Query: 100
2026-06-20 16:43:43,511 [INFO] SSL: True, Method: pseudo_label, t-SNE: False, Resume: False
2026-06-20 16:43:43,512 [INFO] Imbalance mode: max/min class count ratio = 10
2026-06-20 16:43:43,636 [INFO] Device: cuda
2026-06-20 16:43:58,625 [INFO] Imbalance filter (Exponential): 50000 -> 20431 training samples
2026-06-20 16:43:58,625 [INFO] 
--- Strategy: class_aware_entropy_ssl ---
2026-06-20 16:44:04,400 [INFO]   [class_aware_entropy_ssl] Seed=42 R1/10 F1=0.0807 Acc=0.1469 Labeled=200 QueryTime=0.0s GPU=168MB SSL+0
2026-06-20 16:44:08,855 [INFO]   [class_aware_entropy_ssl] Seed=42 R2/10 F1=0.1695 Acc=0.2353 Labeled=300 QueryTime=0.1s GPU=206MB SSL+0
2026-06-20 16:44:12,340 [INFO]   [class_aware_entropy_ssl] Seed=42 R3/10 F1=0.2256 Acc=0.2754 Labeled=400 QueryTime=0.1s GPU=225MB SSL+0
2026-06-20 16:44:16,050 [INFO]   [class_aware_entropy_ssl] Seed=42 R4/10 F1=0.2557 Acc=0.3009 Labeled=500 QueryTime=0.1s GPU=225MB SSL+0
2026-06-20 16:44:20,008 [INFO]   [class_aware_entropy_ssl] Seed=42 R5/10 F1=0.2646 Acc=0.3137 Labeled=600 QueryTime=0.1s GPU=225MB SSL+0
2026-06-20 16:44:23,648 [INFO]   [class_aware_entropy_ssl] Seed=42 R6/10 F1=0.2755 Acc=0.3281 Labeled=700 QueryTime=0.1s GPU=225MB SSL+0
2026-06-20 16:44:28,237 [INFO]   [class_aware_entropy_ssl] Seed=42 R7/10 F1=0.3280 Acc=0.3594 Labeled=800 QueryTime=0.2s GPU=225MB SSL+0
2026-06-20 16:44:32,845 [INFO]   [class_aware_entropy_ssl] Seed=42 R8/10 F1=0.3933 Acc=0.4065 Labeled=900 QueryTime=0.2s GPU=225MB SSL+1
2026-06-20 16:44:37,716 [INFO]   [class_aware_entropy_ssl] Seed=42 R9/10 F1=0.3722 Acc=0.3990 Labeled=1000 QueryTime=0.1s GPU=225MB SSL+8
2026-06-20 16:44:44,835 [INFO]   [class_aware_entropy_ssl] Seed=123 R1/10 F1=0.0902 Acc=0.1529 Labeled=200 QueryTime=0.0s GPU=169MB SSL+0
2026-06-20 16:44:48,581 [INFO]   [class_aware_entropy_ssl] Seed=123 R2/10 F1=0.1391 Acc=0.2129 Labeled=300 QueryTime=0.1s GPU=204MB SSL+0
2026-06-20 16:44:52,226 [INFO]   [class_aware_entropy_ssl] Seed=123 R3/10 F1=0.1690 Acc=0.2464 Labeled=400 QueryTime=0.1s GPU=225MB SSL+0
2026-06-20 16:44:55,227 [INFO]   [class_aware_entropy_ssl] Seed=123 R4/10 F1=0.1995 Acc=0.2708 Labeled=500 QueryTime=0.1s GPU=225MB SSL+0
2026-06-20 16:44:59,145 [INFO]   [class_aware_entropy_ssl] Seed=123 R5/10 F1=0.2286 Acc=0.2918 Labeled=600 QueryTime=0.2s GPU=225MB SSL+0
2026-06-20 16:45:03,222 [INFO]   [class_aware_entropy_ssl] Seed=123 R6/10 F1=0.2980 Acc=0.3487 Labeled=700 QueryTime=0.2s GPU=225MB SSL+0
2026-06-20 16:45:07,863 [INFO]   [class_aware_entropy_ssl] Seed=123 R7/10 F1=0.3262 Acc=0.3649 Labeled=800 QueryTime=0.2s GPU=225MB SSL+0
2026-06-20 16:45:14,844 [INFO]   [class_aware_entropy_ssl] Seed=123 R8/10 F1=0.3735 Acc=0.4065 Labeled=900 QueryTime=0.3s GPU=225MB SSL+1
2026-06-20 16:45:21,119 [INFO]   [class_aware_entropy_ssl] Seed=123 R9/10 F1=0.4084 Acc=0.4331 Labeled=1000 QueryTime=0.3s GPU=225MB SSL+7
2026-06-20 16:45:29,962 [INFO]   [class_aware_entropy_ssl] Seed=456 R1/10 F1=0.0973 Acc=0.1648 Labeled=200 QueryTime=0.0s GPU=169MB SSL+0
2026-06-20 16:45:34,578 [INFO]   [class_aware_entropy_ssl] Seed=456 R2/10 F1=0.1365 Acc=0.2165 Labeled=300 QueryTime=0.1s GPU=204MB SSL+0
2026-06-20 16:45:38,406 [INFO]   [class_aware_entropy_ssl] Seed=456 R3/10 F1=0.1633 Acc=0.2392 Labeled=400 QueryTime=0.1s GPU=225MB SSL+0
2026-06-20 16:45:42,375 [INFO]   [class_aware_entropy_ssl] Seed=456 R4/10 F1=0.2338 Acc=0.2887 Labeled=500 QueryTime=0.1s GPU=225MB SSL+0
2026-06-20 16:45:45,997 [INFO]   [class_aware_entropy_ssl] Seed=456 R5/10 F1=0.2907 Acc=0.3293 Labeled=600 QueryTime=0.1s GPU=225MB SSL+0
2026-06-20 16:45:50,490 [INFO]   [class_aware_entropy_ssl] Seed=456 R6/10 F1=0.3099 Acc=0.3530 Labeled=700 QueryTime=0.1s GPU=225MB SSL+0
2026-06-20 16:45:55,170 [INFO]   [class_aware_entropy_ssl] Seed=456 R7/10 F1=0.3175 Acc=0.3623 Labeled=800 QueryTime=0.2s GPU=225MB SSL+2
2026-06-20 16:46:01,188 [INFO]   [class_aware_entropy_ssl] Seed=456 R8/10 F1=0.3554 Acc=0.3857 Labeled=900 QueryTime=0.3s GPU=225MB SSL+3
2026-06-20 16:46:08,737 [INFO]   [class_aware_entropy_ssl] Seed=456 R9/10 F1=0.3915 Acc=0.4232 Labeled=1000 QueryTime=0.2s GPU=225MB SSL+15
2026-06-20 16:46:13,802 [INFO] 
--- Strategy: gap_aware_entropy_ssl ---
2026-06-20 16:46:17,152 [INFO]   [gap_aware_entropy_ssl] Seed=42 R1/10 F1=0.0807 Acc=0.1469 Labeled=200 QueryTime=0.0s GPU=169MB SSL+0
2026-06-20 16:46:20,848 [INFO]   [gap_aware_entropy_ssl] Seed=42 R2/10 F1=0.1724 Acc=0.2214 Labeled=300 QueryTime=0.1s GPU=204MB SSL+0
2026-06-20 16:46:25,206 [INFO]   [gap_aware_entropy_ssl] Seed=42 R3/10 F1=0.2318 Acc=0.2660 Labeled=400 QueryTime=0.1s GPU=225MB SSL+0
2026-06-20 16:46:29,088 [INFO]   [gap_aware_entropy_ssl] Seed=42 R4/10 F1=0.2366 Acc=0.2815 Labeled=500 QueryTime=0.1s GPU=225MB SSL+0
2026-06-20 16:46:33,103 [INFO]   [gap_aware_entropy_ssl] Seed=42 R5/10 F1=0.2566 Acc=0.2965 Labeled=600 QueryTime=0.2s GPU=225MB SSL+0
2026-06-20 16:46:38,781 [INFO]   [gap_aware_entropy_ssl] Seed=42 R6/10 F1=0.2915 Acc=0.3275 Labeled=700 QueryTime=0.3s GPU=225MB SSL+0
2026-06-20 16:46:44,723 [INFO]   [gap_aware_entropy_ssl] Seed=42 R7/10 F1=0.3210 Acc=0.3446 Labeled=800 QueryTime=0.4s GPU=225MB SSL+2
2026-06-20 16:46:51,340 [INFO]   [gap_aware_entropy_ssl] Seed=42 R8/10 F1=0.3632 Acc=0.3868 Labeled=900 QueryTime=0.2s GPU=225MB SSL+4
2026-06-20 16:46:56,802 [INFO]   [gap_aware_entropy_ssl] Seed=42 R9/10 F1=0.3645 Acc=0.3818 Labeled=1000 QueryTime=0.1s GPU=225MB SSL+5
2026-06-20 16:47:04,014 [INFO]   [gap_aware_entropy_ssl] Seed=123 R1/10 F1=0.0902 Acc=0.1529 Labeled=200 QueryTime=0.0s GPU=169MB SSL+0
2026-06-20 16:47:08,305 [INFO]   [gap_aware_entropy_ssl] Seed=123 R2/10 F1=0.1580 Acc=0.2381 Labeled=300 QueryTime=0.1s GPU=204MB SSL+0
2026-06-20 16:47:11,790 [INFO]   [gap_aware_entropy_ssl] Seed=123 R3/10 F1=0.2406 Acc=0.2955 Labeled=400 QueryTime=0.1s GPU=225MB SSL+0
2026-06-20 16:47:15,281 [INFO]   [gap_aware_entropy_ssl] Seed=123 R4/10 F1=0.2555 Acc=0.3042 Labeled=500 QueryTime=0.1s GPU=225MB SSL+0
2026-06-20 16:47:18,341 [INFO]   [gap_aware_entropy_ssl] Seed=123 R5/10 F1=0.2931 Acc=0.3160 Labeled=600 QueryTime=0.1s GPU=225MB SSL+0
2026-06-20 16:47:22,693 [INFO]   [gap_aware_entropy_ssl] Seed=123 R6/10 F1=0.3350 Acc=0.3672 Labeled=700 QueryTime=0.2s GPU=225MB SSL+1
2026-06-20 16:47:26,416 [INFO]   [gap_aware_entropy_ssl] Seed=123 R7/10 F1=0.3669 Acc=0.3784 Labeled=800 QueryTime=0.2s GPU=225MB SSL+2
2026-06-20 16:47:30,726 [INFO]   [gap_aware_entropy_ssl] Seed=123 R8/10 F1=0.4001 Acc=0.4054 Labeled=900 QueryTime=0.2s GPU=225MB SSL+2
2026-06-20 16:47:36,568 [INFO]   [gap_aware_entropy_ssl] Seed=123 R9/10 F1=0.4001 Acc=0.4015 Labeled=1000 QueryTime=0.4s GPU=225MB SSL+6
2026-06-20 16:47:45,298 [INFO]   [gap_aware_entropy_ssl] Seed=456 R1/10 F1=0.0973 Acc=0.1648 Labeled=200 QueryTime=0.0s GPU=169MB SSL+0
2026-06-20 16:47:48,834 [INFO]   [gap_aware_entropy_ssl] Seed=456 R2/10 F1=0.2049 Acc=0.2574 Labeled=300 QueryTime=0.0s GPU=204MB SSL+0
2026-06-20 16:47:52,845 [INFO]   [gap_aware_entropy_ssl] Seed=456 R3/10 F1=0.1980 Acc=0.2457 Labeled=400 QueryTime=0.1s GPU=225MB SSL+0
2026-06-20 16:47:56,591 [INFO]   [gap_aware_entropy_ssl] Seed=456 R4/10 F1=0.2270 Acc=0.2901 Labeled=500 QueryTime=0.1s GPU=225MB SSL+0
2026-06-20 16:48:00,200 [INFO]   [gap_aware_entropy_ssl] Seed=456 R5/10 F1=0.2315 Acc=0.2829 Labeled=600 QueryTime=0.1s GPU=225MB SSL+0
2026-06-20 16:48:04,620 [INFO]   [gap_aware_entropy_ssl] Seed=456 R6/10 F1=0.2677 Acc=0.3137 Labeled=700 QueryTime=0.2s GPU=225MB SSL+0
2026-06-20 16:48:09,752 [INFO]   [gap_aware_entropy_ssl] Seed=456 R7/10 F1=0.3056 Acc=0.3444 Labeled=800 QueryTime=0.1s GPU=225MB SSL+4
2026-06-20 16:48:14,164 [INFO]   [gap_aware_entropy_ssl] Seed=456 R8/10 F1=0.3319 Acc=0.3663 Labeled=900 QueryTime=0.1s GPU=225MB SSL+5
2026-06-20 16:48:19,205 [INFO]   [gap_aware_entropy_ssl] Seed=456 R9/10 F1=0.3724 Acc=0.4006 Labeled=1000 QueryTime=0.2s GPU=225MB SSL+45
2026-06-20 16:48:23,743 [INFO] 
--- Full Supervised Baseline ---
