2026-06-14 05:12:01,265 [INFO] === v8 Controlled-Fast AL+SSL Analysis: cifar10 ===
2026-06-14 05:12:01,265 [INFO] Budget: ultra_low, Model: resnet18, Scheduler: True
2026-06-14 05:12:01,265 [INFO] Strategies: ['random', 'entropy', 'margin', 'coreset', 'badge', 'qbc', 'class_aware_entropy', 'gap_aware_entropy', 'adaptive_gap_entropy']
2026-06-14 05:12:01,265 [INFO] Seeds: [42, 123, 456]
2026-06-14 05:12:01,266 [INFO] Rounds: 10, Initial: 100, Query: 100
2026-06-14 05:12:01,266 [INFO] SSL: False, Method: flexmatch, t-SNE: False, Resume: False
2026-06-14 05:12:01,266 [INFO] Imbalance mode: max/min class count ratio = 100
2026-06-14 05:12:01,297 [INFO] Device: cuda
2026-06-14 05:12:10,721 [INFO] Imbalance filter (Exponential): 50000 -> 12406 training samples
2026-06-14 05:12:10,721 [INFO] 
--- Strategy: random ---
2026-06-14 05:12:12,724 [INFO]   [random] Seed=42 R1/10 F1=0.1614 Acc=0.2041 Labeled=200 QueryTime=0.0s GPU=236MB
2026-06-14 05:12:14,212 [INFO]   [random] Seed=42 R2/10 F1=0.1949 Acc=0.2630 Labeled=300 QueryTime=0.0s GPU=238MB
2026-06-14 05:12:15,597 [INFO]   [random] Seed=42 R3/10 F1=0.1949 Acc=0.2698 Labeled=400 QueryTime=0.0s GPU=253MB
2026-06-14 05:12:17,054 [INFO]   [random] Seed=42 R4/10 F1=0.2769 Acc=0.3487 Labeled=500 QueryTime=0.0s GPU=253MB
2026-06-14 05:12:18,673 [INFO]   [random] Seed=42 R5/10 F1=0.2343 Acc=0.3137 Labeled=600 QueryTime=0.0s GPU=253MB
2026-06-14 05:12:21,082 [INFO]   [random] Seed=42 R6/10 F1=0.3789 Acc=0.4262 Labeled=700 QueryTime=0.0s GPU=253MB
2026-06-14 05:12:23,241 [INFO]   [random] Seed=42 R7/10 F1=0.3405 Acc=0.3877 Labeled=800 QueryTime=0.0s GPU=253MB
2026-06-14 05:12:25,567 [INFO]   [random] Seed=42 R8/10 F1=0.4084 Acc=0.4479 Labeled=900 QueryTime=0.0s GPU=253MB
2026-06-14 05:12:27,582 [INFO]   [random] Seed=42 R9/10 F1=0.3802 Acc=0.4425 Labeled=1000 QueryTime=0.0s GPU=253MB
2026-06-14 05:12:31,496 [INFO]   [random] Seed=123 R1/10 F1=0.1387 Acc=0.2012 Labeled=200 QueryTime=0.0s GPU=238MB
2026-06-14 05:12:33,099 [INFO]   [random] Seed=123 R2/10 F1=0.1590 Acc=0.2374 Labeled=300 QueryTime=0.0s GPU=241MB
2026-06-14 05:12:34,799 [INFO]   [random] Seed=123 R3/10 F1=0.1483 Acc=0.2492 Labeled=400 QueryTime=0.0s GPU=251MB
2026-06-14 05:12:36,332 [INFO]   [random] Seed=123 R4/10 F1=0.1568 Acc=0.2477 Labeled=500 QueryTime=0.0s GPU=251MB
2026-06-14 05:12:37,908 [INFO]   [random] Seed=123 R5/10 F1=0.1986 Acc=0.2826 Labeled=600 QueryTime=0.0s GPU=251MB
2026-06-14 05:12:39,868 [INFO]   [random] Seed=123 R6/10 F1=0.2808 Acc=0.3580 Labeled=700 QueryTime=0.0s GPU=251MB
2026-06-14 05:12:41,732 [INFO]   [random] Seed=123 R7/10 F1=0.2829 Acc=0.3647 Labeled=800 QueryTime=0.0s GPU=251MB
2026-06-14 05:12:43,773 [INFO]   [random] Seed=123 R8/10 F1=0.3036 Acc=0.3871 Labeled=900 QueryTime=0.0s GPU=251MB
2026-06-14 05:12:45,905 [INFO]   [random] Seed=123 R9/10 F1=0.3108 Acc=0.3822 Labeled=1000 QueryTime=0.0s GPU=251MB
2026-06-14 05:12:49,726 [INFO]   [random] Seed=456 R1/10 F1=0.1838 Acc=0.2412 Labeled=200 QueryTime=0.0s GPU=238MB
2026-06-14 05:12:51,356 [INFO]   [random] Seed=456 R2/10 F1=0.1537 Acc=0.2216 Labeled=300 QueryTime=0.0s GPU=241MB
2026-06-14 05:12:53,016 [INFO]   [random] Seed=456 R3/10 F1=0.1952 Acc=0.2653 Labeled=400 QueryTime=0.0s GPU=251MB
2026-06-14 05:12:54,655 [INFO]   [random] Seed=456 R4/10 F1=0.2231 Acc=0.3078 Labeled=500 QueryTime=0.0s GPU=251MB
2026-06-14 05:12:56,346 [INFO]   [random] Seed=456 R5/10 F1=0.2317 Acc=0.3001 Labeled=600 QueryTime=0.0s GPU=251MB
2026-06-14 05:12:58,048 [INFO]   [random] Seed=456 R6/10 F1=0.3034 Acc=0.3722 Labeled=700 QueryTime=0.0s GPU=251MB
2026-06-14 05:12:59,808 [INFO]   [random] Seed=456 R7/10 F1=0.3357 Acc=0.3859 Labeled=800 QueryTime=0.0s GPU=251MB
2026-06-14 05:13:02,082 [INFO]   [random] Seed=456 R8/10 F1=0.3771 Acc=0.4318 Labeled=900 QueryTime=0.0s GPU=251MB
2026-06-14 05:13:04,112 [INFO]   [random] Seed=456 R9/10 F1=0.3783 Acc=0.4336 Labeled=1000 QueryTime=0.0s GPU=251MB
2026-06-14 05:13:06,148 [INFO] 
--- Strategy: entropy ---
2026-06-14 05:13:08,459 [INFO]   [entropy] Seed=42 R1/10 F1=0.1614 Acc=0.2041 Labeled=200 QueryTime=0.0s GPU=238MB
2026-06-14 05:13:10,888 [INFO]   [entropy] Seed=42 R2/10 F1=0.1729 Acc=0.2303 Labeled=300 QueryTime=0.0s GPU=241MB
2026-06-14 05:13:12,881 [INFO]   [entropy] Seed=42 R3/10 F1=0.1935 Acc=0.2809 Labeled=400 QueryTime=0.0s GPU=251MB
2026-06-14 05:13:14,842 [INFO]   [entropy] Seed=42 R4/10 F1=0.2435 Acc=0.3135 Labeled=500 QueryTime=0.0s GPU=251MB
2026-06-14 05:13:16,936 [INFO]   [entropy] Seed=42 R5/10 F1=0.2161 Acc=0.2887 Labeled=600 QueryTime=0.0s GPU=251MB
2026-06-14 05:13:19,474 [INFO]   [entropy] Seed=42 R6/10 F1=0.3226 Acc=0.3782 Labeled=700 QueryTime=0.0s GPU=251MB
2026-06-14 05:13:22,090 [INFO]   [entropy] Seed=42 R7/10 F1=0.3419 Acc=0.4007 Labeled=800 QueryTime=0.0s GPU=251MB
2026-06-14 05:13:25,130 [INFO]   [entropy] Seed=42 R8/10 F1=0.4044 Acc=0.4547 Labeled=900 QueryTime=0.0s GPU=251MB
2026-06-14 05:13:28,132 [INFO]   [entropy] Seed=42 R9/10 F1=0.4177 Acc=0.4676 Labeled=1000 QueryTime=0.0s GPU=251MB
2026-06-14 05:13:32,958 [INFO]   [entropy] Seed=123 R1/10 F1=0.1387 Acc=0.2012 Labeled=200 QueryTime=0.0s GPU=325MB
2026-06-14 05:13:34,947 [INFO]   [entropy] Seed=123 R2/10 F1=0.1470 Acc=0.2324 Labeled=300 QueryTime=0.0s GPU=329MB
2026-06-14 05:13:37,051 [INFO]   [entropy] Seed=123 R3/10 F1=0.1798 Acc=0.2571 Labeled=400 QueryTime=0.0s GPU=341MB
2026-06-14 05:13:39,278 [INFO]   [entropy] Seed=123 R4/10 F1=0.1976 Acc=0.2890 Labeled=500 QueryTime=0.0s GPU=342MB
2026-06-14 05:13:41,295 [INFO]   [entropy] Seed=123 R5/10 F1=0.1807 Acc=0.2798 Labeled=600 QueryTime=0.0s GPU=342MB
2026-06-14 05:13:43,729 [INFO]   [entropy] Seed=123 R6/10 F1=0.2235 Acc=0.2992 Labeled=700 QueryTime=0.0s GPU=342MB
2026-06-14 05:13:46,309 [INFO]   [entropy] Seed=123 R7/10 F1=0.2816 Acc=0.3558 Labeled=800 QueryTime=0.0s GPU=342MB
2026-06-14 05:13:49,076 [INFO]   [entropy] Seed=123 R8/10 F1=0.3770 Acc=0.4319 Labeled=900 QueryTime=0.0s GPU=342MB
2026-06-14 05:13:51,903 [INFO]   [entropy] Seed=123 R9/10 F1=0.4039 Acc=0.4577 Labeled=1000 QueryTime=0.0s GPU=342MB
2026-06-14 05:13:56,380 [INFO]   [entropy] Seed=456 R1/10 F1=0.1838 Acc=0.2412 Labeled=200 QueryTime=0.0s GPU=327MB
2026-06-14 05:13:58,689 [INFO]   [entropy] Seed=456 R2/10 F1=0.1911 Acc=0.2666 Labeled=300 QueryTime=0.0s GPU=327MB
2026-06-14 05:14:00,829 [INFO]   [entropy] Seed=456 R3/10 F1=0.1958 Acc=0.2660 Labeled=400 QueryTime=0.0s GPU=342MB
2026-06-14 05:14:03,712 [INFO]   [entropy] Seed=456 R4/10 F1=0.2080 Acc=0.2696 Labeled=500 QueryTime=0.0s GPU=342MB
2026-06-14 05:14:05,885 [INFO]   [entropy] Seed=456 R5/10 F1=0.2767 Acc=0.3314 Labeled=600 QueryTime=0.0s GPU=342MB
2026-06-14 05:14:08,176 [INFO]   [entropy] Seed=456 R6/10 F1=0.3133 Acc=0.3675 Labeled=700 QueryTime=0.0s GPU=342MB
2026-06-14 05:14:10,665 [INFO]   [entropy] Seed=456 R7/10 F1=0.3828 Acc=0.4368 Labeled=800 QueryTime=0.0s GPU=342MB
2026-06-14 05:14:13,341 [INFO]   [entropy] Seed=456 R8/10 F1=0.3853 Acc=0.4336 Labeled=900 QueryTime=0.0s GPU=342MB
2026-06-14 05:14:16,071 [INFO]   [entropy] Seed=456 R9/10 F1=0.4181 Acc=0.4682 Labeled=1000 QueryTime=0.0s GPU=342MB
2026-06-14 05:14:18,451 [INFO] 
--- Strategy: margin ---
2026-06-14 05:14:20,669 [INFO]   [margin] Seed=42 R1/10 F1=0.1614 Acc=0.2041 Labeled=200 QueryTime=0.0s GPU=413MB
2026-06-14 05:14:22,684 [INFO]   [margin] Seed=42 R2/10 F1=0.1639 Acc=0.2459 Labeled=300 QueryTime=0.0s GPU=417MB
2026-06-14 05:14:24,739 [INFO]   [margin] Seed=42 R3/10 F1=0.1688 Acc=0.2481 Labeled=400 QueryTime=0.0s GPU=429MB
2026-06-14 05:14:27,100 [INFO]   [margin] Seed=42 R4/10 F1=0.2474 Acc=0.3124 Labeled=500 QueryTime=0.0s GPU=429MB
2026-06-14 05:14:29,187 [INFO]   [margin] Seed=42 R5/10 F1=0.2613 Acc=0.3273 Labeled=600 QueryTime=0.0s GPU=429MB
2026-06-14 05:14:31,525 [INFO]   [margin] Seed=42 R6/10 F1=0.3199 Acc=0.3726 Labeled=700 QueryTime=0.0s GPU=429MB
2026-06-14 05:14:33,982 [INFO]   [margin] Seed=42 R7/10 F1=0.3394 Acc=0.3834 Labeled=800 QueryTime=0.0s GPU=429MB
2026-06-14 05:14:36,622 [INFO]   [margin] Seed=42 R8/10 F1=0.3906 Acc=0.4413 Labeled=900 QueryTime=0.0s GPU=429MB
2026-06-14 05:14:39,397 [INFO]   [margin] Seed=42 R9/10 F1=0.3881 Acc=0.4355 Labeled=1000 QueryTime=0.0s GPU=429MB
2026-06-14 05:14:44,135 [INFO]   [margin] Seed=123 R1/10 F1=0.1387 Acc=0.2012 Labeled=200 QueryTime=0.0s GPU=501MB
2026-06-14 05:14:46,217 [INFO]   [margin] Seed=123 R2/10 F1=0.2006 Acc=0.2764 Labeled=300 QueryTime=0.0s GPU=507MB
2026-06-14 05:14:48,447 [INFO]   [margin] Seed=123 R3/10 F1=0.1930 Acc=0.2714 Labeled=400 QueryTime=0.0s GPU=516MB
2026-06-14 05:14:50,755 [INFO]   [margin] Seed=123 R4/10 F1=0.1794 Acc=0.2478 Labeled=500 QueryTime=0.0s GPU=516MB
2026-06-14 05:14:52,927 [INFO]   [margin] Seed=123 R5/10 F1=0.2547 Acc=0.3381 Labeled=600 QueryTime=0.0s GPU=516MB
2026-06-14 05:14:55,585 [INFO]   [margin] Seed=123 R6/10 F1=0.3135 Acc=0.3783 Labeled=700 QueryTime=0.0s GPU=516MB
2026-06-14 05:14:58,405 [INFO]   [margin] Seed=123 R7/10 F1=0.3069 Acc=0.3636 Labeled=800 QueryTime=0.0s GPU=516MB
2026-06-14 05:15:01,348 [INFO]   [margin] Seed=123 R8/10 F1=0.3916 Acc=0.4444 Labeled=900 QueryTime=0.0s GPU=516MB
2026-06-14 05:15:04,644 [INFO]   [margin] Seed=123 R9/10 F1=0.4141 Acc=0.4744 Labeled=1000 QueryTime=0.0s GPU=516MB
2026-06-14 05:15:09,435 [INFO]   [margin] Seed=456 R1/10 F1=0.1838 Acc=0.2412 Labeled=200 QueryTime=0.0s GPU=593MB
2026-06-14 05:15:11,532 [INFO]   [margin] Seed=456 R2/10 F1=0.2086 Acc=0.2739 Labeled=300 QueryTime=0.0s GPU=598MB
2026-06-14 05:15:13,738 [INFO]   [margin] Seed=456 R3/10 F1=0.1985 Acc=0.2547 Labeled=400 QueryTime=0.0s GPU=606MB
2026-06-14 05:15:15,830 [INFO]   [margin] Seed=456 R4/10 F1=0.2720 Acc=0.3378 Labeled=500 QueryTime=0.0s GPU=606MB
2026-06-14 05:15:17,864 [INFO]   [margin] Seed=456 R5/10 F1=0.2601 Acc=0.3128 Labeled=600 QueryTime=0.0s GPU=606MB
2026-06-14 05:15:20,411 [INFO]   [margin] Seed=456 R6/10 F1=0.3391 Acc=0.3922 Labeled=700 QueryTime=0.0s GPU=606MB
2026-06-14 05:15:22,806 [INFO]   [margin] Seed=456 R7/10 F1=0.3625 Acc=0.4120 Labeled=800 QueryTime=0.0s GPU=606MB
2026-06-14 05:15:25,527 [INFO]   [margin] Seed=456 R8/10 F1=0.4061 Acc=0.4463 Labeled=900 QueryTime=0.0s GPU=606MB
2026-06-14 05:15:28,234 [INFO]   [margin] Seed=456 R9/10 F1=0.4498 Acc=0.4859 Labeled=1000 QueryTime=0.0s GPU=606MB
2026-06-14 05:15:30,646 [INFO] 
--- Strategy: coreset ---
2026-06-14 05:15:33,757 [INFO]   [coreset] Seed=42 R1/10 F1=0.1614 Acc=0.2041 Labeled=200 QueryTime=0.5s GPU=676MB
2026-06-14 05:15:36,757 [INFO]   [coreset] Seed=42 R2/10 F1=0.1555 Acc=0.2258 Labeled=300 QueryTime=1.1s GPU=685MB
2026-06-14 05:15:40,098 [INFO]   [coreset] Seed=42 R3/10 F1=0.2039 Acc=0.2857 Labeled=400 QueryTime=1.2s GPU=693MB
2026-06-14 05:15:43,714 [INFO]   [coreset] Seed=42 R4/10 F1=0.2246 Acc=0.2943 Labeled=500 QueryTime=1.7s GPU=693MB
2026-06-14 05:15:48,029 [INFO]   [coreset] Seed=42 R5/10 F1=0.2707 Acc=0.3350 Labeled=600 QueryTime=2.2s GPU=693MB
2026-06-14 05:15:52,368 [INFO]   [coreset] Seed=42 R6/10 F1=0.3391 Acc=0.3947 Labeled=700 QueryTime=2.2s GPU=693MB
2026-06-14 05:15:57,267 [INFO]   [coreset] Seed=42 R7/10 F1=0.3657 Acc=0.4200 Labeled=800 QueryTime=2.5s GPU=693MB
2026-06-14 05:16:03,204 [INFO]   [coreset] Seed=42 R8/10 F1=0.3448 Acc=0.4095 Labeled=900 QueryTime=3.3s GPU=693MB
2026-06-14 05:16:09,366 [INFO]   [coreset] Seed=42 R9/10 F1=0.3860 Acc=0.4502 Labeled=1000 QueryTime=3.7s GPU=693MB
2026-06-14 05:16:14,169 [INFO]   [coreset] Seed=123 R1/10 F1=0.1387 Acc=0.2012 Labeled=200 QueryTime=0.6s GPU=676MB
2026-06-14 05:16:17,067 [INFO]   [coreset] Seed=123 R2/10 F1=0.1582 Acc=0.2436 Labeled=300 QueryTime=0.9s GPU=685MB
2026-06-14 05:16:20,700 [INFO]   [coreset] Seed=123 R3/10 F1=0.2404 Acc=0.3150 Labeled=400 QueryTime=1.4s GPU=693MB
2026-06-14 05:16:24,641 [INFO]   [coreset] Seed=123 R4/10 F1=0.1963 Acc=0.2721 Labeled=500 QueryTime=1.8s GPU=693MB
2026-06-14 05:16:28,653 [INFO]   [coreset] Seed=123 R5/10 F1=0.2060 Acc=0.2915 Labeled=600 QueryTime=2.0s GPU=693MB
2026-06-14 05:16:33,811 [INFO]   [coreset] Seed=123 R6/10 F1=0.2620 Acc=0.3449 Labeled=700 QueryTime=2.5s GPU=693MB
2026-06-14 05:16:39,139 [INFO]   [coreset] Seed=123 R7/10 F1=0.3033 Acc=0.3677 Labeled=800 QueryTime=3.0s GPU=693MB
2026-06-14 05:16:44,388 [INFO]   [coreset] Seed=123 R8/10 F1=0.3373 Acc=0.4034 Labeled=900 QueryTime=2.8s GPU=693MB
2026-06-14 05:16:50,243 [INFO]   [coreset] Seed=123 R9/10 F1=0.3453 Acc=0.4184 Labeled=1000 QueryTime=3.3s GPU=693MB
2026-06-14 05:16:54,893 [INFO]   [coreset] Seed=456 R1/10 F1=0.1838 Acc=0.2412 Labeled=200 QueryTime=0.5s GPU=676MB
2026-06-14 05:16:57,703 [INFO]   [coreset] Seed=456 R2/10 F1=0.2054 Acc=0.2786 Labeled=300 QueryTime=0.7s GPU=685MB
2026-06-14 05:17:00,669 [INFO]   [coreset] Seed=456 R3/10 F1=0.2427 Acc=0.3008 Labeled=400 QueryTime=1.1s GPU=693MB
2026-06-14 05:17:04,714 [INFO]   [coreset] Seed=456 R4/10 F1=0.2468 Acc=0.3170 Labeled=500 QueryTime=1.5s GPU=693MB
2026-06-14 05:17:08,596 [INFO]   [coreset] Seed=456 R5/10 F1=0.2797 Acc=0.3408 Labeled=600 QueryTime=1.9s GPU=693MB
2026-06-14 05:17:13,310 [INFO]   [coreset] Seed=456 R6/10 F1=0.2819 Acc=0.3407 Labeled=700 QueryTime=2.5s GPU=693MB
2026-06-14 05:17:18,896 [INFO]   [coreset] Seed=456 R7/10 F1=0.3795 Acc=0.4227 Labeled=800 QueryTime=3.1s GPU=693MB
2026-06-14 05:17:24,256 [INFO]   [coreset] Seed=456 R8/10 F1=0.3992 Acc=0.4558 Labeled=900 QueryTime=2.7s GPU=693MB
2026-06-14 05:17:30,253 [INFO]   [coreset] Seed=456 R9/10 F1=0.4218 Acc=0.4704 Labeled=1000 QueryTime=3.3s GPU=693MB
2026-06-14 05:17:32,327 [INFO] 
--- Strategy: badge ---
2026-06-14 05:17:38,549 [INFO]   [badge] Seed=42 R1/10 F1=0.1614 Acc=0.2041 Labeled=200 QueryTime=3.9s GPU=676MB
2026-06-14 05:17:44,640 [INFO]   [badge] Seed=42 R2/10 F1=0.2041 Acc=0.2708 Labeled=300 QueryTime=4.0s GPU=685MB
2026-06-14 05:17:50,709 [INFO]   [badge] Seed=42 R3/10 F1=0.2686 Acc=0.3412 Labeled=400 QueryTime=4.1s GPU=693MB
2026-06-14 05:17:56,835 [INFO]   [badge] Seed=42 R4/10 F1=0.2180 Acc=0.2946 Labeled=500 QueryTime=3.9s GPU=693MB
2026-06-14 05:18:03,052 [INFO]   [badge] Seed=42 R5/10 F1=0.2539 Acc=0.3320 Labeled=600 QueryTime=4.1s GPU=693MB
2026-06-14 05:18:09,223 [INFO]   [badge] Seed=42 R6/10 F1=0.3607 Acc=0.4186 Labeled=700 QueryTime=3.7s GPU=693MB
2026-06-14 05:18:15,358 [INFO]   [badge] Seed=42 R7/10 F1=0.3153 Acc=0.3793 Labeled=800 QueryTime=4.1s GPU=693MB
2026-06-14 05:18:21,640 [INFO]   [badge] Seed=42 R8/10 F1=0.3987 Acc=0.4572 Labeled=900 QueryTime=3.8s GPU=693MB
2026-06-14 05:18:28,171 [INFO]   [badge] Seed=42 R9/10 F1=0.4015 Acc=0.4535 Labeled=1000 QueryTime=3.9s GPU=693MB
2026-06-14 05:18:36,217 [INFO]   [badge] Seed=123 R1/10 F1=0.1387 Acc=0.2012 Labeled=200 QueryTime=4.0s GPU=676MB
2026-06-14 05:18:41,920 [INFO]   [badge] Seed=123 R2/10 F1=0.1516 Acc=0.2323 Labeled=300 QueryTime=3.8s GPU=685MB
2026-06-14 05:18:48,035 [INFO]   [badge] Seed=123 R3/10 F1=0.1823 Acc=0.2694 Labeled=400 QueryTime=4.2s GPU=693MB
2026-06-14 05:18:54,026 [INFO]   [badge] Seed=123 R4/10 F1=0.1940 Acc=0.2709 Labeled=500 QueryTime=4.0s GPU=693MB
2026-06-14 05:18:59,276 [INFO]   [badge] Seed=123 R5/10 F1=0.2295 Acc=0.2914 Labeled=600 QueryTime=3.2s GPU=693MB
2026-06-14 05:19:05,617 [INFO]   [badge] Seed=123 R6/10 F1=0.2998 Acc=0.3620 Labeled=700 QueryTime=4.0s GPU=693MB
2026-06-14 05:19:11,286 [INFO]   [badge] Seed=123 R7/10 F1=0.3321 Acc=0.4016 Labeled=800 QueryTime=3.3s GPU=693MB
2026-06-14 05:19:18,139 [INFO]   [badge] Seed=123 R8/10 F1=0.3447 Acc=0.4251 Labeled=900 QueryTime=4.5s GPU=693MB
2026-06-14 05:19:24,549 [INFO]   [badge] Seed=123 R9/10 F1=0.3926 Acc=0.4478 Labeled=1000 QueryTime=4.0s GPU=693MB
2026-06-14 05:19:32,134 [INFO]   [badge] Seed=456 R1/10 F1=0.1838 Acc=0.2412 Labeled=200 QueryTime=3.3s GPU=502MB
2026-06-14 05:19:37,827 [INFO]   [badge] Seed=456 R2/10 F1=0.2328 Acc=0.2941 Labeled=300 QueryTime=3.7s GPU=506MB
2026-06-14 05:19:44,292 [INFO]   [badge] Seed=456 R3/10 F1=0.2331 Acc=0.3000 Labeled=400 QueryTime=4.1s GPU=516MB
2026-06-14 05:19:49,773 [INFO]   [badge] Seed=456 R4/10 F1=0.2137 Acc=0.3044 Labeled=500 QueryTime=3.3s GPU=516MB
2026-06-14 05:19:55,014 [INFO]   [badge] Seed=456 R5/10 F1=0.2677 Acc=0.3472 Labeled=600 QueryTime=3.3s GPU=516MB
2026-06-14 05:20:00,500 [INFO]   [badge] Seed=456 R6/10 F1=0.2890 Acc=0.3601 Labeled=700 QueryTime=3.3s GPU=516MB
2026-06-14 05:20:06,118 [INFO]   [badge] Seed=456 R7/10 F1=0.3432 Acc=0.4050 Labeled=800 QueryTime=3.5s GPU=516MB
2026-06-14 05:20:11,781 [INFO]   [badge] Seed=456 R8/10 F1=0.3750 Acc=0.4282 Labeled=900 QueryTime=3.3s GPU=516MB
2026-06-14 05:20:17,453 [INFO]   [badge] Seed=456 R9/10 F1=0.4100 Acc=0.4602 Labeled=1000 QueryTime=3.3s GPU=516MB
2026-06-14 05:20:19,646 [INFO] 
--- Strategy: qbc ---
2026-06-14 05:20:23,943 [INFO]   [qbc] Seed=42 R1/10 F1=0.1614 Acc=0.2041 Labeled=200 QueryTime=2.4s GPU=502MB
2026-06-14 05:20:27,440 [INFO]   [qbc] Seed=42 R2/10 F1=0.2048 Acc=0.2733 Labeled=300 QueryTime=1.5s GPU=689MB
2026-06-14 05:20:30,792 [INFO]   [qbc] Seed=42 R3/10 F1=0.2150 Acc=0.2869 Labeled=400 QueryTime=1.6s GPU=697MB
2026-06-14 05:20:33,659 [INFO]   [qbc] Seed=42 R4/10 F1=0.2359 Acc=0.2970 Labeled=500 QueryTime=1.2s GPU=698MB
2026-06-14 05:20:36,912 [INFO]   [qbc] Seed=42 R5/10 F1=0.3227 Acc=0.3884 Labeled=600 QueryTime=1.4s GPU=699MB
2026-06-14 05:20:40,039 [INFO]   [qbc] Seed=42 R6/10 F1=0.3347 Acc=0.3898 Labeled=700 QueryTime=1.3s GPU=699MB
2026-06-14 05:20:43,403 [INFO]   [qbc] Seed=42 R7/10 F1=0.3519 Acc=0.3942 Labeled=800 QueryTime=1.4s GPU=703MB
2026-06-14 05:20:47,393 [INFO]   [qbc] Seed=42 R8/10 F1=0.3795 Acc=0.4297 Labeled=900 QueryTime=1.6s GPU=700MB
2026-06-14 05:20:51,125 [INFO]   [qbc] Seed=42 R9/10 F1=0.4364 Acc=0.4699 Labeled=1000 QueryTime=1.5s GPU=697MB
2026-06-14 05:20:57,132 [INFO]   [qbc] Seed=123 R1/10 F1=0.1387 Acc=0.2012 Labeled=200 QueryTime=1.9s GPU=502MB
2026-06-14 05:20:59,900 [INFO]   [qbc] Seed=123 R2/10 F1=0.1735 Acc=0.2358 Labeled=300 QueryTime=1.1s GPU=689MB
2026-06-14 05:21:02,944 [INFO]   [qbc] Seed=123 R3/10 F1=0.2026 Acc=0.2847 Labeled=400 QueryTime=1.3s GPU=697MB
2026-06-14 05:21:06,158 [INFO]   [qbc] Seed=123 R4/10 F1=0.2541 Acc=0.3254 Labeled=500 QueryTime=1.3s GPU=698MB
2026-06-14 05:21:08,872 [INFO]   [qbc] Seed=123 R5/10 F1=0.2561 Acc=0.3390 Labeled=600 QueryTime=1.2s GPU=699MB
2026-06-14 05:21:12,240 [INFO]   [qbc] Seed=123 R6/10 F1=0.2614 Acc=0.3475 Labeled=700 QueryTime=1.4s GPU=699MB
2026-06-14 05:21:15,598 [INFO]   [qbc] Seed=123 R7/10 F1=0.2569 Acc=0.3610 Labeled=800 QueryTime=1.4s GPU=703MB
2026-06-14 05:21:19,376 [INFO]   [qbc] Seed=123 R8/10 F1=0.3194 Acc=0.3959 Labeled=900 QueryTime=1.5s GPU=700MB
2026-06-14 05:21:23,214 [INFO]   [qbc] Seed=123 R9/10 F1=0.3311 Acc=0.3957 Labeled=1000 QueryTime=1.6s GPU=697MB
2026-06-14 05:21:29,218 [INFO]   [qbc] Seed=456 R1/10 F1=0.1838 Acc=0.2412 Labeled=200 QueryTime=1.9s GPU=502MB
2026-06-14 05:21:32,331 [INFO]   [qbc] Seed=456 R2/10 F1=0.2116 Acc=0.2894 Labeled=300 QueryTime=1.3s GPU=689MB
2026-06-14 05:21:35,066 [INFO]   [qbc] Seed=456 R3/10 F1=0.2242 Acc=0.2926 Labeled=400 QueryTime=1.2s GPU=697MB
2026-06-14 05:21:38,084 [INFO]   [qbc] Seed=456 R4/10 F1=0.2410 Acc=0.3186 Labeled=500 QueryTime=1.3s GPU=698MB
2026-06-14 05:21:41,179 [INFO]   [qbc] Seed=456 R5/10 F1=0.2889 Acc=0.3582 Labeled=600 QueryTime=1.3s GPU=699MB
2026-06-14 05:21:44,484 [INFO]   [qbc] Seed=456 R6/10 F1=0.3276 Acc=0.3743 Labeled=700 QueryTime=1.4s GPU=699MB
2026-06-14 05:21:47,925 [INFO]   [qbc] Seed=456 R7/10 F1=0.3280 Acc=0.3778 Labeled=800 QueryTime=1.5s GPU=703MB
2026-06-14 05:21:51,651 [INFO]   [qbc] Seed=456 R8/10 F1=0.3876 Acc=0.4285 Labeled=900 QueryTime=1.5s GPU=700MB
2026-06-14 05:21:55,462 [INFO]   [qbc] Seed=456 R9/10 F1=0.3801 Acc=0.4264 Labeled=1000 QueryTime=1.6s GPU=697MB
2026-06-14 05:21:57,777 [INFO] 
--- Strategy: class_aware_entropy ---
2026-06-14 05:21:59,932 [INFO]   [class_aware_entropy] Seed=42 R1/10 F1=0.1614 Acc=0.2041 Labeled=200 QueryTime=0.0s GPU=414MB
2026-06-14 05:22:02,204 [INFO]   [class_aware_entropy] Seed=42 R2/10 F1=0.1350 Acc=0.2225 Labeled=300 QueryTime=0.0s GPU=417MB
2026-06-14 05:22:04,329 [INFO]   [class_aware_entropy] Seed=42 R3/10 F1=0.1971 Acc=0.2683 Labeled=400 QueryTime=0.0s GPU=429MB
2026-06-14 05:22:06,213 [INFO]   [class_aware_entropy] Seed=42 R4/10 F1=0.2421 Acc=0.3027 Labeled=500 QueryTime=0.1s GPU=429MB
2026-06-14 05:22:08,168 [INFO]   [class_aware_entropy] Seed=42 R5/10 F1=0.2439 Acc=0.3250 Labeled=600 QueryTime=0.1s GPU=429MB
2026-06-14 05:22:10,542 [INFO]   [class_aware_entropy] Seed=42 R6/10 F1=0.2965 Acc=0.3621 Labeled=700 QueryTime=0.1s GPU=429MB
2026-06-14 05:22:12,933 [INFO]   [class_aware_entropy] Seed=42 R7/10 F1=0.3437 Acc=0.3995 Labeled=800 QueryTime=0.1s GPU=429MB
2026-06-14 05:22:15,605 [INFO]   [class_aware_entropy] Seed=42 R8/10 F1=0.4369 Acc=0.4709 Labeled=900 QueryTime=0.1s GPU=429MB
2026-06-14 05:22:18,309 [INFO]   [class_aware_entropy] Seed=42 R9/10 F1=0.4192 Acc=0.4590 Labeled=1000 QueryTime=0.1s GPU=429MB
2026-06-14 05:22:22,719 [INFO]   [class_aware_entropy] Seed=123 R1/10 F1=0.1387 Acc=0.2012 Labeled=200 QueryTime=0.0s GPU=414MB
2026-06-14 05:22:24,847 [INFO]   [class_aware_entropy] Seed=123 R2/10 F1=0.1938 Acc=0.2757 Labeled=300 QueryTime=0.0s GPU=417MB
2026-06-14 05:22:26,694 [INFO]   [class_aware_entropy] Seed=123 R3/10 F1=0.1970 Acc=0.2639 Labeled=400 QueryTime=0.0s GPU=429MB
2026-06-14 05:22:28,561 [INFO]   [class_aware_entropy] Seed=123 R4/10 F1=0.2541 Acc=0.3391 Labeled=500 QueryTime=0.1s GPU=429MB
2026-06-14 05:22:30,605 [INFO]   [class_aware_entropy] Seed=123 R5/10 F1=0.2386 Acc=0.2990 Labeled=600 QueryTime=0.1s GPU=429MB
2026-06-14 05:22:33,065 [INFO]   [class_aware_entropy] Seed=123 R6/10 F1=0.2227 Acc=0.3036 Labeled=700 QueryTime=0.1s GPU=429MB
2026-06-14 05:22:35,698 [INFO]   [class_aware_entropy] Seed=123 R7/10 F1=0.2884 Acc=0.3726 Labeled=800 QueryTime=0.1s GPU=341MB
2026-06-14 05:22:38,622 [INFO]   [class_aware_entropy] Seed=123 R8/10 F1=0.3434 Acc=0.4073 Labeled=900 QueryTime=0.1s GPU=341MB
2026-06-14 05:22:41,376 [INFO]   [class_aware_entropy] Seed=123 R9/10 F1=0.3887 Acc=0.4485 Labeled=1000 QueryTime=0.1s GPU=341MB
2026-06-14 05:22:46,102 [INFO]   [class_aware_entropy] Seed=456 R1/10 F1=0.1838 Acc=0.2412 Labeled=200 QueryTime=0.0s GPU=326MB
2026-06-14 05:22:48,329 [INFO]   [class_aware_entropy] Seed=456 R2/10 F1=0.1734 Acc=0.2498 Labeled=300 QueryTime=0.0s GPU=332MB
2026-06-14 05:22:50,166 [INFO]   [class_aware_entropy] Seed=456 R3/10 F1=0.2044 Acc=0.2770 Labeled=400 QueryTime=0.0s GPU=341MB
2026-06-14 05:22:52,240 [INFO]   [class_aware_entropy] Seed=456 R4/10 F1=0.2511 Acc=0.3093 Labeled=500 QueryTime=0.1s GPU=341MB
2026-06-14 05:22:54,176 [INFO]   [class_aware_entropy] Seed=456 R5/10 F1=0.2727 Acc=0.3355 Labeled=600 QueryTime=0.1s GPU=341MB
2026-06-14 05:22:56,538 [INFO]   [class_aware_entropy] Seed=456 R6/10 F1=0.3192 Acc=0.3736 Labeled=700 QueryTime=0.1s GPU=341MB
2026-06-14 05:22:59,036 [INFO]   [class_aware_entropy] Seed=456 R7/10 F1=0.3415 Acc=0.3946 Labeled=800 QueryTime=0.1s GPU=341MB
2026-06-14 05:23:01,706 [INFO]   [class_aware_entropy] Seed=456 R8/10 F1=0.4284 Acc=0.4694 Labeled=900 QueryTime=0.1s GPU=341MB
2026-06-14 05:23:04,944 [INFO]   [class_aware_entropy] Seed=456 R9/10 F1=0.4302 Acc=0.4732 Labeled=1000 QueryTime=0.1s GPU=341MB
2026-06-14 05:23:07,556 [INFO] 
--- Strategy: gap_aware_entropy ---
2026-06-14 05:23:10,069 [INFO]   [gap_aware_entropy] Seed=42 R1/10 F1=0.1614 Acc=0.2041 Labeled=200 QueryTime=0.0s GPU=326MB
2026-06-14 05:23:11,966 [INFO]   [gap_aware_entropy] Seed=42 R2/10 F1=0.1771 Acc=0.2588 Labeled=300 QueryTime=0.0s GPU=332MB
2026-06-14 05:23:14,096 [INFO]   [gap_aware_entropy] Seed=42 R3/10 F1=0.2162 Acc=0.2832 Labeled=400 QueryTime=0.1s GPU=341MB
2026-06-14 05:23:15,944 [INFO]   [gap_aware_entropy] Seed=42 R4/10 F1=0.2139 Acc=0.2964 Labeled=500 QueryTime=0.1s GPU=341MB
2026-06-14 05:23:17,884 [INFO]   [gap_aware_entropy] Seed=42 R5/10 F1=0.2222 Acc=0.3043 Labeled=600 QueryTime=0.1s GPU=341MB
2026-06-14 05:23:20,370 [INFO]   [gap_aware_entropy] Seed=42 R6/10 F1=0.3118 Acc=0.3807 Labeled=700 QueryTime=0.1s GPU=341MB
2026-06-14 05:23:22,766 [INFO]   [gap_aware_entropy] Seed=42 R7/10 F1=0.3274 Acc=0.3918 Labeled=800 QueryTime=0.1s GPU=341MB
2026-06-14 05:23:25,478 [INFO]   [gap_aware_entropy] Seed=42 R8/10 F1=0.3726 Acc=0.4346 Labeled=900 QueryTime=0.1s GPU=341MB
2026-06-14 05:23:28,259 [INFO]   [gap_aware_entropy] Seed=42 R9/10 F1=0.3823 Acc=0.4421 Labeled=1000 QueryTime=0.1s GPU=341MB
2026-06-14 05:23:33,202 [INFO]   [gap_aware_entropy] Seed=123 R1/10 F1=0.1387 Acc=0.2012 Labeled=200 QueryTime=0.0s GPU=326MB
2026-06-14 05:23:35,159 [INFO]   [gap_aware_entropy] Seed=123 R2/10 F1=0.2098 Acc=0.2866 Labeled=300 QueryTime=0.0s GPU=332MB
2026-06-14 05:23:37,179 [INFO]   [gap_aware_entropy] Seed=123 R3/10 F1=0.1639 Acc=0.2354 Labeled=400 QueryTime=0.0s GPU=341MB
2026-06-14 05:23:39,633 [INFO]   [gap_aware_entropy] Seed=123 R4/10 F1=0.2293 Acc=0.3137 Labeled=500 QueryTime=0.1s GPU=341MB
2026-06-14 05:23:41,606 [INFO]   [gap_aware_entropy] Seed=123 R5/10 F1=0.2115 Acc=0.2951 Labeled=600 QueryTime=0.1s GPU=341MB
2026-06-14 05:23:44,022 [INFO]   [gap_aware_entropy] Seed=123 R6/10 F1=0.2802 Acc=0.3542 Labeled=700 QueryTime=0.1s GPU=341MB
2026-06-14 05:23:46,786 [INFO]   [gap_aware_entropy] Seed=123 R7/10 F1=0.3489 Acc=0.4071 Labeled=800 QueryTime=0.1s GPU=341MB
2026-06-14 05:23:49,697 [INFO]   [gap_aware_entropy] Seed=123 R8/10 F1=0.3989 Acc=0.4445 Labeled=900 QueryTime=0.1s GPU=341MB
2026-06-14 05:23:52,658 [INFO]   [gap_aware_entropy] Seed=123 R9/10 F1=0.3679 Acc=0.4291 Labeled=1000 QueryTime=0.1s GPU=341MB
2026-06-14 05:23:57,266 [INFO]   [gap_aware_entropy] Seed=456 R1/10 F1=0.1838 Acc=0.2412 Labeled=200 QueryTime=0.0s GPU=326MB
2026-06-14 05:23:59,196 [INFO]   [gap_aware_entropy] Seed=456 R2/10 F1=0.1974 Acc=0.2550 Labeled=300 QueryTime=0.0s GPU=332MB
2026-06-14 05:24:01,306 [INFO]   [gap_aware_entropy] Seed=456 R3/10 F1=0.2320 Acc=0.3022 Labeled=400 QueryTime=0.0s GPU=341MB
2026-06-14 05:24:03,666 [INFO]   [gap_aware_entropy] Seed=456 R4/10 F1=0.2185 Acc=0.2999 Labeled=500 QueryTime=0.1s GPU=341MB
2026-06-14 05:24:05,615 [INFO]   [gap_aware_entropy] Seed=456 R5/10 F1=0.2501 Acc=0.3278 Labeled=600 QueryTime=0.1s GPU=341MB
2026-06-14 05:24:08,141 [INFO]   [gap_aware_entropy] Seed=456 R6/10 F1=0.3013 Acc=0.3666 Labeled=700 QueryTime=0.1s GPU=341MB
2026-06-14 05:24:10,582 [INFO]   [gap_aware_entropy] Seed=456 R7/10 F1=0.2981 Acc=0.3511 Labeled=800 QueryTime=0.1s GPU=341MB
2026-06-14 05:24:13,181 [INFO]   [gap_aware_entropy] Seed=456 R8/10 F1=0.3721 Acc=0.4323 Labeled=900 QueryTime=0.1s GPU=341MB
2026-06-14 05:24:15,824 [INFO]   [gap_aware_entropy] Seed=456 R9/10 F1=0.3642 Acc=0.4212 Labeled=1000 QueryTime=0.1s GPU=341MB
2026-06-14 05:24:18,099 [INFO] 
--- Strategy: adaptive_gap_entropy ---
2026-06-14 05:24:20,427 [INFO]   [adaptive_gap_entropy] Seed=42 R1/10 F1=0.1614 Acc=0.2041 Labeled=200 QueryTime=0.0s GPU=326MB
2026-06-14 05:24:22,250 [INFO]   [adaptive_gap_entropy] Seed=42 R2/10 F1=0.1740 Acc=0.2540 Labeled=300 QueryTime=0.0s GPU=332MB
2026-06-14 05:24:24,257 [INFO]   [adaptive_gap_entropy] Seed=42 R3/10 F1=0.2001 Acc=0.2789 Labeled=400 QueryTime=0.0s GPU=341MB
2026-06-14 05:24:26,427 [INFO]   [adaptive_gap_entropy] Seed=42 R4/10 F1=0.2043 Acc=0.2771 Labeled=500 QueryTime=0.1s GPU=341MB
2026-06-14 05:24:28,562 [INFO]   [adaptive_gap_entropy] Seed=42 R5/10 F1=0.2227 Acc=0.2833 Labeled=600 QueryTime=0.1s GPU=341MB
2026-06-14 05:24:30,776 [INFO]   [adaptive_gap_entropy] Seed=42 R6/10 F1=0.3076 Acc=0.3642 Labeled=700 QueryTime=0.1s GPU=341MB
2026-06-14 05:24:33,018 [INFO]   [adaptive_gap_entropy] Seed=42 R7/10 F1=0.3544 Acc=0.4133 Labeled=800 QueryTime=0.1s GPU=341MB
2026-06-14 05:24:35,613 [INFO]   [adaptive_gap_entropy] Seed=42 R8/10 F1=0.3712 Acc=0.4345 Labeled=900 QueryTime=0.1s GPU=341MB
2026-06-14 05:24:38,444 [INFO]   [adaptive_gap_entropy] Seed=42 R9/10 F1=0.4100 Acc=0.4555 Labeled=1000 QueryTime=0.1s GPU=341MB
2026-06-14 05:24:42,766 [INFO]   [adaptive_gap_entropy] Seed=123 R1/10 F1=0.1387 Acc=0.2012 Labeled=200 QueryTime=0.0s GPU=326MB
2026-06-14 05:24:44,825 [INFO]   [adaptive_gap_entropy] Seed=123 R2/10 F1=0.1904 Acc=0.2687 Labeled=300 QueryTime=0.0s GPU=332MB
2026-06-14 05:24:47,100 [INFO]   [adaptive_gap_entropy] Seed=123 R3/10 F1=0.1908 Acc=0.2683 Labeled=400 QueryTime=0.0s GPU=341MB
2026-06-14 05:24:49,009 [INFO]   [adaptive_gap_entropy] Seed=123 R4/10 F1=0.2075 Acc=0.2900 Labeled=500 QueryTime=0.1s GPU=341MB
2026-06-14 05:24:51,172 [INFO]   [adaptive_gap_entropy] Seed=123 R5/10 F1=0.2445 Acc=0.3356 Labeled=600 QueryTime=0.1s GPU=341MB
2026-06-14 05:24:53,701 [INFO]   [adaptive_gap_entropy] Seed=123 R6/10 F1=0.2910 Acc=0.3703 Labeled=700 QueryTime=0.1s GPU=341MB
2026-06-14 05:24:56,122 [INFO]   [adaptive_gap_entropy] Seed=123 R7/10 F1=0.3303 Acc=0.3964 Labeled=800 QueryTime=0.1s GPU=341MB
2026-06-14 05:24:58,908 [INFO]   [adaptive_gap_entropy] Seed=123 R8/10 F1=0.3672 Acc=0.4234 Labeled=900 QueryTime=0.1s GPU=341MB
2026-06-14 05:25:01,678 [INFO]   [adaptive_gap_entropy] Seed=123 R9/10 F1=0.3978 Acc=0.4543 Labeled=1000 QueryTime=0.1s GPU=341MB
2026-06-14 05:25:06,585 [INFO]   [adaptive_gap_entropy] Seed=456 R1/10 F1=0.1838 Acc=0.2412 Labeled=200 QueryTime=0.0s GPU=326MB
2026-06-14 05:25:08,669 [INFO]   [adaptive_gap_entropy] Seed=456 R2/10 F1=0.2084 Acc=0.2754 Labeled=300 QueryTime=0.0s GPU=332MB
2026-06-14 05:25:10,822 [INFO]   [adaptive_gap_entropy] Seed=456 R3/10 F1=0.2131 Acc=0.2865 Labeled=400 QueryTime=0.0s GPU=341MB
2026-06-14 05:25:12,911 [INFO]   [adaptive_gap_entropy] Seed=456 R4/10 F1=0.2422 Acc=0.3173 Labeled=500 QueryTime=0.1s GPU=341MB
2026-06-14 05:25:15,121 [INFO]   [adaptive_gap_entropy] Seed=456 R5/10 F1=0.2733 Acc=0.3340 Labeled=600 QueryTime=0.1s GPU=341MB
2026-06-14 05:25:17,333 [INFO]   [adaptive_gap_entropy] Seed=456 R6/10 F1=0.2852 Acc=0.3530 Labeled=700 QueryTime=0.1s GPU=341MB
2026-06-14 05:25:19,714 [INFO]   [adaptive_gap_entropy] Seed=456 R7/10 F1=0.3482 Acc=0.4127 Labeled=800 QueryTime=0.1s GPU=341MB
2026-06-14 05:25:22,495 [INFO]   [adaptive_gap_entropy] Seed=456 R8/10 F1=0.3950 Acc=0.4522 Labeled=900 QueryTime=0.1s GPU=341MB
2026-06-14 05:25:25,177 [INFO]   [adaptive_gap_entropy] Seed=456 R9/10 F1=0.4003 Acc=0.4548 Labeled=1000 QueryTime=0.2s GPU=341MB
2026-06-14 05:25:27,598 [INFO] 
--- Full Supervised Baseline ---
2026-06-14 05:26:43,620 [INFO] Full Supervised: Acc=0.6666, F1=0.6448 (epochs=50, time=74.6s)
2026-06-14 05:26:44,514 [INFO] 
=== Results saved to C:\Users\28414\Desktop\机器学习—图像分类-期末汇报\output\resnet18_full\rho100 ===
2026-06-14 05:26:44,514 [INFO] 
Summary:
2026-06-14 05:26:44,514 [INFO] Strategy                 Final F1     ±std   p<0.05 vs Random
2026-06-14 05:26:44,514 [INFO] ------------------------------------------------------------
2026-06-14 05:26:44,514 [INFO] adaptive_gap_entropy       0.4090   0.0079                  *
2026-06-14 05:26:44,514 [INFO] badge                      0.4083   0.0068                  *
2026-06-14 05:26:44,514 [INFO] class_aware_entropy        0.4122   0.0303                   
2026-06-14 05:26:44,514 [INFO] coreset                    0.4124   0.0176                  *
2026-06-14 05:26:44,514 [INFO] entropy                    0.4064   0.0160                   
2026-06-14 05:26:44,514 [INFO] gap_aware_entropy          0.4072   0.0225                   
2026-06-14 05:26:44,514 [INFO] margin                     0.4145   0.0124                   
2026-06-14 05:26:44,514 [INFO] qbc                        0.3956   0.0416                   
2026-06-14 05:26:44,514 [INFO] random                     0.3599   0.0097                   
2026-06-14 05:26:44,514 [INFO] Full Supervised            0.6448
2026-06-14 05:26:44,514 [INFO] 
Statistical Tests (selected):
2026-06-14 05:26:44,514 [INFO]   adaptive_gap_entropy vs random: diff=+0.0490, p=0.0296*, d=5.541 (large)
2026-06-14 05:26:44,514 [INFO]   badge vs random: diff=+0.0484, p=0.0450*, d=5.772 (large)
2026-06-14 05:26:44,514 [INFO]   coreset vs random: diff=+0.0525, p=0.0115*, d=3.696 (large)
