2026-06-16 20:20:05,819 [INFO] === v8 Controlled-Fast AL+SSL Analysis: cifar10 ===
2026-06-16 20:20:05,819 [INFO] Budget: ultra_low, Model: simplecnn, Scheduler: True
2026-06-16 20:20:05,819 [INFO] Strategies: ['class_aware_entropy']
2026-06-16 20:20:05,819 [INFO] Seeds: [42]
2026-06-16 20:20:05,819 [INFO] Rounds: 10, Initial: 100, Query: 100
2026-06-16 20:20:05,819 [INFO] SSL: True, Method: flexmatch, t-SNE: False, Resume: False
2026-06-16 20:20:05,819 [INFO] Imbalance mode: max/min class count ratio = 10
2026-06-16 20:20:05,851 [INFO] Device: cuda
2026-06-16 20:20:14,947 [INFO] Imbalance filter (Exponential): 50000 -> 20431 training samples
2026-06-16 20:20:14,956 [INFO] 
--- Strategy: class_aware_entropy ---
2026-06-16 20:20:19,038 [INFO]   [class_aware_entropy] Seed=42 R1/10 F1=0.0799 Acc=0.1441 Labeled=200 QueryTime=0.0s GPU=172MB SSL+0
2026-06-16 20:20:22,273 [INFO]   [class_aware_entropy] Seed=42 R2/10 F1=0.1766 Acc=0.2468 Labeled=300 QueryTime=0.0s GPU=210MB SSL+0
2026-06-16 20:20:25,862 [INFO]   [class_aware_entropy] Seed=42 R3/10 F1=0.1903 Acc=0.2334 Labeled=400 QueryTime=0.0s GPU=229MB SSL+0
2026-06-16 20:20:29,457 [INFO]   [class_aware_entropy] Seed=42 R4/10 F1=0.2383 Acc=0.2705 Labeled=500 QueryTime=0.1s GPU=229MB SSL+0
2026-06-16 20:20:33,056 [INFO]   [class_aware_entropy] Seed=42 R5/10 F1=0.2876 Acc=0.3294 Labeled=600 QueryTime=0.1s GPU=229MB SSL+4
2026-06-16 20:20:38,347 [INFO]   [class_aware_entropy] Seed=42 R6/10 F1=0.3048 Acc=0.3407 Labeled=700 QueryTime=0.1s GPU=229MB SSL+18
2026-06-16 20:20:43,565 [INFO]   [class_aware_entropy] Seed=42 R7/10 F1=0.3130 Acc=0.3340 Labeled=800 QueryTime=0.1s GPU=229MB SSL+30
2026-06-16 20:20:50,535 [INFO]   [class_aware_entropy] Seed=42 R8/10 F1=0.3665 Acc=0.3896 Labeled=900 QueryTime=0.1s GPU=229MB SSL+59
2026-06-16 20:20:57,525 [INFO]   [class_aware_entropy] Seed=42 R9/10 F1=0.4131 Acc=0.4287 Labeled=1000 QueryTime=0.1s GPU=229MB SSL+69
2026-06-16 20:21:03,953 [INFO] 
--- Full Supervised Baseline ---
2026-06-16 20:29:04,297 [INFO] Full Supervised: Acc=0.7699, F1=0.7639 (epochs=50, time=477.8s)
2026-06-16 20:29:05,647 [INFO] 
=== Results saved to C:\Users\28414\Desktop\机器学习—图像分类-期末汇报\output\joint_distribution\v2_class_aware\rho10 ===
2026-06-16 20:29:05,648 [INFO] 
Summary:
2026-06-16 20:29:05,648 [INFO] Strategy                 Final F1     ±std   p<0.05 vs Random
2026-06-16 20:29:05,648 [INFO] ------------------------------------------------------------
2026-06-16 20:29:05,648 [INFO] class_aware_entropy        0.3935   0.0000                   
2026-06-16 20:29:05,648 [INFO] Full Supervised            0.7639
2026-06-16 20:29:16,461 [INFO] === v8 Controlled-Fast AL+SSL Analysis: cifar10 ===
2026-06-16 20:29:16,461 [INFO] Budget: ultra_low, Model: simplecnn, Scheduler: True
2026-06-16 20:29:16,462 [INFO] Strategies: ['class_aware_entropy']
2026-06-16 20:29:16,462 [INFO] Seeds: [123]
2026-06-16 20:29:16,462 [INFO] Rounds: 10, Initial: 100, Query: 100
2026-06-16 20:29:16,462 [INFO] SSL: True, Method: flexmatch, t-SNE: False, Resume: False
2026-06-16 20:29:16,462 [INFO] Imbalance mode: max/min class count ratio = 10
2026-06-16 20:29:16,515 [INFO] Device: cuda
2026-06-16 20:29:39,657 [INFO] Imbalance filter (Exponential): 50000 -> 20431 training samples
2026-06-16 20:29:39,657 [INFO] 
--- Strategy: class_aware_entropy ---
2026-06-16 20:29:49,026 [INFO]   [class_aware_entropy] Seed=123 R1/10 F1=0.0827 Acc=0.1561 Labeled=200 QueryTime=0.0s GPU=172MB SSL+0
2026-06-16 20:29:56,691 [INFO]   [class_aware_entropy] Seed=123 R2/10 F1=0.1478 Acc=0.2296 Labeled=300 QueryTime=0.1s GPU=210MB SSL+0
2026-06-16 20:30:03,606 [INFO]   [class_aware_entropy] Seed=123 R3/10 F1=0.1709 Acc=0.2315 Labeled=400 QueryTime=0.1s GPU=229MB SSL+1
2026-06-16 20:30:10,471 [INFO]   [class_aware_entropy] Seed=123 R4/10 F1=0.1733 Acc=0.2215 Labeled=500 QueryTime=0.2s GPU=229MB SSL+11
2026-06-16 20:30:17,168 [INFO]   [class_aware_entropy] Seed=123 R5/10 F1=0.2406 Acc=0.2994 Labeled=600 QueryTime=0.2s GPU=229MB SSL+5
2026-06-16 20:30:27,644 [INFO]   [class_aware_entropy] Seed=123 R6/10 F1=0.2543 Acc=0.3127 Labeled=700 QueryTime=0.2s GPU=229MB SSL+19
2026-06-16 20:30:38,015 [INFO]   [class_aware_entropy] Seed=123 R7/10 F1=0.2747 Acc=0.3280 Labeled=800 QueryTime=0.3s GPU=229MB SSL+39
2026-06-16 20:30:51,437 [INFO]   [class_aware_entropy] Seed=123 R8/10 F1=0.3066 Acc=0.3524 Labeled=900 QueryTime=0.3s GPU=229MB SSL+103
2026-06-16 20:31:04,980 [INFO]   [class_aware_entropy] Seed=123 R9/10 F1=0.3596 Acc=0.3939 Labeled=1000 QueryTime=0.3s GPU=229MB SSL+69
2026-06-16 20:31:16,442 [INFO] 
--- Full Supervised Baseline ---
2026-06-16 20:35:57,837 [INFO] Full Supervised: Acc=0.7198, F1=0.7128 (epochs=50, time=278.2s)
2026-06-16 20:35:58,805 [INFO] 
=== Results saved to C:\Users\28414\Desktop\机器学习—图像分类-期末汇报\output\joint_distribution\v2_class_aware\rho10 ===
2026-06-16 20:35:58,806 [INFO] 
Summary:
2026-06-16 20:35:58,806 [INFO] Strategy                 Final F1     ±std   p<0.05 vs Random
2026-06-16 20:35:58,806 [INFO] ------------------------------------------------------------
2026-06-16 20:35:58,806 [INFO] class_aware_entropy        0.3697   0.0000                   
2026-06-16 20:35:58,806 [INFO] Full Supervised            0.7128
2026-06-16 20:36:07,501 [INFO] === v8 Controlled-Fast AL+SSL Analysis: cifar10 ===
2026-06-16 20:36:07,501 [INFO] Budget: ultra_low, Model: simplecnn, Scheduler: True
2026-06-16 20:36:07,501 [INFO] Strategies: ['class_aware_entropy']
2026-06-16 20:36:07,501 [INFO] Seeds: [456]
2026-06-16 20:36:07,501 [INFO] Rounds: 10, Initial: 100, Query: 100
2026-06-16 20:36:07,501 [INFO] SSL: True, Method: flexmatch, t-SNE: False, Resume: False
2026-06-16 20:36:07,502 [INFO] Imbalance mode: max/min class count ratio = 10
2026-06-16 20:36:07,547 [INFO] Device: cuda
2026-06-16 20:36:27,860 [INFO] Imbalance filter (Exponential): 50000 -> 20431 training samples
2026-06-16 20:36:27,860 [INFO] 
--- Strategy: class_aware_entropy ---
2026-06-16 20:36:35,394 [INFO]   [class_aware_entropy] Seed=456 R1/10 F1=0.0808 Acc=0.1476 Labeled=200 QueryTime=0.0s GPU=172MB SSL+0
2026-06-16 20:36:42,970 [INFO]   [class_aware_entropy] Seed=456 R2/10 F1=0.1419 Acc=0.2153 Labeled=300 QueryTime=0.1s GPU=210MB SSL+17
2026-06-16 20:36:49,846 [INFO]   [class_aware_entropy] Seed=456 R3/10 F1=0.2116 Acc=0.2548 Labeled=400 QueryTime=0.1s GPU=229MB SSL+0
2026-06-16 20:36:56,559 [INFO]   [class_aware_entropy] Seed=456 R4/10 F1=0.2526 Acc=0.3016 Labeled=500 QueryTime=0.1s GPU=229MB SSL+4
2026-06-16 20:37:03,626 [INFO]   [class_aware_entropy] Seed=456 R5/10 F1=0.2758 Acc=0.3170 Labeled=600 QueryTime=0.2s GPU=229MB SSL+13
2026-06-16 20:37:13,135 [INFO]   [class_aware_entropy] Seed=456 R6/10 F1=0.3066 Acc=0.3411 Labeled=700 QueryTime=0.2s GPU=229MB SSL+23
2026-06-16 20:37:22,772 [INFO]   [class_aware_entropy] Seed=456 R7/10 F1=0.3101 Acc=0.3506 Labeled=800 QueryTime=0.2s GPU=229MB SSL+37
2026-06-16 20:37:35,502 [INFO]   [class_aware_entropy] Seed=456 R8/10 F1=0.3432 Acc=0.3754 Labeled=900 QueryTime=0.3s GPU=229MB SSL+69
2026-06-16 20:37:48,714 [INFO]   [class_aware_entropy] Seed=456 R9/10 F1=0.3628 Acc=0.3877 Labeled=1000 QueryTime=0.3s GPU=229MB SSL+119
2026-06-16 20:38:00,301 [INFO] 
--- Full Supervised Baseline ---
2026-06-16 20:46:33,298 [INFO] Full Supervised: Acc=0.7734, F1=0.7675 (epochs=50, time=510.0s)
2026-06-16 20:46:34,331 [INFO] 
=== Results saved to C:\Users\28414\Desktop\机器学习—图像分类-期末汇报\output\joint_distribution\v2_class_aware\rho10 ===
2026-06-16 20:46:34,332 [INFO] 
Summary:
2026-06-16 20:46:34,332 [INFO] Strategy                 Final F1     ±std   p<0.05 vs Random
2026-06-16 20:46:34,332 [INFO] ------------------------------------------------------------
2026-06-16 20:46:34,332 [INFO] class_aware_entropy        0.3902   0.0000                   
2026-06-16 20:46:34,332 [INFO] Full Supervised            0.7675
