2026-06-13 01:14:09,367 [INFO] === v8 Controlled-Fast AL+SSL Analysis: cifar10 ===
2026-06-13 01:14:09,367 [INFO] Budget: ultra_low, Model: simplecnn, Scheduler: True
2026-06-13 01:14:09,368 [INFO] Strategies: ['adaptive_gap_entropy', 'class_aware_entropy', 'gap_aware_entropy']
2026-06-13 01:14:09,368 [INFO] Seeds: [42, 123, 456, 789, 1024]
2026-06-13 01:14:09,369 [INFO] Rounds: 10, Initial: 100, Query: 100
2026-06-13 01:14:09,369 [INFO] SSL: True, Method: flexmatch, t-SNE: False, Resume: False
2026-06-13 01:14:09,369 [INFO] Imbalance mode: max/min class count ratio = 5
2026-06-13 01:14:09,417 [INFO] Device: cuda
2026-06-13 01:14:42,112 [INFO] Imbalance filter (Exponential): 50000 -> 25423 training samples
2026-06-13 01:14:42,113 [INFO] 
--- Strategy: adaptive_gap_entropy ---
2026-06-13 01:14:57,114 [INFO]   [adaptive_gap_entropy] Seed=42 R1/10 F1=0.0632 Acc=0.1262 Labeled=200 QueryTime=0.1s GPU=172MB SSL+0
2026-06-13 01:15:10,111 [INFO]   [adaptive_gap_entropy] Seed=42 R2/10 F1=0.1691 Acc=0.2180 Labeled=300 QueryTime=0.1s GPU=210MB SSL+6
2026-06-13 01:15:22,647 [INFO]   [adaptive_gap_entropy] Seed=42 R3/10 F1=0.2341 Acc=0.2735 Labeled=400 QueryTime=0.2s GPU=229MB SSL+20
2026-06-13 01:15:35,347 [INFO]   [adaptive_gap_entropy] Seed=42 R4/10 F1=0.2092 Acc=0.2534 Labeled=500 QueryTime=0.2s GPU=229MB SSL+35
2026-06-13 01:15:48,595 [INFO]   [adaptive_gap_entropy] Seed=42 R5/10 F1=0.2665 Acc=0.3026 Labeled=600 QueryTime=0.3s GPU=229MB SSL+49
2026-06-13 01:16:07,025 [INFO]   [adaptive_gap_entropy] Seed=42 R6/10 F1=0.3085 Acc=0.3395 Labeled=700 QueryTime=0.4s GPU=229MB SSL+111
2026-06-13 01:16:28,188 [INFO]   [adaptive_gap_entropy] Seed=42 R7/10 F1=0.3473 Acc=0.3703 Labeled=800 QueryTime=0.5s GPU=229MB SSL+182
2026-06-13 01:16:56,603 [INFO]   [adaptive_gap_entropy] Seed=42 R8/10 F1=0.3532 Acc=0.3839 Labeled=900 QueryTime=0.5s GPU=229MB SSL+157
2026-06-13 01:17:24,290 [INFO]   [adaptive_gap_entropy] Seed=42 R9/10 F1=0.4112 Acc=0.4281 Labeled=1000 QueryTime=0.4s GPU=229MB SSL+289
2026-06-13 01:18:03,098 [INFO]   [adaptive_gap_entropy] Seed=123 R1/10 F1=0.0955 Acc=0.1644 Labeled=200 QueryTime=0.1s GPU=171MB SSL+0
2026-06-13 01:18:14,611 [INFO]   [adaptive_gap_entropy] Seed=123 R2/10 F1=0.1699 Acc=0.2371 Labeled=300 QueryTime=0.1s GPU=208MB SSL+0
2026-06-13 01:18:27,421 [INFO]   [adaptive_gap_entropy] Seed=123 R3/10 F1=0.2221 Acc=0.2797 Labeled=400 QueryTime=0.2s GPU=229MB SSL+0
2026-06-13 01:18:39,192 [INFO]   [adaptive_gap_entropy] Seed=123 R4/10 F1=0.2311 Acc=0.2846 Labeled=500 QueryTime=0.1s GPU=229MB SSL+35
2026-06-13 01:18:48,062 [INFO]   [adaptive_gap_entropy] Seed=123 R5/10 F1=0.2619 Acc=0.3046 Labeled=600 QueryTime=0.2s GPU=229MB SSL+23
2026-06-13 01:19:04,818 [INFO]   [adaptive_gap_entropy] Seed=123 R6/10 F1=0.3102 Acc=0.3459 Labeled=700 QueryTime=0.4s GPU=229MB SSL+94
2026-06-13 01:19:25,508 [INFO]   [adaptive_gap_entropy] Seed=123 R7/10 F1=0.3669 Acc=0.3890 Labeled=800 QueryTime=0.5s GPU=229MB SSL+163
2026-06-13 01:19:51,326 [INFO]   [adaptive_gap_entropy] Seed=123 R8/10 F1=0.3670 Acc=0.3926 Labeled=900 QueryTime=0.4s GPU=229MB SSL+178
2026-06-13 01:20:18,682 [INFO]   [adaptive_gap_entropy] Seed=123 R9/10 F1=0.4139 Acc=0.4268 Labeled=1000 QueryTime=0.5s GPU=229MB SSL+149
2026-06-13 01:20:54,189 [INFO]   [adaptive_gap_entropy] Seed=456 R1/10 F1=0.0954 Acc=0.1726 Labeled=200 QueryTime=0.0s GPU=171MB SSL+0
2026-06-13 01:21:05,754 [INFO]   [adaptive_gap_entropy] Seed=456 R2/10 F1=0.1503 Acc=0.2152 Labeled=300 QueryTime=0.1s GPU=208MB SSL+0
2026-06-13 01:21:18,150 [INFO]   [adaptive_gap_entropy] Seed=456 R3/10 F1=0.1902 Acc=0.2482 Labeled=400 QueryTime=0.2s GPU=229MB SSL+0
2026-06-13 01:21:30,399 [INFO]   [adaptive_gap_entropy] Seed=456 R4/10 F1=0.2165 Acc=0.2657 Labeled=500 QueryTime=0.3s GPU=229MB SSL+0
2026-06-13 01:21:42,738 [INFO]   [adaptive_gap_entropy] Seed=456 R5/10 F1=0.2425 Acc=0.2926 Labeled=600 QueryTime=0.3s GPU=229MB SSL+16
2026-06-13 01:22:01,458 [INFO]   [adaptive_gap_entropy] Seed=456 R6/10 F1=0.2640 Acc=0.3162 Labeled=700 QueryTime=0.4s GPU=229MB SSL+142
2026-06-13 01:22:20,201 [INFO]   [adaptive_gap_entropy] Seed=456 R7/10 F1=0.3138 Acc=0.3503 Labeled=800 QueryTime=0.4s GPU=229MB SSL+70
2026-06-13 01:22:47,851 [INFO]   [adaptive_gap_entropy] Seed=456 R8/10 F1=0.3324 Acc=0.3797 Labeled=900 QueryTime=0.4s GPU=229MB SSL+240
2026-06-13 01:23:18,325 [INFO]   [adaptive_gap_entropy] Seed=456 R9/10 F1=0.3674 Acc=0.3968 Labeled=1000 QueryTime=0.6s GPU=229MB SSL+208
2026-06-13 01:23:57,329 [INFO]   [adaptive_gap_entropy] Seed=789 R1/10 F1=0.0816 Acc=0.1492 Labeled=200 QueryTime=0.0s GPU=171MB SSL+0
2026-06-13 01:24:08,709 [INFO]   [adaptive_gap_entropy] Seed=789 R2/10 F1=0.1703 Acc=0.2468 Labeled=300 QueryTime=0.1s GPU=208MB SSL+0
2026-06-13 01:24:20,709 [INFO]   [adaptive_gap_entropy] Seed=789 R3/10 F1=0.2297 Acc=0.2641 Labeled=400 QueryTime=0.2s GPU=229MB SSL+0
2026-06-13 01:24:33,282 [INFO]   [adaptive_gap_entropy] Seed=789 R4/10 F1=0.2728 Acc=0.3094 Labeled=500 QueryTime=0.2s GPU=229MB SSL+0
2026-06-13 01:24:46,071 [INFO]   [adaptive_gap_entropy] Seed=789 R5/10 F1=0.2810 Acc=0.3172 Labeled=600 QueryTime=0.3s GPU=229MB SSL+20
2026-06-13 01:25:04,446 [INFO]   [adaptive_gap_entropy] Seed=789 R6/10 F1=0.3247 Acc=0.3550 Labeled=700 QueryTime=0.4s GPU=229MB SSL+75
2026-06-13 01:25:24,551 [INFO]   [adaptive_gap_entropy] Seed=789 R7/10 F1=0.3615 Acc=0.3813 Labeled=800 QueryTime=0.4s GPU=229MB SSL+131
2026-06-13 01:25:51,971 [INFO]   [adaptive_gap_entropy] Seed=789 R8/10 F1=0.3647 Acc=0.3886 Labeled=900 QueryTime=0.5s GPU=229MB SSL+110
2026-06-13 01:26:20,141 [INFO]   [adaptive_gap_entropy] Seed=789 R9/10 F1=0.3877 Acc=0.4133 Labeled=1000 QueryTime=0.5s GPU=229MB SSL+244
2026-06-13 01:26:57,961 [INFO]   [adaptive_gap_entropy] Seed=1024 R1/10 F1=0.0737 Acc=0.1365 Labeled=200 QueryTime=0.0s GPU=171MB SSL+0
2026-06-13 01:27:05,579 [INFO]   [adaptive_gap_entropy] Seed=1024 R2/10 F1=0.1602 Acc=0.2208 Labeled=300 QueryTime=0.1s GPU=208MB SSL+0
2026-06-13 01:27:14,720 [INFO]   [adaptive_gap_entropy] Seed=1024 R3/10 F1=0.2088 Acc=0.2571 Labeled=400 QueryTime=0.1s GPU=229MB SSL+0
2026-06-13 01:27:24,846 [INFO]   [adaptive_gap_entropy] Seed=1024 R4/10 F1=0.2558 Acc=0.3053 Labeled=500 QueryTime=0.2s GPU=229MB SSL+1
2026-06-13 01:27:37,927 [INFO]   [adaptive_gap_entropy] Seed=1024 R5/10 F1=0.2658 Acc=0.3136 Labeled=600 QueryTime=0.3s GPU=229MB SSL+0
2026-06-13 01:27:57,066 [INFO]   [adaptive_gap_entropy] Seed=1024 R6/10 F1=0.3378 Acc=0.3601 Labeled=700 QueryTime=0.3s GPU=229MB SSL+1
2026-06-13 01:28:16,495 [INFO]   [adaptive_gap_entropy] Seed=1024 R7/10 F1=0.3543 Acc=0.3708 Labeled=800 QueryTime=0.5s GPU=229MB SSL+1
2026-06-13 01:28:42,983 [INFO]   [adaptive_gap_entropy] Seed=1024 R8/10 F1=0.3894 Acc=0.4115 Labeled=900 QueryTime=0.5s GPU=229MB SSL+210
2026-06-13 01:29:09,672 [INFO]   [adaptive_gap_entropy] Seed=1024 R9/10 F1=0.3940 Acc=0.4113 Labeled=1000 QueryTime=0.4s GPU=229MB SSL+227
2026-06-13 01:29:36,637 [INFO] 
--- Strategy: class_aware_entropy ---
2026-06-13 01:29:47,528 [INFO]   [class_aware_entropy] Seed=42 R1/10 F1=0.0632 Acc=0.1262 Labeled=200 QueryTime=0.0s GPU=171MB SSL+0
2026-06-13 01:29:59,077 [INFO]   [class_aware_entropy] Seed=42 R2/10 F1=0.2272 Acc=0.2659 Labeled=300 QueryTime=0.1s GPU=208MB SSL+0
2026-06-13 01:30:11,156 [INFO]   [class_aware_entropy] Seed=42 R3/10 F1=0.2326 Acc=0.2814 Labeled=400 QueryTime=0.2s GPU=229MB SSL+0
2026-06-13 01:30:22,764 [INFO]   [class_aware_entropy] Seed=42 R4/10 F1=0.2479 Acc=0.2875 Labeled=500 QueryTime=0.2s GPU=229MB SSL+0
2026-06-13 01:30:36,564 [INFO]   [class_aware_entropy] Seed=42 R5/10 F1=0.2851 Acc=0.3187 Labeled=600 QueryTime=0.3s GPU=229MB SSL+61
2026-06-13 01:30:56,771 [INFO]   [class_aware_entropy] Seed=42 R6/10 F1=0.2957 Acc=0.3382 Labeled=700 QueryTime=0.4s GPU=229MB SSL+124
2026-06-13 01:31:17,287 [INFO]   [class_aware_entropy] Seed=42 R7/10 F1=0.3274 Acc=0.3636 Labeled=800 QueryTime=0.5s GPU=229MB SSL+185
2026-06-13 01:31:42,975 [INFO]   [class_aware_entropy] Seed=42 R8/10 F1=0.3795 Acc=0.3982 Labeled=900 QueryTime=0.5s GPU=229MB SSL+224
2026-06-13 01:32:11,777 [INFO]   [class_aware_entropy] Seed=42 R9/10 F1=0.3844 Acc=0.4112 Labeled=1000 QueryTime=0.5s GPU=229MB SSL+298
2026-06-13 01:32:48,641 [INFO]   [class_aware_entropy] Seed=123 R1/10 F1=0.0955 Acc=0.1644 Labeled=200 QueryTime=0.1s GPU=171MB SSL+0
2026-06-13 01:32:59,474 [INFO]   [class_aware_entropy] Seed=123 R2/10 F1=0.2131 Acc=0.2548 Labeled=300 QueryTime=0.1s GPU=208MB SSL+0
2026-06-13 01:33:12,056 [INFO]   [class_aware_entropy] Seed=123 R3/10 F1=0.2322 Acc=0.2895 Labeled=400 QueryTime=0.2s GPU=229MB SSL+32
2026-06-13 01:33:24,953 [INFO]   [class_aware_entropy] Seed=123 R4/10 F1=0.2282 Acc=0.2669 Labeled=500 QueryTime=0.3s GPU=229MB SSL+45
2026-06-13 01:33:38,317 [INFO]   [class_aware_entropy] Seed=123 R5/10 F1=0.3127 Acc=0.3417 Labeled=600 QueryTime=0.3s GPU=229MB SSL+37
2026-06-13 01:33:57,307 [INFO]   [class_aware_entropy] Seed=123 R6/10 F1=0.3187 Acc=0.3468 Labeled=700 QueryTime=0.2s GPU=229MB SSL+131
2026-06-13 01:34:17,687 [INFO]   [class_aware_entropy] Seed=123 R7/10 F1=0.3571 Acc=0.3785 Labeled=800 QueryTime=0.4s GPU=229MB SSL+95
2026-06-13 01:34:44,481 [INFO]   [class_aware_entropy] Seed=123 R8/10 F1=0.3835 Acc=0.4096 Labeled=900 QueryTime=0.4s GPU=229MB SSL+300
2026-06-13 01:35:12,697 [INFO]   [class_aware_entropy] Seed=123 R9/10 F1=0.4127 Acc=0.4326 Labeled=1000 QueryTime=0.6s GPU=229MB SSL+264
2026-06-13 01:35:40,199 [INFO]   [class_aware_entropy] Seed=456 R1/10 F1=0.0954 Acc=0.1726 Labeled=200 QueryTime=0.1s GPU=171MB SSL+0
2026-06-13 01:35:51,805 [INFO]   [class_aware_entropy] Seed=456 R2/10 F1=0.1426 Acc=0.2095 Labeled=300 QueryTime=0.1s GPU=208MB SSL+51
2026-06-13 01:36:03,763 [INFO]   [class_aware_entropy] Seed=456 R3/10 F1=0.1420 Acc=0.2245 Labeled=400 QueryTime=0.2s GPU=229MB SSL+88
2026-06-13 01:36:16,300 [INFO]   [class_aware_entropy] Seed=456 R4/10 F1=0.1743 Acc=0.2410 Labeled=500 QueryTime=0.3s GPU=229MB SSL+33
2026-06-13 01:36:27,634 [INFO]   [class_aware_entropy] Seed=456 R5/10 F1=0.2344 Acc=0.2911 Labeled=600 QueryTime=0.2s GPU=229MB SSL+30
2026-06-13 01:36:47,220 [INFO]   [class_aware_entropy] Seed=456 R6/10 F1=0.3021 Acc=0.3427 Labeled=700 QueryTime=0.3s GPU=229MB SSL+119
2026-06-13 01:37:06,942 [INFO]   [class_aware_entropy] Seed=456 R7/10 F1=0.3238 Acc=0.3499 Labeled=800 QueryTime=0.4s GPU=229MB SSL+163
2026-06-13 01:37:33,125 [INFO]   [class_aware_entropy] Seed=456 R8/10 F1=0.3407 Acc=0.3721 Labeled=900 QueryTime=0.5s GPU=229MB SSL+262
2026-06-13 01:38:01,723 [INFO]   [class_aware_entropy] Seed=456 R9/10 F1=0.3727 Acc=0.3906 Labeled=1000 QueryTime=0.5s GPU=229MB SSL+176
2026-06-13 01:38:39,252 [INFO]   [class_aware_entropy] Seed=789 R1/10 F1=0.0816 Acc=0.1492 Labeled=200 QueryTime=0.1s GPU=171MB SSL+0
2026-06-13 01:38:49,760 [INFO]   [class_aware_entropy] Seed=789 R2/10 F1=0.1509 Acc=0.2293 Labeled=300 QueryTime=0.1s GPU=208MB SSL+0
2026-06-13 01:39:02,299 [INFO]   [class_aware_entropy] Seed=789 R3/10 F1=0.2063 Acc=0.2632 Labeled=400 QueryTime=0.2s GPU=229MB SSL+0
2026-06-13 01:39:15,215 [INFO]   [class_aware_entropy] Seed=789 R4/10 F1=0.2753 Acc=0.3227 Labeled=500 QueryTime=0.2s GPU=229MB SSL+0
2026-06-13 01:39:27,886 [INFO]   [class_aware_entropy] Seed=789 R5/10 F1=0.2466 Acc=0.2963 Labeled=600 QueryTime=0.3s GPU=229MB SSL+62
2026-06-13 01:39:47,062 [INFO]   [class_aware_entropy] Seed=789 R6/10 F1=0.3017 Acc=0.3330 Labeled=700 QueryTime=0.4s GPU=229MB SSL+151
2026-06-13 01:40:05,945 [INFO]   [class_aware_entropy] Seed=789 R7/10 F1=0.3110 Acc=0.3398 Labeled=800 QueryTime=0.4s GPU=229MB SSL+148
2026-06-13 01:40:34,017 [INFO]   [class_aware_entropy] Seed=789 R8/10 F1=0.3473 Acc=0.3833 Labeled=900 QueryTime=0.5s GPU=229MB SSL+313
2026-06-13 01:41:02,754 [INFO]   [class_aware_entropy] Seed=789 R9/10 F1=0.3658 Acc=0.3959 Labeled=1000 QueryTime=0.6s GPU=229MB SSL+363
2026-06-13 01:41:39,949 [INFO]   [class_aware_entropy] Seed=1024 R1/10 F1=0.0737 Acc=0.1365 Labeled=200 QueryTime=0.1s GPU=171MB SSL+0
2026-06-13 01:41:51,401 [INFO]   [class_aware_entropy] Seed=1024 R2/10 F1=0.1705 Acc=0.2439 Labeled=300 QueryTime=0.1s GPU=208MB SSL+8
2026-06-13 01:42:03,376 [INFO]   [class_aware_entropy] Seed=1024 R3/10 F1=0.2141 Acc=0.2602 Labeled=400 QueryTime=0.2s GPU=229MB SSL+10
2026-06-13 01:42:15,489 [INFO]   [class_aware_entropy] Seed=1024 R4/10 F1=0.2629 Acc=0.2903 Labeled=500 QueryTime=0.1s GPU=229MB SSL+12
2026-06-13 01:42:27,455 [INFO]   [class_aware_entropy] Seed=1024 R5/10 F1=0.2345 Acc=0.2895 Labeled=600 QueryTime=0.3s GPU=229MB SSL+42
2026-06-13 01:42:47,111 [INFO]   [class_aware_entropy] Seed=1024 R6/10 F1=0.3119 Acc=0.3410 Labeled=700 QueryTime=0.4s GPU=229MB SSL+115
2026-06-13 01:43:07,455 [INFO]   [class_aware_entropy] Seed=1024 R7/10 F1=0.3739 Acc=0.3906 Labeled=800 QueryTime=0.5s GPU=229MB SSL+82
2026-06-13 01:43:30,528 [INFO]   [class_aware_entropy] Seed=1024 R8/10 F1=0.3767 Acc=0.4029 Labeled=900 QueryTime=0.3s GPU=229MB SSL+259
2026-06-13 01:43:55,486 [INFO]   [class_aware_entropy] Seed=1024 R9/10 F1=0.4081 Acc=0.4223 Labeled=1000 QueryTime=0.4s GPU=229MB SSL+225
2026-06-13 01:44:23,049 [INFO] 
--- Strategy: gap_aware_entropy ---
2026-06-13 01:44:34,012 [INFO]   [gap_aware_entropy] Seed=42 R1/10 F1=0.0632 Acc=0.1262 Labeled=200 QueryTime=0.1s GPU=171MB SSL+0
2026-06-13 01:44:45,806 [INFO]   [gap_aware_entropy] Seed=42 R2/10 F1=0.1787 Acc=0.2241 Labeled=300 QueryTime=0.1s GPU=208MB SSL+0
2026-06-13 01:44:57,021 [INFO]   [gap_aware_entropy] Seed=42 R3/10 F1=0.2231 Acc=0.2664 Labeled=400 QueryTime=0.2s GPU=229MB SSL+0
2026-06-13 01:45:09,788 [INFO]   [gap_aware_entropy] Seed=42 R4/10 F1=0.2055 Acc=0.2624 Labeled=500 QueryTime=0.3s GPU=229MB SSL+31
2026-06-13 01:45:22,871 [INFO]   [gap_aware_entropy] Seed=42 R5/10 F1=0.2553 Acc=0.2963 Labeled=600 QueryTime=0.3s GPU=229MB SSL+40
2026-06-13 01:45:41,832 [INFO]   [gap_aware_entropy] Seed=42 R6/10 F1=0.2779 Acc=0.3207 Labeled=700 QueryTime=0.3s GPU=229MB SSL+166
2026-06-13 01:46:00,776 [INFO]   [gap_aware_entropy] Seed=42 R7/10 F1=0.2823 Acc=0.3258 Labeled=800 QueryTime=0.4s GPU=229MB SSL+147
2026-06-13 01:46:27,938 [INFO]   [gap_aware_entropy] Seed=42 R8/10 F1=0.3372 Acc=0.3755 Labeled=900 QueryTime=0.5s GPU=229MB SSL+265
2026-06-13 01:46:55,414 [INFO]   [gap_aware_entropy] Seed=42 R9/10 F1=0.3838 Acc=0.4079 Labeled=1000 QueryTime=0.3s GPU=229MB SSL+246
2026-06-13 01:47:34,903 [INFO]   [gap_aware_entropy] Seed=123 R1/10 F1=0.0955 Acc=0.1644 Labeled=200 QueryTime=0.1s GPU=171MB SSL+0
2026-06-13 01:47:46,578 [INFO]   [gap_aware_entropy] Seed=123 R2/10 F1=0.1540 Acc=0.2240 Labeled=300 QueryTime=0.1s GPU=208MB SSL+0
2026-06-13 01:47:58,015 [INFO]   [gap_aware_entropy] Seed=123 R3/10 F1=0.2181 Acc=0.2794 Labeled=400 QueryTime=0.1s GPU=229MB SSL+0
2026-06-13 01:48:10,314 [INFO]   [gap_aware_entropy] Seed=123 R4/10 F1=0.1993 Acc=0.2615 Labeled=500 QueryTime=0.2s GPU=229MB SSL+44
2026-06-13 01:48:22,898 [INFO]   [gap_aware_entropy] Seed=123 R5/10 F1=0.2692 Acc=0.3164 Labeled=600 QueryTime=0.3s GPU=229MB SSL+44
2026-06-13 01:48:41,845 [INFO]   [gap_aware_entropy] Seed=123 R6/10 F1=0.3196 Acc=0.3611 Labeled=700 QueryTime=0.4s GPU=229MB SSL+84
2026-06-13 01:49:01,829 [INFO]   [gap_aware_entropy] Seed=123 R7/10 F1=0.3294 Acc=0.3609 Labeled=800 QueryTime=0.4s GPU=229MB SSL+116
2026-06-13 01:49:29,818 [INFO]   [gap_aware_entropy] Seed=123 R8/10 F1=0.3483 Acc=0.3824 Labeled=900 QueryTime=0.5s GPU=229MB SSL+261
2026-06-13 01:49:57,746 [INFO]   [gap_aware_entropy] Seed=123 R9/10 F1=0.3702 Acc=0.4024 Labeled=1000 QueryTime=0.6s GPU=229MB SSL+275
2026-06-13 01:50:38,000 [INFO]   [gap_aware_entropy] Seed=456 R1/10 F1=0.0954 Acc=0.1726 Labeled=200 QueryTime=0.1s GPU=171MB SSL+0
2026-06-13 01:50:50,329 [INFO]   [gap_aware_entropy] Seed=456 R2/10 F1=0.1532 Acc=0.2169 Labeled=300 QueryTime=0.1s GPU=208MB SSL+0
2026-06-13 01:51:02,962 [INFO]   [gap_aware_entropy] Seed=456 R3/10 F1=0.2039 Acc=0.2594 Labeled=400 QueryTime=0.2s GPU=229MB SSL+0
2026-06-13 01:51:16,080 [INFO]   [gap_aware_entropy] Seed=456 R4/10 F1=0.2228 Acc=0.2708 Labeled=500 QueryTime=0.3s GPU=229MB SSL+27
2026-06-13 01:51:28,274 [INFO]   [gap_aware_entropy] Seed=456 R5/10 F1=0.2661 Acc=0.2995 Labeled=600 QueryTime=0.3s GPU=229MB SSL+24
2026-06-13 01:51:48,748 [INFO]   [gap_aware_entropy] Seed=456 R6/10 F1=0.3031 Acc=0.3320 Labeled=700 QueryTime=0.3s GPU=229MB SSL+65
2026-06-13 01:52:09,040 [INFO]   [gap_aware_entropy] Seed=456 R7/10 F1=0.3488 Acc=0.3654 Labeled=800 QueryTime=0.5s GPU=229MB SSL+120
2026-06-13 01:52:33,723 [INFO]   [gap_aware_entropy] Seed=456 R8/10 F1=0.3784 Acc=0.4006 Labeled=900 QueryTime=0.3s GPU=229MB SSL+236
2026-06-13 01:52:54,207 [INFO]   [gap_aware_entropy] Seed=456 R9/10 F1=0.3775 Acc=0.3980 Labeled=1000 QueryTime=0.4s GPU=229MB SSL+272
2026-06-13 01:53:30,541 [INFO]   [gap_aware_entropy] Seed=789 R1/10 F1=0.0816 Acc=0.1492 Labeled=200 QueryTime=0.1s GPU=171MB SSL+0
2026-06-13 01:53:40,889 [INFO]   [gap_aware_entropy] Seed=789 R2/10 F1=0.1717 Acc=0.2478 Labeled=300 QueryTime=0.1s GPU=208MB SSL+0
2026-06-13 01:53:52,789 [INFO]   [gap_aware_entropy] Seed=789 R3/10 F1=0.2188 Acc=0.2753 Labeled=400 QueryTime=0.2s GPU=229MB SSL+21
2026-06-13 01:54:05,152 [INFO]   [gap_aware_entropy] Seed=789 R4/10 F1=0.2594 Acc=0.3042 Labeled=500 QueryTime=0.2s GPU=229MB SSL+36
2026-06-13 01:54:17,729 [INFO]   [gap_aware_entropy] Seed=789 R5/10 F1=0.2835 Acc=0.3131 Labeled=600 QueryTime=0.3s GPU=229MB SSL+52
2026-06-13 01:54:36,272 [INFO]   [gap_aware_entropy] Seed=789 R6/10 F1=0.2809 Acc=0.3238 Labeled=700 QueryTime=0.3s GPU=229MB SSL+119
2026-06-13 01:54:55,264 [INFO]   [gap_aware_entropy] Seed=789 R7/10 F1=0.3480 Acc=0.3727 Labeled=800 QueryTime=0.4s GPU=229MB SSL+69
2026-06-13 01:55:21,961 [INFO]   [gap_aware_entropy] Seed=789 R8/10 F1=0.3075 Acc=0.3437 Labeled=900 QueryTime=0.4s GPU=229MB SSL+269
2026-06-13 01:55:49,866 [INFO]   [gap_aware_entropy] Seed=789 R9/10 F1=0.3728 Acc=0.3990 Labeled=1000 QueryTime=0.5s GPU=229MB SSL+256
2026-06-13 01:56:27,056 [INFO]   [gap_aware_entropy] Seed=1024 R1/10 F1=0.0737 Acc=0.1365 Labeled=200 QueryTime=0.1s GPU=171MB SSL+0
2026-06-13 01:56:38,575 [INFO]   [gap_aware_entropy] Seed=1024 R2/10 F1=0.1591 Acc=0.2216 Labeled=300 QueryTime=0.1s GPU=208MB SSL+0
2026-06-13 01:56:50,877 [INFO]   [gap_aware_entropy] Seed=1024 R3/10 F1=0.1796 Acc=0.2419 Labeled=400 QueryTime=0.2s GPU=229MB SSL+35
2026-06-13 01:57:03,391 [INFO]   [gap_aware_entropy] Seed=1024 R4/10 F1=0.2464 Acc=0.2989 Labeled=500 QueryTime=0.2s GPU=229MB SSL+24
2026-06-13 01:57:15,322 [INFO]   [gap_aware_entropy] Seed=1024 R5/10 F1=0.2811 Acc=0.3216 Labeled=600 QueryTime=0.3s GPU=229MB SSL+62
2026-06-13 01:57:35,252 [INFO]   [gap_aware_entropy] Seed=1024 R6/10 F1=0.3385 Acc=0.3621 Labeled=700 QueryTime=0.3s GPU=229MB SSL+50
2026-06-13 01:57:55,388 [INFO]   [gap_aware_entropy] Seed=1024 R7/10 F1=0.3850 Acc=0.3885 Labeled=800 QueryTime=0.4s GPU=229MB SSL+143
2026-06-13 01:58:22,523 [INFO]   [gap_aware_entropy] Seed=1024 R8/10 F1=0.3910 Acc=0.4144 Labeled=900 QueryTime=0.3s GPU=229MB SSL+157
2026-06-13 01:58:50,540 [INFO]   [gap_aware_entropy] Seed=1024 R9/10 F1=0.4012 Acc=0.4171 Labeled=1000 QueryTime=0.5s GPU=229MB SSL+141
2026-06-13 01:59:17,428 [INFO] 
--- Full Supervised Baseline ---
2026-06-13 02:18:39,427 [INFO] Full Supervised: Acc=0.7992, F1=0.7969 (epochs=50, time=1157.6s)
2026-06-13 02:18:41,664 [INFO] 
=== Results saved to C:\Users\28414\Desktop\机器学习—图像分类-期末汇报\output\innovative_al_ssl\rho5 ===
2026-06-13 02:18:41,665 [INFO] 
Summary:
2026-06-13 02:18:41,665 [INFO] Strategy                 Final F1     ±std   p<0.05 vs Random
2026-06-13 02:18:41,666 [INFO] ------------------------------------------------------------
2026-06-13 02:18:41,666 [INFO] adaptive_gap_entropy       0.4028   0.0174                   
2026-06-13 02:18:41,666 [INFO] class_aware_entropy        0.3936   0.0209                   
2026-06-13 02:18:41,667 [INFO] gap_aware_entropy          0.4119   0.0166                   
2026-06-13 02:18:41,667 [INFO] Full Supervised            0.7969
2026-06-13 02:18:41,667 [INFO] 
Statistical Tests (selected):
