2026-06-14 01:18:44,461 [INFO] === v8 Controlled-Fast AL+SSL Analysis: cifar10 ===
2026-06-14 01:18:44,461 [INFO] Budget: ultra_low, Model: resnet18, Scheduler: True
2026-06-14 01:18:44,461 [INFO] Strategies: ['class_aware_entropy', 'gap_aware_entropy', 'adaptive_gap_entropy']
2026-06-14 01:18:44,461 [INFO] Seeds: [42, 123, 456]
2026-06-14 01:18:44,461 [INFO] Rounds: 10, Initial: 100, Query: 100
2026-06-14 01:18:44,461 [INFO] SSL: False, Method: flexmatch, t-SNE: False, Resume: False
2026-06-14 01:18:44,461 [INFO] Imbalance mode: max/min class count ratio = 50
2026-06-14 01:18:44,484 [INFO] Device: cuda
2026-06-14 01:18:53,185 [INFO] Imbalance filter (Exponential): 50000 -> 13996 training samples
2026-06-14 01:18:53,185 [INFO] 
--- Strategy: class_aware_entropy ---
2026-06-14 01:18:55,783 [INFO]   [class_aware_entropy] Seed=42 R1/10 F1=0.1169 Acc=0.1750 Labeled=200 QueryTime=0.0s GPU=236MB
2026-06-14 01:18:57,614 [INFO]   [class_aware_entropy] Seed=42 R2/10 F1=0.0951 Acc=0.1572 Labeled=300 QueryTime=0.0s GPU=238MB
2026-06-14 01:18:59,344 [INFO]   [class_aware_entropy] Seed=42 R3/10 F1=0.1863 Acc=0.2403 Labeled=400 QueryTime=0.0s GPU=253MB
2026-06-14 01:19:01,157 [INFO]   [class_aware_entropy] Seed=42 R4/10 F1=0.2078 Acc=0.2835 Labeled=500 QueryTime=0.1s GPU=253MB
2026-06-14 01:19:03,233 [INFO]   [class_aware_entropy] Seed=42 R5/10 F1=0.2181 Acc=0.2995 Labeled=600 QueryTime=0.1s GPU=253MB
2026-06-14 01:19:05,461 [INFO]   [class_aware_entropy] Seed=42 R6/10 F1=0.3125 Acc=0.3576 Labeled=700 QueryTime=0.1s GPU=253MB
2026-06-14 01:19:07,641 [INFO]   [class_aware_entropy] Seed=42 R7/10 F1=0.3236 Acc=0.3886 Labeled=800 QueryTime=0.1s GPU=253MB
2026-06-14 01:19:10,093 [INFO]   [class_aware_entropy] Seed=42 R8/10 F1=0.4103 Acc=0.4360 Labeled=900 QueryTime=0.1s GPU=253MB
2026-06-14 01:19:12,683 [INFO]   [class_aware_entropy] Seed=42 R9/10 F1=0.4475 Acc=0.4814 Labeled=1000 QueryTime=0.1s GPU=253MB
2026-06-14 01:19:16,853 [INFO]   [class_aware_entropy] Seed=123 R1/10 F1=0.1412 Acc=0.2070 Labeled=200 QueryTime=0.0s GPU=238MB
2026-06-14 01:19:18,844 [INFO]   [class_aware_entropy] Seed=123 R2/10 F1=0.1559 Acc=0.2238 Labeled=300 QueryTime=0.0s GPU=241MB
2026-06-14 01:19:20,626 [INFO]   [class_aware_entropy] Seed=123 R3/10 F1=0.1909 Acc=0.2585 Labeled=400 QueryTime=0.1s GPU=251MB
2026-06-14 01:19:22,490 [INFO]   [class_aware_entropy] Seed=123 R4/10 F1=0.1901 Acc=0.2651 Labeled=500 QueryTime=0.1s GPU=251MB
2026-06-14 01:19:24,543 [INFO]   [class_aware_entropy] Seed=123 R5/10 F1=0.1964 Acc=0.2661 Labeled=600 QueryTime=0.1s GPU=251MB
2026-06-14 01:19:27,067 [INFO]   [class_aware_entropy] Seed=123 R6/10 F1=0.2649 Acc=0.3399 Labeled=700 QueryTime=0.1s GPU=251MB
2026-06-14 01:19:29,417 [INFO]   [class_aware_entropy] Seed=123 R7/10 F1=0.3527 Acc=0.4026 Labeled=800 QueryTime=0.1s GPU=251MB
2026-06-14 01:19:31,952 [INFO]   [class_aware_entropy] Seed=123 R8/10 F1=0.3990 Acc=0.4393 Labeled=900 QueryTime=0.1s GPU=251MB
2026-06-14 01:19:34,647 [INFO]   [class_aware_entropy] Seed=123 R9/10 F1=0.4428 Acc=0.4826 Labeled=1000 QueryTime=0.1s GPU=251MB
2026-06-14 01:19:39,162 [INFO]   [class_aware_entropy] Seed=456 R1/10 F1=0.1751 Acc=0.2250 Labeled=200 QueryTime=0.0s GPU=238MB
2026-06-14 01:19:41,218 [INFO]   [class_aware_entropy] Seed=456 R2/10 F1=0.1948 Acc=0.2425 Labeled=300 QueryTime=0.0s GPU=241MB
2026-06-14 01:19:43,070 [INFO]   [class_aware_entropy] Seed=456 R3/10 F1=0.1924 Acc=0.2693 Labeled=400 QueryTime=0.0s GPU=251MB
2026-06-14 01:19:44,888 [INFO]   [class_aware_entropy] Seed=456 R4/10 F1=0.2270 Acc=0.2849 Labeled=500 QueryTime=0.1s GPU=251MB
2026-06-14 01:19:46,872 [INFO]   [class_aware_entropy] Seed=456 R5/10 F1=0.2744 Acc=0.3248 Labeled=600 QueryTime=0.1s GPU=251MB
2026-06-14 01:19:49,229 [INFO]   [class_aware_entropy] Seed=456 R6/10 F1=0.3446 Acc=0.3854 Labeled=700 QueryTime=0.1s GPU=251MB
2026-06-14 01:19:51,563 [INFO]   [class_aware_entropy] Seed=456 R7/10 F1=0.3336 Acc=0.3730 Labeled=800 QueryTime=0.1s GPU=251MB
2026-06-14 01:19:54,512 [INFO]   [class_aware_entropy] Seed=456 R8/10 F1=0.4292 Acc=0.4674 Labeled=900 QueryTime=0.1s GPU=251MB
2026-06-14 01:19:57,261 [INFO]   [class_aware_entropy] Seed=456 R9/10 F1=0.4121 Acc=0.4532 Labeled=1000 QueryTime=0.1s GPU=251MB
2026-06-14 01:19:59,454 [INFO] 
--- Strategy: gap_aware_entropy ---
2026-06-14 01:20:01,588 [INFO]   [gap_aware_entropy] Seed=42 R1/10 F1=0.1169 Acc=0.1750 Labeled=200 QueryTime=0.0s GPU=238MB
2026-06-14 01:20:03,653 [INFO]   [gap_aware_entropy] Seed=42 R2/10 F1=0.1257 Acc=0.1964 Labeled=300 QueryTime=0.0s GPU=241MB
2026-06-14 01:20:05,758 [INFO]   [gap_aware_entropy] Seed=42 R3/10 F1=0.1885 Acc=0.2291 Labeled=400 QueryTime=0.0s GPU=251MB
2026-06-14 01:20:07,685 [INFO]   [gap_aware_entropy] Seed=42 R4/10 F1=0.1858 Acc=0.2520 Labeled=500 QueryTime=0.1s GPU=251MB
2026-06-14 01:20:09,765 [INFO]   [gap_aware_entropy] Seed=42 R5/10 F1=0.2440 Acc=0.3037 Labeled=600 QueryTime=0.1s GPU=251MB
2026-06-14 01:20:12,308 [INFO]   [gap_aware_entropy] Seed=42 R6/10 F1=0.2854 Acc=0.3343 Labeled=700 QueryTime=0.1s GPU=251MB
2026-06-14 01:20:14,753 [INFO]   [gap_aware_entropy] Seed=42 R7/10 F1=0.3834 Acc=0.4190 Labeled=800 QueryTime=0.1s GPU=251MB
2026-06-14 01:20:17,478 [INFO]   [gap_aware_entropy] Seed=42 R8/10 F1=0.3939 Acc=0.4419 Labeled=900 QueryTime=0.1s GPU=251MB
2026-06-14 01:20:20,022 [INFO]   [gap_aware_entropy] Seed=42 R9/10 F1=0.4798 Acc=0.5028 Labeled=1000 QueryTime=0.1s GPU=251MB
2026-06-14 01:20:24,420 [INFO]   [gap_aware_entropy] Seed=123 R1/10 F1=0.1412 Acc=0.2070 Labeled=200 QueryTime=0.0s GPU=238MB
2026-06-14 01:20:26,405 [INFO]   [gap_aware_entropy] Seed=123 R2/10 F1=0.1730 Acc=0.2432 Labeled=300 QueryTime=0.0s GPU=241MB
2026-06-14 01:20:28,530 [INFO]   [gap_aware_entropy] Seed=123 R3/10 F1=0.1902 Acc=0.2515 Labeled=400 QueryTime=0.1s GPU=251MB
2026-06-14 01:20:30,440 [INFO]   [gap_aware_entropy] Seed=123 R4/10 F1=0.2494 Acc=0.3171 Labeled=500 QueryTime=0.1s GPU=251MB
2026-06-14 01:20:32,343 [INFO]   [gap_aware_entropy] Seed=123 R5/10 F1=0.2118 Acc=0.2844 Labeled=600 QueryTime=0.1s GPU=251MB
2026-06-14 01:20:34,744 [INFO]   [gap_aware_entropy] Seed=123 R6/10 F1=0.2631 Acc=0.3335 Labeled=700 QueryTime=0.1s GPU=251MB
2026-06-14 01:20:37,041 [INFO]   [gap_aware_entropy] Seed=123 R7/10 F1=0.2826 Acc=0.3404 Labeled=800 QueryTime=0.1s GPU=251MB
2026-06-14 01:20:39,644 [INFO]   [gap_aware_entropy] Seed=123 R8/10 F1=0.3734 Acc=0.4145 Labeled=900 QueryTime=0.1s GPU=251MB
2026-06-14 01:20:42,380 [INFO]   [gap_aware_entropy] Seed=123 R9/10 F1=0.3640 Acc=0.4262 Labeled=1000 QueryTime=0.1s GPU=251MB
2026-06-14 01:20:46,647 [INFO]   [gap_aware_entropy] Seed=456 R1/10 F1=0.1751 Acc=0.2250 Labeled=200 QueryTime=0.0s GPU=238MB
2026-06-14 01:20:48,613 [INFO]   [gap_aware_entropy] Seed=456 R2/10 F1=0.1667 Acc=0.2298 Labeled=300 QueryTime=0.0s GPU=241MB
2026-06-14 01:20:50,823 [INFO]   [gap_aware_entropy] Seed=456 R3/10 F1=0.2069 Acc=0.2754 Labeled=400 QueryTime=0.0s GPU=251MB
2026-06-14 01:20:52,678 [INFO]   [gap_aware_entropy] Seed=456 R4/10 F1=0.2227 Acc=0.2799 Labeled=500 QueryTime=0.1s GPU=251MB
2026-06-14 01:20:54,595 [INFO]   [gap_aware_entropy] Seed=456 R5/10 F1=0.1992 Acc=0.2870 Labeled=600 QueryTime=0.1s GPU=251MB
2026-06-14 01:20:56,952 [INFO]   [gap_aware_entropy] Seed=456 R6/10 F1=0.3143 Acc=0.3695 Labeled=700 QueryTime=0.1s GPU=251MB
2026-06-14 01:20:59,417 [INFO]   [gap_aware_entropy] Seed=456 R7/10 F1=0.3729 Acc=0.4277 Labeled=800 QueryTime=0.1s GPU=251MB
2026-06-14 01:21:02,090 [INFO]   [gap_aware_entropy] Seed=456 R8/10 F1=0.4111 Acc=0.4570 Labeled=900 QueryTime=0.1s GPU=251MB
2026-06-14 01:21:04,727 [INFO]   [gap_aware_entropy] Seed=456 R9/10 F1=0.4339 Acc=0.4743 Labeled=1000 QueryTime=0.1s GPU=251MB
2026-06-14 01:21:06,794 [INFO] 
--- Strategy: adaptive_gap_entropy ---
2026-06-14 01:21:09,079 [INFO]   [adaptive_gap_entropy] Seed=42 R1/10 F1=0.1169 Acc=0.1750 Labeled=200 QueryTime=0.0s GPU=238MB
2026-06-14 01:21:11,251 [INFO]   [adaptive_gap_entropy] Seed=42 R2/10 F1=0.1165 Acc=0.1878 Labeled=300 QueryTime=0.0s GPU=241MB
2026-06-14 01:21:13,176 [INFO]   [adaptive_gap_entropy] Seed=42 R3/10 F1=0.2035 Acc=0.2573 Labeled=400 QueryTime=0.0s GPU=251MB
2026-06-14 01:21:15,111 [INFO]   [adaptive_gap_entropy] Seed=42 R4/10 F1=0.1826 Acc=0.2318 Labeled=500 QueryTime=0.1s GPU=251MB
2026-06-14 01:21:17,239 [INFO]   [adaptive_gap_entropy] Seed=42 R5/10 F1=0.2043 Acc=0.2554 Labeled=600 QueryTime=0.1s GPU=251MB
2026-06-14 01:21:19,322 [INFO]   [adaptive_gap_entropy] Seed=42 R6/10 F1=0.2799 Acc=0.3444 Labeled=700 QueryTime=0.1s GPU=251MB
2026-06-14 01:21:21,551 [INFO]   [adaptive_gap_entropy] Seed=42 R7/10 F1=0.3008 Acc=0.3534 Labeled=800 QueryTime=0.1s GPU=251MB
2026-06-14 01:21:24,046 [INFO]   [adaptive_gap_entropy] Seed=42 R8/10 F1=0.3599 Acc=0.4193 Labeled=900 QueryTime=0.1s GPU=251MB
2026-06-14 01:21:26,945 [INFO]   [adaptive_gap_entropy] Seed=42 R9/10 F1=0.3986 Acc=0.4538 Labeled=1000 QueryTime=0.1s GPU=251MB
2026-06-14 01:21:31,199 [INFO]   [adaptive_gap_entropy] Seed=123 R1/10 F1=0.1412 Acc=0.2070 Labeled=200 QueryTime=0.0s GPU=238MB
2026-06-14 01:21:33,292 [INFO]   [adaptive_gap_entropy] Seed=123 R2/10 F1=0.1778 Acc=0.2526 Labeled=300 QueryTime=0.0s GPU=241MB
2026-06-14 01:21:35,414 [INFO]   [adaptive_gap_entropy] Seed=123 R3/10 F1=0.1688 Acc=0.2445 Labeled=400 QueryTime=0.0s GPU=251MB
2026-06-14 01:21:37,610 [INFO]   [adaptive_gap_entropy] Seed=123 R4/10 F1=0.2722 Acc=0.3402 Labeled=500 QueryTime=0.1s GPU=251MB
2026-06-14 01:21:39,765 [INFO]   [adaptive_gap_entropy] Seed=123 R5/10 F1=0.2440 Acc=0.3191 Labeled=600 QueryTime=0.1s GPU=251MB
2026-06-14 01:21:41,946 [INFO]   [adaptive_gap_entropy] Seed=123 R6/10 F1=0.3125 Acc=0.3793 Labeled=700 QueryTime=0.1s GPU=251MB
2026-06-14 01:21:44,308 [INFO]   [adaptive_gap_entropy] Seed=123 R7/10 F1=0.3394 Acc=0.3935 Labeled=800 QueryTime=0.1s GPU=251MB
2026-06-14 01:21:47,035 [INFO]   [adaptive_gap_entropy] Seed=123 R8/10 F1=0.3818 Acc=0.4291 Labeled=900 QueryTime=0.1s GPU=251MB
2026-06-14 01:21:49,659 [INFO]   [adaptive_gap_entropy] Seed=123 R9/10 F1=0.4177 Acc=0.4544 Labeled=1000 QueryTime=0.1s GPU=251MB
2026-06-14 01:21:53,969 [INFO]   [adaptive_gap_entropy] Seed=456 R1/10 F1=0.1751 Acc=0.2250 Labeled=200 QueryTime=0.0s GPU=238MB
2026-06-14 01:21:56,086 [INFO]   [adaptive_gap_entropy] Seed=456 R2/10 F1=0.1538 Acc=0.2276 Labeled=300 QueryTime=0.0s GPU=241MB
2026-06-14 01:21:57,990 [INFO]   [adaptive_gap_entropy] Seed=456 R3/10 F1=0.2521 Acc=0.3106 Labeled=400 QueryTime=0.0s GPU=251MB
2026-06-14 01:22:00,123 [INFO]   [adaptive_gap_entropy] Seed=456 R4/10 F1=0.2368 Acc=0.2995 Labeled=500 QueryTime=0.1s GPU=251MB
2026-06-14 01:22:02,260 [INFO]   [adaptive_gap_entropy] Seed=456 R5/10 F1=0.2541 Acc=0.3008 Labeled=600 QueryTime=0.1s GPU=251MB
2026-06-14 01:22:04,503 [INFO]   [adaptive_gap_entropy] Seed=456 R6/10 F1=0.3769 Acc=0.4142 Labeled=700 QueryTime=0.1s GPU=251MB
2026-06-14 01:22:06,929 [INFO]   [adaptive_gap_entropy] Seed=456 R7/10 F1=0.3983 Acc=0.4391 Labeled=800 QueryTime=0.1s GPU=251MB
2026-06-14 01:22:09,766 [INFO]   [adaptive_gap_entropy] Seed=456 R8/10 F1=0.4190 Acc=0.4550 Labeled=900 QueryTime=0.1s GPU=251MB
2026-06-14 01:22:12,584 [INFO]   [adaptive_gap_entropy] Seed=456 R9/10 F1=0.4677 Acc=0.4992 Labeled=1000 QueryTime=0.1s GPU=251MB
2026-06-14 01:22:14,894 [INFO] 
--- Full Supervised Baseline ---
2026-06-14 01:23:08,064 [INFO] Full Supervised: Acc=0.6793, F1=0.6676 (epochs=50, time=51.7s)
2026-06-14 01:23:08,708 [INFO] 
=== Results saved to C:\Users\28414\Desktop\机器学习—图像分类-期末汇报\output\resnet18\rho50 ===
2026-06-14 01:23:08,708 [INFO] 
Summary:
2026-06-14 01:23:08,708 [INFO] Strategy                 Final F1     ±std   p<0.05 vs Random
2026-06-14 01:23:08,708 [INFO] ------------------------------------------------------------
2026-06-14 01:23:08,708 [INFO] adaptive_gap_entropy       0.4807   0.0361                   
2026-06-14 01:23:08,708 [INFO] class_aware_entropy        0.4439   0.0152                   
2026-06-14 01:23:08,708 [INFO] gap_aware_entropy          0.4562   0.0146                   
2026-06-14 01:23:08,708 [INFO] Full Supervised            0.6676
2026-06-14 01:23:08,708 [INFO] 
Statistical Tests (selected):
2026-06-14 01:23:08,708 [INFO]   class_aware_entropy vs gap_aware_entropy: diff=-0.0123, p=0.0015**, d=-0.829 (large)
